[0m13:08:02.517192 [debug] [MainThread]: Sending event: {'category': 'dbt', 'action': 'invocation', 'label': 'start', 'context': [<snowplow_tracker.self_describing_json.SelfDescribingJson object at 0x0000017F24D2F990>, <snowplow_tracker.self_describing_json.SelfDescribingJson object at 0x0000017F25208F10>, <snowplow_tracker.self_describing_json.SelfDescribingJson object at 0x0000017F2531A550>]}


============================== 13:08:02.530772 | 2ccede77-7058-4d0f-88c6-ab37dd6e12e9 ==============================
[0m13:08:02.530772 [info ] [MainThread]: Running with dbt=1.11.11
[0m13:08:02.530772 [debug] [MainThread]: running dbt with arguments {'static_parser': 'True', 'no_print': 'None', 'version_check': 'True', 'target_path': 'None', 'warn_error_options': 'WarnErrorOptionsV2(error=[], warn=[], silence=[])', 'printer_width': '80', 'write_json': 'True', 'introspect': 'True', 'log_cache_events': 'False', 'empty': 'None', 'cache_selected_only': 'False', 'log_format': 'default', 'debug': 'False', 'fail_fast': 'False', 'profiles_dir': 'C:\\Users\\user\\.dbt', 'send_anonymous_usage_stats': 'True', 'quiet': 'False', 'warn_error': 'None', 'partial_parse': 'True', 'use_colors': 'True', 'indirect_selection': 'eager', 'invocation_command': 'dbt init real_estate_dw', 'use_experimental_parser': 'False', 'log_path': 'logs'}
[0m13:08:02.548382 [info ] [MainThread]: Creating dbt configuration folder at C:\Users\user\.dbt
[0m13:08:02.550217 [debug] [MainThread]: Starter project path: C:\Users\user\AppData\Local\Python\pythoncore-3.11-64\Lib\site-packages\dbt\include\starter_project
[0m13:08:02.620471 [info ] [MainThread]: 
Your new dbt project "real_estate_dw" was created!

For more information on how to configure the profiles.yml file,
please consult the dbt documentation here:

  https://docs.getdbt.com/docs/configure-your-profile

One more thing:

Need help? Don't hesitate to reach out to us via GitHub issues or on Slack:

  https://community.getdbt.com/

Happy modeling!

[0m13:08:02.620471 [info ] [MainThread]: Setting up your profile.
[0m13:09:15.707891 [debug] [MainThread]: Snowflake adapter: Setting snowflake.connector to ERROR (file logging only)
[0m13:09:15.707891 [debug] [MainThread]: Snowflake adapter: Setting botocore to ERROR (file logging only)
[0m13:09:15.707891 [debug] [MainThread]: Snowflake adapter: Setting boto3 to ERROR (file logging only)
[0m14:19:59.515754 [info ] [MainThread]: Profile real_estate_dw written to C:\Users\user\.dbt\profiles.yml using target's profile_template.yml and your supplied values. Run 'dbt debug' to validate the connection.
[0m14:19:59.518020 [debug] [MainThread]: Command `-c init` succeeded at 14:19:59.518020 after 4317.07 seconds
[0m14:19:59.518020 [debug] [MainThread]: Sending event: {'category': 'dbt', 'action': 'invocation', 'label': 'end', 'context': [<snowplow_tracker.self_describing_json.SelfDescribingJson object at 0x0000017F2650EF10>, <snowplow_tracker.self_describing_json.SelfDescribingJson object at 0x0000017F26567990>, <snowplow_tracker.self_describing_json.SelfDescribingJson object at 0x0000017F1E6A2810>]}
[0m14:19:59.518869 [debug] [MainThread]: Flushing usage events
[0m14:20:00.327491 [debug] [MainThread]: An error was encountered while trying to flush usage events
