[2026-06-30T08:05:47.335+0000] {processor.py:161} INFO - Started process (PID=21744) to work on /home/airflow/.local/lib/python3.12/site-packages/airflow/example_dags/example_kubernetes_executor.py
[2026-06-30T08:05:47.338+0000] {processor.py:830} INFO - Processing file /home/airflow/.local/lib/python3.12/site-packages/airflow/example_dags/example_kubernetes_executor.py for tasks to queue
[2026-06-30T08:05:47.340+0000] {logging_mixin.py:188} INFO - [2026-06-30T08:05:47.340+0000] {dagbag.py:545} INFO - Filling up the DagBag from /home/airflow/.local/lib/python3.12/site-packages/airflow/example_dags/example_kubernetes_executor.py
[2026-06-30T08:05:47.360+0000] {processor.py:840} INFO - DAG(s) 'example_kubernetes_executor' retrieved from /home/airflow/.local/lib/python3.12/site-packages/airflow/example_dags/example_kubernetes_executor.py
[2026-06-30T08:05:47.413+0000] {logging_mixin.py:188} INFO - [2026-06-30T08:05:47.413+0000] {dag.py:3096} INFO - Sync 1 DAGs
[2026-06-30T08:05:47.428+0000] {logging_mixin.py:188} INFO - [2026-06-30T08:05:47.428+0000] {dag.py:3954} INFO - Setting next_dagrun for example_kubernetes_executor to None, run_after=None
[2026-06-30T08:05:47.454+0000] {processor.py:183} INFO - Processing /home/airflow/.local/lib/python3.12/site-packages/airflow/example_dags/example_kubernetes_executor.py took 0.128 seconds
[2026-06-30T08:18:54.179+0000] {processor.py:161} INFO - Started process (PID=21796) to work on /home/airflow/.local/lib/python3.12/site-packages/airflow/example_dags/example_kubernetes_executor.py
[2026-06-30T08:18:54.182+0000] {processor.py:830} INFO - Processing file /home/airflow/.local/lib/python3.12/site-packages/airflow/example_dags/example_kubernetes_executor.py for tasks to queue
[2026-06-30T08:18:54.184+0000] {logging_mixin.py:188} INFO - [2026-06-30T08:18:54.184+0000] {dagbag.py:545} INFO - Filling up the DagBag from /home/airflow/.local/lib/python3.12/site-packages/airflow/example_dags/example_kubernetes_executor.py
[2026-06-30T08:18:54.203+0000] {processor.py:840} INFO - DAG(s) 'example_kubernetes_executor' retrieved from /home/airflow/.local/lib/python3.12/site-packages/airflow/example_dags/example_kubernetes_executor.py
[2026-06-30T08:18:54.243+0000] {logging_mixin.py:188} INFO - [2026-06-30T08:18:54.243+0000] {dag.py:3096} INFO - Sync 1 DAGs
[2026-06-30T08:18:54.255+0000] {logging_mixin.py:188} INFO - [2026-06-30T08:18:54.255+0000] {dag.py:3954} INFO - Setting next_dagrun for example_kubernetes_executor to None, run_after=None
[2026-06-30T08:18:54.272+0000] {processor.py:183} INFO - Processing /home/airflow/.local/lib/python3.12/site-packages/airflow/example_dags/example_kubernetes_executor.py took 0.105 seconds
[2026-06-30T08:19:25.205+0000] {processor.py:161} INFO - Started process (PID=21854) to work on /home/airflow/.local/lib/python3.12/site-packages/airflow/example_dags/example_kubernetes_executor.py
[2026-06-30T08:19:25.206+0000] {processor.py:830} INFO - Processing file /home/airflow/.local/lib/python3.12/site-packages/airflow/example_dags/example_kubernetes_executor.py for tasks to queue
[2026-06-30T08:19:25.207+0000] {logging_mixin.py:188} INFO - [2026-06-30T08:19:25.207+0000] {dagbag.py:545} INFO - Filling up the DagBag from /home/airflow/.local/lib/python3.12/site-packages/airflow/example_dags/example_kubernetes_executor.py
[2026-06-30T08:19:25.216+0000] {processor.py:840} INFO - DAG(s) 'example_kubernetes_executor' retrieved from /home/airflow/.local/lib/python3.12/site-packages/airflow/example_dags/example_kubernetes_executor.py
[2026-06-30T08:19:25.248+0000] {logging_mixin.py:188} INFO - [2026-06-30T08:19:25.248+0000] {dag.py:3096} INFO - Sync 1 DAGs
[2026-06-30T08:19:25.257+0000] {logging_mixin.py:188} INFO - [2026-06-30T08:19:25.257+0000] {dag.py:3954} INFO - Setting next_dagrun for example_kubernetes_executor to None, run_after=None
[2026-06-30T08:19:25.271+0000] {processor.py:183} INFO - Processing /home/airflow/.local/lib/python3.12/site-packages/airflow/example_dags/example_kubernetes_executor.py took 0.070 seconds
[2026-06-30T08:19:55.432+0000] {processor.py:161} INFO - Started process (PID=21912) to work on /home/airflow/.local/lib/python3.12/site-packages/airflow/example_dags/example_kubernetes_executor.py
[2026-06-30T08:19:55.433+0000] {processor.py:830} INFO - Processing file /home/airflow/.local/lib/python3.12/site-packages/airflow/example_dags/example_kubernetes_executor.py for tasks to queue
[2026-06-30T08:19:55.433+0000] {logging_mixin.py:188} INFO - [2026-06-30T08:19:55.433+0000] {dagbag.py:545} INFO - Filling up the DagBag from /home/airflow/.local/lib/python3.12/site-packages/airflow/example_dags/example_kubernetes_executor.py
[2026-06-30T08:19:55.441+0000] {processor.py:840} INFO - DAG(s) 'example_kubernetes_executor' retrieved from /home/airflow/.local/lib/python3.12/site-packages/airflow/example_dags/example_kubernetes_executor.py
[2026-06-30T08:19:55.469+0000] {logging_mixin.py:188} INFO - [2026-06-30T08:19:55.469+0000] {dag.py:3096} INFO - Sync 1 DAGs
[2026-06-30T08:19:55.479+0000] {logging_mixin.py:188} INFO - [2026-06-30T08:19:55.479+0000] {dag.py:3954} INFO - Setting next_dagrun for example_kubernetes_executor to None, run_after=None
[2026-06-30T08:19:55.492+0000] {processor.py:183} INFO - Processing /home/airflow/.local/lib/python3.12/site-packages/airflow/example_dags/example_kubernetes_executor.py took 0.064 seconds
[2026-06-30T08:20:25.740+0000] {processor.py:161} INFO - Started process (PID=21970) to work on /home/airflow/.local/lib/python3.12/site-packages/airflow/example_dags/example_kubernetes_executor.py
[2026-06-30T08:20:25.740+0000] {processor.py:830} INFO - Processing file /home/airflow/.local/lib/python3.12/site-packages/airflow/example_dags/example_kubernetes_executor.py for tasks to queue
[2026-06-30T08:20:25.741+0000] {logging_mixin.py:188} INFO - [2026-06-30T08:20:25.741+0000] {dagbag.py:545} INFO - Filling up the DagBag from /home/airflow/.local/lib/python3.12/site-packages/airflow/example_dags/example_kubernetes_executor.py
[2026-06-30T08:20:25.749+0000] {processor.py:840} INFO - DAG(s) 'example_kubernetes_executor' retrieved from /home/airflow/.local/lib/python3.12/site-packages/airflow/example_dags/example_kubernetes_executor.py
[2026-06-30T08:20:25.776+0000] {logging_mixin.py:188} INFO - [2026-06-30T08:20:25.776+0000] {dag.py:3096} INFO - Sync 1 DAGs
[2026-06-30T08:20:25.784+0000] {logging_mixin.py:188} INFO - [2026-06-30T08:20:25.784+0000] {dag.py:3954} INFO - Setting next_dagrun for example_kubernetes_executor to None, run_after=None
[2026-06-30T08:20:25.798+0000] {processor.py:183} INFO - Processing /home/airflow/.local/lib/python3.12/site-packages/airflow/example_dags/example_kubernetes_executor.py took 0.062 seconds
[2026-06-30T08:20:56.088+0000] {processor.py:161} INFO - Started process (PID=22028) to work on /home/airflow/.local/lib/python3.12/site-packages/airflow/example_dags/example_kubernetes_executor.py
[2026-06-30T08:20:56.089+0000] {processor.py:830} INFO - Processing file /home/airflow/.local/lib/python3.12/site-packages/airflow/example_dags/example_kubernetes_executor.py for tasks to queue
[2026-06-30T08:20:56.090+0000] {logging_mixin.py:188} INFO - [2026-06-30T08:20:56.089+0000] {dagbag.py:545} INFO - Filling up the DagBag from /home/airflow/.local/lib/python3.12/site-packages/airflow/example_dags/example_kubernetes_executor.py
[2026-06-30T08:20:56.097+0000] {processor.py:840} INFO - DAG(s) 'example_kubernetes_executor' retrieved from /home/airflow/.local/lib/python3.12/site-packages/airflow/example_dags/example_kubernetes_executor.py
[2026-06-30T08:20:56.122+0000] {logging_mixin.py:188} INFO - [2026-06-30T08:20:56.122+0000] {dag.py:3096} INFO - Sync 1 DAGs
[2026-06-30T08:20:56.129+0000] {logging_mixin.py:188} INFO - [2026-06-30T08:20:56.129+0000] {dag.py:3954} INFO - Setting next_dagrun for example_kubernetes_executor to None, run_after=None
[2026-06-30T08:20:56.142+0000] {processor.py:183} INFO - Processing /home/airflow/.local/lib/python3.12/site-packages/airflow/example_dags/example_kubernetes_executor.py took 0.058 seconds
[2026-06-30T08:21:26.323+0000] {processor.py:161} INFO - Started process (PID=22086) to work on /home/airflow/.local/lib/python3.12/site-packages/airflow/example_dags/example_kubernetes_executor.py
[2026-06-30T08:21:26.324+0000] {processor.py:830} INFO - Processing file /home/airflow/.local/lib/python3.12/site-packages/airflow/example_dags/example_kubernetes_executor.py for tasks to queue
[2026-06-30T08:21:26.325+0000] {logging_mixin.py:188} INFO - [2026-06-30T08:21:26.324+0000] {dagbag.py:545} INFO - Filling up the DagBag from /home/airflow/.local/lib/python3.12/site-packages/airflow/example_dags/example_kubernetes_executor.py
[2026-06-30T08:21:26.332+0000] {processor.py:840} INFO - DAG(s) 'example_kubernetes_executor' retrieved from /home/airflow/.local/lib/python3.12/site-packages/airflow/example_dags/example_kubernetes_executor.py
[2026-06-30T08:21:26.357+0000] {logging_mixin.py:188} INFO - [2026-06-30T08:21:26.357+0000] {dag.py:3096} INFO - Sync 1 DAGs
[2026-06-30T08:21:26.365+0000] {logging_mixin.py:188} INFO - [2026-06-30T08:21:26.365+0000] {dag.py:3954} INFO - Setting next_dagrun for example_kubernetes_executor to None, run_after=None
[2026-06-30T08:21:26.378+0000] {processor.py:183} INFO - Processing /home/airflow/.local/lib/python3.12/site-packages/airflow/example_dags/example_kubernetes_executor.py took 0.059 seconds
[2026-06-30T08:21:56.648+0000] {processor.py:161} INFO - Started process (PID=22144) to work on /home/airflow/.local/lib/python3.12/site-packages/airflow/example_dags/example_kubernetes_executor.py
[2026-06-30T08:21:56.649+0000] {processor.py:830} INFO - Processing file /home/airflow/.local/lib/python3.12/site-packages/airflow/example_dags/example_kubernetes_executor.py for tasks to queue
[2026-06-30T08:21:56.649+0000] {logging_mixin.py:188} INFO - [2026-06-30T08:21:56.649+0000] {dagbag.py:545} INFO - Filling up the DagBag from /home/airflow/.local/lib/python3.12/site-packages/airflow/example_dags/example_kubernetes_executor.py
[2026-06-30T08:21:56.657+0000] {processor.py:840} INFO - DAG(s) 'example_kubernetes_executor' retrieved from /home/airflow/.local/lib/python3.12/site-packages/airflow/example_dags/example_kubernetes_executor.py
[2026-06-30T08:21:56.683+0000] {logging_mixin.py:188} INFO - [2026-06-30T08:21:56.683+0000] {dag.py:3096} INFO - Sync 1 DAGs
[2026-06-30T08:21:56.692+0000] {logging_mixin.py:188} INFO - [2026-06-30T08:21:56.691+0000] {dag.py:3954} INFO - Setting next_dagrun for example_kubernetes_executor to None, run_after=None
[2026-06-30T08:21:56.706+0000] {processor.py:183} INFO - Processing /home/airflow/.local/lib/python3.12/site-packages/airflow/example_dags/example_kubernetes_executor.py took 0.062 seconds
[2026-06-30T08:22:27.251+0000] {processor.py:161} INFO - Started process (PID=22202) to work on /home/airflow/.local/lib/python3.12/site-packages/airflow/example_dags/example_kubernetes_executor.py
[2026-06-30T08:22:27.251+0000] {processor.py:830} INFO - Processing file /home/airflow/.local/lib/python3.12/site-packages/airflow/example_dags/example_kubernetes_executor.py for tasks to queue
[2026-06-30T08:22:27.252+0000] {logging_mixin.py:188} INFO - [2026-06-30T08:22:27.252+0000] {dagbag.py:545} INFO - Filling up the DagBag from /home/airflow/.local/lib/python3.12/site-packages/airflow/example_dags/example_kubernetes_executor.py
[2026-06-30T08:22:27.260+0000] {processor.py:840} INFO - DAG(s) 'example_kubernetes_executor' retrieved from /home/airflow/.local/lib/python3.12/site-packages/airflow/example_dags/example_kubernetes_executor.py
[2026-06-30T08:22:27.285+0000] {logging_mixin.py:188} INFO - [2026-06-30T08:22:27.284+0000] {dag.py:3096} INFO - Sync 1 DAGs
[2026-06-30T08:22:27.294+0000] {logging_mixin.py:188} INFO - [2026-06-30T08:22:27.294+0000] {dag.py:3954} INFO - Setting next_dagrun for example_kubernetes_executor to None, run_after=None
[2026-06-30T08:22:27.308+0000] {processor.py:183} INFO - Processing /home/airflow/.local/lib/python3.12/site-packages/airflow/example_dags/example_kubernetes_executor.py took 0.062 seconds
[2026-06-30T08:22:57.767+0000] {processor.py:161} INFO - Started process (PID=22260) to work on /home/airflow/.local/lib/python3.12/site-packages/airflow/example_dags/example_kubernetes_executor.py
[2026-06-30T08:22:57.768+0000] {processor.py:830} INFO - Processing file /home/airflow/.local/lib/python3.12/site-packages/airflow/example_dags/example_kubernetes_executor.py for tasks to queue
[2026-06-30T08:22:57.768+0000] {logging_mixin.py:188} INFO - [2026-06-30T08:22:57.768+0000] {dagbag.py:545} INFO - Filling up the DagBag from /home/airflow/.local/lib/python3.12/site-packages/airflow/example_dags/example_kubernetes_executor.py
[2026-06-30T08:22:57.776+0000] {processor.py:840} INFO - DAG(s) 'example_kubernetes_executor' retrieved from /home/airflow/.local/lib/python3.12/site-packages/airflow/example_dags/example_kubernetes_executor.py
[2026-06-30T08:22:57.802+0000] {logging_mixin.py:188} INFO - [2026-06-30T08:22:57.801+0000] {dag.py:3096} INFO - Sync 1 DAGs
[2026-06-30T08:22:57.809+0000] {logging_mixin.py:188} INFO - [2026-06-30T08:22:57.809+0000] {dag.py:3954} INFO - Setting next_dagrun for example_kubernetes_executor to None, run_after=None
[2026-06-30T08:22:57.824+0000] {processor.py:183} INFO - Processing /home/airflow/.local/lib/python3.12/site-packages/airflow/example_dags/example_kubernetes_executor.py took 0.061 seconds
[2026-06-30T08:23:28.141+0000] {processor.py:161} INFO - Started process (PID=22318) to work on /home/airflow/.local/lib/python3.12/site-packages/airflow/example_dags/example_kubernetes_executor.py
[2026-06-30T08:23:28.142+0000] {processor.py:830} INFO - Processing file /home/airflow/.local/lib/python3.12/site-packages/airflow/example_dags/example_kubernetes_executor.py for tasks to queue
[2026-06-30T08:23:28.143+0000] {logging_mixin.py:188} INFO - [2026-06-30T08:23:28.143+0000] {dagbag.py:545} INFO - Filling up the DagBag from /home/airflow/.local/lib/python3.12/site-packages/airflow/example_dags/example_kubernetes_executor.py
[2026-06-30T08:23:28.151+0000] {processor.py:840} INFO - DAG(s) 'example_kubernetes_executor' retrieved from /home/airflow/.local/lib/python3.12/site-packages/airflow/example_dags/example_kubernetes_executor.py
[2026-06-30T08:23:28.177+0000] {logging_mixin.py:188} INFO - [2026-06-30T08:23:28.177+0000] {dag.py:3096} INFO - Sync 1 DAGs
[2026-06-30T08:23:28.185+0000] {logging_mixin.py:188} INFO - [2026-06-30T08:23:28.185+0000] {dag.py:3954} INFO - Setting next_dagrun for example_kubernetes_executor to None, run_after=None
[2026-06-30T08:23:28.199+0000] {processor.py:183} INFO - Processing /home/airflow/.local/lib/python3.12/site-packages/airflow/example_dags/example_kubernetes_executor.py took 0.062 seconds
[2026-06-30T08:23:58.620+0000] {processor.py:161} INFO - Started process (PID=22376) to work on /home/airflow/.local/lib/python3.12/site-packages/airflow/example_dags/example_kubernetes_executor.py
[2026-06-30T08:23:58.621+0000] {processor.py:830} INFO - Processing file /home/airflow/.local/lib/python3.12/site-packages/airflow/example_dags/example_kubernetes_executor.py for tasks to queue
[2026-06-30T08:23:58.621+0000] {logging_mixin.py:188} INFO - [2026-06-30T08:23:58.621+0000] {dagbag.py:545} INFO - Filling up the DagBag from /home/airflow/.local/lib/python3.12/site-packages/airflow/example_dags/example_kubernetes_executor.py
[2026-06-30T08:23:58.629+0000] {processor.py:840} INFO - DAG(s) 'example_kubernetes_executor' retrieved from /home/airflow/.local/lib/python3.12/site-packages/airflow/example_dags/example_kubernetes_executor.py
[2026-06-30T08:23:58.654+0000] {logging_mixin.py:188} INFO - [2026-06-30T08:23:58.654+0000] {dag.py:3096} INFO - Sync 1 DAGs
[2026-06-30T08:23:58.662+0000] {logging_mixin.py:188} INFO - [2026-06-30T08:23:58.662+0000] {dag.py:3954} INFO - Setting next_dagrun for example_kubernetes_executor to None, run_after=None
[2026-06-30T08:23:58.676+0000] {processor.py:183} INFO - Processing /home/airflow/.local/lib/python3.12/site-packages/airflow/example_dags/example_kubernetes_executor.py took 0.061 seconds
[2026-06-30T08:24:29.296+0000] {processor.py:161} INFO - Started process (PID=22434) to work on /home/airflow/.local/lib/python3.12/site-packages/airflow/example_dags/example_kubernetes_executor.py
[2026-06-30T08:24:29.297+0000] {processor.py:830} INFO - Processing file /home/airflow/.local/lib/python3.12/site-packages/airflow/example_dags/example_kubernetes_executor.py for tasks to queue
[2026-06-30T08:24:29.298+0000] {logging_mixin.py:188} INFO - [2026-06-30T08:24:29.298+0000] {dagbag.py:545} INFO - Filling up the DagBag from /home/airflow/.local/lib/python3.12/site-packages/airflow/example_dags/example_kubernetes_executor.py
[2026-06-30T08:24:29.306+0000] {processor.py:840} INFO - DAG(s) 'example_kubernetes_executor' retrieved from /home/airflow/.local/lib/python3.12/site-packages/airflow/example_dags/example_kubernetes_executor.py
[2026-06-30T08:24:29.337+0000] {logging_mixin.py:188} INFO - [2026-06-30T08:24:29.336+0000] {dag.py:3096} INFO - Sync 1 DAGs
[2026-06-30T08:24:29.346+0000] {logging_mixin.py:188} INFO - [2026-06-30T08:24:29.346+0000] {dag.py:3954} INFO - Setting next_dagrun for example_kubernetes_executor to None, run_after=None
[2026-06-30T08:24:29.363+0000] {processor.py:183} INFO - Processing /home/airflow/.local/lib/python3.12/site-packages/airflow/example_dags/example_kubernetes_executor.py took 0.071 seconds
[2026-06-30T08:24:59.944+0000] {processor.py:161} INFO - Started process (PID=22493) to work on /home/airflow/.local/lib/python3.12/site-packages/airflow/example_dags/example_kubernetes_executor.py
[2026-06-30T08:24:59.945+0000] {processor.py:830} INFO - Processing file /home/airflow/.local/lib/python3.12/site-packages/airflow/example_dags/example_kubernetes_executor.py for tasks to queue
[2026-06-30T08:24:59.946+0000] {logging_mixin.py:188} INFO - [2026-06-30T08:24:59.945+0000] {dagbag.py:545} INFO - Filling up the DagBag from /home/airflow/.local/lib/python3.12/site-packages/airflow/example_dags/example_kubernetes_executor.py
[2026-06-30T08:24:59.954+0000] {processor.py:840} INFO - DAG(s) 'example_kubernetes_executor' retrieved from /home/airflow/.local/lib/python3.12/site-packages/airflow/example_dags/example_kubernetes_executor.py
[2026-06-30T08:24:59.979+0000] {logging_mixin.py:188} INFO - [2026-06-30T08:24:59.979+0000] {dag.py:3096} INFO - Sync 1 DAGs
[2026-06-30T08:24:59.988+0000] {logging_mixin.py:188} INFO - [2026-06-30T08:24:59.988+0000] {dag.py:3954} INFO - Setting next_dagrun for example_kubernetes_executor to None, run_after=None
[2026-06-30T08:25:00.001+0000] {processor.py:183} INFO - Processing /home/airflow/.local/lib/python3.12/site-packages/airflow/example_dags/example_kubernetes_executor.py took 0.061 seconds
[2026-06-30T08:25:30.235+0000] {processor.py:161} INFO - Started process (PID=22551) to work on /home/airflow/.local/lib/python3.12/site-packages/airflow/example_dags/example_kubernetes_executor.py
[2026-06-30T08:25:30.236+0000] {processor.py:830} INFO - Processing file /home/airflow/.local/lib/python3.12/site-packages/airflow/example_dags/example_kubernetes_executor.py for tasks to queue
[2026-06-30T08:25:30.237+0000] {logging_mixin.py:188} INFO - [2026-06-30T08:25:30.237+0000] {dagbag.py:545} INFO - Filling up the DagBag from /home/airflow/.local/lib/python3.12/site-packages/airflow/example_dags/example_kubernetes_executor.py
[2026-06-30T08:25:30.244+0000] {processor.py:840} INFO - DAG(s) 'example_kubernetes_executor' retrieved from /home/airflow/.local/lib/python3.12/site-packages/airflow/example_dags/example_kubernetes_executor.py
[2026-06-30T08:25:30.270+0000] {logging_mixin.py:188} INFO - [2026-06-30T08:25:30.270+0000] {dag.py:3096} INFO - Sync 1 DAGs
[2026-06-30T08:25:30.278+0000] {logging_mixin.py:188} INFO - [2026-06-30T08:25:30.278+0000] {dag.py:3954} INFO - Setting next_dagrun for example_kubernetes_executor to None, run_after=None
[2026-06-30T08:25:30.292+0000] {processor.py:183} INFO - Processing /home/airflow/.local/lib/python3.12/site-packages/airflow/example_dags/example_kubernetes_executor.py took 0.061 seconds
[2026-06-30T08:26:00.923+0000] {processor.py:161} INFO - Started process (PID=22609) to work on /home/airflow/.local/lib/python3.12/site-packages/airflow/example_dags/example_kubernetes_executor.py
[2026-06-30T08:26:00.924+0000] {processor.py:830} INFO - Processing file /home/airflow/.local/lib/python3.12/site-packages/airflow/example_dags/example_kubernetes_executor.py for tasks to queue
[2026-06-30T08:26:00.925+0000] {logging_mixin.py:188} INFO - [2026-06-30T08:26:00.925+0000] {dagbag.py:545} INFO - Filling up the DagBag from /home/airflow/.local/lib/python3.12/site-packages/airflow/example_dags/example_kubernetes_executor.py
[2026-06-30T08:26:00.936+0000] {processor.py:840} INFO - DAG(s) 'example_kubernetes_executor' retrieved from /home/airflow/.local/lib/python3.12/site-packages/airflow/example_dags/example_kubernetes_executor.py
[2026-06-30T08:26:00.967+0000] {logging_mixin.py:188} INFO - [2026-06-30T08:26:00.966+0000] {dag.py:3096} INFO - Sync 1 DAGs
[2026-06-30T08:26:00.978+0000] {logging_mixin.py:188} INFO - [2026-06-30T08:26:00.978+0000] {dag.py:3954} INFO - Setting next_dagrun for example_kubernetes_executor to None, run_after=None
[2026-06-30T08:26:01.002+0000] {processor.py:183} INFO - Processing /home/airflow/.local/lib/python3.12/site-packages/airflow/example_dags/example_kubernetes_executor.py took 0.084 seconds
[2026-06-30T08:26:31.893+0000] {processor.py:161} INFO - Started process (PID=22667) to work on /home/airflow/.local/lib/python3.12/site-packages/airflow/example_dags/example_kubernetes_executor.py
[2026-06-30T08:26:31.894+0000] {processor.py:830} INFO - Processing file /home/airflow/.local/lib/python3.12/site-packages/airflow/example_dags/example_kubernetes_executor.py for tasks to queue
[2026-06-30T08:26:31.895+0000] {logging_mixin.py:188} INFO - [2026-06-30T08:26:31.895+0000] {dagbag.py:545} INFO - Filling up the DagBag from /home/airflow/.local/lib/python3.12/site-packages/airflow/example_dags/example_kubernetes_executor.py
[2026-06-30T08:26:31.904+0000] {processor.py:840} INFO - DAG(s) 'example_kubernetes_executor' retrieved from /home/airflow/.local/lib/python3.12/site-packages/airflow/example_dags/example_kubernetes_executor.py
[2026-06-30T08:26:31.937+0000] {logging_mixin.py:188} INFO - [2026-06-30T08:26:31.937+0000] {dag.py:3096} INFO - Sync 1 DAGs
[2026-06-30T08:26:31.949+0000] {logging_mixin.py:188} INFO - [2026-06-30T08:26:31.949+0000] {dag.py:3954} INFO - Setting next_dagrun for example_kubernetes_executor to None, run_after=None
[2026-06-30T08:26:31.967+0000] {processor.py:183} INFO - Processing /home/airflow/.local/lib/python3.12/site-packages/airflow/example_dags/example_kubernetes_executor.py took 0.080 seconds
[2026-06-30T08:27:02.330+0000] {processor.py:161} INFO - Started process (PID=22725) to work on /home/airflow/.local/lib/python3.12/site-packages/airflow/example_dags/example_kubernetes_executor.py
[2026-06-30T08:27:02.332+0000] {processor.py:830} INFO - Processing file /home/airflow/.local/lib/python3.12/site-packages/airflow/example_dags/example_kubernetes_executor.py for tasks to queue
[2026-06-30T08:27:02.333+0000] {logging_mixin.py:188} INFO - [2026-06-30T08:27:02.332+0000] {dagbag.py:545} INFO - Filling up the DagBag from /home/airflow/.local/lib/python3.12/site-packages/airflow/example_dags/example_kubernetes_executor.py
[2026-06-30T08:27:02.342+0000] {processor.py:840} INFO - DAG(s) 'example_kubernetes_executor' retrieved from /home/airflow/.local/lib/python3.12/site-packages/airflow/example_dags/example_kubernetes_executor.py
[2026-06-30T08:27:02.374+0000] {logging_mixin.py:188} INFO - [2026-06-30T08:27:02.374+0000] {dag.py:3096} INFO - Sync 1 DAGs
[2026-06-30T08:27:02.384+0000] {logging_mixin.py:188} INFO - [2026-06-30T08:27:02.383+0000] {dag.py:3954} INFO - Setting next_dagrun for example_kubernetes_executor to None, run_after=None
[2026-06-30T08:27:02.400+0000] {processor.py:183} INFO - Processing /home/airflow/.local/lib/python3.12/site-packages/airflow/example_dags/example_kubernetes_executor.py took 0.074 seconds
[2026-06-30T08:27:32.914+0000] {processor.py:161} INFO - Started process (PID=22783) to work on /home/airflow/.local/lib/python3.12/site-packages/airflow/example_dags/example_kubernetes_executor.py
[2026-06-30T08:27:32.914+0000] {processor.py:830} INFO - Processing file /home/airflow/.local/lib/python3.12/site-packages/airflow/example_dags/example_kubernetes_executor.py for tasks to queue
[2026-06-30T08:27:32.915+0000] {logging_mixin.py:188} INFO - [2026-06-30T08:27:32.915+0000] {dagbag.py:545} INFO - Filling up the DagBag from /home/airflow/.local/lib/python3.12/site-packages/airflow/example_dags/example_kubernetes_executor.py
[2026-06-30T08:27:32.922+0000] {processor.py:840} INFO - DAG(s) 'example_kubernetes_executor' retrieved from /home/airflow/.local/lib/python3.12/site-packages/airflow/example_dags/example_kubernetes_executor.py
[2026-06-30T08:27:32.947+0000] {logging_mixin.py:188} INFO - [2026-06-30T08:27:32.947+0000] {dag.py:3096} INFO - Sync 1 DAGs
[2026-06-30T08:27:32.955+0000] {logging_mixin.py:188} INFO - [2026-06-30T08:27:32.955+0000] {dag.py:3954} INFO - Setting next_dagrun for example_kubernetes_executor to None, run_after=None
[2026-06-30T08:27:32.969+0000] {processor.py:183} INFO - Processing /home/airflow/.local/lib/python3.12/site-packages/airflow/example_dags/example_kubernetes_executor.py took 0.059 seconds
[2026-06-30T08:28:03.290+0000] {processor.py:161} INFO - Started process (PID=22841) to work on /home/airflow/.local/lib/python3.12/site-packages/airflow/example_dags/example_kubernetes_executor.py
[2026-06-30T08:28:03.291+0000] {processor.py:830} INFO - Processing file /home/airflow/.local/lib/python3.12/site-packages/airflow/example_dags/example_kubernetes_executor.py for tasks to queue
[2026-06-30T08:28:03.292+0000] {logging_mixin.py:188} INFO - [2026-06-30T08:28:03.292+0000] {dagbag.py:545} INFO - Filling up the DagBag from /home/airflow/.local/lib/python3.12/site-packages/airflow/example_dags/example_kubernetes_executor.py
[2026-06-30T08:28:03.303+0000] {processor.py:840} INFO - DAG(s) 'example_kubernetes_executor' retrieved from /home/airflow/.local/lib/python3.12/site-packages/airflow/example_dags/example_kubernetes_executor.py
[2026-06-30T08:28:03.338+0000] {logging_mixin.py:188} INFO - [2026-06-30T08:28:03.338+0000] {dag.py:3096} INFO - Sync 1 DAGs
[2026-06-30T08:28:03.349+0000] {logging_mixin.py:188} INFO - [2026-06-30T08:28:03.349+0000] {dag.py:3954} INFO - Setting next_dagrun for example_kubernetes_executor to None, run_after=None
[2026-06-30T08:28:03.365+0000] {processor.py:183} INFO - Processing /home/airflow/.local/lib/python3.12/site-packages/airflow/example_dags/example_kubernetes_executor.py took 0.080 seconds
[2026-06-30T08:28:33.805+0000] {processor.py:161} INFO - Started process (PID=22899) to work on /home/airflow/.local/lib/python3.12/site-packages/airflow/example_dags/example_kubernetes_executor.py
[2026-06-30T08:28:33.805+0000] {processor.py:830} INFO - Processing file /home/airflow/.local/lib/python3.12/site-packages/airflow/example_dags/example_kubernetes_executor.py for tasks to queue
[2026-06-30T08:28:33.806+0000] {logging_mixin.py:188} INFO - [2026-06-30T08:28:33.806+0000] {dagbag.py:545} INFO - Filling up the DagBag from /home/airflow/.local/lib/python3.12/site-packages/airflow/example_dags/example_kubernetes_executor.py
[2026-06-30T08:28:33.814+0000] {processor.py:840} INFO - DAG(s) 'example_kubernetes_executor' retrieved from /home/airflow/.local/lib/python3.12/site-packages/airflow/example_dags/example_kubernetes_executor.py
[2026-06-30T08:28:33.839+0000] {logging_mixin.py:188} INFO - [2026-06-30T08:28:33.839+0000] {dag.py:3096} INFO - Sync 1 DAGs
[2026-06-30T08:28:33.847+0000] {logging_mixin.py:188} INFO - [2026-06-30T08:28:33.847+0000] {dag.py:3954} INFO - Setting next_dagrun for example_kubernetes_executor to None, run_after=None
[2026-06-30T08:28:33.861+0000] {processor.py:183} INFO - Processing /home/airflow/.local/lib/python3.12/site-packages/airflow/example_dags/example_kubernetes_executor.py took 0.060 seconds
[2026-06-30T08:29:04.260+0000] {processor.py:161} INFO - Started process (PID=22957) to work on /home/airflow/.local/lib/python3.12/site-packages/airflow/example_dags/example_kubernetes_executor.py
[2026-06-30T08:29:04.260+0000] {processor.py:830} INFO - Processing file /home/airflow/.local/lib/python3.12/site-packages/airflow/example_dags/example_kubernetes_executor.py for tasks to queue
[2026-06-30T08:29:04.261+0000] {logging_mixin.py:188} INFO - [2026-06-30T08:29:04.261+0000] {dagbag.py:545} INFO - Filling up the DagBag from /home/airflow/.local/lib/python3.12/site-packages/airflow/example_dags/example_kubernetes_executor.py
[2026-06-30T08:29:04.270+0000] {processor.py:840} INFO - DAG(s) 'example_kubernetes_executor' retrieved from /home/airflow/.local/lib/python3.12/site-packages/airflow/example_dags/example_kubernetes_executor.py
[2026-06-30T08:29:04.297+0000] {logging_mixin.py:188} INFO - [2026-06-30T08:29:04.296+0000] {dag.py:3096} INFO - Sync 1 DAGs
[2026-06-30T08:29:04.305+0000] {logging_mixin.py:188} INFO - [2026-06-30T08:29:04.305+0000] {dag.py:3954} INFO - Setting next_dagrun for example_kubernetes_executor to None, run_after=None
[2026-06-30T08:29:04.319+0000] {processor.py:183} INFO - Processing /home/airflow/.local/lib/python3.12/site-packages/airflow/example_dags/example_kubernetes_executor.py took 0.064 seconds
[2026-06-30T08:29:34.822+0000] {processor.py:161} INFO - Started process (PID=23015) to work on /home/airflow/.local/lib/python3.12/site-packages/airflow/example_dags/example_kubernetes_executor.py
[2026-06-30T08:29:34.823+0000] {processor.py:830} INFO - Processing file /home/airflow/.local/lib/python3.12/site-packages/airflow/example_dags/example_kubernetes_executor.py for tasks to queue
[2026-06-30T08:29:34.824+0000] {logging_mixin.py:188} INFO - [2026-06-30T08:29:34.824+0000] {dagbag.py:545} INFO - Filling up the DagBag from /home/airflow/.local/lib/python3.12/site-packages/airflow/example_dags/example_kubernetes_executor.py
[2026-06-30T08:29:34.831+0000] {processor.py:840} INFO - DAG(s) 'example_kubernetes_executor' retrieved from /home/airflow/.local/lib/python3.12/site-packages/airflow/example_dags/example_kubernetes_executor.py
[2026-06-30T08:29:34.860+0000] {logging_mixin.py:188} INFO - [2026-06-30T08:29:34.860+0000] {dag.py:3096} INFO - Sync 1 DAGs
[2026-06-30T08:29:34.868+0000] {logging_mixin.py:188} INFO - [2026-06-30T08:29:34.868+0000] {dag.py:3954} INFO - Setting next_dagrun for example_kubernetes_executor to None, run_after=None
[2026-06-30T08:29:34.882+0000] {processor.py:183} INFO - Processing /home/airflow/.local/lib/python3.12/site-packages/airflow/example_dags/example_kubernetes_executor.py took 0.064 seconds
[2026-06-30T08:30:05.416+0000] {processor.py:161} INFO - Started process (PID=23073) to work on /home/airflow/.local/lib/python3.12/site-packages/airflow/example_dags/example_kubernetes_executor.py
[2026-06-30T08:30:05.417+0000] {processor.py:830} INFO - Processing file /home/airflow/.local/lib/python3.12/site-packages/airflow/example_dags/example_kubernetes_executor.py for tasks to queue
[2026-06-30T08:30:05.418+0000] {logging_mixin.py:188} INFO - [2026-06-30T08:30:05.418+0000] {dagbag.py:545} INFO - Filling up the DagBag from /home/airflow/.local/lib/python3.12/site-packages/airflow/example_dags/example_kubernetes_executor.py
[2026-06-30T08:30:05.427+0000] {processor.py:840} INFO - DAG(s) 'example_kubernetes_executor' retrieved from /home/airflow/.local/lib/python3.12/site-packages/airflow/example_dags/example_kubernetes_executor.py
[2026-06-30T08:30:05.458+0000] {logging_mixin.py:188} INFO - [2026-06-30T08:30:05.457+0000] {dag.py:3096} INFO - Sync 1 DAGs
[2026-06-30T08:30:05.467+0000] {logging_mixin.py:188} INFO - [2026-06-30T08:30:05.467+0000] {dag.py:3954} INFO - Setting next_dagrun for example_kubernetes_executor to None, run_after=None
[2026-06-30T08:30:05.480+0000] {processor.py:183} INFO - Processing /home/airflow/.local/lib/python3.12/site-packages/airflow/example_dags/example_kubernetes_executor.py took 0.069 seconds
[2026-06-30T08:30:36.082+0000] {processor.py:161} INFO - Started process (PID=23131) to work on /home/airflow/.local/lib/python3.12/site-packages/airflow/example_dags/example_kubernetes_executor.py
[2026-06-30T08:30:36.084+0000] {processor.py:830} INFO - Processing file /home/airflow/.local/lib/python3.12/site-packages/airflow/example_dags/example_kubernetes_executor.py for tasks to queue
[2026-06-30T08:30:36.084+0000] {logging_mixin.py:188} INFO - [2026-06-30T08:30:36.084+0000] {dagbag.py:545} INFO - Filling up the DagBag from /home/airflow/.local/lib/python3.12/site-packages/airflow/example_dags/example_kubernetes_executor.py
[2026-06-30T08:30:36.094+0000] {processor.py:840} INFO - DAG(s) 'example_kubernetes_executor' retrieved from /home/airflow/.local/lib/python3.12/site-packages/airflow/example_dags/example_kubernetes_executor.py
[2026-06-30T08:30:36.134+0000] {logging_mixin.py:188} INFO - [2026-06-30T08:30:36.133+0000] {dag.py:3096} INFO - Sync 1 DAGs
[2026-06-30T08:30:36.145+0000] {logging_mixin.py:188} INFO - [2026-06-30T08:30:36.145+0000] {dag.py:3954} INFO - Setting next_dagrun for example_kubernetes_executor to None, run_after=None
[2026-06-30T08:30:36.161+0000] {processor.py:183} INFO - Processing /home/airflow/.local/lib/python3.12/site-packages/airflow/example_dags/example_kubernetes_executor.py took 0.084 seconds
[2026-06-30T08:31:06.774+0000] {processor.py:161} INFO - Started process (PID=23189) to work on /home/airflow/.local/lib/python3.12/site-packages/airflow/example_dags/example_kubernetes_executor.py
[2026-06-30T08:31:06.775+0000] {processor.py:830} INFO - Processing file /home/airflow/.local/lib/python3.12/site-packages/airflow/example_dags/example_kubernetes_executor.py for tasks to queue
[2026-06-30T08:31:06.776+0000] {logging_mixin.py:188} INFO - [2026-06-30T08:31:06.776+0000] {dagbag.py:545} INFO - Filling up the DagBag from /home/airflow/.local/lib/python3.12/site-packages/airflow/example_dags/example_kubernetes_executor.py
[2026-06-30T08:31:06.786+0000] {processor.py:840} INFO - DAG(s) 'example_kubernetes_executor' retrieved from /home/airflow/.local/lib/python3.12/site-packages/airflow/example_dags/example_kubernetes_executor.py
[2026-06-30T08:31:06.817+0000] {logging_mixin.py:188} INFO - [2026-06-30T08:31:06.817+0000] {dag.py:3096} INFO - Sync 1 DAGs
[2026-06-30T08:31:06.828+0000] {logging_mixin.py:188} INFO - [2026-06-30T08:31:06.827+0000] {dag.py:3954} INFO - Setting next_dagrun for example_kubernetes_executor to None, run_after=None
[2026-06-30T08:31:06.845+0000] {processor.py:183} INFO - Processing /home/airflow/.local/lib/python3.12/site-packages/airflow/example_dags/example_kubernetes_executor.py took 0.076 seconds
[2026-06-30T08:31:37.520+0000] {processor.py:161} INFO - Started process (PID=23247) to work on /home/airflow/.local/lib/python3.12/site-packages/airflow/example_dags/example_kubernetes_executor.py
[2026-06-30T08:31:37.521+0000] {processor.py:830} INFO - Processing file /home/airflow/.local/lib/python3.12/site-packages/airflow/example_dags/example_kubernetes_executor.py for tasks to queue
[2026-06-30T08:31:37.522+0000] {logging_mixin.py:188} INFO - [2026-06-30T08:31:37.522+0000] {dagbag.py:545} INFO - Filling up the DagBag from /home/airflow/.local/lib/python3.12/site-packages/airflow/example_dags/example_kubernetes_executor.py
[2026-06-30T08:31:37.530+0000] {processor.py:840} INFO - DAG(s) 'example_kubernetes_executor' retrieved from /home/airflow/.local/lib/python3.12/site-packages/airflow/example_dags/example_kubernetes_executor.py
[2026-06-30T08:31:37.556+0000] {logging_mixin.py:188} INFO - [2026-06-30T08:31:37.556+0000] {dag.py:3096} INFO - Sync 1 DAGs
[2026-06-30T08:31:37.565+0000] {logging_mixin.py:188} INFO - [2026-06-30T08:31:37.565+0000] {dag.py:3954} INFO - Setting next_dagrun for example_kubernetes_executor to None, run_after=None
[2026-06-30T08:31:37.580+0000] {processor.py:183} INFO - Processing /home/airflow/.local/lib/python3.12/site-packages/airflow/example_dags/example_kubernetes_executor.py took 0.064 seconds
[2026-06-30T08:32:08.183+0000] {processor.py:161} INFO - Started process (PID=23305) to work on /home/airflow/.local/lib/python3.12/site-packages/airflow/example_dags/example_kubernetes_executor.py
[2026-06-30T08:32:08.184+0000] {processor.py:830} INFO - Processing file /home/airflow/.local/lib/python3.12/site-packages/airflow/example_dags/example_kubernetes_executor.py for tasks to queue
[2026-06-30T08:32:08.185+0000] {logging_mixin.py:188} INFO - [2026-06-30T08:32:08.184+0000] {dagbag.py:545} INFO - Filling up the DagBag from /home/airflow/.local/lib/python3.12/site-packages/airflow/example_dags/example_kubernetes_executor.py
[2026-06-30T08:32:08.193+0000] {processor.py:840} INFO - DAG(s) 'example_kubernetes_executor' retrieved from /home/airflow/.local/lib/python3.12/site-packages/airflow/example_dags/example_kubernetes_executor.py
[2026-06-30T08:32:08.221+0000] {logging_mixin.py:188} INFO - [2026-06-30T08:32:08.220+0000] {dag.py:3096} INFO - Sync 1 DAGs
[2026-06-30T08:32:08.230+0000] {logging_mixin.py:188} INFO - [2026-06-30T08:32:08.229+0000] {dag.py:3954} INFO - Setting next_dagrun for example_kubernetes_executor to None, run_after=None
[2026-06-30T08:32:08.246+0000] {processor.py:183} INFO - Processing /home/airflow/.local/lib/python3.12/site-packages/airflow/example_dags/example_kubernetes_executor.py took 0.067 seconds
[2026-06-30T08:32:38.984+0000] {processor.py:161} INFO - Started process (PID=23363) to work on /home/airflow/.local/lib/python3.12/site-packages/airflow/example_dags/example_kubernetes_executor.py
[2026-06-30T08:32:38.984+0000] {processor.py:830} INFO - Processing file /home/airflow/.local/lib/python3.12/site-packages/airflow/example_dags/example_kubernetes_executor.py for tasks to queue
[2026-06-30T08:32:38.985+0000] {logging_mixin.py:188} INFO - [2026-06-30T08:32:38.985+0000] {dagbag.py:545} INFO - Filling up the DagBag from /home/airflow/.local/lib/python3.12/site-packages/airflow/example_dags/example_kubernetes_executor.py
[2026-06-30T08:32:38.993+0000] {processor.py:840} INFO - DAG(s) 'example_kubernetes_executor' retrieved from /home/airflow/.local/lib/python3.12/site-packages/airflow/example_dags/example_kubernetes_executor.py
[2026-06-30T08:32:39.019+0000] {logging_mixin.py:188} INFO - [2026-06-30T08:32:39.019+0000] {dag.py:3096} INFO - Sync 1 DAGs
[2026-06-30T08:32:39.028+0000] {logging_mixin.py:188} INFO - [2026-06-30T08:32:39.028+0000] {dag.py:3954} INFO - Setting next_dagrun for example_kubernetes_executor to None, run_after=None
[2026-06-30T08:32:39.041+0000] {processor.py:183} INFO - Processing /home/airflow/.local/lib/python3.12/site-packages/airflow/example_dags/example_kubernetes_executor.py took 0.061 seconds
[2026-06-30T08:33:09.853+0000] {processor.py:161} INFO - Started process (PID=23421) to work on /home/airflow/.local/lib/python3.12/site-packages/airflow/example_dags/example_kubernetes_executor.py
[2026-06-30T08:33:09.855+0000] {processor.py:830} INFO - Processing file /home/airflow/.local/lib/python3.12/site-packages/airflow/example_dags/example_kubernetes_executor.py for tasks to queue
[2026-06-30T08:33:09.856+0000] {logging_mixin.py:188} INFO - [2026-06-30T08:33:09.856+0000] {dagbag.py:545} INFO - Filling up the DagBag from /home/airflow/.local/lib/python3.12/site-packages/airflow/example_dags/example_kubernetes_executor.py
[2026-06-30T08:33:09.866+0000] {processor.py:840} INFO - DAG(s) 'example_kubernetes_executor' retrieved from /home/airflow/.local/lib/python3.12/site-packages/airflow/example_dags/example_kubernetes_executor.py
[2026-06-30T08:33:09.899+0000] {logging_mixin.py:188} INFO - [2026-06-30T08:33:09.899+0000] {dag.py:3096} INFO - Sync 1 DAGs
[2026-06-30T08:33:09.910+0000] {logging_mixin.py:188} INFO - [2026-06-30T08:33:09.910+0000] {dag.py:3954} INFO - Setting next_dagrun for example_kubernetes_executor to None, run_after=None
[2026-06-30T08:33:09.927+0000] {processor.py:183} INFO - Processing /home/airflow/.local/lib/python3.12/site-packages/airflow/example_dags/example_kubernetes_executor.py took 0.078 seconds
[2026-06-30T08:33:40.825+0000] {processor.py:161} INFO - Started process (PID=23479) to work on /home/airflow/.local/lib/python3.12/site-packages/airflow/example_dags/example_kubernetes_executor.py
[2026-06-30T08:33:40.826+0000] {processor.py:830} INFO - Processing file /home/airflow/.local/lib/python3.12/site-packages/airflow/example_dags/example_kubernetes_executor.py for tasks to queue
[2026-06-30T08:33:40.827+0000] {logging_mixin.py:188} INFO - [2026-06-30T08:33:40.827+0000] {dagbag.py:545} INFO - Filling up the DagBag from /home/airflow/.local/lib/python3.12/site-packages/airflow/example_dags/example_kubernetes_executor.py
[2026-06-30T08:33:40.837+0000] {processor.py:840} INFO - DAG(s) 'example_kubernetes_executor' retrieved from /home/airflow/.local/lib/python3.12/site-packages/airflow/example_dags/example_kubernetes_executor.py
[2026-06-30T08:33:40.871+0000] {logging_mixin.py:188} INFO - [2026-06-30T08:33:40.871+0000] {dag.py:3096} INFO - Sync 1 DAGs
[2026-06-30T08:33:40.885+0000] {logging_mixin.py:188} INFO - [2026-06-30T08:33:40.885+0000] {dag.py:3954} INFO - Setting next_dagrun for example_kubernetes_executor to None, run_after=None
[2026-06-30T08:33:40.900+0000] {processor.py:183} INFO - Processing /home/airflow/.local/lib/python3.12/site-packages/airflow/example_dags/example_kubernetes_executor.py took 0.081 seconds
[2026-06-30T08:34:11.599+0000] {processor.py:161} INFO - Started process (PID=23543) to work on /home/airflow/.local/lib/python3.12/site-packages/airflow/example_dags/example_kubernetes_executor.py
[2026-06-30T08:34:11.599+0000] {processor.py:830} INFO - Processing file /home/airflow/.local/lib/python3.12/site-packages/airflow/example_dags/example_kubernetes_executor.py for tasks to queue
[2026-06-30T08:34:11.600+0000] {logging_mixin.py:188} INFO - [2026-06-30T08:34:11.600+0000] {dagbag.py:545} INFO - Filling up the DagBag from /home/airflow/.local/lib/python3.12/site-packages/airflow/example_dags/example_kubernetes_executor.py
[2026-06-30T08:34:11.608+0000] {processor.py:840} INFO - DAG(s) 'example_kubernetes_executor' retrieved from /home/airflow/.local/lib/python3.12/site-packages/airflow/example_dags/example_kubernetes_executor.py
[2026-06-30T08:34:11.635+0000] {logging_mixin.py:188} INFO - [2026-06-30T08:34:11.635+0000] {dag.py:3096} INFO - Sync 1 DAGs
[2026-06-30T08:34:11.643+0000] {logging_mixin.py:188} INFO - [2026-06-30T08:34:11.643+0000] {dag.py:3954} INFO - Setting next_dagrun for example_kubernetes_executor to None, run_after=None
[2026-06-30T08:34:11.658+0000] {processor.py:183} INFO - Processing /home/airflow/.local/lib/python3.12/site-packages/airflow/example_dags/example_kubernetes_executor.py took 0.064 seconds
[2026-06-30T08:34:41.952+0000] {processor.py:161} INFO - Started process (PID=23601) to work on /home/airflow/.local/lib/python3.12/site-packages/airflow/example_dags/example_kubernetes_executor.py
[2026-06-30T08:34:41.953+0000] {processor.py:830} INFO - Processing file /home/airflow/.local/lib/python3.12/site-packages/airflow/example_dags/example_kubernetes_executor.py for tasks to queue
[2026-06-30T08:34:41.954+0000] {logging_mixin.py:188} INFO - [2026-06-30T08:34:41.954+0000] {dagbag.py:545} INFO - Filling up the DagBag from /home/airflow/.local/lib/python3.12/site-packages/airflow/example_dags/example_kubernetes_executor.py
[2026-06-30T08:34:41.962+0000] {processor.py:840} INFO - DAG(s) 'example_kubernetes_executor' retrieved from /home/airflow/.local/lib/python3.12/site-packages/airflow/example_dags/example_kubernetes_executor.py
[2026-06-30T08:34:41.988+0000] {logging_mixin.py:188} INFO - [2026-06-30T08:34:41.988+0000] {dag.py:3096} INFO - Sync 1 DAGs
[2026-06-30T08:34:41.996+0000] {logging_mixin.py:188} INFO - [2026-06-30T08:34:41.996+0000] {dag.py:3954} INFO - Setting next_dagrun for example_kubernetes_executor to None, run_after=None
[2026-06-30T08:34:42.010+0000] {processor.py:183} INFO - Processing /home/airflow/.local/lib/python3.12/site-packages/airflow/example_dags/example_kubernetes_executor.py took 0.061 seconds
[2026-06-30T08:35:12.476+0000] {processor.py:161} INFO - Started process (PID=23659) to work on /home/airflow/.local/lib/python3.12/site-packages/airflow/example_dags/example_kubernetes_executor.py
[2026-06-30T08:35:12.477+0000] {processor.py:830} INFO - Processing file /home/airflow/.local/lib/python3.12/site-packages/airflow/example_dags/example_kubernetes_executor.py for tasks to queue
[2026-06-30T08:35:12.477+0000] {logging_mixin.py:188} INFO - [2026-06-30T08:35:12.477+0000] {dagbag.py:545} INFO - Filling up the DagBag from /home/airflow/.local/lib/python3.12/site-packages/airflow/example_dags/example_kubernetes_executor.py
[2026-06-30T08:35:12.485+0000] {processor.py:840} INFO - DAG(s) 'example_kubernetes_executor' retrieved from /home/airflow/.local/lib/python3.12/site-packages/airflow/example_dags/example_kubernetes_executor.py
[2026-06-30T08:35:12.511+0000] {logging_mixin.py:188} INFO - [2026-06-30T08:35:12.511+0000] {dag.py:3096} INFO - Sync 1 DAGs
[2026-06-30T08:35:12.519+0000] {logging_mixin.py:188} INFO - [2026-06-30T08:35:12.519+0000] {dag.py:3954} INFO - Setting next_dagrun for example_kubernetes_executor to None, run_after=None
[2026-06-30T08:35:12.532+0000] {processor.py:183} INFO - Processing /home/airflow/.local/lib/python3.12/site-packages/airflow/example_dags/example_kubernetes_executor.py took 0.060 seconds
[2026-06-30T08:35:42.688+0000] {processor.py:161} INFO - Started process (PID=23715) to work on /home/airflow/.local/lib/python3.12/site-packages/airflow/example_dags/example_kubernetes_executor.py
[2026-06-30T08:35:42.689+0000] {processor.py:830} INFO - Processing file /home/airflow/.local/lib/python3.12/site-packages/airflow/example_dags/example_kubernetes_executor.py for tasks to queue
[2026-06-30T08:35:42.690+0000] {logging_mixin.py:188} INFO - [2026-06-30T08:35:42.689+0000] {dagbag.py:545} INFO - Filling up the DagBag from /home/airflow/.local/lib/python3.12/site-packages/airflow/example_dags/example_kubernetes_executor.py
[2026-06-30T08:35:42.697+0000] {processor.py:840} INFO - DAG(s) 'example_kubernetes_executor' retrieved from /home/airflow/.local/lib/python3.12/site-packages/airflow/example_dags/example_kubernetes_executor.py
[2026-06-30T08:35:42.722+0000] {logging_mixin.py:188} INFO - [2026-06-30T08:35:42.722+0000] {dag.py:3096} INFO - Sync 1 DAGs
[2026-06-30T08:35:42.730+0000] {logging_mixin.py:188} INFO - [2026-06-30T08:35:42.730+0000] {dag.py:3954} INFO - Setting next_dagrun for example_kubernetes_executor to None, run_after=None
[2026-06-30T08:35:42.743+0000] {processor.py:183} INFO - Processing /home/airflow/.local/lib/python3.12/site-packages/airflow/example_dags/example_kubernetes_executor.py took 0.059 seconds
[2026-06-30T08:36:12.949+0000] {processor.py:161} INFO - Started process (PID=23773) to work on /home/airflow/.local/lib/python3.12/site-packages/airflow/example_dags/example_kubernetes_executor.py
[2026-06-30T08:36:12.950+0000] {processor.py:830} INFO - Processing file /home/airflow/.local/lib/python3.12/site-packages/airflow/example_dags/example_kubernetes_executor.py for tasks to queue
[2026-06-30T08:36:12.951+0000] {logging_mixin.py:188} INFO - [2026-06-30T08:36:12.950+0000] {dagbag.py:545} INFO - Filling up the DagBag from /home/airflow/.local/lib/python3.12/site-packages/airflow/example_dags/example_kubernetes_executor.py
[2026-06-30T08:36:12.958+0000] {processor.py:840} INFO - DAG(s) 'example_kubernetes_executor' retrieved from /home/airflow/.local/lib/python3.12/site-packages/airflow/example_dags/example_kubernetes_executor.py
[2026-06-30T08:36:12.984+0000] {logging_mixin.py:188} INFO - [2026-06-30T08:36:12.983+0000] {dag.py:3096} INFO - Sync 1 DAGs
[2026-06-30T08:36:12.992+0000] {logging_mixin.py:188} INFO - [2026-06-30T08:36:12.992+0000] {dag.py:3954} INFO - Setting next_dagrun for example_kubernetes_executor to None, run_after=None
[2026-06-30T08:36:13.005+0000] {processor.py:183} INFO - Processing /home/airflow/.local/lib/python3.12/site-packages/airflow/example_dags/example_kubernetes_executor.py took 0.059 seconds
[2026-06-30T08:36:43.526+0000] {processor.py:161} INFO - Started process (PID=23832) to work on /home/airflow/.local/lib/python3.12/site-packages/airflow/example_dags/example_kubernetes_executor.py
[2026-06-30T08:36:43.527+0000] {processor.py:830} INFO - Processing file /home/airflow/.local/lib/python3.12/site-packages/airflow/example_dags/example_kubernetes_executor.py for tasks to queue
[2026-06-30T08:36:43.528+0000] {logging_mixin.py:188} INFO - [2026-06-30T08:36:43.527+0000] {dagbag.py:545} INFO - Filling up the DagBag from /home/airflow/.local/lib/python3.12/site-packages/airflow/example_dags/example_kubernetes_executor.py
[2026-06-30T08:36:43.537+0000] {processor.py:840} INFO - DAG(s) 'example_kubernetes_executor' retrieved from /home/airflow/.local/lib/python3.12/site-packages/airflow/example_dags/example_kubernetes_executor.py
[2026-06-30T08:36:43.563+0000] {logging_mixin.py:188} INFO - [2026-06-30T08:36:43.563+0000] {dag.py:3096} INFO - Sync 1 DAGs
[2026-06-30T08:36:43.574+0000] {logging_mixin.py:188} INFO - [2026-06-30T08:36:43.574+0000] {dag.py:3954} INFO - Setting next_dagrun for example_kubernetes_executor to None, run_after=None
[2026-06-30T08:36:43.588+0000] {processor.py:183} INFO - Processing /home/airflow/.local/lib/python3.12/site-packages/airflow/example_dags/example_kubernetes_executor.py took 0.067 seconds
[2026-06-30T08:37:13.816+0000] {processor.py:161} INFO - Started process (PID=23890) to work on /home/airflow/.local/lib/python3.12/site-packages/airflow/example_dags/example_kubernetes_executor.py
[2026-06-30T08:37:13.817+0000] {processor.py:830} INFO - Processing file /home/airflow/.local/lib/python3.12/site-packages/airflow/example_dags/example_kubernetes_executor.py for tasks to queue
[2026-06-30T08:37:13.818+0000] {logging_mixin.py:188} INFO - [2026-06-30T08:37:13.818+0000] {dagbag.py:545} INFO - Filling up the DagBag from /home/airflow/.local/lib/python3.12/site-packages/airflow/example_dags/example_kubernetes_executor.py
[2026-06-30T08:37:13.825+0000] {processor.py:840} INFO - DAG(s) 'example_kubernetes_executor' retrieved from /home/airflow/.local/lib/python3.12/site-packages/airflow/example_dags/example_kubernetes_executor.py
[2026-06-30T08:37:13.849+0000] {logging_mixin.py:188} INFO - [2026-06-30T08:37:13.849+0000] {dag.py:3096} INFO - Sync 1 DAGs
[2026-06-30T08:37:13.857+0000] {logging_mixin.py:188} INFO - [2026-06-30T08:37:13.857+0000] {dag.py:3954} INFO - Setting next_dagrun for example_kubernetes_executor to None, run_after=None
[2026-06-30T08:37:13.870+0000] {processor.py:183} INFO - Processing /home/airflow/.local/lib/python3.12/site-packages/airflow/example_dags/example_kubernetes_executor.py took 0.058 seconds
[2026-06-30T08:37:44.194+0000] {processor.py:161} INFO - Started process (PID=23948) to work on /home/airflow/.local/lib/python3.12/site-packages/airflow/example_dags/example_kubernetes_executor.py
[2026-06-30T08:37:44.195+0000] {processor.py:830} INFO - Processing file /home/airflow/.local/lib/python3.12/site-packages/airflow/example_dags/example_kubernetes_executor.py for tasks to queue
[2026-06-30T08:37:44.196+0000] {logging_mixin.py:188} INFO - [2026-06-30T08:37:44.196+0000] {dagbag.py:545} INFO - Filling up the DagBag from /home/airflow/.local/lib/python3.12/site-packages/airflow/example_dags/example_kubernetes_executor.py
[2026-06-30T08:37:44.204+0000] {processor.py:840} INFO - DAG(s) 'example_kubernetes_executor' retrieved from /home/airflow/.local/lib/python3.12/site-packages/airflow/example_dags/example_kubernetes_executor.py
[2026-06-30T08:37:44.229+0000] {logging_mixin.py:188} INFO - [2026-06-30T08:37:44.229+0000] {dag.py:3096} INFO - Sync 1 DAGs
[2026-06-30T08:37:44.236+0000] {logging_mixin.py:188} INFO - [2026-06-30T08:37:44.236+0000] {dag.py:3954} INFO - Setting next_dagrun for example_kubernetes_executor to None, run_after=None
[2026-06-30T08:37:44.249+0000] {processor.py:183} INFO - Processing /home/airflow/.local/lib/python3.12/site-packages/airflow/example_dags/example_kubernetes_executor.py took 0.059 seconds
[2026-06-30T08:38:14.853+0000] {processor.py:161} INFO - Started process (PID=24006) to work on /home/airflow/.local/lib/python3.12/site-packages/airflow/example_dags/example_kubernetes_executor.py
[2026-06-30T08:38:14.854+0000] {processor.py:830} INFO - Processing file /home/airflow/.local/lib/python3.12/site-packages/airflow/example_dags/example_kubernetes_executor.py for tasks to queue
[2026-06-30T08:38:14.855+0000] {logging_mixin.py:188} INFO - [2026-06-30T08:38:14.855+0000] {dagbag.py:545} INFO - Filling up the DagBag from /home/airflow/.local/lib/python3.12/site-packages/airflow/example_dags/example_kubernetes_executor.py
[2026-06-30T08:38:14.863+0000] {processor.py:840} INFO - DAG(s) 'example_kubernetes_executor' retrieved from /home/airflow/.local/lib/python3.12/site-packages/airflow/example_dags/example_kubernetes_executor.py
[2026-06-30T08:38:14.892+0000] {logging_mixin.py:188} INFO - [2026-06-30T08:38:14.892+0000] {dag.py:3096} INFO - Sync 1 DAGs
[2026-06-30T08:38:14.901+0000] {logging_mixin.py:188} INFO - [2026-06-30T08:38:14.901+0000] {dag.py:3954} INFO - Setting next_dagrun for example_kubernetes_executor to None, run_after=None
[2026-06-30T08:38:14.918+0000] {processor.py:183} INFO - Processing /home/airflow/.local/lib/python3.12/site-packages/airflow/example_dags/example_kubernetes_executor.py took 0.069 seconds
[2026-06-30T08:38:45.218+0000] {processor.py:161} INFO - Started process (PID=24064) to work on /home/airflow/.local/lib/python3.12/site-packages/airflow/example_dags/example_kubernetes_executor.py
[2026-06-30T08:38:45.219+0000] {processor.py:830} INFO - Processing file /home/airflow/.local/lib/python3.12/site-packages/airflow/example_dags/example_kubernetes_executor.py for tasks to queue
[2026-06-30T08:38:45.219+0000] {logging_mixin.py:188} INFO - [2026-06-30T08:38:45.219+0000] {dagbag.py:545} INFO - Filling up the DagBag from /home/airflow/.local/lib/python3.12/site-packages/airflow/example_dags/example_kubernetes_executor.py
[2026-06-30T08:38:45.228+0000] {processor.py:840} INFO - DAG(s) 'example_kubernetes_executor' retrieved from /home/airflow/.local/lib/python3.12/site-packages/airflow/example_dags/example_kubernetes_executor.py
[2026-06-30T08:38:45.259+0000] {logging_mixin.py:188} INFO - [2026-06-30T08:38:45.259+0000] {dag.py:3096} INFO - Sync 1 DAGs
[2026-06-30T08:38:45.268+0000] {logging_mixin.py:188} INFO - [2026-06-30T08:38:45.268+0000] {dag.py:3954} INFO - Setting next_dagrun for example_kubernetes_executor to None, run_after=None
[2026-06-30T08:38:45.281+0000] {processor.py:183} INFO - Processing /home/airflow/.local/lib/python3.12/site-packages/airflow/example_dags/example_kubernetes_executor.py took 0.068 seconds
[2026-06-30T08:39:15.842+0000] {processor.py:161} INFO - Started process (PID=24122) to work on /home/airflow/.local/lib/python3.12/site-packages/airflow/example_dags/example_kubernetes_executor.py
[2026-06-30T08:39:15.843+0000] {processor.py:830} INFO - Processing file /home/airflow/.local/lib/python3.12/site-packages/airflow/example_dags/example_kubernetes_executor.py for tasks to queue
[2026-06-30T08:39:15.844+0000] {logging_mixin.py:188} INFO - [2026-06-30T08:39:15.844+0000] {dagbag.py:545} INFO - Filling up the DagBag from /home/airflow/.local/lib/python3.12/site-packages/airflow/example_dags/example_kubernetes_executor.py
[2026-06-30T08:39:15.852+0000] {processor.py:840} INFO - DAG(s) 'example_kubernetes_executor' retrieved from /home/airflow/.local/lib/python3.12/site-packages/airflow/example_dags/example_kubernetes_executor.py
[2026-06-30T08:39:15.880+0000] {logging_mixin.py:188} INFO - [2026-06-30T08:39:15.879+0000] {dag.py:3096} INFO - Sync 1 DAGs
[2026-06-30T08:39:15.888+0000] {logging_mixin.py:188} INFO - [2026-06-30T08:39:15.888+0000] {dag.py:3954} INFO - Setting next_dagrun for example_kubernetes_executor to None, run_after=None
[2026-06-30T08:39:15.900+0000] {processor.py:183} INFO - Processing /home/airflow/.local/lib/python3.12/site-packages/airflow/example_dags/example_kubernetes_executor.py took 0.063 seconds
[2026-06-30T08:39:46.324+0000] {processor.py:161} INFO - Started process (PID=24180) to work on /home/airflow/.local/lib/python3.12/site-packages/airflow/example_dags/example_kubernetes_executor.py
[2026-06-30T08:39:46.325+0000] {processor.py:830} INFO - Processing file /home/airflow/.local/lib/python3.12/site-packages/airflow/example_dags/example_kubernetes_executor.py for tasks to queue
[2026-06-30T08:39:46.326+0000] {logging_mixin.py:188} INFO - [2026-06-30T08:39:46.326+0000] {dagbag.py:545} INFO - Filling up the DagBag from /home/airflow/.local/lib/python3.12/site-packages/airflow/example_dags/example_kubernetes_executor.py
[2026-06-30T08:39:46.336+0000] {processor.py:840} INFO - DAG(s) 'example_kubernetes_executor' retrieved from /home/airflow/.local/lib/python3.12/site-packages/airflow/example_dags/example_kubernetes_executor.py
[2026-06-30T08:39:46.373+0000] {logging_mixin.py:188} INFO - [2026-06-30T08:39:46.373+0000] {dag.py:3096} INFO - Sync 1 DAGs
[2026-06-30T08:39:46.388+0000] {logging_mixin.py:188} INFO - [2026-06-30T08:39:46.388+0000] {dag.py:3954} INFO - Setting next_dagrun for example_kubernetes_executor to None, run_after=None
[2026-06-30T08:39:46.409+0000] {processor.py:183} INFO - Processing /home/airflow/.local/lib/python3.12/site-packages/airflow/example_dags/example_kubernetes_executor.py took 0.090 seconds
[2026-06-30T08:40:17.082+0000] {processor.py:161} INFO - Started process (PID=24238) to work on /home/airflow/.local/lib/python3.12/site-packages/airflow/example_dags/example_kubernetes_executor.py
[2026-06-30T08:40:17.083+0000] {processor.py:830} INFO - Processing file /home/airflow/.local/lib/python3.12/site-packages/airflow/example_dags/example_kubernetes_executor.py for tasks to queue
[2026-06-30T08:40:17.084+0000] {logging_mixin.py:188} INFO - [2026-06-30T08:40:17.084+0000] {dagbag.py:545} INFO - Filling up the DagBag from /home/airflow/.local/lib/python3.12/site-packages/airflow/example_dags/example_kubernetes_executor.py
[2026-06-30T08:40:17.094+0000] {processor.py:840} INFO - DAG(s) 'example_kubernetes_executor' retrieved from /home/airflow/.local/lib/python3.12/site-packages/airflow/example_dags/example_kubernetes_executor.py
[2026-06-30T08:40:17.129+0000] {logging_mixin.py:188} INFO - [2026-06-30T08:40:17.129+0000] {dag.py:3096} INFO - Sync 1 DAGs
[2026-06-30T08:40:17.139+0000] {logging_mixin.py:188} INFO - [2026-06-30T08:40:17.139+0000] {dag.py:3954} INFO - Setting next_dagrun for example_kubernetes_executor to None, run_after=None
[2026-06-30T08:40:17.155+0000] {processor.py:183} INFO - Processing /home/airflow/.local/lib/python3.12/site-packages/airflow/example_dags/example_kubernetes_executor.py took 0.077 seconds
[2026-06-30T08:40:47.556+0000] {processor.py:161} INFO - Started process (PID=24296) to work on /home/airflow/.local/lib/python3.12/site-packages/airflow/example_dags/example_kubernetes_executor.py
[2026-06-30T08:40:47.557+0000] {processor.py:830} INFO - Processing file /home/airflow/.local/lib/python3.12/site-packages/airflow/example_dags/example_kubernetes_executor.py for tasks to queue
[2026-06-30T08:40:47.558+0000] {logging_mixin.py:188} INFO - [2026-06-30T08:40:47.558+0000] {dagbag.py:545} INFO - Filling up the DagBag from /home/airflow/.local/lib/python3.12/site-packages/airflow/example_dags/example_kubernetes_executor.py
[2026-06-30T08:40:47.569+0000] {processor.py:840} INFO - DAG(s) 'example_kubernetes_executor' retrieved from /home/airflow/.local/lib/python3.12/site-packages/airflow/example_dags/example_kubernetes_executor.py
[2026-06-30T08:40:47.610+0000] {logging_mixin.py:188} INFO - [2026-06-30T08:40:47.610+0000] {dag.py:3096} INFO - Sync 1 DAGs
[2026-06-30T08:40:47.625+0000] {logging_mixin.py:188} INFO - [2026-06-30T08:40:47.624+0000] {dag.py:3954} INFO - Setting next_dagrun for example_kubernetes_executor to None, run_after=None
[2026-06-30T08:40:47.644+0000] {processor.py:183} INFO - Processing /home/airflow/.local/lib/python3.12/site-packages/airflow/example_dags/example_kubernetes_executor.py took 0.093 seconds
[2026-06-30T08:41:18.115+0000] {processor.py:161} INFO - Started process (PID=24354) to work on /home/airflow/.local/lib/python3.12/site-packages/airflow/example_dags/example_kubernetes_executor.py
[2026-06-30T08:41:18.117+0000] {processor.py:830} INFO - Processing file /home/airflow/.local/lib/python3.12/site-packages/airflow/example_dags/example_kubernetes_executor.py for tasks to queue
[2026-06-30T08:41:18.118+0000] {logging_mixin.py:188} INFO - [2026-06-30T08:41:18.118+0000] {dagbag.py:545} INFO - Filling up the DagBag from /home/airflow/.local/lib/python3.12/site-packages/airflow/example_dags/example_kubernetes_executor.py
[2026-06-30T08:41:18.128+0000] {processor.py:840} INFO - DAG(s) 'example_kubernetes_executor' retrieved from /home/airflow/.local/lib/python3.12/site-packages/airflow/example_dags/example_kubernetes_executor.py
[2026-06-30T08:41:18.162+0000] {logging_mixin.py:188} INFO - [2026-06-30T08:41:18.161+0000] {dag.py:3096} INFO - Sync 1 DAGs
[2026-06-30T08:41:18.172+0000] {logging_mixin.py:188} INFO - [2026-06-30T08:41:18.172+0000] {dag.py:3954} INFO - Setting next_dagrun for example_kubernetes_executor to None, run_after=None
[2026-06-30T08:41:18.189+0000] {processor.py:183} INFO - Processing /home/airflow/.local/lib/python3.12/site-packages/airflow/example_dags/example_kubernetes_executor.py took 0.079 seconds
[2026-06-30T08:41:48.586+0000] {processor.py:161} INFO - Started process (PID=24412) to work on /home/airflow/.local/lib/python3.12/site-packages/airflow/example_dags/example_kubernetes_executor.py
[2026-06-30T08:41:48.587+0000] {processor.py:830} INFO - Processing file /home/airflow/.local/lib/python3.12/site-packages/airflow/example_dags/example_kubernetes_executor.py for tasks to queue
[2026-06-30T08:41:48.588+0000] {logging_mixin.py:188} INFO - [2026-06-30T08:41:48.587+0000] {dagbag.py:545} INFO - Filling up the DagBag from /home/airflow/.local/lib/python3.12/site-packages/airflow/example_dags/example_kubernetes_executor.py
[2026-06-30T08:41:48.596+0000] {processor.py:840} INFO - DAG(s) 'example_kubernetes_executor' retrieved from /home/airflow/.local/lib/python3.12/site-packages/airflow/example_dags/example_kubernetes_executor.py
[2026-06-30T08:41:48.621+0000] {logging_mixin.py:188} INFO - [2026-06-30T08:41:48.621+0000] {dag.py:3096} INFO - Sync 1 DAGs
[2026-06-30T08:41:48.629+0000] {logging_mixin.py:188} INFO - [2026-06-30T08:41:48.629+0000] {dag.py:3954} INFO - Setting next_dagrun for example_kubernetes_executor to None, run_after=None
[2026-06-30T08:41:48.642+0000] {processor.py:183} INFO - Processing /home/airflow/.local/lib/python3.12/site-packages/airflow/example_dags/example_kubernetes_executor.py took 0.060 seconds
[2026-06-30T08:42:19.252+0000] {processor.py:161} INFO - Started process (PID=24470) to work on /home/airflow/.local/lib/python3.12/site-packages/airflow/example_dags/example_kubernetes_executor.py
[2026-06-30T08:42:19.252+0000] {processor.py:830} INFO - Processing file /home/airflow/.local/lib/python3.12/site-packages/airflow/example_dags/example_kubernetes_executor.py for tasks to queue
[2026-06-30T08:42:19.253+0000] {logging_mixin.py:188} INFO - [2026-06-30T08:42:19.253+0000] {dagbag.py:545} INFO - Filling up the DagBag from /home/airflow/.local/lib/python3.12/site-packages/airflow/example_dags/example_kubernetes_executor.py
[2026-06-30T08:42:19.260+0000] {processor.py:840} INFO - DAG(s) 'example_kubernetes_executor' retrieved from /home/airflow/.local/lib/python3.12/site-packages/airflow/example_dags/example_kubernetes_executor.py
[2026-06-30T08:42:19.286+0000] {logging_mixin.py:188} INFO - [2026-06-30T08:42:19.286+0000] {dag.py:3096} INFO - Sync 1 DAGs
[2026-06-30T08:42:19.294+0000] {logging_mixin.py:188} INFO - [2026-06-30T08:42:19.294+0000] {dag.py:3954} INFO - Setting next_dagrun for example_kubernetes_executor to None, run_after=None
[2026-06-30T08:42:19.306+0000] {processor.py:183} INFO - Processing /home/airflow/.local/lib/python3.12/site-packages/airflow/example_dags/example_kubernetes_executor.py took 0.059 seconds
[2026-06-30T08:42:50.013+0000] {processor.py:161} INFO - Started process (PID=24528) to work on /home/airflow/.local/lib/python3.12/site-packages/airflow/example_dags/example_kubernetes_executor.py
[2026-06-30T08:42:50.014+0000] {processor.py:830} INFO - Processing file /home/airflow/.local/lib/python3.12/site-packages/airflow/example_dags/example_kubernetes_executor.py for tasks to queue
[2026-06-30T08:42:50.015+0000] {logging_mixin.py:188} INFO - [2026-06-30T08:42:50.014+0000] {dagbag.py:545} INFO - Filling up the DagBag from /home/airflow/.local/lib/python3.12/site-packages/airflow/example_dags/example_kubernetes_executor.py
[2026-06-30T08:42:50.026+0000] {processor.py:840} INFO - DAG(s) 'example_kubernetes_executor' retrieved from /home/airflow/.local/lib/python3.12/site-packages/airflow/example_dags/example_kubernetes_executor.py
[2026-06-30T08:42:50.060+0000] {logging_mixin.py:188} INFO - [2026-06-30T08:42:50.059+0000] {dag.py:3096} INFO - Sync 1 DAGs
[2026-06-30T08:42:50.071+0000] {logging_mixin.py:188} INFO - [2026-06-30T08:42:50.071+0000] {dag.py:3954} INFO - Setting next_dagrun for example_kubernetes_executor to None, run_after=None
[2026-06-30T08:42:50.119+0000] {processor.py:183} INFO - Processing /home/airflow/.local/lib/python3.12/site-packages/airflow/example_dags/example_kubernetes_executor.py took 0.110 seconds
[2026-06-30T08:43:21.067+0000] {processor.py:161} INFO - Started process (PID=24586) to work on /home/airflow/.local/lib/python3.12/site-packages/airflow/example_dags/example_kubernetes_executor.py
[2026-06-30T08:43:21.068+0000] {processor.py:830} INFO - Processing file /home/airflow/.local/lib/python3.12/site-packages/airflow/example_dags/example_kubernetes_executor.py for tasks to queue
[2026-06-30T08:43:21.069+0000] {logging_mixin.py:188} INFO - [2026-06-30T08:43:21.069+0000] {dagbag.py:545} INFO - Filling up the DagBag from /home/airflow/.local/lib/python3.12/site-packages/airflow/example_dags/example_kubernetes_executor.py
[2026-06-30T08:43:21.078+0000] {processor.py:840} INFO - DAG(s) 'example_kubernetes_executor' retrieved from /home/airflow/.local/lib/python3.12/site-packages/airflow/example_dags/example_kubernetes_executor.py
[2026-06-30T08:43:21.107+0000] {logging_mixin.py:188} INFO - [2026-06-30T08:43:21.107+0000] {dag.py:3096} INFO - Sync 1 DAGs
[2026-06-30T08:43:21.116+0000] {logging_mixin.py:188} INFO - [2026-06-30T08:43:21.116+0000] {dag.py:3954} INFO - Setting next_dagrun for example_kubernetes_executor to None, run_after=None
[2026-06-30T08:43:21.129+0000] {processor.py:183} INFO - Processing /home/airflow/.local/lib/python3.12/site-packages/airflow/example_dags/example_kubernetes_executor.py took 0.067 seconds
[2026-06-30T08:43:51.272+0000] {processor.py:161} INFO - Started process (PID=24644) to work on /home/airflow/.local/lib/python3.12/site-packages/airflow/example_dags/example_kubernetes_executor.py
[2026-06-30T08:43:51.273+0000] {processor.py:830} INFO - Processing file /home/airflow/.local/lib/python3.12/site-packages/airflow/example_dags/example_kubernetes_executor.py for tasks to queue
[2026-06-30T08:43:51.273+0000] {logging_mixin.py:188} INFO - [2026-06-30T08:43:51.273+0000] {dagbag.py:545} INFO - Filling up the DagBag from /home/airflow/.local/lib/python3.12/site-packages/airflow/example_dags/example_kubernetes_executor.py
[2026-06-30T08:43:51.281+0000] {processor.py:840} INFO - DAG(s) 'example_kubernetes_executor' retrieved from /home/airflow/.local/lib/python3.12/site-packages/airflow/example_dags/example_kubernetes_executor.py
[2026-06-30T08:43:51.312+0000] {logging_mixin.py:188} INFO - [2026-06-30T08:43:51.312+0000] {dag.py:3096} INFO - Sync 1 DAGs
[2026-06-30T08:43:51.323+0000] {logging_mixin.py:188} INFO - [2026-06-30T08:43:51.322+0000] {dag.py:3954} INFO - Setting next_dagrun for example_kubernetes_executor to None, run_after=None
[2026-06-30T08:43:51.337+0000] {processor.py:183} INFO - Processing /home/airflow/.local/lib/python3.12/site-packages/airflow/example_dags/example_kubernetes_executor.py took 0.069 seconds
[2026-06-30T08:44:21.652+0000] {processor.py:161} INFO - Started process (PID=24702) to work on /home/airflow/.local/lib/python3.12/site-packages/airflow/example_dags/example_kubernetes_executor.py
[2026-06-30T08:44:21.653+0000] {processor.py:830} INFO - Processing file /home/airflow/.local/lib/python3.12/site-packages/airflow/example_dags/example_kubernetes_executor.py for tasks to queue
[2026-06-30T08:44:21.654+0000] {logging_mixin.py:188} INFO - [2026-06-30T08:44:21.653+0000] {dagbag.py:545} INFO - Filling up the DagBag from /home/airflow/.local/lib/python3.12/site-packages/airflow/example_dags/example_kubernetes_executor.py
[2026-06-30T08:44:21.661+0000] {processor.py:840} INFO - DAG(s) 'example_kubernetes_executor' retrieved from /home/airflow/.local/lib/python3.12/site-packages/airflow/example_dags/example_kubernetes_executor.py
[2026-06-30T08:44:21.691+0000] {logging_mixin.py:188} INFO - [2026-06-30T08:44:21.690+0000] {dag.py:3096} INFO - Sync 1 DAGs
[2026-06-30T08:44:21.700+0000] {logging_mixin.py:188} INFO - [2026-06-30T08:44:21.700+0000] {dag.py:3954} INFO - Setting next_dagrun for example_kubernetes_executor to None, run_after=None
[2026-06-30T08:44:21.714+0000] {processor.py:183} INFO - Processing /home/airflow/.local/lib/python3.12/site-packages/airflow/example_dags/example_kubernetes_executor.py took 0.066 seconds
[2026-06-30T08:44:52.262+0000] {processor.py:161} INFO - Started process (PID=24760) to work on /home/airflow/.local/lib/python3.12/site-packages/airflow/example_dags/example_kubernetes_executor.py
[2026-06-30T08:44:52.263+0000] {processor.py:830} INFO - Processing file /home/airflow/.local/lib/python3.12/site-packages/airflow/example_dags/example_kubernetes_executor.py for tasks to queue
[2026-06-30T08:44:52.264+0000] {logging_mixin.py:188} INFO - [2026-06-30T08:44:52.263+0000] {dagbag.py:545} INFO - Filling up the DagBag from /home/airflow/.local/lib/python3.12/site-packages/airflow/example_dags/example_kubernetes_executor.py
[2026-06-30T08:44:52.272+0000] {processor.py:840} INFO - DAG(s) 'example_kubernetes_executor' retrieved from /home/airflow/.local/lib/python3.12/site-packages/airflow/example_dags/example_kubernetes_executor.py
[2026-06-30T08:44:52.299+0000] {logging_mixin.py:188} INFO - [2026-06-30T08:44:52.299+0000] {dag.py:3096} INFO - Sync 1 DAGs
[2026-06-30T08:44:52.308+0000] {logging_mixin.py:188} INFO - [2026-06-30T08:44:52.307+0000] {dag.py:3954} INFO - Setting next_dagrun for example_kubernetes_executor to None, run_after=None
[2026-06-30T08:44:52.322+0000] {processor.py:183} INFO - Processing /home/airflow/.local/lib/python3.12/site-packages/airflow/example_dags/example_kubernetes_executor.py took 0.064 seconds
[2026-06-30T08:45:22.727+0000] {processor.py:161} INFO - Started process (PID=24818) to work on /home/airflow/.local/lib/python3.12/site-packages/airflow/example_dags/example_kubernetes_executor.py
[2026-06-30T08:45:22.729+0000] {processor.py:830} INFO - Processing file /home/airflow/.local/lib/python3.12/site-packages/airflow/example_dags/example_kubernetes_executor.py for tasks to queue
[2026-06-30T08:45:22.730+0000] {logging_mixin.py:188} INFO - [2026-06-30T08:45:22.729+0000] {dagbag.py:545} INFO - Filling up the DagBag from /home/airflow/.local/lib/python3.12/site-packages/airflow/example_dags/example_kubernetes_executor.py
[2026-06-30T08:45:22.738+0000] {processor.py:840} INFO - DAG(s) 'example_kubernetes_executor' retrieved from /home/airflow/.local/lib/python3.12/site-packages/airflow/example_dags/example_kubernetes_executor.py
[2026-06-30T08:45:22.772+0000] {logging_mixin.py:188} INFO - [2026-06-30T08:45:22.772+0000] {dag.py:3096} INFO - Sync 1 DAGs
[2026-06-30T08:45:22.783+0000] {logging_mixin.py:188} INFO - [2026-06-30T08:45:22.783+0000] {dag.py:3954} INFO - Setting next_dagrun for example_kubernetes_executor to None, run_after=None
[2026-06-30T08:45:22.799+0000] {processor.py:183} INFO - Processing /home/airflow/.local/lib/python3.12/site-packages/airflow/example_dags/example_kubernetes_executor.py took 0.077 seconds
[2026-06-30T08:45:53.428+0000] {processor.py:161} INFO - Started process (PID=24876) to work on /home/airflow/.local/lib/python3.12/site-packages/airflow/example_dags/example_kubernetes_executor.py
[2026-06-30T08:45:53.430+0000] {processor.py:830} INFO - Processing file /home/airflow/.local/lib/python3.12/site-packages/airflow/example_dags/example_kubernetes_executor.py for tasks to queue
[2026-06-30T08:45:53.430+0000] {logging_mixin.py:188} INFO - [2026-06-30T08:45:53.430+0000] {dagbag.py:545} INFO - Filling up the DagBag from /home/airflow/.local/lib/python3.12/site-packages/airflow/example_dags/example_kubernetes_executor.py
[2026-06-30T08:45:53.439+0000] {processor.py:840} INFO - DAG(s) 'example_kubernetes_executor' retrieved from /home/airflow/.local/lib/python3.12/site-packages/airflow/example_dags/example_kubernetes_executor.py
[2026-06-30T08:45:53.470+0000] {logging_mixin.py:188} INFO - [2026-06-30T08:45:53.470+0000] {dag.py:3096} INFO - Sync 1 DAGs
[2026-06-30T08:45:53.479+0000] {logging_mixin.py:188} INFO - [2026-06-30T08:45:53.479+0000] {dag.py:3954} INFO - Setting next_dagrun for example_kubernetes_executor to None, run_after=None
[2026-06-30T08:45:53.492+0000] {processor.py:183} INFO - Processing /home/airflow/.local/lib/python3.12/site-packages/airflow/example_dags/example_kubernetes_executor.py took 0.068 seconds
[2026-06-30T08:46:24.048+0000] {processor.py:161} INFO - Started process (PID=24934) to work on /home/airflow/.local/lib/python3.12/site-packages/airflow/example_dags/example_kubernetes_executor.py
[2026-06-30T08:46:24.049+0000] {processor.py:830} INFO - Processing file /home/airflow/.local/lib/python3.12/site-packages/airflow/example_dags/example_kubernetes_executor.py for tasks to queue
[2026-06-30T08:46:24.050+0000] {logging_mixin.py:188} INFO - [2026-06-30T08:46:24.050+0000] {dagbag.py:545} INFO - Filling up the DagBag from /home/airflow/.local/lib/python3.12/site-packages/airflow/example_dags/example_kubernetes_executor.py
[2026-06-30T08:46:24.058+0000] {processor.py:840} INFO - DAG(s) 'example_kubernetes_executor' retrieved from /home/airflow/.local/lib/python3.12/site-packages/airflow/example_dags/example_kubernetes_executor.py
[2026-06-30T08:46:24.083+0000] {logging_mixin.py:188} INFO - [2026-06-30T08:46:24.083+0000] {dag.py:3096} INFO - Sync 1 DAGs
[2026-06-30T08:46:24.092+0000] {logging_mixin.py:188} INFO - [2026-06-30T08:46:24.092+0000] {dag.py:3954} INFO - Setting next_dagrun for example_kubernetes_executor to None, run_after=None
[2026-06-30T08:46:24.105+0000] {processor.py:183} INFO - Processing /home/airflow/.local/lib/python3.12/site-packages/airflow/example_dags/example_kubernetes_executor.py took 0.061 seconds
[2026-06-30T08:46:54.496+0000] {processor.py:161} INFO - Started process (PID=24992) to work on /home/airflow/.local/lib/python3.12/site-packages/airflow/example_dags/example_kubernetes_executor.py
[2026-06-30T08:46:54.498+0000] {processor.py:830} INFO - Processing file /home/airflow/.local/lib/python3.12/site-packages/airflow/example_dags/example_kubernetes_executor.py for tasks to queue
[2026-06-30T08:46:54.499+0000] {logging_mixin.py:188} INFO - [2026-06-30T08:46:54.498+0000] {dagbag.py:545} INFO - Filling up the DagBag from /home/airflow/.local/lib/python3.12/site-packages/airflow/example_dags/example_kubernetes_executor.py
[2026-06-30T08:46:54.510+0000] {processor.py:840} INFO - DAG(s) 'example_kubernetes_executor' retrieved from /home/airflow/.local/lib/python3.12/site-packages/airflow/example_dags/example_kubernetes_executor.py
[2026-06-30T08:46:54.548+0000] {logging_mixin.py:188} INFO - [2026-06-30T08:46:54.548+0000] {dag.py:3096} INFO - Sync 1 DAGs
[2026-06-30T08:46:54.557+0000] {logging_mixin.py:188} INFO - [2026-06-30T08:46:54.557+0000] {dag.py:3954} INFO - Setting next_dagrun for example_kubernetes_executor to None, run_after=None
[2026-06-30T08:46:54.572+0000] {processor.py:183} INFO - Processing /home/airflow/.local/lib/python3.12/site-packages/airflow/example_dags/example_kubernetes_executor.py took 0.081 seconds
[2026-06-30T08:47:24.994+0000] {processor.py:161} INFO - Started process (PID=25050) to work on /home/airflow/.local/lib/python3.12/site-packages/airflow/example_dags/example_kubernetes_executor.py
[2026-06-30T08:47:24.994+0000] {processor.py:830} INFO - Processing file /home/airflow/.local/lib/python3.12/site-packages/airflow/example_dags/example_kubernetes_executor.py for tasks to queue
[2026-06-30T08:47:24.995+0000] {logging_mixin.py:188} INFO - [2026-06-30T08:47:24.995+0000] {dagbag.py:545} INFO - Filling up the DagBag from /home/airflow/.local/lib/python3.12/site-packages/airflow/example_dags/example_kubernetes_executor.py
[2026-06-30T08:47:25.004+0000] {processor.py:840} INFO - DAG(s) 'example_kubernetes_executor' retrieved from /home/airflow/.local/lib/python3.12/site-packages/airflow/example_dags/example_kubernetes_executor.py
[2026-06-30T08:47:25.031+0000] {logging_mixin.py:188} INFO - [2026-06-30T08:47:25.031+0000] {dag.py:3096} INFO - Sync 1 DAGs
[2026-06-30T08:47:25.039+0000] {logging_mixin.py:188} INFO - [2026-06-30T08:47:25.039+0000] {dag.py:3954} INFO - Setting next_dagrun for example_kubernetes_executor to None, run_after=None
[2026-06-30T08:47:25.052+0000] {processor.py:183} INFO - Processing /home/airflow/.local/lib/python3.12/site-packages/airflow/example_dags/example_kubernetes_executor.py took 0.063 seconds
[2026-06-30T08:47:55.592+0000] {processor.py:161} INFO - Started process (PID=25108) to work on /home/airflow/.local/lib/python3.12/site-packages/airflow/example_dags/example_kubernetes_executor.py
[2026-06-30T08:47:55.593+0000] {processor.py:830} INFO - Processing file /home/airflow/.local/lib/python3.12/site-packages/airflow/example_dags/example_kubernetes_executor.py for tasks to queue
[2026-06-30T08:47:55.594+0000] {logging_mixin.py:188} INFO - [2026-06-30T08:47:55.594+0000] {dagbag.py:545} INFO - Filling up the DagBag from /home/airflow/.local/lib/python3.12/site-packages/airflow/example_dags/example_kubernetes_executor.py
[2026-06-30T08:47:55.603+0000] {processor.py:840} INFO - DAG(s) 'example_kubernetes_executor' retrieved from /home/airflow/.local/lib/python3.12/site-packages/airflow/example_dags/example_kubernetes_executor.py
[2026-06-30T08:47:55.633+0000] {logging_mixin.py:188} INFO - [2026-06-30T08:47:55.633+0000] {dag.py:3096} INFO - Sync 1 DAGs
[2026-06-30T08:47:55.642+0000] {logging_mixin.py:188} INFO - [2026-06-30T08:47:55.641+0000] {dag.py:3954} INFO - Setting next_dagrun for example_kubernetes_executor to None, run_after=None
[2026-06-30T08:47:55.655+0000] {processor.py:183} INFO - Processing /home/airflow/.local/lib/python3.12/site-packages/airflow/example_dags/example_kubernetes_executor.py took 0.067 seconds
[2026-06-30T08:48:26.139+0000] {processor.py:161} INFO - Started process (PID=25166) to work on /home/airflow/.local/lib/python3.12/site-packages/airflow/example_dags/example_kubernetes_executor.py
[2026-06-30T08:48:26.140+0000] {processor.py:830} INFO - Processing file /home/airflow/.local/lib/python3.12/site-packages/airflow/example_dags/example_kubernetes_executor.py for tasks to queue
[2026-06-30T08:48:26.141+0000] {logging_mixin.py:188} INFO - [2026-06-30T08:48:26.141+0000] {dagbag.py:545} INFO - Filling up the DagBag from /home/airflow/.local/lib/python3.12/site-packages/airflow/example_dags/example_kubernetes_executor.py
[2026-06-30T08:48:26.153+0000] {processor.py:840} INFO - DAG(s) 'example_kubernetes_executor' retrieved from /home/airflow/.local/lib/python3.12/site-packages/airflow/example_dags/example_kubernetes_executor.py
[2026-06-30T08:48:26.191+0000] {logging_mixin.py:188} INFO - [2026-06-30T08:48:26.190+0000] {dag.py:3096} INFO - Sync 1 DAGs
[2026-06-30T08:48:26.201+0000] {logging_mixin.py:188} INFO - [2026-06-30T08:48:26.201+0000] {dag.py:3954} INFO - Setting next_dagrun for example_kubernetes_executor to None, run_after=None
[2026-06-30T08:48:26.225+0000] {processor.py:183} INFO - Processing /home/airflow/.local/lib/python3.12/site-packages/airflow/example_dags/example_kubernetes_executor.py took 0.092 seconds
[2026-06-30T08:48:56.645+0000] {processor.py:161} INFO - Started process (PID=25224) to work on /home/airflow/.local/lib/python3.12/site-packages/airflow/example_dags/example_kubernetes_executor.py
[2026-06-30T08:48:56.646+0000] {processor.py:830} INFO - Processing file /home/airflow/.local/lib/python3.12/site-packages/airflow/example_dags/example_kubernetes_executor.py for tasks to queue
[2026-06-30T08:48:56.647+0000] {logging_mixin.py:188} INFO - [2026-06-30T08:48:56.647+0000] {dagbag.py:545} INFO - Filling up the DagBag from /home/airflow/.local/lib/python3.12/site-packages/airflow/example_dags/example_kubernetes_executor.py
[2026-06-30T08:48:56.655+0000] {processor.py:840} INFO - DAG(s) 'example_kubernetes_executor' retrieved from /home/airflow/.local/lib/python3.12/site-packages/airflow/example_dags/example_kubernetes_executor.py
[2026-06-30T08:48:56.686+0000] {logging_mixin.py:188} INFO - [2026-06-30T08:48:56.686+0000] {dag.py:3096} INFO - Sync 1 DAGs
[2026-06-30T08:48:56.695+0000] {logging_mixin.py:188} INFO - [2026-06-30T08:48:56.695+0000] {dag.py:3954} INFO - Setting next_dagrun for example_kubernetes_executor to None, run_after=None
[2026-06-30T08:48:56.711+0000] {processor.py:183} INFO - Processing /home/airflow/.local/lib/python3.12/site-packages/airflow/example_dags/example_kubernetes_executor.py took 0.070 seconds
[2026-06-30T08:49:27.263+0000] {processor.py:161} INFO - Started process (PID=25282) to work on /home/airflow/.local/lib/python3.12/site-packages/airflow/example_dags/example_kubernetes_executor.py
[2026-06-30T08:49:27.266+0000] {processor.py:830} INFO - Processing file /home/airflow/.local/lib/python3.12/site-packages/airflow/example_dags/example_kubernetes_executor.py for tasks to queue
[2026-06-30T08:49:27.270+0000] {logging_mixin.py:188} INFO - [2026-06-30T08:49:27.270+0000] {dagbag.py:545} INFO - Filling up the DagBag from /home/airflow/.local/lib/python3.12/site-packages/airflow/example_dags/example_kubernetes_executor.py
[2026-06-30T08:49:27.279+0000] {processor.py:840} INFO - DAG(s) 'example_kubernetes_executor' retrieved from /home/airflow/.local/lib/python3.12/site-packages/airflow/example_dags/example_kubernetes_executor.py
[2026-06-30T08:49:27.311+0000] {logging_mixin.py:188} INFO - [2026-06-30T08:49:27.311+0000] {dag.py:3096} INFO - Sync 1 DAGs
[2026-06-30T08:49:27.321+0000] {logging_mixin.py:188} INFO - [2026-06-30T08:49:27.321+0000] {dag.py:3954} INFO - Setting next_dagrun for example_kubernetes_executor to None, run_after=None
[2026-06-30T08:49:27.334+0000] {processor.py:183} INFO - Processing /home/airflow/.local/lib/python3.12/site-packages/airflow/example_dags/example_kubernetes_executor.py took 0.075 seconds
[2026-06-30T08:49:57.935+0000] {processor.py:161} INFO - Started process (PID=25339) to work on /home/airflow/.local/lib/python3.12/site-packages/airflow/example_dags/example_kubernetes_executor.py
[2026-06-30T08:49:57.936+0000] {processor.py:830} INFO - Processing file /home/airflow/.local/lib/python3.12/site-packages/airflow/example_dags/example_kubernetes_executor.py for tasks to queue
[2026-06-30T08:49:57.937+0000] {logging_mixin.py:188} INFO - [2026-06-30T08:49:57.937+0000] {dagbag.py:545} INFO - Filling up the DagBag from /home/airflow/.local/lib/python3.12/site-packages/airflow/example_dags/example_kubernetes_executor.py
[2026-06-30T08:49:57.949+0000] {processor.py:840} INFO - DAG(s) 'example_kubernetes_executor' retrieved from /home/airflow/.local/lib/python3.12/site-packages/airflow/example_dags/example_kubernetes_executor.py
[2026-06-30T08:49:57.993+0000] {logging_mixin.py:188} INFO - [2026-06-30T08:49:57.993+0000] {dag.py:3096} INFO - Sync 1 DAGs
[2026-06-30T08:49:58.008+0000] {logging_mixin.py:188} INFO - [2026-06-30T08:49:58.008+0000] {dag.py:3954} INFO - Setting next_dagrun for example_kubernetes_executor to None, run_after=None
[2026-06-30T08:49:58.028+0000] {processor.py:183} INFO - Processing /home/airflow/.local/lib/python3.12/site-packages/airflow/example_dags/example_kubernetes_executor.py took 0.099 seconds
[2026-06-30T08:50:28.394+0000] {processor.py:161} INFO - Started process (PID=25397) to work on /home/airflow/.local/lib/python3.12/site-packages/airflow/example_dags/example_kubernetes_executor.py
[2026-06-30T08:50:28.395+0000] {processor.py:830} INFO - Processing file /home/airflow/.local/lib/python3.12/site-packages/airflow/example_dags/example_kubernetes_executor.py for tasks to queue
[2026-06-30T08:50:28.395+0000] {logging_mixin.py:188} INFO - [2026-06-30T08:50:28.395+0000] {dagbag.py:545} INFO - Filling up the DagBag from /home/airflow/.local/lib/python3.12/site-packages/airflow/example_dags/example_kubernetes_executor.py
[2026-06-30T08:50:28.403+0000] {processor.py:840} INFO - DAG(s) 'example_kubernetes_executor' retrieved from /home/airflow/.local/lib/python3.12/site-packages/airflow/example_dags/example_kubernetes_executor.py
[2026-06-30T08:50:28.429+0000] {logging_mixin.py:188} INFO - [2026-06-30T08:50:28.429+0000] {dag.py:3096} INFO - Sync 1 DAGs
[2026-06-30T08:50:28.437+0000] {logging_mixin.py:188} INFO - [2026-06-30T08:50:28.437+0000] {dag.py:3954} INFO - Setting next_dagrun for example_kubernetes_executor to None, run_after=None
[2026-06-30T08:50:28.452+0000] {processor.py:183} INFO - Processing /home/airflow/.local/lib/python3.12/site-packages/airflow/example_dags/example_kubernetes_executor.py took 0.062 seconds
[2026-06-30T08:50:58.686+0000] {processor.py:161} INFO - Started process (PID=25455) to work on /home/airflow/.local/lib/python3.12/site-packages/airflow/example_dags/example_kubernetes_executor.py
[2026-06-30T08:50:58.687+0000] {processor.py:830} INFO - Processing file /home/airflow/.local/lib/python3.12/site-packages/airflow/example_dags/example_kubernetes_executor.py for tasks to queue
[2026-06-30T08:50:58.688+0000] {logging_mixin.py:188} INFO - [2026-06-30T08:50:58.687+0000] {dagbag.py:545} INFO - Filling up the DagBag from /home/airflow/.local/lib/python3.12/site-packages/airflow/example_dags/example_kubernetes_executor.py
[2026-06-30T08:50:58.696+0000] {processor.py:840} INFO - DAG(s) 'example_kubernetes_executor' retrieved from /home/airflow/.local/lib/python3.12/site-packages/airflow/example_dags/example_kubernetes_executor.py
[2026-06-30T08:50:58.721+0000] {logging_mixin.py:188} INFO - [2026-06-30T08:50:58.721+0000] {dag.py:3096} INFO - Sync 1 DAGs
[2026-06-30T08:50:58.729+0000] {logging_mixin.py:188} INFO - [2026-06-30T08:50:58.729+0000] {dag.py:3954} INFO - Setting next_dagrun for example_kubernetes_executor to None, run_after=None
[2026-06-30T08:50:58.742+0000] {processor.py:183} INFO - Processing /home/airflow/.local/lib/python3.12/site-packages/airflow/example_dags/example_kubernetes_executor.py took 0.060 seconds
[2026-06-30T08:51:29.428+0000] {processor.py:161} INFO - Started process (PID=25513) to work on /home/airflow/.local/lib/python3.12/site-packages/airflow/example_dags/example_kubernetes_executor.py
[2026-06-30T08:51:29.430+0000] {processor.py:830} INFO - Processing file /home/airflow/.local/lib/python3.12/site-packages/airflow/example_dags/example_kubernetes_executor.py for tasks to queue
[2026-06-30T08:51:29.430+0000] {logging_mixin.py:188} INFO - [2026-06-30T08:51:29.430+0000] {dagbag.py:545} INFO - Filling up the DagBag from /home/airflow/.local/lib/python3.12/site-packages/airflow/example_dags/example_kubernetes_executor.py
[2026-06-30T08:51:29.439+0000] {processor.py:840} INFO - DAG(s) 'example_kubernetes_executor' retrieved from /home/airflow/.local/lib/python3.12/site-packages/airflow/example_dags/example_kubernetes_executor.py
[2026-06-30T08:51:29.467+0000] {logging_mixin.py:188} INFO - [2026-06-30T08:51:29.466+0000] {dag.py:3096} INFO - Sync 1 DAGs
[2026-06-30T08:51:29.478+0000] {logging_mixin.py:188} INFO - [2026-06-30T08:51:29.477+0000] {dag.py:3954} INFO - Setting next_dagrun for example_kubernetes_executor to None, run_after=None
[2026-06-30T08:51:29.595+0000] {processor.py:183} INFO - Processing /home/airflow/.local/lib/python3.12/site-packages/airflow/example_dags/example_kubernetes_executor.py took 0.171 seconds
[2026-06-30T08:51:59.653+0000] {processor.py:161} INFO - Started process (PID=25570) to work on /home/airflow/.local/lib/python3.12/site-packages/airflow/example_dags/example_kubernetes_executor.py
[2026-06-30T08:51:59.654+0000] {processor.py:830} INFO - Processing file /home/airflow/.local/lib/python3.12/site-packages/airflow/example_dags/example_kubernetes_executor.py for tasks to queue
[2026-06-30T08:51:59.655+0000] {logging_mixin.py:188} INFO - [2026-06-30T08:51:59.654+0000] {dagbag.py:545} INFO - Filling up the DagBag from /home/airflow/.local/lib/python3.12/site-packages/airflow/example_dags/example_kubernetes_executor.py
[2026-06-30T08:51:59.663+0000] {processor.py:840} INFO - DAG(s) 'example_kubernetes_executor' retrieved from /home/airflow/.local/lib/python3.12/site-packages/airflow/example_dags/example_kubernetes_executor.py
[2026-06-30T08:51:59.689+0000] {logging_mixin.py:188} INFO - [2026-06-30T08:51:59.689+0000] {dag.py:3096} INFO - Sync 1 DAGs
[2026-06-30T08:51:59.697+0000] {logging_mixin.py:188} INFO - [2026-06-30T08:51:59.697+0000] {dag.py:3954} INFO - Setting next_dagrun for example_kubernetes_executor to None, run_after=None
[2026-06-30T08:51:59.711+0000] {processor.py:183} INFO - Processing /home/airflow/.local/lib/python3.12/site-packages/airflow/example_dags/example_kubernetes_executor.py took 0.063 seconds
[2026-06-30T08:52:30.379+0000] {processor.py:161} INFO - Started process (PID=25628) to work on /home/airflow/.local/lib/python3.12/site-packages/airflow/example_dags/example_kubernetes_executor.py
[2026-06-30T08:52:30.380+0000] {processor.py:830} INFO - Processing file /home/airflow/.local/lib/python3.12/site-packages/airflow/example_dags/example_kubernetes_executor.py for tasks to queue
[2026-06-30T08:52:30.380+0000] {logging_mixin.py:188} INFO - [2026-06-30T08:52:30.380+0000] {dagbag.py:545} INFO - Filling up the DagBag from /home/airflow/.local/lib/python3.12/site-packages/airflow/example_dags/example_kubernetes_executor.py
[2026-06-30T08:52:30.389+0000] {processor.py:840} INFO - DAG(s) 'example_kubernetes_executor' retrieved from /home/airflow/.local/lib/python3.12/site-packages/airflow/example_dags/example_kubernetes_executor.py
[2026-06-30T08:52:30.415+0000] {logging_mixin.py:188} INFO - [2026-06-30T08:52:30.415+0000] {dag.py:3096} INFO - Sync 1 DAGs
[2026-06-30T08:52:30.423+0000] {logging_mixin.py:188} INFO - [2026-06-30T08:52:30.423+0000] {dag.py:3954} INFO - Setting next_dagrun for example_kubernetes_executor to None, run_after=None
[2026-06-30T08:52:30.436+0000] {processor.py:183} INFO - Processing /home/airflow/.local/lib/python3.12/site-packages/airflow/example_dags/example_kubernetes_executor.py took 0.062 seconds
[2026-06-30T08:53:00.842+0000] {processor.py:161} INFO - Started process (PID=25678) to work on /home/airflow/.local/lib/python3.12/site-packages/airflow/example_dags/example_kubernetes_executor.py
[2026-06-30T08:53:00.843+0000] {processor.py:830} INFO - Processing file /home/airflow/.local/lib/python3.12/site-packages/airflow/example_dags/example_kubernetes_executor.py for tasks to queue
[2026-06-30T08:53:00.844+0000] {logging_mixin.py:188} INFO - [2026-06-30T08:53:00.844+0000] {dagbag.py:545} INFO - Filling up the DagBag from /home/airflow/.local/lib/python3.12/site-packages/airflow/example_dags/example_kubernetes_executor.py
[2026-06-30T08:53:00.853+0000] {processor.py:840} INFO - DAG(s) 'example_kubernetes_executor' retrieved from /home/airflow/.local/lib/python3.12/site-packages/airflow/example_dags/example_kubernetes_executor.py
[2026-06-30T08:53:01.008+0000] {logging_mixin.py:188} INFO - [2026-06-30T08:53:01.008+0000] {dag.py:3096} INFO - Sync 1 DAGs
[2026-06-30T08:53:01.017+0000] {logging_mixin.py:188} INFO - [2026-06-30T08:53:01.017+0000] {dag.py:3954} INFO - Setting next_dagrun for example_kubernetes_executor to None, run_after=None
[2026-06-30T08:53:01.030+0000] {processor.py:183} INFO - Processing /home/airflow/.local/lib/python3.12/site-packages/airflow/example_dags/example_kubernetes_executor.py took 0.192 seconds
