[2026-06-30T08:05:46.738+0000] {processor.py:161} INFO - Started process (PID=21740) to work on /home/airflow/.local/lib/python3.12/site-packages/airflow/example_dags/example_latest_only.py
[2026-06-30T08:05:46.740+0000] {processor.py:830} INFO - Processing file /home/airflow/.local/lib/python3.12/site-packages/airflow/example_dags/example_latest_only.py for tasks to queue
[2026-06-30T08:05:46.741+0000] {logging_mixin.py:188} INFO - [2026-06-30T08:05:46.740+0000] {dagbag.py:545} INFO - Filling up the DagBag from /home/airflow/.local/lib/python3.12/site-packages/airflow/example_dags/example_latest_only.py
[2026-06-30T08:05:46.746+0000] {processor.py:840} INFO - DAG(s) 'latest_only' retrieved from /home/airflow/.local/lib/python3.12/site-packages/airflow/example_dags/example_latest_only.py
[2026-06-30T08:05:46.767+0000] {logging_mixin.py:188} INFO - [2026-06-30T08:05:46.767+0000] {dag.py:3096} INFO - Sync 1 DAGs
[2026-06-30T08:05:46.789+0000] {logging_mixin.py:188} INFO - [2026-06-30T08:05:46.789+0000] {dag.py:3954} INFO - Setting next_dagrun for latest_only to 2026-06-30 04:00:00+00:00, run_after=2026-06-30 08:00:00+00:00
[2026-06-30T08:05:46.809+0000] {processor.py:183} INFO - Processing /home/airflow/.local/lib/python3.12/site-packages/airflow/example_dags/example_latest_only.py took 0.077 seconds
[2026-06-30T08:18:53.936+0000] {processor.py:161} INFO - Started process (PID=21792) to work on /home/airflow/.local/lib/python3.12/site-packages/airflow/example_dags/example_latest_only.py
[2026-06-30T08:18:53.938+0000] {processor.py:830} INFO - Processing file /home/airflow/.local/lib/python3.12/site-packages/airflow/example_dags/example_latest_only.py for tasks to queue
[2026-06-30T08:18:53.940+0000] {logging_mixin.py:188} INFO - [2026-06-30T08:18:53.939+0000] {dagbag.py:545} INFO - Filling up the DagBag from /home/airflow/.local/lib/python3.12/site-packages/airflow/example_dags/example_latest_only.py
[2026-06-30T08:18:53.949+0000] {processor.py:840} INFO - DAG(s) 'latest_only' retrieved from /home/airflow/.local/lib/python3.12/site-packages/airflow/example_dags/example_latest_only.py
[2026-06-30T08:18:53.970+0000] {logging_mixin.py:188} INFO - [2026-06-30T08:18:53.970+0000] {dag.py:3096} INFO - Sync 1 DAGs
[2026-06-30T08:18:53.987+0000] {logging_mixin.py:188} INFO - [2026-06-30T08:18:53.986+0000] {dag.py:3954} INFO - Setting next_dagrun for latest_only to 2026-06-30 04:00:00+00:00, run_after=2026-06-30 08:00:00+00:00
[2026-06-30T08:18:54.001+0000] {processor.py:183} INFO - Processing /home/airflow/.local/lib/python3.12/site-packages/airflow/example_dags/example_latest_only.py took 0.075 seconds
[2026-06-30T08:19:24.071+0000] {processor.py:161} INFO - Started process (PID=21850) to work on /home/airflow/.local/lib/python3.12/site-packages/airflow/example_dags/example_latest_only.py
[2026-06-30T08:19:24.073+0000] {processor.py:830} INFO - Processing file /home/airflow/.local/lib/python3.12/site-packages/airflow/example_dags/example_latest_only.py for tasks to queue
[2026-06-30T08:19:24.074+0000] {logging_mixin.py:188} INFO - [2026-06-30T08:19:24.074+0000] {dagbag.py:545} INFO - Filling up the DagBag from /home/airflow/.local/lib/python3.12/site-packages/airflow/example_dags/example_latest_only.py
[2026-06-30T08:19:24.080+0000] {processor.py:840} INFO - DAG(s) 'latest_only' retrieved from /home/airflow/.local/lib/python3.12/site-packages/airflow/example_dags/example_latest_only.py
[2026-06-30T08:19:24.101+0000] {logging_mixin.py:188} INFO - [2026-06-30T08:19:24.101+0000] {dag.py:3096} INFO - Sync 1 DAGs
[2026-06-30T08:19:24.119+0000] {logging_mixin.py:188} INFO - [2026-06-30T08:19:24.118+0000] {dag.py:3954} INFO - Setting next_dagrun for latest_only to 2026-06-30 04:00:00+00:00, run_after=2026-06-30 08:00:00+00:00
[2026-06-30T08:19:24.136+0000] {processor.py:183} INFO - Processing /home/airflow/.local/lib/python3.12/site-packages/airflow/example_dags/example_latest_only.py took 0.072 seconds
[2026-06-30T08:19:54.328+0000] {processor.py:161} INFO - Started process (PID=21908) to work on /home/airflow/.local/lib/python3.12/site-packages/airflow/example_dags/example_latest_only.py
[2026-06-30T08:19:54.329+0000] {processor.py:830} INFO - Processing file /home/airflow/.local/lib/python3.12/site-packages/airflow/example_dags/example_latest_only.py for tasks to queue
[2026-06-30T08:19:54.330+0000] {logging_mixin.py:188} INFO - [2026-06-30T08:19:54.330+0000] {dagbag.py:545} INFO - Filling up the DagBag from /home/airflow/.local/lib/python3.12/site-packages/airflow/example_dags/example_latest_only.py
[2026-06-30T08:19:54.334+0000] {processor.py:840} INFO - DAG(s) 'latest_only' retrieved from /home/airflow/.local/lib/python3.12/site-packages/airflow/example_dags/example_latest_only.py
[2026-06-30T08:19:54.349+0000] {logging_mixin.py:188} INFO - [2026-06-30T08:19:54.349+0000] {dag.py:3096} INFO - Sync 1 DAGs
[2026-06-30T08:19:54.365+0000] {logging_mixin.py:188} INFO - [2026-06-30T08:19:54.365+0000] {dag.py:3954} INFO - Setting next_dagrun for latest_only to 2026-06-30 04:00:00+00:00, run_after=2026-06-30 08:00:00+00:00
[2026-06-30T08:19:54.379+0000] {processor.py:183} INFO - Processing /home/airflow/.local/lib/python3.12/site-packages/airflow/example_dags/example_latest_only.py took 0.055 seconds
[2026-06-30T08:20:24.590+0000] {processor.py:161} INFO - Started process (PID=21966) to work on /home/airflow/.local/lib/python3.12/site-packages/airflow/example_dags/example_latest_only.py
[2026-06-30T08:20:24.591+0000] {processor.py:830} INFO - Processing file /home/airflow/.local/lib/python3.12/site-packages/airflow/example_dags/example_latest_only.py for tasks to queue
[2026-06-30T08:20:24.592+0000] {logging_mixin.py:188} INFO - [2026-06-30T08:20:24.592+0000] {dagbag.py:545} INFO - Filling up the DagBag from /home/airflow/.local/lib/python3.12/site-packages/airflow/example_dags/example_latest_only.py
[2026-06-30T08:20:24.596+0000] {processor.py:840} INFO - DAG(s) 'latest_only' retrieved from /home/airflow/.local/lib/python3.12/site-packages/airflow/example_dags/example_latest_only.py
[2026-06-30T08:20:24.610+0000] {logging_mixin.py:188} INFO - [2026-06-30T08:20:24.610+0000] {dag.py:3096} INFO - Sync 1 DAGs
[2026-06-30T08:20:24.624+0000] {logging_mixin.py:188} INFO - [2026-06-30T08:20:24.624+0000] {dag.py:3954} INFO - Setting next_dagrun for latest_only to 2026-06-30 04:00:00+00:00, run_after=2026-06-30 08:00:00+00:00
[2026-06-30T08:20:24.635+0000] {processor.py:183} INFO - Processing /home/airflow/.local/lib/python3.12/site-packages/airflow/example_dags/example_latest_only.py took 0.049 seconds
[2026-06-30T08:20:54.936+0000] {processor.py:161} INFO - Started process (PID=22022) to work on /home/airflow/.local/lib/python3.12/site-packages/airflow/example_dags/example_latest_only.py
[2026-06-30T08:20:54.937+0000] {processor.py:830} INFO - Processing file /home/airflow/.local/lib/python3.12/site-packages/airflow/example_dags/example_latest_only.py for tasks to queue
[2026-06-30T08:20:54.938+0000] {logging_mixin.py:188} INFO - [2026-06-30T08:20:54.937+0000] {dagbag.py:545} INFO - Filling up the DagBag from /home/airflow/.local/lib/python3.12/site-packages/airflow/example_dags/example_latest_only.py
[2026-06-30T08:20:54.942+0000] {processor.py:840} INFO - DAG(s) 'latest_only' retrieved from /home/airflow/.local/lib/python3.12/site-packages/airflow/example_dags/example_latest_only.py
[2026-06-30T08:20:54.955+0000] {logging_mixin.py:188} INFO - [2026-06-30T08:20:54.955+0000] {dag.py:3096} INFO - Sync 1 DAGs
[2026-06-30T08:20:54.969+0000] {logging_mixin.py:188} INFO - [2026-06-30T08:20:54.969+0000] {dag.py:3954} INFO - Setting next_dagrun for latest_only to 2026-06-30 04:00:00+00:00, run_after=2026-06-30 08:00:00+00:00
[2026-06-30T08:20:54.981+0000] {processor.py:183} INFO - Processing /home/airflow/.local/lib/python3.12/site-packages/airflow/example_dags/example_latest_only.py took 0.049 seconds
[2026-06-30T08:21:25.147+0000] {processor.py:161} INFO - Started process (PID=22080) to work on /home/airflow/.local/lib/python3.12/site-packages/airflow/example_dags/example_latest_only.py
[2026-06-30T08:21:25.148+0000] {processor.py:830} INFO - Processing file /home/airflow/.local/lib/python3.12/site-packages/airflow/example_dags/example_latest_only.py for tasks to queue
[2026-06-30T08:21:25.148+0000] {logging_mixin.py:188} INFO - [2026-06-30T08:21:25.148+0000] {dagbag.py:545} INFO - Filling up the DagBag from /home/airflow/.local/lib/python3.12/site-packages/airflow/example_dags/example_latest_only.py
[2026-06-30T08:21:25.153+0000] {processor.py:840} INFO - DAG(s) 'latest_only' retrieved from /home/airflow/.local/lib/python3.12/site-packages/airflow/example_dags/example_latest_only.py
[2026-06-30T08:21:25.169+0000] {logging_mixin.py:188} INFO - [2026-06-30T08:21:25.168+0000] {dag.py:3096} INFO - Sync 1 DAGs
[2026-06-30T08:21:25.186+0000] {logging_mixin.py:188} INFO - [2026-06-30T08:21:25.186+0000] {dag.py:3954} INFO - Setting next_dagrun for latest_only to 2026-06-30 04:00:00+00:00, run_after=2026-06-30 08:00:00+00:00
[2026-06-30T08:21:25.201+0000] {processor.py:183} INFO - Processing /home/airflow/.local/lib/python3.12/site-packages/airflow/example_dags/example_latest_only.py took 0.058 seconds
[2026-06-30T08:21:55.479+0000] {processor.py:161} INFO - Started process (PID=22138) to work on /home/airflow/.local/lib/python3.12/site-packages/airflow/example_dags/example_latest_only.py
[2026-06-30T08:21:55.479+0000] {processor.py:830} INFO - Processing file /home/airflow/.local/lib/python3.12/site-packages/airflow/example_dags/example_latest_only.py for tasks to queue
[2026-06-30T08:21:55.480+0000] {logging_mixin.py:188} INFO - [2026-06-30T08:21:55.480+0000] {dagbag.py:545} INFO - Filling up the DagBag from /home/airflow/.local/lib/python3.12/site-packages/airflow/example_dags/example_latest_only.py
[2026-06-30T08:21:55.484+0000] {processor.py:840} INFO - DAG(s) 'latest_only' retrieved from /home/airflow/.local/lib/python3.12/site-packages/airflow/example_dags/example_latest_only.py
[2026-06-30T08:21:55.498+0000] {logging_mixin.py:188} INFO - [2026-06-30T08:21:55.498+0000] {dag.py:3096} INFO - Sync 1 DAGs
[2026-06-30T08:21:55.512+0000] {logging_mixin.py:188} INFO - [2026-06-30T08:21:55.512+0000] {dag.py:3954} INFO - Setting next_dagrun for latest_only to 2026-06-30 04:00:00+00:00, run_after=2026-06-30 08:00:00+00:00
[2026-06-30T08:21:55.525+0000] {processor.py:183} INFO - Processing /home/airflow/.local/lib/python3.12/site-packages/airflow/example_dags/example_latest_only.py took 0.050 seconds
[2026-06-30T08:22:25.931+0000] {processor.py:161} INFO - Started process (PID=22195) to work on /home/airflow/.local/lib/python3.12/site-packages/airflow/example_dags/example_latest_only.py
[2026-06-30T08:22:25.932+0000] {processor.py:830} INFO - Processing file /home/airflow/.local/lib/python3.12/site-packages/airflow/example_dags/example_latest_only.py for tasks to queue
[2026-06-30T08:22:25.933+0000] {logging_mixin.py:188} INFO - [2026-06-30T08:22:25.932+0000] {dagbag.py:545} INFO - Filling up the DagBag from /home/airflow/.local/lib/python3.12/site-packages/airflow/example_dags/example_latest_only.py
[2026-06-30T08:22:25.936+0000] {processor.py:840} INFO - DAG(s) 'latest_only' retrieved from /home/airflow/.local/lib/python3.12/site-packages/airflow/example_dags/example_latest_only.py
[2026-06-30T08:22:25.951+0000] {logging_mixin.py:188} INFO - [2026-06-30T08:22:25.950+0000] {dag.py:3096} INFO - Sync 1 DAGs
[2026-06-30T08:22:25.964+0000] {logging_mixin.py:188} INFO - [2026-06-30T08:22:25.964+0000] {dag.py:3954} INFO - Setting next_dagrun for latest_only to 2026-06-30 04:00:00+00:00, run_after=2026-06-30 08:00:00+00:00
[2026-06-30T08:22:25.975+0000] {processor.py:183} INFO - Processing /home/airflow/.local/lib/python3.12/site-packages/airflow/example_dags/example_latest_only.py took 0.048 seconds
[2026-06-30T08:22:56.498+0000] {processor.py:161} INFO - Started process (PID=22253) to work on /home/airflow/.local/lib/python3.12/site-packages/airflow/example_dags/example_latest_only.py
[2026-06-30T08:22:56.499+0000] {processor.py:830} INFO - Processing file /home/airflow/.local/lib/python3.12/site-packages/airflow/example_dags/example_latest_only.py for tasks to queue
[2026-06-30T08:22:56.500+0000] {logging_mixin.py:188} INFO - [2026-06-30T08:22:56.500+0000] {dagbag.py:545} INFO - Filling up the DagBag from /home/airflow/.local/lib/python3.12/site-packages/airflow/example_dags/example_latest_only.py
[2026-06-30T08:22:56.504+0000] {processor.py:840} INFO - DAG(s) 'latest_only' retrieved from /home/airflow/.local/lib/python3.12/site-packages/airflow/example_dags/example_latest_only.py
[2026-06-30T08:22:56.519+0000] {logging_mixin.py:188} INFO - [2026-06-30T08:22:56.519+0000] {dag.py:3096} INFO - Sync 1 DAGs
[2026-06-30T08:22:56.534+0000] {logging_mixin.py:188} INFO - [2026-06-30T08:22:56.534+0000] {dag.py:3954} INFO - Setting next_dagrun for latest_only to 2026-06-30 04:00:00+00:00, run_after=2026-06-30 08:00:00+00:00
[2026-06-30T08:22:56.546+0000] {processor.py:183} INFO - Processing /home/airflow/.local/lib/python3.12/site-packages/airflow/example_dags/example_latest_only.py took 0.051 seconds
[2026-06-30T08:23:26.779+0000] {processor.py:161} INFO - Started process (PID=22310) to work on /home/airflow/.local/lib/python3.12/site-packages/airflow/example_dags/example_latest_only.py
[2026-06-30T08:23:26.780+0000] {processor.py:830} INFO - Processing file /home/airflow/.local/lib/python3.12/site-packages/airflow/example_dags/example_latest_only.py for tasks to queue
[2026-06-30T08:23:26.781+0000] {logging_mixin.py:188} INFO - [2026-06-30T08:23:26.781+0000] {dagbag.py:545} INFO - Filling up the DagBag from /home/airflow/.local/lib/python3.12/site-packages/airflow/example_dags/example_latest_only.py
[2026-06-30T08:23:26.787+0000] {processor.py:840} INFO - DAG(s) 'latest_only' retrieved from /home/airflow/.local/lib/python3.12/site-packages/airflow/example_dags/example_latest_only.py
[2026-06-30T08:23:26.811+0000] {logging_mixin.py:188} INFO - [2026-06-30T08:23:26.811+0000] {dag.py:3096} INFO - Sync 1 DAGs
[2026-06-30T08:23:26.835+0000] {logging_mixin.py:188} INFO - [2026-06-30T08:23:26.834+0000] {dag.py:3954} INFO - Setting next_dagrun for latest_only to 2026-06-30 04:00:00+00:00, run_after=2026-06-30 08:00:00+00:00
[2026-06-30T08:23:26.860+0000] {processor.py:183} INFO - Processing /home/airflow/.local/lib/python3.12/site-packages/airflow/example_dags/example_latest_only.py took 0.086 seconds
[2026-06-30T08:23:57.247+0000] {processor.py:161} INFO - Started process (PID=22368) to work on /home/airflow/.local/lib/python3.12/site-packages/airflow/example_dags/example_latest_only.py
[2026-06-30T08:23:57.248+0000] {processor.py:830} INFO - Processing file /home/airflow/.local/lib/python3.12/site-packages/airflow/example_dags/example_latest_only.py for tasks to queue
[2026-06-30T08:23:57.249+0000] {logging_mixin.py:188} INFO - [2026-06-30T08:23:57.249+0000] {dagbag.py:545} INFO - Filling up the DagBag from /home/airflow/.local/lib/python3.12/site-packages/airflow/example_dags/example_latest_only.py
[2026-06-30T08:23:57.254+0000] {processor.py:840} INFO - DAG(s) 'latest_only' retrieved from /home/airflow/.local/lib/python3.12/site-packages/airflow/example_dags/example_latest_only.py
[2026-06-30T08:23:57.270+0000] {logging_mixin.py:188} INFO - [2026-06-30T08:23:57.270+0000] {dag.py:3096} INFO - Sync 1 DAGs
[2026-06-30T08:23:57.285+0000] {logging_mixin.py:188} INFO - [2026-06-30T08:23:57.284+0000] {dag.py:3954} INFO - Setting next_dagrun for latest_only to 2026-06-30 04:00:00+00:00, run_after=2026-06-30 08:00:00+00:00
[2026-06-30T08:23:57.298+0000] {processor.py:183} INFO - Processing /home/airflow/.local/lib/python3.12/site-packages/airflow/example_dags/example_latest_only.py took 0.056 seconds
[2026-06-30T08:24:27.961+0000] {processor.py:161} INFO - Started process (PID=22426) to work on /home/airflow/.local/lib/python3.12/site-packages/airflow/example_dags/example_latest_only.py
[2026-06-30T08:24:27.963+0000] {processor.py:830} INFO - Processing file /home/airflow/.local/lib/python3.12/site-packages/airflow/example_dags/example_latest_only.py for tasks to queue
[2026-06-30T08:24:27.963+0000] {logging_mixin.py:188} INFO - [2026-06-30T08:24:27.963+0000] {dagbag.py:545} INFO - Filling up the DagBag from /home/airflow/.local/lib/python3.12/site-packages/airflow/example_dags/example_latest_only.py
[2026-06-30T08:24:27.968+0000] {processor.py:840} INFO - DAG(s) 'latest_only' retrieved from /home/airflow/.local/lib/python3.12/site-packages/airflow/example_dags/example_latest_only.py
[2026-06-30T08:24:27.988+0000] {logging_mixin.py:188} INFO - [2026-06-30T08:24:27.987+0000] {dag.py:3096} INFO - Sync 1 DAGs
[2026-06-30T08:24:28.006+0000] {logging_mixin.py:188} INFO - [2026-06-30T08:24:28.006+0000] {dag.py:3954} INFO - Setting next_dagrun for latest_only to 2026-06-30 04:00:00+00:00, run_after=2026-06-30 08:00:00+00:00
[2026-06-30T08:24:28.020+0000] {processor.py:183} INFO - Processing /home/airflow/.local/lib/python3.12/site-packages/airflow/example_dags/example_latest_only.py took 0.063 seconds
[2026-06-30T08:24:58.414+0000] {processor.py:161} INFO - Started process (PID=22480) to work on /home/airflow/.local/lib/python3.12/site-packages/airflow/example_dags/example_latest_only.py
[2026-06-30T08:24:58.415+0000] {processor.py:830} INFO - Processing file /home/airflow/.local/lib/python3.12/site-packages/airflow/example_dags/example_latest_only.py for tasks to queue
[2026-06-30T08:24:58.416+0000] {logging_mixin.py:188} INFO - [2026-06-30T08:24:58.415+0000] {dagbag.py:545} INFO - Filling up the DagBag from /home/airflow/.local/lib/python3.12/site-packages/airflow/example_dags/example_latest_only.py
[2026-06-30T08:24:58.420+0000] {processor.py:840} INFO - DAG(s) 'latest_only' retrieved from /home/airflow/.local/lib/python3.12/site-packages/airflow/example_dags/example_latest_only.py
[2026-06-30T08:24:58.437+0000] {logging_mixin.py:188} INFO - [2026-06-30T08:24:58.437+0000] {dag.py:3096} INFO - Sync 1 DAGs
[2026-06-30T08:24:58.455+0000] {logging_mixin.py:188} INFO - [2026-06-30T08:24:58.454+0000] {dag.py:3954} INFO - Setting next_dagrun for latest_only to 2026-06-30 04:00:00+00:00, run_after=2026-06-30 08:00:00+00:00
[2026-06-30T08:24:58.470+0000] {processor.py:183} INFO - Processing /home/airflow/.local/lib/python3.12/site-packages/airflow/example_dags/example_latest_only.py took 0.061 seconds
[2026-06-30T08:25:28.771+0000] {processor.py:161} INFO - Started process (PID=22538) to work on /home/airflow/.local/lib/python3.12/site-packages/airflow/example_dags/example_latest_only.py
[2026-06-30T08:25:28.772+0000] {processor.py:830} INFO - Processing file /home/airflow/.local/lib/python3.12/site-packages/airflow/example_dags/example_latest_only.py for tasks to queue
[2026-06-30T08:25:28.773+0000] {logging_mixin.py:188} INFO - [2026-06-30T08:25:28.773+0000] {dagbag.py:545} INFO - Filling up the DagBag from /home/airflow/.local/lib/python3.12/site-packages/airflow/example_dags/example_latest_only.py
[2026-06-30T08:25:28.777+0000] {processor.py:840} INFO - DAG(s) 'latest_only' retrieved from /home/airflow/.local/lib/python3.12/site-packages/airflow/example_dags/example_latest_only.py
[2026-06-30T08:25:28.792+0000] {logging_mixin.py:188} INFO - [2026-06-30T08:25:28.792+0000] {dag.py:3096} INFO - Sync 1 DAGs
[2026-06-30T08:25:28.807+0000] {logging_mixin.py:188} INFO - [2026-06-30T08:25:28.807+0000] {dag.py:3954} INFO - Setting next_dagrun for latest_only to 2026-06-30 04:00:00+00:00, run_after=2026-06-30 08:00:00+00:00
[2026-06-30T08:25:28.820+0000] {processor.py:183} INFO - Processing /home/airflow/.local/lib/python3.12/site-packages/airflow/example_dags/example_latest_only.py took 0.053 seconds
[2026-06-30T08:25:59.079+0000] {processor.py:161} INFO - Started process (PID=22592) to work on /home/airflow/.local/lib/python3.12/site-packages/airflow/example_dags/example_latest_only.py
[2026-06-30T08:25:59.080+0000] {processor.py:830} INFO - Processing file /home/airflow/.local/lib/python3.12/site-packages/airflow/example_dags/example_latest_only.py for tasks to queue
[2026-06-30T08:25:59.082+0000] {logging_mixin.py:188} INFO - [2026-06-30T08:25:59.081+0000] {dagbag.py:545} INFO - Filling up the DagBag from /home/airflow/.local/lib/python3.12/site-packages/airflow/example_dags/example_latest_only.py
[2026-06-30T08:25:59.090+0000] {processor.py:840} INFO - DAG(s) 'latest_only' retrieved from /home/airflow/.local/lib/python3.12/site-packages/airflow/example_dags/example_latest_only.py
[2026-06-30T08:25:59.125+0000] {logging_mixin.py:188} INFO - [2026-06-30T08:25:59.125+0000] {dag.py:3096} INFO - Sync 1 DAGs
[2026-06-30T08:25:59.144+0000] {logging_mixin.py:188} INFO - [2026-06-30T08:25:59.144+0000] {dag.py:3954} INFO - Setting next_dagrun for latest_only to 2026-06-30 04:00:00+00:00, run_after=2026-06-30 08:00:00+00:00
[2026-06-30T08:25:59.161+0000] {processor.py:183} INFO - Processing /home/airflow/.local/lib/python3.12/site-packages/airflow/example_dags/example_latest_only.py took 0.092 seconds
[2026-06-30T08:26:29.914+0000] {processor.py:161} INFO - Started process (PID=22650) to work on /home/airflow/.local/lib/python3.12/site-packages/airflow/example_dags/example_latest_only.py
[2026-06-30T08:26:29.915+0000] {processor.py:830} INFO - Processing file /home/airflow/.local/lib/python3.12/site-packages/airflow/example_dags/example_latest_only.py for tasks to queue
[2026-06-30T08:26:29.916+0000] {logging_mixin.py:188} INFO - [2026-06-30T08:26:29.916+0000] {dagbag.py:545} INFO - Filling up the DagBag from /home/airflow/.local/lib/python3.12/site-packages/airflow/example_dags/example_latest_only.py
[2026-06-30T08:26:29.921+0000] {processor.py:840} INFO - DAG(s) 'latest_only' retrieved from /home/airflow/.local/lib/python3.12/site-packages/airflow/example_dags/example_latest_only.py
[2026-06-30T08:26:29.944+0000] {logging_mixin.py:188} INFO - [2026-06-30T08:26:29.944+0000] {dag.py:3096} INFO - Sync 1 DAGs
[2026-06-30T08:26:29.970+0000] {logging_mixin.py:188} INFO - [2026-06-30T08:26:29.970+0000] {dag.py:3954} INFO - Setting next_dagrun for latest_only to 2026-06-30 04:00:00+00:00, run_after=2026-06-30 08:00:00+00:00
[2026-06-30T08:26:29.993+0000] {processor.py:183} INFO - Processing /home/airflow/.local/lib/python3.12/site-packages/airflow/example_dags/example_latest_only.py took 0.090 seconds
[2026-06-30T08:27:00.603+0000] {processor.py:161} INFO - Started process (PID=22708) to work on /home/airflow/.local/lib/python3.12/site-packages/airflow/example_dags/example_latest_only.py
[2026-06-30T08:27:00.604+0000] {processor.py:830} INFO - Processing file /home/airflow/.local/lib/python3.12/site-packages/airflow/example_dags/example_latest_only.py for tasks to queue
[2026-06-30T08:27:00.605+0000] {logging_mixin.py:188} INFO - [2026-06-30T08:27:00.605+0000] {dagbag.py:545} INFO - Filling up the DagBag from /home/airflow/.local/lib/python3.12/site-packages/airflow/example_dags/example_latest_only.py
[2026-06-30T08:27:00.609+0000] {processor.py:840} INFO - DAG(s) 'latest_only' retrieved from /home/airflow/.local/lib/python3.12/site-packages/airflow/example_dags/example_latest_only.py
[2026-06-30T08:27:00.625+0000] {logging_mixin.py:188} INFO - [2026-06-30T08:27:00.625+0000] {dag.py:3096} INFO - Sync 1 DAGs
[2026-06-30T08:27:00.640+0000] {logging_mixin.py:188} INFO - [2026-06-30T08:27:00.640+0000] {dag.py:3954} INFO - Setting next_dagrun for latest_only to 2026-06-30 04:00:00+00:00, run_after=2026-06-30 08:00:00+00:00
[2026-06-30T08:27:00.653+0000] {processor.py:183} INFO - Processing /home/airflow/.local/lib/python3.12/site-packages/airflow/example_dags/example_latest_only.py took 0.055 seconds
[2026-06-30T08:27:31.121+0000] {processor.py:161} INFO - Started process (PID=22766) to work on /home/airflow/.local/lib/python3.12/site-packages/airflow/example_dags/example_latest_only.py
[2026-06-30T08:27:31.121+0000] {processor.py:830} INFO - Processing file /home/airflow/.local/lib/python3.12/site-packages/airflow/example_dags/example_latest_only.py for tasks to queue
[2026-06-30T08:27:31.122+0000] {logging_mixin.py:188} INFO - [2026-06-30T08:27:31.122+0000] {dagbag.py:545} INFO - Filling up the DagBag from /home/airflow/.local/lib/python3.12/site-packages/airflow/example_dags/example_latest_only.py
[2026-06-30T08:27:31.126+0000] {processor.py:840} INFO - DAG(s) 'latest_only' retrieved from /home/airflow/.local/lib/python3.12/site-packages/airflow/example_dags/example_latest_only.py
[2026-06-30T08:27:31.140+0000] {logging_mixin.py:188} INFO - [2026-06-30T08:27:31.140+0000] {dag.py:3096} INFO - Sync 1 DAGs
[2026-06-30T08:27:31.154+0000] {logging_mixin.py:188} INFO - [2026-06-30T08:27:31.154+0000] {dag.py:3954} INFO - Setting next_dagrun for latest_only to 2026-06-30 04:00:00+00:00, run_after=2026-06-30 08:00:00+00:00
[2026-06-30T08:27:31.166+0000] {processor.py:183} INFO - Processing /home/airflow/.local/lib/python3.12/site-packages/airflow/example_dags/example_latest_only.py took 0.049 seconds
[2026-06-30T08:28:01.605+0000] {processor.py:161} INFO - Started process (PID=22824) to work on /home/airflow/.local/lib/python3.12/site-packages/airflow/example_dags/example_latest_only.py
[2026-06-30T08:28:01.606+0000] {processor.py:830} INFO - Processing file /home/airflow/.local/lib/python3.12/site-packages/airflow/example_dags/example_latest_only.py for tasks to queue
[2026-06-30T08:28:01.606+0000] {logging_mixin.py:188} INFO - [2026-06-30T08:28:01.606+0000] {dagbag.py:545} INFO - Filling up the DagBag from /home/airflow/.local/lib/python3.12/site-packages/airflow/example_dags/example_latest_only.py
[2026-06-30T08:28:01.610+0000] {processor.py:840} INFO - DAG(s) 'latest_only' retrieved from /home/airflow/.local/lib/python3.12/site-packages/airflow/example_dags/example_latest_only.py
[2026-06-30T08:28:01.625+0000] {logging_mixin.py:188} INFO - [2026-06-30T08:28:01.625+0000] {dag.py:3096} INFO - Sync 1 DAGs
[2026-06-30T08:28:01.640+0000] {logging_mixin.py:188} INFO - [2026-06-30T08:28:01.640+0000] {dag.py:3954} INFO - Setting next_dagrun for latest_only to 2026-06-30 04:00:00+00:00, run_after=2026-06-30 08:00:00+00:00
[2026-06-30T08:28:01.653+0000] {processor.py:183} INFO - Processing /home/airflow/.local/lib/python3.12/site-packages/airflow/example_dags/example_latest_only.py took 0.052 seconds
[2026-06-30T08:28:32.130+0000] {processor.py:161} INFO - Started process (PID=22882) to work on /home/airflow/.local/lib/python3.12/site-packages/airflow/example_dags/example_latest_only.py
[2026-06-30T08:28:32.132+0000] {processor.py:830} INFO - Processing file /home/airflow/.local/lib/python3.12/site-packages/airflow/example_dags/example_latest_only.py for tasks to queue
[2026-06-30T08:28:32.133+0000] {logging_mixin.py:188} INFO - [2026-06-30T08:28:32.133+0000] {dagbag.py:545} INFO - Filling up the DagBag from /home/airflow/.local/lib/python3.12/site-packages/airflow/example_dags/example_latest_only.py
[2026-06-30T08:28:32.138+0000] {processor.py:840} INFO - DAG(s) 'latest_only' retrieved from /home/airflow/.local/lib/python3.12/site-packages/airflow/example_dags/example_latest_only.py
[2026-06-30T08:28:32.159+0000] {logging_mixin.py:188} INFO - [2026-06-30T08:28:32.159+0000] {dag.py:3096} INFO - Sync 1 DAGs
[2026-06-30T08:28:32.179+0000] {logging_mixin.py:188} INFO - [2026-06-30T08:28:32.178+0000] {dag.py:3954} INFO - Setting next_dagrun for latest_only to 2026-06-30 04:00:00+00:00, run_after=2026-06-30 08:00:00+00:00
[2026-06-30T08:28:32.197+0000] {processor.py:183} INFO - Processing /home/airflow/.local/lib/python3.12/site-packages/airflow/example_dags/example_latest_only.py took 0.072 seconds
[2026-06-30T08:29:02.485+0000] {processor.py:161} INFO - Started process (PID=22940) to work on /home/airflow/.local/lib/python3.12/site-packages/airflow/example_dags/example_latest_only.py
[2026-06-30T08:29:02.486+0000] {processor.py:830} INFO - Processing file /home/airflow/.local/lib/python3.12/site-packages/airflow/example_dags/example_latest_only.py for tasks to queue
[2026-06-30T08:29:02.486+0000] {logging_mixin.py:188} INFO - [2026-06-30T08:29:02.486+0000] {dagbag.py:545} INFO - Filling up the DagBag from /home/airflow/.local/lib/python3.12/site-packages/airflow/example_dags/example_latest_only.py
[2026-06-30T08:29:02.490+0000] {processor.py:840} INFO - DAG(s) 'latest_only' retrieved from /home/airflow/.local/lib/python3.12/site-packages/airflow/example_dags/example_latest_only.py
[2026-06-30T08:29:02.506+0000] {logging_mixin.py:188} INFO - [2026-06-30T08:29:02.506+0000] {dag.py:3096} INFO - Sync 1 DAGs
[2026-06-30T08:29:02.521+0000] {logging_mixin.py:188} INFO - [2026-06-30T08:29:02.520+0000] {dag.py:3954} INFO - Setting next_dagrun for latest_only to 2026-06-30 04:00:00+00:00, run_after=2026-06-30 08:00:00+00:00
[2026-06-30T08:29:02.533+0000] {processor.py:183} INFO - Processing /home/airflow/.local/lib/python3.12/site-packages/airflow/example_dags/example_latest_only.py took 0.052 seconds
[2026-06-30T08:29:33.149+0000] {processor.py:161} INFO - Started process (PID=22998) to work on /home/airflow/.local/lib/python3.12/site-packages/airflow/example_dags/example_latest_only.py
[2026-06-30T08:29:33.150+0000] {processor.py:830} INFO - Processing file /home/airflow/.local/lib/python3.12/site-packages/airflow/example_dags/example_latest_only.py for tasks to queue
[2026-06-30T08:29:33.151+0000] {logging_mixin.py:188} INFO - [2026-06-30T08:29:33.151+0000] {dagbag.py:545} INFO - Filling up the DagBag from /home/airflow/.local/lib/python3.12/site-packages/airflow/example_dags/example_latest_only.py
[2026-06-30T08:29:33.158+0000] {processor.py:840} INFO - DAG(s) 'latest_only' retrieved from /home/airflow/.local/lib/python3.12/site-packages/airflow/example_dags/example_latest_only.py
[2026-06-30T08:29:33.178+0000] {logging_mixin.py:188} INFO - [2026-06-30T08:29:33.178+0000] {dag.py:3096} INFO - Sync 1 DAGs
[2026-06-30T08:29:33.195+0000] {logging_mixin.py:188} INFO - [2026-06-30T08:29:33.195+0000] {dag.py:3954} INFO - Setting next_dagrun for latest_only to 2026-06-30 04:00:00+00:00, run_after=2026-06-30 08:00:00+00:00
[2026-06-30T08:29:33.209+0000] {processor.py:183} INFO - Processing /home/airflow/.local/lib/python3.12/site-packages/airflow/example_dags/example_latest_only.py took 0.066 seconds
[2026-06-30T08:30:03.732+0000] {processor.py:161} INFO - Started process (PID=23056) to work on /home/airflow/.local/lib/python3.12/site-packages/airflow/example_dags/example_latest_only.py
[2026-06-30T08:30:03.733+0000] {processor.py:830} INFO - Processing file /home/airflow/.local/lib/python3.12/site-packages/airflow/example_dags/example_latest_only.py for tasks to queue
[2026-06-30T08:30:03.734+0000] {logging_mixin.py:188} INFO - [2026-06-30T08:30:03.733+0000] {dagbag.py:545} INFO - Filling up the DagBag from /home/airflow/.local/lib/python3.12/site-packages/airflow/example_dags/example_latest_only.py
[2026-06-30T08:30:03.739+0000] {processor.py:840} INFO - DAG(s) 'latest_only' retrieved from /home/airflow/.local/lib/python3.12/site-packages/airflow/example_dags/example_latest_only.py
[2026-06-30T08:30:03.756+0000] {logging_mixin.py:188} INFO - [2026-06-30T08:30:03.756+0000] {dag.py:3096} INFO - Sync 1 DAGs
[2026-06-30T08:30:03.774+0000] {logging_mixin.py:188} INFO - [2026-06-30T08:30:03.774+0000] {dag.py:3954} INFO - Setting next_dagrun for latest_only to 2026-06-30 04:00:00+00:00, run_after=2026-06-30 08:00:00+00:00
[2026-06-30T08:30:03.790+0000] {processor.py:183} INFO - Processing /home/airflow/.local/lib/python3.12/site-packages/airflow/example_dags/example_latest_only.py took 0.063 seconds
[2026-06-30T08:30:34.231+0000] {processor.py:161} INFO - Started process (PID=23114) to work on /home/airflow/.local/lib/python3.12/site-packages/airflow/example_dags/example_latest_only.py
[2026-06-30T08:30:34.232+0000] {processor.py:830} INFO - Processing file /home/airflow/.local/lib/python3.12/site-packages/airflow/example_dags/example_latest_only.py for tasks to queue
[2026-06-30T08:30:34.233+0000] {logging_mixin.py:188} INFO - [2026-06-30T08:30:34.232+0000] {dagbag.py:545} INFO - Filling up the DagBag from /home/airflow/.local/lib/python3.12/site-packages/airflow/example_dags/example_latest_only.py
[2026-06-30T08:30:34.238+0000] {processor.py:840} INFO - DAG(s) 'latest_only' retrieved from /home/airflow/.local/lib/python3.12/site-packages/airflow/example_dags/example_latest_only.py
[2026-06-30T08:30:34.255+0000] {logging_mixin.py:188} INFO - [2026-06-30T08:30:34.255+0000] {dag.py:3096} INFO - Sync 1 DAGs
[2026-06-30T08:30:34.272+0000] {logging_mixin.py:188} INFO - [2026-06-30T08:30:34.272+0000] {dag.py:3954} INFO - Setting next_dagrun for latest_only to 2026-06-30 04:00:00+00:00, run_after=2026-06-30 08:00:00+00:00
[2026-06-30T08:30:34.289+0000] {processor.py:183} INFO - Processing /home/airflow/.local/lib/python3.12/site-packages/airflow/example_dags/example_latest_only.py took 0.063 seconds
[2026-06-30T08:31:04.878+0000] {processor.py:161} INFO - Started process (PID=23172) to work on /home/airflow/.local/lib/python3.12/site-packages/airflow/example_dags/example_latest_only.py
[2026-06-30T08:31:04.880+0000] {processor.py:830} INFO - Processing file /home/airflow/.local/lib/python3.12/site-packages/airflow/example_dags/example_latest_only.py for tasks to queue
[2026-06-30T08:31:04.880+0000] {logging_mixin.py:188} INFO - [2026-06-30T08:31:04.880+0000] {dagbag.py:545} INFO - Filling up the DagBag from /home/airflow/.local/lib/python3.12/site-packages/airflow/example_dags/example_latest_only.py
[2026-06-30T08:31:04.886+0000] {processor.py:840} INFO - DAG(s) 'latest_only' retrieved from /home/airflow/.local/lib/python3.12/site-packages/airflow/example_dags/example_latest_only.py
[2026-06-30T08:31:04.905+0000] {logging_mixin.py:188} INFO - [2026-06-30T08:31:04.905+0000] {dag.py:3096} INFO - Sync 1 DAGs
[2026-06-30T08:31:04.920+0000] {logging_mixin.py:188} INFO - [2026-06-30T08:31:04.920+0000] {dag.py:3954} INFO - Setting next_dagrun for latest_only to 2026-06-30 04:00:00+00:00, run_after=2026-06-30 08:00:00+00:00
[2026-06-30T08:31:04.934+0000] {processor.py:183} INFO - Processing /home/airflow/.local/lib/python3.12/site-packages/airflow/example_dags/example_latest_only.py took 0.061 seconds
[2026-06-30T08:31:35.752+0000] {processor.py:161} INFO - Started process (PID=23230) to work on /home/airflow/.local/lib/python3.12/site-packages/airflow/example_dags/example_latest_only.py
[2026-06-30T08:31:35.754+0000] {processor.py:830} INFO - Processing file /home/airflow/.local/lib/python3.12/site-packages/airflow/example_dags/example_latest_only.py for tasks to queue
[2026-06-30T08:31:35.755+0000] {logging_mixin.py:188} INFO - [2026-06-30T08:31:35.755+0000] {dagbag.py:545} INFO - Filling up the DagBag from /home/airflow/.local/lib/python3.12/site-packages/airflow/example_dags/example_latest_only.py
[2026-06-30T08:31:35.759+0000] {processor.py:840} INFO - DAG(s) 'latest_only' retrieved from /home/airflow/.local/lib/python3.12/site-packages/airflow/example_dags/example_latest_only.py
[2026-06-30T08:31:35.774+0000] {logging_mixin.py:188} INFO - [2026-06-30T08:31:35.774+0000] {dag.py:3096} INFO - Sync 1 DAGs
[2026-06-30T08:31:35.789+0000] {logging_mixin.py:188} INFO - [2026-06-30T08:31:35.789+0000] {dag.py:3954} INFO - Setting next_dagrun for latest_only to 2026-06-30 04:00:00+00:00, run_after=2026-06-30 08:00:00+00:00
[2026-06-30T08:31:35.802+0000] {processor.py:183} INFO - Processing /home/airflow/.local/lib/python3.12/site-packages/airflow/example_dags/example_latest_only.py took 0.055 seconds
[2026-06-30T08:32:06.401+0000] {processor.py:161} INFO - Started process (PID=23288) to work on /home/airflow/.local/lib/python3.12/site-packages/airflow/example_dags/example_latest_only.py
[2026-06-30T08:32:06.402+0000] {processor.py:830} INFO - Processing file /home/airflow/.local/lib/python3.12/site-packages/airflow/example_dags/example_latest_only.py for tasks to queue
[2026-06-30T08:32:06.403+0000] {logging_mixin.py:188} INFO - [2026-06-30T08:32:06.403+0000] {dagbag.py:545} INFO - Filling up the DagBag from /home/airflow/.local/lib/python3.12/site-packages/airflow/example_dags/example_latest_only.py
[2026-06-30T08:32:06.407+0000] {processor.py:840} INFO - DAG(s) 'latest_only' retrieved from /home/airflow/.local/lib/python3.12/site-packages/airflow/example_dags/example_latest_only.py
[2026-06-30T08:32:06.426+0000] {logging_mixin.py:188} INFO - [2026-06-30T08:32:06.425+0000] {dag.py:3096} INFO - Sync 1 DAGs
[2026-06-30T08:32:06.442+0000] {logging_mixin.py:188} INFO - [2026-06-30T08:32:06.442+0000] {dag.py:3954} INFO - Setting next_dagrun for latest_only to 2026-06-30 04:00:00+00:00, run_after=2026-06-30 08:00:00+00:00
[2026-06-30T08:32:06.457+0000] {processor.py:183} INFO - Processing /home/airflow/.local/lib/python3.12/site-packages/airflow/example_dags/example_latest_only.py took 0.061 seconds
[2026-06-30T08:32:37.117+0000] {processor.py:161} INFO - Started process (PID=23346) to work on /home/airflow/.local/lib/python3.12/site-packages/airflow/example_dags/example_latest_only.py
[2026-06-30T08:32:37.119+0000] {processor.py:830} INFO - Processing file /home/airflow/.local/lib/python3.12/site-packages/airflow/example_dags/example_latest_only.py for tasks to queue
[2026-06-30T08:32:37.120+0000] {logging_mixin.py:188} INFO - [2026-06-30T08:32:37.120+0000] {dagbag.py:545} INFO - Filling up the DagBag from /home/airflow/.local/lib/python3.12/site-packages/airflow/example_dags/example_latest_only.py
[2026-06-30T08:32:37.125+0000] {processor.py:840} INFO - DAG(s) 'latest_only' retrieved from /home/airflow/.local/lib/python3.12/site-packages/airflow/example_dags/example_latest_only.py
[2026-06-30T08:32:37.144+0000] {logging_mixin.py:188} INFO - [2026-06-30T08:32:37.143+0000] {dag.py:3096} INFO - Sync 1 DAGs
[2026-06-30T08:32:37.167+0000] {logging_mixin.py:188} INFO - [2026-06-30T08:32:37.167+0000] {dag.py:3954} INFO - Setting next_dagrun for latest_only to 2026-06-30 04:00:00+00:00, run_after=2026-06-30 08:00:00+00:00
[2026-06-30T08:32:37.195+0000] {processor.py:183} INFO - Processing /home/airflow/.local/lib/python3.12/site-packages/airflow/example_dags/example_latest_only.py took 0.083 seconds
[2026-06-30T08:33:07.976+0000] {processor.py:161} INFO - Started process (PID=23404) to work on /home/airflow/.local/lib/python3.12/site-packages/airflow/example_dags/example_latest_only.py
[2026-06-30T08:33:07.977+0000] {processor.py:830} INFO - Processing file /home/airflow/.local/lib/python3.12/site-packages/airflow/example_dags/example_latest_only.py for tasks to queue
[2026-06-30T08:33:07.978+0000] {logging_mixin.py:188} INFO - [2026-06-30T08:33:07.977+0000] {dagbag.py:545} INFO - Filling up the DagBag from /home/airflow/.local/lib/python3.12/site-packages/airflow/example_dags/example_latest_only.py
[2026-06-30T08:33:07.982+0000] {processor.py:840} INFO - DAG(s) 'latest_only' retrieved from /home/airflow/.local/lib/python3.12/site-packages/airflow/example_dags/example_latest_only.py
[2026-06-30T08:33:08.001+0000] {logging_mixin.py:188} INFO - [2026-06-30T08:33:08.000+0000] {dag.py:3096} INFO - Sync 1 DAGs
[2026-06-30T08:33:08.020+0000] {logging_mixin.py:188} INFO - [2026-06-30T08:33:08.020+0000] {dag.py:3954} INFO - Setting next_dagrun for latest_only to 2026-06-30 04:00:00+00:00, run_after=2026-06-30 08:00:00+00:00
[2026-06-30T08:33:08.036+0000] {processor.py:183} INFO - Processing /home/airflow/.local/lib/python3.12/site-packages/airflow/example_dags/example_latest_only.py took 0.066 seconds
[2026-06-30T08:33:38.873+0000] {processor.py:161} INFO - Started process (PID=23462) to work on /home/airflow/.local/lib/python3.12/site-packages/airflow/example_dags/example_latest_only.py
[2026-06-30T08:33:38.875+0000] {processor.py:830} INFO - Processing file /home/airflow/.local/lib/python3.12/site-packages/airflow/example_dags/example_latest_only.py for tasks to queue
[2026-06-30T08:33:38.877+0000] {logging_mixin.py:188} INFO - [2026-06-30T08:33:38.876+0000] {dagbag.py:545} INFO - Filling up the DagBag from /home/airflow/.local/lib/python3.12/site-packages/airflow/example_dags/example_latest_only.py
[2026-06-30T08:33:38.883+0000] {processor.py:840} INFO - DAG(s) 'latest_only' retrieved from /home/airflow/.local/lib/python3.12/site-packages/airflow/example_dags/example_latest_only.py
[2026-06-30T08:33:38.908+0000] {logging_mixin.py:188} INFO - [2026-06-30T08:33:38.907+0000] {dag.py:3096} INFO - Sync 1 DAGs
[2026-06-30T08:33:38.928+0000] {logging_mixin.py:188} INFO - [2026-06-30T08:33:38.928+0000] {dag.py:3954} INFO - Setting next_dagrun for latest_only to 2026-06-30 04:00:00+00:00, run_after=2026-06-30 08:00:00+00:00
[2026-06-30T08:33:38.947+0000] {processor.py:183} INFO - Processing /home/airflow/.local/lib/python3.12/site-packages/airflow/example_dags/example_latest_only.py took 0.085 seconds
[2026-06-30T08:34:09.764+0000] {processor.py:161} INFO - Started process (PID=23520) to work on /home/airflow/.local/lib/python3.12/site-packages/airflow/example_dags/example_latest_only.py
[2026-06-30T08:34:09.765+0000] {processor.py:830} INFO - Processing file /home/airflow/.local/lib/python3.12/site-packages/airflow/example_dags/example_latest_only.py for tasks to queue
[2026-06-30T08:34:09.766+0000] {logging_mixin.py:188} INFO - [2026-06-30T08:34:09.766+0000] {dagbag.py:545} INFO - Filling up the DagBag from /home/airflow/.local/lib/python3.12/site-packages/airflow/example_dags/example_latest_only.py
[2026-06-30T08:34:09.771+0000] {processor.py:840} INFO - DAG(s) 'latest_only' retrieved from /home/airflow/.local/lib/python3.12/site-packages/airflow/example_dags/example_latest_only.py
[2026-06-30T08:34:09.790+0000] {logging_mixin.py:188} INFO - [2026-06-30T08:34:09.790+0000] {dag.py:3096} INFO - Sync 1 DAGs
[2026-06-30T08:34:09.808+0000] {logging_mixin.py:188} INFO - [2026-06-30T08:34:09.808+0000] {dag.py:3954} INFO - Setting next_dagrun for latest_only to 2026-06-30 04:00:00+00:00, run_after=2026-06-30 08:00:00+00:00
[2026-06-30T08:34:09.823+0000] {processor.py:183} INFO - Processing /home/airflow/.local/lib/python3.12/site-packages/airflow/example_dags/example_latest_only.py took 0.064 seconds
[2026-06-30T08:34:40.352+0000] {processor.py:161} INFO - Started process (PID=23578) to work on /home/airflow/.local/lib/python3.12/site-packages/airflow/example_dags/example_latest_only.py
[2026-06-30T08:34:40.353+0000] {processor.py:830} INFO - Processing file /home/airflow/.local/lib/python3.12/site-packages/airflow/example_dags/example_latest_only.py for tasks to queue
[2026-06-30T08:34:40.354+0000] {logging_mixin.py:188} INFO - [2026-06-30T08:34:40.354+0000] {dagbag.py:545} INFO - Filling up the DagBag from /home/airflow/.local/lib/python3.12/site-packages/airflow/example_dags/example_latest_only.py
[2026-06-30T08:34:40.358+0000] {processor.py:840} INFO - DAG(s) 'latest_only' retrieved from /home/airflow/.local/lib/python3.12/site-packages/airflow/example_dags/example_latest_only.py
[2026-06-30T08:34:40.372+0000] {logging_mixin.py:188} INFO - [2026-06-30T08:34:40.372+0000] {dag.py:3096} INFO - Sync 1 DAGs
[2026-06-30T08:34:40.388+0000] {logging_mixin.py:188} INFO - [2026-06-30T08:34:40.388+0000] {dag.py:3954} INFO - Setting next_dagrun for latest_only to 2026-06-30 04:00:00+00:00, run_after=2026-06-30 08:00:00+00:00
[2026-06-30T08:34:40.403+0000] {processor.py:183} INFO - Processing /home/airflow/.local/lib/python3.12/site-packages/airflow/example_dags/example_latest_only.py took 0.055 seconds
[2026-06-30T08:35:10.703+0000] {processor.py:161} INFO - Started process (PID=23636) to work on /home/airflow/.local/lib/python3.12/site-packages/airflow/example_dags/example_latest_only.py
[2026-06-30T08:35:10.704+0000] {processor.py:830} INFO - Processing file /home/airflow/.local/lib/python3.12/site-packages/airflow/example_dags/example_latest_only.py for tasks to queue
[2026-06-30T08:35:10.704+0000] {logging_mixin.py:188} INFO - [2026-06-30T08:35:10.704+0000] {dagbag.py:545} INFO - Filling up the DagBag from /home/airflow/.local/lib/python3.12/site-packages/airflow/example_dags/example_latest_only.py
[2026-06-30T08:35:10.708+0000] {processor.py:840} INFO - DAG(s) 'latest_only' retrieved from /home/airflow/.local/lib/python3.12/site-packages/airflow/example_dags/example_latest_only.py
[2026-06-30T08:35:10.722+0000] {logging_mixin.py:188} INFO - [2026-06-30T08:35:10.722+0000] {dag.py:3096} INFO - Sync 1 DAGs
[2026-06-30T08:35:10.736+0000] {logging_mixin.py:188} INFO - [2026-06-30T08:35:10.736+0000] {dag.py:3954} INFO - Setting next_dagrun for latest_only to 2026-06-30 04:00:00+00:00, run_after=2026-06-30 08:00:00+00:00
[2026-06-30T08:35:10.748+0000] {processor.py:183} INFO - Processing /home/airflow/.local/lib/python3.12/site-packages/airflow/example_dags/example_latest_only.py took 0.049 seconds
[2026-06-30T08:35:41.143+0000] {processor.py:161} INFO - Started process (PID=23694) to work on /home/airflow/.local/lib/python3.12/site-packages/airflow/example_dags/example_latest_only.py
[2026-06-30T08:35:41.144+0000] {processor.py:830} INFO - Processing file /home/airflow/.local/lib/python3.12/site-packages/airflow/example_dags/example_latest_only.py for tasks to queue
[2026-06-30T08:35:41.145+0000] {logging_mixin.py:188} INFO - [2026-06-30T08:35:41.145+0000] {dagbag.py:545} INFO - Filling up the DagBag from /home/airflow/.local/lib/python3.12/site-packages/airflow/example_dags/example_latest_only.py
[2026-06-30T08:35:41.149+0000] {processor.py:840} INFO - DAG(s) 'latest_only' retrieved from /home/airflow/.local/lib/python3.12/site-packages/airflow/example_dags/example_latest_only.py
[2026-06-30T08:35:41.163+0000] {logging_mixin.py:188} INFO - [2026-06-30T08:35:41.163+0000] {dag.py:3096} INFO - Sync 1 DAGs
[2026-06-30T08:35:41.176+0000] {logging_mixin.py:188} INFO - [2026-06-30T08:35:41.176+0000] {dag.py:3954} INFO - Setting next_dagrun for latest_only to 2026-06-30 04:00:00+00:00, run_after=2026-06-30 08:00:00+00:00
[2026-06-30T08:35:41.189+0000] {processor.py:183} INFO - Processing /home/airflow/.local/lib/python3.12/site-packages/airflow/example_dags/example_latest_only.py took 0.050 seconds
[2026-06-30T08:36:11.378+0000] {processor.py:161} INFO - Started process (PID=23752) to work on /home/airflow/.local/lib/python3.12/site-packages/airflow/example_dags/example_latest_only.py
[2026-06-30T08:36:11.379+0000] {processor.py:830} INFO - Processing file /home/airflow/.local/lib/python3.12/site-packages/airflow/example_dags/example_latest_only.py for tasks to queue
[2026-06-30T08:36:11.380+0000] {logging_mixin.py:188} INFO - [2026-06-30T08:36:11.380+0000] {dagbag.py:545} INFO - Filling up the DagBag from /home/airflow/.local/lib/python3.12/site-packages/airflow/example_dags/example_latest_only.py
[2026-06-30T08:36:11.384+0000] {processor.py:840} INFO - DAG(s) 'latest_only' retrieved from /home/airflow/.local/lib/python3.12/site-packages/airflow/example_dags/example_latest_only.py
[2026-06-30T08:36:11.398+0000] {logging_mixin.py:188} INFO - [2026-06-30T08:36:11.397+0000] {dag.py:3096} INFO - Sync 1 DAGs
[2026-06-30T08:36:11.412+0000] {logging_mixin.py:188} INFO - [2026-06-30T08:36:11.411+0000] {dag.py:3954} INFO - Setting next_dagrun for latest_only to 2026-06-30 04:00:00+00:00, run_after=2026-06-30 08:00:00+00:00
[2026-06-30T08:36:11.423+0000] {processor.py:183} INFO - Processing /home/airflow/.local/lib/python3.12/site-packages/airflow/example_dags/example_latest_only.py took 0.049 seconds
[2026-06-30T08:36:41.947+0000] {processor.py:161} INFO - Started process (PID=23817) to work on /home/airflow/.local/lib/python3.12/site-packages/airflow/example_dags/example_latest_only.py
[2026-06-30T08:36:41.948+0000] {processor.py:830} INFO - Processing file /home/airflow/.local/lib/python3.12/site-packages/airflow/example_dags/example_latest_only.py for tasks to queue
[2026-06-30T08:36:41.948+0000] {logging_mixin.py:188} INFO - [2026-06-30T08:36:41.948+0000] {dagbag.py:545} INFO - Filling up the DagBag from /home/airflow/.local/lib/python3.12/site-packages/airflow/example_dags/example_latest_only.py
[2026-06-30T08:36:41.952+0000] {processor.py:840} INFO - DAG(s) 'latest_only' retrieved from /home/airflow/.local/lib/python3.12/site-packages/airflow/example_dags/example_latest_only.py
[2026-06-30T08:36:41.966+0000] {logging_mixin.py:188} INFO - [2026-06-30T08:36:41.966+0000] {dag.py:3096} INFO - Sync 1 DAGs
[2026-06-30T08:36:41.981+0000] {logging_mixin.py:188} INFO - [2026-06-30T08:36:41.981+0000] {dag.py:3954} INFO - Setting next_dagrun for latest_only to 2026-06-30 04:00:00+00:00, run_after=2026-06-30 08:00:00+00:00
[2026-06-30T08:36:41.998+0000] {processor.py:183} INFO - Processing /home/airflow/.local/lib/python3.12/site-packages/airflow/example_dags/example_latest_only.py took 0.055 seconds
[2026-06-30T08:37:12.251+0000] {processor.py:161} INFO - Started process (PID=23875) to work on /home/airflow/.local/lib/python3.12/site-packages/airflow/example_dags/example_latest_only.py
[2026-06-30T08:37:12.251+0000] {processor.py:830} INFO - Processing file /home/airflow/.local/lib/python3.12/site-packages/airflow/example_dags/example_latest_only.py for tasks to queue
[2026-06-30T08:37:12.252+0000] {logging_mixin.py:188} INFO - [2026-06-30T08:37:12.252+0000] {dagbag.py:545} INFO - Filling up the DagBag from /home/airflow/.local/lib/python3.12/site-packages/airflow/example_dags/example_latest_only.py
[2026-06-30T08:37:12.256+0000] {processor.py:840} INFO - DAG(s) 'latest_only' retrieved from /home/airflow/.local/lib/python3.12/site-packages/airflow/example_dags/example_latest_only.py
[2026-06-30T08:37:12.270+0000] {logging_mixin.py:188} INFO - [2026-06-30T08:37:12.270+0000] {dag.py:3096} INFO - Sync 1 DAGs
[2026-06-30T08:37:12.285+0000] {logging_mixin.py:188} INFO - [2026-06-30T08:37:12.285+0000] {dag.py:3954} INFO - Setting next_dagrun for latest_only to 2026-06-30 04:00:00+00:00, run_after=2026-06-30 08:00:00+00:00
[2026-06-30T08:37:12.305+0000] {processor.py:183} INFO - Processing /home/airflow/.local/lib/python3.12/site-packages/airflow/example_dags/example_latest_only.py took 0.059 seconds
[2026-06-30T08:37:42.652+0000] {processor.py:161} INFO - Started process (PID=23933) to work on /home/airflow/.local/lib/python3.12/site-packages/airflow/example_dags/example_latest_only.py
[2026-06-30T08:37:42.653+0000] {processor.py:830} INFO - Processing file /home/airflow/.local/lib/python3.12/site-packages/airflow/example_dags/example_latest_only.py for tasks to queue
[2026-06-30T08:37:42.654+0000] {logging_mixin.py:188} INFO - [2026-06-30T08:37:42.654+0000] {dagbag.py:545} INFO - Filling up the DagBag from /home/airflow/.local/lib/python3.12/site-packages/airflow/example_dags/example_latest_only.py
[2026-06-30T08:37:42.658+0000] {processor.py:840} INFO - DAG(s) 'latest_only' retrieved from /home/airflow/.local/lib/python3.12/site-packages/airflow/example_dags/example_latest_only.py
[2026-06-30T08:37:42.672+0000] {logging_mixin.py:188} INFO - [2026-06-30T08:37:42.672+0000] {dag.py:3096} INFO - Sync 1 DAGs
[2026-06-30T08:37:42.687+0000] {logging_mixin.py:188} INFO - [2026-06-30T08:37:42.687+0000] {dag.py:3954} INFO - Setting next_dagrun for latest_only to 2026-06-30 04:00:00+00:00, run_after=2026-06-30 08:00:00+00:00
[2026-06-30T08:37:42.702+0000] {processor.py:183} INFO - Processing /home/airflow/.local/lib/python3.12/site-packages/airflow/example_dags/example_latest_only.py took 0.054 seconds
[2026-06-30T08:38:13.280+0000] {processor.py:161} INFO - Started process (PID=23991) to work on /home/airflow/.local/lib/python3.12/site-packages/airflow/example_dags/example_latest_only.py
[2026-06-30T08:38:13.281+0000] {processor.py:830} INFO - Processing file /home/airflow/.local/lib/python3.12/site-packages/airflow/example_dags/example_latest_only.py for tasks to queue
[2026-06-30T08:38:13.282+0000] {logging_mixin.py:188} INFO - [2026-06-30T08:38:13.282+0000] {dagbag.py:545} INFO - Filling up the DagBag from /home/airflow/.local/lib/python3.12/site-packages/airflow/example_dags/example_latest_only.py
[2026-06-30T08:38:13.287+0000] {processor.py:840} INFO - DAG(s) 'latest_only' retrieved from /home/airflow/.local/lib/python3.12/site-packages/airflow/example_dags/example_latest_only.py
[2026-06-30T08:38:13.302+0000] {logging_mixin.py:188} INFO - [2026-06-30T08:38:13.302+0000] {dag.py:3096} INFO - Sync 1 DAGs
[2026-06-30T08:38:13.317+0000] {logging_mixin.py:188} INFO - [2026-06-30T08:38:13.317+0000] {dag.py:3954} INFO - Setting next_dagrun for latest_only to 2026-06-30 04:00:00+00:00, run_after=2026-06-30 08:00:00+00:00
[2026-06-30T08:38:13.329+0000] {processor.py:183} INFO - Processing /home/airflow/.local/lib/python3.12/site-packages/airflow/example_dags/example_latest_only.py took 0.054 seconds
[2026-06-30T08:38:43.643+0000] {processor.py:161} INFO - Started process (PID=24049) to work on /home/airflow/.local/lib/python3.12/site-packages/airflow/example_dags/example_latest_only.py
[2026-06-30T08:38:43.644+0000] {processor.py:830} INFO - Processing file /home/airflow/.local/lib/python3.12/site-packages/airflow/example_dags/example_latest_only.py for tasks to queue
[2026-06-30T08:38:43.645+0000] {logging_mixin.py:188} INFO - [2026-06-30T08:38:43.644+0000] {dagbag.py:545} INFO - Filling up the DagBag from /home/airflow/.local/lib/python3.12/site-packages/airflow/example_dags/example_latest_only.py
[2026-06-30T08:38:43.649+0000] {processor.py:840} INFO - DAG(s) 'latest_only' retrieved from /home/airflow/.local/lib/python3.12/site-packages/airflow/example_dags/example_latest_only.py
[2026-06-30T08:38:43.666+0000] {logging_mixin.py:188} INFO - [2026-06-30T08:38:43.666+0000] {dag.py:3096} INFO - Sync 1 DAGs
[2026-06-30T08:38:43.682+0000] {logging_mixin.py:188} INFO - [2026-06-30T08:38:43.682+0000] {dag.py:3954} INFO - Setting next_dagrun for latest_only to 2026-06-30 04:00:00+00:00, run_after=2026-06-30 08:00:00+00:00
[2026-06-30T08:38:43.696+0000] {processor.py:183} INFO - Processing /home/airflow/.local/lib/python3.12/site-packages/airflow/example_dags/example_latest_only.py took 0.058 seconds
[2026-06-30T08:39:14.164+0000] {processor.py:161} INFO - Started process (PID=24107) to work on /home/airflow/.local/lib/python3.12/site-packages/airflow/example_dags/example_latest_only.py
[2026-06-30T08:39:14.164+0000] {processor.py:830} INFO - Processing file /home/airflow/.local/lib/python3.12/site-packages/airflow/example_dags/example_latest_only.py for tasks to queue
[2026-06-30T08:39:14.165+0000] {logging_mixin.py:188} INFO - [2026-06-30T08:39:14.165+0000] {dagbag.py:545} INFO - Filling up the DagBag from /home/airflow/.local/lib/python3.12/site-packages/airflow/example_dags/example_latest_only.py
[2026-06-30T08:39:14.169+0000] {processor.py:840} INFO - DAG(s) 'latest_only' retrieved from /home/airflow/.local/lib/python3.12/site-packages/airflow/example_dags/example_latest_only.py
[2026-06-30T08:39:14.184+0000] {logging_mixin.py:188} INFO - [2026-06-30T08:39:14.184+0000] {dag.py:3096} INFO - Sync 1 DAGs
[2026-06-30T08:39:14.200+0000] {logging_mixin.py:188} INFO - [2026-06-30T08:39:14.200+0000] {dag.py:3954} INFO - Setting next_dagrun for latest_only to 2026-06-30 04:00:00+00:00, run_after=2026-06-30 08:00:00+00:00
[2026-06-30T08:39:14.214+0000] {processor.py:183} INFO - Processing /home/airflow/.local/lib/python3.12/site-packages/airflow/example_dags/example_latest_only.py took 0.054 seconds
[2026-06-30T08:39:44.734+0000] {processor.py:161} INFO - Started process (PID=24165) to work on /home/airflow/.local/lib/python3.12/site-packages/airflow/example_dags/example_latest_only.py
[2026-06-30T08:39:44.736+0000] {processor.py:830} INFO - Processing file /home/airflow/.local/lib/python3.12/site-packages/airflow/example_dags/example_latest_only.py for tasks to queue
[2026-06-30T08:39:44.737+0000] {logging_mixin.py:188} INFO - [2026-06-30T08:39:44.736+0000] {dagbag.py:545} INFO - Filling up the DagBag from /home/airflow/.local/lib/python3.12/site-packages/airflow/example_dags/example_latest_only.py
[2026-06-30T08:39:44.742+0000] {processor.py:840} INFO - DAG(s) 'latest_only' retrieved from /home/airflow/.local/lib/python3.12/site-packages/airflow/example_dags/example_latest_only.py
[2026-06-30T08:39:44.760+0000] {logging_mixin.py:188} INFO - [2026-06-30T08:39:44.760+0000] {dag.py:3096} INFO - Sync 1 DAGs
[2026-06-30T08:39:44.778+0000] {logging_mixin.py:188} INFO - [2026-06-30T08:39:44.778+0000] {dag.py:3954} INFO - Setting next_dagrun for latest_only to 2026-06-30 04:00:00+00:00, run_after=2026-06-30 08:00:00+00:00
[2026-06-30T08:39:44.792+0000] {processor.py:183} INFO - Processing /home/airflow/.local/lib/python3.12/site-packages/airflow/example_dags/example_latest_only.py took 0.062 seconds
[2026-06-30T08:40:15.199+0000] {processor.py:161} INFO - Started process (PID=24223) to work on /home/airflow/.local/lib/python3.12/site-packages/airflow/example_dags/example_latest_only.py
[2026-06-30T08:40:15.200+0000] {processor.py:830} INFO - Processing file /home/airflow/.local/lib/python3.12/site-packages/airflow/example_dags/example_latest_only.py for tasks to queue
[2026-06-30T08:40:15.200+0000] {logging_mixin.py:188} INFO - [2026-06-30T08:40:15.200+0000] {dagbag.py:545} INFO - Filling up the DagBag from /home/airflow/.local/lib/python3.12/site-packages/airflow/example_dags/example_latest_only.py
[2026-06-30T08:40:15.205+0000] {processor.py:840} INFO - DAG(s) 'latest_only' retrieved from /home/airflow/.local/lib/python3.12/site-packages/airflow/example_dags/example_latest_only.py
[2026-06-30T08:40:15.220+0000] {logging_mixin.py:188} INFO - [2026-06-30T08:40:15.219+0000] {dag.py:3096} INFO - Sync 1 DAGs
[2026-06-30T08:40:15.236+0000] {logging_mixin.py:188} INFO - [2026-06-30T08:40:15.236+0000] {dag.py:3954} INFO - Setting next_dagrun for latest_only to 2026-06-30 04:00:00+00:00, run_after=2026-06-30 08:00:00+00:00
[2026-06-30T08:40:15.250+0000] {processor.py:183} INFO - Processing /home/airflow/.local/lib/python3.12/site-packages/airflow/example_dags/example_latest_only.py took 0.056 seconds
[2026-06-30T08:40:45.780+0000] {processor.py:161} INFO - Started process (PID=24281) to work on /home/airflow/.local/lib/python3.12/site-packages/airflow/example_dags/example_latest_only.py
[2026-06-30T08:40:45.781+0000] {processor.py:830} INFO - Processing file /home/airflow/.local/lib/python3.12/site-packages/airflow/example_dags/example_latest_only.py for tasks to queue
[2026-06-30T08:40:45.782+0000] {logging_mixin.py:188} INFO - [2026-06-30T08:40:45.782+0000] {dagbag.py:545} INFO - Filling up the DagBag from /home/airflow/.local/lib/python3.12/site-packages/airflow/example_dags/example_latest_only.py
[2026-06-30T08:40:45.786+0000] {processor.py:840} INFO - DAG(s) 'latest_only' retrieved from /home/airflow/.local/lib/python3.12/site-packages/airflow/example_dags/example_latest_only.py
[2026-06-30T08:40:45.801+0000] {logging_mixin.py:188} INFO - [2026-06-30T08:40:45.800+0000] {dag.py:3096} INFO - Sync 1 DAGs
[2026-06-30T08:40:45.815+0000] {logging_mixin.py:188} INFO - [2026-06-30T08:40:45.815+0000] {dag.py:3954} INFO - Setting next_dagrun for latest_only to 2026-06-30 04:00:00+00:00, run_after=2026-06-30 08:00:00+00:00
[2026-06-30T08:40:45.829+0000] {processor.py:183} INFO - Processing /home/airflow/.local/lib/python3.12/site-packages/airflow/example_dags/example_latest_only.py took 0.053 seconds
[2026-06-30T08:41:16.450+0000] {processor.py:161} INFO - Started process (PID=24339) to work on /home/airflow/.local/lib/python3.12/site-packages/airflow/example_dags/example_latest_only.py
[2026-06-30T08:41:16.451+0000] {processor.py:830} INFO - Processing file /home/airflow/.local/lib/python3.12/site-packages/airflow/example_dags/example_latest_only.py for tasks to queue
[2026-06-30T08:41:16.452+0000] {logging_mixin.py:188} INFO - [2026-06-30T08:41:16.452+0000] {dagbag.py:545} INFO - Filling up the DagBag from /home/airflow/.local/lib/python3.12/site-packages/airflow/example_dags/example_latest_only.py
[2026-06-30T08:41:16.457+0000] {processor.py:840} INFO - DAG(s) 'latest_only' retrieved from /home/airflow/.local/lib/python3.12/site-packages/airflow/example_dags/example_latest_only.py
[2026-06-30T08:41:16.473+0000] {logging_mixin.py:188} INFO - [2026-06-30T08:41:16.473+0000] {dag.py:3096} INFO - Sync 1 DAGs
[2026-06-30T08:41:16.488+0000] {logging_mixin.py:188} INFO - [2026-06-30T08:41:16.488+0000] {dag.py:3954} INFO - Setting next_dagrun for latest_only to 2026-06-30 04:00:00+00:00, run_after=2026-06-30 08:00:00+00:00
[2026-06-30T08:41:16.502+0000] {processor.py:183} INFO - Processing /home/airflow/.local/lib/python3.12/site-packages/airflow/example_dags/example_latest_only.py took 0.056 seconds
[2026-06-30T08:41:46.973+0000] {processor.py:161} INFO - Started process (PID=24397) to work on /home/airflow/.local/lib/python3.12/site-packages/airflow/example_dags/example_latest_only.py
[2026-06-30T08:41:46.973+0000] {processor.py:830} INFO - Processing file /home/airflow/.local/lib/python3.12/site-packages/airflow/example_dags/example_latest_only.py for tasks to queue
[2026-06-30T08:41:46.974+0000] {logging_mixin.py:188} INFO - [2026-06-30T08:41:46.974+0000] {dagbag.py:545} INFO - Filling up the DagBag from /home/airflow/.local/lib/python3.12/site-packages/airflow/example_dags/example_latest_only.py
[2026-06-30T08:41:46.978+0000] {processor.py:840} INFO - DAG(s) 'latest_only' retrieved from /home/airflow/.local/lib/python3.12/site-packages/airflow/example_dags/example_latest_only.py
[2026-06-30T08:41:46.992+0000] {logging_mixin.py:188} INFO - [2026-06-30T08:41:46.992+0000] {dag.py:3096} INFO - Sync 1 DAGs
[2026-06-30T08:41:47.006+0000] {logging_mixin.py:188} INFO - [2026-06-30T08:41:47.006+0000] {dag.py:3954} INFO - Setting next_dagrun for latest_only to 2026-06-30 04:00:00+00:00, run_after=2026-06-30 08:00:00+00:00
[2026-06-30T08:41:47.019+0000] {processor.py:183} INFO - Processing /home/airflow/.local/lib/python3.12/site-packages/airflow/example_dags/example_latest_only.py took 0.051 seconds
[2026-06-30T08:42:17.517+0000] {processor.py:161} INFO - Started process (PID=24455) to work on /home/airflow/.local/lib/python3.12/site-packages/airflow/example_dags/example_latest_only.py
[2026-06-30T08:42:17.518+0000] {processor.py:830} INFO - Processing file /home/airflow/.local/lib/python3.12/site-packages/airflow/example_dags/example_latest_only.py for tasks to queue
[2026-06-30T08:42:17.519+0000] {logging_mixin.py:188} INFO - [2026-06-30T08:42:17.518+0000] {dagbag.py:545} INFO - Filling up the DagBag from /home/airflow/.local/lib/python3.12/site-packages/airflow/example_dags/example_latest_only.py
[2026-06-30T08:42:17.523+0000] {processor.py:840} INFO - DAG(s) 'latest_only' retrieved from /home/airflow/.local/lib/python3.12/site-packages/airflow/example_dags/example_latest_only.py
[2026-06-30T08:42:17.545+0000] {logging_mixin.py:188} INFO - [2026-06-30T08:42:17.545+0000] {dag.py:3096} INFO - Sync 1 DAGs
[2026-06-30T08:42:17.567+0000] {logging_mixin.py:188} INFO - [2026-06-30T08:42:17.567+0000] {dag.py:3954} INFO - Setting next_dagrun for latest_only to 2026-06-30 04:00:00+00:00, run_after=2026-06-30 08:00:00+00:00
[2026-06-30T08:42:17.587+0000] {processor.py:183} INFO - Processing /home/airflow/.local/lib/python3.12/site-packages/airflow/example_dags/example_latest_only.py took 0.075 seconds
[2026-06-30T08:42:48.180+0000] {processor.py:161} INFO - Started process (PID=24513) to work on /home/airflow/.local/lib/python3.12/site-packages/airflow/example_dags/example_latest_only.py
[2026-06-30T08:42:48.182+0000] {processor.py:830} INFO - Processing file /home/airflow/.local/lib/python3.12/site-packages/airflow/example_dags/example_latest_only.py for tasks to queue
[2026-06-30T08:42:48.182+0000] {logging_mixin.py:188} INFO - [2026-06-30T08:42:48.182+0000] {dagbag.py:545} INFO - Filling up the DagBag from /home/airflow/.local/lib/python3.12/site-packages/airflow/example_dags/example_latest_only.py
[2026-06-30T08:42:48.188+0000] {processor.py:840} INFO - DAG(s) 'latest_only' retrieved from /home/airflow/.local/lib/python3.12/site-packages/airflow/example_dags/example_latest_only.py
[2026-06-30T08:42:48.205+0000] {logging_mixin.py:188} INFO - [2026-06-30T08:42:48.205+0000] {dag.py:3096} INFO - Sync 1 DAGs
[2026-06-30T08:42:48.223+0000] {logging_mixin.py:188} INFO - [2026-06-30T08:42:48.223+0000] {dag.py:3954} INFO - Setting next_dagrun for latest_only to 2026-06-30 04:00:00+00:00, run_after=2026-06-30 08:00:00+00:00
[2026-06-30T08:42:48.240+0000] {processor.py:183} INFO - Processing /home/airflow/.local/lib/python3.12/site-packages/airflow/example_dags/example_latest_only.py took 0.064 seconds
[2026-06-30T08:43:18.309+0000] {processor.py:161} INFO - Started process (PID=24571) to work on /home/airflow/.local/lib/python3.12/site-packages/airflow/example_dags/example_latest_only.py
[2026-06-30T08:43:18.310+0000] {processor.py:830} INFO - Processing file /home/airflow/.local/lib/python3.12/site-packages/airflow/example_dags/example_latest_only.py for tasks to queue
[2026-06-30T08:43:18.311+0000] {logging_mixin.py:188} INFO - [2026-06-30T08:43:18.311+0000] {dagbag.py:545} INFO - Filling up the DagBag from /home/airflow/.local/lib/python3.12/site-packages/airflow/example_dags/example_latest_only.py
[2026-06-30T08:43:18.315+0000] {processor.py:840} INFO - DAG(s) 'latest_only' retrieved from /home/airflow/.local/lib/python3.12/site-packages/airflow/example_dags/example_latest_only.py
[2026-06-30T08:43:18.332+0000] {logging_mixin.py:188} INFO - [2026-06-30T08:43:18.331+0000] {dag.py:3096} INFO - Sync 1 DAGs
[2026-06-30T08:43:18.347+0000] {logging_mixin.py:188} INFO - [2026-06-30T08:43:18.347+0000] {dag.py:3954} INFO - Setting next_dagrun for latest_only to 2026-06-30 04:00:00+00:00, run_after=2026-06-30 08:00:00+00:00
[2026-06-30T08:43:18.361+0000] {processor.py:183} INFO - Processing /home/airflow/.local/lib/python3.12/site-packages/airflow/example_dags/example_latest_only.py took 0.056 seconds
[2026-06-30T08:43:48.678+0000] {processor.py:161} INFO - Started process (PID=24629) to work on /home/airflow/.local/lib/python3.12/site-packages/airflow/example_dags/example_latest_only.py
[2026-06-30T08:43:48.679+0000] {processor.py:830} INFO - Processing file /home/airflow/.local/lib/python3.12/site-packages/airflow/example_dags/example_latest_only.py for tasks to queue
[2026-06-30T08:43:48.680+0000] {logging_mixin.py:188} INFO - [2026-06-30T08:43:48.680+0000] {dagbag.py:545} INFO - Filling up the DagBag from /home/airflow/.local/lib/python3.12/site-packages/airflow/example_dags/example_latest_only.py
[2026-06-30T08:43:48.686+0000] {processor.py:840} INFO - DAG(s) 'latest_only' retrieved from /home/airflow/.local/lib/python3.12/site-packages/airflow/example_dags/example_latest_only.py
[2026-06-30T08:43:48.707+0000] {logging_mixin.py:188} INFO - [2026-06-30T08:43:48.706+0000] {dag.py:3096} INFO - Sync 1 DAGs
[2026-06-30T08:43:48.731+0000] {logging_mixin.py:188} INFO - [2026-06-30T08:43:48.731+0000] {dag.py:3954} INFO - Setting next_dagrun for latest_only to 2026-06-30 04:00:00+00:00, run_after=2026-06-30 08:00:00+00:00
[2026-06-30T08:43:48.751+0000] {processor.py:183} INFO - Processing /home/airflow/.local/lib/python3.12/site-packages/airflow/example_dags/example_latest_only.py took 0.079 seconds
[2026-06-30T08:44:19.058+0000] {processor.py:161} INFO - Started process (PID=24687) to work on /home/airflow/.local/lib/python3.12/site-packages/airflow/example_dags/example_latest_only.py
[2026-06-30T08:44:19.059+0000] {processor.py:830} INFO - Processing file /home/airflow/.local/lib/python3.12/site-packages/airflow/example_dags/example_latest_only.py for tasks to queue
[2026-06-30T08:44:19.060+0000] {logging_mixin.py:188} INFO - [2026-06-30T08:44:19.060+0000] {dagbag.py:545} INFO - Filling up the DagBag from /home/airflow/.local/lib/python3.12/site-packages/airflow/example_dags/example_latest_only.py
[2026-06-30T08:44:19.065+0000] {processor.py:840} INFO - DAG(s) 'latest_only' retrieved from /home/airflow/.local/lib/python3.12/site-packages/airflow/example_dags/example_latest_only.py
[2026-06-30T08:44:19.081+0000] {logging_mixin.py:188} INFO - [2026-06-30T08:44:19.081+0000] {dag.py:3096} INFO - Sync 1 DAGs
[2026-06-30T08:44:19.098+0000] {logging_mixin.py:188} INFO - [2026-06-30T08:44:19.098+0000] {dag.py:3954} INFO - Setting next_dagrun for latest_only to 2026-06-30 04:00:00+00:00, run_after=2026-06-30 08:00:00+00:00
[2026-06-30T08:44:19.112+0000] {processor.py:183} INFO - Processing /home/airflow/.local/lib/python3.12/site-packages/airflow/example_dags/example_latest_only.py took 0.059 seconds
[2026-06-30T08:44:49.480+0000] {processor.py:161} INFO - Started process (PID=24745) to work on /home/airflow/.local/lib/python3.12/site-packages/airflow/example_dags/example_latest_only.py
[2026-06-30T08:44:49.481+0000] {processor.py:830} INFO - Processing file /home/airflow/.local/lib/python3.12/site-packages/airflow/example_dags/example_latest_only.py for tasks to queue
[2026-06-30T08:44:49.482+0000] {logging_mixin.py:188} INFO - [2026-06-30T08:44:49.482+0000] {dagbag.py:545} INFO - Filling up the DagBag from /home/airflow/.local/lib/python3.12/site-packages/airflow/example_dags/example_latest_only.py
[2026-06-30T08:44:49.488+0000] {processor.py:840} INFO - DAG(s) 'latest_only' retrieved from /home/airflow/.local/lib/python3.12/site-packages/airflow/example_dags/example_latest_only.py
[2026-06-30T08:44:49.506+0000] {logging_mixin.py:188} INFO - [2026-06-30T08:44:49.506+0000] {dag.py:3096} INFO - Sync 1 DAGs
[2026-06-30T08:44:49.526+0000] {logging_mixin.py:188} INFO - [2026-06-30T08:44:49.526+0000] {dag.py:3954} INFO - Setting next_dagrun for latest_only to 2026-06-30 04:00:00+00:00, run_after=2026-06-30 08:00:00+00:00
[2026-06-30T08:44:49.542+0000] {processor.py:183} INFO - Processing /home/airflow/.local/lib/python3.12/site-packages/airflow/example_dags/example_latest_only.py took 0.068 seconds
[2026-06-30T08:45:20.052+0000] {processor.py:161} INFO - Started process (PID=24803) to work on /home/airflow/.local/lib/python3.12/site-packages/airflow/example_dags/example_latest_only.py
[2026-06-30T08:45:20.053+0000] {processor.py:830} INFO - Processing file /home/airflow/.local/lib/python3.12/site-packages/airflow/example_dags/example_latest_only.py for tasks to queue
[2026-06-30T08:45:20.054+0000] {logging_mixin.py:188} INFO - [2026-06-30T08:45:20.054+0000] {dagbag.py:545} INFO - Filling up the DagBag from /home/airflow/.local/lib/python3.12/site-packages/airflow/example_dags/example_latest_only.py
[2026-06-30T08:45:20.060+0000] {processor.py:840} INFO - DAG(s) 'latest_only' retrieved from /home/airflow/.local/lib/python3.12/site-packages/airflow/example_dags/example_latest_only.py
[2026-06-30T08:45:20.082+0000] {logging_mixin.py:188} INFO - [2026-06-30T08:45:20.082+0000] {dag.py:3096} INFO - Sync 1 DAGs
[2026-06-30T08:45:20.109+0000] {logging_mixin.py:188} INFO - [2026-06-30T08:45:20.109+0000] {dag.py:3954} INFO - Setting next_dagrun for latest_only to 2026-06-30 04:00:00+00:00, run_after=2026-06-30 08:00:00+00:00
[2026-06-30T08:45:20.129+0000] {processor.py:183} INFO - Processing /home/airflow/.local/lib/python3.12/site-packages/airflow/example_dags/example_latest_only.py took 0.083 seconds
[2026-06-30T08:45:50.723+0000] {processor.py:161} INFO - Started process (PID=24861) to work on /home/airflow/.local/lib/python3.12/site-packages/airflow/example_dags/example_latest_only.py
[2026-06-30T08:45:50.724+0000] {processor.py:830} INFO - Processing file /home/airflow/.local/lib/python3.12/site-packages/airflow/example_dags/example_latest_only.py for tasks to queue
[2026-06-30T08:45:50.725+0000] {logging_mixin.py:188} INFO - [2026-06-30T08:45:50.725+0000] {dagbag.py:545} INFO - Filling up the DagBag from /home/airflow/.local/lib/python3.12/site-packages/airflow/example_dags/example_latest_only.py
[2026-06-30T08:45:50.731+0000] {processor.py:840} INFO - DAG(s) 'latest_only' retrieved from /home/airflow/.local/lib/python3.12/site-packages/airflow/example_dags/example_latest_only.py
[2026-06-30T08:45:50.752+0000] {logging_mixin.py:188} INFO - [2026-06-30T08:45:50.752+0000] {dag.py:3096} INFO - Sync 1 DAGs
[2026-06-30T08:45:50.775+0000] {logging_mixin.py:188} INFO - [2026-06-30T08:45:50.775+0000] {dag.py:3954} INFO - Setting next_dagrun for latest_only to 2026-06-30 04:00:00+00:00, run_after=2026-06-30 08:00:00+00:00
[2026-06-30T08:45:50.794+0000] {processor.py:183} INFO - Processing /home/airflow/.local/lib/python3.12/site-packages/airflow/example_dags/example_latest_only.py took 0.076 seconds
[2026-06-30T08:46:21.262+0000] {processor.py:161} INFO - Started process (PID=24919) to work on /home/airflow/.local/lib/python3.12/site-packages/airflow/example_dags/example_latest_only.py
[2026-06-30T08:46:21.263+0000] {processor.py:830} INFO - Processing file /home/airflow/.local/lib/python3.12/site-packages/airflow/example_dags/example_latest_only.py for tasks to queue
[2026-06-30T08:46:21.264+0000] {logging_mixin.py:188} INFO - [2026-06-30T08:46:21.264+0000] {dagbag.py:545} INFO - Filling up the DagBag from /home/airflow/.local/lib/python3.12/site-packages/airflow/example_dags/example_latest_only.py
[2026-06-30T08:46:21.268+0000] {processor.py:840} INFO - DAG(s) 'latest_only' retrieved from /home/airflow/.local/lib/python3.12/site-packages/airflow/example_dags/example_latest_only.py
[2026-06-30T08:46:21.283+0000] {logging_mixin.py:188} INFO - [2026-06-30T08:46:21.283+0000] {dag.py:3096} INFO - Sync 1 DAGs
[2026-06-30T08:46:21.299+0000] {logging_mixin.py:188} INFO - [2026-06-30T08:46:21.299+0000] {dag.py:3954} INFO - Setting next_dagrun for latest_only to 2026-06-30 04:00:00+00:00, run_after=2026-06-30 08:00:00+00:00
[2026-06-30T08:46:21.317+0000] {processor.py:183} INFO - Processing /home/airflow/.local/lib/python3.12/site-packages/airflow/example_dags/example_latest_only.py took 0.059 seconds
[2026-06-30T08:46:51.842+0000] {processor.py:161} INFO - Started process (PID=24977) to work on /home/airflow/.local/lib/python3.12/site-packages/airflow/example_dags/example_latest_only.py
[2026-06-30T08:46:51.843+0000] {processor.py:830} INFO - Processing file /home/airflow/.local/lib/python3.12/site-packages/airflow/example_dags/example_latest_only.py for tasks to queue
[2026-06-30T08:46:51.844+0000] {logging_mixin.py:188} INFO - [2026-06-30T08:46:51.844+0000] {dagbag.py:545} INFO - Filling up the DagBag from /home/airflow/.local/lib/python3.12/site-packages/airflow/example_dags/example_latest_only.py
[2026-06-30T08:46:51.848+0000] {processor.py:840} INFO - DAG(s) 'latest_only' retrieved from /home/airflow/.local/lib/python3.12/site-packages/airflow/example_dags/example_latest_only.py
[2026-06-30T08:46:51.861+0000] {logging_mixin.py:188} INFO - [2026-06-30T08:46:51.861+0000] {dag.py:3096} INFO - Sync 1 DAGs
[2026-06-30T08:46:51.875+0000] {logging_mixin.py:188} INFO - [2026-06-30T08:46:51.875+0000] {dag.py:3954} INFO - Setting next_dagrun for latest_only to 2026-06-30 04:00:00+00:00, run_after=2026-06-30 08:00:00+00:00
[2026-06-30T08:46:51.888+0000] {processor.py:183} INFO - Processing /home/airflow/.local/lib/python3.12/site-packages/airflow/example_dags/example_latest_only.py took 0.050 seconds
[2026-06-30T08:47:22.399+0000] {processor.py:161} INFO - Started process (PID=25035) to work on /home/airflow/.local/lib/python3.12/site-packages/airflow/example_dags/example_latest_only.py
[2026-06-30T08:47:22.399+0000] {processor.py:830} INFO - Processing file /home/airflow/.local/lib/python3.12/site-packages/airflow/example_dags/example_latest_only.py for tasks to queue
[2026-06-30T08:47:22.400+0000] {logging_mixin.py:188} INFO - [2026-06-30T08:47:22.400+0000] {dagbag.py:545} INFO - Filling up the DagBag from /home/airflow/.local/lib/python3.12/site-packages/airflow/example_dags/example_latest_only.py
[2026-06-30T08:47:22.404+0000] {processor.py:840} INFO - DAG(s) 'latest_only' retrieved from /home/airflow/.local/lib/python3.12/site-packages/airflow/example_dags/example_latest_only.py
[2026-06-30T08:47:22.419+0000] {logging_mixin.py:188} INFO - [2026-06-30T08:47:22.418+0000] {dag.py:3096} INFO - Sync 1 DAGs
[2026-06-30T08:47:22.433+0000] {logging_mixin.py:188} INFO - [2026-06-30T08:47:22.433+0000] {dag.py:3954} INFO - Setting next_dagrun for latest_only to 2026-06-30 04:00:00+00:00, run_after=2026-06-30 08:00:00+00:00
[2026-06-30T08:47:22.445+0000] {processor.py:183} INFO - Processing /home/airflow/.local/lib/python3.12/site-packages/airflow/example_dags/example_latest_only.py took 0.050 seconds
[2026-06-30T08:47:52.904+0000] {processor.py:161} INFO - Started process (PID=25093) to work on /home/airflow/.local/lib/python3.12/site-packages/airflow/example_dags/example_latest_only.py
[2026-06-30T08:47:52.905+0000] {processor.py:830} INFO - Processing file /home/airflow/.local/lib/python3.12/site-packages/airflow/example_dags/example_latest_only.py for tasks to queue
[2026-06-30T08:47:52.905+0000] {logging_mixin.py:188} INFO - [2026-06-30T08:47:52.905+0000] {dagbag.py:545} INFO - Filling up the DagBag from /home/airflow/.local/lib/python3.12/site-packages/airflow/example_dags/example_latest_only.py
[2026-06-30T08:47:52.910+0000] {processor.py:840} INFO - DAG(s) 'latest_only' retrieved from /home/airflow/.local/lib/python3.12/site-packages/airflow/example_dags/example_latest_only.py
[2026-06-30T08:47:52.926+0000] {logging_mixin.py:188} INFO - [2026-06-30T08:47:52.926+0000] {dag.py:3096} INFO - Sync 1 DAGs
[2026-06-30T08:47:52.945+0000] {logging_mixin.py:188} INFO - [2026-06-30T08:47:52.944+0000] {dag.py:3954} INFO - Setting next_dagrun for latest_only to 2026-06-30 04:00:00+00:00, run_after=2026-06-30 08:00:00+00:00
[2026-06-30T08:47:52.959+0000] {processor.py:183} INFO - Processing /home/airflow/.local/lib/python3.12/site-packages/airflow/example_dags/example_latest_only.py took 0.060 seconds
[2026-06-30T08:48:23.481+0000] {processor.py:161} INFO - Started process (PID=25151) to work on /home/airflow/.local/lib/python3.12/site-packages/airflow/example_dags/example_latest_only.py
[2026-06-30T08:48:23.482+0000] {processor.py:830} INFO - Processing file /home/airflow/.local/lib/python3.12/site-packages/airflow/example_dags/example_latest_only.py for tasks to queue
[2026-06-30T08:48:23.483+0000] {logging_mixin.py:188} INFO - [2026-06-30T08:48:23.483+0000] {dagbag.py:545} INFO - Filling up the DagBag from /home/airflow/.local/lib/python3.12/site-packages/airflow/example_dags/example_latest_only.py
[2026-06-30T08:48:23.487+0000] {processor.py:840} INFO - DAG(s) 'latest_only' retrieved from /home/airflow/.local/lib/python3.12/site-packages/airflow/example_dags/example_latest_only.py
[2026-06-30T08:48:23.502+0000] {logging_mixin.py:188} INFO - [2026-06-30T08:48:23.501+0000] {dag.py:3096} INFO - Sync 1 DAGs
[2026-06-30T08:48:23.516+0000] {logging_mixin.py:188} INFO - [2026-06-30T08:48:23.516+0000] {dag.py:3954} INFO - Setting next_dagrun for latest_only to 2026-06-30 04:00:00+00:00, run_after=2026-06-30 08:00:00+00:00
[2026-06-30T08:48:23.527+0000] {processor.py:183} INFO - Processing /home/airflow/.local/lib/python3.12/site-packages/airflow/example_dags/example_latest_only.py took 0.051 seconds
[2026-06-30T08:48:54.041+0000] {processor.py:161} INFO - Started process (PID=25209) to work on /home/airflow/.local/lib/python3.12/site-packages/airflow/example_dags/example_latest_only.py
[2026-06-30T08:48:54.042+0000] {processor.py:830} INFO - Processing file /home/airflow/.local/lib/python3.12/site-packages/airflow/example_dags/example_latest_only.py for tasks to queue
[2026-06-30T08:48:54.043+0000] {logging_mixin.py:188} INFO - [2026-06-30T08:48:54.042+0000] {dagbag.py:545} INFO - Filling up the DagBag from /home/airflow/.local/lib/python3.12/site-packages/airflow/example_dags/example_latest_only.py
[2026-06-30T08:48:54.047+0000] {processor.py:840} INFO - DAG(s) 'latest_only' retrieved from /home/airflow/.local/lib/python3.12/site-packages/airflow/example_dags/example_latest_only.py
[2026-06-30T08:48:54.061+0000] {logging_mixin.py:188} INFO - [2026-06-30T08:48:54.060+0000] {dag.py:3096} INFO - Sync 1 DAGs
[2026-06-30T08:48:54.075+0000] {logging_mixin.py:188} INFO - [2026-06-30T08:48:54.075+0000] {dag.py:3954} INFO - Setting next_dagrun for latest_only to 2026-06-30 04:00:00+00:00, run_after=2026-06-30 08:00:00+00:00
[2026-06-30T08:48:54.088+0000] {processor.py:183} INFO - Processing /home/airflow/.local/lib/python3.12/site-packages/airflow/example_dags/example_latest_only.py took 0.051 seconds
[2026-06-30T08:49:24.527+0000] {processor.py:161} INFO - Started process (PID=25267) to work on /home/airflow/.local/lib/python3.12/site-packages/airflow/example_dags/example_latest_only.py
[2026-06-30T08:49:24.528+0000] {processor.py:830} INFO - Processing file /home/airflow/.local/lib/python3.12/site-packages/airflow/example_dags/example_latest_only.py for tasks to queue
[2026-06-30T08:49:24.533+0000] {logging_mixin.py:188} INFO - [2026-06-30T08:49:24.533+0000] {dagbag.py:545} INFO - Filling up the DagBag from /home/airflow/.local/lib/python3.12/site-packages/airflow/example_dags/example_latest_only.py
[2026-06-30T08:49:24.538+0000] {processor.py:840} INFO - DAG(s) 'latest_only' retrieved from /home/airflow/.local/lib/python3.12/site-packages/airflow/example_dags/example_latest_only.py
[2026-06-30T08:49:24.560+0000] {logging_mixin.py:188} INFO - [2026-06-30T08:49:24.560+0000] {dag.py:3096} INFO - Sync 1 DAGs
[2026-06-30T08:49:24.579+0000] {logging_mixin.py:188} INFO - [2026-06-30T08:49:24.579+0000] {dag.py:3954} INFO - Setting next_dagrun for latest_only to 2026-06-30 04:00:00+00:00, run_after=2026-06-30 08:00:00+00:00
[2026-06-30T08:49:24.595+0000] {processor.py:183} INFO - Processing /home/airflow/.local/lib/python3.12/site-packages/airflow/example_dags/example_latest_only.py took 0.073 seconds
[2026-06-30T08:49:55.206+0000] {processor.py:161} INFO - Started process (PID=25324) to work on /home/airflow/.local/lib/python3.12/site-packages/airflow/example_dags/example_latest_only.py
[2026-06-30T08:49:55.207+0000] {processor.py:830} INFO - Processing file /home/airflow/.local/lib/python3.12/site-packages/airflow/example_dags/example_latest_only.py for tasks to queue
[2026-06-30T08:49:55.208+0000] {logging_mixin.py:188} INFO - [2026-06-30T08:49:55.208+0000] {dagbag.py:545} INFO - Filling up the DagBag from /home/airflow/.local/lib/python3.12/site-packages/airflow/example_dags/example_latest_only.py
[2026-06-30T08:49:55.212+0000] {processor.py:840} INFO - DAG(s) 'latest_only' retrieved from /home/airflow/.local/lib/python3.12/site-packages/airflow/example_dags/example_latest_only.py
[2026-06-30T08:49:55.226+0000] {logging_mixin.py:188} INFO - [2026-06-30T08:49:55.226+0000] {dag.py:3096} INFO - Sync 1 DAGs
[2026-06-30T08:49:55.241+0000] {logging_mixin.py:188} INFO - [2026-06-30T08:49:55.240+0000] {dag.py:3954} INFO - Setting next_dagrun for latest_only to 2026-06-30 04:00:00+00:00, run_after=2026-06-30 08:00:00+00:00
[2026-06-30T08:49:55.254+0000] {processor.py:183} INFO - Processing /home/airflow/.local/lib/python3.12/site-packages/airflow/example_dags/example_latest_only.py took 0.052 seconds
[2026-06-30T08:50:25.646+0000] {processor.py:161} INFO - Started process (PID=25382) to work on /home/airflow/.local/lib/python3.12/site-packages/airflow/example_dags/example_latest_only.py
[2026-06-30T08:50:25.647+0000] {processor.py:830} INFO - Processing file /home/airflow/.local/lib/python3.12/site-packages/airflow/example_dags/example_latest_only.py for tasks to queue
[2026-06-30T08:50:25.648+0000] {logging_mixin.py:188} INFO - [2026-06-30T08:50:25.648+0000] {dagbag.py:545} INFO - Filling up the DagBag from /home/airflow/.local/lib/python3.12/site-packages/airflow/example_dags/example_latest_only.py
[2026-06-30T08:50:25.653+0000] {processor.py:840} INFO - DAG(s) 'latest_only' retrieved from /home/airflow/.local/lib/python3.12/site-packages/airflow/example_dags/example_latest_only.py
[2026-06-30T08:50:25.670+0000] {logging_mixin.py:188} INFO - [2026-06-30T08:50:25.670+0000] {dag.py:3096} INFO - Sync 1 DAGs
[2026-06-30T08:50:25.692+0000] {logging_mixin.py:188} INFO - [2026-06-30T08:50:25.692+0000] {dag.py:3954} INFO - Setting next_dagrun for latest_only to 2026-06-30 04:00:00+00:00, run_after=2026-06-30 08:00:00+00:00
[2026-06-30T08:50:25.708+0000] {processor.py:183} INFO - Processing /home/airflow/.local/lib/python3.12/site-packages/airflow/example_dags/example_latest_only.py took 0.067 seconds
[2026-06-30T08:50:56.111+0000] {processor.py:161} INFO - Started process (PID=25440) to work on /home/airflow/.local/lib/python3.12/site-packages/airflow/example_dags/example_latest_only.py
[2026-06-30T08:50:56.112+0000] {processor.py:830} INFO - Processing file /home/airflow/.local/lib/python3.12/site-packages/airflow/example_dags/example_latest_only.py for tasks to queue
[2026-06-30T08:50:56.113+0000] {logging_mixin.py:188} INFO - [2026-06-30T08:50:56.113+0000] {dagbag.py:545} INFO - Filling up the DagBag from /home/airflow/.local/lib/python3.12/site-packages/airflow/example_dags/example_latest_only.py
[2026-06-30T08:50:56.117+0000] {processor.py:840} INFO - DAG(s) 'latest_only' retrieved from /home/airflow/.local/lib/python3.12/site-packages/airflow/example_dags/example_latest_only.py
[2026-06-30T08:50:56.132+0000] {logging_mixin.py:188} INFO - [2026-06-30T08:50:56.131+0000] {dag.py:3096} INFO - Sync 1 DAGs
[2026-06-30T08:50:56.146+0000] {logging_mixin.py:188} INFO - [2026-06-30T08:50:56.146+0000] {dag.py:3954} INFO - Setting next_dagrun for latest_only to 2026-06-30 04:00:00+00:00, run_after=2026-06-30 08:00:00+00:00
[2026-06-30T08:50:56.158+0000] {processor.py:183} INFO - Processing /home/airflow/.local/lib/python3.12/site-packages/airflow/example_dags/example_latest_only.py took 0.051 seconds
[2026-06-30T08:51:26.823+0000] {processor.py:161} INFO - Started process (PID=25498) to work on /home/airflow/.local/lib/python3.12/site-packages/airflow/example_dags/example_latest_only.py
[2026-06-30T08:51:26.824+0000] {processor.py:830} INFO - Processing file /home/airflow/.local/lib/python3.12/site-packages/airflow/example_dags/example_latest_only.py for tasks to queue
[2026-06-30T08:51:26.824+0000] {logging_mixin.py:188} INFO - [2026-06-30T08:51:26.824+0000] {dagbag.py:545} INFO - Filling up the DagBag from /home/airflow/.local/lib/python3.12/site-packages/airflow/example_dags/example_latest_only.py
[2026-06-30T08:51:26.828+0000] {processor.py:840} INFO - DAG(s) 'latest_only' retrieved from /home/airflow/.local/lib/python3.12/site-packages/airflow/example_dags/example_latest_only.py
[2026-06-30T08:51:26.843+0000] {logging_mixin.py:188} INFO - [2026-06-30T08:51:26.843+0000] {dag.py:3096} INFO - Sync 1 DAGs
[2026-06-30T08:51:26.859+0000] {logging_mixin.py:188} INFO - [2026-06-30T08:51:26.859+0000] {dag.py:3954} INFO - Setting next_dagrun for latest_only to 2026-06-30 04:00:00+00:00, run_after=2026-06-30 08:00:00+00:00
[2026-06-30T08:51:26.871+0000] {processor.py:183} INFO - Processing /home/airflow/.local/lib/python3.12/site-packages/airflow/example_dags/example_latest_only.py took 0.052 seconds
[2026-06-30T08:51:57.867+0000] {processor.py:161} INFO - Started process (PID=25555) to work on /home/airflow/.local/lib/python3.12/site-packages/airflow/example_dags/example_latest_only.py
[2026-06-30T08:51:57.869+0000] {processor.py:830} INFO - Processing file /home/airflow/.local/lib/python3.12/site-packages/airflow/example_dags/example_latest_only.py for tasks to queue
[2026-06-30T08:51:57.870+0000] {logging_mixin.py:188} INFO - [2026-06-30T08:51:57.869+0000] {dagbag.py:545} INFO - Filling up the DagBag from /home/airflow/.local/lib/python3.12/site-packages/airflow/example_dags/example_latest_only.py
[2026-06-30T08:51:57.877+0000] {processor.py:840} INFO - DAG(s) 'latest_only' retrieved from /home/airflow/.local/lib/python3.12/site-packages/airflow/example_dags/example_latest_only.py
[2026-06-30T08:51:57.907+0000] {logging_mixin.py:188} INFO - [2026-06-30T08:51:57.906+0000] {dag.py:3096} INFO - Sync 1 DAGs
[2026-06-30T08:51:57.934+0000] {logging_mixin.py:188} INFO - [2026-06-30T08:51:57.934+0000] {dag.py:3954} INFO - Setting next_dagrun for latest_only to 2026-06-30 04:00:00+00:00, run_after=2026-06-30 08:00:00+00:00
[2026-06-30T08:51:57.961+0000] {processor.py:183} INFO - Processing /home/airflow/.local/lib/python3.12/site-packages/airflow/example_dags/example_latest_only.py took 0.102 seconds
[2026-06-30T08:52:29.104+0000] {processor.py:161} INFO - Started process (PID=25613) to work on /home/airflow/.local/lib/python3.12/site-packages/airflow/example_dags/example_latest_only.py
[2026-06-30T08:52:29.105+0000] {processor.py:830} INFO - Processing file /home/airflow/.local/lib/python3.12/site-packages/airflow/example_dags/example_latest_only.py for tasks to queue
[2026-06-30T08:52:29.105+0000] {logging_mixin.py:188} INFO - [2026-06-30T08:52:29.105+0000] {dagbag.py:545} INFO - Filling up the DagBag from /home/airflow/.local/lib/python3.12/site-packages/airflow/example_dags/example_latest_only.py
[2026-06-30T08:52:29.109+0000] {processor.py:840} INFO - DAG(s) 'latest_only' retrieved from /home/airflow/.local/lib/python3.12/site-packages/airflow/example_dags/example_latest_only.py
[2026-06-30T08:52:29.124+0000] {logging_mixin.py:188} INFO - [2026-06-30T08:52:29.124+0000] {dag.py:3096} INFO - Sync 1 DAGs
[2026-06-30T08:52:29.250+0000] {logging_mixin.py:188} INFO - [2026-06-30T08:52:29.250+0000] {dag.py:3954} INFO - Setting next_dagrun for latest_only to 2026-06-30 04:00:00+00:00, run_after=2026-06-30 08:00:00+00:00
[2026-06-30T08:52:29.264+0000] {processor.py:183} INFO - Processing /home/airflow/.local/lib/python3.12/site-packages/airflow/example_dags/example_latest_only.py took 0.165 seconds
[2026-06-30T08:53:00.028+0000] {processor.py:161} INFO - Started process (PID=25671) to work on /home/airflow/.local/lib/python3.12/site-packages/airflow/example_dags/example_latest_only.py
[2026-06-30T08:53:00.028+0000] {processor.py:830} INFO - Processing file /home/airflow/.local/lib/python3.12/site-packages/airflow/example_dags/example_latest_only.py for tasks to queue
[2026-06-30T08:53:00.029+0000] {logging_mixin.py:188} INFO - [2026-06-30T08:53:00.029+0000] {dagbag.py:545} INFO - Filling up the DagBag from /home/airflow/.local/lib/python3.12/site-packages/airflow/example_dags/example_latest_only.py
[2026-06-30T08:53:00.034+0000] {processor.py:840} INFO - DAG(s) 'latest_only' retrieved from /home/airflow/.local/lib/python3.12/site-packages/airflow/example_dags/example_latest_only.py
[2026-06-30T08:53:00.056+0000] {logging_mixin.py:188} INFO - [2026-06-30T08:53:00.056+0000] {dag.py:3096} INFO - Sync 1 DAGs
[2026-06-30T08:53:00.080+0000] {logging_mixin.py:188} INFO - [2026-06-30T08:53:00.080+0000] {dag.py:3954} INFO - Setting next_dagrun for latest_only to 2026-06-30 04:00:00+00:00, run_after=2026-06-30 08:00:00+00:00
[2026-06-30T08:53:00.096+0000] {processor.py:183} INFO - Processing /home/airflow/.local/lib/python3.12/site-packages/airflow/example_dags/example_latest_only.py took 0.073 seconds
