[2026-06-30T08:18:52.986+0000] {processor.py:161} INFO - Started process (PID=21779) to work on /home/airflow/.local/lib/python3.12/site-packages/airflow/example_dags/example_trigger_target_dag.py
[2026-06-30T08:18:52.987+0000] {processor.py:830} INFO - Processing file /home/airflow/.local/lib/python3.12/site-packages/airflow/example_dags/example_trigger_target_dag.py for tasks to queue
[2026-06-30T08:18:52.988+0000] {logging_mixin.py:188} INFO - [2026-06-30T08:18:52.987+0000] {dagbag.py:545} INFO - Filling up the DagBag from /home/airflow/.local/lib/python3.12/site-packages/airflow/example_dags/example_trigger_target_dag.py
[2026-06-30T08:18:52.994+0000] {processor.py:840} INFO - DAG(s) 'example_trigger_target_dag' retrieved from /home/airflow/.local/lib/python3.12/site-packages/airflow/example_dags/example_trigger_target_dag.py
[2026-06-30T08:18:53.013+0000] {logging_mixin.py:188} INFO - [2026-06-30T08:18:53.013+0000] {dag.py:3096} INFO - Sync 1 DAGs
[2026-06-30T08:18:53.027+0000] {logging_mixin.py:188} INFO - [2026-06-30T08:18:53.027+0000] {dag.py:3954} INFO - Setting next_dagrun for example_trigger_target_dag to None, run_after=None
[2026-06-30T08:18:53.049+0000] {processor.py:183} INFO - Processing /home/airflow/.local/lib/python3.12/site-packages/airflow/example_dags/example_trigger_target_dag.py took 0.069 seconds
[2026-06-30T08:19:23.298+0000] {processor.py:161} INFO - Started process (PID=21834) to work on /home/airflow/.local/lib/python3.12/site-packages/airflow/example_dags/example_trigger_target_dag.py
[2026-06-30T08:19:23.299+0000] {processor.py:830} INFO - Processing file /home/airflow/.local/lib/python3.12/site-packages/airflow/example_dags/example_trigger_target_dag.py for tasks to queue
[2026-06-30T08:19:23.300+0000] {logging_mixin.py:188} INFO - [2026-06-30T08:19:23.300+0000] {dagbag.py:545} INFO - Filling up the DagBag from /home/airflow/.local/lib/python3.12/site-packages/airflow/example_dags/example_trigger_target_dag.py
[2026-06-30T08:19:23.305+0000] {processor.py:840} INFO - DAG(s) 'example_trigger_target_dag' retrieved from /home/airflow/.local/lib/python3.12/site-packages/airflow/example_dags/example_trigger_target_dag.py
[2026-06-30T08:19:23.321+0000] {logging_mixin.py:188} INFO - [2026-06-30T08:19:23.321+0000] {dag.py:3096} INFO - Sync 1 DAGs
[2026-06-30T08:19:23.331+0000] {logging_mixin.py:188} INFO - [2026-06-30T08:19:23.331+0000] {dag.py:3954} INFO - Setting next_dagrun for example_trigger_target_dag to None, run_after=None
[2026-06-30T08:19:23.344+0000] {processor.py:183} INFO - Processing /home/airflow/.local/lib/python3.12/site-packages/airflow/example_dags/example_trigger_target_dag.py took 0.051 seconds
[2026-06-30T08:19:53.649+0000] {processor.py:161} INFO - Started process (PID=21892) to work on /home/airflow/.local/lib/python3.12/site-packages/airflow/example_dags/example_trigger_target_dag.py
[2026-06-30T08:19:53.649+0000] {processor.py:830} INFO - Processing file /home/airflow/.local/lib/python3.12/site-packages/airflow/example_dags/example_trigger_target_dag.py for tasks to queue
[2026-06-30T08:19:53.650+0000] {logging_mixin.py:188} INFO - [2026-06-30T08:19:53.650+0000] {dagbag.py:545} INFO - Filling up the DagBag from /home/airflow/.local/lib/python3.12/site-packages/airflow/example_dags/example_trigger_target_dag.py
[2026-06-30T08:19:53.654+0000] {processor.py:840} INFO - DAG(s) 'example_trigger_target_dag' retrieved from /home/airflow/.local/lib/python3.12/site-packages/airflow/example_dags/example_trigger_target_dag.py
[2026-06-30T08:19:53.669+0000] {logging_mixin.py:188} INFO - [2026-06-30T08:19:53.669+0000] {dag.py:3096} INFO - Sync 1 DAGs
[2026-06-30T08:19:53.678+0000] {logging_mixin.py:188} INFO - [2026-06-30T08:19:53.678+0000] {dag.py:3954} INFO - Setting next_dagrun for example_trigger_target_dag to None, run_after=None
[2026-06-30T08:19:53.692+0000] {processor.py:183} INFO - Processing /home/airflow/.local/lib/python3.12/site-packages/airflow/example_dags/example_trigger_target_dag.py took 0.048 seconds
[2026-06-30T08:20:23.928+0000] {processor.py:161} INFO - Started process (PID=21950) to work on /home/airflow/.local/lib/python3.12/site-packages/airflow/example_dags/example_trigger_target_dag.py
[2026-06-30T08:20:23.929+0000] {processor.py:830} INFO - Processing file /home/airflow/.local/lib/python3.12/site-packages/airflow/example_dags/example_trigger_target_dag.py for tasks to queue
[2026-06-30T08:20:23.930+0000] {logging_mixin.py:188} INFO - [2026-06-30T08:20:23.929+0000] {dagbag.py:545} INFO - Filling up the DagBag from /home/airflow/.local/lib/python3.12/site-packages/airflow/example_dags/example_trigger_target_dag.py
[2026-06-30T08:20:23.934+0000] {processor.py:840} INFO - DAG(s) 'example_trigger_target_dag' retrieved from /home/airflow/.local/lib/python3.12/site-packages/airflow/example_dags/example_trigger_target_dag.py
[2026-06-30T08:20:23.948+0000] {logging_mixin.py:188} INFO - [2026-06-30T08:20:23.948+0000] {dag.py:3096} INFO - Sync 1 DAGs
[2026-06-30T08:20:23.958+0000] {logging_mixin.py:188} INFO - [2026-06-30T08:20:23.957+0000] {dag.py:3954} INFO - Setting next_dagrun for example_trigger_target_dag to None, run_after=None
[2026-06-30T08:20:23.978+0000] {processor.py:183} INFO - Processing /home/airflow/.local/lib/python3.12/site-packages/airflow/example_dags/example_trigger_target_dag.py took 0.054 seconds
[2026-06-30T08:20:54.160+0000] {processor.py:161} INFO - Started process (PID=22007) to work on /home/airflow/.local/lib/python3.12/site-packages/airflow/example_dags/example_trigger_target_dag.py
[2026-06-30T08:20:54.161+0000] {processor.py:830} INFO - Processing file /home/airflow/.local/lib/python3.12/site-packages/airflow/example_dags/example_trigger_target_dag.py for tasks to queue
[2026-06-30T08:20:54.162+0000] {logging_mixin.py:188} INFO - [2026-06-30T08:20:54.162+0000] {dagbag.py:545} INFO - Filling up the DagBag from /home/airflow/.local/lib/python3.12/site-packages/airflow/example_dags/example_trigger_target_dag.py
[2026-06-30T08:20:54.166+0000] {processor.py:840} INFO - DAG(s) 'example_trigger_target_dag' retrieved from /home/airflow/.local/lib/python3.12/site-packages/airflow/example_dags/example_trigger_target_dag.py
[2026-06-30T08:20:54.182+0000] {logging_mixin.py:188} INFO - [2026-06-30T08:20:54.181+0000] {dag.py:3096} INFO - Sync 1 DAGs
[2026-06-30T08:20:54.191+0000] {logging_mixin.py:188} INFO - [2026-06-30T08:20:54.191+0000] {dag.py:3954} INFO - Setting next_dagrun for example_trigger_target_dag to None, run_after=None
[2026-06-30T08:20:54.204+0000] {processor.py:183} INFO - Processing /home/airflow/.local/lib/python3.12/site-packages/airflow/example_dags/example_trigger_target_dag.py took 0.048 seconds
[2026-06-30T08:21:24.577+0000] {processor.py:161} INFO - Started process (PID=22065) to work on /home/airflow/.local/lib/python3.12/site-packages/airflow/example_dags/example_trigger_target_dag.py
[2026-06-30T08:21:24.578+0000] {processor.py:830} INFO - Processing file /home/airflow/.local/lib/python3.12/site-packages/airflow/example_dags/example_trigger_target_dag.py for tasks to queue
[2026-06-30T08:21:24.579+0000] {logging_mixin.py:188} INFO - [2026-06-30T08:21:24.578+0000] {dagbag.py:545} INFO - Filling up the DagBag from /home/airflow/.local/lib/python3.12/site-packages/airflow/example_dags/example_trigger_target_dag.py
[2026-06-30T08:21:24.583+0000] {processor.py:840} INFO - DAG(s) 'example_trigger_target_dag' retrieved from /home/airflow/.local/lib/python3.12/site-packages/airflow/example_dags/example_trigger_target_dag.py
[2026-06-30T08:21:24.598+0000] {logging_mixin.py:188} INFO - [2026-06-30T08:21:24.598+0000] {dag.py:3096} INFO - Sync 1 DAGs
[2026-06-30T08:21:24.606+0000] {logging_mixin.py:188} INFO - [2026-06-30T08:21:24.606+0000] {dag.py:3954} INFO - Setting next_dagrun for example_trigger_target_dag to None, run_after=None
[2026-06-30T08:21:24.620+0000] {processor.py:183} INFO - Processing /home/airflow/.local/lib/python3.12/site-packages/airflow/example_dags/example_trigger_target_dag.py took 0.047 seconds
[2026-06-30T08:21:54.896+0000] {processor.py:161} INFO - Started process (PID=22123) to work on /home/airflow/.local/lib/python3.12/site-packages/airflow/example_dags/example_trigger_target_dag.py
[2026-06-30T08:21:54.897+0000] {processor.py:830} INFO - Processing file /home/airflow/.local/lib/python3.12/site-packages/airflow/example_dags/example_trigger_target_dag.py for tasks to queue
[2026-06-30T08:21:54.898+0000] {logging_mixin.py:188} INFO - [2026-06-30T08:21:54.898+0000] {dagbag.py:545} INFO - Filling up the DagBag from /home/airflow/.local/lib/python3.12/site-packages/airflow/example_dags/example_trigger_target_dag.py
[2026-06-30T08:21:54.903+0000] {processor.py:840} INFO - DAG(s) 'example_trigger_target_dag' retrieved from /home/airflow/.local/lib/python3.12/site-packages/airflow/example_dags/example_trigger_target_dag.py
[2026-06-30T08:21:54.917+0000] {logging_mixin.py:188} INFO - [2026-06-30T08:21:54.917+0000] {dag.py:3096} INFO - Sync 1 DAGs
[2026-06-30T08:21:54.926+0000] {logging_mixin.py:188} INFO - [2026-06-30T08:21:54.926+0000] {dag.py:3954} INFO - Setting next_dagrun for example_trigger_target_dag to None, run_after=None
[2026-06-30T08:21:54.938+0000] {processor.py:183} INFO - Processing /home/airflow/.local/lib/python3.12/site-packages/airflow/example_dags/example_trigger_target_dag.py took 0.047 seconds
[2026-06-30T08:22:25.274+0000] {processor.py:161} INFO - Started process (PID=22181) to work on /home/airflow/.local/lib/python3.12/site-packages/airflow/example_dags/example_trigger_target_dag.py
[2026-06-30T08:22:25.275+0000] {processor.py:830} INFO - Processing file /home/airflow/.local/lib/python3.12/site-packages/airflow/example_dags/example_trigger_target_dag.py for tasks to queue
[2026-06-30T08:22:25.275+0000] {logging_mixin.py:188} INFO - [2026-06-30T08:22:25.275+0000] {dagbag.py:545} INFO - Filling up the DagBag from /home/airflow/.local/lib/python3.12/site-packages/airflow/example_dags/example_trigger_target_dag.py
[2026-06-30T08:22:25.279+0000] {processor.py:840} INFO - DAG(s) 'example_trigger_target_dag' retrieved from /home/airflow/.local/lib/python3.12/site-packages/airflow/example_dags/example_trigger_target_dag.py
[2026-06-30T08:22:25.294+0000] {logging_mixin.py:188} INFO - [2026-06-30T08:22:25.294+0000] {dag.py:3096} INFO - Sync 1 DAGs
[2026-06-30T08:22:25.302+0000] {logging_mixin.py:188} INFO - [2026-06-30T08:22:25.302+0000] {dag.py:3954} INFO - Setting next_dagrun for example_trigger_target_dag to None, run_after=None
[2026-06-30T08:22:25.315+0000] {processor.py:183} INFO - Processing /home/airflow/.local/lib/python3.12/site-packages/airflow/example_dags/example_trigger_target_dag.py took 0.045 seconds
[2026-06-30T08:22:55.888+0000] {processor.py:161} INFO - Started process (PID=22239) to work on /home/airflow/.local/lib/python3.12/site-packages/airflow/example_dags/example_trigger_target_dag.py
[2026-06-30T08:22:55.888+0000] {processor.py:830} INFO - Processing file /home/airflow/.local/lib/python3.12/site-packages/airflow/example_dags/example_trigger_target_dag.py for tasks to queue
[2026-06-30T08:22:55.889+0000] {logging_mixin.py:188} INFO - [2026-06-30T08:22:55.889+0000] {dagbag.py:545} INFO - Filling up the DagBag from /home/airflow/.local/lib/python3.12/site-packages/airflow/example_dags/example_trigger_target_dag.py
[2026-06-30T08:22:55.893+0000] {processor.py:840} INFO - DAG(s) 'example_trigger_target_dag' retrieved from /home/airflow/.local/lib/python3.12/site-packages/airflow/example_dags/example_trigger_target_dag.py
[2026-06-30T08:22:55.909+0000] {logging_mixin.py:188} INFO - [2026-06-30T08:22:55.909+0000] {dag.py:3096} INFO - Sync 1 DAGs
[2026-06-30T08:22:55.919+0000] {logging_mixin.py:188} INFO - [2026-06-30T08:22:55.919+0000] {dag.py:3954} INFO - Setting next_dagrun for example_trigger_target_dag to None, run_after=None
[2026-06-30T08:22:55.933+0000] {processor.py:183} INFO - Processing /home/airflow/.local/lib/python3.12/site-packages/airflow/example_dags/example_trigger_target_dag.py took 0.051 seconds
[2026-06-30T08:23:26.032+0000] {processor.py:161} INFO - Started process (PID=22292) to work on /home/airflow/.local/lib/python3.12/site-packages/airflow/example_dags/example_trigger_target_dag.py
[2026-06-30T08:23:26.033+0000] {processor.py:830} INFO - Processing file /home/airflow/.local/lib/python3.12/site-packages/airflow/example_dags/example_trigger_target_dag.py for tasks to queue
[2026-06-30T08:23:26.034+0000] {logging_mixin.py:188} INFO - [2026-06-30T08:23:26.034+0000] {dagbag.py:545} INFO - Filling up the DagBag from /home/airflow/.local/lib/python3.12/site-packages/airflow/example_dags/example_trigger_target_dag.py
[2026-06-30T08:23:26.039+0000] {processor.py:840} INFO - DAG(s) 'example_trigger_target_dag' retrieved from /home/airflow/.local/lib/python3.12/site-packages/airflow/example_dags/example_trigger_target_dag.py
[2026-06-30T08:23:26.052+0000] {logging_mixin.py:188} INFO - [2026-06-30T08:23:26.052+0000] {dag.py:3096} INFO - Sync 1 DAGs
[2026-06-30T08:23:26.061+0000] {logging_mixin.py:188} INFO - [2026-06-30T08:23:26.060+0000] {dag.py:3954} INFO - Setting next_dagrun for example_trigger_target_dag to None, run_after=None
[2026-06-30T08:23:26.075+0000] {processor.py:183} INFO - Processing /home/airflow/.local/lib/python3.12/site-packages/airflow/example_dags/example_trigger_target_dag.py took 0.047 seconds
[2026-06-30T08:23:56.264+0000] {processor.py:161} INFO - Started process (PID=22346) to work on /home/airflow/.local/lib/python3.12/site-packages/airflow/example_dags/example_trigger_target_dag.py
[2026-06-30T08:23:56.265+0000] {processor.py:830} INFO - Processing file /home/airflow/.local/lib/python3.12/site-packages/airflow/example_dags/example_trigger_target_dag.py for tasks to queue
[2026-06-30T08:23:56.266+0000] {logging_mixin.py:188} INFO - [2026-06-30T08:23:56.265+0000] {dagbag.py:545} INFO - Filling up the DagBag from /home/airflow/.local/lib/python3.12/site-packages/airflow/example_dags/example_trigger_target_dag.py
[2026-06-30T08:23:56.270+0000] {processor.py:840} INFO - DAG(s) 'example_trigger_target_dag' retrieved from /home/airflow/.local/lib/python3.12/site-packages/airflow/example_dags/example_trigger_target_dag.py
[2026-06-30T08:23:56.284+0000] {logging_mixin.py:188} INFO - [2026-06-30T08:23:56.283+0000] {dag.py:3096} INFO - Sync 1 DAGs
[2026-06-30T08:23:56.292+0000] {logging_mixin.py:188} INFO - [2026-06-30T08:23:56.292+0000] {dag.py:3954} INFO - Setting next_dagrun for example_trigger_target_dag to None, run_after=None
[2026-06-30T08:23:56.304+0000] {processor.py:183} INFO - Processing /home/airflow/.local/lib/python3.12/site-packages/airflow/example_dags/example_trigger_target_dag.py took 0.044 seconds
[2026-06-30T08:24:26.776+0000] {processor.py:161} INFO - Started process (PID=22404) to work on /home/airflow/.local/lib/python3.12/site-packages/airflow/example_dags/example_trigger_target_dag.py
[2026-06-30T08:24:26.778+0000] {processor.py:830} INFO - Processing file /home/airflow/.local/lib/python3.12/site-packages/airflow/example_dags/example_trigger_target_dag.py for tasks to queue
[2026-06-30T08:24:26.779+0000] {logging_mixin.py:188} INFO - [2026-06-30T08:24:26.778+0000] {dagbag.py:545} INFO - Filling up the DagBag from /home/airflow/.local/lib/python3.12/site-packages/airflow/example_dags/example_trigger_target_dag.py
[2026-06-30T08:24:26.784+0000] {processor.py:840} INFO - DAG(s) 'example_trigger_target_dag' retrieved from /home/airflow/.local/lib/python3.12/site-packages/airflow/example_dags/example_trigger_target_dag.py
[2026-06-30T08:24:26.800+0000] {logging_mixin.py:188} INFO - [2026-06-30T08:24:26.800+0000] {dag.py:3096} INFO - Sync 1 DAGs
[2026-06-30T08:24:26.812+0000] {logging_mixin.py:188} INFO - [2026-06-30T08:24:26.812+0000] {dag.py:3954} INFO - Setting next_dagrun for example_trigger_target_dag to None, run_after=None
[2026-06-30T08:24:26.831+0000] {processor.py:183} INFO - Processing /home/airflow/.local/lib/python3.12/site-packages/airflow/example_dags/example_trigger_target_dag.py took 0.059 seconds
[2026-06-30T08:24:57.513+0000] {processor.py:161} INFO - Started process (PID=22463) to work on /home/airflow/.local/lib/python3.12/site-packages/airflow/example_dags/example_trigger_target_dag.py
[2026-06-30T08:24:57.514+0000] {processor.py:830} INFO - Processing file /home/airflow/.local/lib/python3.12/site-packages/airflow/example_dags/example_trigger_target_dag.py for tasks to queue
[2026-06-30T08:24:57.515+0000] {logging_mixin.py:188} INFO - [2026-06-30T08:24:57.515+0000] {dagbag.py:545} INFO - Filling up the DagBag from /home/airflow/.local/lib/python3.12/site-packages/airflow/example_dags/example_trigger_target_dag.py
[2026-06-30T08:24:57.519+0000] {processor.py:840} INFO - DAG(s) 'example_trigger_target_dag' retrieved from /home/airflow/.local/lib/python3.12/site-packages/airflow/example_dags/example_trigger_target_dag.py
[2026-06-30T08:24:57.534+0000] {logging_mixin.py:188} INFO - [2026-06-30T08:24:57.534+0000] {dag.py:3096} INFO - Sync 1 DAGs
[2026-06-30T08:24:57.543+0000] {logging_mixin.py:188} INFO - [2026-06-30T08:24:57.542+0000] {dag.py:3954} INFO - Setting next_dagrun for example_trigger_target_dag to None, run_after=None
[2026-06-30T08:24:57.555+0000] {processor.py:183} INFO - Processing /home/airflow/.local/lib/python3.12/site-packages/airflow/example_dags/example_trigger_target_dag.py took 0.046 seconds
[2026-06-30T08:25:28.060+0000] {processor.py:161} INFO - Started process (PID=22521) to work on /home/airflow/.local/lib/python3.12/site-packages/airflow/example_dags/example_trigger_target_dag.py
[2026-06-30T08:25:28.061+0000] {processor.py:830} INFO - Processing file /home/airflow/.local/lib/python3.12/site-packages/airflow/example_dags/example_trigger_target_dag.py for tasks to queue
[2026-06-30T08:25:28.061+0000] {logging_mixin.py:188} INFO - [2026-06-30T08:25:28.061+0000] {dagbag.py:545} INFO - Filling up the DagBag from /home/airflow/.local/lib/python3.12/site-packages/airflow/example_dags/example_trigger_target_dag.py
[2026-06-30T08:25:28.066+0000] {processor.py:840} INFO - DAG(s) 'example_trigger_target_dag' retrieved from /home/airflow/.local/lib/python3.12/site-packages/airflow/example_dags/example_trigger_target_dag.py
[2026-06-30T08:25:28.081+0000] {logging_mixin.py:188} INFO - [2026-06-30T08:25:28.081+0000] {dag.py:3096} INFO - Sync 1 DAGs
[2026-06-30T08:25:28.089+0000] {logging_mixin.py:188} INFO - [2026-06-30T08:25:28.089+0000] {dag.py:3954} INFO - Setting next_dagrun for example_trigger_target_dag to None, run_after=None
[2026-06-30T08:25:28.102+0000] {processor.py:183} INFO - Processing /home/airflow/.local/lib/python3.12/site-packages/airflow/example_dags/example_trigger_target_dag.py took 0.046 seconds
[2026-06-30T08:25:58.356+0000] {processor.py:161} INFO - Started process (PID=22579) to work on /home/airflow/.local/lib/python3.12/site-packages/airflow/example_dags/example_trigger_target_dag.py
[2026-06-30T08:25:58.357+0000] {processor.py:830} INFO - Processing file /home/airflow/.local/lib/python3.12/site-packages/airflow/example_dags/example_trigger_target_dag.py for tasks to queue
[2026-06-30T08:25:58.357+0000] {logging_mixin.py:188} INFO - [2026-06-30T08:25:58.357+0000] {dagbag.py:545} INFO - Filling up the DagBag from /home/airflow/.local/lib/python3.12/site-packages/airflow/example_dags/example_trigger_target_dag.py
[2026-06-30T08:25:58.363+0000] {processor.py:840} INFO - DAG(s) 'example_trigger_target_dag' retrieved from /home/airflow/.local/lib/python3.12/site-packages/airflow/example_dags/example_trigger_target_dag.py
[2026-06-30T08:25:58.382+0000] {logging_mixin.py:188} INFO - [2026-06-30T08:25:58.381+0000] {dag.py:3096} INFO - Sync 1 DAGs
[2026-06-30T08:25:58.392+0000] {logging_mixin.py:188} INFO - [2026-06-30T08:25:58.392+0000] {dag.py:3954} INFO - Setting next_dagrun for example_trigger_target_dag to None, run_after=None
[2026-06-30T08:25:58.410+0000] {processor.py:183} INFO - Processing /home/airflow/.local/lib/python3.12/site-packages/airflow/example_dags/example_trigger_target_dag.py took 0.060 seconds
[2026-06-30T08:26:29.217+0000] {processor.py:161} INFO - Started process (PID=22637) to work on /home/airflow/.local/lib/python3.12/site-packages/airflow/example_dags/example_trigger_target_dag.py
[2026-06-30T08:26:29.218+0000] {processor.py:830} INFO - Processing file /home/airflow/.local/lib/python3.12/site-packages/airflow/example_dags/example_trigger_target_dag.py for tasks to queue
[2026-06-30T08:26:29.219+0000] {logging_mixin.py:188} INFO - [2026-06-30T08:26:29.219+0000] {dagbag.py:545} INFO - Filling up the DagBag from /home/airflow/.local/lib/python3.12/site-packages/airflow/example_dags/example_trigger_target_dag.py
[2026-06-30T08:26:29.224+0000] {processor.py:840} INFO - DAG(s) 'example_trigger_target_dag' retrieved from /home/airflow/.local/lib/python3.12/site-packages/airflow/example_dags/example_trigger_target_dag.py
[2026-06-30T08:26:29.239+0000] {logging_mixin.py:188} INFO - [2026-06-30T08:26:29.239+0000] {dag.py:3096} INFO - Sync 1 DAGs
[2026-06-30T08:26:29.248+0000] {logging_mixin.py:188} INFO - [2026-06-30T08:26:29.248+0000] {dag.py:3954} INFO - Setting next_dagrun for example_trigger_target_dag to None, run_after=None
[2026-06-30T08:26:29.264+0000] {processor.py:183} INFO - Processing /home/airflow/.local/lib/python3.12/site-packages/airflow/example_dags/example_trigger_target_dag.py took 0.052 seconds
[2026-06-30T08:27:00.088+0000] {processor.py:161} INFO - Started process (PID=22695) to work on /home/airflow/.local/lib/python3.12/site-packages/airflow/example_dags/example_trigger_target_dag.py
[2026-06-30T08:27:00.090+0000] {processor.py:830} INFO - Processing file /home/airflow/.local/lib/python3.12/site-packages/airflow/example_dags/example_trigger_target_dag.py for tasks to queue
[2026-06-30T08:27:00.090+0000] {logging_mixin.py:188} INFO - [2026-06-30T08:27:00.090+0000] {dagbag.py:545} INFO - Filling up the DagBag from /home/airflow/.local/lib/python3.12/site-packages/airflow/example_dags/example_trigger_target_dag.py
[2026-06-30T08:27:00.095+0000] {processor.py:840} INFO - DAG(s) 'example_trigger_target_dag' retrieved from /home/airflow/.local/lib/python3.12/site-packages/airflow/example_dags/example_trigger_target_dag.py
[2026-06-30T08:27:00.111+0000] {logging_mixin.py:188} INFO - [2026-06-30T08:27:00.111+0000] {dag.py:3096} INFO - Sync 1 DAGs
[2026-06-30T08:27:00.120+0000] {logging_mixin.py:188} INFO - [2026-06-30T08:27:00.119+0000] {dag.py:3954} INFO - Setting next_dagrun for example_trigger_target_dag to None, run_after=None
[2026-06-30T08:27:00.133+0000] {processor.py:183} INFO - Processing /home/airflow/.local/lib/python3.12/site-packages/airflow/example_dags/example_trigger_target_dag.py took 0.049 seconds
[2026-06-30T08:27:30.587+0000] {processor.py:161} INFO - Started process (PID=22753) to work on /home/airflow/.local/lib/python3.12/site-packages/airflow/example_dags/example_trigger_target_dag.py
[2026-06-30T08:27:30.588+0000] {processor.py:830} INFO - Processing file /home/airflow/.local/lib/python3.12/site-packages/airflow/example_dags/example_trigger_target_dag.py for tasks to queue
[2026-06-30T08:27:30.589+0000] {logging_mixin.py:188} INFO - [2026-06-30T08:27:30.589+0000] {dagbag.py:545} INFO - Filling up the DagBag from /home/airflow/.local/lib/python3.12/site-packages/airflow/example_dags/example_trigger_target_dag.py
[2026-06-30T08:27:30.594+0000] {processor.py:840} INFO - DAG(s) 'example_trigger_target_dag' retrieved from /home/airflow/.local/lib/python3.12/site-packages/airflow/example_dags/example_trigger_target_dag.py
[2026-06-30T08:27:30.607+0000] {logging_mixin.py:188} INFO - [2026-06-30T08:27:30.607+0000] {dag.py:3096} INFO - Sync 1 DAGs
[2026-06-30T08:27:30.615+0000] {logging_mixin.py:188} INFO - [2026-06-30T08:27:30.615+0000] {dag.py:3954} INFO - Setting next_dagrun for example_trigger_target_dag to None, run_after=None
[2026-06-30T08:27:30.627+0000] {processor.py:183} INFO - Processing /home/airflow/.local/lib/python3.12/site-packages/airflow/example_dags/example_trigger_target_dag.py took 0.043 seconds
[2026-06-30T08:28:00.968+0000] {processor.py:161} INFO - Started process (PID=22811) to work on /home/airflow/.local/lib/python3.12/site-packages/airflow/example_dags/example_trigger_target_dag.py
[2026-06-30T08:28:00.969+0000] {processor.py:830} INFO - Processing file /home/airflow/.local/lib/python3.12/site-packages/airflow/example_dags/example_trigger_target_dag.py for tasks to queue
[2026-06-30T08:28:00.970+0000] {logging_mixin.py:188} INFO - [2026-06-30T08:28:00.969+0000] {dagbag.py:545} INFO - Filling up the DagBag from /home/airflow/.local/lib/python3.12/site-packages/airflow/example_dags/example_trigger_target_dag.py
[2026-06-30T08:28:00.976+0000] {processor.py:840} INFO - DAG(s) 'example_trigger_target_dag' retrieved from /home/airflow/.local/lib/python3.12/site-packages/airflow/example_dags/example_trigger_target_dag.py
[2026-06-30T08:28:00.992+0000] {logging_mixin.py:188} INFO - [2026-06-30T08:28:00.992+0000] {dag.py:3096} INFO - Sync 1 DAGs
[2026-06-30T08:28:01.002+0000] {logging_mixin.py:188} INFO - [2026-06-30T08:28:01.002+0000] {dag.py:3954} INFO - Setting next_dagrun for example_trigger_target_dag to None, run_after=None
[2026-06-30T08:28:01.018+0000] {processor.py:183} INFO - Processing /home/airflow/.local/lib/python3.12/site-packages/airflow/example_dags/example_trigger_target_dag.py took 0.055 seconds
[2026-06-30T08:28:31.428+0000] {processor.py:161} INFO - Started process (PID=22869) to work on /home/airflow/.local/lib/python3.12/site-packages/airflow/example_dags/example_trigger_target_dag.py
[2026-06-30T08:28:31.429+0000] {processor.py:830} INFO - Processing file /home/airflow/.local/lib/python3.12/site-packages/airflow/example_dags/example_trigger_target_dag.py for tasks to queue
[2026-06-30T08:28:31.430+0000] {logging_mixin.py:188} INFO - [2026-06-30T08:28:31.429+0000] {dagbag.py:545} INFO - Filling up the DagBag from /home/airflow/.local/lib/python3.12/site-packages/airflow/example_dags/example_trigger_target_dag.py
[2026-06-30T08:28:31.434+0000] {processor.py:840} INFO - DAG(s) 'example_trigger_target_dag' retrieved from /home/airflow/.local/lib/python3.12/site-packages/airflow/example_dags/example_trigger_target_dag.py
[2026-06-30T08:28:31.450+0000] {logging_mixin.py:188} INFO - [2026-06-30T08:28:31.450+0000] {dag.py:3096} INFO - Sync 1 DAGs
[2026-06-30T08:28:31.458+0000] {logging_mixin.py:188} INFO - [2026-06-30T08:28:31.458+0000] {dag.py:3954} INFO - Setting next_dagrun for example_trigger_target_dag to None, run_after=None
[2026-06-30T08:28:31.472+0000] {processor.py:183} INFO - Processing /home/airflow/.local/lib/python3.12/site-packages/airflow/example_dags/example_trigger_target_dag.py took 0.048 seconds
[2026-06-30T08:29:01.867+0000] {processor.py:161} INFO - Started process (PID=22927) to work on /home/airflow/.local/lib/python3.12/site-packages/airflow/example_dags/example_trigger_target_dag.py
[2026-06-30T08:29:01.868+0000] {processor.py:830} INFO - Processing file /home/airflow/.local/lib/python3.12/site-packages/airflow/example_dags/example_trigger_target_dag.py for tasks to queue
[2026-06-30T08:29:01.869+0000] {logging_mixin.py:188} INFO - [2026-06-30T08:29:01.869+0000] {dagbag.py:545} INFO - Filling up the DagBag from /home/airflow/.local/lib/python3.12/site-packages/airflow/example_dags/example_trigger_target_dag.py
[2026-06-30T08:29:01.874+0000] {processor.py:840} INFO - DAG(s) 'example_trigger_target_dag' retrieved from /home/airflow/.local/lib/python3.12/site-packages/airflow/example_dags/example_trigger_target_dag.py
[2026-06-30T08:29:01.889+0000] {logging_mixin.py:188} INFO - [2026-06-30T08:29:01.889+0000] {dag.py:3096} INFO - Sync 1 DAGs
[2026-06-30T08:29:01.898+0000] {logging_mixin.py:188} INFO - [2026-06-30T08:29:01.898+0000] {dag.py:3954} INFO - Setting next_dagrun for example_trigger_target_dag to None, run_after=None
[2026-06-30T08:29:01.911+0000] {processor.py:183} INFO - Processing /home/airflow/.local/lib/python3.12/site-packages/airflow/example_dags/example_trigger_target_dag.py took 0.049 seconds
[2026-06-30T08:29:32.436+0000] {processor.py:161} INFO - Started process (PID=22985) to work on /home/airflow/.local/lib/python3.12/site-packages/airflow/example_dags/example_trigger_target_dag.py
[2026-06-30T08:29:32.437+0000] {processor.py:830} INFO - Processing file /home/airflow/.local/lib/python3.12/site-packages/airflow/example_dags/example_trigger_target_dag.py for tasks to queue
[2026-06-30T08:29:32.438+0000] {logging_mixin.py:188} INFO - [2026-06-30T08:29:32.438+0000] {dagbag.py:545} INFO - Filling up the DagBag from /home/airflow/.local/lib/python3.12/site-packages/airflow/example_dags/example_trigger_target_dag.py
[2026-06-30T08:29:32.444+0000] {processor.py:840} INFO - DAG(s) 'example_trigger_target_dag' retrieved from /home/airflow/.local/lib/python3.12/site-packages/airflow/example_dags/example_trigger_target_dag.py
[2026-06-30T08:29:32.463+0000] {logging_mixin.py:188} INFO - [2026-06-30T08:29:32.463+0000] {dag.py:3096} INFO - Sync 1 DAGs
[2026-06-30T08:29:32.474+0000] {logging_mixin.py:188} INFO - [2026-06-30T08:29:32.474+0000] {dag.py:3954} INFO - Setting next_dagrun for example_trigger_target_dag to None, run_after=None
[2026-06-30T08:29:32.490+0000] {processor.py:183} INFO - Processing /home/airflow/.local/lib/python3.12/site-packages/airflow/example_dags/example_trigger_target_dag.py took 0.059 seconds
[2026-06-30T08:30:03.031+0000] {processor.py:161} INFO - Started process (PID=23043) to work on /home/airflow/.local/lib/python3.12/site-packages/airflow/example_dags/example_trigger_target_dag.py
[2026-06-30T08:30:03.032+0000] {processor.py:830} INFO - Processing file /home/airflow/.local/lib/python3.12/site-packages/airflow/example_dags/example_trigger_target_dag.py for tasks to queue
[2026-06-30T08:30:03.033+0000] {logging_mixin.py:188} INFO - [2026-06-30T08:30:03.033+0000] {dagbag.py:545} INFO - Filling up the DagBag from /home/airflow/.local/lib/python3.12/site-packages/airflow/example_dags/example_trigger_target_dag.py
[2026-06-30T08:30:03.040+0000] {processor.py:840} INFO - DAG(s) 'example_trigger_target_dag' retrieved from /home/airflow/.local/lib/python3.12/site-packages/airflow/example_dags/example_trigger_target_dag.py
[2026-06-30T08:30:03.058+0000] {logging_mixin.py:188} INFO - [2026-06-30T08:30:03.057+0000] {dag.py:3096} INFO - Sync 1 DAGs
[2026-06-30T08:30:03.067+0000] {logging_mixin.py:188} INFO - [2026-06-30T08:30:03.067+0000] {dag.py:3954} INFO - Setting next_dagrun for example_trigger_target_dag to None, run_after=None
[2026-06-30T08:30:03.082+0000] {processor.py:183} INFO - Processing /home/airflow/.local/lib/python3.12/site-packages/airflow/example_dags/example_trigger_target_dag.py took 0.058 seconds
[2026-06-30T08:30:33.567+0000] {processor.py:161} INFO - Started process (PID=23101) to work on /home/airflow/.local/lib/python3.12/site-packages/airflow/example_dags/example_trigger_target_dag.py
[2026-06-30T08:30:33.568+0000] {processor.py:830} INFO - Processing file /home/airflow/.local/lib/python3.12/site-packages/airflow/example_dags/example_trigger_target_dag.py for tasks to queue
[2026-06-30T08:30:33.569+0000] {logging_mixin.py:188} INFO - [2026-06-30T08:30:33.568+0000] {dagbag.py:545} INFO - Filling up the DagBag from /home/airflow/.local/lib/python3.12/site-packages/airflow/example_dags/example_trigger_target_dag.py
[2026-06-30T08:30:33.574+0000] {processor.py:840} INFO - DAG(s) 'example_trigger_target_dag' retrieved from /home/airflow/.local/lib/python3.12/site-packages/airflow/example_dags/example_trigger_target_dag.py
[2026-06-30T08:30:33.590+0000] {logging_mixin.py:188} INFO - [2026-06-30T08:30:33.590+0000] {dag.py:3096} INFO - Sync 1 DAGs
[2026-06-30T08:30:33.599+0000] {logging_mixin.py:188} INFO - [2026-06-30T08:30:33.598+0000] {dag.py:3954} INFO - Setting next_dagrun for example_trigger_target_dag to None, run_after=None
[2026-06-30T08:30:33.611+0000] {processor.py:183} INFO - Processing /home/airflow/.local/lib/python3.12/site-packages/airflow/example_dags/example_trigger_target_dag.py took 0.048 seconds
[2026-06-30T08:31:04.301+0000] {processor.py:161} INFO - Started process (PID=23159) to work on /home/airflow/.local/lib/python3.12/site-packages/airflow/example_dags/example_trigger_target_dag.py
[2026-06-30T08:31:04.302+0000] {processor.py:830} INFO - Processing file /home/airflow/.local/lib/python3.12/site-packages/airflow/example_dags/example_trigger_target_dag.py for tasks to queue
[2026-06-30T08:31:04.303+0000] {logging_mixin.py:188} INFO - [2026-06-30T08:31:04.302+0000] {dagbag.py:545} INFO - Filling up the DagBag from /home/airflow/.local/lib/python3.12/site-packages/airflow/example_dags/example_trigger_target_dag.py
[2026-06-30T08:31:04.308+0000] {processor.py:840} INFO - DAG(s) 'example_trigger_target_dag' retrieved from /home/airflow/.local/lib/python3.12/site-packages/airflow/example_dags/example_trigger_target_dag.py
[2026-06-30T08:31:04.325+0000] {logging_mixin.py:188} INFO - [2026-06-30T08:31:04.325+0000] {dag.py:3096} INFO - Sync 1 DAGs
[2026-06-30T08:31:04.334+0000] {logging_mixin.py:188} INFO - [2026-06-30T08:31:04.334+0000] {dag.py:3954} INFO - Setting next_dagrun for example_trigger_target_dag to None, run_after=None
[2026-06-30T08:31:04.349+0000] {processor.py:183} INFO - Processing /home/airflow/.local/lib/python3.12/site-packages/airflow/example_dags/example_trigger_target_dag.py took 0.053 seconds
[2026-06-30T08:31:35.153+0000] {processor.py:161} INFO - Started process (PID=23217) to work on /home/airflow/.local/lib/python3.12/site-packages/airflow/example_dags/example_trigger_target_dag.py
[2026-06-30T08:31:35.154+0000] {processor.py:830} INFO - Processing file /home/airflow/.local/lib/python3.12/site-packages/airflow/example_dags/example_trigger_target_dag.py for tasks to queue
[2026-06-30T08:31:35.155+0000] {logging_mixin.py:188} INFO - [2026-06-30T08:31:35.154+0000] {dagbag.py:545} INFO - Filling up the DagBag from /home/airflow/.local/lib/python3.12/site-packages/airflow/example_dags/example_trigger_target_dag.py
[2026-06-30T08:31:35.159+0000] {processor.py:840} INFO - DAG(s) 'example_trigger_target_dag' retrieved from /home/airflow/.local/lib/python3.12/site-packages/airflow/example_dags/example_trigger_target_dag.py
[2026-06-30T08:31:35.174+0000] {logging_mixin.py:188} INFO - [2026-06-30T08:31:35.174+0000] {dag.py:3096} INFO - Sync 1 DAGs
[2026-06-30T08:31:35.183+0000] {logging_mixin.py:188} INFO - [2026-06-30T08:31:35.183+0000] {dag.py:3954} INFO - Setting next_dagrun for example_trigger_target_dag to None, run_after=None
[2026-06-30T08:31:35.196+0000] {processor.py:183} INFO - Processing /home/airflow/.local/lib/python3.12/site-packages/airflow/example_dags/example_trigger_target_dag.py took 0.048 seconds
[2026-06-30T08:32:05.701+0000] {processor.py:161} INFO - Started process (PID=23275) to work on /home/airflow/.local/lib/python3.12/site-packages/airflow/example_dags/example_trigger_target_dag.py
[2026-06-30T08:32:05.702+0000] {processor.py:830} INFO - Processing file /home/airflow/.local/lib/python3.12/site-packages/airflow/example_dags/example_trigger_target_dag.py for tasks to queue
[2026-06-30T08:32:05.703+0000] {logging_mixin.py:188} INFO - [2026-06-30T08:32:05.703+0000] {dagbag.py:545} INFO - Filling up the DagBag from /home/airflow/.local/lib/python3.12/site-packages/airflow/example_dags/example_trigger_target_dag.py
[2026-06-30T08:32:05.708+0000] {processor.py:840} INFO - DAG(s) 'example_trigger_target_dag' retrieved from /home/airflow/.local/lib/python3.12/site-packages/airflow/example_dags/example_trigger_target_dag.py
[2026-06-30T08:32:05.724+0000] {logging_mixin.py:188} INFO - [2026-06-30T08:32:05.724+0000] {dag.py:3096} INFO - Sync 1 DAGs
[2026-06-30T08:32:05.733+0000] {logging_mixin.py:188} INFO - [2026-06-30T08:32:05.733+0000] {dag.py:3954} INFO - Setting next_dagrun for example_trigger_target_dag to None, run_after=None
[2026-06-30T08:32:05.748+0000] {processor.py:183} INFO - Processing /home/airflow/.local/lib/python3.12/site-packages/airflow/example_dags/example_trigger_target_dag.py took 0.051 seconds
[2026-06-30T08:32:36.523+0000] {processor.py:161} INFO - Started process (PID=23333) to work on /home/airflow/.local/lib/python3.12/site-packages/airflow/example_dags/example_trigger_target_dag.py
[2026-06-30T08:32:36.524+0000] {processor.py:830} INFO - Processing file /home/airflow/.local/lib/python3.12/site-packages/airflow/example_dags/example_trigger_target_dag.py for tasks to queue
[2026-06-30T08:32:36.524+0000] {logging_mixin.py:188} INFO - [2026-06-30T08:32:36.524+0000] {dagbag.py:545} INFO - Filling up the DagBag from /home/airflow/.local/lib/python3.12/site-packages/airflow/example_dags/example_trigger_target_dag.py
[2026-06-30T08:32:36.529+0000] {processor.py:840} INFO - DAG(s) 'example_trigger_target_dag' retrieved from /home/airflow/.local/lib/python3.12/site-packages/airflow/example_dags/example_trigger_target_dag.py
[2026-06-30T08:32:36.543+0000] {logging_mixin.py:188} INFO - [2026-06-30T08:32:36.543+0000] {dag.py:3096} INFO - Sync 1 DAGs
[2026-06-30T08:32:36.552+0000] {logging_mixin.py:188} INFO - [2026-06-30T08:32:36.552+0000] {dag.py:3954} INFO - Setting next_dagrun for example_trigger_target_dag to None, run_after=None
[2026-06-30T08:32:36.566+0000] {processor.py:183} INFO - Processing /home/airflow/.local/lib/python3.12/site-packages/airflow/example_dags/example_trigger_target_dag.py took 0.047 seconds
[2026-06-30T08:33:07.308+0000] {processor.py:161} INFO - Started process (PID=23391) to work on /home/airflow/.local/lib/python3.12/site-packages/airflow/example_dags/example_trigger_target_dag.py
[2026-06-30T08:33:07.309+0000] {processor.py:830} INFO - Processing file /home/airflow/.local/lib/python3.12/site-packages/airflow/example_dags/example_trigger_target_dag.py for tasks to queue
[2026-06-30T08:33:07.310+0000] {logging_mixin.py:188} INFO - [2026-06-30T08:33:07.310+0000] {dagbag.py:545} INFO - Filling up the DagBag from /home/airflow/.local/lib/python3.12/site-packages/airflow/example_dags/example_trigger_target_dag.py
[2026-06-30T08:33:07.319+0000] {processor.py:840} INFO - DAG(s) 'example_trigger_target_dag' retrieved from /home/airflow/.local/lib/python3.12/site-packages/airflow/example_dags/example_trigger_target_dag.py
[2026-06-30T08:33:07.345+0000] {logging_mixin.py:188} INFO - [2026-06-30T08:33:07.345+0000] {dag.py:3096} INFO - Sync 1 DAGs
[2026-06-30T08:33:07.360+0000] {logging_mixin.py:188} INFO - [2026-06-30T08:33:07.359+0000] {dag.py:3954} INFO - Setting next_dagrun for example_trigger_target_dag to None, run_after=None
[2026-06-30T08:33:07.379+0000] {processor.py:183} INFO - Processing /home/airflow/.local/lib/python3.12/site-packages/airflow/example_dags/example_trigger_target_dag.py took 0.078 seconds
[2026-06-30T08:33:38.172+0000] {processor.py:161} INFO - Started process (PID=23449) to work on /home/airflow/.local/lib/python3.12/site-packages/airflow/example_dags/example_trigger_target_dag.py
[2026-06-30T08:33:38.173+0000] {processor.py:830} INFO - Processing file /home/airflow/.local/lib/python3.12/site-packages/airflow/example_dags/example_trigger_target_dag.py for tasks to queue
[2026-06-30T08:33:38.174+0000] {logging_mixin.py:188} INFO - [2026-06-30T08:33:38.173+0000] {dagbag.py:545} INFO - Filling up the DagBag from /home/airflow/.local/lib/python3.12/site-packages/airflow/example_dags/example_trigger_target_dag.py
[2026-06-30T08:33:38.178+0000] {processor.py:840} INFO - DAG(s) 'example_trigger_target_dag' retrieved from /home/airflow/.local/lib/python3.12/site-packages/airflow/example_dags/example_trigger_target_dag.py
[2026-06-30T08:33:38.193+0000] {logging_mixin.py:188} INFO - [2026-06-30T08:33:38.193+0000] {dag.py:3096} INFO - Sync 1 DAGs
[2026-06-30T08:33:38.202+0000] {logging_mixin.py:188} INFO - [2026-06-30T08:33:38.201+0000] {dag.py:3954} INFO - Setting next_dagrun for example_trigger_target_dag to None, run_after=None
[2026-06-30T08:33:38.216+0000] {processor.py:183} INFO - Processing /home/airflow/.local/lib/python3.12/site-packages/airflow/example_dags/example_trigger_target_dag.py took 0.048 seconds
[2026-06-30T08:34:08.991+0000] {processor.py:161} INFO - Started process (PID=23507) to work on /home/airflow/.local/lib/python3.12/site-packages/airflow/example_dags/example_trigger_target_dag.py
[2026-06-30T08:34:08.991+0000] {processor.py:830} INFO - Processing file /home/airflow/.local/lib/python3.12/site-packages/airflow/example_dags/example_trigger_target_dag.py for tasks to queue
[2026-06-30T08:34:08.992+0000] {logging_mixin.py:188} INFO - [2026-06-30T08:34:08.992+0000] {dagbag.py:545} INFO - Filling up the DagBag from /home/airflow/.local/lib/python3.12/site-packages/airflow/example_dags/example_trigger_target_dag.py
[2026-06-30T08:34:08.998+0000] {processor.py:840} INFO - DAG(s) 'example_trigger_target_dag' retrieved from /home/airflow/.local/lib/python3.12/site-packages/airflow/example_dags/example_trigger_target_dag.py
[2026-06-30T08:34:09.015+0000] {logging_mixin.py:188} INFO - [2026-06-30T08:34:09.014+0000] {dag.py:3096} INFO - Sync 1 DAGs
[2026-06-30T08:34:09.023+0000] {logging_mixin.py:188} INFO - [2026-06-30T08:34:09.023+0000] {dag.py:3954} INFO - Setting next_dagrun for example_trigger_target_dag to None, run_after=None
[2026-06-30T08:34:09.037+0000] {processor.py:183} INFO - Processing /home/airflow/.local/lib/python3.12/site-packages/airflow/example_dags/example_trigger_target_dag.py took 0.051 seconds
[2026-06-30T08:34:39.791+0000] {processor.py:161} INFO - Started process (PID=23565) to work on /home/airflow/.local/lib/python3.12/site-packages/airflow/example_dags/example_trigger_target_dag.py
[2026-06-30T08:34:39.792+0000] {processor.py:830} INFO - Processing file /home/airflow/.local/lib/python3.12/site-packages/airflow/example_dags/example_trigger_target_dag.py for tasks to queue
[2026-06-30T08:34:39.793+0000] {logging_mixin.py:188} INFO - [2026-06-30T08:34:39.792+0000] {dagbag.py:545} INFO - Filling up the DagBag from /home/airflow/.local/lib/python3.12/site-packages/airflow/example_dags/example_trigger_target_dag.py
[2026-06-30T08:34:39.798+0000] {processor.py:840} INFO - DAG(s) 'example_trigger_target_dag' retrieved from /home/airflow/.local/lib/python3.12/site-packages/airflow/example_dags/example_trigger_target_dag.py
[2026-06-30T08:34:39.813+0000] {logging_mixin.py:188} INFO - [2026-06-30T08:34:39.812+0000] {dag.py:3096} INFO - Sync 1 DAGs
[2026-06-30T08:34:39.821+0000] {logging_mixin.py:188} INFO - [2026-06-30T08:34:39.821+0000] {dag.py:3954} INFO - Setting next_dagrun for example_trigger_target_dag to None, run_after=None
[2026-06-30T08:34:39.834+0000] {processor.py:183} INFO - Processing /home/airflow/.local/lib/python3.12/site-packages/airflow/example_dags/example_trigger_target_dag.py took 0.048 seconds
[2026-06-30T08:35:10.093+0000] {processor.py:161} INFO - Started process (PID=23623) to work on /home/airflow/.local/lib/python3.12/site-packages/airflow/example_dags/example_trigger_target_dag.py
[2026-06-30T08:35:10.095+0000] {processor.py:830} INFO - Processing file /home/airflow/.local/lib/python3.12/site-packages/airflow/example_dags/example_trigger_target_dag.py for tasks to queue
[2026-06-30T08:35:10.096+0000] {logging_mixin.py:188} INFO - [2026-06-30T08:35:10.095+0000] {dagbag.py:545} INFO - Filling up the DagBag from /home/airflow/.local/lib/python3.12/site-packages/airflow/example_dags/example_trigger_target_dag.py
[2026-06-30T08:35:10.101+0000] {processor.py:840} INFO - DAG(s) 'example_trigger_target_dag' retrieved from /home/airflow/.local/lib/python3.12/site-packages/airflow/example_dags/example_trigger_target_dag.py
[2026-06-30T08:35:10.118+0000] {logging_mixin.py:188} INFO - [2026-06-30T08:35:10.117+0000] {dag.py:3096} INFO - Sync 1 DAGs
[2026-06-30T08:35:10.126+0000] {logging_mixin.py:188} INFO - [2026-06-30T08:35:10.126+0000] {dag.py:3954} INFO - Setting next_dagrun for example_trigger_target_dag to None, run_after=None
[2026-06-30T08:35:10.138+0000] {processor.py:183} INFO - Processing /home/airflow/.local/lib/python3.12/site-packages/airflow/example_dags/example_trigger_target_dag.py took 0.050 seconds
[2026-06-30T08:35:40.549+0000] {processor.py:161} INFO - Started process (PID=23681) to work on /home/airflow/.local/lib/python3.12/site-packages/airflow/example_dags/example_trigger_target_dag.py
[2026-06-30T08:35:40.550+0000] {processor.py:830} INFO - Processing file /home/airflow/.local/lib/python3.12/site-packages/airflow/example_dags/example_trigger_target_dag.py for tasks to queue
[2026-06-30T08:35:40.551+0000] {logging_mixin.py:188} INFO - [2026-06-30T08:35:40.550+0000] {dagbag.py:545} INFO - Filling up the DagBag from /home/airflow/.local/lib/python3.12/site-packages/airflow/example_dags/example_trigger_target_dag.py
[2026-06-30T08:35:40.555+0000] {processor.py:840} INFO - DAG(s) 'example_trigger_target_dag' retrieved from /home/airflow/.local/lib/python3.12/site-packages/airflow/example_dags/example_trigger_target_dag.py
[2026-06-30T08:35:40.569+0000] {logging_mixin.py:188} INFO - [2026-06-30T08:35:40.568+0000] {dag.py:3096} INFO - Sync 1 DAGs
[2026-06-30T08:35:40.577+0000] {logging_mixin.py:188} INFO - [2026-06-30T08:35:40.577+0000] {dag.py:3954} INFO - Setting next_dagrun for example_trigger_target_dag to None, run_after=None
[2026-06-30T08:35:40.589+0000] {processor.py:183} INFO - Processing /home/airflow/.local/lib/python3.12/site-packages/airflow/example_dags/example_trigger_target_dag.py took 0.044 seconds
[2026-06-30T08:36:10.829+0000] {processor.py:161} INFO - Started process (PID=23739) to work on /home/airflow/.local/lib/python3.12/site-packages/airflow/example_dags/example_trigger_target_dag.py
[2026-06-30T08:36:10.830+0000] {processor.py:830} INFO - Processing file /home/airflow/.local/lib/python3.12/site-packages/airflow/example_dags/example_trigger_target_dag.py for tasks to queue
[2026-06-30T08:36:10.830+0000] {logging_mixin.py:188} INFO - [2026-06-30T08:36:10.830+0000] {dagbag.py:545} INFO - Filling up the DagBag from /home/airflow/.local/lib/python3.12/site-packages/airflow/example_dags/example_trigger_target_dag.py
[2026-06-30T08:36:10.835+0000] {processor.py:840} INFO - DAG(s) 'example_trigger_target_dag' retrieved from /home/airflow/.local/lib/python3.12/site-packages/airflow/example_dags/example_trigger_target_dag.py
[2026-06-30T08:36:10.849+0000] {logging_mixin.py:188} INFO - [2026-06-30T08:36:10.848+0000] {dag.py:3096} INFO - Sync 1 DAGs
[2026-06-30T08:36:10.856+0000] {logging_mixin.py:188} INFO - [2026-06-30T08:36:10.856+0000] {dag.py:3954} INFO - Setting next_dagrun for example_trigger_target_dag to None, run_after=None
[2026-06-30T08:36:10.868+0000] {processor.py:183} INFO - Processing /home/airflow/.local/lib/python3.12/site-packages/airflow/example_dags/example_trigger_target_dag.py took 0.043 seconds
[2026-06-30T08:36:41.396+0000] {processor.py:161} INFO - Started process (PID=23797) to work on /home/airflow/.local/lib/python3.12/site-packages/airflow/example_dags/example_trigger_target_dag.py
[2026-06-30T08:36:41.397+0000] {processor.py:830} INFO - Processing file /home/airflow/.local/lib/python3.12/site-packages/airflow/example_dags/example_trigger_target_dag.py for tasks to queue
[2026-06-30T08:36:41.398+0000] {logging_mixin.py:188} INFO - [2026-06-30T08:36:41.398+0000] {dagbag.py:545} INFO - Filling up the DagBag from /home/airflow/.local/lib/python3.12/site-packages/airflow/example_dags/example_trigger_target_dag.py
[2026-06-30T08:36:41.402+0000] {processor.py:840} INFO - DAG(s) 'example_trigger_target_dag' retrieved from /home/airflow/.local/lib/python3.12/site-packages/airflow/example_dags/example_trigger_target_dag.py
[2026-06-30T08:36:41.416+0000] {logging_mixin.py:188} INFO - [2026-06-30T08:36:41.416+0000] {dag.py:3096} INFO - Sync 1 DAGs
[2026-06-30T08:36:41.425+0000] {logging_mixin.py:188} INFO - [2026-06-30T08:36:41.424+0000] {dag.py:3954} INFO - Setting next_dagrun for example_trigger_target_dag to None, run_after=None
[2026-06-30T08:36:41.437+0000] {processor.py:183} INFO - Processing /home/airflow/.local/lib/python3.12/site-packages/airflow/example_dags/example_trigger_target_dag.py took 0.045 seconds
[2026-06-30T08:37:11.686+0000] {processor.py:161} INFO - Started process (PID=23856) to work on /home/airflow/.local/lib/python3.12/site-packages/airflow/example_dags/example_trigger_target_dag.py
[2026-06-30T08:37:11.687+0000] {processor.py:830} INFO - Processing file /home/airflow/.local/lib/python3.12/site-packages/airflow/example_dags/example_trigger_target_dag.py for tasks to queue
[2026-06-30T08:37:11.688+0000] {logging_mixin.py:188} INFO - [2026-06-30T08:37:11.687+0000] {dagbag.py:545} INFO - Filling up the DagBag from /home/airflow/.local/lib/python3.12/site-packages/airflow/example_dags/example_trigger_target_dag.py
[2026-06-30T08:37:11.692+0000] {processor.py:840} INFO - DAG(s) 'example_trigger_target_dag' retrieved from /home/airflow/.local/lib/python3.12/site-packages/airflow/example_dags/example_trigger_target_dag.py
[2026-06-30T08:37:11.705+0000] {logging_mixin.py:188} INFO - [2026-06-30T08:37:11.705+0000] {dag.py:3096} INFO - Sync 1 DAGs
[2026-06-30T08:37:11.714+0000] {logging_mixin.py:188} INFO - [2026-06-30T08:37:11.714+0000] {dag.py:3954} INFO - Setting next_dagrun for example_trigger_target_dag to None, run_after=None
[2026-06-30T08:37:11.726+0000] {processor.py:183} INFO - Processing /home/airflow/.local/lib/python3.12/site-packages/airflow/example_dags/example_trigger_target_dag.py took 0.044 seconds
[2026-06-30T08:37:42.065+0000] {processor.py:161} INFO - Started process (PID=23920) to work on /home/airflow/.local/lib/python3.12/site-packages/airflow/example_dags/example_trigger_target_dag.py
[2026-06-30T08:37:42.066+0000] {processor.py:830} INFO - Processing file /home/airflow/.local/lib/python3.12/site-packages/airflow/example_dags/example_trigger_target_dag.py for tasks to queue
[2026-06-30T08:37:42.066+0000] {logging_mixin.py:188} INFO - [2026-06-30T08:37:42.066+0000] {dagbag.py:545} INFO - Filling up the DagBag from /home/airflow/.local/lib/python3.12/site-packages/airflow/example_dags/example_trigger_target_dag.py
[2026-06-30T08:37:42.071+0000] {processor.py:840} INFO - DAG(s) 'example_trigger_target_dag' retrieved from /home/airflow/.local/lib/python3.12/site-packages/airflow/example_dags/example_trigger_target_dag.py
[2026-06-30T08:37:42.084+0000] {logging_mixin.py:188} INFO - [2026-06-30T08:37:42.084+0000] {dag.py:3096} INFO - Sync 1 DAGs
[2026-06-30T08:37:42.092+0000] {logging_mixin.py:188} INFO - [2026-06-30T08:37:42.092+0000] {dag.py:3954} INFO - Setting next_dagrun for example_trigger_target_dag to None, run_after=None
[2026-06-30T08:37:42.104+0000] {processor.py:183} INFO - Processing /home/airflow/.local/lib/python3.12/site-packages/airflow/example_dags/example_trigger_target_dag.py took 0.043 seconds
[2026-06-30T08:38:12.551+0000] {processor.py:161} INFO - Started process (PID=23978) to work on /home/airflow/.local/lib/python3.12/site-packages/airflow/example_dags/example_trigger_target_dag.py
[2026-06-30T08:38:12.552+0000] {processor.py:830} INFO - Processing file /home/airflow/.local/lib/python3.12/site-packages/airflow/example_dags/example_trigger_target_dag.py for tasks to queue
[2026-06-30T08:38:12.553+0000] {logging_mixin.py:188} INFO - [2026-06-30T08:38:12.553+0000] {dagbag.py:545} INFO - Filling up the DagBag from /home/airflow/.local/lib/python3.12/site-packages/airflow/example_dags/example_trigger_target_dag.py
[2026-06-30T08:38:12.559+0000] {processor.py:840} INFO - DAG(s) 'example_trigger_target_dag' retrieved from /home/airflow/.local/lib/python3.12/site-packages/airflow/example_dags/example_trigger_target_dag.py
[2026-06-30T08:38:12.576+0000] {logging_mixin.py:188} INFO - [2026-06-30T08:38:12.576+0000] {dag.py:3096} INFO - Sync 1 DAGs
[2026-06-30T08:38:12.586+0000] {logging_mixin.py:188} INFO - [2026-06-30T08:38:12.586+0000] {dag.py:3954} INFO - Setting next_dagrun for example_trigger_target_dag to None, run_after=None
[2026-06-30T08:38:12.601+0000] {processor.py:183} INFO - Processing /home/airflow/.local/lib/python3.12/site-packages/airflow/example_dags/example_trigger_target_dag.py took 0.054 seconds
[2026-06-30T08:38:43.034+0000] {processor.py:161} INFO - Started process (PID=24036) to work on /home/airflow/.local/lib/python3.12/site-packages/airflow/example_dags/example_trigger_target_dag.py
[2026-06-30T08:38:43.035+0000] {processor.py:830} INFO - Processing file /home/airflow/.local/lib/python3.12/site-packages/airflow/example_dags/example_trigger_target_dag.py for tasks to queue
[2026-06-30T08:38:43.036+0000] {logging_mixin.py:188} INFO - [2026-06-30T08:38:43.035+0000] {dagbag.py:545} INFO - Filling up the DagBag from /home/airflow/.local/lib/python3.12/site-packages/airflow/example_dags/example_trigger_target_dag.py
[2026-06-30T08:38:43.040+0000] {processor.py:840} INFO - DAG(s) 'example_trigger_target_dag' retrieved from /home/airflow/.local/lib/python3.12/site-packages/airflow/example_dags/example_trigger_target_dag.py
[2026-06-30T08:38:43.055+0000] {logging_mixin.py:188} INFO - [2026-06-30T08:38:43.055+0000] {dag.py:3096} INFO - Sync 1 DAGs
[2026-06-30T08:38:43.064+0000] {logging_mixin.py:188} INFO - [2026-06-30T08:38:43.064+0000] {dag.py:3954} INFO - Setting next_dagrun for example_trigger_target_dag to None, run_after=None
[2026-06-30T08:38:43.077+0000] {processor.py:183} INFO - Processing /home/airflow/.local/lib/python3.12/site-packages/airflow/example_dags/example_trigger_target_dag.py took 0.047 seconds
[2026-06-30T08:39:13.508+0000] {processor.py:161} INFO - Started process (PID=24094) to work on /home/airflow/.local/lib/python3.12/site-packages/airflow/example_dags/example_trigger_target_dag.py
[2026-06-30T08:39:13.509+0000] {processor.py:830} INFO - Processing file /home/airflow/.local/lib/python3.12/site-packages/airflow/example_dags/example_trigger_target_dag.py for tasks to queue
[2026-06-30T08:39:13.510+0000] {logging_mixin.py:188} INFO - [2026-06-30T08:39:13.509+0000] {dagbag.py:545} INFO - Filling up the DagBag from /home/airflow/.local/lib/python3.12/site-packages/airflow/example_dags/example_trigger_target_dag.py
[2026-06-30T08:39:13.514+0000] {processor.py:840} INFO - DAG(s) 'example_trigger_target_dag' retrieved from /home/airflow/.local/lib/python3.12/site-packages/airflow/example_dags/example_trigger_target_dag.py
[2026-06-30T08:39:13.528+0000] {logging_mixin.py:188} INFO - [2026-06-30T08:39:13.528+0000] {dag.py:3096} INFO - Sync 1 DAGs
[2026-06-30T08:39:13.537+0000] {logging_mixin.py:188} INFO - [2026-06-30T08:39:13.537+0000] {dag.py:3954} INFO - Setting next_dagrun for example_trigger_target_dag to None, run_after=None
[2026-06-30T08:39:13.550+0000] {processor.py:183} INFO - Processing /home/airflow/.local/lib/python3.12/site-packages/airflow/example_dags/example_trigger_target_dag.py took 0.047 seconds
[2026-06-30T08:39:44.151+0000] {processor.py:161} INFO - Started process (PID=24152) to work on /home/airflow/.local/lib/python3.12/site-packages/airflow/example_dags/example_trigger_target_dag.py
[2026-06-30T08:39:44.152+0000] {processor.py:830} INFO - Processing file /home/airflow/.local/lib/python3.12/site-packages/airflow/example_dags/example_trigger_target_dag.py for tasks to queue
[2026-06-30T08:39:44.153+0000] {logging_mixin.py:188} INFO - [2026-06-30T08:39:44.152+0000] {dagbag.py:545} INFO - Filling up the DagBag from /home/airflow/.local/lib/python3.12/site-packages/airflow/example_dags/example_trigger_target_dag.py
[2026-06-30T08:39:44.157+0000] {processor.py:840} INFO - DAG(s) 'example_trigger_target_dag' retrieved from /home/airflow/.local/lib/python3.12/site-packages/airflow/example_dags/example_trigger_target_dag.py
[2026-06-30T08:39:44.173+0000] {logging_mixin.py:188} INFO - [2026-06-30T08:39:44.173+0000] {dag.py:3096} INFO - Sync 1 DAGs
[2026-06-30T08:39:44.182+0000] {logging_mixin.py:188} INFO - [2026-06-30T08:39:44.182+0000] {dag.py:3954} INFO - Setting next_dagrun for example_trigger_target_dag to None, run_after=None
[2026-06-30T08:39:44.195+0000] {processor.py:183} INFO - Processing /home/airflow/.local/lib/python3.12/site-packages/airflow/example_dags/example_trigger_target_dag.py took 0.048 seconds
[2026-06-30T08:40:14.563+0000] {processor.py:161} INFO - Started process (PID=24210) to work on /home/airflow/.local/lib/python3.12/site-packages/airflow/example_dags/example_trigger_target_dag.py
[2026-06-30T08:40:14.564+0000] {processor.py:830} INFO - Processing file /home/airflow/.local/lib/python3.12/site-packages/airflow/example_dags/example_trigger_target_dag.py for tasks to queue
[2026-06-30T08:40:14.564+0000] {logging_mixin.py:188} INFO - [2026-06-30T08:40:14.564+0000] {dagbag.py:545} INFO - Filling up the DagBag from /home/airflow/.local/lib/python3.12/site-packages/airflow/example_dags/example_trigger_target_dag.py
[2026-06-30T08:40:14.569+0000] {processor.py:840} INFO - DAG(s) 'example_trigger_target_dag' retrieved from /home/airflow/.local/lib/python3.12/site-packages/airflow/example_dags/example_trigger_target_dag.py
[2026-06-30T08:40:14.582+0000] {logging_mixin.py:188} INFO - [2026-06-30T08:40:14.582+0000] {dag.py:3096} INFO - Sync 1 DAGs
[2026-06-30T08:40:14.591+0000] {logging_mixin.py:188} INFO - [2026-06-30T08:40:14.591+0000] {dag.py:3954} INFO - Setting next_dagrun for example_trigger_target_dag to None, run_after=None
[2026-06-30T08:40:14.605+0000] {processor.py:183} INFO - Processing /home/airflow/.local/lib/python3.12/site-packages/airflow/example_dags/example_trigger_target_dag.py took 0.046 seconds
[2026-06-30T08:40:45.217+0000] {processor.py:161} INFO - Started process (PID=24268) to work on /home/airflow/.local/lib/python3.12/site-packages/airflow/example_dags/example_trigger_target_dag.py
[2026-06-30T08:40:45.218+0000] {processor.py:830} INFO - Processing file /home/airflow/.local/lib/python3.12/site-packages/airflow/example_dags/example_trigger_target_dag.py for tasks to queue
[2026-06-30T08:40:45.219+0000] {logging_mixin.py:188} INFO - [2026-06-30T08:40:45.218+0000] {dagbag.py:545} INFO - Filling up the DagBag from /home/airflow/.local/lib/python3.12/site-packages/airflow/example_dags/example_trigger_target_dag.py
[2026-06-30T08:40:45.223+0000] {processor.py:840} INFO - DAG(s) 'example_trigger_target_dag' retrieved from /home/airflow/.local/lib/python3.12/site-packages/airflow/example_dags/example_trigger_target_dag.py
[2026-06-30T08:40:45.239+0000] {logging_mixin.py:188} INFO - [2026-06-30T08:40:45.239+0000] {dag.py:3096} INFO - Sync 1 DAGs
[2026-06-30T08:40:45.248+0000] {logging_mixin.py:188} INFO - [2026-06-30T08:40:45.248+0000] {dag.py:3954} INFO - Setting next_dagrun for example_trigger_target_dag to None, run_after=None
[2026-06-30T08:40:45.261+0000] {processor.py:183} INFO - Processing /home/airflow/.local/lib/python3.12/site-packages/airflow/example_dags/example_trigger_target_dag.py took 0.049 seconds
[2026-06-30T08:41:15.912+0000] {processor.py:161} INFO - Started process (PID=24326) to work on /home/airflow/.local/lib/python3.12/site-packages/airflow/example_dags/example_trigger_target_dag.py
[2026-06-30T08:41:15.913+0000] {processor.py:830} INFO - Processing file /home/airflow/.local/lib/python3.12/site-packages/airflow/example_dags/example_trigger_target_dag.py for tasks to queue
[2026-06-30T08:41:15.913+0000] {logging_mixin.py:188} INFO - [2026-06-30T08:41:15.913+0000] {dagbag.py:545} INFO - Filling up the DagBag from /home/airflow/.local/lib/python3.12/site-packages/airflow/example_dags/example_trigger_target_dag.py
[2026-06-30T08:41:15.917+0000] {processor.py:840} INFO - DAG(s) 'example_trigger_target_dag' retrieved from /home/airflow/.local/lib/python3.12/site-packages/airflow/example_dags/example_trigger_target_dag.py
[2026-06-30T08:41:15.931+0000] {logging_mixin.py:188} INFO - [2026-06-30T08:41:15.931+0000] {dag.py:3096} INFO - Sync 1 DAGs
[2026-06-30T08:41:15.940+0000] {logging_mixin.py:188} INFO - [2026-06-30T08:41:15.940+0000] {dag.py:3954} INFO - Setting next_dagrun for example_trigger_target_dag to None, run_after=None
[2026-06-30T08:41:15.952+0000] {processor.py:183} INFO - Processing /home/airflow/.local/lib/python3.12/site-packages/airflow/example_dags/example_trigger_target_dag.py took 0.044 seconds
[2026-06-30T08:41:46.425+0000] {processor.py:161} INFO - Started process (PID=24384) to work on /home/airflow/.local/lib/python3.12/site-packages/airflow/example_dags/example_trigger_target_dag.py
[2026-06-30T08:41:46.426+0000] {processor.py:830} INFO - Processing file /home/airflow/.local/lib/python3.12/site-packages/airflow/example_dags/example_trigger_target_dag.py for tasks to queue
[2026-06-30T08:41:46.427+0000] {logging_mixin.py:188} INFO - [2026-06-30T08:41:46.426+0000] {dagbag.py:545} INFO - Filling up the DagBag from /home/airflow/.local/lib/python3.12/site-packages/airflow/example_dags/example_trigger_target_dag.py
[2026-06-30T08:41:46.431+0000] {processor.py:840} INFO - DAG(s) 'example_trigger_target_dag' retrieved from /home/airflow/.local/lib/python3.12/site-packages/airflow/example_dags/example_trigger_target_dag.py
[2026-06-30T08:41:46.444+0000] {logging_mixin.py:188} INFO - [2026-06-30T08:41:46.444+0000] {dag.py:3096} INFO - Sync 1 DAGs
[2026-06-30T08:41:46.453+0000] {logging_mixin.py:188} INFO - [2026-06-30T08:41:46.453+0000] {dag.py:3954} INFO - Setting next_dagrun for example_trigger_target_dag to None, run_after=None
[2026-06-30T08:41:46.465+0000] {processor.py:183} INFO - Processing /home/airflow/.local/lib/python3.12/site-packages/airflow/example_dags/example_trigger_target_dag.py took 0.044 seconds
[2026-06-30T08:42:16.786+0000] {processor.py:161} INFO - Started process (PID=24442) to work on /home/airflow/.local/lib/python3.12/site-packages/airflow/example_dags/example_trigger_target_dag.py
[2026-06-30T08:42:16.787+0000] {processor.py:830} INFO - Processing file /home/airflow/.local/lib/python3.12/site-packages/airflow/example_dags/example_trigger_target_dag.py for tasks to queue
[2026-06-30T08:42:16.787+0000] {logging_mixin.py:188} INFO - [2026-06-30T08:42:16.787+0000] {dagbag.py:545} INFO - Filling up the DagBag from /home/airflow/.local/lib/python3.12/site-packages/airflow/example_dags/example_trigger_target_dag.py
[2026-06-30T08:42:16.791+0000] {processor.py:840} INFO - DAG(s) 'example_trigger_target_dag' retrieved from /home/airflow/.local/lib/python3.12/site-packages/airflow/example_dags/example_trigger_target_dag.py
[2026-06-30T08:42:16.806+0000] {logging_mixin.py:188} INFO - [2026-06-30T08:42:16.806+0000] {dag.py:3096} INFO - Sync 1 DAGs
[2026-06-30T08:42:16.815+0000] {logging_mixin.py:188} INFO - [2026-06-30T08:42:16.815+0000] {dag.py:3954} INFO - Setting next_dagrun for example_trigger_target_dag to None, run_after=None
[2026-06-30T08:42:16.827+0000] {processor.py:183} INFO - Processing /home/airflow/.local/lib/python3.12/site-packages/airflow/example_dags/example_trigger_target_dag.py took 0.045 seconds
[2026-06-30T08:42:47.328+0000] {processor.py:161} INFO - Started process (PID=24500) to work on /home/airflow/.local/lib/python3.12/site-packages/airflow/example_dags/example_trigger_target_dag.py
[2026-06-30T08:42:47.329+0000] {processor.py:830} INFO - Processing file /home/airflow/.local/lib/python3.12/site-packages/airflow/example_dags/example_trigger_target_dag.py for tasks to queue
[2026-06-30T08:42:47.330+0000] {logging_mixin.py:188} INFO - [2026-06-30T08:42:47.329+0000] {dagbag.py:545} INFO - Filling up the DagBag from /home/airflow/.local/lib/python3.12/site-packages/airflow/example_dags/example_trigger_target_dag.py
[2026-06-30T08:42:47.335+0000] {processor.py:840} INFO - DAG(s) 'example_trigger_target_dag' retrieved from /home/airflow/.local/lib/python3.12/site-packages/airflow/example_dags/example_trigger_target_dag.py
[2026-06-30T08:42:47.352+0000] {logging_mixin.py:188} INFO - [2026-06-30T08:42:47.351+0000] {dag.py:3096} INFO - Sync 1 DAGs
[2026-06-30T08:42:47.362+0000] {logging_mixin.py:188} INFO - [2026-06-30T08:42:47.361+0000] {dag.py:3954} INFO - Setting next_dagrun for example_trigger_target_dag to None, run_after=None
[2026-06-30T08:42:47.376+0000] {processor.py:183} INFO - Processing /home/airflow/.local/lib/python3.12/site-packages/airflow/example_dags/example_trigger_target_dag.py took 0.054 seconds
[2026-06-30T08:43:17.572+0000] {processor.py:161} INFO - Started process (PID=24558) to work on /home/airflow/.local/lib/python3.12/site-packages/airflow/example_dags/example_trigger_target_dag.py
[2026-06-30T08:43:17.573+0000] {processor.py:830} INFO - Processing file /home/airflow/.local/lib/python3.12/site-packages/airflow/example_dags/example_trigger_target_dag.py for tasks to queue
[2026-06-30T08:43:17.575+0000] {logging_mixin.py:188} INFO - [2026-06-30T08:43:17.574+0000] {dagbag.py:545} INFO - Filling up the DagBag from /home/airflow/.local/lib/python3.12/site-packages/airflow/example_dags/example_trigger_target_dag.py
[2026-06-30T08:43:17.582+0000] {processor.py:840} INFO - DAG(s) 'example_trigger_target_dag' retrieved from /home/airflow/.local/lib/python3.12/site-packages/airflow/example_dags/example_trigger_target_dag.py
[2026-06-30T08:43:17.608+0000] {logging_mixin.py:188} INFO - [2026-06-30T08:43:17.608+0000] {dag.py:3096} INFO - Sync 1 DAGs
[2026-06-30T08:43:17.624+0000] {logging_mixin.py:188} INFO - [2026-06-30T08:43:17.624+0000] {dag.py:3954} INFO - Setting next_dagrun for example_trigger_target_dag to None, run_after=None
[2026-06-30T08:43:17.653+0000] {processor.py:183} INFO - Processing /home/airflow/.local/lib/python3.12/site-packages/airflow/example_dags/example_trigger_target_dag.py took 0.087 seconds
[2026-06-30T08:43:48.063+0000] {processor.py:161} INFO - Started process (PID=24616) to work on /home/airflow/.local/lib/python3.12/site-packages/airflow/example_dags/example_trigger_target_dag.py
[2026-06-30T08:43:48.064+0000] {processor.py:830} INFO - Processing file /home/airflow/.local/lib/python3.12/site-packages/airflow/example_dags/example_trigger_target_dag.py for tasks to queue
[2026-06-30T08:43:48.066+0000] {logging_mixin.py:188} INFO - [2026-06-30T08:43:48.065+0000] {dagbag.py:545} INFO - Filling up the DagBag from /home/airflow/.local/lib/python3.12/site-packages/airflow/example_dags/example_trigger_target_dag.py
[2026-06-30T08:43:48.073+0000] {processor.py:840} INFO - DAG(s) 'example_trigger_target_dag' retrieved from /home/airflow/.local/lib/python3.12/site-packages/airflow/example_dags/example_trigger_target_dag.py
[2026-06-30T08:43:48.093+0000] {logging_mixin.py:188} INFO - [2026-06-30T08:43:48.093+0000] {dag.py:3096} INFO - Sync 1 DAGs
[2026-06-30T08:43:48.104+0000] {logging_mixin.py:188} INFO - [2026-06-30T08:43:48.104+0000] {dag.py:3954} INFO - Setting next_dagrun for example_trigger_target_dag to None, run_after=None
[2026-06-30T08:43:48.118+0000] {processor.py:183} INFO - Processing /home/airflow/.local/lib/python3.12/site-packages/airflow/example_dags/example_trigger_target_dag.py took 0.061 seconds
[2026-06-30T08:44:18.435+0000] {processor.py:161} INFO - Started process (PID=24674) to work on /home/airflow/.local/lib/python3.12/site-packages/airflow/example_dags/example_trigger_target_dag.py
[2026-06-30T08:44:18.436+0000] {processor.py:830} INFO - Processing file /home/airflow/.local/lib/python3.12/site-packages/airflow/example_dags/example_trigger_target_dag.py for tasks to queue
[2026-06-30T08:44:18.437+0000] {logging_mixin.py:188} INFO - [2026-06-30T08:44:18.437+0000] {dagbag.py:545} INFO - Filling up the DagBag from /home/airflow/.local/lib/python3.12/site-packages/airflow/example_dags/example_trigger_target_dag.py
[2026-06-30T08:44:18.442+0000] {processor.py:840} INFO - DAG(s) 'example_trigger_target_dag' retrieved from /home/airflow/.local/lib/python3.12/site-packages/airflow/example_dags/example_trigger_target_dag.py
[2026-06-30T08:44:18.461+0000] {logging_mixin.py:188} INFO - [2026-06-30T08:44:18.460+0000] {dag.py:3096} INFO - Sync 1 DAGs
[2026-06-30T08:44:18.472+0000] {logging_mixin.py:188} INFO - [2026-06-30T08:44:18.472+0000] {dag.py:3954} INFO - Setting next_dagrun for example_trigger_target_dag to None, run_after=None
[2026-06-30T08:44:18.487+0000] {processor.py:183} INFO - Processing /home/airflow/.local/lib/python3.12/site-packages/airflow/example_dags/example_trigger_target_dag.py took 0.057 seconds
[2026-06-30T08:44:48.852+0000] {processor.py:161} INFO - Started process (PID=24732) to work on /home/airflow/.local/lib/python3.12/site-packages/airflow/example_dags/example_trigger_target_dag.py
[2026-06-30T08:44:48.854+0000] {processor.py:830} INFO - Processing file /home/airflow/.local/lib/python3.12/site-packages/airflow/example_dags/example_trigger_target_dag.py for tasks to queue
[2026-06-30T08:44:48.855+0000] {logging_mixin.py:188} INFO - [2026-06-30T08:44:48.855+0000] {dagbag.py:545} INFO - Filling up the DagBag from /home/airflow/.local/lib/python3.12/site-packages/airflow/example_dags/example_trigger_target_dag.py
[2026-06-30T08:44:48.861+0000] {processor.py:840} INFO - DAG(s) 'example_trigger_target_dag' retrieved from /home/airflow/.local/lib/python3.12/site-packages/airflow/example_dags/example_trigger_target_dag.py
[2026-06-30T08:44:48.878+0000] {logging_mixin.py:188} INFO - [2026-06-30T08:44:48.878+0000] {dag.py:3096} INFO - Sync 1 DAGs
[2026-06-30T08:44:48.888+0000] {logging_mixin.py:188} INFO - [2026-06-30T08:44:48.888+0000] {dag.py:3954} INFO - Setting next_dagrun for example_trigger_target_dag to None, run_after=None
[2026-06-30T08:44:48.900+0000] {processor.py:183} INFO - Processing /home/airflow/.local/lib/python3.12/site-packages/airflow/example_dags/example_trigger_target_dag.py took 0.053 seconds
[2026-06-30T08:45:19.286+0000] {processor.py:161} INFO - Started process (PID=24790) to work on /home/airflow/.local/lib/python3.12/site-packages/airflow/example_dags/example_trigger_target_dag.py
[2026-06-30T08:45:19.287+0000] {processor.py:830} INFO - Processing file /home/airflow/.local/lib/python3.12/site-packages/airflow/example_dags/example_trigger_target_dag.py for tasks to queue
[2026-06-30T08:45:19.289+0000] {logging_mixin.py:188} INFO - [2026-06-30T08:45:19.288+0000] {dagbag.py:545} INFO - Filling up the DagBag from /home/airflow/.local/lib/python3.12/site-packages/airflow/example_dags/example_trigger_target_dag.py
[2026-06-30T08:45:19.294+0000] {processor.py:840} INFO - DAG(s) 'example_trigger_target_dag' retrieved from /home/airflow/.local/lib/python3.12/site-packages/airflow/example_dags/example_trigger_target_dag.py
[2026-06-30T08:45:19.315+0000] {logging_mixin.py:188} INFO - [2026-06-30T08:45:19.315+0000] {dag.py:3096} INFO - Sync 1 DAGs
[2026-06-30T08:45:19.326+0000] {logging_mixin.py:188} INFO - [2026-06-30T08:45:19.326+0000] {dag.py:3954} INFO - Setting next_dagrun for example_trigger_target_dag to None, run_after=None
[2026-06-30T08:45:19.342+0000] {processor.py:183} INFO - Processing /home/airflow/.local/lib/python3.12/site-packages/airflow/example_dags/example_trigger_target_dag.py took 0.062 seconds
[2026-06-30T08:45:49.999+0000] {processor.py:161} INFO - Started process (PID=24848) to work on /home/airflow/.local/lib/python3.12/site-packages/airflow/example_dags/example_trigger_target_dag.py
[2026-06-30T08:45:50.000+0000] {processor.py:830} INFO - Processing file /home/airflow/.local/lib/python3.12/site-packages/airflow/example_dags/example_trigger_target_dag.py for tasks to queue
[2026-06-30T08:45:50.001+0000] {logging_mixin.py:188} INFO - [2026-06-30T08:45:50.001+0000] {dagbag.py:545} INFO - Filling up the DagBag from /home/airflow/.local/lib/python3.12/site-packages/airflow/example_dags/example_trigger_target_dag.py
[2026-06-30T08:45:50.007+0000] {processor.py:840} INFO - DAG(s) 'example_trigger_target_dag' retrieved from /home/airflow/.local/lib/python3.12/site-packages/airflow/example_dags/example_trigger_target_dag.py
[2026-06-30T08:45:50.030+0000] {logging_mixin.py:188} INFO - [2026-06-30T08:45:50.029+0000] {dag.py:3096} INFO - Sync 1 DAGs
[2026-06-30T08:45:50.042+0000] {logging_mixin.py:188} INFO - [2026-06-30T08:45:50.042+0000] {dag.py:3954} INFO - Setting next_dagrun for example_trigger_target_dag to None, run_after=None
[2026-06-30T08:45:50.060+0000] {processor.py:183} INFO - Processing /home/airflow/.local/lib/python3.12/site-packages/airflow/example_dags/example_trigger_target_dag.py took 0.068 seconds
[2026-06-30T08:46:20.618+0000] {processor.py:161} INFO - Started process (PID=24906) to work on /home/airflow/.local/lib/python3.12/site-packages/airflow/example_dags/example_trigger_target_dag.py
[2026-06-30T08:46:20.619+0000] {processor.py:830} INFO - Processing file /home/airflow/.local/lib/python3.12/site-packages/airflow/example_dags/example_trigger_target_dag.py for tasks to queue
[2026-06-30T08:46:20.620+0000] {logging_mixin.py:188} INFO - [2026-06-30T08:46:20.619+0000] {dagbag.py:545} INFO - Filling up the DagBag from /home/airflow/.local/lib/python3.12/site-packages/airflow/example_dags/example_trigger_target_dag.py
[2026-06-30T08:46:20.625+0000] {processor.py:840} INFO - DAG(s) 'example_trigger_target_dag' retrieved from /home/airflow/.local/lib/python3.12/site-packages/airflow/example_dags/example_trigger_target_dag.py
[2026-06-30T08:46:20.644+0000] {logging_mixin.py:188} INFO - [2026-06-30T08:46:20.644+0000] {dag.py:3096} INFO - Sync 1 DAGs
[2026-06-30T08:46:20.655+0000] {logging_mixin.py:188} INFO - [2026-06-30T08:46:20.655+0000] {dag.py:3954} INFO - Setting next_dagrun for example_trigger_target_dag to None, run_after=None
[2026-06-30T08:46:20.675+0000] {processor.py:183} INFO - Processing /home/airflow/.local/lib/python3.12/site-packages/airflow/example_dags/example_trigger_target_dag.py took 0.062 seconds
[2026-06-30T08:46:51.305+0000] {processor.py:161} INFO - Started process (PID=24964) to work on /home/airflow/.local/lib/python3.12/site-packages/airflow/example_dags/example_trigger_target_dag.py
[2026-06-30T08:46:51.307+0000] {processor.py:830} INFO - Processing file /home/airflow/.local/lib/python3.12/site-packages/airflow/example_dags/example_trigger_target_dag.py for tasks to queue
[2026-06-30T08:46:51.311+0000] {logging_mixin.py:188} INFO - [2026-06-30T08:46:51.310+0000] {dagbag.py:545} INFO - Filling up the DagBag from /home/airflow/.local/lib/python3.12/site-packages/airflow/example_dags/example_trigger_target_dag.py
[2026-06-30T08:46:51.317+0000] {processor.py:840} INFO - DAG(s) 'example_trigger_target_dag' retrieved from /home/airflow/.local/lib/python3.12/site-packages/airflow/example_dags/example_trigger_target_dag.py
[2026-06-30T08:46:51.332+0000] {logging_mixin.py:188} INFO - [2026-06-30T08:46:51.331+0000] {dag.py:3096} INFO - Sync 1 DAGs
[2026-06-30T08:46:51.340+0000] {logging_mixin.py:188} INFO - [2026-06-30T08:46:51.340+0000] {dag.py:3954} INFO - Setting next_dagrun for example_trigger_target_dag to None, run_after=None
[2026-06-30T08:46:51.353+0000] {processor.py:183} INFO - Processing /home/airflow/.local/lib/python3.12/site-packages/airflow/example_dags/example_trigger_target_dag.py took 0.053 seconds
[2026-06-30T08:47:21.737+0000] {processor.py:161} INFO - Started process (PID=25022) to work on /home/airflow/.local/lib/python3.12/site-packages/airflow/example_dags/example_trigger_target_dag.py
[2026-06-30T08:47:21.739+0000] {processor.py:830} INFO - Processing file /home/airflow/.local/lib/python3.12/site-packages/airflow/example_dags/example_trigger_target_dag.py for tasks to queue
[2026-06-30T08:47:21.740+0000] {logging_mixin.py:188} INFO - [2026-06-30T08:47:21.740+0000] {dagbag.py:545} INFO - Filling up the DagBag from /home/airflow/.local/lib/python3.12/site-packages/airflow/example_dags/example_trigger_target_dag.py
[2026-06-30T08:47:21.745+0000] {processor.py:840} INFO - DAG(s) 'example_trigger_target_dag' retrieved from /home/airflow/.local/lib/python3.12/site-packages/airflow/example_dags/example_trigger_target_dag.py
[2026-06-30T08:47:21.762+0000] {logging_mixin.py:188} INFO - [2026-06-30T08:47:21.761+0000] {dag.py:3096} INFO - Sync 1 DAGs
[2026-06-30T08:47:21.772+0000] {logging_mixin.py:188} INFO - [2026-06-30T08:47:21.771+0000] {dag.py:3954} INFO - Setting next_dagrun for example_trigger_target_dag to None, run_after=None
[2026-06-30T08:47:21.785+0000] {processor.py:183} INFO - Processing /home/airflow/.local/lib/python3.12/site-packages/airflow/example_dags/example_trigger_target_dag.py took 0.053 seconds
[2026-06-30T08:47:52.273+0000] {processor.py:161} INFO - Started process (PID=25080) to work on /home/airflow/.local/lib/python3.12/site-packages/airflow/example_dags/example_trigger_target_dag.py
[2026-06-30T08:47:52.274+0000] {processor.py:830} INFO - Processing file /home/airflow/.local/lib/python3.12/site-packages/airflow/example_dags/example_trigger_target_dag.py for tasks to queue
[2026-06-30T08:47:52.275+0000] {logging_mixin.py:188} INFO - [2026-06-30T08:47:52.274+0000] {dagbag.py:545} INFO - Filling up the DagBag from /home/airflow/.local/lib/python3.12/site-packages/airflow/example_dags/example_trigger_target_dag.py
[2026-06-30T08:47:52.279+0000] {processor.py:840} INFO - DAG(s) 'example_trigger_target_dag' retrieved from /home/airflow/.local/lib/python3.12/site-packages/airflow/example_dags/example_trigger_target_dag.py
[2026-06-30T08:47:52.294+0000] {logging_mixin.py:188} INFO - [2026-06-30T08:47:52.294+0000] {dag.py:3096} INFO - Sync 1 DAGs
[2026-06-30T08:47:52.302+0000] {logging_mixin.py:188} INFO - [2026-06-30T08:47:52.302+0000] {dag.py:3954} INFO - Setting next_dagrun for example_trigger_target_dag to None, run_after=None
[2026-06-30T08:47:52.315+0000] {processor.py:183} INFO - Processing /home/airflow/.local/lib/python3.12/site-packages/airflow/example_dags/example_trigger_target_dag.py took 0.047 seconds
[2026-06-30T08:48:22.898+0000] {processor.py:161} INFO - Started process (PID=25138) to work on /home/airflow/.local/lib/python3.12/site-packages/airflow/example_dags/example_trigger_target_dag.py
[2026-06-30T08:48:22.899+0000] {processor.py:830} INFO - Processing file /home/airflow/.local/lib/python3.12/site-packages/airflow/example_dags/example_trigger_target_dag.py for tasks to queue
[2026-06-30T08:48:22.900+0000] {logging_mixin.py:188} INFO - [2026-06-30T08:48:22.900+0000] {dagbag.py:545} INFO - Filling up the DagBag from /home/airflow/.local/lib/python3.12/site-packages/airflow/example_dags/example_trigger_target_dag.py
[2026-06-30T08:48:22.904+0000] {processor.py:840} INFO - DAG(s) 'example_trigger_target_dag' retrieved from /home/airflow/.local/lib/python3.12/site-packages/airflow/example_dags/example_trigger_target_dag.py
[2026-06-30T08:48:22.921+0000] {logging_mixin.py:188} INFO - [2026-06-30T08:48:22.921+0000] {dag.py:3096} INFO - Sync 1 DAGs
[2026-06-30T08:48:22.930+0000] {logging_mixin.py:188} INFO - [2026-06-30T08:48:22.930+0000] {dag.py:3954} INFO - Setting next_dagrun for example_trigger_target_dag to None, run_after=None
[2026-06-30T08:48:22.944+0000] {processor.py:183} INFO - Processing /home/airflow/.local/lib/python3.12/site-packages/airflow/example_dags/example_trigger_target_dag.py took 0.052 seconds
[2026-06-30T08:48:53.386+0000] {processor.py:161} INFO - Started process (PID=25196) to work on /home/airflow/.local/lib/python3.12/site-packages/airflow/example_dags/example_trigger_target_dag.py
[2026-06-30T08:48:53.387+0000] {processor.py:830} INFO - Processing file /home/airflow/.local/lib/python3.12/site-packages/airflow/example_dags/example_trigger_target_dag.py for tasks to queue
[2026-06-30T08:48:53.388+0000] {logging_mixin.py:188} INFO - [2026-06-30T08:48:53.387+0000] {dagbag.py:545} INFO - Filling up the DagBag from /home/airflow/.local/lib/python3.12/site-packages/airflow/example_dags/example_trigger_target_dag.py
[2026-06-30T08:48:53.393+0000] {processor.py:840} INFO - DAG(s) 'example_trigger_target_dag' retrieved from /home/airflow/.local/lib/python3.12/site-packages/airflow/example_dags/example_trigger_target_dag.py
[2026-06-30T08:48:53.408+0000] {logging_mixin.py:188} INFO - [2026-06-30T08:48:53.408+0000] {dag.py:3096} INFO - Sync 1 DAGs
[2026-06-30T08:48:53.417+0000] {logging_mixin.py:188} INFO - [2026-06-30T08:48:53.417+0000] {dag.py:3954} INFO - Setting next_dagrun for example_trigger_target_dag to None, run_after=None
[2026-06-30T08:48:53.430+0000] {processor.py:183} INFO - Processing /home/airflow/.local/lib/python3.12/site-packages/airflow/example_dags/example_trigger_target_dag.py took 0.049 seconds
[2026-06-30T08:49:23.913+0000] {processor.py:161} INFO - Started process (PID=25254) to work on /home/airflow/.local/lib/python3.12/site-packages/airflow/example_dags/example_trigger_target_dag.py
[2026-06-30T08:49:23.914+0000] {processor.py:830} INFO - Processing file /home/airflow/.local/lib/python3.12/site-packages/airflow/example_dags/example_trigger_target_dag.py for tasks to queue
[2026-06-30T08:49:23.916+0000] {logging_mixin.py:188} INFO - [2026-06-30T08:49:23.916+0000] {dagbag.py:545} INFO - Filling up the DagBag from /home/airflow/.local/lib/python3.12/site-packages/airflow/example_dags/example_trigger_target_dag.py
[2026-06-30T08:49:23.922+0000] {processor.py:840} INFO - DAG(s) 'example_trigger_target_dag' retrieved from /home/airflow/.local/lib/python3.12/site-packages/airflow/example_dags/example_trigger_target_dag.py
[2026-06-30T08:49:23.943+0000] {logging_mixin.py:188} INFO - [2026-06-30T08:49:23.943+0000] {dag.py:3096} INFO - Sync 1 DAGs
[2026-06-30T08:49:23.956+0000] {logging_mixin.py:188} INFO - [2026-06-30T08:49:23.956+0000] {dag.py:3954} INFO - Setting next_dagrun for example_trigger_target_dag to None, run_after=None
[2026-06-30T08:49:23.975+0000] {processor.py:183} INFO - Processing /home/airflow/.local/lib/python3.12/site-packages/airflow/example_dags/example_trigger_target_dag.py took 0.068 seconds
[2026-06-30T08:49:54.615+0000] {processor.py:161} INFO - Started process (PID=25311) to work on /home/airflow/.local/lib/python3.12/site-packages/airflow/example_dags/example_trigger_target_dag.py
[2026-06-30T08:49:54.616+0000] {processor.py:830} INFO - Processing file /home/airflow/.local/lib/python3.12/site-packages/airflow/example_dags/example_trigger_target_dag.py for tasks to queue
[2026-06-30T08:49:54.618+0000] {logging_mixin.py:188} INFO - [2026-06-30T08:49:54.617+0000] {dagbag.py:545} INFO - Filling up the DagBag from /home/airflow/.local/lib/python3.12/site-packages/airflow/example_dags/example_trigger_target_dag.py
[2026-06-30T08:49:54.622+0000] {processor.py:840} INFO - DAG(s) 'example_trigger_target_dag' retrieved from /home/airflow/.local/lib/python3.12/site-packages/airflow/example_dags/example_trigger_target_dag.py
[2026-06-30T08:49:54.638+0000] {logging_mixin.py:188} INFO - [2026-06-30T08:49:54.638+0000] {dag.py:3096} INFO - Sync 1 DAGs
[2026-06-30T08:49:54.646+0000] {logging_mixin.py:188} INFO - [2026-06-30T08:49:54.646+0000] {dag.py:3954} INFO - Setting next_dagrun for example_trigger_target_dag to None, run_after=None
[2026-06-30T08:49:54.659+0000] {processor.py:183} INFO - Processing /home/airflow/.local/lib/python3.12/site-packages/airflow/example_dags/example_trigger_target_dag.py took 0.049 seconds
[2026-06-30T08:50:25.074+0000] {processor.py:161} INFO - Started process (PID=25369) to work on /home/airflow/.local/lib/python3.12/site-packages/airflow/example_dags/example_trigger_target_dag.py
[2026-06-30T08:50:25.075+0000] {processor.py:830} INFO - Processing file /home/airflow/.local/lib/python3.12/site-packages/airflow/example_dags/example_trigger_target_dag.py for tasks to queue
[2026-06-30T08:50:25.076+0000] {logging_mixin.py:188} INFO - [2026-06-30T08:50:25.075+0000] {dagbag.py:545} INFO - Filling up the DagBag from /home/airflow/.local/lib/python3.12/site-packages/airflow/example_dags/example_trigger_target_dag.py
[2026-06-30T08:50:25.080+0000] {processor.py:840} INFO - DAG(s) 'example_trigger_target_dag' retrieved from /home/airflow/.local/lib/python3.12/site-packages/airflow/example_dags/example_trigger_target_dag.py
[2026-06-30T08:50:25.094+0000] {logging_mixin.py:188} INFO - [2026-06-30T08:50:25.093+0000] {dag.py:3096} INFO - Sync 1 DAGs
[2026-06-30T08:50:25.102+0000] {logging_mixin.py:188} INFO - [2026-06-30T08:50:25.102+0000] {dag.py:3954} INFO - Setting next_dagrun for example_trigger_target_dag to None, run_after=None
[2026-06-30T08:50:25.114+0000] {processor.py:183} INFO - Processing /home/airflow/.local/lib/python3.12/site-packages/airflow/example_dags/example_trigger_target_dag.py took 0.043 seconds
[2026-06-30T08:50:55.478+0000] {processor.py:161} INFO - Started process (PID=25427) to work on /home/airflow/.local/lib/python3.12/site-packages/airflow/example_dags/example_trigger_target_dag.py
[2026-06-30T08:50:55.479+0000] {processor.py:830} INFO - Processing file /home/airflow/.local/lib/python3.12/site-packages/airflow/example_dags/example_trigger_target_dag.py for tasks to queue
[2026-06-30T08:50:55.480+0000] {logging_mixin.py:188} INFO - [2026-06-30T08:50:55.480+0000] {dagbag.py:545} INFO - Filling up the DagBag from /home/airflow/.local/lib/python3.12/site-packages/airflow/example_dags/example_trigger_target_dag.py
[2026-06-30T08:50:55.485+0000] {processor.py:840} INFO - DAG(s) 'example_trigger_target_dag' retrieved from /home/airflow/.local/lib/python3.12/site-packages/airflow/example_dags/example_trigger_target_dag.py
[2026-06-30T08:50:55.499+0000] {logging_mixin.py:188} INFO - [2026-06-30T08:50:55.499+0000] {dag.py:3096} INFO - Sync 1 DAGs
[2026-06-30T08:50:55.508+0000] {logging_mixin.py:188} INFO - [2026-06-30T08:50:55.507+0000] {dag.py:3954} INFO - Setting next_dagrun for example_trigger_target_dag to None, run_after=None
[2026-06-30T08:50:55.520+0000] {processor.py:183} INFO - Processing /home/airflow/.local/lib/python3.12/site-packages/airflow/example_dags/example_trigger_target_dag.py took 0.046 seconds
[2026-06-30T08:51:26.244+0000] {processor.py:161} INFO - Started process (PID=25485) to work on /home/airflow/.local/lib/python3.12/site-packages/airflow/example_dags/example_trigger_target_dag.py
[2026-06-30T08:51:26.245+0000] {processor.py:830} INFO - Processing file /home/airflow/.local/lib/python3.12/site-packages/airflow/example_dags/example_trigger_target_dag.py for tasks to queue
[2026-06-30T08:51:26.246+0000] {logging_mixin.py:188} INFO - [2026-06-30T08:51:26.245+0000] {dagbag.py:545} INFO - Filling up the DagBag from /home/airflow/.local/lib/python3.12/site-packages/airflow/example_dags/example_trigger_target_dag.py
[2026-06-30T08:51:26.250+0000] {processor.py:840} INFO - DAG(s) 'example_trigger_target_dag' retrieved from /home/airflow/.local/lib/python3.12/site-packages/airflow/example_dags/example_trigger_target_dag.py
[2026-06-30T08:51:26.265+0000] {logging_mixin.py:188} INFO - [2026-06-30T08:51:26.265+0000] {dag.py:3096} INFO - Sync 1 DAGs
[2026-06-30T08:51:26.275+0000] {logging_mixin.py:188} INFO - [2026-06-30T08:51:26.275+0000] {dag.py:3954} INFO - Setting next_dagrun for example_trigger_target_dag to None, run_after=None
[2026-06-30T08:51:26.288+0000] {processor.py:183} INFO - Processing /home/airflow/.local/lib/python3.12/site-packages/airflow/example_dags/example_trigger_target_dag.py took 0.048 seconds
[2026-06-30T08:51:56.797+0000] {processor.py:161} INFO - Started process (PID=25542) to work on /home/airflow/.local/lib/python3.12/site-packages/airflow/example_dags/example_trigger_target_dag.py
[2026-06-30T08:51:56.799+0000] {processor.py:830} INFO - Processing file /home/airflow/.local/lib/python3.12/site-packages/airflow/example_dags/example_trigger_target_dag.py for tasks to queue
[2026-06-30T08:51:56.800+0000] {logging_mixin.py:188} INFO - [2026-06-30T08:51:56.800+0000] {dagbag.py:545} INFO - Filling up the DagBag from /home/airflow/.local/lib/python3.12/site-packages/airflow/example_dags/example_trigger_target_dag.py
[2026-06-30T08:51:56.805+0000] {processor.py:840} INFO - DAG(s) 'example_trigger_target_dag' retrieved from /home/airflow/.local/lib/python3.12/site-packages/airflow/example_dags/example_trigger_target_dag.py
[2026-06-30T08:51:56.819+0000] {logging_mixin.py:188} INFO - [2026-06-30T08:51:56.819+0000] {dag.py:3096} INFO - Sync 1 DAGs
[2026-06-30T08:51:56.829+0000] {logging_mixin.py:188} INFO - [2026-06-30T08:51:56.828+0000] {dag.py:3954} INFO - Setting next_dagrun for example_trigger_target_dag to None, run_after=None
[2026-06-30T08:51:56.946+0000] {processor.py:183} INFO - Processing /home/airflow/.local/lib/python3.12/site-packages/airflow/example_dags/example_trigger_target_dag.py took 0.154 seconds
[2026-06-30T08:52:27.050+0000] {processor.py:161} INFO - Started process (PID=25600) to work on /home/airflow/.local/lib/python3.12/site-packages/airflow/example_dags/example_trigger_target_dag.py
[2026-06-30T08:52:27.050+0000] {processor.py:830} INFO - Processing file /home/airflow/.local/lib/python3.12/site-packages/airflow/example_dags/example_trigger_target_dag.py for tasks to queue
[2026-06-30T08:52:27.051+0000] {logging_mixin.py:188} INFO - [2026-06-30T08:52:27.051+0000] {dagbag.py:545} INFO - Filling up the DagBag from /home/airflow/.local/lib/python3.12/site-packages/airflow/example_dags/example_trigger_target_dag.py
[2026-06-30T08:52:27.056+0000] {processor.py:840} INFO - DAG(s) 'example_trigger_target_dag' retrieved from /home/airflow/.local/lib/python3.12/site-packages/airflow/example_dags/example_trigger_target_dag.py
[2026-06-30T08:52:27.071+0000] {logging_mixin.py:188} INFO - [2026-06-30T08:52:27.071+0000] {dag.py:3096} INFO - Sync 1 DAGs
[2026-06-30T08:52:27.080+0000] {logging_mixin.py:188} INFO - [2026-06-30T08:52:27.080+0000] {dag.py:3954} INFO - Setting next_dagrun for example_trigger_target_dag to None, run_after=None
[2026-06-30T08:52:27.092+0000] {processor.py:183} INFO - Processing /home/airflow/.local/lib/python3.12/site-packages/airflow/example_dags/example_trigger_target_dag.py took 0.047 seconds
[2026-06-30T08:52:57.342+0000] {processor.py:161} INFO - Started process (PID=25658) to work on /home/airflow/.local/lib/python3.12/site-packages/airflow/example_dags/example_trigger_target_dag.py
[2026-06-30T08:52:57.344+0000] {processor.py:830} INFO - Processing file /home/airflow/.local/lib/python3.12/site-packages/airflow/example_dags/example_trigger_target_dag.py for tasks to queue
[2026-06-30T08:52:57.345+0000] {logging_mixin.py:188} INFO - [2026-06-30T08:52:57.345+0000] {dagbag.py:545} INFO - Filling up the DagBag from /home/airflow/.local/lib/python3.12/site-packages/airflow/example_dags/example_trigger_target_dag.py
[2026-06-30T08:52:57.350+0000] {processor.py:840} INFO - DAG(s) 'example_trigger_target_dag' retrieved from /home/airflow/.local/lib/python3.12/site-packages/airflow/example_dags/example_trigger_target_dag.py
[2026-06-30T08:52:57.369+0000] {logging_mixin.py:188} INFO - [2026-06-30T08:52:57.368+0000] {dag.py:3096} INFO - Sync 1 DAGs
[2026-06-30T08:52:57.380+0000] {logging_mixin.py:188} INFO - [2026-06-30T08:52:57.379+0000] {dag.py:3954} INFO - Setting next_dagrun for example_trigger_target_dag to None, run_after=None
[2026-06-30T08:52:57.400+0000] {processor.py:183} INFO - Processing /home/airflow/.local/lib/python3.12/site-packages/airflow/example_dags/example_trigger_target_dag.py took 0.062 seconds
