[2026-06-30T08:18:52.874+0000] {processor.py:161} INFO - Started process (PID=21777) to work on /home/airflow/.local/lib/python3.12/site-packages/airflow/example_dags/example_short_circuit_decorator.py
[2026-06-30T08:18:52.875+0000] {processor.py:830} INFO - Processing file /home/airflow/.local/lib/python3.12/site-packages/airflow/example_dags/example_short_circuit_decorator.py for tasks to queue
[2026-06-30T08:18:52.876+0000] {logging_mixin.py:188} INFO - [2026-06-30T08:18:52.875+0000] {dagbag.py:545} INFO - Filling up the DagBag from /home/airflow/.local/lib/python3.12/site-packages/airflow/example_dags/example_short_circuit_decorator.py
[2026-06-30T08:18:52.886+0000] {processor.py:840} INFO - DAG(s) 'example_short_circuit_decorator' retrieved from /home/airflow/.local/lib/python3.12/site-packages/airflow/example_dags/example_short_circuit_decorator.py
[2026-06-30T08:18:52.912+0000] {logging_mixin.py:188} INFO - [2026-06-30T08:18:52.911+0000] {dag.py:3096} INFO - Sync 1 DAGs
[2026-06-30T08:18:52.933+0000] {logging_mixin.py:188} INFO - [2026-06-30T08:18:52.933+0000] {dag.py:3954} INFO - Setting next_dagrun for example_short_circuit_decorator to 2026-06-29 00:00:00+00:00, run_after=2026-06-30 00:00:00+00:00
[2026-06-30T08:18:52.951+0000] {processor.py:183} INFO - Processing /home/airflow/.local/lib/python3.12/site-packages/airflow/example_dags/example_short_circuit_decorator.py took 0.084 seconds
[2026-06-30T08:19:23.206+0000] {processor.py:161} INFO - Started process (PID=21832) to work on /home/airflow/.local/lib/python3.12/site-packages/airflow/example_dags/example_short_circuit_decorator.py
[2026-06-30T08:19:23.207+0000] {processor.py:830} INFO - Processing file /home/airflow/.local/lib/python3.12/site-packages/airflow/example_dags/example_short_circuit_decorator.py for tasks to queue
[2026-06-30T08:19:23.209+0000] {logging_mixin.py:188} INFO - [2026-06-30T08:19:23.209+0000] {dagbag.py:545} INFO - Filling up the DagBag from /home/airflow/.local/lib/python3.12/site-packages/airflow/example_dags/example_short_circuit_decorator.py
[2026-06-30T08:19:23.217+0000] {processor.py:840} INFO - DAG(s) 'example_short_circuit_decorator' retrieved from /home/airflow/.local/lib/python3.12/site-packages/airflow/example_dags/example_short_circuit_decorator.py
[2026-06-30T08:19:23.234+0000] {logging_mixin.py:188} INFO - [2026-06-30T08:19:23.233+0000] {dag.py:3096} INFO - Sync 1 DAGs
[2026-06-30T08:19:23.249+0000] {logging_mixin.py:188} INFO - [2026-06-30T08:19:23.249+0000] {dag.py:3954} INFO - Setting next_dagrun for example_short_circuit_decorator to 2026-06-29 00:00:00+00:00, run_after=2026-06-30 00:00:00+00:00
[2026-06-30T08:19:23.265+0000] {processor.py:183} INFO - Processing /home/airflow/.local/lib/python3.12/site-packages/airflow/example_dags/example_short_circuit_decorator.py took 0.064 seconds
[2026-06-30T08:19:53.576+0000] {processor.py:161} INFO - Started process (PID=21890) to work on /home/airflow/.local/lib/python3.12/site-packages/airflow/example_dags/example_short_circuit_decorator.py
[2026-06-30T08:19:53.576+0000] {processor.py:830} INFO - Processing file /home/airflow/.local/lib/python3.12/site-packages/airflow/example_dags/example_short_circuit_decorator.py for tasks to queue
[2026-06-30T08:19:53.577+0000] {logging_mixin.py:188} INFO - [2026-06-30T08:19:53.577+0000] {dagbag.py:545} INFO - Filling up the DagBag from /home/airflow/.local/lib/python3.12/site-packages/airflow/example_dags/example_short_circuit_decorator.py
[2026-06-30T08:19:53.584+0000] {processor.py:840} INFO - DAG(s) 'example_short_circuit_decorator' retrieved from /home/airflow/.local/lib/python3.12/site-packages/airflow/example_dags/example_short_circuit_decorator.py
[2026-06-30T08:19:53.600+0000] {logging_mixin.py:188} INFO - [2026-06-30T08:19:53.600+0000] {dag.py:3096} INFO - Sync 1 DAGs
[2026-06-30T08:19:53.616+0000] {logging_mixin.py:188} INFO - [2026-06-30T08:19:53.616+0000] {dag.py:3954} INFO - Setting next_dagrun for example_short_circuit_decorator to 2026-06-29 00:00:00+00:00, run_after=2026-06-30 00:00:00+00:00
[2026-06-30T08:19:53.628+0000] {processor.py:183} INFO - Processing /home/airflow/.local/lib/python3.12/site-packages/airflow/example_dags/example_short_circuit_decorator.py took 0.056 seconds
[2026-06-30T08:20:23.844+0000] {processor.py:161} INFO - Started process (PID=21948) to work on /home/airflow/.local/lib/python3.12/site-packages/airflow/example_dags/example_short_circuit_decorator.py
[2026-06-30T08:20:23.845+0000] {processor.py:830} INFO - Processing file /home/airflow/.local/lib/python3.12/site-packages/airflow/example_dags/example_short_circuit_decorator.py for tasks to queue
[2026-06-30T08:20:23.845+0000] {logging_mixin.py:188} INFO - [2026-06-30T08:20:23.845+0000] {dagbag.py:545} INFO - Filling up the DagBag from /home/airflow/.local/lib/python3.12/site-packages/airflow/example_dags/example_short_circuit_decorator.py
[2026-06-30T08:20:23.852+0000] {processor.py:840} INFO - DAG(s) 'example_short_circuit_decorator' retrieved from /home/airflow/.local/lib/python3.12/site-packages/airflow/example_dags/example_short_circuit_decorator.py
[2026-06-30T08:20:23.867+0000] {logging_mixin.py:188} INFO - [2026-06-30T08:20:23.867+0000] {dag.py:3096} INFO - Sync 1 DAGs
[2026-06-30T08:20:23.881+0000] {logging_mixin.py:188} INFO - [2026-06-30T08:20:23.880+0000] {dag.py:3954} INFO - Setting next_dagrun for example_short_circuit_decorator to 2026-06-29 00:00:00+00:00, run_after=2026-06-30 00:00:00+00:00
[2026-06-30T08:20:23.893+0000] {processor.py:183} INFO - Processing /home/airflow/.local/lib/python3.12/site-packages/airflow/example_dags/example_short_circuit_decorator.py took 0.054 seconds
[2026-06-30T08:20:54.078+0000] {processor.py:161} INFO - Started process (PID=22005) to work on /home/airflow/.local/lib/python3.12/site-packages/airflow/example_dags/example_short_circuit_decorator.py
[2026-06-30T08:20:54.079+0000] {processor.py:830} INFO - Processing file /home/airflow/.local/lib/python3.12/site-packages/airflow/example_dags/example_short_circuit_decorator.py for tasks to queue
[2026-06-30T08:20:54.080+0000] {logging_mixin.py:188} INFO - [2026-06-30T08:20:54.080+0000] {dagbag.py:545} INFO - Filling up the DagBag from /home/airflow/.local/lib/python3.12/site-packages/airflow/example_dags/example_short_circuit_decorator.py
[2026-06-30T08:20:54.088+0000] {processor.py:840} INFO - DAG(s) 'example_short_circuit_decorator' retrieved from /home/airflow/.local/lib/python3.12/site-packages/airflow/example_dags/example_short_circuit_decorator.py
[2026-06-30T08:20:54.105+0000] {logging_mixin.py:188} INFO - [2026-06-30T08:20:54.104+0000] {dag.py:3096} INFO - Sync 1 DAGs
[2026-06-30T08:20:54.120+0000] {logging_mixin.py:188} INFO - [2026-06-30T08:20:54.120+0000] {dag.py:3954} INFO - Setting next_dagrun for example_short_circuit_decorator to 2026-06-29 00:00:00+00:00, run_after=2026-06-30 00:00:00+00:00
[2026-06-30T08:20:54.133+0000] {processor.py:183} INFO - Processing /home/airflow/.local/lib/python3.12/site-packages/airflow/example_dags/example_short_circuit_decorator.py took 0.060 seconds
[2026-06-30T08:21:24.493+0000] {processor.py:161} INFO - Started process (PID=22063) to work on /home/airflow/.local/lib/python3.12/site-packages/airflow/example_dags/example_short_circuit_decorator.py
[2026-06-30T08:21:24.497+0000] {processor.py:830} INFO - Processing file /home/airflow/.local/lib/python3.12/site-packages/airflow/example_dags/example_short_circuit_decorator.py for tasks to queue
[2026-06-30T08:21:24.498+0000] {logging_mixin.py:188} INFO - [2026-06-30T08:21:24.498+0000] {dagbag.py:545} INFO - Filling up the DagBag from /home/airflow/.local/lib/python3.12/site-packages/airflow/example_dags/example_short_circuit_decorator.py
[2026-06-30T08:21:24.505+0000] {processor.py:840} INFO - DAG(s) 'example_short_circuit_decorator' retrieved from /home/airflow/.local/lib/python3.12/site-packages/airflow/example_dags/example_short_circuit_decorator.py
[2026-06-30T08:21:24.520+0000] {logging_mixin.py:188} INFO - [2026-06-30T08:21:24.520+0000] {dag.py:3096} INFO - Sync 1 DAGs
[2026-06-30T08:21:24.534+0000] {logging_mixin.py:188} INFO - [2026-06-30T08:21:24.534+0000] {dag.py:3954} INFO - Setting next_dagrun for example_short_circuit_decorator to 2026-06-29 00:00:00+00:00, run_after=2026-06-30 00:00:00+00:00
[2026-06-30T08:21:24.546+0000] {processor.py:183} INFO - Processing /home/airflow/.local/lib/python3.12/site-packages/airflow/example_dags/example_short_circuit_decorator.py took 0.057 seconds
[2026-06-30T08:21:54.822+0000] {processor.py:161} INFO - Started process (PID=22121) to work on /home/airflow/.local/lib/python3.12/site-packages/airflow/example_dags/example_short_circuit_decorator.py
[2026-06-30T08:21:54.823+0000] {processor.py:830} INFO - Processing file /home/airflow/.local/lib/python3.12/site-packages/airflow/example_dags/example_short_circuit_decorator.py for tasks to queue
[2026-06-30T08:21:54.824+0000] {logging_mixin.py:188} INFO - [2026-06-30T08:21:54.823+0000] {dagbag.py:545} INFO - Filling up the DagBag from /home/airflow/.local/lib/python3.12/site-packages/airflow/example_dags/example_short_circuit_decorator.py
[2026-06-30T08:21:54.831+0000] {processor.py:840} INFO - DAG(s) 'example_short_circuit_decorator' retrieved from /home/airflow/.local/lib/python3.12/site-packages/airflow/example_dags/example_short_circuit_decorator.py
[2026-06-30T08:21:54.847+0000] {logging_mixin.py:188} INFO - [2026-06-30T08:21:54.847+0000] {dag.py:3096} INFO - Sync 1 DAGs
[2026-06-30T08:21:54.861+0000] {logging_mixin.py:188} INFO - [2026-06-30T08:21:54.861+0000] {dag.py:3954} INFO - Setting next_dagrun for example_short_circuit_decorator to 2026-06-29 00:00:00+00:00, run_after=2026-06-30 00:00:00+00:00
[2026-06-30T08:21:54.874+0000] {processor.py:183} INFO - Processing /home/airflow/.local/lib/python3.12/site-packages/airflow/example_dags/example_short_circuit_decorator.py took 0.056 seconds
[2026-06-30T08:22:24.994+0000] {processor.py:161} INFO - Started process (PID=22174) to work on /home/airflow/.local/lib/python3.12/site-packages/airflow/example_dags/example_short_circuit_decorator.py
[2026-06-30T08:22:24.995+0000] {processor.py:830} INFO - Processing file /home/airflow/.local/lib/python3.12/site-packages/airflow/example_dags/example_short_circuit_decorator.py for tasks to queue
[2026-06-30T08:22:24.995+0000] {logging_mixin.py:188} INFO - [2026-06-30T08:22:24.995+0000] {dagbag.py:545} INFO - Filling up the DagBag from /home/airflow/.local/lib/python3.12/site-packages/airflow/example_dags/example_short_circuit_decorator.py
[2026-06-30T08:22:25.002+0000] {processor.py:840} INFO - DAG(s) 'example_short_circuit_decorator' retrieved from /home/airflow/.local/lib/python3.12/site-packages/airflow/example_dags/example_short_circuit_decorator.py
[2026-06-30T08:22:25.017+0000] {logging_mixin.py:188} INFO - [2026-06-30T08:22:25.017+0000] {dag.py:3096} INFO - Sync 1 DAGs
[2026-06-30T08:22:25.030+0000] {logging_mixin.py:188} INFO - [2026-06-30T08:22:25.030+0000] {dag.py:3954} INFO - Setting next_dagrun for example_short_circuit_decorator to 2026-06-29 00:00:00+00:00, run_after=2026-06-30 00:00:00+00:00
[2026-06-30T08:22:25.042+0000] {processor.py:183} INFO - Processing /home/airflow/.local/lib/python3.12/site-packages/airflow/example_dags/example_short_circuit_decorator.py took 0.052 seconds
[2026-06-30T08:22:55.406+0000] {processor.py:161} INFO - Started process (PID=22228) to work on /home/airflow/.local/lib/python3.12/site-packages/airflow/example_dags/example_short_circuit_decorator.py
[2026-06-30T08:22:55.406+0000] {processor.py:830} INFO - Processing file /home/airflow/.local/lib/python3.12/site-packages/airflow/example_dags/example_short_circuit_decorator.py for tasks to queue
[2026-06-30T08:22:55.407+0000] {logging_mixin.py:188} INFO - [2026-06-30T08:22:55.407+0000] {dagbag.py:545} INFO - Filling up the DagBag from /home/airflow/.local/lib/python3.12/site-packages/airflow/example_dags/example_short_circuit_decorator.py
[2026-06-30T08:22:55.413+0000] {processor.py:840} INFO - DAG(s) 'example_short_circuit_decorator' retrieved from /home/airflow/.local/lib/python3.12/site-packages/airflow/example_dags/example_short_circuit_decorator.py
[2026-06-30T08:22:55.428+0000] {logging_mixin.py:188} INFO - [2026-06-30T08:22:55.428+0000] {dag.py:3096} INFO - Sync 1 DAGs
[2026-06-30T08:22:55.442+0000] {logging_mixin.py:188} INFO - [2026-06-30T08:22:55.441+0000] {dag.py:3954} INFO - Setting next_dagrun for example_short_circuit_decorator to 2026-06-29 00:00:00+00:00, run_after=2026-06-30 00:00:00+00:00
[2026-06-30T08:22:55.454+0000] {processor.py:183} INFO - Processing /home/airflow/.local/lib/python3.12/site-packages/airflow/example_dags/example_short_circuit_decorator.py took 0.052 seconds
[2026-06-30T08:23:25.787+0000] {processor.py:161} INFO - Started process (PID=22286) to work on /home/airflow/.local/lib/python3.12/site-packages/airflow/example_dags/example_short_circuit_decorator.py
[2026-06-30T08:23:25.788+0000] {processor.py:830} INFO - Processing file /home/airflow/.local/lib/python3.12/site-packages/airflow/example_dags/example_short_circuit_decorator.py for tasks to queue
[2026-06-30T08:23:25.789+0000] {logging_mixin.py:188} INFO - [2026-06-30T08:23:25.789+0000] {dagbag.py:545} INFO - Filling up the DagBag from /home/airflow/.local/lib/python3.12/site-packages/airflow/example_dags/example_short_circuit_decorator.py
[2026-06-30T08:23:25.796+0000] {processor.py:840} INFO - DAG(s) 'example_short_circuit_decorator' retrieved from /home/airflow/.local/lib/python3.12/site-packages/airflow/example_dags/example_short_circuit_decorator.py
[2026-06-30T08:23:25.811+0000] {logging_mixin.py:188} INFO - [2026-06-30T08:23:25.811+0000] {dag.py:3096} INFO - Sync 1 DAGs
[2026-06-30T08:23:25.825+0000] {logging_mixin.py:188} INFO - [2026-06-30T08:23:25.825+0000] {dag.py:3954} INFO - Setting next_dagrun for example_short_circuit_decorator to 2026-06-29 00:00:00+00:00, run_after=2026-06-30 00:00:00+00:00
[2026-06-30T08:23:25.837+0000] {processor.py:183} INFO - Processing /home/airflow/.local/lib/python3.12/site-packages/airflow/example_dags/example_short_circuit_decorator.py took 0.054 seconds
[2026-06-30T08:23:56.179+0000] {processor.py:161} INFO - Started process (PID=22344) to work on /home/airflow/.local/lib/python3.12/site-packages/airflow/example_dags/example_short_circuit_decorator.py
[2026-06-30T08:23:56.179+0000] {processor.py:830} INFO - Processing file /home/airflow/.local/lib/python3.12/site-packages/airflow/example_dags/example_short_circuit_decorator.py for tasks to queue
[2026-06-30T08:23:56.180+0000] {logging_mixin.py:188} INFO - [2026-06-30T08:23:56.180+0000] {dagbag.py:545} INFO - Filling up the DagBag from /home/airflow/.local/lib/python3.12/site-packages/airflow/example_dags/example_short_circuit_decorator.py
[2026-06-30T08:23:56.187+0000] {processor.py:840} INFO - DAG(s) 'example_short_circuit_decorator' retrieved from /home/airflow/.local/lib/python3.12/site-packages/airflow/example_dags/example_short_circuit_decorator.py
[2026-06-30T08:23:56.203+0000] {logging_mixin.py:188} INFO - [2026-06-30T08:23:56.203+0000] {dag.py:3096} INFO - Sync 1 DAGs
[2026-06-30T08:23:56.218+0000] {logging_mixin.py:188} INFO - [2026-06-30T08:23:56.217+0000] {dag.py:3954} INFO - Setting next_dagrun for example_short_circuit_decorator to 2026-06-29 00:00:00+00:00, run_after=2026-06-30 00:00:00+00:00
[2026-06-30T08:23:56.230+0000] {processor.py:183} INFO - Processing /home/airflow/.local/lib/python3.12/site-packages/airflow/example_dags/example_short_circuit_decorator.py took 0.056 seconds
[2026-06-30T08:24:26.692+0000] {processor.py:161} INFO - Started process (PID=22402) to work on /home/airflow/.local/lib/python3.12/site-packages/airflow/example_dags/example_short_circuit_decorator.py
[2026-06-30T08:24:26.693+0000] {processor.py:830} INFO - Processing file /home/airflow/.local/lib/python3.12/site-packages/airflow/example_dags/example_short_circuit_decorator.py for tasks to queue
[2026-06-30T08:24:26.694+0000] {logging_mixin.py:188} INFO - [2026-06-30T08:24:26.694+0000] {dagbag.py:545} INFO - Filling up the DagBag from /home/airflow/.local/lib/python3.12/site-packages/airflow/example_dags/example_short_circuit_decorator.py
[2026-06-30T08:24:26.701+0000] {processor.py:840} INFO - DAG(s) 'example_short_circuit_decorator' retrieved from /home/airflow/.local/lib/python3.12/site-packages/airflow/example_dags/example_short_circuit_decorator.py
[2026-06-30T08:24:26.717+0000] {logging_mixin.py:188} INFO - [2026-06-30T08:24:26.716+0000] {dag.py:3096} INFO - Sync 1 DAGs
[2026-06-30T08:24:26.734+0000] {logging_mixin.py:188} INFO - [2026-06-30T08:24:26.734+0000] {dag.py:3954} INFO - Setting next_dagrun for example_short_circuit_decorator to 2026-06-29 00:00:00+00:00, run_after=2026-06-30 00:00:00+00:00
[2026-06-30T08:24:26.747+0000] {processor.py:183} INFO - Processing /home/airflow/.local/lib/python3.12/site-packages/airflow/example_dags/example_short_circuit_decorator.py took 0.059 seconds
[2026-06-30T08:24:57.432+0000] {processor.py:161} INFO - Started process (PID=22461) to work on /home/airflow/.local/lib/python3.12/site-packages/airflow/example_dags/example_short_circuit_decorator.py
[2026-06-30T08:24:57.433+0000] {processor.py:830} INFO - Processing file /home/airflow/.local/lib/python3.12/site-packages/airflow/example_dags/example_short_circuit_decorator.py for tasks to queue
[2026-06-30T08:24:57.434+0000] {logging_mixin.py:188} INFO - [2026-06-30T08:24:57.434+0000] {dagbag.py:545} INFO - Filling up the DagBag from /home/airflow/.local/lib/python3.12/site-packages/airflow/example_dags/example_short_circuit_decorator.py
[2026-06-30T08:24:57.442+0000] {processor.py:840} INFO - DAG(s) 'example_short_circuit_decorator' retrieved from /home/airflow/.local/lib/python3.12/site-packages/airflow/example_dags/example_short_circuit_decorator.py
[2026-06-30T08:24:57.458+0000] {logging_mixin.py:188} INFO - [2026-06-30T08:24:57.458+0000] {dag.py:3096} INFO - Sync 1 DAGs
[2026-06-30T08:24:57.473+0000] {logging_mixin.py:188} INFO - [2026-06-30T08:24:57.473+0000] {dag.py:3954} INFO - Setting next_dagrun for example_short_circuit_decorator to 2026-06-29 00:00:00+00:00, run_after=2026-06-30 00:00:00+00:00
[2026-06-30T08:24:57.485+0000] {processor.py:183} INFO - Processing /home/airflow/.local/lib/python3.12/site-packages/airflow/example_dags/example_short_circuit_decorator.py took 0.058 seconds
[2026-06-30T08:25:27.973+0000] {processor.py:161} INFO - Started process (PID=22519) to work on /home/airflow/.local/lib/python3.12/site-packages/airflow/example_dags/example_short_circuit_decorator.py
[2026-06-30T08:25:27.973+0000] {processor.py:830} INFO - Processing file /home/airflow/.local/lib/python3.12/site-packages/airflow/example_dags/example_short_circuit_decorator.py for tasks to queue
[2026-06-30T08:25:27.974+0000] {logging_mixin.py:188} INFO - [2026-06-30T08:25:27.974+0000] {dagbag.py:545} INFO - Filling up the DagBag from /home/airflow/.local/lib/python3.12/site-packages/airflow/example_dags/example_short_circuit_decorator.py
[2026-06-30T08:25:27.981+0000] {processor.py:840} INFO - DAG(s) 'example_short_circuit_decorator' retrieved from /home/airflow/.local/lib/python3.12/site-packages/airflow/example_dags/example_short_circuit_decorator.py
[2026-06-30T08:25:27.997+0000] {logging_mixin.py:188} INFO - [2026-06-30T08:25:27.997+0000] {dag.py:3096} INFO - Sync 1 DAGs
[2026-06-30T08:25:28.014+0000] {logging_mixin.py:188} INFO - [2026-06-30T08:25:28.014+0000] {dag.py:3954} INFO - Setting next_dagrun for example_short_circuit_decorator to 2026-06-29 00:00:00+00:00, run_after=2026-06-30 00:00:00+00:00
[2026-06-30T08:25:28.028+0000] {processor.py:183} INFO - Processing /home/airflow/.local/lib/python3.12/site-packages/airflow/example_dags/example_short_circuit_decorator.py took 0.059 seconds
[2026-06-30T08:25:58.259+0000] {processor.py:161} INFO - Started process (PID=22577) to work on /home/airflow/.local/lib/python3.12/site-packages/airflow/example_dags/example_short_circuit_decorator.py
[2026-06-30T08:25:58.260+0000] {processor.py:830} INFO - Processing file /home/airflow/.local/lib/python3.12/site-packages/airflow/example_dags/example_short_circuit_decorator.py for tasks to queue
[2026-06-30T08:25:58.261+0000] {logging_mixin.py:188} INFO - [2026-06-30T08:25:58.261+0000] {dagbag.py:545} INFO - Filling up the DagBag from /home/airflow/.local/lib/python3.12/site-packages/airflow/example_dags/example_short_circuit_decorator.py
[2026-06-30T08:25:58.269+0000] {processor.py:840} INFO - DAG(s) 'example_short_circuit_decorator' retrieved from /home/airflow/.local/lib/python3.12/site-packages/airflow/example_dags/example_short_circuit_decorator.py
[2026-06-30T08:25:58.287+0000] {logging_mixin.py:188} INFO - [2026-06-30T08:25:58.287+0000] {dag.py:3096} INFO - Sync 1 DAGs
[2026-06-30T08:25:58.302+0000] {logging_mixin.py:188} INFO - [2026-06-30T08:25:58.302+0000] {dag.py:3954} INFO - Setting next_dagrun for example_short_circuit_decorator to 2026-06-29 00:00:00+00:00, run_after=2026-06-30 00:00:00+00:00
[2026-06-30T08:25:58.316+0000] {processor.py:183} INFO - Processing /home/airflow/.local/lib/python3.12/site-packages/airflow/example_dags/example_short_circuit_decorator.py took 0.062 seconds
[2026-06-30T08:26:29.123+0000] {processor.py:161} INFO - Started process (PID=22635) to work on /home/airflow/.local/lib/python3.12/site-packages/airflow/example_dags/example_short_circuit_decorator.py
[2026-06-30T08:26:29.124+0000] {processor.py:830} INFO - Processing file /home/airflow/.local/lib/python3.12/site-packages/airflow/example_dags/example_short_circuit_decorator.py for tasks to queue
[2026-06-30T08:26:29.126+0000] {logging_mixin.py:188} INFO - [2026-06-30T08:26:29.125+0000] {dagbag.py:545} INFO - Filling up the DagBag from /home/airflow/.local/lib/python3.12/site-packages/airflow/example_dags/example_short_circuit_decorator.py
[2026-06-30T08:26:29.135+0000] {processor.py:840} INFO - DAG(s) 'example_short_circuit_decorator' retrieved from /home/airflow/.local/lib/python3.12/site-packages/airflow/example_dags/example_short_circuit_decorator.py
[2026-06-30T08:26:29.154+0000] {logging_mixin.py:188} INFO - [2026-06-30T08:26:29.154+0000] {dag.py:3096} INFO - Sync 1 DAGs
[2026-06-30T08:26:29.172+0000] {logging_mixin.py:188} INFO - [2026-06-30T08:26:29.171+0000] {dag.py:3954} INFO - Setting next_dagrun for example_short_circuit_decorator to 2026-06-29 00:00:00+00:00, run_after=2026-06-30 00:00:00+00:00
[2026-06-30T08:26:29.184+0000] {processor.py:183} INFO - Processing /home/airflow/.local/lib/python3.12/site-packages/airflow/example_dags/example_short_circuit_decorator.py took 0.071 seconds
[2026-06-30T08:26:59.998+0000] {processor.py:161} INFO - Started process (PID=22693) to work on /home/airflow/.local/lib/python3.12/site-packages/airflow/example_dags/example_short_circuit_decorator.py
[2026-06-30T08:26:59.998+0000] {processor.py:830} INFO - Processing file /home/airflow/.local/lib/python3.12/site-packages/airflow/example_dags/example_short_circuit_decorator.py for tasks to queue
[2026-06-30T08:26:59.999+0000] {logging_mixin.py:188} INFO - [2026-06-30T08:26:59.999+0000] {dagbag.py:545} INFO - Filling up the DagBag from /home/airflow/.local/lib/python3.12/site-packages/airflow/example_dags/example_short_circuit_decorator.py
[2026-06-30T08:27:00.010+0000] {processor.py:840} INFO - DAG(s) 'example_short_circuit_decorator' retrieved from /home/airflow/.local/lib/python3.12/site-packages/airflow/example_dags/example_short_circuit_decorator.py
[2026-06-30T08:27:00.028+0000] {logging_mixin.py:188} INFO - [2026-06-30T08:27:00.028+0000] {dag.py:3096} INFO - Sync 1 DAGs
[2026-06-30T08:27:00.046+0000] {logging_mixin.py:188} INFO - [2026-06-30T08:27:00.046+0000] {dag.py:3954} INFO - Setting next_dagrun for example_short_circuit_decorator to 2026-06-29 00:00:00+00:00, run_after=2026-06-30 00:00:00+00:00
[2026-06-30T08:27:00.059+0000] {processor.py:183} INFO - Processing /home/airflow/.local/lib/python3.12/site-packages/airflow/example_dags/example_short_circuit_decorator.py took 0.065 seconds
[2026-06-30T08:27:30.510+0000] {processor.py:161} INFO - Started process (PID=22751) to work on /home/airflow/.local/lib/python3.12/site-packages/airflow/example_dags/example_short_circuit_decorator.py
[2026-06-30T08:27:30.510+0000] {processor.py:830} INFO - Processing file /home/airflow/.local/lib/python3.12/site-packages/airflow/example_dags/example_short_circuit_decorator.py for tasks to queue
[2026-06-30T08:27:30.511+0000] {logging_mixin.py:188} INFO - [2026-06-30T08:27:30.511+0000] {dagbag.py:545} INFO - Filling up the DagBag from /home/airflow/.local/lib/python3.12/site-packages/airflow/example_dags/example_short_circuit_decorator.py
[2026-06-30T08:27:30.517+0000] {processor.py:840} INFO - DAG(s) 'example_short_circuit_decorator' retrieved from /home/airflow/.local/lib/python3.12/site-packages/airflow/example_dags/example_short_circuit_decorator.py
[2026-06-30T08:27:30.531+0000] {logging_mixin.py:188} INFO - [2026-06-30T08:27:30.531+0000] {dag.py:3096} INFO - Sync 1 DAGs
[2026-06-30T08:27:30.545+0000] {logging_mixin.py:188} INFO - [2026-06-30T08:27:30.545+0000] {dag.py:3954} INFO - Setting next_dagrun for example_short_circuit_decorator to 2026-06-29 00:00:00+00:00, run_after=2026-06-30 00:00:00+00:00
[2026-06-30T08:27:30.556+0000] {processor.py:183} INFO - Processing /home/airflow/.local/lib/python3.12/site-packages/airflow/example_dags/example_short_circuit_decorator.py took 0.051 seconds
[2026-06-30T08:28:00.864+0000] {processor.py:161} INFO - Started process (PID=22809) to work on /home/airflow/.local/lib/python3.12/site-packages/airflow/example_dags/example_short_circuit_decorator.py
[2026-06-30T08:28:00.867+0000] {processor.py:830} INFO - Processing file /home/airflow/.local/lib/python3.12/site-packages/airflow/example_dags/example_short_circuit_decorator.py for tasks to queue
[2026-06-30T08:28:00.868+0000] {logging_mixin.py:188} INFO - [2026-06-30T08:28:00.868+0000] {dagbag.py:545} INFO - Filling up the DagBag from /home/airflow/.local/lib/python3.12/site-packages/airflow/example_dags/example_short_circuit_decorator.py
[2026-06-30T08:28:00.877+0000] {processor.py:840} INFO - DAG(s) 'example_short_circuit_decorator' retrieved from /home/airflow/.local/lib/python3.12/site-packages/airflow/example_dags/example_short_circuit_decorator.py
[2026-06-30T08:28:00.896+0000] {logging_mixin.py:188} INFO - [2026-06-30T08:28:00.895+0000] {dag.py:3096} INFO - Sync 1 DAGs
[2026-06-30T08:28:00.915+0000] {logging_mixin.py:188} INFO - [2026-06-30T08:28:00.915+0000] {dag.py:3954} INFO - Setting next_dagrun for example_short_circuit_decorator to 2026-06-29 00:00:00+00:00, run_after=2026-06-30 00:00:00+00:00
[2026-06-30T08:28:00.931+0000] {processor.py:183} INFO - Processing /home/airflow/.local/lib/python3.12/site-packages/airflow/example_dags/example_short_circuit_decorator.py took 0.073 seconds
[2026-06-30T08:28:31.357+0000] {processor.py:161} INFO - Started process (PID=22867) to work on /home/airflow/.local/lib/python3.12/site-packages/airflow/example_dags/example_short_circuit_decorator.py
[2026-06-30T08:28:31.358+0000] {processor.py:830} INFO - Processing file /home/airflow/.local/lib/python3.12/site-packages/airflow/example_dags/example_short_circuit_decorator.py for tasks to queue
[2026-06-30T08:28:31.359+0000] {logging_mixin.py:188} INFO - [2026-06-30T08:28:31.358+0000] {dagbag.py:545} INFO - Filling up the DagBag from /home/airflow/.local/lib/python3.12/site-packages/airflow/example_dags/example_short_circuit_decorator.py
[2026-06-30T08:28:31.367+0000] {processor.py:840} INFO - DAG(s) 'example_short_circuit_decorator' retrieved from /home/airflow/.local/lib/python3.12/site-packages/airflow/example_dags/example_short_circuit_decorator.py
[2026-06-30T08:28:31.382+0000] {logging_mixin.py:188} INFO - [2026-06-30T08:28:31.382+0000] {dag.py:3096} INFO - Sync 1 DAGs
[2026-06-30T08:28:31.396+0000] {logging_mixin.py:188} INFO - [2026-06-30T08:28:31.396+0000] {dag.py:3954} INFO - Setting next_dagrun for example_short_circuit_decorator to 2026-06-29 00:00:00+00:00, run_after=2026-06-30 00:00:00+00:00
[2026-06-30T08:28:31.407+0000] {processor.py:183} INFO - Processing /home/airflow/.local/lib/python3.12/site-packages/airflow/example_dags/example_short_circuit_decorator.py took 0.055 seconds
[2026-06-30T08:29:01.781+0000] {processor.py:161} INFO - Started process (PID=22925) to work on /home/airflow/.local/lib/python3.12/site-packages/airflow/example_dags/example_short_circuit_decorator.py
[2026-06-30T08:29:01.782+0000] {processor.py:830} INFO - Processing file /home/airflow/.local/lib/python3.12/site-packages/airflow/example_dags/example_short_circuit_decorator.py for tasks to queue
[2026-06-30T08:29:01.783+0000] {logging_mixin.py:188} INFO - [2026-06-30T08:29:01.783+0000] {dagbag.py:545} INFO - Filling up the DagBag from /home/airflow/.local/lib/python3.12/site-packages/airflow/example_dags/example_short_circuit_decorator.py
[2026-06-30T08:29:01.790+0000] {processor.py:840} INFO - DAG(s) 'example_short_circuit_decorator' retrieved from /home/airflow/.local/lib/python3.12/site-packages/airflow/example_dags/example_short_circuit_decorator.py
[2026-06-30T08:29:01.807+0000] {logging_mixin.py:188} INFO - [2026-06-30T08:29:01.806+0000] {dag.py:3096} INFO - Sync 1 DAGs
[2026-06-30T08:29:01.821+0000] {logging_mixin.py:188} INFO - [2026-06-30T08:29:01.821+0000] {dag.py:3954} INFO - Setting next_dagrun for example_short_circuit_decorator to 2026-06-29 00:00:00+00:00, run_after=2026-06-30 00:00:00+00:00
[2026-06-30T08:29:01.834+0000] {processor.py:183} INFO - Processing /home/airflow/.local/lib/python3.12/site-packages/airflow/example_dags/example_short_circuit_decorator.py took 0.057 seconds
[2026-06-30T08:29:32.338+0000] {processor.py:161} INFO - Started process (PID=22983) to work on /home/airflow/.local/lib/python3.12/site-packages/airflow/example_dags/example_short_circuit_decorator.py
[2026-06-30T08:29:32.339+0000] {processor.py:830} INFO - Processing file /home/airflow/.local/lib/python3.12/site-packages/airflow/example_dags/example_short_circuit_decorator.py for tasks to queue
[2026-06-30T08:29:32.340+0000] {logging_mixin.py:188} INFO - [2026-06-30T08:29:32.340+0000] {dagbag.py:545} INFO - Filling up the DagBag from /home/airflow/.local/lib/python3.12/site-packages/airflow/example_dags/example_short_circuit_decorator.py
[2026-06-30T08:29:32.349+0000] {processor.py:840} INFO - DAG(s) 'example_short_circuit_decorator' retrieved from /home/airflow/.local/lib/python3.12/site-packages/airflow/example_dags/example_short_circuit_decorator.py
[2026-06-30T08:29:32.370+0000] {logging_mixin.py:188} INFO - [2026-06-30T08:29:32.370+0000] {dag.py:3096} INFO - Sync 1 DAGs
[2026-06-30T08:29:32.389+0000] {logging_mixin.py:188} INFO - [2026-06-30T08:29:32.389+0000] {dag.py:3954} INFO - Setting next_dagrun for example_short_circuit_decorator to 2026-06-29 00:00:00+00:00, run_after=2026-06-30 00:00:00+00:00
[2026-06-30T08:29:32.404+0000] {processor.py:183} INFO - Processing /home/airflow/.local/lib/python3.12/site-packages/airflow/example_dags/example_short_circuit_decorator.py took 0.070 seconds
[2026-06-30T08:30:02.936+0000] {processor.py:161} INFO - Started process (PID=23041) to work on /home/airflow/.local/lib/python3.12/site-packages/airflow/example_dags/example_short_circuit_decorator.py
[2026-06-30T08:30:02.937+0000] {processor.py:830} INFO - Processing file /home/airflow/.local/lib/python3.12/site-packages/airflow/example_dags/example_short_circuit_decorator.py for tasks to queue
[2026-06-30T08:30:02.937+0000] {logging_mixin.py:188} INFO - [2026-06-30T08:30:02.937+0000] {dagbag.py:545} INFO - Filling up the DagBag from /home/airflow/.local/lib/python3.12/site-packages/airflow/example_dags/example_short_circuit_decorator.py
[2026-06-30T08:30:02.945+0000] {processor.py:840} INFO - DAG(s) 'example_short_circuit_decorator' retrieved from /home/airflow/.local/lib/python3.12/site-packages/airflow/example_dags/example_short_circuit_decorator.py
[2026-06-30T08:30:02.961+0000] {logging_mixin.py:188} INFO - [2026-06-30T08:30:02.961+0000] {dag.py:3096} INFO - Sync 1 DAGs
[2026-06-30T08:30:02.978+0000] {logging_mixin.py:188} INFO - [2026-06-30T08:30:02.978+0000] {dag.py:3954} INFO - Setting next_dagrun for example_short_circuit_decorator to 2026-06-29 00:00:00+00:00, run_after=2026-06-30 00:00:00+00:00
[2026-06-30T08:30:02.993+0000] {processor.py:183} INFO - Processing /home/airflow/.local/lib/python3.12/site-packages/airflow/example_dags/example_short_circuit_decorator.py took 0.061 seconds
[2026-06-30T08:30:33.490+0000] {processor.py:161} INFO - Started process (PID=23099) to work on /home/airflow/.local/lib/python3.12/site-packages/airflow/example_dags/example_short_circuit_decorator.py
[2026-06-30T08:30:33.491+0000] {processor.py:830} INFO - Processing file /home/airflow/.local/lib/python3.12/site-packages/airflow/example_dags/example_short_circuit_decorator.py for tasks to queue
[2026-06-30T08:30:33.492+0000] {logging_mixin.py:188} INFO - [2026-06-30T08:30:33.492+0000] {dagbag.py:545} INFO - Filling up the DagBag from /home/airflow/.local/lib/python3.12/site-packages/airflow/example_dags/example_short_circuit_decorator.py
[2026-06-30T08:30:33.499+0000] {processor.py:840} INFO - DAG(s) 'example_short_circuit_decorator' retrieved from /home/airflow/.local/lib/python3.12/site-packages/airflow/example_dags/example_short_circuit_decorator.py
[2026-06-30T08:30:33.513+0000] {logging_mixin.py:188} INFO - [2026-06-30T08:30:33.513+0000] {dag.py:3096} INFO - Sync 1 DAGs
[2026-06-30T08:30:33.527+0000] {logging_mixin.py:188} INFO - [2026-06-30T08:30:33.527+0000] {dag.py:3954} INFO - Setting next_dagrun for example_short_circuit_decorator to 2026-06-29 00:00:00+00:00, run_after=2026-06-30 00:00:00+00:00
[2026-06-30T08:30:33.539+0000] {processor.py:183} INFO - Processing /home/airflow/.local/lib/python3.12/site-packages/airflow/example_dags/example_short_circuit_decorator.py took 0.052 seconds
[2026-06-30T08:31:04.214+0000] {processor.py:161} INFO - Started process (PID=23157) to work on /home/airflow/.local/lib/python3.12/site-packages/airflow/example_dags/example_short_circuit_decorator.py
[2026-06-30T08:31:04.214+0000] {processor.py:830} INFO - Processing file /home/airflow/.local/lib/python3.12/site-packages/airflow/example_dags/example_short_circuit_decorator.py for tasks to queue
[2026-06-30T08:31:04.215+0000] {logging_mixin.py:188} INFO - [2026-06-30T08:31:04.215+0000] {dagbag.py:545} INFO - Filling up the DagBag from /home/airflow/.local/lib/python3.12/site-packages/airflow/example_dags/example_short_circuit_decorator.py
[2026-06-30T08:31:04.223+0000] {processor.py:840} INFO - DAG(s) 'example_short_circuit_decorator' retrieved from /home/airflow/.local/lib/python3.12/site-packages/airflow/example_dags/example_short_circuit_decorator.py
[2026-06-30T08:31:04.239+0000] {logging_mixin.py:188} INFO - [2026-06-30T08:31:04.239+0000] {dag.py:3096} INFO - Sync 1 DAGs
[2026-06-30T08:31:04.254+0000] {logging_mixin.py:188} INFO - [2026-06-30T08:31:04.254+0000] {dag.py:3954} INFO - Setting next_dagrun for example_short_circuit_decorator to 2026-06-29 00:00:00+00:00, run_after=2026-06-30 00:00:00+00:00
[2026-06-30T08:31:04.267+0000] {processor.py:183} INFO - Processing /home/airflow/.local/lib/python3.12/site-packages/airflow/example_dags/example_short_circuit_decorator.py took 0.057 seconds
[2026-06-30T08:31:35.062+0000] {processor.py:161} INFO - Started process (PID=23215) to work on /home/airflow/.local/lib/python3.12/site-packages/airflow/example_dags/example_short_circuit_decorator.py
[2026-06-30T08:31:35.063+0000] {processor.py:830} INFO - Processing file /home/airflow/.local/lib/python3.12/site-packages/airflow/example_dags/example_short_circuit_decorator.py for tasks to queue
[2026-06-30T08:31:35.064+0000] {logging_mixin.py:188} INFO - [2026-06-30T08:31:35.063+0000] {dagbag.py:545} INFO - Filling up the DagBag from /home/airflow/.local/lib/python3.12/site-packages/airflow/example_dags/example_short_circuit_decorator.py
[2026-06-30T08:31:35.070+0000] {processor.py:840} INFO - DAG(s) 'example_short_circuit_decorator' retrieved from /home/airflow/.local/lib/python3.12/site-packages/airflow/example_dags/example_short_circuit_decorator.py
[2026-06-30T08:31:35.088+0000] {logging_mixin.py:188} INFO - [2026-06-30T08:31:35.088+0000] {dag.py:3096} INFO - Sync 1 DAGs
[2026-06-30T08:31:35.103+0000] {logging_mixin.py:188} INFO - [2026-06-30T08:31:35.103+0000] {dag.py:3954} INFO - Setting next_dagrun for example_short_circuit_decorator to 2026-06-29 00:00:00+00:00, run_after=2026-06-30 00:00:00+00:00
[2026-06-30T08:31:35.116+0000] {processor.py:183} INFO - Processing /home/airflow/.local/lib/python3.12/site-packages/airflow/example_dags/example_short_circuit_decorator.py took 0.059 seconds
[2026-06-30T08:32:05.615+0000] {processor.py:161} INFO - Started process (PID=23273) to work on /home/airflow/.local/lib/python3.12/site-packages/airflow/example_dags/example_short_circuit_decorator.py
[2026-06-30T08:32:05.616+0000] {processor.py:830} INFO - Processing file /home/airflow/.local/lib/python3.12/site-packages/airflow/example_dags/example_short_circuit_decorator.py for tasks to queue
[2026-06-30T08:32:05.617+0000] {logging_mixin.py:188} INFO - [2026-06-30T08:32:05.617+0000] {dagbag.py:545} INFO - Filling up the DagBag from /home/airflow/.local/lib/python3.12/site-packages/airflow/example_dags/example_short_circuit_decorator.py
[2026-06-30T08:32:05.624+0000] {processor.py:840} INFO - DAG(s) 'example_short_circuit_decorator' retrieved from /home/airflow/.local/lib/python3.12/site-packages/airflow/example_dags/example_short_circuit_decorator.py
[2026-06-30T08:32:05.642+0000] {logging_mixin.py:188} INFO - [2026-06-30T08:32:05.641+0000] {dag.py:3096} INFO - Sync 1 DAGs
[2026-06-30T08:32:05.657+0000] {logging_mixin.py:188} INFO - [2026-06-30T08:32:05.657+0000] {dag.py:3954} INFO - Setting next_dagrun for example_short_circuit_decorator to 2026-06-29 00:00:00+00:00, run_after=2026-06-30 00:00:00+00:00
[2026-06-30T08:32:05.672+0000] {processor.py:183} INFO - Processing /home/airflow/.local/lib/python3.12/site-packages/airflow/example_dags/example_short_circuit_decorator.py took 0.061 seconds
[2026-06-30T08:32:36.444+0000] {processor.py:161} INFO - Started process (PID=23331) to work on /home/airflow/.local/lib/python3.12/site-packages/airflow/example_dags/example_short_circuit_decorator.py
[2026-06-30T08:32:36.445+0000] {processor.py:830} INFO - Processing file /home/airflow/.local/lib/python3.12/site-packages/airflow/example_dags/example_short_circuit_decorator.py for tasks to queue
[2026-06-30T08:32:36.446+0000] {logging_mixin.py:188} INFO - [2026-06-30T08:32:36.445+0000] {dagbag.py:545} INFO - Filling up the DagBag from /home/airflow/.local/lib/python3.12/site-packages/airflow/example_dags/example_short_circuit_decorator.py
[2026-06-30T08:32:36.452+0000] {processor.py:840} INFO - DAG(s) 'example_short_circuit_decorator' retrieved from /home/airflow/.local/lib/python3.12/site-packages/airflow/example_dags/example_short_circuit_decorator.py
[2026-06-30T08:32:36.467+0000] {logging_mixin.py:188} INFO - [2026-06-30T08:32:36.467+0000] {dag.py:3096} INFO - Sync 1 DAGs
[2026-06-30T08:32:36.483+0000] {logging_mixin.py:188} INFO - [2026-06-30T08:32:36.482+0000] {dag.py:3954} INFO - Setting next_dagrun for example_short_circuit_decorator to 2026-06-29 00:00:00+00:00, run_after=2026-06-30 00:00:00+00:00
[2026-06-30T08:32:36.495+0000] {processor.py:183} INFO - Processing /home/airflow/.local/lib/python3.12/site-packages/airflow/example_dags/example_short_circuit_decorator.py took 0.055 seconds
[2026-06-30T08:33:07.179+0000] {processor.py:161} INFO - Started process (PID=23389) to work on /home/airflow/.local/lib/python3.12/site-packages/airflow/example_dags/example_short_circuit_decorator.py
[2026-06-30T08:33:07.181+0000] {processor.py:830} INFO - Processing file /home/airflow/.local/lib/python3.12/site-packages/airflow/example_dags/example_short_circuit_decorator.py for tasks to queue
[2026-06-30T08:33:07.182+0000] {logging_mixin.py:188} INFO - [2026-06-30T08:33:07.181+0000] {dagbag.py:545} INFO - Filling up the DagBag from /home/airflow/.local/lib/python3.12/site-packages/airflow/example_dags/example_short_circuit_decorator.py
[2026-06-30T08:33:07.191+0000] {processor.py:840} INFO - DAG(s) 'example_short_circuit_decorator' retrieved from /home/airflow/.local/lib/python3.12/site-packages/airflow/example_dags/example_short_circuit_decorator.py
[2026-06-30T08:33:07.218+0000] {logging_mixin.py:188} INFO - [2026-06-30T08:33:07.218+0000] {dag.py:3096} INFO - Sync 1 DAGs
[2026-06-30T08:33:07.243+0000] {logging_mixin.py:188} INFO - [2026-06-30T08:33:07.243+0000] {dag.py:3954} INFO - Setting next_dagrun for example_short_circuit_decorator to 2026-06-29 00:00:00+00:00, run_after=2026-06-30 00:00:00+00:00
[2026-06-30T08:33:07.270+0000] {processor.py:183} INFO - Processing /home/airflow/.local/lib/python3.12/site-packages/airflow/example_dags/example_short_circuit_decorator.py took 0.098 seconds
[2026-06-30T08:33:38.083+0000] {processor.py:161} INFO - Started process (PID=23447) to work on /home/airflow/.local/lib/python3.12/site-packages/airflow/example_dags/example_short_circuit_decorator.py
[2026-06-30T08:33:38.084+0000] {processor.py:830} INFO - Processing file /home/airflow/.local/lib/python3.12/site-packages/airflow/example_dags/example_short_circuit_decorator.py for tasks to queue
[2026-06-30T08:33:38.085+0000] {logging_mixin.py:188} INFO - [2026-06-30T08:33:38.085+0000] {dagbag.py:545} INFO - Filling up the DagBag from /home/airflow/.local/lib/python3.12/site-packages/airflow/example_dags/example_short_circuit_decorator.py
[2026-06-30T08:33:38.092+0000] {processor.py:840} INFO - DAG(s) 'example_short_circuit_decorator' retrieved from /home/airflow/.local/lib/python3.12/site-packages/airflow/example_dags/example_short_circuit_decorator.py
[2026-06-30T08:33:38.108+0000] {logging_mixin.py:188} INFO - [2026-06-30T08:33:38.108+0000] {dag.py:3096} INFO - Sync 1 DAGs
[2026-06-30T08:33:38.124+0000] {logging_mixin.py:188} INFO - [2026-06-30T08:33:38.124+0000] {dag.py:3954} INFO - Setting next_dagrun for example_short_circuit_decorator to 2026-06-29 00:00:00+00:00, run_after=2026-06-30 00:00:00+00:00
[2026-06-30T08:33:38.136+0000] {processor.py:183} INFO - Processing /home/airflow/.local/lib/python3.12/site-packages/airflow/example_dags/example_short_circuit_decorator.py took 0.057 seconds
[2026-06-30T08:34:08.896+0000] {processor.py:161} INFO - Started process (PID=23505) to work on /home/airflow/.local/lib/python3.12/site-packages/airflow/example_dags/example_short_circuit_decorator.py
[2026-06-30T08:34:08.897+0000] {processor.py:830} INFO - Processing file /home/airflow/.local/lib/python3.12/site-packages/airflow/example_dags/example_short_circuit_decorator.py for tasks to queue
[2026-06-30T08:34:08.898+0000] {logging_mixin.py:188} INFO - [2026-06-30T08:34:08.898+0000] {dagbag.py:545} INFO - Filling up the DagBag from /home/airflow/.local/lib/python3.12/site-packages/airflow/example_dags/example_short_circuit_decorator.py
[2026-06-30T08:34:08.906+0000] {processor.py:840} INFO - DAG(s) 'example_short_circuit_decorator' retrieved from /home/airflow/.local/lib/python3.12/site-packages/airflow/example_dags/example_short_circuit_decorator.py
[2026-06-30T08:34:08.923+0000] {logging_mixin.py:188} INFO - [2026-06-30T08:34:08.923+0000] {dag.py:3096} INFO - Sync 1 DAGs
[2026-06-30T08:34:08.939+0000] {logging_mixin.py:188} INFO - [2026-06-30T08:34:08.939+0000] {dag.py:3954} INFO - Setting next_dagrun for example_short_circuit_decorator to 2026-06-29 00:00:00+00:00, run_after=2026-06-30 00:00:00+00:00
[2026-06-30T08:34:08.953+0000] {processor.py:183} INFO - Processing /home/airflow/.local/lib/python3.12/site-packages/airflow/example_dags/example_short_circuit_decorator.py took 0.062 seconds
[2026-06-30T08:34:39.707+0000] {processor.py:161} INFO - Started process (PID=23563) to work on /home/airflow/.local/lib/python3.12/site-packages/airflow/example_dags/example_short_circuit_decorator.py
[2026-06-30T08:34:39.708+0000] {processor.py:830} INFO - Processing file /home/airflow/.local/lib/python3.12/site-packages/airflow/example_dags/example_short_circuit_decorator.py for tasks to queue
[2026-06-30T08:34:39.709+0000] {logging_mixin.py:188} INFO - [2026-06-30T08:34:39.708+0000] {dagbag.py:545} INFO - Filling up the DagBag from /home/airflow/.local/lib/python3.12/site-packages/airflow/example_dags/example_short_circuit_decorator.py
[2026-06-30T08:34:39.717+0000] {processor.py:840} INFO - DAG(s) 'example_short_circuit_decorator' retrieved from /home/airflow/.local/lib/python3.12/site-packages/airflow/example_dags/example_short_circuit_decorator.py
[2026-06-30T08:34:39.738+0000] {logging_mixin.py:188} INFO - [2026-06-30T08:34:39.737+0000] {dag.py:3096} INFO - Sync 1 DAGs
[2026-06-30T08:34:39.751+0000] {logging_mixin.py:188} INFO - [2026-06-30T08:34:39.751+0000] {dag.py:3954} INFO - Setting next_dagrun for example_short_circuit_decorator to 2026-06-29 00:00:00+00:00, run_after=2026-06-30 00:00:00+00:00
[2026-06-30T08:34:39.763+0000] {processor.py:183} INFO - Processing /home/airflow/.local/lib/python3.12/site-packages/airflow/example_dags/example_short_circuit_decorator.py took 0.061 seconds
[2026-06-30T08:35:10.003+0000] {processor.py:161} INFO - Started process (PID=23621) to work on /home/airflow/.local/lib/python3.12/site-packages/airflow/example_dags/example_short_circuit_decorator.py
[2026-06-30T08:35:10.004+0000] {processor.py:830} INFO - Processing file /home/airflow/.local/lib/python3.12/site-packages/airflow/example_dags/example_short_circuit_decorator.py for tasks to queue
[2026-06-30T08:35:10.005+0000] {logging_mixin.py:188} INFO - [2026-06-30T08:35:10.005+0000] {dagbag.py:545} INFO - Filling up the DagBag from /home/airflow/.local/lib/python3.12/site-packages/airflow/example_dags/example_short_circuit_decorator.py
[2026-06-30T08:35:10.012+0000] {processor.py:840} INFO - DAG(s) 'example_short_circuit_decorator' retrieved from /home/airflow/.local/lib/python3.12/site-packages/airflow/example_dags/example_short_circuit_decorator.py
[2026-06-30T08:35:10.028+0000] {logging_mixin.py:188} INFO - [2026-06-30T08:35:10.028+0000] {dag.py:3096} INFO - Sync 1 DAGs
[2026-06-30T08:35:10.046+0000] {logging_mixin.py:188} INFO - [2026-06-30T08:35:10.046+0000] {dag.py:3954} INFO - Setting next_dagrun for example_short_circuit_decorator to 2026-06-29 00:00:00+00:00, run_after=2026-06-30 00:00:00+00:00
[2026-06-30T08:35:10.059+0000] {processor.py:183} INFO - Processing /home/airflow/.local/lib/python3.12/site-packages/airflow/example_dags/example_short_circuit_decorator.py took 0.060 seconds
[2026-06-30T08:35:40.475+0000] {processor.py:161} INFO - Started process (PID=23679) to work on /home/airflow/.local/lib/python3.12/site-packages/airflow/example_dags/example_short_circuit_decorator.py
[2026-06-30T08:35:40.476+0000] {processor.py:830} INFO - Processing file /home/airflow/.local/lib/python3.12/site-packages/airflow/example_dags/example_short_circuit_decorator.py for tasks to queue
[2026-06-30T08:35:40.477+0000] {logging_mixin.py:188} INFO - [2026-06-30T08:35:40.477+0000] {dagbag.py:545} INFO - Filling up the DagBag from /home/airflow/.local/lib/python3.12/site-packages/airflow/example_dags/example_short_circuit_decorator.py
[2026-06-30T08:35:40.484+0000] {processor.py:840} INFO - DAG(s) 'example_short_circuit_decorator' retrieved from /home/airflow/.local/lib/python3.12/site-packages/airflow/example_dags/example_short_circuit_decorator.py
[2026-06-30T08:35:40.499+0000] {logging_mixin.py:188} INFO - [2026-06-30T08:35:40.499+0000] {dag.py:3096} INFO - Sync 1 DAGs
[2026-06-30T08:35:40.512+0000] {logging_mixin.py:188} INFO - [2026-06-30T08:35:40.512+0000] {dag.py:3954} INFO - Setting next_dagrun for example_short_circuit_decorator to 2026-06-29 00:00:00+00:00, run_after=2026-06-30 00:00:00+00:00
[2026-06-30T08:35:40.524+0000] {processor.py:183} INFO - Processing /home/airflow/.local/lib/python3.12/site-packages/airflow/example_dags/example_short_circuit_decorator.py took 0.054 seconds
[2026-06-30T08:36:10.745+0000] {processor.py:161} INFO - Started process (PID=23737) to work on /home/airflow/.local/lib/python3.12/site-packages/airflow/example_dags/example_short_circuit_decorator.py
[2026-06-30T08:36:10.746+0000] {processor.py:830} INFO - Processing file /home/airflow/.local/lib/python3.12/site-packages/airflow/example_dags/example_short_circuit_decorator.py for tasks to queue
[2026-06-30T08:36:10.747+0000] {logging_mixin.py:188} INFO - [2026-06-30T08:36:10.747+0000] {dagbag.py:545} INFO - Filling up the DagBag from /home/airflow/.local/lib/python3.12/site-packages/airflow/example_dags/example_short_circuit_decorator.py
[2026-06-30T08:36:10.754+0000] {processor.py:840} INFO - DAG(s) 'example_short_circuit_decorator' retrieved from /home/airflow/.local/lib/python3.12/site-packages/airflow/example_dags/example_short_circuit_decorator.py
[2026-06-30T08:36:10.769+0000] {logging_mixin.py:188} INFO - [2026-06-30T08:36:10.769+0000] {dag.py:3096} INFO - Sync 1 DAGs
[2026-06-30T08:36:10.782+0000] {logging_mixin.py:188} INFO - [2026-06-30T08:36:10.782+0000] {dag.py:3954} INFO - Setting next_dagrun for example_short_circuit_decorator to 2026-06-29 00:00:00+00:00, run_after=2026-06-30 00:00:00+00:00
[2026-06-30T08:36:10.793+0000] {processor.py:183} INFO - Processing /home/airflow/.local/lib/python3.12/site-packages/airflow/example_dags/example_short_circuit_decorator.py took 0.052 seconds
[2026-06-30T08:36:41.320+0000] {processor.py:161} INFO - Started process (PID=23795) to work on /home/airflow/.local/lib/python3.12/site-packages/airflow/example_dags/example_short_circuit_decorator.py
[2026-06-30T08:36:41.321+0000] {processor.py:830} INFO - Processing file /home/airflow/.local/lib/python3.12/site-packages/airflow/example_dags/example_short_circuit_decorator.py for tasks to queue
[2026-06-30T08:36:41.322+0000] {logging_mixin.py:188} INFO - [2026-06-30T08:36:41.321+0000] {dagbag.py:545} INFO - Filling up the DagBag from /home/airflow/.local/lib/python3.12/site-packages/airflow/example_dags/example_short_circuit_decorator.py
[2026-06-30T08:36:41.328+0000] {processor.py:840} INFO - DAG(s) 'example_short_circuit_decorator' retrieved from /home/airflow/.local/lib/python3.12/site-packages/airflow/example_dags/example_short_circuit_decorator.py
[2026-06-30T08:36:41.343+0000] {logging_mixin.py:188} INFO - [2026-06-30T08:36:41.343+0000] {dag.py:3096} INFO - Sync 1 DAGs
[2026-06-30T08:36:41.357+0000] {logging_mixin.py:188} INFO - [2026-06-30T08:36:41.357+0000] {dag.py:3954} INFO - Setting next_dagrun for example_short_circuit_decorator to 2026-06-29 00:00:00+00:00, run_after=2026-06-30 00:00:00+00:00
[2026-06-30T08:36:41.369+0000] {processor.py:183} INFO - Processing /home/airflow/.local/lib/python3.12/site-packages/airflow/example_dags/example_short_circuit_decorator.py took 0.053 seconds
[2026-06-30T08:37:11.606+0000] {processor.py:161} INFO - Started process (PID=23854) to work on /home/airflow/.local/lib/python3.12/site-packages/airflow/example_dags/example_short_circuit_decorator.py
[2026-06-30T08:37:11.607+0000] {processor.py:830} INFO - Processing file /home/airflow/.local/lib/python3.12/site-packages/airflow/example_dags/example_short_circuit_decorator.py for tasks to queue
[2026-06-30T08:37:11.608+0000] {logging_mixin.py:188} INFO - [2026-06-30T08:37:11.608+0000] {dagbag.py:545} INFO - Filling up the DagBag from /home/airflow/.local/lib/python3.12/site-packages/airflow/example_dags/example_short_circuit_decorator.py
[2026-06-30T08:37:11.616+0000] {processor.py:840} INFO - DAG(s) 'example_short_circuit_decorator' retrieved from /home/airflow/.local/lib/python3.12/site-packages/airflow/example_dags/example_short_circuit_decorator.py
[2026-06-30T08:37:11.633+0000] {logging_mixin.py:188} INFO - [2026-06-30T08:37:11.633+0000] {dag.py:3096} INFO - Sync 1 DAGs
[2026-06-30T08:37:11.648+0000] {logging_mixin.py:188} INFO - [2026-06-30T08:37:11.648+0000] {dag.py:3954} INFO - Setting next_dagrun for example_short_circuit_decorator to 2026-06-29 00:00:00+00:00, run_after=2026-06-30 00:00:00+00:00
[2026-06-30T08:37:11.661+0000] {processor.py:183} INFO - Processing /home/airflow/.local/lib/python3.12/site-packages/airflow/example_dags/example_short_circuit_decorator.py took 0.061 seconds
[2026-06-30T08:37:41.996+0000] {processor.py:161} INFO - Started process (PID=23918) to work on /home/airflow/.local/lib/python3.12/site-packages/airflow/example_dags/example_short_circuit_decorator.py
[2026-06-30T08:37:41.996+0000] {processor.py:830} INFO - Processing file /home/airflow/.local/lib/python3.12/site-packages/airflow/example_dags/example_short_circuit_decorator.py for tasks to queue
[2026-06-30T08:37:41.997+0000] {logging_mixin.py:188} INFO - [2026-06-30T08:37:41.997+0000] {dagbag.py:545} INFO - Filling up the DagBag from /home/airflow/.local/lib/python3.12/site-packages/airflow/example_dags/example_short_circuit_decorator.py
[2026-06-30T08:37:42.004+0000] {processor.py:840} INFO - DAG(s) 'example_short_circuit_decorator' retrieved from /home/airflow/.local/lib/python3.12/site-packages/airflow/example_dags/example_short_circuit_decorator.py
[2026-06-30T08:37:42.018+0000] {logging_mixin.py:188} INFO - [2026-06-30T08:37:42.018+0000] {dag.py:3096} INFO - Sync 1 DAGs
[2026-06-30T08:37:42.032+0000] {logging_mixin.py:188} INFO - [2026-06-30T08:37:42.031+0000] {dag.py:3954} INFO - Setting next_dagrun for example_short_circuit_decorator to 2026-06-29 00:00:00+00:00, run_after=2026-06-30 00:00:00+00:00
[2026-06-30T08:37:42.043+0000] {processor.py:183} INFO - Processing /home/airflow/.local/lib/python3.12/site-packages/airflow/example_dags/example_short_circuit_decorator.py took 0.052 seconds
[2026-06-30T08:38:12.455+0000] {processor.py:161} INFO - Started process (PID=23976) to work on /home/airflow/.local/lib/python3.12/site-packages/airflow/example_dags/example_short_circuit_decorator.py
[2026-06-30T08:38:12.457+0000] {processor.py:830} INFO - Processing file /home/airflow/.local/lib/python3.12/site-packages/airflow/example_dags/example_short_circuit_decorator.py for tasks to queue
[2026-06-30T08:38:12.458+0000] {logging_mixin.py:188} INFO - [2026-06-30T08:38:12.458+0000] {dagbag.py:545} INFO - Filling up the DagBag from /home/airflow/.local/lib/python3.12/site-packages/airflow/example_dags/example_short_circuit_decorator.py
[2026-06-30T08:38:12.467+0000] {processor.py:840} INFO - DAG(s) 'example_short_circuit_decorator' retrieved from /home/airflow/.local/lib/python3.12/site-packages/airflow/example_dags/example_short_circuit_decorator.py
[2026-06-30T08:38:12.487+0000] {logging_mixin.py:188} INFO - [2026-06-30T08:38:12.487+0000] {dag.py:3096} INFO - Sync 1 DAGs
[2026-06-30T08:38:12.506+0000] {logging_mixin.py:188} INFO - [2026-06-30T08:38:12.506+0000] {dag.py:3954} INFO - Setting next_dagrun for example_short_circuit_decorator to 2026-06-29 00:00:00+00:00, run_after=2026-06-30 00:00:00+00:00
[2026-06-30T08:38:12.521+0000] {processor.py:183} INFO - Processing /home/airflow/.local/lib/python3.12/site-packages/airflow/example_dags/example_short_circuit_decorator.py took 0.071 seconds
[2026-06-30T08:38:42.961+0000] {processor.py:161} INFO - Started process (PID=24034) to work on /home/airflow/.local/lib/python3.12/site-packages/airflow/example_dags/example_short_circuit_decorator.py
[2026-06-30T08:38:42.961+0000] {processor.py:830} INFO - Processing file /home/airflow/.local/lib/python3.12/site-packages/airflow/example_dags/example_short_circuit_decorator.py for tasks to queue
[2026-06-30T08:38:42.962+0000] {logging_mixin.py:188} INFO - [2026-06-30T08:38:42.962+0000] {dagbag.py:545} INFO - Filling up the DagBag from /home/airflow/.local/lib/python3.12/site-packages/airflow/example_dags/example_short_circuit_decorator.py
[2026-06-30T08:38:42.969+0000] {processor.py:840} INFO - DAG(s) 'example_short_circuit_decorator' retrieved from /home/airflow/.local/lib/python3.12/site-packages/airflow/example_dags/example_short_circuit_decorator.py
[2026-06-30T08:38:42.985+0000] {logging_mixin.py:188} INFO - [2026-06-30T08:38:42.984+0000] {dag.py:3096} INFO - Sync 1 DAGs
[2026-06-30T08:38:42.998+0000] {logging_mixin.py:188} INFO - [2026-06-30T08:38:42.998+0000] {dag.py:3954} INFO - Setting next_dagrun for example_short_circuit_decorator to 2026-06-29 00:00:00+00:00, run_after=2026-06-30 00:00:00+00:00
[2026-06-30T08:38:43.010+0000] {processor.py:183} INFO - Processing /home/airflow/.local/lib/python3.12/site-packages/airflow/example_dags/example_short_circuit_decorator.py took 0.053 seconds
[2026-06-30T08:39:13.412+0000] {processor.py:161} INFO - Started process (PID=24092) to work on /home/airflow/.local/lib/python3.12/site-packages/airflow/example_dags/example_short_circuit_decorator.py
[2026-06-30T08:39:13.413+0000] {processor.py:830} INFO - Processing file /home/airflow/.local/lib/python3.12/site-packages/airflow/example_dags/example_short_circuit_decorator.py for tasks to queue
[2026-06-30T08:39:13.414+0000] {logging_mixin.py:188} INFO - [2026-06-30T08:39:13.414+0000] {dagbag.py:545} INFO - Filling up the DagBag from /home/airflow/.local/lib/python3.12/site-packages/airflow/example_dags/example_short_circuit_decorator.py
[2026-06-30T08:39:13.423+0000] {processor.py:840} INFO - DAG(s) 'example_short_circuit_decorator' retrieved from /home/airflow/.local/lib/python3.12/site-packages/airflow/example_dags/example_short_circuit_decorator.py
[2026-06-30T08:39:13.442+0000] {logging_mixin.py:188} INFO - [2026-06-30T08:39:13.441+0000] {dag.py:3096} INFO - Sync 1 DAGs
[2026-06-30T08:39:13.459+0000] {logging_mixin.py:188} INFO - [2026-06-30T08:39:13.459+0000] {dag.py:3954} INFO - Setting next_dagrun for example_short_circuit_decorator to 2026-06-29 00:00:00+00:00, run_after=2026-06-30 00:00:00+00:00
[2026-06-30T08:39:13.471+0000] {processor.py:183} INFO - Processing /home/airflow/.local/lib/python3.12/site-packages/airflow/example_dags/example_short_circuit_decorator.py took 0.063 seconds
[2026-06-30T08:39:44.060+0000] {processor.py:161} INFO - Started process (PID=24150) to work on /home/airflow/.local/lib/python3.12/site-packages/airflow/example_dags/example_short_circuit_decorator.py
[2026-06-30T08:39:44.060+0000] {processor.py:830} INFO - Processing file /home/airflow/.local/lib/python3.12/site-packages/airflow/example_dags/example_short_circuit_decorator.py for tasks to queue
[2026-06-30T08:39:44.061+0000] {logging_mixin.py:188} INFO - [2026-06-30T08:39:44.061+0000] {dagbag.py:545} INFO - Filling up the DagBag from /home/airflow/.local/lib/python3.12/site-packages/airflow/example_dags/example_short_circuit_decorator.py
[2026-06-30T08:39:44.068+0000] {processor.py:840} INFO - DAG(s) 'example_short_circuit_decorator' retrieved from /home/airflow/.local/lib/python3.12/site-packages/airflow/example_dags/example_short_circuit_decorator.py
[2026-06-30T08:39:44.085+0000] {logging_mixin.py:188} INFO - [2026-06-30T08:39:44.085+0000] {dag.py:3096} INFO - Sync 1 DAGs
[2026-06-30T08:39:44.100+0000] {logging_mixin.py:188} INFO - [2026-06-30T08:39:44.100+0000] {dag.py:3954} INFO - Setting next_dagrun for example_short_circuit_decorator to 2026-06-29 00:00:00+00:00, run_after=2026-06-30 00:00:00+00:00
[2026-06-30T08:39:44.113+0000] {processor.py:183} INFO - Processing /home/airflow/.local/lib/python3.12/site-packages/airflow/example_dags/example_short_circuit_decorator.py took 0.057 seconds
[2026-06-30T08:40:14.477+0000] {processor.py:161} INFO - Started process (PID=24208) to work on /home/airflow/.local/lib/python3.12/site-packages/airflow/example_dags/example_short_circuit_decorator.py
[2026-06-30T08:40:14.478+0000] {processor.py:830} INFO - Processing file /home/airflow/.local/lib/python3.12/site-packages/airflow/example_dags/example_short_circuit_decorator.py for tasks to queue
[2026-06-30T08:40:14.479+0000] {logging_mixin.py:188} INFO - [2026-06-30T08:40:14.479+0000] {dagbag.py:545} INFO - Filling up the DagBag from /home/airflow/.local/lib/python3.12/site-packages/airflow/example_dags/example_short_circuit_decorator.py
[2026-06-30T08:40:14.486+0000] {processor.py:840} INFO - DAG(s) 'example_short_circuit_decorator' retrieved from /home/airflow/.local/lib/python3.12/site-packages/airflow/example_dags/example_short_circuit_decorator.py
[2026-06-30T08:40:14.501+0000] {logging_mixin.py:188} INFO - [2026-06-30T08:40:14.501+0000] {dag.py:3096} INFO - Sync 1 DAGs
[2026-06-30T08:40:14.516+0000] {logging_mixin.py:188} INFO - [2026-06-30T08:40:14.516+0000] {dag.py:3954} INFO - Setting next_dagrun for example_short_circuit_decorator to 2026-06-29 00:00:00+00:00, run_after=2026-06-30 00:00:00+00:00
[2026-06-30T08:40:14.528+0000] {processor.py:183} INFO - Processing /home/airflow/.local/lib/python3.12/site-packages/airflow/example_dags/example_short_circuit_decorator.py took 0.055 seconds
[2026-06-30T08:40:45.130+0000] {processor.py:161} INFO - Started process (PID=24266) to work on /home/airflow/.local/lib/python3.12/site-packages/airflow/example_dags/example_short_circuit_decorator.py
[2026-06-30T08:40:45.131+0000] {processor.py:830} INFO - Processing file /home/airflow/.local/lib/python3.12/site-packages/airflow/example_dags/example_short_circuit_decorator.py for tasks to queue
[2026-06-30T08:40:45.132+0000] {logging_mixin.py:188} INFO - [2026-06-30T08:40:45.132+0000] {dagbag.py:545} INFO - Filling up the DagBag from /home/airflow/.local/lib/python3.12/site-packages/airflow/example_dags/example_short_circuit_decorator.py
[2026-06-30T08:40:45.140+0000] {processor.py:840} INFO - DAG(s) 'example_short_circuit_decorator' retrieved from /home/airflow/.local/lib/python3.12/site-packages/airflow/example_dags/example_short_circuit_decorator.py
[2026-06-30T08:40:45.158+0000] {logging_mixin.py:188} INFO - [2026-06-30T08:40:45.158+0000] {dag.py:3096} INFO - Sync 1 DAGs
[2026-06-30T08:40:45.173+0000] {logging_mixin.py:188} INFO - [2026-06-30T08:40:45.173+0000] {dag.py:3954} INFO - Setting next_dagrun for example_short_circuit_decorator to 2026-06-29 00:00:00+00:00, run_after=2026-06-30 00:00:00+00:00
[2026-06-30T08:40:45.187+0000] {processor.py:183} INFO - Processing /home/airflow/.local/lib/python3.12/site-packages/airflow/example_dags/example_short_circuit_decorator.py took 0.062 seconds
[2026-06-30T08:41:15.817+0000] {processor.py:161} INFO - Started process (PID=24324) to work on /home/airflow/.local/lib/python3.12/site-packages/airflow/example_dags/example_short_circuit_decorator.py
[2026-06-30T08:41:15.818+0000] {processor.py:830} INFO - Processing file /home/airflow/.local/lib/python3.12/site-packages/airflow/example_dags/example_short_circuit_decorator.py for tasks to queue
[2026-06-30T08:41:15.820+0000] {logging_mixin.py:188} INFO - [2026-06-30T08:41:15.820+0000] {dagbag.py:545} INFO - Filling up the DagBag from /home/airflow/.local/lib/python3.12/site-packages/airflow/example_dags/example_short_circuit_decorator.py
[2026-06-30T08:41:15.830+0000] {processor.py:840} INFO - DAG(s) 'example_short_circuit_decorator' retrieved from /home/airflow/.local/lib/python3.12/site-packages/airflow/example_dags/example_short_circuit_decorator.py
[2026-06-30T08:41:15.845+0000] {logging_mixin.py:188} INFO - [2026-06-30T08:41:15.845+0000] {dag.py:3096} INFO - Sync 1 DAGs
[2026-06-30T08:41:15.859+0000] {logging_mixin.py:188} INFO - [2026-06-30T08:41:15.859+0000] {dag.py:3954} INFO - Setting next_dagrun for example_short_circuit_decorator to 2026-06-29 00:00:00+00:00, run_after=2026-06-30 00:00:00+00:00
[2026-06-30T08:41:15.872+0000] {processor.py:183} INFO - Processing /home/airflow/.local/lib/python3.12/site-packages/airflow/example_dags/example_short_circuit_decorator.py took 0.059 seconds
[2026-06-30T08:41:46.343+0000] {processor.py:161} INFO - Started process (PID=24382) to work on /home/airflow/.local/lib/python3.12/site-packages/airflow/example_dags/example_short_circuit_decorator.py
[2026-06-30T08:41:46.344+0000] {processor.py:830} INFO - Processing file /home/airflow/.local/lib/python3.12/site-packages/airflow/example_dags/example_short_circuit_decorator.py for tasks to queue
[2026-06-30T08:41:46.345+0000] {logging_mixin.py:188} INFO - [2026-06-30T08:41:46.344+0000] {dagbag.py:545} INFO - Filling up the DagBag from /home/airflow/.local/lib/python3.12/site-packages/airflow/example_dags/example_short_circuit_decorator.py
[2026-06-30T08:41:46.351+0000] {processor.py:840} INFO - DAG(s) 'example_short_circuit_decorator' retrieved from /home/airflow/.local/lib/python3.12/site-packages/airflow/example_dags/example_short_circuit_decorator.py
[2026-06-30T08:41:46.366+0000] {logging_mixin.py:188} INFO - [2026-06-30T08:41:46.366+0000] {dag.py:3096} INFO - Sync 1 DAGs
[2026-06-30T08:41:46.380+0000] {logging_mixin.py:188} INFO - [2026-06-30T08:41:46.379+0000] {dag.py:3954} INFO - Setting next_dagrun for example_short_circuit_decorator to 2026-06-29 00:00:00+00:00, run_after=2026-06-30 00:00:00+00:00
[2026-06-30T08:41:46.391+0000] {processor.py:183} INFO - Processing /home/airflow/.local/lib/python3.12/site-packages/airflow/example_dags/example_short_circuit_decorator.py took 0.052 seconds
[2026-06-30T08:42:16.700+0000] {processor.py:161} INFO - Started process (PID=24440) to work on /home/airflow/.local/lib/python3.12/site-packages/airflow/example_dags/example_short_circuit_decorator.py
[2026-06-30T08:42:16.700+0000] {processor.py:830} INFO - Processing file /home/airflow/.local/lib/python3.12/site-packages/airflow/example_dags/example_short_circuit_decorator.py for tasks to queue
[2026-06-30T08:42:16.701+0000] {logging_mixin.py:188} INFO - [2026-06-30T08:42:16.701+0000] {dagbag.py:545} INFO - Filling up the DagBag from /home/airflow/.local/lib/python3.12/site-packages/airflow/example_dags/example_short_circuit_decorator.py
[2026-06-30T08:42:16.708+0000] {processor.py:840} INFO - DAG(s) 'example_short_circuit_decorator' retrieved from /home/airflow/.local/lib/python3.12/site-packages/airflow/example_dags/example_short_circuit_decorator.py
[2026-06-30T08:42:16.724+0000] {logging_mixin.py:188} INFO - [2026-06-30T08:42:16.724+0000] {dag.py:3096} INFO - Sync 1 DAGs
[2026-06-30T08:42:16.738+0000] {logging_mixin.py:188} INFO - [2026-06-30T08:42:16.738+0000] {dag.py:3954} INFO - Setting next_dagrun for example_short_circuit_decorator to 2026-06-29 00:00:00+00:00, run_after=2026-06-30 00:00:00+00:00
[2026-06-30T08:42:16.750+0000] {processor.py:183} INFO - Processing /home/airflow/.local/lib/python3.12/site-packages/airflow/example_dags/example_short_circuit_decorator.py took 0.055 seconds
[2026-06-30T08:42:47.235+0000] {processor.py:161} INFO - Started process (PID=24498) to work on /home/airflow/.local/lib/python3.12/site-packages/airflow/example_dags/example_short_circuit_decorator.py
[2026-06-30T08:42:47.236+0000] {processor.py:830} INFO - Processing file /home/airflow/.local/lib/python3.12/site-packages/airflow/example_dags/example_short_circuit_decorator.py for tasks to queue
[2026-06-30T08:42:47.237+0000] {logging_mixin.py:188} INFO - [2026-06-30T08:42:47.237+0000] {dagbag.py:545} INFO - Filling up the DagBag from /home/airflow/.local/lib/python3.12/site-packages/airflow/example_dags/example_short_circuit_decorator.py
[2026-06-30T08:42:47.246+0000] {processor.py:840} INFO - DAG(s) 'example_short_circuit_decorator' retrieved from /home/airflow/.local/lib/python3.12/site-packages/airflow/example_dags/example_short_circuit_decorator.py
[2026-06-30T08:42:47.264+0000] {logging_mixin.py:188} INFO - [2026-06-30T08:42:47.264+0000] {dag.py:3096} INFO - Sync 1 DAGs
[2026-06-30T08:42:47.282+0000] {logging_mixin.py:188} INFO - [2026-06-30T08:42:47.282+0000] {dag.py:3954} INFO - Setting next_dagrun for example_short_circuit_decorator to 2026-06-29 00:00:00+00:00, run_after=2026-06-30 00:00:00+00:00
[2026-06-30T08:42:47.297+0000] {processor.py:183} INFO - Processing /home/airflow/.local/lib/python3.12/site-packages/airflow/example_dags/example_short_circuit_decorator.py took 0.067 seconds
[2026-06-30T08:43:17.483+0000] {processor.py:161} INFO - Started process (PID=24557) to work on /home/airflow/.local/lib/python3.12/site-packages/airflow/example_dags/example_short_circuit_decorator.py
[2026-06-30T08:43:17.484+0000] {processor.py:830} INFO - Processing file /home/airflow/.local/lib/python3.12/site-packages/airflow/example_dags/example_short_circuit_decorator.py for tasks to queue
[2026-06-30T08:43:17.485+0000] {logging_mixin.py:188} INFO - [2026-06-30T08:43:17.485+0000] {dagbag.py:545} INFO - Filling up the DagBag from /home/airflow/.local/lib/python3.12/site-packages/airflow/example_dags/example_short_circuit_decorator.py
[2026-06-30T08:43:17.495+0000] {processor.py:840} INFO - DAG(s) 'example_short_circuit_decorator' retrieved from /home/airflow/.local/lib/python3.12/site-packages/airflow/example_dags/example_short_circuit_decorator.py
[2026-06-30T08:43:17.518+0000] {logging_mixin.py:188} INFO - [2026-06-30T08:43:17.518+0000] {dag.py:3096} INFO - Sync 1 DAGs
[2026-06-30T08:43:17.538+0000] {logging_mixin.py:188} INFO - [2026-06-30T08:43:17.538+0000] {dag.py:3954} INFO - Setting next_dagrun for example_short_circuit_decorator to 2026-06-29 00:00:00+00:00, run_after=2026-06-30 00:00:00+00:00
[2026-06-30T08:43:17.560+0000] {processor.py:183} INFO - Processing /home/airflow/.local/lib/python3.12/site-packages/airflow/example_dags/example_short_circuit_decorator.py took 0.084 seconds
[2026-06-30T08:43:47.972+0000] {processor.py:161} INFO - Started process (PID=24614) to work on /home/airflow/.local/lib/python3.12/site-packages/airflow/example_dags/example_short_circuit_decorator.py
[2026-06-30T08:43:47.973+0000] {processor.py:830} INFO - Processing file /home/airflow/.local/lib/python3.12/site-packages/airflow/example_dags/example_short_circuit_decorator.py for tasks to queue
[2026-06-30T08:43:47.974+0000] {logging_mixin.py:188} INFO - [2026-06-30T08:43:47.974+0000] {dagbag.py:545} INFO - Filling up the DagBag from /home/airflow/.local/lib/python3.12/site-packages/airflow/example_dags/example_short_circuit_decorator.py
[2026-06-30T08:43:47.981+0000] {processor.py:840} INFO - DAG(s) 'example_short_circuit_decorator' retrieved from /home/airflow/.local/lib/python3.12/site-packages/airflow/example_dags/example_short_circuit_decorator.py
[2026-06-30T08:43:47.998+0000] {logging_mixin.py:188} INFO - [2026-06-30T08:43:47.998+0000] {dag.py:3096} INFO - Sync 1 DAGs
[2026-06-30T08:43:48.014+0000] {logging_mixin.py:188} INFO - [2026-06-30T08:43:48.013+0000] {dag.py:3954} INFO - Setting next_dagrun for example_short_circuit_decorator to 2026-06-29 00:00:00+00:00, run_after=2026-06-30 00:00:00+00:00
[2026-06-30T08:43:48.031+0000] {processor.py:183} INFO - Processing /home/airflow/.local/lib/python3.12/site-packages/airflow/example_dags/example_short_circuit_decorator.py took 0.064 seconds
[2026-06-30T08:44:18.322+0000] {processor.py:161} INFO - Started process (PID=24672) to work on /home/airflow/.local/lib/python3.12/site-packages/airflow/example_dags/example_short_circuit_decorator.py
[2026-06-30T08:44:18.325+0000] {processor.py:830} INFO - Processing file /home/airflow/.local/lib/python3.12/site-packages/airflow/example_dags/example_short_circuit_decorator.py for tasks to queue
[2026-06-30T08:44:18.326+0000] {logging_mixin.py:188} INFO - [2026-06-30T08:44:18.326+0000] {dagbag.py:545} INFO - Filling up the DagBag from /home/airflow/.local/lib/python3.12/site-packages/airflow/example_dags/example_short_circuit_decorator.py
[2026-06-30T08:44:18.335+0000] {processor.py:840} INFO - DAG(s) 'example_short_circuit_decorator' retrieved from /home/airflow/.local/lib/python3.12/site-packages/airflow/example_dags/example_short_circuit_decorator.py
[2026-06-30T08:44:18.360+0000] {logging_mixin.py:188} INFO - [2026-06-30T08:44:18.360+0000] {dag.py:3096} INFO - Sync 1 DAGs
[2026-06-30T08:44:18.385+0000] {logging_mixin.py:188} INFO - [2026-06-30T08:44:18.385+0000] {dag.py:3954} INFO - Setting next_dagrun for example_short_circuit_decorator to 2026-06-29 00:00:00+00:00, run_after=2026-06-30 00:00:00+00:00
[2026-06-30T08:44:18.402+0000] {processor.py:183} INFO - Processing /home/airflow/.local/lib/python3.12/site-packages/airflow/example_dags/example_short_circuit_decorator.py took 0.087 seconds
[2026-06-30T08:44:48.769+0000] {processor.py:161} INFO - Started process (PID=24730) to work on /home/airflow/.local/lib/python3.12/site-packages/airflow/example_dags/example_short_circuit_decorator.py
[2026-06-30T08:44:48.770+0000] {processor.py:830} INFO - Processing file /home/airflow/.local/lib/python3.12/site-packages/airflow/example_dags/example_short_circuit_decorator.py for tasks to queue
[2026-06-30T08:44:48.771+0000] {logging_mixin.py:188} INFO - [2026-06-30T08:44:48.771+0000] {dagbag.py:545} INFO - Filling up the DagBag from /home/airflow/.local/lib/python3.12/site-packages/airflow/example_dags/example_short_circuit_decorator.py
[2026-06-30T08:44:48.778+0000] {processor.py:840} INFO - DAG(s) 'example_short_circuit_decorator' retrieved from /home/airflow/.local/lib/python3.12/site-packages/airflow/example_dags/example_short_circuit_decorator.py
[2026-06-30T08:44:48.793+0000] {logging_mixin.py:188} INFO - [2026-06-30T08:44:48.793+0000] {dag.py:3096} INFO - Sync 1 DAGs
[2026-06-30T08:44:48.807+0000] {logging_mixin.py:188} INFO - [2026-06-30T08:44:48.807+0000] {dag.py:3954} INFO - Setting next_dagrun for example_short_circuit_decorator to 2026-06-29 00:00:00+00:00, run_after=2026-06-30 00:00:00+00:00
[2026-06-30T08:44:48.819+0000] {processor.py:183} INFO - Processing /home/airflow/.local/lib/python3.12/site-packages/airflow/example_dags/example_short_circuit_decorator.py took 0.055 seconds
[2026-06-30T08:45:19.180+0000] {processor.py:161} INFO - Started process (PID=24788) to work on /home/airflow/.local/lib/python3.12/site-packages/airflow/example_dags/example_short_circuit_decorator.py
[2026-06-30T08:45:19.181+0000] {processor.py:830} INFO - Processing file /home/airflow/.local/lib/python3.12/site-packages/airflow/example_dags/example_short_circuit_decorator.py for tasks to queue
[2026-06-30T08:45:19.182+0000] {logging_mixin.py:188} INFO - [2026-06-30T08:45:19.182+0000] {dagbag.py:545} INFO - Filling up the DagBag from /home/airflow/.local/lib/python3.12/site-packages/airflow/example_dags/example_short_circuit_decorator.py
[2026-06-30T08:45:19.191+0000] {processor.py:840} INFO - DAG(s) 'example_short_circuit_decorator' retrieved from /home/airflow/.local/lib/python3.12/site-packages/airflow/example_dags/example_short_circuit_decorator.py
[2026-06-30T08:45:19.209+0000] {logging_mixin.py:188} INFO - [2026-06-30T08:45:19.209+0000] {dag.py:3096} INFO - Sync 1 DAGs
[2026-06-30T08:45:19.227+0000] {logging_mixin.py:188} INFO - [2026-06-30T08:45:19.227+0000] {dag.py:3954} INFO - Setting next_dagrun for example_short_circuit_decorator to 2026-06-29 00:00:00+00:00, run_after=2026-06-30 00:00:00+00:00
[2026-06-30T08:45:19.244+0000] {processor.py:183} INFO - Processing /home/airflow/.local/lib/python3.12/site-packages/airflow/example_dags/example_short_circuit_decorator.py took 0.069 seconds
[2026-06-30T08:45:49.897+0000] {processor.py:161} INFO - Started process (PID=24846) to work on /home/airflow/.local/lib/python3.12/site-packages/airflow/example_dags/example_short_circuit_decorator.py
[2026-06-30T08:45:49.898+0000] {processor.py:830} INFO - Processing file /home/airflow/.local/lib/python3.12/site-packages/airflow/example_dags/example_short_circuit_decorator.py for tasks to queue
[2026-06-30T08:45:49.899+0000] {logging_mixin.py:188} INFO - [2026-06-30T08:45:49.899+0000] {dagbag.py:545} INFO - Filling up the DagBag from /home/airflow/.local/lib/python3.12/site-packages/airflow/example_dags/example_short_circuit_decorator.py
[2026-06-30T08:45:49.908+0000] {processor.py:840} INFO - DAG(s) 'example_short_circuit_decorator' retrieved from /home/airflow/.local/lib/python3.12/site-packages/airflow/example_dags/example_short_circuit_decorator.py
[2026-06-30T08:45:49.928+0000] {logging_mixin.py:188} INFO - [2026-06-30T08:45:49.928+0000] {dag.py:3096} INFO - Sync 1 DAGs
[2026-06-30T08:45:49.947+0000] {logging_mixin.py:188} INFO - [2026-06-30T08:45:49.947+0000] {dag.py:3954} INFO - Setting next_dagrun for example_short_circuit_decorator to 2026-06-29 00:00:00+00:00, run_after=2026-06-30 00:00:00+00:00
[2026-06-30T08:45:49.964+0000] {processor.py:183} INFO - Processing /home/airflow/.local/lib/python3.12/site-packages/airflow/example_dags/example_short_circuit_decorator.py took 0.072 seconds
[2026-06-30T08:46:20.521+0000] {processor.py:161} INFO - Started process (PID=24904) to work on /home/airflow/.local/lib/python3.12/site-packages/airflow/example_dags/example_short_circuit_decorator.py
[2026-06-30T08:46:20.522+0000] {processor.py:830} INFO - Processing file /home/airflow/.local/lib/python3.12/site-packages/airflow/example_dags/example_short_circuit_decorator.py for tasks to queue
[2026-06-30T08:46:20.523+0000] {logging_mixin.py:188} INFO - [2026-06-30T08:46:20.523+0000] {dagbag.py:545} INFO - Filling up the DagBag from /home/airflow/.local/lib/python3.12/site-packages/airflow/example_dags/example_short_circuit_decorator.py
[2026-06-30T08:46:20.531+0000] {processor.py:840} INFO - DAG(s) 'example_short_circuit_decorator' retrieved from /home/airflow/.local/lib/python3.12/site-packages/airflow/example_dags/example_short_circuit_decorator.py
[2026-06-30T08:46:20.553+0000] {logging_mixin.py:188} INFO - [2026-06-30T08:46:20.553+0000] {dag.py:3096} INFO - Sync 1 DAGs
[2026-06-30T08:46:20.573+0000] {logging_mixin.py:188} INFO - [2026-06-30T08:46:20.573+0000] {dag.py:3954} INFO - Setting next_dagrun for example_short_circuit_decorator to 2026-06-29 00:00:00+00:00, run_after=2026-06-30 00:00:00+00:00
[2026-06-30T08:46:20.591+0000] {processor.py:183} INFO - Processing /home/airflow/.local/lib/python3.12/site-packages/airflow/example_dags/example_short_circuit_decorator.py took 0.074 seconds
[2026-06-30T08:46:51.221+0000] {processor.py:161} INFO - Started process (PID=24962) to work on /home/airflow/.local/lib/python3.12/site-packages/airflow/example_dags/example_short_circuit_decorator.py
[2026-06-30T08:46:51.222+0000] {processor.py:830} INFO - Processing file /home/airflow/.local/lib/python3.12/site-packages/airflow/example_dags/example_short_circuit_decorator.py for tasks to queue
[2026-06-30T08:46:51.223+0000] {logging_mixin.py:188} INFO - [2026-06-30T08:46:51.223+0000] {dagbag.py:545} INFO - Filling up the DagBag from /home/airflow/.local/lib/python3.12/site-packages/airflow/example_dags/example_short_circuit_decorator.py
[2026-06-30T08:46:51.231+0000] {processor.py:840} INFO - DAG(s) 'example_short_circuit_decorator' retrieved from /home/airflow/.local/lib/python3.12/site-packages/airflow/example_dags/example_short_circuit_decorator.py
[2026-06-30T08:46:51.247+0000] {logging_mixin.py:188} INFO - [2026-06-30T08:46:51.247+0000] {dag.py:3096} INFO - Sync 1 DAGs
[2026-06-30T08:46:51.262+0000] {logging_mixin.py:188} INFO - [2026-06-30T08:46:51.261+0000] {dag.py:3954} INFO - Setting next_dagrun for example_short_circuit_decorator to 2026-06-29 00:00:00+00:00, run_after=2026-06-30 00:00:00+00:00
[2026-06-30T08:46:51.279+0000] {processor.py:183} INFO - Processing /home/airflow/.local/lib/python3.12/site-packages/airflow/example_dags/example_short_circuit_decorator.py took 0.062 seconds
[2026-06-30T08:47:21.649+0000] {processor.py:161} INFO - Started process (PID=25020) to work on /home/airflow/.local/lib/python3.12/site-packages/airflow/example_dags/example_short_circuit_decorator.py
[2026-06-30T08:47:21.650+0000] {processor.py:830} INFO - Processing file /home/airflow/.local/lib/python3.12/site-packages/airflow/example_dags/example_short_circuit_decorator.py for tasks to queue
[2026-06-30T08:47:21.650+0000] {logging_mixin.py:188} INFO - [2026-06-30T08:47:21.650+0000] {dagbag.py:545} INFO - Filling up the DagBag from /home/airflow/.local/lib/python3.12/site-packages/airflow/example_dags/example_short_circuit_decorator.py
[2026-06-30T08:47:21.658+0000] {processor.py:840} INFO - DAG(s) 'example_short_circuit_decorator' retrieved from /home/airflow/.local/lib/python3.12/site-packages/airflow/example_dags/example_short_circuit_decorator.py
[2026-06-30T08:47:21.676+0000] {logging_mixin.py:188} INFO - [2026-06-30T08:47:21.675+0000] {dag.py:3096} INFO - Sync 1 DAGs
[2026-06-30T08:47:21.691+0000] {logging_mixin.py:188} INFO - [2026-06-30T08:47:21.691+0000] {dag.py:3954} INFO - Setting next_dagrun for example_short_circuit_decorator to 2026-06-29 00:00:00+00:00, run_after=2026-06-30 00:00:00+00:00
[2026-06-30T08:47:21.704+0000] {processor.py:183} INFO - Processing /home/airflow/.local/lib/python3.12/site-packages/airflow/example_dags/example_short_circuit_decorator.py took 0.060 seconds
[2026-06-30T08:47:52.179+0000] {processor.py:161} INFO - Started process (PID=25078) to work on /home/airflow/.local/lib/python3.12/site-packages/airflow/example_dags/example_short_circuit_decorator.py
[2026-06-30T08:47:52.180+0000] {processor.py:830} INFO - Processing file /home/airflow/.local/lib/python3.12/site-packages/airflow/example_dags/example_short_circuit_decorator.py for tasks to queue
[2026-06-30T08:47:52.182+0000] {logging_mixin.py:188} INFO - [2026-06-30T08:47:52.182+0000] {dagbag.py:545} INFO - Filling up the DagBag from /home/airflow/.local/lib/python3.12/site-packages/airflow/example_dags/example_short_circuit_decorator.py
[2026-06-30T08:47:52.191+0000] {processor.py:840} INFO - DAG(s) 'example_short_circuit_decorator' retrieved from /home/airflow/.local/lib/python3.12/site-packages/airflow/example_dags/example_short_circuit_decorator.py
[2026-06-30T08:47:52.208+0000] {logging_mixin.py:188} INFO - [2026-06-30T08:47:52.207+0000] {dag.py:3096} INFO - Sync 1 DAGs
[2026-06-30T08:47:52.222+0000] {logging_mixin.py:188} INFO - [2026-06-30T08:47:52.222+0000] {dag.py:3954} INFO - Setting next_dagrun for example_short_circuit_decorator to 2026-06-29 00:00:00+00:00, run_after=2026-06-30 00:00:00+00:00
[2026-06-30T08:47:52.234+0000] {processor.py:183} INFO - Processing /home/airflow/.local/lib/python3.12/site-packages/airflow/example_dags/example_short_circuit_decorator.py took 0.060 seconds
[2026-06-30T08:48:22.802+0000] {processor.py:161} INFO - Started process (PID=25136) to work on /home/airflow/.local/lib/python3.12/site-packages/airflow/example_dags/example_short_circuit_decorator.py
[2026-06-30T08:48:22.803+0000] {processor.py:830} INFO - Processing file /home/airflow/.local/lib/python3.12/site-packages/airflow/example_dags/example_short_circuit_decorator.py for tasks to queue
[2026-06-30T08:48:22.804+0000] {logging_mixin.py:188} INFO - [2026-06-30T08:48:22.804+0000] {dagbag.py:545} INFO - Filling up the DagBag from /home/airflow/.local/lib/python3.12/site-packages/airflow/example_dags/example_short_circuit_decorator.py
[2026-06-30T08:48:22.812+0000] {processor.py:840} INFO - DAG(s) 'example_short_circuit_decorator' retrieved from /home/airflow/.local/lib/python3.12/site-packages/airflow/example_dags/example_short_circuit_decorator.py
[2026-06-30T08:48:22.831+0000] {logging_mixin.py:188} INFO - [2026-06-30T08:48:22.830+0000] {dag.py:3096} INFO - Sync 1 DAGs
[2026-06-30T08:48:22.847+0000] {logging_mixin.py:188} INFO - [2026-06-30T08:48:22.847+0000] {dag.py:3954} INFO - Setting next_dagrun for example_short_circuit_decorator to 2026-06-29 00:00:00+00:00, run_after=2026-06-30 00:00:00+00:00
[2026-06-30T08:48:22.861+0000] {processor.py:183} INFO - Processing /home/airflow/.local/lib/python3.12/site-packages/airflow/example_dags/example_short_circuit_decorator.py took 0.064 seconds
[2026-06-30T08:48:53.293+0000] {processor.py:161} INFO - Started process (PID=25194) to work on /home/airflow/.local/lib/python3.12/site-packages/airflow/example_dags/example_short_circuit_decorator.py
[2026-06-30T08:48:53.294+0000] {processor.py:830} INFO - Processing file /home/airflow/.local/lib/python3.12/site-packages/airflow/example_dags/example_short_circuit_decorator.py for tasks to queue
[2026-06-30T08:48:53.295+0000] {logging_mixin.py:188} INFO - [2026-06-30T08:48:53.295+0000] {dagbag.py:545} INFO - Filling up the DagBag from /home/airflow/.local/lib/python3.12/site-packages/airflow/example_dags/example_short_circuit_decorator.py
[2026-06-30T08:48:53.303+0000] {processor.py:840} INFO - DAG(s) 'example_short_circuit_decorator' retrieved from /home/airflow/.local/lib/python3.12/site-packages/airflow/example_dags/example_short_circuit_decorator.py
[2026-06-30T08:48:53.320+0000] {logging_mixin.py:188} INFO - [2026-06-30T08:48:53.320+0000] {dag.py:3096} INFO - Sync 1 DAGs
[2026-06-30T08:48:53.338+0000] {logging_mixin.py:188} INFO - [2026-06-30T08:48:53.338+0000] {dag.py:3954} INFO - Setting next_dagrun for example_short_circuit_decorator to 2026-06-29 00:00:00+00:00, run_after=2026-06-30 00:00:00+00:00
[2026-06-30T08:48:53.353+0000] {processor.py:183} INFO - Processing /home/airflow/.local/lib/python3.12/site-packages/airflow/example_dags/example_short_circuit_decorator.py took 0.064 seconds
[2026-06-30T08:49:23.804+0000] {processor.py:161} INFO - Started process (PID=25252) to work on /home/airflow/.local/lib/python3.12/site-packages/airflow/example_dags/example_short_circuit_decorator.py
[2026-06-30T08:49:23.806+0000] {processor.py:830} INFO - Processing file /home/airflow/.local/lib/python3.12/site-packages/airflow/example_dags/example_short_circuit_decorator.py for tasks to queue
[2026-06-30T08:49:23.809+0000] {logging_mixin.py:188} INFO - [2026-06-30T08:49:23.808+0000] {dagbag.py:545} INFO - Filling up the DagBag from /home/airflow/.local/lib/python3.12/site-packages/airflow/example_dags/example_short_circuit_decorator.py
[2026-06-30T08:49:23.820+0000] {processor.py:840} INFO - DAG(s) 'example_short_circuit_decorator' retrieved from /home/airflow/.local/lib/python3.12/site-packages/airflow/example_dags/example_short_circuit_decorator.py
[2026-06-30T08:49:23.843+0000] {logging_mixin.py:188} INFO - [2026-06-30T08:49:23.843+0000] {dag.py:3096} INFO - Sync 1 DAGs
[2026-06-30T08:49:23.865+0000] {logging_mixin.py:188} INFO - [2026-06-30T08:49:23.865+0000] {dag.py:3954} INFO - Setting next_dagrun for example_short_circuit_decorator to 2026-06-29 00:00:00+00:00, run_after=2026-06-30 00:00:00+00:00
[2026-06-30T08:49:23.882+0000] {processor.py:183} INFO - Processing /home/airflow/.local/lib/python3.12/site-packages/airflow/example_dags/example_short_circuit_decorator.py took 0.086 seconds
[2026-06-30T08:49:54.513+0000] {processor.py:161} INFO - Started process (PID=25309) to work on /home/airflow/.local/lib/python3.12/site-packages/airflow/example_dags/example_short_circuit_decorator.py
[2026-06-30T08:49:54.514+0000] {processor.py:830} INFO - Processing file /home/airflow/.local/lib/python3.12/site-packages/airflow/example_dags/example_short_circuit_decorator.py for tasks to queue
[2026-06-30T08:49:54.517+0000] {logging_mixin.py:188} INFO - [2026-06-30T08:49:54.516+0000] {dagbag.py:545} INFO - Filling up the DagBag from /home/airflow/.local/lib/python3.12/site-packages/airflow/example_dags/example_short_circuit_decorator.py
[2026-06-30T08:49:54.530+0000] {processor.py:840} INFO - DAG(s) 'example_short_circuit_decorator' retrieved from /home/airflow/.local/lib/python3.12/site-packages/airflow/example_dags/example_short_circuit_decorator.py
[2026-06-30T08:49:54.553+0000] {logging_mixin.py:188} INFO - [2026-06-30T08:49:54.552+0000] {dag.py:3096} INFO - Sync 1 DAGs
[2026-06-30T08:49:54.574+0000] {logging_mixin.py:188} INFO - [2026-06-30T08:49:54.574+0000] {dag.py:3954} INFO - Setting next_dagrun for example_short_circuit_decorator to 2026-06-29 00:00:00+00:00, run_after=2026-06-30 00:00:00+00:00
[2026-06-30T08:49:54.587+0000] {processor.py:183} INFO - Processing /home/airflow/.local/lib/python3.12/site-packages/airflow/example_dags/example_short_circuit_decorator.py took 0.081 seconds
[2026-06-30T08:50:24.998+0000] {processor.py:161} INFO - Started process (PID=25367) to work on /home/airflow/.local/lib/python3.12/site-packages/airflow/example_dags/example_short_circuit_decorator.py
[2026-06-30T08:50:24.999+0000] {processor.py:830} INFO - Processing file /home/airflow/.local/lib/python3.12/site-packages/airflow/example_dags/example_short_circuit_decorator.py for tasks to queue
[2026-06-30T08:50:25.000+0000] {logging_mixin.py:188} INFO - [2026-06-30T08:50:25.000+0000] {dagbag.py:545} INFO - Filling up the DagBag from /home/airflow/.local/lib/python3.12/site-packages/airflow/example_dags/example_short_circuit_decorator.py
[2026-06-30T08:50:25.007+0000] {processor.py:840} INFO - DAG(s) 'example_short_circuit_decorator' retrieved from /home/airflow/.local/lib/python3.12/site-packages/airflow/example_dags/example_short_circuit_decorator.py
[2026-06-30T08:50:25.022+0000] {logging_mixin.py:188} INFO - [2026-06-30T08:50:25.022+0000] {dag.py:3096} INFO - Sync 1 DAGs
[2026-06-30T08:50:25.037+0000] {logging_mixin.py:188} INFO - [2026-06-30T08:50:25.037+0000] {dag.py:3954} INFO - Setting next_dagrun for example_short_circuit_decorator to 2026-06-29 00:00:00+00:00, run_after=2026-06-30 00:00:00+00:00
[2026-06-30T08:50:25.050+0000] {processor.py:183} INFO - Processing /home/airflow/.local/lib/python3.12/site-packages/airflow/example_dags/example_short_circuit_decorator.py took 0.056 seconds
[2026-06-30T08:50:55.394+0000] {processor.py:161} INFO - Started process (PID=25425) to work on /home/airflow/.local/lib/python3.12/site-packages/airflow/example_dags/example_short_circuit_decorator.py
[2026-06-30T08:50:55.395+0000] {processor.py:830} INFO - Processing file /home/airflow/.local/lib/python3.12/site-packages/airflow/example_dags/example_short_circuit_decorator.py for tasks to queue
[2026-06-30T08:50:55.396+0000] {logging_mixin.py:188} INFO - [2026-06-30T08:50:55.396+0000] {dagbag.py:545} INFO - Filling up the DagBag from /home/airflow/.local/lib/python3.12/site-packages/airflow/example_dags/example_short_circuit_decorator.py
[2026-06-30T08:50:55.404+0000] {processor.py:840} INFO - DAG(s) 'example_short_circuit_decorator' retrieved from /home/airflow/.local/lib/python3.12/site-packages/airflow/example_dags/example_short_circuit_decorator.py
[2026-06-30T08:50:55.421+0000] {logging_mixin.py:188} INFO - [2026-06-30T08:50:55.421+0000] {dag.py:3096} INFO - Sync 1 DAGs
[2026-06-30T08:50:55.436+0000] {logging_mixin.py:188} INFO - [2026-06-30T08:50:55.436+0000] {dag.py:3954} INFO - Setting next_dagrun for example_short_circuit_decorator to 2026-06-29 00:00:00+00:00, run_after=2026-06-30 00:00:00+00:00
[2026-06-30T08:50:55.449+0000] {processor.py:183} INFO - Processing /home/airflow/.local/lib/python3.12/site-packages/airflow/example_dags/example_short_circuit_decorator.py took 0.060 seconds
[2026-06-30T08:51:26.154+0000] {processor.py:161} INFO - Started process (PID=25483) to work on /home/airflow/.local/lib/python3.12/site-packages/airflow/example_dags/example_short_circuit_decorator.py
[2026-06-30T08:51:26.155+0000] {processor.py:830} INFO - Processing file /home/airflow/.local/lib/python3.12/site-packages/airflow/example_dags/example_short_circuit_decorator.py for tasks to queue
[2026-06-30T08:51:26.156+0000] {logging_mixin.py:188} INFO - [2026-06-30T08:51:26.155+0000] {dagbag.py:545} INFO - Filling up the DagBag from /home/airflow/.local/lib/python3.12/site-packages/airflow/example_dags/example_short_circuit_decorator.py
[2026-06-30T08:51:26.163+0000] {processor.py:840} INFO - DAG(s) 'example_short_circuit_decorator' retrieved from /home/airflow/.local/lib/python3.12/site-packages/airflow/example_dags/example_short_circuit_decorator.py
[2026-06-30T08:51:26.180+0000] {logging_mixin.py:188} INFO - [2026-06-30T08:51:26.179+0000] {dag.py:3096} INFO - Sync 1 DAGs
[2026-06-30T08:51:26.196+0000] {logging_mixin.py:188} INFO - [2026-06-30T08:51:26.195+0000] {dag.py:3954} INFO - Setting next_dagrun for example_short_circuit_decorator to 2026-06-29 00:00:00+00:00, run_after=2026-06-30 00:00:00+00:00
[2026-06-30T08:51:26.209+0000] {processor.py:183} INFO - Processing /home/airflow/.local/lib/python3.12/site-packages/airflow/example_dags/example_short_circuit_decorator.py took 0.060 seconds
[2026-06-30T08:51:56.616+0000] {processor.py:161} INFO - Started process (PID=25540) to work on /home/airflow/.local/lib/python3.12/site-packages/airflow/example_dags/example_short_circuit_decorator.py
[2026-06-30T08:51:56.617+0000] {processor.py:830} INFO - Processing file /home/airflow/.local/lib/python3.12/site-packages/airflow/example_dags/example_short_circuit_decorator.py for tasks to queue
[2026-06-30T08:51:56.617+0000] {logging_mixin.py:188} INFO - [2026-06-30T08:51:56.617+0000] {dagbag.py:545} INFO - Filling up the DagBag from /home/airflow/.local/lib/python3.12/site-packages/airflow/example_dags/example_short_circuit_decorator.py
[2026-06-30T08:51:56.624+0000] {processor.py:840} INFO - DAG(s) 'example_short_circuit_decorator' retrieved from /home/airflow/.local/lib/python3.12/site-packages/airflow/example_dags/example_short_circuit_decorator.py
[2026-06-30T08:51:56.641+0000] {logging_mixin.py:188} INFO - [2026-06-30T08:51:56.640+0000] {dag.py:3096} INFO - Sync 1 DAGs
[2026-06-30T08:51:56.765+0000] {logging_mixin.py:188} INFO - [2026-06-30T08:51:56.765+0000] {dag.py:3954} INFO - Setting next_dagrun for example_short_circuit_decorator to 2026-06-29 00:00:00+00:00, run_after=2026-06-30 00:00:00+00:00
[2026-06-30T08:51:56.776+0000] {processor.py:183} INFO - Processing /home/airflow/.local/lib/python3.12/site-packages/airflow/example_dags/example_short_circuit_decorator.py took 0.165 seconds
[2026-06-30T08:52:26.853+0000] {processor.py:161} INFO - Started process (PID=25598) to work on /home/airflow/.local/lib/python3.12/site-packages/airflow/example_dags/example_short_circuit_decorator.py
[2026-06-30T08:52:26.854+0000] {processor.py:830} INFO - Processing file /home/airflow/.local/lib/python3.12/site-packages/airflow/example_dags/example_short_circuit_decorator.py for tasks to queue
[2026-06-30T08:52:26.855+0000] {logging_mixin.py:188} INFO - [2026-06-30T08:52:26.854+0000] {dagbag.py:545} INFO - Filling up the DagBag from /home/airflow/.local/lib/python3.12/site-packages/airflow/example_dags/example_short_circuit_decorator.py
[2026-06-30T08:52:26.864+0000] {processor.py:840} INFO - DAG(s) 'example_short_circuit_decorator' retrieved from /home/airflow/.local/lib/python3.12/site-packages/airflow/example_dags/example_short_circuit_decorator.py
[2026-06-30T08:52:26.883+0000] {logging_mixin.py:188} INFO - [2026-06-30T08:52:26.883+0000] {dag.py:3096} INFO - Sync 1 DAGs
[2026-06-30T08:52:26.900+0000] {logging_mixin.py:188} INFO - [2026-06-30T08:52:26.900+0000] {dag.py:3954} INFO - Setting next_dagrun for example_short_circuit_decorator to 2026-06-29 00:00:00+00:00, run_after=2026-06-30 00:00:00+00:00
[2026-06-30T08:52:27.019+0000] {processor.py:183} INFO - Processing /home/airflow/.local/lib/python3.12/site-packages/airflow/example_dags/example_short_circuit_decorator.py took 0.173 seconds
[2026-06-30T08:52:57.236+0000] {processor.py:161} INFO - Started process (PID=25656) to work on /home/airflow/.local/lib/python3.12/site-packages/airflow/example_dags/example_short_circuit_decorator.py
[2026-06-30T08:52:57.237+0000] {processor.py:830} INFO - Processing file /home/airflow/.local/lib/python3.12/site-packages/airflow/example_dags/example_short_circuit_decorator.py for tasks to queue
[2026-06-30T08:52:57.238+0000] {logging_mixin.py:188} INFO - [2026-06-30T08:52:57.238+0000] {dagbag.py:545} INFO - Filling up the DagBag from /home/airflow/.local/lib/python3.12/site-packages/airflow/example_dags/example_short_circuit_decorator.py
[2026-06-30T08:52:57.248+0000] {processor.py:840} INFO - DAG(s) 'example_short_circuit_decorator' retrieved from /home/airflow/.local/lib/python3.12/site-packages/airflow/example_dags/example_short_circuit_decorator.py
[2026-06-30T08:52:57.270+0000] {logging_mixin.py:188} INFO - [2026-06-30T08:52:57.270+0000] {dag.py:3096} INFO - Sync 1 DAGs
[2026-06-30T08:52:57.291+0000] {logging_mixin.py:188} INFO - [2026-06-30T08:52:57.291+0000] {dag.py:3954} INFO - Setting next_dagrun for example_short_circuit_decorator to 2026-06-29 00:00:00+00:00, run_after=2026-06-30 00:00:00+00:00
[2026-06-30T08:52:57.308+0000] {processor.py:183} INFO - Processing /home/airflow/.local/lib/python3.12/site-packages/airflow/example_dags/example_short_circuit_decorator.py took 0.079 seconds
