[2026-06-30T08:05:48.380+0000] {processor.py:161} INFO - Started process (PID=21757) to work on /home/airflow/.local/lib/python3.12/site-packages/airflow/example_dags/example_sla_dag.py
[2026-06-30T08:05:48.381+0000] {processor.py:830} INFO - Processing file /home/airflow/.local/lib/python3.12/site-packages/airflow/example_dags/example_sla_dag.py for tasks to queue
[2026-06-30T08:05:48.382+0000] {logging_mixin.py:188} INFO - [2026-06-30T08:05:48.382+0000] {dagbag.py:545} INFO - Filling up the DagBag from /home/airflow/.local/lib/python3.12/site-packages/airflow/example_dags/example_sla_dag.py
[2026-06-30T08:05:48.392+0000] {processor.py:840} INFO - DAG(s) 'example_sla_dag' retrieved from /home/airflow/.local/lib/python3.12/site-packages/airflow/example_dags/example_sla_dag.py
[2026-06-30T08:05:48.414+0000] {logging_mixin.py:188} INFO - [2026-06-30T08:05:48.414+0000] {dag.py:3096} INFO - Sync 1 DAGs
[2026-06-30T08:05:48.437+0000] {logging_mixin.py:188} INFO - [2026-06-30T08:05:48.436+0000] {dag.py:3954} INFO - Setting next_dagrun for example_sla_dag to 2026-06-30 08:02:00+00:00, run_after=2026-06-30 08:04:00+00:00
[2026-06-30T08:05:48.455+0000] {processor.py:183} INFO - Processing /home/airflow/.local/lib/python3.12/site-packages/airflow/example_dags/example_sla_dag.py took 0.080 seconds
[2026-06-30T08:18:55.378+0000] {processor.py:161} INFO - Started process (PID=21809) to work on /home/airflow/.local/lib/python3.12/site-packages/airflow/example_dags/example_sla_dag.py
[2026-06-30T08:18:55.382+0000] {processor.py:830} INFO - Processing file /home/airflow/.local/lib/python3.12/site-packages/airflow/example_dags/example_sla_dag.py for tasks to queue
[2026-06-30T08:18:55.385+0000] {logging_mixin.py:188} INFO - [2026-06-30T08:18:55.384+0000] {dagbag.py:545} INFO - Filling up the DagBag from /home/airflow/.local/lib/python3.12/site-packages/airflow/example_dags/example_sla_dag.py
[2026-06-30T08:18:55.400+0000] {processor.py:840} INFO - DAG(s) 'example_sla_dag' retrieved from /home/airflow/.local/lib/python3.12/site-packages/airflow/example_dags/example_sla_dag.py
[2026-06-30T08:18:55.427+0000] {logging_mixin.py:188} INFO - [2026-06-30T08:18:55.426+0000] {dag.py:3096} INFO - Sync 1 DAGs
[2026-06-30T08:18:55.449+0000] {logging_mixin.py:188} INFO - [2026-06-30T08:18:55.449+0000] {dag.py:3954} INFO - Setting next_dagrun for example_sla_dag to 2026-06-30 08:16:00+00:00, run_after=2026-06-30 08:18:00+00:00
[2026-06-30T08:18:55.464+0000] {processor.py:183} INFO - Processing /home/airflow/.local/lib/python3.12/site-packages/airflow/example_dags/example_sla_dag.py took 0.096 seconds
[2026-06-30T08:19:25.792+0000] {processor.py:161} INFO - Started process (PID=21867) to work on /home/airflow/.local/lib/python3.12/site-packages/airflow/example_dags/example_sla_dag.py
[2026-06-30T08:19:25.792+0000] {processor.py:830} INFO - Processing file /home/airflow/.local/lib/python3.12/site-packages/airflow/example_dags/example_sla_dag.py for tasks to queue
[2026-06-30T08:19:25.793+0000] {logging_mixin.py:188} INFO - [2026-06-30T08:19:25.793+0000] {dagbag.py:545} INFO - Filling up the DagBag from /home/airflow/.local/lib/python3.12/site-packages/airflow/example_dags/example_sla_dag.py
[2026-06-30T08:19:25.799+0000] {processor.py:840} INFO - DAG(s) 'example_sla_dag' retrieved from /home/airflow/.local/lib/python3.12/site-packages/airflow/example_dags/example_sla_dag.py
[2026-06-30T08:19:25.814+0000] {logging_mixin.py:188} INFO - [2026-06-30T08:19:25.814+0000] {dag.py:3096} INFO - Sync 1 DAGs
[2026-06-30T08:19:25.829+0000] {logging_mixin.py:188} INFO - [2026-06-30T08:19:25.829+0000] {dag.py:3954} INFO - Setting next_dagrun for example_sla_dag to 2026-06-30 08:16:00+00:00, run_after=2026-06-30 08:18:00+00:00
[2026-06-30T08:19:25.841+0000] {processor.py:183} INFO - Processing /home/airflow/.local/lib/python3.12/site-packages/airflow/example_dags/example_sla_dag.py took 0.054 seconds
[2026-06-30T08:19:56.011+0000] {processor.py:161} INFO - Started process (PID=21925) to work on /home/airflow/.local/lib/python3.12/site-packages/airflow/example_dags/example_sla_dag.py
[2026-06-30T08:19:56.012+0000] {processor.py:830} INFO - Processing file /home/airflow/.local/lib/python3.12/site-packages/airflow/example_dags/example_sla_dag.py for tasks to queue
[2026-06-30T08:19:56.013+0000] {logging_mixin.py:188} INFO - [2026-06-30T08:19:56.012+0000] {dagbag.py:545} INFO - Filling up the DagBag from /home/airflow/.local/lib/python3.12/site-packages/airflow/example_dags/example_sla_dag.py
[2026-06-30T08:19:56.019+0000] {processor.py:840} INFO - DAG(s) 'example_sla_dag' retrieved from /home/airflow/.local/lib/python3.12/site-packages/airflow/example_dags/example_sla_dag.py
[2026-06-30T08:19:56.034+0000] {logging_mixin.py:188} INFO - [2026-06-30T08:19:56.033+0000] {dag.py:3096} INFO - Sync 1 DAGs
[2026-06-30T08:19:56.051+0000] {logging_mixin.py:188} INFO - [2026-06-30T08:19:56.051+0000] {dag.py:3954} INFO - Setting next_dagrun for example_sla_dag to 2026-06-30 08:16:00+00:00, run_after=2026-06-30 08:18:00+00:00
[2026-06-30T08:19:56.065+0000] {processor.py:183} INFO - Processing /home/airflow/.local/lib/python3.12/site-packages/airflow/example_dags/example_sla_dag.py took 0.059 seconds
[2026-06-30T08:20:26.259+0000] {processor.py:161} INFO - Started process (PID=21983) to work on /home/airflow/.local/lib/python3.12/site-packages/airflow/example_dags/example_sla_dag.py
[2026-06-30T08:20:26.260+0000] {processor.py:830} INFO - Processing file /home/airflow/.local/lib/python3.12/site-packages/airflow/example_dags/example_sla_dag.py for tasks to queue
[2026-06-30T08:20:26.260+0000] {logging_mixin.py:188} INFO - [2026-06-30T08:20:26.260+0000] {dagbag.py:545} INFO - Filling up the DagBag from /home/airflow/.local/lib/python3.12/site-packages/airflow/example_dags/example_sla_dag.py
[2026-06-30T08:20:26.266+0000] {processor.py:840} INFO - DAG(s) 'example_sla_dag' retrieved from /home/airflow/.local/lib/python3.12/site-packages/airflow/example_dags/example_sla_dag.py
[2026-06-30T08:20:26.279+0000] {logging_mixin.py:188} INFO - [2026-06-30T08:20:26.279+0000] {dag.py:3096} INFO - Sync 1 DAGs
[2026-06-30T08:20:26.293+0000] {logging_mixin.py:188} INFO - [2026-06-30T08:20:26.293+0000] {dag.py:3954} INFO - Setting next_dagrun for example_sla_dag to 2026-06-30 08:18:00+00:00, run_after=2026-06-30 08:20:00+00:00
[2026-06-30T08:20:26.305+0000] {processor.py:183} INFO - Processing /home/airflow/.local/lib/python3.12/site-packages/airflow/example_dags/example_sla_dag.py took 0.051 seconds
[2026-06-30T08:20:56.640+0000] {processor.py:161} INFO - Started process (PID=22041) to work on /home/airflow/.local/lib/python3.12/site-packages/airflow/example_dags/example_sla_dag.py
[2026-06-30T08:20:56.641+0000] {processor.py:830} INFO - Processing file /home/airflow/.local/lib/python3.12/site-packages/airflow/example_dags/example_sla_dag.py for tasks to queue
[2026-06-30T08:20:56.641+0000] {logging_mixin.py:188} INFO - [2026-06-30T08:20:56.641+0000] {dagbag.py:545} INFO - Filling up the DagBag from /home/airflow/.local/lib/python3.12/site-packages/airflow/example_dags/example_sla_dag.py
[2026-06-30T08:20:56.649+0000] {processor.py:840} INFO - DAG(s) 'example_sla_dag' retrieved from /home/airflow/.local/lib/python3.12/site-packages/airflow/example_dags/example_sla_dag.py
[2026-06-30T08:20:56.668+0000] {logging_mixin.py:188} INFO - [2026-06-30T08:20:56.668+0000] {dag.py:3096} INFO - Sync 1 DAGs
[2026-06-30T08:20:56.691+0000] {logging_mixin.py:188} INFO - [2026-06-30T08:20:56.690+0000] {dag.py:3954} INFO - Setting next_dagrun for example_sla_dag to 2026-06-30 08:18:00+00:00, run_after=2026-06-30 08:20:00+00:00
[2026-06-30T08:20:56.713+0000] {processor.py:183} INFO - Processing /home/airflow/.local/lib/python3.12/site-packages/airflow/example_dags/example_sla_dag.py took 0.077 seconds
[2026-06-30T08:21:27.108+0000] {processor.py:161} INFO - Started process (PID=22099) to work on /home/airflow/.local/lib/python3.12/site-packages/airflow/example_dags/example_sla_dag.py
[2026-06-30T08:21:27.108+0000] {processor.py:830} INFO - Processing file /home/airflow/.local/lib/python3.12/site-packages/airflow/example_dags/example_sla_dag.py for tasks to queue
[2026-06-30T08:21:27.109+0000] {logging_mixin.py:188} INFO - [2026-06-30T08:21:27.109+0000] {dagbag.py:545} INFO - Filling up the DagBag from /home/airflow/.local/lib/python3.12/site-packages/airflow/example_dags/example_sla_dag.py
[2026-06-30T08:21:27.115+0000] {processor.py:840} INFO - DAG(s) 'example_sla_dag' retrieved from /home/airflow/.local/lib/python3.12/site-packages/airflow/example_dags/example_sla_dag.py
[2026-06-30T08:21:27.129+0000] {logging_mixin.py:188} INFO - [2026-06-30T08:21:27.128+0000] {dag.py:3096} INFO - Sync 1 DAGs
[2026-06-30T08:21:27.143+0000] {logging_mixin.py:188} INFO - [2026-06-30T08:21:27.143+0000] {dag.py:3954} INFO - Setting next_dagrun for example_sla_dag to 2026-06-30 08:18:00+00:00, run_after=2026-06-30 08:20:00+00:00
[2026-06-30T08:21:27.155+0000] {processor.py:183} INFO - Processing /home/airflow/.local/lib/python3.12/site-packages/airflow/example_dags/example_sla_dag.py took 0.052 seconds
[2026-06-30T08:21:57.292+0000] {processor.py:161} INFO - Started process (PID=22157) to work on /home/airflow/.local/lib/python3.12/site-packages/airflow/example_dags/example_sla_dag.py
[2026-06-30T08:21:57.292+0000] {processor.py:830} INFO - Processing file /home/airflow/.local/lib/python3.12/site-packages/airflow/example_dags/example_sla_dag.py for tasks to queue
[2026-06-30T08:21:57.293+0000] {logging_mixin.py:188} INFO - [2026-06-30T08:21:57.293+0000] {dagbag.py:545} INFO - Filling up the DagBag from /home/airflow/.local/lib/python3.12/site-packages/airflow/example_dags/example_sla_dag.py
[2026-06-30T08:21:57.299+0000] {processor.py:840} INFO - DAG(s) 'example_sla_dag' retrieved from /home/airflow/.local/lib/python3.12/site-packages/airflow/example_dags/example_sla_dag.py
[2026-06-30T08:21:57.312+0000] {logging_mixin.py:188} INFO - [2026-06-30T08:21:57.312+0000] {dag.py:3096} INFO - Sync 1 DAGs
[2026-06-30T08:21:57.327+0000] {logging_mixin.py:188} INFO - [2026-06-30T08:21:57.327+0000] {dag.py:3954} INFO - Setting next_dagrun for example_sla_dag to 2026-06-30 08:18:00+00:00, run_after=2026-06-30 08:20:00+00:00
[2026-06-30T08:21:57.340+0000] {processor.py:183} INFO - Processing /home/airflow/.local/lib/python3.12/site-packages/airflow/example_dags/example_sla_dag.py took 0.052 seconds
[2026-06-30T08:22:27.968+0000] {processor.py:161} INFO - Started process (PID=22215) to work on /home/airflow/.local/lib/python3.12/site-packages/airflow/example_dags/example_sla_dag.py
[2026-06-30T08:22:27.968+0000] {processor.py:830} INFO - Processing file /home/airflow/.local/lib/python3.12/site-packages/airflow/example_dags/example_sla_dag.py for tasks to queue
[2026-06-30T08:22:27.969+0000] {logging_mixin.py:188} INFO - [2026-06-30T08:22:27.969+0000] {dagbag.py:545} INFO - Filling up the DagBag from /home/airflow/.local/lib/python3.12/site-packages/airflow/example_dags/example_sla_dag.py
[2026-06-30T08:22:27.975+0000] {processor.py:840} INFO - DAG(s) 'example_sla_dag' retrieved from /home/airflow/.local/lib/python3.12/site-packages/airflow/example_dags/example_sla_dag.py
[2026-06-30T08:22:27.990+0000] {logging_mixin.py:188} INFO - [2026-06-30T08:22:27.990+0000] {dag.py:3096} INFO - Sync 1 DAGs
[2026-06-30T08:22:28.005+0000] {logging_mixin.py:188} INFO - [2026-06-30T08:22:28.005+0000] {dag.py:3954} INFO - Setting next_dagrun for example_sla_dag to 2026-06-30 08:20:00+00:00, run_after=2026-06-30 08:22:00+00:00
[2026-06-30T08:22:28.018+0000] {processor.py:183} INFO - Processing /home/airflow/.local/lib/python3.12/site-packages/airflow/example_dags/example_sla_dag.py took 0.054 seconds
[2026-06-30T08:22:58.332+0000] {processor.py:161} INFO - Started process (PID=22273) to work on /home/airflow/.local/lib/python3.12/site-packages/airflow/example_dags/example_sla_dag.py
[2026-06-30T08:22:58.333+0000] {processor.py:830} INFO - Processing file /home/airflow/.local/lib/python3.12/site-packages/airflow/example_dags/example_sla_dag.py for tasks to queue
[2026-06-30T08:22:58.334+0000] {logging_mixin.py:188} INFO - [2026-06-30T08:22:58.334+0000] {dagbag.py:545} INFO - Filling up the DagBag from /home/airflow/.local/lib/python3.12/site-packages/airflow/example_dags/example_sla_dag.py
[2026-06-30T08:22:58.340+0000] {processor.py:840} INFO - DAG(s) 'example_sla_dag' retrieved from /home/airflow/.local/lib/python3.12/site-packages/airflow/example_dags/example_sla_dag.py
[2026-06-30T08:22:58.354+0000] {logging_mixin.py:188} INFO - [2026-06-30T08:22:58.354+0000] {dag.py:3096} INFO - Sync 1 DAGs
[2026-06-30T08:22:58.371+0000] {logging_mixin.py:188} INFO - [2026-06-30T08:22:58.371+0000] {dag.py:3954} INFO - Setting next_dagrun for example_sla_dag to 2026-06-30 08:20:00+00:00, run_after=2026-06-30 08:22:00+00:00
[2026-06-30T08:22:58.384+0000] {processor.py:183} INFO - Processing /home/airflow/.local/lib/python3.12/site-packages/airflow/example_dags/example_sla_dag.py took 0.056 seconds
[2026-06-30T08:23:28.697+0000] {processor.py:161} INFO - Started process (PID=22331) to work on /home/airflow/.local/lib/python3.12/site-packages/airflow/example_dags/example_sla_dag.py
[2026-06-30T08:23:28.698+0000] {processor.py:830} INFO - Processing file /home/airflow/.local/lib/python3.12/site-packages/airflow/example_dags/example_sla_dag.py for tasks to queue
[2026-06-30T08:23:28.699+0000] {logging_mixin.py:188} INFO - [2026-06-30T08:23:28.699+0000] {dagbag.py:545} INFO - Filling up the DagBag from /home/airflow/.local/lib/python3.12/site-packages/airflow/example_dags/example_sla_dag.py
[2026-06-30T08:23:28.705+0000] {processor.py:840} INFO - DAG(s) 'example_sla_dag' retrieved from /home/airflow/.local/lib/python3.12/site-packages/airflow/example_dags/example_sla_dag.py
[2026-06-30T08:23:28.720+0000] {logging_mixin.py:188} INFO - [2026-06-30T08:23:28.720+0000] {dag.py:3096} INFO - Sync 1 DAGs
[2026-06-30T08:23:28.739+0000] {logging_mixin.py:188} INFO - [2026-06-30T08:23:28.739+0000] {dag.py:3954} INFO - Setting next_dagrun for example_sla_dag to 2026-06-30 08:20:00+00:00, run_after=2026-06-30 08:22:00+00:00
[2026-06-30T08:23:28.751+0000] {processor.py:183} INFO - Processing /home/airflow/.local/lib/python3.12/site-packages/airflow/example_dags/example_sla_dag.py took 0.059 seconds
[2026-06-30T08:23:59.212+0000] {processor.py:161} INFO - Started process (PID=22389) to work on /home/airflow/.local/lib/python3.12/site-packages/airflow/example_dags/example_sla_dag.py
[2026-06-30T08:23:59.213+0000] {processor.py:830} INFO - Processing file /home/airflow/.local/lib/python3.12/site-packages/airflow/example_dags/example_sla_dag.py for tasks to queue
[2026-06-30T08:23:59.214+0000] {logging_mixin.py:188} INFO - [2026-06-30T08:23:59.214+0000] {dagbag.py:545} INFO - Filling up the DagBag from /home/airflow/.local/lib/python3.12/site-packages/airflow/example_dags/example_sla_dag.py
[2026-06-30T08:23:59.220+0000] {processor.py:840} INFO - DAG(s) 'example_sla_dag' retrieved from /home/airflow/.local/lib/python3.12/site-packages/airflow/example_dags/example_sla_dag.py
[2026-06-30T08:23:59.235+0000] {logging_mixin.py:188} INFO - [2026-06-30T08:23:59.235+0000] {dag.py:3096} INFO - Sync 1 DAGs
[2026-06-30T08:23:59.253+0000] {logging_mixin.py:188} INFO - [2026-06-30T08:23:59.252+0000] {dag.py:3954} INFO - Setting next_dagrun for example_sla_dag to 2026-06-30 08:20:00+00:00, run_after=2026-06-30 08:22:00+00:00
[2026-06-30T08:23:59.265+0000] {processor.py:183} INFO - Processing /home/airflow/.local/lib/python3.12/site-packages/airflow/example_dags/example_sla_dag.py took 0.058 seconds
[2026-06-30T08:24:29.950+0000] {processor.py:161} INFO - Started process (PID=22447) to work on /home/airflow/.local/lib/python3.12/site-packages/airflow/example_dags/example_sla_dag.py
[2026-06-30T08:24:29.951+0000] {processor.py:830} INFO - Processing file /home/airflow/.local/lib/python3.12/site-packages/airflow/example_dags/example_sla_dag.py for tasks to queue
[2026-06-30T08:24:29.952+0000] {logging_mixin.py:188} INFO - [2026-06-30T08:24:29.952+0000] {dagbag.py:545} INFO - Filling up the DagBag from /home/airflow/.local/lib/python3.12/site-packages/airflow/example_dags/example_sla_dag.py
[2026-06-30T08:24:29.958+0000] {processor.py:840} INFO - DAG(s) 'example_sla_dag' retrieved from /home/airflow/.local/lib/python3.12/site-packages/airflow/example_dags/example_sla_dag.py
[2026-06-30T08:24:29.973+0000] {logging_mixin.py:188} INFO - [2026-06-30T08:24:29.973+0000] {dag.py:3096} INFO - Sync 1 DAGs
[2026-06-30T08:24:29.989+0000] {logging_mixin.py:188} INFO - [2026-06-30T08:24:29.989+0000] {dag.py:3954} INFO - Setting next_dagrun for example_sla_dag to 2026-06-30 08:22:00+00:00, run_after=2026-06-30 08:24:00+00:00
[2026-06-30T08:24:30.001+0000] {processor.py:183} INFO - Processing /home/airflow/.local/lib/python3.12/site-packages/airflow/example_dags/example_sla_dag.py took 0.055 seconds
[2026-06-30T08:25:00.521+0000] {processor.py:161} INFO - Started process (PID=22506) to work on /home/airflow/.local/lib/python3.12/site-packages/airflow/example_dags/example_sla_dag.py
[2026-06-30T08:25:00.523+0000] {processor.py:830} INFO - Processing file /home/airflow/.local/lib/python3.12/site-packages/airflow/example_dags/example_sla_dag.py for tasks to queue
[2026-06-30T08:25:00.524+0000] {logging_mixin.py:188} INFO - [2026-06-30T08:25:00.523+0000] {dagbag.py:545} INFO - Filling up the DagBag from /home/airflow/.local/lib/python3.12/site-packages/airflow/example_dags/example_sla_dag.py
[2026-06-30T08:25:00.530+0000] {processor.py:840} INFO - DAG(s) 'example_sla_dag' retrieved from /home/airflow/.local/lib/python3.12/site-packages/airflow/example_dags/example_sla_dag.py
[2026-06-30T08:25:00.544+0000] {logging_mixin.py:188} INFO - [2026-06-30T08:25:00.544+0000] {dag.py:3096} INFO - Sync 1 DAGs
[2026-06-30T08:25:00.560+0000] {logging_mixin.py:188} INFO - [2026-06-30T08:25:00.559+0000] {dag.py:3954} INFO - Setting next_dagrun for example_sla_dag to 2026-06-30 08:22:00+00:00, run_after=2026-06-30 08:24:00+00:00
[2026-06-30T08:25:00.573+0000] {processor.py:183} INFO - Processing /home/airflow/.local/lib/python3.12/site-packages/airflow/example_dags/example_sla_dag.py took 0.056 seconds
[2026-06-30T08:25:30.798+0000] {processor.py:161} INFO - Started process (PID=22564) to work on /home/airflow/.local/lib/python3.12/site-packages/airflow/example_dags/example_sla_dag.py
[2026-06-30T08:25:30.799+0000] {processor.py:830} INFO - Processing file /home/airflow/.local/lib/python3.12/site-packages/airflow/example_dags/example_sla_dag.py for tasks to queue
[2026-06-30T08:25:30.799+0000] {logging_mixin.py:188} INFO - [2026-06-30T08:25:30.799+0000] {dagbag.py:545} INFO - Filling up the DagBag from /home/airflow/.local/lib/python3.12/site-packages/airflow/example_dags/example_sla_dag.py
[2026-06-30T08:25:30.806+0000] {processor.py:840} INFO - DAG(s) 'example_sla_dag' retrieved from /home/airflow/.local/lib/python3.12/site-packages/airflow/example_dags/example_sla_dag.py
[2026-06-30T08:25:30.819+0000] {logging_mixin.py:188} INFO - [2026-06-30T08:25:30.819+0000] {dag.py:3096} INFO - Sync 1 DAGs
[2026-06-30T08:25:30.836+0000] {logging_mixin.py:188} INFO - [2026-06-30T08:25:30.836+0000] {dag.py:3954} INFO - Setting next_dagrun for example_sla_dag to 2026-06-30 08:22:00+00:00, run_after=2026-06-30 08:24:00+00:00
[2026-06-30T08:25:30.847+0000] {processor.py:183} INFO - Processing /home/airflow/.local/lib/python3.12/site-packages/airflow/example_dags/example_sla_dag.py took 0.053 seconds
[2026-06-30T08:26:01.632+0000] {processor.py:161} INFO - Started process (PID=22622) to work on /home/airflow/.local/lib/python3.12/site-packages/airflow/example_dags/example_sla_dag.py
[2026-06-30T08:26:01.633+0000] {processor.py:830} INFO - Processing file /home/airflow/.local/lib/python3.12/site-packages/airflow/example_dags/example_sla_dag.py for tasks to queue
[2026-06-30T08:26:01.634+0000] {logging_mixin.py:188} INFO - [2026-06-30T08:26:01.634+0000] {dagbag.py:545} INFO - Filling up the DagBag from /home/airflow/.local/lib/python3.12/site-packages/airflow/example_dags/example_sla_dag.py
[2026-06-30T08:26:01.641+0000] {processor.py:840} INFO - DAG(s) 'example_sla_dag' retrieved from /home/airflow/.local/lib/python3.12/site-packages/airflow/example_dags/example_sla_dag.py
[2026-06-30T08:26:01.656+0000] {logging_mixin.py:188} INFO - [2026-06-30T08:26:01.656+0000] {dag.py:3096} INFO - Sync 1 DAGs
[2026-06-30T08:26:01.673+0000] {logging_mixin.py:188} INFO - [2026-06-30T08:26:01.672+0000] {dag.py:3954} INFO - Setting next_dagrun for example_sla_dag to 2026-06-30 08:24:00+00:00, run_after=2026-06-30 08:26:00+00:00
[2026-06-30T08:26:01.685+0000] {processor.py:183} INFO - Processing /home/airflow/.local/lib/python3.12/site-packages/airflow/example_dags/example_sla_dag.py took 0.058 seconds
[2026-06-30T08:26:32.522+0000] {processor.py:161} INFO - Started process (PID=22680) to work on /home/airflow/.local/lib/python3.12/site-packages/airflow/example_dags/example_sla_dag.py
[2026-06-30T08:26:32.527+0000] {processor.py:830} INFO - Processing file /home/airflow/.local/lib/python3.12/site-packages/airflow/example_dags/example_sla_dag.py for tasks to queue
[2026-06-30T08:26:32.529+0000] {logging_mixin.py:188} INFO - [2026-06-30T08:26:32.529+0000] {dagbag.py:545} INFO - Filling up the DagBag from /home/airflow/.local/lib/python3.12/site-packages/airflow/example_dags/example_sla_dag.py
[2026-06-30T08:26:32.537+0000] {processor.py:840} INFO - DAG(s) 'example_sla_dag' retrieved from /home/airflow/.local/lib/python3.12/site-packages/airflow/example_dags/example_sla_dag.py
[2026-06-30T08:26:32.552+0000] {logging_mixin.py:188} INFO - [2026-06-30T08:26:32.552+0000] {dag.py:3096} INFO - Sync 1 DAGs
[2026-06-30T08:26:32.569+0000] {logging_mixin.py:188} INFO - [2026-06-30T08:26:32.569+0000] {dag.py:3954} INFO - Setting next_dagrun for example_sla_dag to 2026-06-30 08:24:00+00:00, run_after=2026-06-30 08:26:00+00:00
[2026-06-30T08:26:32.583+0000] {processor.py:183} INFO - Processing /home/airflow/.local/lib/python3.12/site-packages/airflow/example_dags/example_sla_dag.py took 0.066 seconds
[2026-06-30T08:27:03.035+0000] {processor.py:161} INFO - Started process (PID=22738) to work on /home/airflow/.local/lib/python3.12/site-packages/airflow/example_dags/example_sla_dag.py
[2026-06-30T08:27:03.036+0000] {processor.py:830} INFO - Processing file /home/airflow/.local/lib/python3.12/site-packages/airflow/example_dags/example_sla_dag.py for tasks to queue
[2026-06-30T08:27:03.037+0000] {logging_mixin.py:188} INFO - [2026-06-30T08:27:03.037+0000] {dagbag.py:545} INFO - Filling up the DagBag from /home/airflow/.local/lib/python3.12/site-packages/airflow/example_dags/example_sla_dag.py
[2026-06-30T08:27:03.044+0000] {processor.py:840} INFO - DAG(s) 'example_sla_dag' retrieved from /home/airflow/.local/lib/python3.12/site-packages/airflow/example_dags/example_sla_dag.py
[2026-06-30T08:27:03.061+0000] {logging_mixin.py:188} INFO - [2026-06-30T08:27:03.061+0000] {dag.py:3096} INFO - Sync 1 DAGs
[2026-06-30T08:27:03.085+0000] {logging_mixin.py:188} INFO - [2026-06-30T08:27:03.084+0000] {dag.py:3954} INFO - Setting next_dagrun for example_sla_dag to 2026-06-30 08:24:00+00:00, run_after=2026-06-30 08:26:00+00:00
[2026-06-30T08:27:03.101+0000] {processor.py:183} INFO - Processing /home/airflow/.local/lib/python3.12/site-packages/airflow/example_dags/example_sla_dag.py took 0.072 seconds
[2026-06-30T08:27:33.446+0000] {processor.py:161} INFO - Started process (PID=22796) to work on /home/airflow/.local/lib/python3.12/site-packages/airflow/example_dags/example_sla_dag.py
[2026-06-30T08:27:33.447+0000] {processor.py:830} INFO - Processing file /home/airflow/.local/lib/python3.12/site-packages/airflow/example_dags/example_sla_dag.py for tasks to queue
[2026-06-30T08:27:33.448+0000] {logging_mixin.py:188} INFO - [2026-06-30T08:27:33.448+0000] {dagbag.py:545} INFO - Filling up the DagBag from /home/airflow/.local/lib/python3.12/site-packages/airflow/example_dags/example_sla_dag.py
[2026-06-30T08:27:33.454+0000] {processor.py:840} INFO - DAG(s) 'example_sla_dag' retrieved from /home/airflow/.local/lib/python3.12/site-packages/airflow/example_dags/example_sla_dag.py
[2026-06-30T08:27:33.468+0000] {logging_mixin.py:188} INFO - [2026-06-30T08:27:33.467+0000] {dag.py:3096} INFO - Sync 1 DAGs
[2026-06-30T08:27:33.484+0000] {logging_mixin.py:188} INFO - [2026-06-30T08:27:33.483+0000] {dag.py:3954} INFO - Setting next_dagrun for example_sla_dag to 2026-06-30 08:24:00+00:00, run_after=2026-06-30 08:26:00+00:00
[2026-06-30T08:27:33.495+0000] {processor.py:183} INFO - Processing /home/airflow/.local/lib/python3.12/site-packages/airflow/example_dags/example_sla_dag.py took 0.053 seconds
[2026-06-30T08:28:03.961+0000] {processor.py:161} INFO - Started process (PID=22854) to work on /home/airflow/.local/lib/python3.12/site-packages/airflow/example_dags/example_sla_dag.py
[2026-06-30T08:28:03.962+0000] {processor.py:830} INFO - Processing file /home/airflow/.local/lib/python3.12/site-packages/airflow/example_dags/example_sla_dag.py for tasks to queue
[2026-06-30T08:28:03.964+0000] {logging_mixin.py:188} INFO - [2026-06-30T08:28:03.963+0000] {dagbag.py:545} INFO - Filling up the DagBag from /home/airflow/.local/lib/python3.12/site-packages/airflow/example_dags/example_sla_dag.py
[2026-06-30T08:28:03.970+0000] {processor.py:840} INFO - DAG(s) 'example_sla_dag' retrieved from /home/airflow/.local/lib/python3.12/site-packages/airflow/example_dags/example_sla_dag.py
[2026-06-30T08:28:03.986+0000] {logging_mixin.py:188} INFO - [2026-06-30T08:28:03.986+0000] {dag.py:3096} INFO - Sync 1 DAGs
[2026-06-30T08:28:04.004+0000] {logging_mixin.py:188} INFO - [2026-06-30T08:28:04.004+0000] {dag.py:3954} INFO - Setting next_dagrun for example_sla_dag to 2026-06-30 08:26:00+00:00, run_after=2026-06-30 08:28:00+00:00
[2026-06-30T08:28:04.018+0000] {processor.py:183} INFO - Processing /home/airflow/.local/lib/python3.12/site-packages/airflow/example_dags/example_sla_dag.py took 0.062 seconds
[2026-06-30T08:28:34.337+0000] {processor.py:161} INFO - Started process (PID=22912) to work on /home/airflow/.local/lib/python3.12/site-packages/airflow/example_dags/example_sla_dag.py
[2026-06-30T08:28:34.338+0000] {processor.py:830} INFO - Processing file /home/airflow/.local/lib/python3.12/site-packages/airflow/example_dags/example_sla_dag.py for tasks to queue
[2026-06-30T08:28:34.338+0000] {logging_mixin.py:188} INFO - [2026-06-30T08:28:34.338+0000] {dagbag.py:545} INFO - Filling up the DagBag from /home/airflow/.local/lib/python3.12/site-packages/airflow/example_dags/example_sla_dag.py
[2026-06-30T08:28:34.345+0000] {processor.py:840} INFO - DAG(s) 'example_sla_dag' retrieved from /home/airflow/.local/lib/python3.12/site-packages/airflow/example_dags/example_sla_dag.py
[2026-06-30T08:28:34.358+0000] {logging_mixin.py:188} INFO - [2026-06-30T08:28:34.358+0000] {dag.py:3096} INFO - Sync 1 DAGs
[2026-06-30T08:28:34.374+0000] {logging_mixin.py:188} INFO - [2026-06-30T08:28:34.373+0000] {dag.py:3954} INFO - Setting next_dagrun for example_sla_dag to 2026-06-30 08:26:00+00:00, run_after=2026-06-30 08:28:00+00:00
[2026-06-30T08:28:34.385+0000] {processor.py:183} INFO - Processing /home/airflow/.local/lib/python3.12/site-packages/airflow/example_dags/example_sla_dag.py took 0.053 seconds
[2026-06-30T08:29:04.894+0000] {processor.py:161} INFO - Started process (PID=22970) to work on /home/airflow/.local/lib/python3.12/site-packages/airflow/example_dags/example_sla_dag.py
[2026-06-30T08:29:04.895+0000] {processor.py:830} INFO - Processing file /home/airflow/.local/lib/python3.12/site-packages/airflow/example_dags/example_sla_dag.py for tasks to queue
[2026-06-30T08:29:04.896+0000] {logging_mixin.py:188} INFO - [2026-06-30T08:29:04.895+0000] {dagbag.py:545} INFO - Filling up the DagBag from /home/airflow/.local/lib/python3.12/site-packages/airflow/example_dags/example_sla_dag.py
[2026-06-30T08:29:04.902+0000] {processor.py:840} INFO - DAG(s) 'example_sla_dag' retrieved from /home/airflow/.local/lib/python3.12/site-packages/airflow/example_dags/example_sla_dag.py
[2026-06-30T08:29:04.917+0000] {logging_mixin.py:188} INFO - [2026-06-30T08:29:04.916+0000] {dag.py:3096} INFO - Sync 1 DAGs
[2026-06-30T08:29:04.933+0000] {logging_mixin.py:188} INFO - [2026-06-30T08:29:04.933+0000] {dag.py:3954} INFO - Setting next_dagrun for example_sla_dag to 2026-06-30 08:26:00+00:00, run_after=2026-06-30 08:28:00+00:00
[2026-06-30T08:29:04.945+0000] {processor.py:183} INFO - Processing /home/airflow/.local/lib/python3.12/site-packages/airflow/example_dags/example_sla_dag.py took 0.056 seconds
[2026-06-30T08:29:35.499+0000] {processor.py:161} INFO - Started process (PID=23028) to work on /home/airflow/.local/lib/python3.12/site-packages/airflow/example_dags/example_sla_dag.py
[2026-06-30T08:29:35.500+0000] {processor.py:830} INFO - Processing file /home/airflow/.local/lib/python3.12/site-packages/airflow/example_dags/example_sla_dag.py for tasks to queue
[2026-06-30T08:29:35.501+0000] {logging_mixin.py:188} INFO - [2026-06-30T08:29:35.501+0000] {dagbag.py:545} INFO - Filling up the DagBag from /home/airflow/.local/lib/python3.12/site-packages/airflow/example_dags/example_sla_dag.py
[2026-06-30T08:29:35.507+0000] {processor.py:840} INFO - DAG(s) 'example_sla_dag' retrieved from /home/airflow/.local/lib/python3.12/site-packages/airflow/example_dags/example_sla_dag.py
[2026-06-30T08:29:35.520+0000] {logging_mixin.py:188} INFO - [2026-06-30T08:29:35.520+0000] {dag.py:3096} INFO - Sync 1 DAGs
[2026-06-30T08:29:35.535+0000] {logging_mixin.py:188} INFO - [2026-06-30T08:29:35.535+0000] {dag.py:3954} INFO - Setting next_dagrun for example_sla_dag to 2026-06-30 08:26:00+00:00, run_after=2026-06-30 08:28:00+00:00
[2026-06-30T08:29:35.548+0000] {processor.py:183} INFO - Processing /home/airflow/.local/lib/python3.12/site-packages/airflow/example_dags/example_sla_dag.py took 0.052 seconds
[2026-06-30T08:30:06.001+0000] {processor.py:161} INFO - Started process (PID=23086) to work on /home/airflow/.local/lib/python3.12/site-packages/airflow/example_dags/example_sla_dag.py
[2026-06-30T08:30:06.002+0000] {processor.py:830} INFO - Processing file /home/airflow/.local/lib/python3.12/site-packages/airflow/example_dags/example_sla_dag.py for tasks to queue
[2026-06-30T08:30:06.003+0000] {logging_mixin.py:188} INFO - [2026-06-30T08:30:06.003+0000] {dagbag.py:545} INFO - Filling up the DagBag from /home/airflow/.local/lib/python3.12/site-packages/airflow/example_dags/example_sla_dag.py
[2026-06-30T08:30:06.010+0000] {processor.py:840} INFO - DAG(s) 'example_sla_dag' retrieved from /home/airflow/.local/lib/python3.12/site-packages/airflow/example_dags/example_sla_dag.py
[2026-06-30T08:30:06.025+0000] {logging_mixin.py:188} INFO - [2026-06-30T08:30:06.025+0000] {dag.py:3096} INFO - Sync 1 DAGs
[2026-06-30T08:30:06.041+0000] {logging_mixin.py:188} INFO - [2026-06-30T08:30:06.041+0000] {dag.py:3954} INFO - Setting next_dagrun for example_sla_dag to 2026-06-30 08:28:00+00:00, run_after=2026-06-30 08:30:00+00:00
[2026-06-30T08:30:06.054+0000] {processor.py:183} INFO - Processing /home/airflow/.local/lib/python3.12/site-packages/airflow/example_dags/example_sla_dag.py took 0.057 seconds
[2026-06-30T08:30:36.764+0000] {processor.py:161} INFO - Started process (PID=23144) to work on /home/airflow/.local/lib/python3.12/site-packages/airflow/example_dags/example_sla_dag.py
[2026-06-30T08:30:36.765+0000] {processor.py:830} INFO - Processing file /home/airflow/.local/lib/python3.12/site-packages/airflow/example_dags/example_sla_dag.py for tasks to queue
[2026-06-30T08:30:36.766+0000] {logging_mixin.py:188} INFO - [2026-06-30T08:30:36.766+0000] {dagbag.py:545} INFO - Filling up the DagBag from /home/airflow/.local/lib/python3.12/site-packages/airflow/example_dags/example_sla_dag.py
[2026-06-30T08:30:36.773+0000] {processor.py:840} INFO - DAG(s) 'example_sla_dag' retrieved from /home/airflow/.local/lib/python3.12/site-packages/airflow/example_dags/example_sla_dag.py
[2026-06-30T08:30:36.795+0000] {logging_mixin.py:188} INFO - [2026-06-30T08:30:36.794+0000] {dag.py:3096} INFO - Sync 1 DAGs
[2026-06-30T08:30:36.816+0000] {logging_mixin.py:188} INFO - [2026-06-30T08:30:36.816+0000] {dag.py:3954} INFO - Setting next_dagrun for example_sla_dag to 2026-06-30 08:28:00+00:00, run_after=2026-06-30 08:30:00+00:00
[2026-06-30T08:30:36.833+0000] {processor.py:183} INFO - Processing /home/airflow/.local/lib/python3.12/site-packages/airflow/example_dags/example_sla_dag.py took 0.074 seconds
[2026-06-30T08:31:07.577+0000] {processor.py:161} INFO - Started process (PID=23202) to work on /home/airflow/.local/lib/python3.12/site-packages/airflow/example_dags/example_sla_dag.py
[2026-06-30T08:31:07.578+0000] {processor.py:830} INFO - Processing file /home/airflow/.local/lib/python3.12/site-packages/airflow/example_dags/example_sla_dag.py for tasks to queue
[2026-06-30T08:31:07.580+0000] {logging_mixin.py:188} INFO - [2026-06-30T08:31:07.579+0000] {dagbag.py:545} INFO - Filling up the DagBag from /home/airflow/.local/lib/python3.12/site-packages/airflow/example_dags/example_sla_dag.py
[2026-06-30T08:31:07.587+0000] {processor.py:840} INFO - DAG(s) 'example_sla_dag' retrieved from /home/airflow/.local/lib/python3.12/site-packages/airflow/example_dags/example_sla_dag.py
[2026-06-30T08:31:07.603+0000] {logging_mixin.py:188} INFO - [2026-06-30T08:31:07.603+0000] {dag.py:3096} INFO - Sync 1 DAGs
[2026-06-30T08:31:07.620+0000] {logging_mixin.py:188} INFO - [2026-06-30T08:31:07.620+0000] {dag.py:3954} INFO - Setting next_dagrun for example_sla_dag to 2026-06-30 08:28:00+00:00, run_after=2026-06-30 08:30:00+00:00
[2026-06-30T08:31:07.638+0000] {processor.py:183} INFO - Processing /home/airflow/.local/lib/python3.12/site-packages/airflow/example_dags/example_sla_dag.py took 0.066 seconds
[2026-06-30T08:31:38.115+0000] {processor.py:161} INFO - Started process (PID=23260) to work on /home/airflow/.local/lib/python3.12/site-packages/airflow/example_dags/example_sla_dag.py
[2026-06-30T08:31:38.116+0000] {processor.py:830} INFO - Processing file /home/airflow/.local/lib/python3.12/site-packages/airflow/example_dags/example_sla_dag.py for tasks to queue
[2026-06-30T08:31:38.117+0000] {logging_mixin.py:188} INFO - [2026-06-30T08:31:38.117+0000] {dagbag.py:545} INFO - Filling up the DagBag from /home/airflow/.local/lib/python3.12/site-packages/airflow/example_dags/example_sla_dag.py
[2026-06-30T08:31:38.124+0000] {processor.py:840} INFO - DAG(s) 'example_sla_dag' retrieved from /home/airflow/.local/lib/python3.12/site-packages/airflow/example_dags/example_sla_dag.py
[2026-06-30T08:31:38.138+0000] {logging_mixin.py:188} INFO - [2026-06-30T08:31:38.138+0000] {dag.py:3096} INFO - Sync 1 DAGs
[2026-06-30T08:31:38.154+0000] {logging_mixin.py:188} INFO - [2026-06-30T08:31:38.154+0000] {dag.py:3954} INFO - Setting next_dagrun for example_sla_dag to 2026-06-30 08:28:00+00:00, run_after=2026-06-30 08:30:00+00:00
[2026-06-30T08:31:38.168+0000] {processor.py:183} INFO - Processing /home/airflow/.local/lib/python3.12/site-packages/airflow/example_dags/example_sla_dag.py took 0.058 seconds
[2026-06-30T08:32:08.922+0000] {processor.py:161} INFO - Started process (PID=23318) to work on /home/airflow/.local/lib/python3.12/site-packages/airflow/example_dags/example_sla_dag.py
[2026-06-30T08:32:08.923+0000] {processor.py:830} INFO - Processing file /home/airflow/.local/lib/python3.12/site-packages/airflow/example_dags/example_sla_dag.py for tasks to queue
[2026-06-30T08:32:08.924+0000] {logging_mixin.py:188} INFO - [2026-06-30T08:32:08.924+0000] {dagbag.py:545} INFO - Filling up the DagBag from /home/airflow/.local/lib/python3.12/site-packages/airflow/example_dags/example_sla_dag.py
[2026-06-30T08:32:08.931+0000] {processor.py:840} INFO - DAG(s) 'example_sla_dag' retrieved from /home/airflow/.local/lib/python3.12/site-packages/airflow/example_dags/example_sla_dag.py
[2026-06-30T08:32:08.948+0000] {logging_mixin.py:188} INFO - [2026-06-30T08:32:08.948+0000] {dag.py:3096} INFO - Sync 1 DAGs
[2026-06-30T08:32:08.965+0000] {logging_mixin.py:188} INFO - [2026-06-30T08:32:08.965+0000] {dag.py:3954} INFO - Setting next_dagrun for example_sla_dag to 2026-06-30 08:30:00+00:00, run_after=2026-06-30 08:32:00+00:00
[2026-06-30T08:32:08.978+0000] {processor.py:183} INFO - Processing /home/airflow/.local/lib/python3.12/site-packages/airflow/example_dags/example_sla_dag.py took 0.061 seconds
[2026-06-30T08:32:39.583+0000] {processor.py:161} INFO - Started process (PID=23376) to work on /home/airflow/.local/lib/python3.12/site-packages/airflow/example_dags/example_sla_dag.py
[2026-06-30T08:32:39.583+0000] {processor.py:830} INFO - Processing file /home/airflow/.local/lib/python3.12/site-packages/airflow/example_dags/example_sla_dag.py for tasks to queue
[2026-06-30T08:32:39.584+0000] {logging_mixin.py:188} INFO - [2026-06-30T08:32:39.584+0000] {dagbag.py:545} INFO - Filling up the DagBag from /home/airflow/.local/lib/python3.12/site-packages/airflow/example_dags/example_sla_dag.py
[2026-06-30T08:32:39.591+0000] {processor.py:840} INFO - DAG(s) 'example_sla_dag' retrieved from /home/airflow/.local/lib/python3.12/site-packages/airflow/example_dags/example_sla_dag.py
[2026-06-30T08:32:39.611+0000] {logging_mixin.py:188} INFO - [2026-06-30T08:32:39.611+0000] {dag.py:3096} INFO - Sync 1 DAGs
[2026-06-30T08:32:39.634+0000] {logging_mixin.py:188} INFO - [2026-06-30T08:32:39.633+0000] {dag.py:3954} INFO - Setting next_dagrun for example_sla_dag to 2026-06-30 08:30:00+00:00, run_after=2026-06-30 08:32:00+00:00
[2026-06-30T08:32:39.653+0000] {processor.py:183} INFO - Processing /home/airflow/.local/lib/python3.12/site-packages/airflow/example_dags/example_sla_dag.py took 0.075 seconds
[2026-06-30T08:33:10.616+0000] {processor.py:161} INFO - Started process (PID=23434) to work on /home/airflow/.local/lib/python3.12/site-packages/airflow/example_dags/example_sla_dag.py
[2026-06-30T08:33:10.617+0000] {processor.py:830} INFO - Processing file /home/airflow/.local/lib/python3.12/site-packages/airflow/example_dags/example_sla_dag.py for tasks to queue
[2026-06-30T08:33:10.617+0000] {logging_mixin.py:188} INFO - [2026-06-30T08:33:10.617+0000] {dagbag.py:545} INFO - Filling up the DagBag from /home/airflow/.local/lib/python3.12/site-packages/airflow/example_dags/example_sla_dag.py
[2026-06-30T08:33:10.625+0000] {processor.py:840} INFO - DAG(s) 'example_sla_dag' retrieved from /home/airflow/.local/lib/python3.12/site-packages/airflow/example_dags/example_sla_dag.py
[2026-06-30T08:33:10.641+0000] {logging_mixin.py:188} INFO - [2026-06-30T08:33:10.641+0000] {dag.py:3096} INFO - Sync 1 DAGs
[2026-06-30T08:33:10.660+0000] {logging_mixin.py:188} INFO - [2026-06-30T08:33:10.660+0000] {dag.py:3954} INFO - Setting next_dagrun for example_sla_dag to 2026-06-30 08:30:00+00:00, run_after=2026-06-30 08:32:00+00:00
[2026-06-30T08:33:10.676+0000] {processor.py:183} INFO - Processing /home/airflow/.local/lib/python3.12/site-packages/airflow/example_dags/example_sla_dag.py took 0.066 seconds
[2026-06-30T08:33:42.420+0000] {processor.py:161} INFO - Started process (PID=23498) to work on /home/airflow/.local/lib/python3.12/site-packages/airflow/example_dags/example_sla_dag.py
[2026-06-30T08:33:42.421+0000] {processor.py:830} INFO - Processing file /home/airflow/.local/lib/python3.12/site-packages/airflow/example_dags/example_sla_dag.py for tasks to queue
[2026-06-30T08:33:42.422+0000] {logging_mixin.py:188} INFO - [2026-06-30T08:33:42.422+0000] {dagbag.py:545} INFO - Filling up the DagBag from /home/airflow/.local/lib/python3.12/site-packages/airflow/example_dags/example_sla_dag.py
[2026-06-30T08:33:42.429+0000] {processor.py:840} INFO - DAG(s) 'example_sla_dag' retrieved from /home/airflow/.local/lib/python3.12/site-packages/airflow/example_dags/example_sla_dag.py
[2026-06-30T08:33:42.448+0000] {logging_mixin.py:188} INFO - [2026-06-30T08:33:42.447+0000] {dag.py:3096} INFO - Sync 1 DAGs
[2026-06-30T08:33:42.468+0000] {logging_mixin.py:188} INFO - [2026-06-30T08:33:42.468+0000] {dag.py:3954} INFO - Setting next_dagrun for example_sla_dag to 2026-06-30 08:30:00+00:00, run_after=2026-06-30 08:32:00+00:00
[2026-06-30T08:33:42.484+0000] {processor.py:183} INFO - Processing /home/airflow/.local/lib/python3.12/site-packages/airflow/example_dags/example_sla_dag.py took 0.070 seconds
[2026-06-30T08:34:13.301+0000] {processor.py:161} INFO - Started process (PID=23556) to work on /home/airflow/.local/lib/python3.12/site-packages/airflow/example_dags/example_sla_dag.py
[2026-06-30T08:34:13.302+0000] {processor.py:830} INFO - Processing file /home/airflow/.local/lib/python3.12/site-packages/airflow/example_dags/example_sla_dag.py for tasks to queue
[2026-06-30T08:34:13.302+0000] {logging_mixin.py:188} INFO - [2026-06-30T08:34:13.302+0000] {dagbag.py:545} INFO - Filling up the DagBag from /home/airflow/.local/lib/python3.12/site-packages/airflow/example_dags/example_sla_dag.py
[2026-06-30T08:34:13.309+0000] {processor.py:840} INFO - DAG(s) 'example_sla_dag' retrieved from /home/airflow/.local/lib/python3.12/site-packages/airflow/example_dags/example_sla_dag.py
[2026-06-30T08:34:13.325+0000] {logging_mixin.py:188} INFO - [2026-06-30T08:34:13.324+0000] {dag.py:3096} INFO - Sync 1 DAGs
[2026-06-30T08:34:13.340+0000] {logging_mixin.py:188} INFO - [2026-06-30T08:34:13.340+0000] {dag.py:3954} INFO - Setting next_dagrun for example_sla_dag to 2026-06-30 08:32:00+00:00, run_after=2026-06-30 08:34:00+00:00
[2026-06-30T08:34:13.352+0000] {processor.py:183} INFO - Processing /home/airflow/.local/lib/python3.12/site-packages/airflow/example_dags/example_sla_dag.py took 0.056 seconds
[2026-06-30T08:34:43.567+0000] {processor.py:161} INFO - Started process (PID=23614) to work on /home/airflow/.local/lib/python3.12/site-packages/airflow/example_dags/example_sla_dag.py
[2026-06-30T08:34:43.568+0000] {processor.py:830} INFO - Processing file /home/airflow/.local/lib/python3.12/site-packages/airflow/example_dags/example_sla_dag.py for tasks to queue
[2026-06-30T08:34:43.568+0000] {logging_mixin.py:188} INFO - [2026-06-30T08:34:43.568+0000] {dagbag.py:545} INFO - Filling up the DagBag from /home/airflow/.local/lib/python3.12/site-packages/airflow/example_dags/example_sla_dag.py
[2026-06-30T08:34:43.575+0000] {processor.py:840} INFO - DAG(s) 'example_sla_dag' retrieved from /home/airflow/.local/lib/python3.12/site-packages/airflow/example_dags/example_sla_dag.py
[2026-06-30T08:34:43.591+0000] {logging_mixin.py:188} INFO - [2026-06-30T08:34:43.590+0000] {dag.py:3096} INFO - Sync 1 DAGs
[2026-06-30T08:34:43.609+0000] {logging_mixin.py:188} INFO - [2026-06-30T08:34:43.608+0000] {dag.py:3954} INFO - Setting next_dagrun for example_sla_dag to 2026-06-30 08:32:00+00:00, run_after=2026-06-30 08:34:00+00:00
[2026-06-30T08:34:43.623+0000] {processor.py:183} INFO - Processing /home/airflow/.local/lib/python3.12/site-packages/airflow/example_dags/example_sla_dag.py took 0.061 seconds
[2026-06-30T08:35:14.053+0000] {processor.py:161} INFO - Started process (PID=23672) to work on /home/airflow/.local/lib/python3.12/site-packages/airflow/example_dags/example_sla_dag.py
[2026-06-30T08:35:14.054+0000] {processor.py:830} INFO - Processing file /home/airflow/.local/lib/python3.12/site-packages/airflow/example_dags/example_sla_dag.py for tasks to queue
[2026-06-30T08:35:14.055+0000] {logging_mixin.py:188} INFO - [2026-06-30T08:35:14.055+0000] {dagbag.py:545} INFO - Filling up the DagBag from /home/airflow/.local/lib/python3.12/site-packages/airflow/example_dags/example_sla_dag.py
[2026-06-30T08:35:14.061+0000] {processor.py:840} INFO - DAG(s) 'example_sla_dag' retrieved from /home/airflow/.local/lib/python3.12/site-packages/airflow/example_dags/example_sla_dag.py
[2026-06-30T08:35:14.075+0000] {logging_mixin.py:188} INFO - [2026-06-30T08:35:14.075+0000] {dag.py:3096} INFO - Sync 1 DAGs
[2026-06-30T08:35:14.091+0000] {logging_mixin.py:188} INFO - [2026-06-30T08:35:14.091+0000] {dag.py:3954} INFO - Setting next_dagrun for example_sla_dag to 2026-06-30 08:32:00+00:00, run_after=2026-06-30 08:34:00+00:00
[2026-06-30T08:35:14.104+0000] {processor.py:183} INFO - Processing /home/airflow/.local/lib/python3.12/site-packages/airflow/example_dags/example_sla_dag.py took 0.056 seconds
[2026-06-30T08:35:44.271+0000] {processor.py:161} INFO - Started process (PID=23730) to work on /home/airflow/.local/lib/python3.12/site-packages/airflow/example_dags/example_sla_dag.py
[2026-06-30T08:35:44.272+0000] {processor.py:830} INFO - Processing file /home/airflow/.local/lib/python3.12/site-packages/airflow/example_dags/example_sla_dag.py for tasks to queue
[2026-06-30T08:35:44.272+0000] {logging_mixin.py:188} INFO - [2026-06-30T08:35:44.272+0000] {dagbag.py:545} INFO - Filling up the DagBag from /home/airflow/.local/lib/python3.12/site-packages/airflow/example_dags/example_sla_dag.py
[2026-06-30T08:35:44.279+0000] {processor.py:840} INFO - DAG(s) 'example_sla_dag' retrieved from /home/airflow/.local/lib/python3.12/site-packages/airflow/example_dags/example_sla_dag.py
[2026-06-30T08:35:44.293+0000] {logging_mixin.py:188} INFO - [2026-06-30T08:35:44.293+0000] {dag.py:3096} INFO - Sync 1 DAGs
[2026-06-30T08:35:44.309+0000] {logging_mixin.py:188} INFO - [2026-06-30T08:35:44.309+0000] {dag.py:3954} INFO - Setting next_dagrun for example_sla_dag to 2026-06-30 08:32:00+00:00, run_after=2026-06-30 08:34:00+00:00
[2026-06-30T08:35:44.321+0000] {processor.py:183} INFO - Processing /home/airflow/.local/lib/python3.12/site-packages/airflow/example_dags/example_sla_dag.py took 0.054 seconds
[2026-06-30T08:36:14.888+0000] {processor.py:161} INFO - Started process (PID=23788) to work on /home/airflow/.local/lib/python3.12/site-packages/airflow/example_dags/example_sla_dag.py
[2026-06-30T08:36:14.889+0000] {processor.py:830} INFO - Processing file /home/airflow/.local/lib/python3.12/site-packages/airflow/example_dags/example_sla_dag.py for tasks to queue
[2026-06-30T08:36:14.890+0000] {logging_mixin.py:188} INFO - [2026-06-30T08:36:14.889+0000] {dagbag.py:545} INFO - Filling up the DagBag from /home/airflow/.local/lib/python3.12/site-packages/airflow/example_dags/example_sla_dag.py
[2026-06-30T08:36:14.895+0000] {processor.py:840} INFO - DAG(s) 'example_sla_dag' retrieved from /home/airflow/.local/lib/python3.12/site-packages/airflow/example_dags/example_sla_dag.py
[2026-06-30T08:36:14.910+0000] {logging_mixin.py:188} INFO - [2026-06-30T08:36:14.910+0000] {dag.py:3096} INFO - Sync 1 DAGs
[2026-06-30T08:36:14.925+0000] {logging_mixin.py:188} INFO - [2026-06-30T08:36:14.925+0000] {dag.py:3954} INFO - Setting next_dagrun for example_sla_dag to 2026-06-30 08:34:00+00:00, run_after=2026-06-30 08:36:00+00:00
[2026-06-30T08:36:14.938+0000] {processor.py:183} INFO - Processing /home/airflow/.local/lib/python3.12/site-packages/airflow/example_dags/example_sla_dag.py took 0.055 seconds
[2026-06-30T08:36:45.193+0000] {processor.py:161} INFO - Started process (PID=23847) to work on /home/airflow/.local/lib/python3.12/site-packages/airflow/example_dags/example_sla_dag.py
[2026-06-30T08:36:45.194+0000] {processor.py:830} INFO - Processing file /home/airflow/.local/lib/python3.12/site-packages/airflow/example_dags/example_sla_dag.py for tasks to queue
[2026-06-30T08:36:45.194+0000] {logging_mixin.py:188} INFO - [2026-06-30T08:36:45.194+0000] {dagbag.py:545} INFO - Filling up the DagBag from /home/airflow/.local/lib/python3.12/site-packages/airflow/example_dags/example_sla_dag.py
[2026-06-30T08:36:45.201+0000] {processor.py:840} INFO - DAG(s) 'example_sla_dag' retrieved from /home/airflow/.local/lib/python3.12/site-packages/airflow/example_dags/example_sla_dag.py
[2026-06-30T08:36:45.215+0000] {logging_mixin.py:188} INFO - [2026-06-30T08:36:45.215+0000] {dag.py:3096} INFO - Sync 1 DAGs
[2026-06-30T08:36:45.235+0000] {logging_mixin.py:188} INFO - [2026-06-30T08:36:45.235+0000] {dag.py:3954} INFO - Setting next_dagrun for example_sla_dag to 2026-06-30 08:34:00+00:00, run_after=2026-06-30 08:36:00+00:00
[2026-06-30T08:36:45.249+0000] {processor.py:183} INFO - Processing /home/airflow/.local/lib/python3.12/site-packages/airflow/example_dags/example_sla_dag.py took 0.061 seconds
[2026-06-30T08:37:15.591+0000] {processor.py:161} INFO - Started process (PID=23905) to work on /home/airflow/.local/lib/python3.12/site-packages/airflow/example_dags/example_sla_dag.py
[2026-06-30T08:37:15.591+0000] {processor.py:830} INFO - Processing file /home/airflow/.local/lib/python3.12/site-packages/airflow/example_dags/example_sla_dag.py for tasks to queue
[2026-06-30T08:37:15.592+0000] {logging_mixin.py:188} INFO - [2026-06-30T08:37:15.592+0000] {dagbag.py:545} INFO - Filling up the DagBag from /home/airflow/.local/lib/python3.12/site-packages/airflow/example_dags/example_sla_dag.py
[2026-06-30T08:37:15.599+0000] {processor.py:840} INFO - DAG(s) 'example_sla_dag' retrieved from /home/airflow/.local/lib/python3.12/site-packages/airflow/example_dags/example_sla_dag.py
[2026-06-30T08:37:15.613+0000] {logging_mixin.py:188} INFO - [2026-06-30T08:37:15.613+0000] {dag.py:3096} INFO - Sync 1 DAGs
[2026-06-30T08:37:15.629+0000] {logging_mixin.py:188} INFO - [2026-06-30T08:37:15.629+0000] {dag.py:3954} INFO - Setting next_dagrun for example_sla_dag to 2026-06-30 08:34:00+00:00, run_after=2026-06-30 08:36:00+00:00
[2026-06-30T08:37:15.641+0000] {processor.py:183} INFO - Processing /home/airflow/.local/lib/python3.12/site-packages/airflow/example_dags/example_sla_dag.py took 0.055 seconds
[2026-06-30T08:37:46.017+0000] {processor.py:161} INFO - Started process (PID=23963) to work on /home/airflow/.local/lib/python3.12/site-packages/airflow/example_dags/example_sla_dag.py
[2026-06-30T08:37:46.018+0000] {processor.py:830} INFO - Processing file /home/airflow/.local/lib/python3.12/site-packages/airflow/example_dags/example_sla_dag.py for tasks to queue
[2026-06-30T08:37:46.019+0000] {logging_mixin.py:188} INFO - [2026-06-30T08:37:46.019+0000] {dagbag.py:545} INFO - Filling up the DagBag from /home/airflow/.local/lib/python3.12/site-packages/airflow/example_dags/example_sla_dag.py
[2026-06-30T08:37:46.025+0000] {processor.py:840} INFO - DAG(s) 'example_sla_dag' retrieved from /home/airflow/.local/lib/python3.12/site-packages/airflow/example_dags/example_sla_dag.py
[2026-06-30T08:37:46.039+0000] {logging_mixin.py:188} INFO - [2026-06-30T08:37:46.038+0000] {dag.py:3096} INFO - Sync 1 DAGs
[2026-06-30T08:37:46.053+0000] {logging_mixin.py:188} INFO - [2026-06-30T08:37:46.053+0000] {dag.py:3954} INFO - Setting next_dagrun for example_sla_dag to 2026-06-30 08:34:00+00:00, run_after=2026-06-30 08:36:00+00:00
[2026-06-30T08:37:46.066+0000] {processor.py:183} INFO - Processing /home/airflow/.local/lib/python3.12/site-packages/airflow/example_dags/example_sla_dag.py took 0.053 seconds
[2026-06-30T08:38:16.486+0000] {processor.py:161} INFO - Started process (PID=24019) to work on /home/airflow/.local/lib/python3.12/site-packages/airflow/example_dags/example_sla_dag.py
[2026-06-30T08:38:16.487+0000] {processor.py:830} INFO - Processing file /home/airflow/.local/lib/python3.12/site-packages/airflow/example_dags/example_sla_dag.py for tasks to queue
[2026-06-30T08:38:16.488+0000] {logging_mixin.py:188} INFO - [2026-06-30T08:38:16.488+0000] {dagbag.py:545} INFO - Filling up the DagBag from /home/airflow/.local/lib/python3.12/site-packages/airflow/example_dags/example_sla_dag.py
[2026-06-30T08:38:16.494+0000] {processor.py:840} INFO - DAG(s) 'example_sla_dag' retrieved from /home/airflow/.local/lib/python3.12/site-packages/airflow/example_dags/example_sla_dag.py
[2026-06-30T08:38:16.510+0000] {logging_mixin.py:188} INFO - [2026-06-30T08:38:16.510+0000] {dag.py:3096} INFO - Sync 1 DAGs
[2026-06-30T08:38:16.526+0000] {logging_mixin.py:188} INFO - [2026-06-30T08:38:16.526+0000] {dag.py:3954} INFO - Setting next_dagrun for example_sla_dag to 2026-06-30 08:36:00+00:00, run_after=2026-06-30 08:38:00+00:00
[2026-06-30T08:38:16.539+0000] {processor.py:183} INFO - Processing /home/airflow/.local/lib/python3.12/site-packages/airflow/example_dags/example_sla_dag.py took 0.057 seconds
[2026-06-30T08:38:46.880+0000] {processor.py:161} INFO - Started process (PID=24077) to work on /home/airflow/.local/lib/python3.12/site-packages/airflow/example_dags/example_sla_dag.py
[2026-06-30T08:38:46.881+0000] {processor.py:830} INFO - Processing file /home/airflow/.local/lib/python3.12/site-packages/airflow/example_dags/example_sla_dag.py for tasks to queue
[2026-06-30T08:38:46.882+0000] {logging_mixin.py:188} INFO - [2026-06-30T08:38:46.881+0000] {dagbag.py:545} INFO - Filling up the DagBag from /home/airflow/.local/lib/python3.12/site-packages/airflow/example_dags/example_sla_dag.py
[2026-06-30T08:38:46.889+0000] {processor.py:840} INFO - DAG(s) 'example_sla_dag' retrieved from /home/airflow/.local/lib/python3.12/site-packages/airflow/example_dags/example_sla_dag.py
[2026-06-30T08:38:46.905+0000] {logging_mixin.py:188} INFO - [2026-06-30T08:38:46.905+0000] {dag.py:3096} INFO - Sync 1 DAGs
[2026-06-30T08:38:46.921+0000] {logging_mixin.py:188} INFO - [2026-06-30T08:38:46.921+0000] {dag.py:3954} INFO - Setting next_dagrun for example_sla_dag to 2026-06-30 08:36:00+00:00, run_after=2026-06-30 08:38:00+00:00
[2026-06-30T08:38:46.935+0000] {processor.py:183} INFO - Processing /home/airflow/.local/lib/python3.12/site-packages/airflow/example_dags/example_sla_dag.py took 0.059 seconds
[2026-06-30T08:39:17.513+0000] {processor.py:161} INFO - Started process (PID=24135) to work on /home/airflow/.local/lib/python3.12/site-packages/airflow/example_dags/example_sla_dag.py
[2026-06-30T08:39:17.514+0000] {processor.py:830} INFO - Processing file /home/airflow/.local/lib/python3.12/site-packages/airflow/example_dags/example_sla_dag.py for tasks to queue
[2026-06-30T08:39:17.515+0000] {logging_mixin.py:188} INFO - [2026-06-30T08:39:17.515+0000] {dagbag.py:545} INFO - Filling up the DagBag from /home/airflow/.local/lib/python3.12/site-packages/airflow/example_dags/example_sla_dag.py
[2026-06-30T08:39:17.523+0000] {processor.py:840} INFO - DAG(s) 'example_sla_dag' retrieved from /home/airflow/.local/lib/python3.12/site-packages/airflow/example_dags/example_sla_dag.py
[2026-06-30T08:39:17.548+0000] {logging_mixin.py:188} INFO - [2026-06-30T08:39:17.548+0000] {dag.py:3096} INFO - Sync 1 DAGs
[2026-06-30T08:39:17.576+0000] {logging_mixin.py:188} INFO - [2026-06-30T08:39:17.576+0000] {dag.py:3954} INFO - Setting next_dagrun for example_sla_dag to 2026-06-30 08:36:00+00:00, run_after=2026-06-30 08:38:00+00:00
[2026-06-30T08:39:17.593+0000] {processor.py:183} INFO - Processing /home/airflow/.local/lib/python3.12/site-packages/airflow/example_dags/example_sla_dag.py took 0.086 seconds
[2026-06-30T08:39:48.018+0000] {processor.py:161} INFO - Started process (PID=24193) to work on /home/airflow/.local/lib/python3.12/site-packages/airflow/example_dags/example_sla_dag.py
[2026-06-30T08:39:48.019+0000] {processor.py:830} INFO - Processing file /home/airflow/.local/lib/python3.12/site-packages/airflow/example_dags/example_sla_dag.py for tasks to queue
[2026-06-30T08:39:48.020+0000] {logging_mixin.py:188} INFO - [2026-06-30T08:39:48.020+0000] {dagbag.py:545} INFO - Filling up the DagBag from /home/airflow/.local/lib/python3.12/site-packages/airflow/example_dags/example_sla_dag.py
[2026-06-30T08:39:48.027+0000] {processor.py:840} INFO - DAG(s) 'example_sla_dag' retrieved from /home/airflow/.local/lib/python3.12/site-packages/airflow/example_dags/example_sla_dag.py
[2026-06-30T08:39:48.042+0000] {logging_mixin.py:188} INFO - [2026-06-30T08:39:48.042+0000] {dag.py:3096} INFO - Sync 1 DAGs
[2026-06-30T08:39:48.058+0000] {logging_mixin.py:188} INFO - [2026-06-30T08:39:48.058+0000] {dag.py:3954} INFO - Setting next_dagrun for example_sla_dag to 2026-06-30 08:36:00+00:00, run_after=2026-06-30 08:38:00+00:00
[2026-06-30T08:39:48.071+0000] {processor.py:183} INFO - Processing /home/airflow/.local/lib/python3.12/site-packages/airflow/example_dags/example_sla_dag.py took 0.058 seconds
[2026-06-30T08:40:18.691+0000] {processor.py:161} INFO - Started process (PID=24251) to work on /home/airflow/.local/lib/python3.12/site-packages/airflow/example_dags/example_sla_dag.py
[2026-06-30T08:40:18.692+0000] {processor.py:830} INFO - Processing file /home/airflow/.local/lib/python3.12/site-packages/airflow/example_dags/example_sla_dag.py for tasks to queue
[2026-06-30T08:40:18.693+0000] {logging_mixin.py:188} INFO - [2026-06-30T08:40:18.693+0000] {dagbag.py:545} INFO - Filling up the DagBag from /home/airflow/.local/lib/python3.12/site-packages/airflow/example_dags/example_sla_dag.py
[2026-06-30T08:40:18.699+0000] {processor.py:840} INFO - DAG(s) 'example_sla_dag' retrieved from /home/airflow/.local/lib/python3.12/site-packages/airflow/example_dags/example_sla_dag.py
[2026-06-30T08:40:18.715+0000] {logging_mixin.py:188} INFO - [2026-06-30T08:40:18.714+0000] {dag.py:3096} INFO - Sync 1 DAGs
[2026-06-30T08:40:18.730+0000] {logging_mixin.py:188} INFO - [2026-06-30T08:40:18.730+0000] {dag.py:3954} INFO - Setting next_dagrun for example_sla_dag to 2026-06-30 08:38:00+00:00, run_after=2026-06-30 08:40:00+00:00
[2026-06-30T08:40:18.742+0000] {processor.py:183} INFO - Processing /home/airflow/.local/lib/python3.12/site-packages/airflow/example_dags/example_sla_dag.py took 0.055 seconds
[2026-06-30T08:40:49.308+0000] {processor.py:161} INFO - Started process (PID=24309) to work on /home/airflow/.local/lib/python3.12/site-packages/airflow/example_dags/example_sla_dag.py
[2026-06-30T08:40:49.309+0000] {processor.py:830} INFO - Processing file /home/airflow/.local/lib/python3.12/site-packages/airflow/example_dags/example_sla_dag.py for tasks to queue
[2026-06-30T08:40:49.310+0000] {logging_mixin.py:188} INFO - [2026-06-30T08:40:49.310+0000] {dagbag.py:545} INFO - Filling up the DagBag from /home/airflow/.local/lib/python3.12/site-packages/airflow/example_dags/example_sla_dag.py
[2026-06-30T08:40:49.317+0000] {processor.py:840} INFO - DAG(s) 'example_sla_dag' retrieved from /home/airflow/.local/lib/python3.12/site-packages/airflow/example_dags/example_sla_dag.py
[2026-06-30T08:40:49.333+0000] {logging_mixin.py:188} INFO - [2026-06-30T08:40:49.333+0000] {dag.py:3096} INFO - Sync 1 DAGs
[2026-06-30T08:40:49.349+0000] {logging_mixin.py:188} INFO - [2026-06-30T08:40:49.349+0000] {dag.py:3954} INFO - Setting next_dagrun for example_sla_dag to 2026-06-30 08:38:00+00:00, run_after=2026-06-30 08:40:00+00:00
[2026-06-30T08:40:49.362+0000] {processor.py:183} INFO - Processing /home/airflow/.local/lib/python3.12/site-packages/airflow/example_dags/example_sla_dag.py took 0.060 seconds
[2026-06-30T08:41:20.819+0000] {processor.py:161} INFO - Started process (PID=24367) to work on /home/airflow/.local/lib/python3.12/site-packages/airflow/example_dags/example_sla_dag.py
[2026-06-30T08:41:20.822+0000] {processor.py:830} INFO - Processing file /home/airflow/.local/lib/python3.12/site-packages/airflow/example_dags/example_sla_dag.py for tasks to queue
[2026-06-30T08:41:20.825+0000] {logging_mixin.py:188} INFO - [2026-06-30T08:41:20.824+0000] {dagbag.py:545} INFO - Filling up the DagBag from /home/airflow/.local/lib/python3.12/site-packages/airflow/example_dags/example_sla_dag.py
[2026-06-30T08:41:20.837+0000] {processor.py:840} INFO - DAG(s) 'example_sla_dag' retrieved from /home/airflow/.local/lib/python3.12/site-packages/airflow/example_dags/example_sla_dag.py
[2026-06-30T08:41:20.873+0000] {logging_mixin.py:188} INFO - [2026-06-30T08:41:20.872+0000] {dag.py:3096} INFO - Sync 1 DAGs
[2026-06-30T08:41:20.910+0000] {logging_mixin.py:188} INFO - [2026-06-30T08:41:20.909+0000] {dag.py:3954} INFO - Setting next_dagrun for example_sla_dag to 2026-06-30 08:38:00+00:00, run_after=2026-06-30 08:40:00+00:00
[2026-06-30T08:41:20.943+0000] {processor.py:183} INFO - Processing /home/airflow/.local/lib/python3.12/site-packages/airflow/example_dags/example_sla_dag.py took 0.132 seconds
[2026-06-30T08:41:51.203+0000] {processor.py:161} INFO - Started process (PID=24425) to work on /home/airflow/.local/lib/python3.12/site-packages/airflow/example_dags/example_sla_dag.py
[2026-06-30T08:41:51.203+0000] {processor.py:830} INFO - Processing file /home/airflow/.local/lib/python3.12/site-packages/airflow/example_dags/example_sla_dag.py for tasks to queue
[2026-06-30T08:41:51.204+0000] {logging_mixin.py:188} INFO - [2026-06-30T08:41:51.204+0000] {dagbag.py:545} INFO - Filling up the DagBag from /home/airflow/.local/lib/python3.12/site-packages/airflow/example_dags/example_sla_dag.py
[2026-06-30T08:41:51.210+0000] {processor.py:840} INFO - DAG(s) 'example_sla_dag' retrieved from /home/airflow/.local/lib/python3.12/site-packages/airflow/example_dags/example_sla_dag.py
[2026-06-30T08:41:51.223+0000] {logging_mixin.py:188} INFO - [2026-06-30T08:41:51.223+0000] {dag.py:3096} INFO - Sync 1 DAGs
[2026-06-30T08:41:51.238+0000] {logging_mixin.py:188} INFO - [2026-06-30T08:41:51.238+0000] {dag.py:3954} INFO - Setting next_dagrun for example_sla_dag to 2026-06-30 08:38:00+00:00, run_after=2026-06-30 08:40:00+00:00
[2026-06-30T08:41:51.249+0000] {processor.py:183} INFO - Processing /home/airflow/.local/lib/python3.12/site-packages/airflow/example_dags/example_sla_dag.py took 0.051 seconds
[2026-06-30T08:42:21.784+0000] {processor.py:161} INFO - Started process (PID=24483) to work on /home/airflow/.local/lib/python3.12/site-packages/airflow/example_dags/example_sla_dag.py
[2026-06-30T08:42:21.785+0000] {processor.py:830} INFO - Processing file /home/airflow/.local/lib/python3.12/site-packages/airflow/example_dags/example_sla_dag.py for tasks to queue
[2026-06-30T08:42:21.785+0000] {logging_mixin.py:188} INFO - [2026-06-30T08:42:21.785+0000] {dagbag.py:545} INFO - Filling up the DagBag from /home/airflow/.local/lib/python3.12/site-packages/airflow/example_dags/example_sla_dag.py
[2026-06-30T08:42:21.792+0000] {processor.py:840} INFO - DAG(s) 'example_sla_dag' retrieved from /home/airflow/.local/lib/python3.12/site-packages/airflow/example_dags/example_sla_dag.py
[2026-06-30T08:42:21.806+0000] {logging_mixin.py:188} INFO - [2026-06-30T08:42:21.806+0000] {dag.py:3096} INFO - Sync 1 DAGs
[2026-06-30T08:42:21.821+0000] {logging_mixin.py:188} INFO - [2026-06-30T08:42:21.821+0000] {dag.py:3954} INFO - Setting next_dagrun for example_sla_dag to 2026-06-30 08:40:00+00:00, run_after=2026-06-30 08:42:00+00:00
[2026-06-30T08:42:21.838+0000] {processor.py:183} INFO - Processing /home/airflow/.local/lib/python3.12/site-packages/airflow/example_dags/example_sla_dag.py took 0.058 seconds
[2026-06-30T08:42:52.666+0000] {processor.py:161} INFO - Started process (PID=24541) to work on /home/airflow/.local/lib/python3.12/site-packages/airflow/example_dags/example_sla_dag.py
[2026-06-30T08:42:52.667+0000] {processor.py:830} INFO - Processing file /home/airflow/.local/lib/python3.12/site-packages/airflow/example_dags/example_sla_dag.py for tasks to queue
[2026-06-30T08:42:52.668+0000] {logging_mixin.py:188} INFO - [2026-06-30T08:42:52.668+0000] {dagbag.py:545} INFO - Filling up the DagBag from /home/airflow/.local/lib/python3.12/site-packages/airflow/example_dags/example_sla_dag.py
[2026-06-30T08:42:52.675+0000] {processor.py:840} INFO - DAG(s) 'example_sla_dag' retrieved from /home/airflow/.local/lib/python3.12/site-packages/airflow/example_dags/example_sla_dag.py
[2026-06-30T08:42:52.692+0000] {logging_mixin.py:188} INFO - [2026-06-30T08:42:52.692+0000] {dag.py:3096} INFO - Sync 1 DAGs
[2026-06-30T08:42:52.710+0000] {logging_mixin.py:188} INFO - [2026-06-30T08:42:52.710+0000] {dag.py:3954} INFO - Setting next_dagrun for example_sla_dag to 2026-06-30 08:40:00+00:00, run_after=2026-06-30 08:42:00+00:00
[2026-06-30T08:42:52.723+0000] {processor.py:183} INFO - Processing /home/airflow/.local/lib/python3.12/site-packages/airflow/example_dags/example_sla_dag.py took 0.062 seconds
[2026-06-30T08:43:23.579+0000] {processor.py:161} INFO - Started process (PID=24599) to work on /home/airflow/.local/lib/python3.12/site-packages/airflow/example_dags/example_sla_dag.py
[2026-06-30T08:43:23.580+0000] {processor.py:830} INFO - Processing file /home/airflow/.local/lib/python3.12/site-packages/airflow/example_dags/example_sla_dag.py for tasks to queue
[2026-06-30T08:43:23.581+0000] {logging_mixin.py:188} INFO - [2026-06-30T08:43:23.581+0000] {dagbag.py:545} INFO - Filling up the DagBag from /home/airflow/.local/lib/python3.12/site-packages/airflow/example_dags/example_sla_dag.py
[2026-06-30T08:43:23.590+0000] {processor.py:840} INFO - DAG(s) 'example_sla_dag' retrieved from /home/airflow/.local/lib/python3.12/site-packages/airflow/example_dags/example_sla_dag.py
[2026-06-30T08:43:23.607+0000] {logging_mixin.py:188} INFO - [2026-06-30T08:43:23.607+0000] {dag.py:3096} INFO - Sync 1 DAGs
[2026-06-30T08:43:23.626+0000] {logging_mixin.py:188} INFO - [2026-06-30T08:43:23.626+0000] {dag.py:3954} INFO - Setting next_dagrun for example_sla_dag to 2026-06-30 08:40:00+00:00, run_after=2026-06-30 08:42:00+00:00
[2026-06-30T08:43:23.641+0000] {processor.py:183} INFO - Processing /home/airflow/.local/lib/python3.12/site-packages/airflow/example_dags/example_sla_dag.py took 0.067 seconds
[2026-06-30T08:43:53.853+0000] {processor.py:161} INFO - Started process (PID=24657) to work on /home/airflow/.local/lib/python3.12/site-packages/airflow/example_dags/example_sla_dag.py
[2026-06-30T08:43:53.854+0000] {processor.py:830} INFO - Processing file /home/airflow/.local/lib/python3.12/site-packages/airflow/example_dags/example_sla_dag.py for tasks to queue
[2026-06-30T08:43:53.854+0000] {logging_mixin.py:188} INFO - [2026-06-30T08:43:53.854+0000] {dagbag.py:545} INFO - Filling up the DagBag from /home/airflow/.local/lib/python3.12/site-packages/airflow/example_dags/example_sla_dag.py
[2026-06-30T08:43:53.861+0000] {processor.py:840} INFO - DAG(s) 'example_sla_dag' retrieved from /home/airflow/.local/lib/python3.12/site-packages/airflow/example_dags/example_sla_dag.py
[2026-06-30T08:43:53.875+0000] {logging_mixin.py:188} INFO - [2026-06-30T08:43:53.875+0000] {dag.py:3096} INFO - Sync 1 DAGs
[2026-06-30T08:43:53.891+0000] {logging_mixin.py:188} INFO - [2026-06-30T08:43:53.891+0000] {dag.py:3954} INFO - Setting next_dagrun for example_sla_dag to 2026-06-30 08:40:00+00:00, run_after=2026-06-30 08:42:00+00:00
[2026-06-30T08:43:53.903+0000] {processor.py:183} INFO - Processing /home/airflow/.local/lib/python3.12/site-packages/airflow/example_dags/example_sla_dag.py took 0.055 seconds
[2026-06-30T08:44:24.293+0000] {processor.py:161} INFO - Started process (PID=24715) to work on /home/airflow/.local/lib/python3.12/site-packages/airflow/example_dags/example_sla_dag.py
[2026-06-30T08:44:24.294+0000] {processor.py:830} INFO - Processing file /home/airflow/.local/lib/python3.12/site-packages/airflow/example_dags/example_sla_dag.py for tasks to queue
[2026-06-30T08:44:24.294+0000] {logging_mixin.py:188} INFO - [2026-06-30T08:44:24.294+0000] {dagbag.py:545} INFO - Filling up the DagBag from /home/airflow/.local/lib/python3.12/site-packages/airflow/example_dags/example_sla_dag.py
[2026-06-30T08:44:24.300+0000] {processor.py:840} INFO - DAG(s) 'example_sla_dag' retrieved from /home/airflow/.local/lib/python3.12/site-packages/airflow/example_dags/example_sla_dag.py
[2026-06-30T08:44:24.315+0000] {logging_mixin.py:188} INFO - [2026-06-30T08:44:24.315+0000] {dag.py:3096} INFO - Sync 1 DAGs
[2026-06-30T08:44:24.332+0000] {logging_mixin.py:188} INFO - [2026-06-30T08:44:24.332+0000] {dag.py:3954} INFO - Setting next_dagrun for example_sla_dag to 2026-06-30 08:42:00+00:00, run_after=2026-06-30 08:44:00+00:00
[2026-06-30T08:44:24.346+0000] {processor.py:183} INFO - Processing /home/airflow/.local/lib/python3.12/site-packages/airflow/example_dags/example_sla_dag.py took 0.057 seconds
[2026-06-30T08:44:54.716+0000] {processor.py:161} INFO - Started process (PID=24773) to work on /home/airflow/.local/lib/python3.12/site-packages/airflow/example_dags/example_sla_dag.py
[2026-06-30T08:44:54.717+0000] {processor.py:830} INFO - Processing file /home/airflow/.local/lib/python3.12/site-packages/airflow/example_dags/example_sla_dag.py for tasks to queue
[2026-06-30T08:44:54.718+0000] {logging_mixin.py:188} INFO - [2026-06-30T08:44:54.718+0000] {dagbag.py:545} INFO - Filling up the DagBag from /home/airflow/.local/lib/python3.12/site-packages/airflow/example_dags/example_sla_dag.py
[2026-06-30T08:44:54.725+0000] {processor.py:840} INFO - DAG(s) 'example_sla_dag' retrieved from /home/airflow/.local/lib/python3.12/site-packages/airflow/example_dags/example_sla_dag.py
[2026-06-30T08:44:54.744+0000] {logging_mixin.py:188} INFO - [2026-06-30T08:44:54.743+0000] {dag.py:3096} INFO - Sync 1 DAGs
[2026-06-30T08:44:54.760+0000] {logging_mixin.py:188} INFO - [2026-06-30T08:44:54.760+0000] {dag.py:3954} INFO - Setting next_dagrun for example_sla_dag to 2026-06-30 08:42:00+00:00, run_after=2026-06-30 08:44:00+00:00
[2026-06-30T08:44:54.772+0000] {processor.py:183} INFO - Processing /home/airflow/.local/lib/python3.12/site-packages/airflow/example_dags/example_sla_dag.py took 0.061 seconds
[2026-06-30T08:45:25.344+0000] {processor.py:161} INFO - Started process (PID=24831) to work on /home/airflow/.local/lib/python3.12/site-packages/airflow/example_dags/example_sla_dag.py
[2026-06-30T08:45:25.345+0000] {processor.py:830} INFO - Processing file /home/airflow/.local/lib/python3.12/site-packages/airflow/example_dags/example_sla_dag.py for tasks to queue
[2026-06-30T08:45:25.346+0000] {logging_mixin.py:188} INFO - [2026-06-30T08:45:25.346+0000] {dagbag.py:545} INFO - Filling up the DagBag from /home/airflow/.local/lib/python3.12/site-packages/airflow/example_dags/example_sla_dag.py
[2026-06-30T08:45:25.352+0000] {processor.py:840} INFO - DAG(s) 'example_sla_dag' retrieved from /home/airflow/.local/lib/python3.12/site-packages/airflow/example_dags/example_sla_dag.py
[2026-06-30T08:45:25.367+0000] {logging_mixin.py:188} INFO - [2026-06-30T08:45:25.367+0000] {dag.py:3096} INFO - Sync 1 DAGs
[2026-06-30T08:45:25.383+0000] {logging_mixin.py:188} INFO - [2026-06-30T08:45:25.383+0000] {dag.py:3954} INFO - Setting next_dagrun for example_sla_dag to 2026-06-30 08:42:00+00:00, run_after=2026-06-30 08:44:00+00:00
[2026-06-30T08:45:25.395+0000] {processor.py:183} INFO - Processing /home/airflow/.local/lib/python3.12/site-packages/airflow/example_dags/example_sla_dag.py took 0.056 seconds
[2026-06-30T08:45:56.094+0000] {processor.py:161} INFO - Started process (PID=24889) to work on /home/airflow/.local/lib/python3.12/site-packages/airflow/example_dags/example_sla_dag.py
[2026-06-30T08:45:56.095+0000] {processor.py:830} INFO - Processing file /home/airflow/.local/lib/python3.12/site-packages/airflow/example_dags/example_sla_dag.py for tasks to queue
[2026-06-30T08:45:56.095+0000] {logging_mixin.py:188} INFO - [2026-06-30T08:45:56.095+0000] {dagbag.py:545} INFO - Filling up the DagBag from /home/airflow/.local/lib/python3.12/site-packages/airflow/example_dags/example_sla_dag.py
[2026-06-30T08:45:56.102+0000] {processor.py:840} INFO - DAG(s) 'example_sla_dag' retrieved from /home/airflow/.local/lib/python3.12/site-packages/airflow/example_dags/example_sla_dag.py
[2026-06-30T08:45:56.119+0000] {logging_mixin.py:188} INFO - [2026-06-30T08:45:56.119+0000] {dag.py:3096} INFO - Sync 1 DAGs
[2026-06-30T08:45:56.137+0000] {logging_mixin.py:188} INFO - [2026-06-30T08:45:56.137+0000] {dag.py:3954} INFO - Setting next_dagrun for example_sla_dag to 2026-06-30 08:42:00+00:00, run_after=2026-06-30 08:44:00+00:00
[2026-06-30T08:45:56.151+0000] {processor.py:183} INFO - Processing /home/airflow/.local/lib/python3.12/site-packages/airflow/example_dags/example_sla_dag.py took 0.062 seconds
[2026-06-30T08:46:26.750+0000] {processor.py:161} INFO - Started process (PID=24947) to work on /home/airflow/.local/lib/python3.12/site-packages/airflow/example_dags/example_sla_dag.py
[2026-06-30T08:46:26.751+0000] {processor.py:830} INFO - Processing file /home/airflow/.local/lib/python3.12/site-packages/airflow/example_dags/example_sla_dag.py for tasks to queue
[2026-06-30T08:46:26.752+0000] {logging_mixin.py:188} INFO - [2026-06-30T08:46:26.751+0000] {dagbag.py:545} INFO - Filling up the DagBag from /home/airflow/.local/lib/python3.12/site-packages/airflow/example_dags/example_sla_dag.py
[2026-06-30T08:46:26.759+0000] {processor.py:840} INFO - DAG(s) 'example_sla_dag' retrieved from /home/airflow/.local/lib/python3.12/site-packages/airflow/example_dags/example_sla_dag.py
[2026-06-30T08:46:26.776+0000] {logging_mixin.py:188} INFO - [2026-06-30T08:46:26.776+0000] {dag.py:3096} INFO - Sync 1 DAGs
[2026-06-30T08:46:26.794+0000] {logging_mixin.py:188} INFO - [2026-06-30T08:46:26.794+0000] {dag.py:3954} INFO - Setting next_dagrun for example_sla_dag to 2026-06-30 08:44:00+00:00, run_after=2026-06-30 08:46:00+00:00
[2026-06-30T08:46:26.810+0000] {processor.py:183} INFO - Processing /home/airflow/.local/lib/python3.12/site-packages/airflow/example_dags/example_sla_dag.py took 0.064 seconds
[2026-06-30T08:46:57.146+0000] {processor.py:161} INFO - Started process (PID=25005) to work on /home/airflow/.local/lib/python3.12/site-packages/airflow/example_dags/example_sla_dag.py
[2026-06-30T08:46:57.147+0000] {processor.py:830} INFO - Processing file /home/airflow/.local/lib/python3.12/site-packages/airflow/example_dags/example_sla_dag.py for tasks to queue
[2026-06-30T08:46:57.148+0000] {logging_mixin.py:188} INFO - [2026-06-30T08:46:57.148+0000] {dagbag.py:545} INFO - Filling up the DagBag from /home/airflow/.local/lib/python3.12/site-packages/airflow/example_dags/example_sla_dag.py
[2026-06-30T08:46:57.159+0000] {processor.py:840} INFO - DAG(s) 'example_sla_dag' retrieved from /home/airflow/.local/lib/python3.12/site-packages/airflow/example_dags/example_sla_dag.py
[2026-06-30T08:46:57.182+0000] {logging_mixin.py:188} INFO - [2026-06-30T08:46:57.181+0000] {dag.py:3096} INFO - Sync 1 DAGs
[2026-06-30T08:46:57.211+0000] {logging_mixin.py:188} INFO - [2026-06-30T08:46:57.211+0000] {dag.py:3954} INFO - Setting next_dagrun for example_sla_dag to 2026-06-30 08:44:00+00:00, run_after=2026-06-30 08:46:00+00:00
[2026-06-30T08:46:57.232+0000] {processor.py:183} INFO - Processing /home/airflow/.local/lib/python3.12/site-packages/airflow/example_dags/example_sla_dag.py took 0.090 seconds
[2026-06-30T08:47:27.647+0000] {processor.py:161} INFO - Started process (PID=25063) to work on /home/airflow/.local/lib/python3.12/site-packages/airflow/example_dags/example_sla_dag.py
[2026-06-30T08:47:27.648+0000] {processor.py:830} INFO - Processing file /home/airflow/.local/lib/python3.12/site-packages/airflow/example_dags/example_sla_dag.py for tasks to queue
[2026-06-30T08:47:27.648+0000] {logging_mixin.py:188} INFO - [2026-06-30T08:47:27.648+0000] {dagbag.py:545} INFO - Filling up the DagBag from /home/airflow/.local/lib/python3.12/site-packages/airflow/example_dags/example_sla_dag.py
[2026-06-30T08:47:27.655+0000] {processor.py:840} INFO - DAG(s) 'example_sla_dag' retrieved from /home/airflow/.local/lib/python3.12/site-packages/airflow/example_dags/example_sla_dag.py
[2026-06-30T08:47:27.671+0000] {logging_mixin.py:188} INFO - [2026-06-30T08:47:27.671+0000] {dag.py:3096} INFO - Sync 1 DAGs
[2026-06-30T08:47:27.694+0000] {logging_mixin.py:188} INFO - [2026-06-30T08:47:27.694+0000] {dag.py:3954} INFO - Setting next_dagrun for example_sla_dag to 2026-06-30 08:44:00+00:00, run_after=2026-06-30 08:46:00+00:00
[2026-06-30T08:47:27.712+0000] {processor.py:183} INFO - Processing /home/airflow/.local/lib/python3.12/site-packages/airflow/example_dags/example_sla_dag.py took 0.070 seconds
[2026-06-30T08:47:58.315+0000] {processor.py:161} INFO - Started process (PID=25121) to work on /home/airflow/.local/lib/python3.12/site-packages/airflow/example_dags/example_sla_dag.py
[2026-06-30T08:47:58.316+0000] {processor.py:830} INFO - Processing file /home/airflow/.local/lib/python3.12/site-packages/airflow/example_dags/example_sla_dag.py for tasks to queue
[2026-06-30T08:47:58.317+0000] {logging_mixin.py:188} INFO - [2026-06-30T08:47:58.317+0000] {dagbag.py:545} INFO - Filling up the DagBag from /home/airflow/.local/lib/python3.12/site-packages/airflow/example_dags/example_sla_dag.py
[2026-06-30T08:47:58.324+0000] {processor.py:840} INFO - DAG(s) 'example_sla_dag' retrieved from /home/airflow/.local/lib/python3.12/site-packages/airflow/example_dags/example_sla_dag.py
[2026-06-30T08:47:58.342+0000] {logging_mixin.py:188} INFO - [2026-06-30T08:47:58.342+0000] {dag.py:3096} INFO - Sync 1 DAGs
[2026-06-30T08:47:58.360+0000] {logging_mixin.py:188} INFO - [2026-06-30T08:47:58.360+0000] {dag.py:3954} INFO - Setting next_dagrun for example_sla_dag to 2026-06-30 08:44:00+00:00, run_after=2026-06-30 08:46:00+00:00
[2026-06-30T08:47:58.375+0000] {processor.py:183} INFO - Processing /home/airflow/.local/lib/python3.12/site-packages/airflow/example_dags/example_sla_dag.py took 0.066 seconds
[2026-06-30T08:48:28.776+0000] {processor.py:161} INFO - Started process (PID=25179) to work on /home/airflow/.local/lib/python3.12/site-packages/airflow/example_dags/example_sla_dag.py
[2026-06-30T08:48:28.777+0000] {processor.py:830} INFO - Processing file /home/airflow/.local/lib/python3.12/site-packages/airflow/example_dags/example_sla_dag.py for tasks to queue
[2026-06-30T08:48:28.778+0000] {logging_mixin.py:188} INFO - [2026-06-30T08:48:28.778+0000] {dagbag.py:545} INFO - Filling up the DagBag from /home/airflow/.local/lib/python3.12/site-packages/airflow/example_dags/example_sla_dag.py
[2026-06-30T08:48:28.785+0000] {processor.py:840} INFO - DAG(s) 'example_sla_dag' retrieved from /home/airflow/.local/lib/python3.12/site-packages/airflow/example_dags/example_sla_dag.py
[2026-06-30T08:48:28.800+0000] {logging_mixin.py:188} INFO - [2026-06-30T08:48:28.800+0000] {dag.py:3096} INFO - Sync 1 DAGs
[2026-06-30T08:48:28.817+0000] {logging_mixin.py:188} INFO - [2026-06-30T08:48:28.816+0000] {dag.py:3954} INFO - Setting next_dagrun for example_sla_dag to 2026-06-30 08:46:00+00:00, run_after=2026-06-30 08:48:00+00:00
[2026-06-30T08:48:28.830+0000] {processor.py:183} INFO - Processing /home/airflow/.local/lib/python3.12/site-packages/airflow/example_dags/example_sla_dag.py took 0.058 seconds
[2026-06-30T08:48:59.304+0000] {processor.py:161} INFO - Started process (PID=25237) to work on /home/airflow/.local/lib/python3.12/site-packages/airflow/example_dags/example_sla_dag.py
[2026-06-30T08:48:59.305+0000] {processor.py:830} INFO - Processing file /home/airflow/.local/lib/python3.12/site-packages/airflow/example_dags/example_sla_dag.py for tasks to queue
[2026-06-30T08:48:59.305+0000] {logging_mixin.py:188} INFO - [2026-06-30T08:48:59.305+0000] {dagbag.py:545} INFO - Filling up the DagBag from /home/airflow/.local/lib/python3.12/site-packages/airflow/example_dags/example_sla_dag.py
[2026-06-30T08:48:59.312+0000] {processor.py:840} INFO - DAG(s) 'example_sla_dag' retrieved from /home/airflow/.local/lib/python3.12/site-packages/airflow/example_dags/example_sla_dag.py
[2026-06-30T08:48:59.327+0000] {logging_mixin.py:188} INFO - [2026-06-30T08:48:59.327+0000] {dag.py:3096} INFO - Sync 1 DAGs
[2026-06-30T08:48:59.343+0000] {logging_mixin.py:188} INFO - [2026-06-30T08:48:59.343+0000] {dag.py:3954} INFO - Setting next_dagrun for example_sla_dag to 2026-06-30 08:46:00+00:00, run_after=2026-06-30 08:48:00+00:00
[2026-06-30T08:48:59.356+0000] {processor.py:183} INFO - Processing /home/airflow/.local/lib/python3.12/site-packages/airflow/example_dags/example_sla_dag.py took 0.057 seconds
[2026-06-30T08:49:29.966+0000] {processor.py:161} INFO - Started process (PID=25295) to work on /home/airflow/.local/lib/python3.12/site-packages/airflow/example_dags/example_sla_dag.py
[2026-06-30T08:49:29.968+0000] {processor.py:830} INFO - Processing file /home/airflow/.local/lib/python3.12/site-packages/airflow/example_dags/example_sla_dag.py for tasks to queue
[2026-06-30T08:49:29.969+0000] {logging_mixin.py:188} INFO - [2026-06-30T08:49:29.968+0000] {dagbag.py:545} INFO - Filling up the DagBag from /home/airflow/.local/lib/python3.12/site-packages/airflow/example_dags/example_sla_dag.py
[2026-06-30T08:49:29.975+0000] {processor.py:840} INFO - DAG(s) 'example_sla_dag' retrieved from /home/airflow/.local/lib/python3.12/site-packages/airflow/example_dags/example_sla_dag.py
[2026-06-30T08:49:29.992+0000] {logging_mixin.py:188} INFO - [2026-06-30T08:49:29.992+0000] {dag.py:3096} INFO - Sync 1 DAGs
[2026-06-30T08:49:30.010+0000] {logging_mixin.py:188} INFO - [2026-06-30T08:49:30.010+0000] {dag.py:3954} INFO - Setting next_dagrun for example_sla_dag to 2026-06-30 08:46:00+00:00, run_after=2026-06-30 08:48:00+00:00
[2026-06-30T08:49:30.025+0000] {processor.py:183} INFO - Processing /home/airflow/.local/lib/python3.12/site-packages/airflow/example_dags/example_sla_dag.py took 0.063 seconds
[2026-06-30T08:50:00.531+0000] {processor.py:161} INFO - Started process (PID=25352) to work on /home/airflow/.local/lib/python3.12/site-packages/airflow/example_dags/example_sla_dag.py
[2026-06-30T08:50:00.532+0000] {processor.py:830} INFO - Processing file /home/airflow/.local/lib/python3.12/site-packages/airflow/example_dags/example_sla_dag.py for tasks to queue
[2026-06-30T08:50:00.533+0000] {logging_mixin.py:188} INFO - [2026-06-30T08:50:00.533+0000] {dagbag.py:545} INFO - Filling up the DagBag from /home/airflow/.local/lib/python3.12/site-packages/airflow/example_dags/example_sla_dag.py
[2026-06-30T08:50:00.539+0000] {processor.py:840} INFO - DAG(s) 'example_sla_dag' retrieved from /home/airflow/.local/lib/python3.12/site-packages/airflow/example_dags/example_sla_dag.py
[2026-06-30T08:50:00.554+0000] {logging_mixin.py:188} INFO - [2026-06-30T08:50:00.553+0000] {dag.py:3096} INFO - Sync 1 DAGs
[2026-06-30T08:50:00.569+0000] {logging_mixin.py:188} INFO - [2026-06-30T08:50:00.569+0000] {dag.py:3954} INFO - Setting next_dagrun for example_sla_dag to 2026-06-30 08:48:00+00:00, run_after=2026-06-30 08:50:00+00:00
[2026-06-30T08:50:00.582+0000] {processor.py:183} INFO - Processing /home/airflow/.local/lib/python3.12/site-packages/airflow/example_dags/example_sla_dag.py took 0.055 seconds
[2026-06-30T08:50:31.001+0000] {processor.py:161} INFO - Started process (PID=25410) to work on /home/airflow/.local/lib/python3.12/site-packages/airflow/example_dags/example_sla_dag.py
[2026-06-30T08:50:31.002+0000] {processor.py:830} INFO - Processing file /home/airflow/.local/lib/python3.12/site-packages/airflow/example_dags/example_sla_dag.py for tasks to queue
[2026-06-30T08:50:31.003+0000] {logging_mixin.py:188} INFO - [2026-06-30T08:50:31.003+0000] {dagbag.py:545} INFO - Filling up the DagBag from /home/airflow/.local/lib/python3.12/site-packages/airflow/example_dags/example_sla_dag.py
[2026-06-30T08:50:31.009+0000] {processor.py:840} INFO - DAG(s) 'example_sla_dag' retrieved from /home/airflow/.local/lib/python3.12/site-packages/airflow/example_dags/example_sla_dag.py
[2026-06-30T08:50:31.024+0000] {logging_mixin.py:188} INFO - [2026-06-30T08:50:31.024+0000] {dag.py:3096} INFO - Sync 1 DAGs
[2026-06-30T08:50:31.045+0000] {logging_mixin.py:188} INFO - [2026-06-30T08:50:31.045+0000] {dag.py:3954} INFO - Setting next_dagrun for example_sla_dag to 2026-06-30 08:48:00+00:00, run_after=2026-06-30 08:50:00+00:00
[2026-06-30T08:50:31.062+0000] {processor.py:183} INFO - Processing /home/airflow/.local/lib/python3.12/site-packages/airflow/example_dags/example_sla_dag.py took 0.065 seconds
[2026-06-30T08:51:01.501+0000] {processor.py:161} INFO - Started process (PID=25468) to work on /home/airflow/.local/lib/python3.12/site-packages/airflow/example_dags/example_sla_dag.py
[2026-06-30T08:51:01.501+0000] {processor.py:830} INFO - Processing file /home/airflow/.local/lib/python3.12/site-packages/airflow/example_dags/example_sla_dag.py for tasks to queue
[2026-06-30T08:51:01.502+0000] {logging_mixin.py:188} INFO - [2026-06-30T08:51:01.502+0000] {dagbag.py:545} INFO - Filling up the DagBag from /home/airflow/.local/lib/python3.12/site-packages/airflow/example_dags/example_sla_dag.py
[2026-06-30T08:51:01.508+0000] {processor.py:840} INFO - DAG(s) 'example_sla_dag' retrieved from /home/airflow/.local/lib/python3.12/site-packages/airflow/example_dags/example_sla_dag.py
[2026-06-30T08:51:01.523+0000] {logging_mixin.py:188} INFO - [2026-06-30T08:51:01.523+0000] {dag.py:3096} INFO - Sync 1 DAGs
[2026-06-30T08:51:01.539+0000] {logging_mixin.py:188} INFO - [2026-06-30T08:51:01.539+0000] {dag.py:3954} INFO - Setting next_dagrun for example_sla_dag to 2026-06-30 08:48:00+00:00, run_after=2026-06-30 08:50:00+00:00
[2026-06-30T08:51:01.647+0000] {processor.py:183} INFO - Processing /home/airflow/.local/lib/python3.12/site-packages/airflow/example_dags/example_sla_dag.py took 0.151 seconds
[2026-06-30T08:51:31.966+0000] {processor.py:161} INFO - Started process (PID=25526) to work on /home/airflow/.local/lib/python3.12/site-packages/airflow/example_dags/example_sla_dag.py
[2026-06-30T08:51:31.968+0000] {processor.py:830} INFO - Processing file /home/airflow/.local/lib/python3.12/site-packages/airflow/example_dags/example_sla_dag.py for tasks to queue
[2026-06-30T08:51:31.968+0000] {logging_mixin.py:188} INFO - [2026-06-30T08:51:31.968+0000] {dagbag.py:545} INFO - Filling up the DagBag from /home/airflow/.local/lib/python3.12/site-packages/airflow/example_dags/example_sla_dag.py
[2026-06-30T08:51:31.974+0000] {processor.py:840} INFO - DAG(s) 'example_sla_dag' retrieved from /home/airflow/.local/lib/python3.12/site-packages/airflow/example_dags/example_sla_dag.py
[2026-06-30T08:51:31.987+0000] {logging_mixin.py:188} INFO - [2026-06-30T08:51:31.987+0000] {dag.py:3096} INFO - Sync 1 DAGs
[2026-06-30T08:51:32.002+0000] {logging_mixin.py:188} INFO - [2026-06-30T08:51:32.002+0000] {dag.py:3954} INFO - Setting next_dagrun for example_sla_dag to 2026-06-30 08:48:00+00:00, run_after=2026-06-30 08:50:00+00:00
[2026-06-30T08:51:32.013+0000] {processor.py:183} INFO - Processing /home/airflow/.local/lib/python3.12/site-packages/airflow/example_dags/example_sla_dag.py took 0.051 seconds
[2026-06-30T08:52:02.077+0000] {processor.py:161} INFO - Started process (PID=25583) to work on /home/airflow/.local/lib/python3.12/site-packages/airflow/example_dags/example_sla_dag.py
[2026-06-30T08:52:02.077+0000] {processor.py:830} INFO - Processing file /home/airflow/.local/lib/python3.12/site-packages/airflow/example_dags/example_sla_dag.py for tasks to queue
[2026-06-30T08:52:02.078+0000] {logging_mixin.py:188} INFO - [2026-06-30T08:52:02.078+0000] {dagbag.py:545} INFO - Filling up the DagBag from /home/airflow/.local/lib/python3.12/site-packages/airflow/example_dags/example_sla_dag.py
[2026-06-30T08:52:02.085+0000] {processor.py:840} INFO - DAG(s) 'example_sla_dag' retrieved from /home/airflow/.local/lib/python3.12/site-packages/airflow/example_dags/example_sla_dag.py
[2026-06-30T08:52:02.099+0000] {logging_mixin.py:188} INFO - [2026-06-30T08:52:02.099+0000] {dag.py:3096} INFO - Sync 1 DAGs
[2026-06-30T08:52:02.116+0000] {logging_mixin.py:188} INFO - [2026-06-30T08:52:02.116+0000] {dag.py:3954} INFO - Setting next_dagrun for example_sla_dag to 2026-06-30 08:50:00+00:00, run_after=2026-06-30 08:52:00+00:00
[2026-06-30T08:52:02.129+0000] {processor.py:183} INFO - Processing /home/airflow/.local/lib/python3.12/site-packages/airflow/example_dags/example_sla_dag.py took 0.057 seconds
[2026-06-30T08:52:32.833+0000] {processor.py:161} INFO - Started process (PID=25641) to work on /home/airflow/.local/lib/python3.12/site-packages/airflow/example_dags/example_sla_dag.py
[2026-06-30T08:52:32.834+0000] {processor.py:830} INFO - Processing file /home/airflow/.local/lib/python3.12/site-packages/airflow/example_dags/example_sla_dag.py for tasks to queue
[2026-06-30T08:52:32.835+0000] {logging_mixin.py:188} INFO - [2026-06-30T08:52:32.835+0000] {dagbag.py:545} INFO - Filling up the DagBag from /home/airflow/.local/lib/python3.12/site-packages/airflow/example_dags/example_sla_dag.py
[2026-06-30T08:52:32.842+0000] {processor.py:840} INFO - DAG(s) 'example_sla_dag' retrieved from /home/airflow/.local/lib/python3.12/site-packages/airflow/example_dags/example_sla_dag.py
[2026-06-30T08:52:32.858+0000] {logging_mixin.py:188} INFO - [2026-06-30T08:52:32.858+0000] {dag.py:3096} INFO - Sync 1 DAGs
[2026-06-30T08:52:32.876+0000] {logging_mixin.py:188} INFO - [2026-06-30T08:52:32.876+0000] {dag.py:3954} INFO - Setting next_dagrun for example_sla_dag to 2026-06-30 08:50:00+00:00, run_after=2026-06-30 08:52:00+00:00
[2026-06-30T08:52:32.889+0000] {processor.py:183} INFO - Processing /home/airflow/.local/lib/python3.12/site-packages/airflow/example_dags/example_sla_dag.py took 0.062 seconds
[2026-06-30T08:53:03.986+0000] {processor.py:161} INFO - Started process (PID=25699) to work on /home/airflow/.local/lib/python3.12/site-packages/airflow/example_dags/example_sla_dag.py
[2026-06-30T08:53:03.986+0000] {processor.py:830} INFO - Processing file /home/airflow/.local/lib/python3.12/site-packages/airflow/example_dags/example_sla_dag.py for tasks to queue
[2026-06-30T08:53:03.987+0000] {logging_mixin.py:188} INFO - [2026-06-30T08:53:03.987+0000] {dagbag.py:545} INFO - Filling up the DagBag from /home/airflow/.local/lib/python3.12/site-packages/airflow/example_dags/example_sla_dag.py
[2026-06-30T08:53:03.993+0000] {processor.py:840} INFO - DAG(s) 'example_sla_dag' retrieved from /home/airflow/.local/lib/python3.12/site-packages/airflow/example_dags/example_sla_dag.py
[2026-06-30T08:53:04.118+0000] {logging_mixin.py:188} INFO - [2026-06-30T08:53:04.117+0000] {dag.py:3096} INFO - Sync 1 DAGs
[2026-06-30T08:53:04.132+0000] {logging_mixin.py:188} INFO - [2026-06-30T08:53:04.132+0000] {dag.py:3954} INFO - Setting next_dagrun for example_sla_dag to 2026-06-30 08:50:00+00:00, run_after=2026-06-30 08:52:00+00:00
[2026-06-30T08:53:04.144+0000] {processor.py:183} INFO - Processing /home/airflow/.local/lib/python3.12/site-packages/airflow/example_dags/example_sla_dag.py took 0.163 seconds
