[2026-06-30T08:05:45.618+0000] {processor.py:161} INFO - Started process (PID=21736) to work on /home/airflow/.local/lib/python3.12/site-packages/airflow/example_dags/example_python_operator.py
[2026-06-30T08:05:45.624+0000] {processor.py:830} INFO - Processing file /home/airflow/.local/lib/python3.12/site-packages/airflow/example_dags/example_python_operator.py for tasks to queue
[2026-06-30T08:05:45.631+0000] {logging_mixin.py:188} INFO - [2026-06-30T08:05:45.630+0000] {dagbag.py:545} INFO - Filling up the DagBag from /home/airflow/.local/lib/python3.12/site-packages/airflow/example_dags/example_python_operator.py
[2026-06-30T08:05:45.648+0000] {processor.py:840} INFO - DAG(s) 'example_python_operator' retrieved from /home/airflow/.local/lib/python3.12/site-packages/airflow/example_dags/example_python_operator.py
[2026-06-30T08:05:45.677+0000] {logging_mixin.py:188} INFO - [2026-06-30T08:05:45.677+0000] {dag.py:3096} INFO - Sync 1 DAGs
[2026-06-30T08:05:45.692+0000] {logging_mixin.py:188} INFO - [2026-06-30T08:05:45.692+0000] {dag.py:3954} INFO - Setting next_dagrun for example_python_operator to None, run_after=None
[2026-06-30T08:05:45.723+0000] {processor.py:183} INFO - Processing /home/airflow/.local/lib/python3.12/site-packages/airflow/example_dags/example_python_operator.py took 0.111 seconds
[2026-06-30T08:18:53.628+0000] {processor.py:161} INFO - Started process (PID=21788) to work on /home/airflow/.local/lib/python3.12/site-packages/airflow/example_dags/example_python_operator.py
[2026-06-30T08:18:53.630+0000] {processor.py:830} INFO - Processing file /home/airflow/.local/lib/python3.12/site-packages/airflow/example_dags/example_python_operator.py for tasks to queue
[2026-06-30T08:18:53.631+0000] {logging_mixin.py:188} INFO - [2026-06-30T08:18:53.631+0000] {dagbag.py:545} INFO - Filling up the DagBag from /home/airflow/.local/lib/python3.12/site-packages/airflow/example_dags/example_python_operator.py
[2026-06-30T08:18:53.641+0000] {processor.py:840} INFO - DAG(s) 'example_python_operator' retrieved from /home/airflow/.local/lib/python3.12/site-packages/airflow/example_dags/example_python_operator.py
[2026-06-30T08:18:53.660+0000] {logging_mixin.py:188} INFO - [2026-06-30T08:18:53.660+0000] {dag.py:3096} INFO - Sync 1 DAGs
[2026-06-30T08:18:53.670+0000] {logging_mixin.py:188} INFO - [2026-06-30T08:18:53.669+0000] {dag.py:3954} INFO - Setting next_dagrun for example_python_operator to None, run_after=None
[2026-06-30T08:18:53.684+0000] {processor.py:183} INFO - Processing /home/airflow/.local/lib/python3.12/site-packages/airflow/example_dags/example_python_operator.py took 0.061 seconds
[2026-06-30T08:19:23.857+0000] {processor.py:161} INFO - Started process (PID=21846) to work on /home/airflow/.local/lib/python3.12/site-packages/airflow/example_dags/example_python_operator.py
[2026-06-30T08:19:23.860+0000] {processor.py:830} INFO - Processing file /home/airflow/.local/lib/python3.12/site-packages/airflow/example_dags/example_python_operator.py for tasks to queue
[2026-06-30T08:19:23.861+0000] {logging_mixin.py:188} INFO - [2026-06-30T08:19:23.860+0000] {dagbag.py:545} INFO - Filling up the DagBag from /home/airflow/.local/lib/python3.12/site-packages/airflow/example_dags/example_python_operator.py
[2026-06-30T08:19:23.871+0000] {processor.py:840} INFO - DAG(s) 'example_python_operator' retrieved from /home/airflow/.local/lib/python3.12/site-packages/airflow/example_dags/example_python_operator.py
[2026-06-30T08:19:23.890+0000] {logging_mixin.py:188} INFO - [2026-06-30T08:19:23.890+0000] {dag.py:3096} INFO - Sync 1 DAGs
[2026-06-30T08:19:23.900+0000] {logging_mixin.py:188} INFO - [2026-06-30T08:19:23.900+0000] {dag.py:3954} INFO - Setting next_dagrun for example_python_operator to None, run_after=None
[2026-06-30T08:19:23.915+0000] {processor.py:183} INFO - Processing /home/airflow/.local/lib/python3.12/site-packages/airflow/example_dags/example_python_operator.py took 0.062 seconds
[2026-06-30T08:19:54.112+0000] {processor.py:161} INFO - Started process (PID=21904) to work on /home/airflow/.local/lib/python3.12/site-packages/airflow/example_dags/example_python_operator.py
[2026-06-30T08:19:54.113+0000] {processor.py:830} INFO - Processing file /home/airflow/.local/lib/python3.12/site-packages/airflow/example_dags/example_python_operator.py for tasks to queue
[2026-06-30T08:19:54.113+0000] {logging_mixin.py:188} INFO - [2026-06-30T08:19:54.113+0000] {dagbag.py:545} INFO - Filling up the DagBag from /home/airflow/.local/lib/python3.12/site-packages/airflow/example_dags/example_python_operator.py
[2026-06-30T08:19:54.121+0000] {processor.py:840} INFO - DAG(s) 'example_python_operator' retrieved from /home/airflow/.local/lib/python3.12/site-packages/airflow/example_dags/example_python_operator.py
[2026-06-30T08:19:54.137+0000] {logging_mixin.py:188} INFO - [2026-06-30T08:19:54.137+0000] {dag.py:3096} INFO - Sync 1 DAGs
[2026-06-30T08:19:54.146+0000] {logging_mixin.py:188} INFO - [2026-06-30T08:19:54.146+0000] {dag.py:3954} INFO - Setting next_dagrun for example_python_operator to None, run_after=None
[2026-06-30T08:19:54.161+0000] {processor.py:183} INFO - Processing /home/airflow/.local/lib/python3.12/site-packages/airflow/example_dags/example_python_operator.py took 0.054 seconds
[2026-06-30T08:20:24.295+0000] {processor.py:161} INFO - Started process (PID=21960) to work on /home/airflow/.local/lib/python3.12/site-packages/airflow/example_dags/example_python_operator.py
[2026-06-30T08:20:24.296+0000] {processor.py:830} INFO - Processing file /home/airflow/.local/lib/python3.12/site-packages/airflow/example_dags/example_python_operator.py for tasks to queue
[2026-06-30T08:20:24.296+0000] {logging_mixin.py:188} INFO - [2026-06-30T08:20:24.296+0000] {dagbag.py:545} INFO - Filling up the DagBag from /home/airflow/.local/lib/python3.12/site-packages/airflow/example_dags/example_python_operator.py
[2026-06-30T08:20:24.304+0000] {processor.py:840} INFO - DAG(s) 'example_python_operator' retrieved from /home/airflow/.local/lib/python3.12/site-packages/airflow/example_dags/example_python_operator.py
[2026-06-30T08:20:24.319+0000] {logging_mixin.py:188} INFO - [2026-06-30T08:20:24.319+0000] {dag.py:3096} INFO - Sync 1 DAGs
[2026-06-30T08:20:24.327+0000] {logging_mixin.py:188} INFO - [2026-06-30T08:20:24.327+0000] {dag.py:3954} INFO - Setting next_dagrun for example_python_operator to None, run_after=None
[2026-06-30T08:20:24.339+0000] {processor.py:183} INFO - Processing /home/airflow/.local/lib/python3.12/site-packages/airflow/example_dags/example_python_operator.py took 0.049 seconds
[2026-06-30T08:20:54.790+0000] {processor.py:161} INFO - Started process (PID=22018) to work on /home/airflow/.local/lib/python3.12/site-packages/airflow/example_dags/example_python_operator.py
[2026-06-30T08:20:54.791+0000] {processor.py:830} INFO - Processing file /home/airflow/.local/lib/python3.12/site-packages/airflow/example_dags/example_python_operator.py for tasks to queue
[2026-06-30T08:20:54.792+0000] {logging_mixin.py:188} INFO - [2026-06-30T08:20:54.792+0000] {dagbag.py:545} INFO - Filling up the DagBag from /home/airflow/.local/lib/python3.12/site-packages/airflow/example_dags/example_python_operator.py
[2026-06-30T08:20:54.799+0000] {processor.py:840} INFO - DAG(s) 'example_python_operator' retrieved from /home/airflow/.local/lib/python3.12/site-packages/airflow/example_dags/example_python_operator.py
[2026-06-30T08:20:54.816+0000] {logging_mixin.py:188} INFO - [2026-06-30T08:20:54.815+0000] {dag.py:3096} INFO - Sync 1 DAGs
[2026-06-30T08:20:54.829+0000] {logging_mixin.py:188} INFO - [2026-06-30T08:20:54.828+0000] {dag.py:3954} INFO - Setting next_dagrun for example_python_operator to None, run_after=None
[2026-06-30T08:20:54.841+0000] {processor.py:183} INFO - Processing /home/airflow/.local/lib/python3.12/site-packages/airflow/example_dags/example_python_operator.py took 0.055 seconds
[2026-06-30T08:21:25.006+0000] {processor.py:161} INFO - Started process (PID=22076) to work on /home/airflow/.local/lib/python3.12/site-packages/airflow/example_dags/example_python_operator.py
[2026-06-30T08:21:25.007+0000] {processor.py:830} INFO - Processing file /home/airflow/.local/lib/python3.12/site-packages/airflow/example_dags/example_python_operator.py for tasks to queue
[2026-06-30T08:21:25.008+0000] {logging_mixin.py:188} INFO - [2026-06-30T08:21:25.008+0000] {dagbag.py:545} INFO - Filling up the DagBag from /home/airflow/.local/lib/python3.12/site-packages/airflow/example_dags/example_python_operator.py
[2026-06-30T08:21:25.016+0000] {processor.py:840} INFO - DAG(s) 'example_python_operator' retrieved from /home/airflow/.local/lib/python3.12/site-packages/airflow/example_dags/example_python_operator.py
[2026-06-30T08:21:25.031+0000] {logging_mixin.py:188} INFO - [2026-06-30T08:21:25.031+0000] {dag.py:3096} INFO - Sync 1 DAGs
[2026-06-30T08:21:25.040+0000] {logging_mixin.py:188} INFO - [2026-06-30T08:21:25.040+0000] {dag.py:3954} INFO - Setting next_dagrun for example_python_operator to None, run_after=None
[2026-06-30T08:21:25.052+0000] {processor.py:183} INFO - Processing /home/airflow/.local/lib/python3.12/site-packages/airflow/example_dags/example_python_operator.py took 0.050 seconds
[2026-06-30T08:21:55.338+0000] {processor.py:161} INFO - Started process (PID=22134) to work on /home/airflow/.local/lib/python3.12/site-packages/airflow/example_dags/example_python_operator.py
[2026-06-30T08:21:55.338+0000] {processor.py:830} INFO - Processing file /home/airflow/.local/lib/python3.12/site-packages/airflow/example_dags/example_python_operator.py for tasks to queue
[2026-06-30T08:21:55.339+0000] {logging_mixin.py:188} INFO - [2026-06-30T08:21:55.339+0000] {dagbag.py:545} INFO - Filling up the DagBag from /home/airflow/.local/lib/python3.12/site-packages/airflow/example_dags/example_python_operator.py
[2026-06-30T08:21:55.347+0000] {processor.py:840} INFO - DAG(s) 'example_python_operator' retrieved from /home/airflow/.local/lib/python3.12/site-packages/airflow/example_dags/example_python_operator.py
[2026-06-30T08:21:55.364+0000] {logging_mixin.py:188} INFO - [2026-06-30T08:21:55.364+0000] {dag.py:3096} INFO - Sync 1 DAGs
[2026-06-30T08:21:55.373+0000] {logging_mixin.py:188} INFO - [2026-06-30T08:21:55.372+0000] {dag.py:3954} INFO - Setting next_dagrun for example_python_operator to None, run_after=None
[2026-06-30T08:21:55.386+0000] {processor.py:183} INFO - Processing /home/airflow/.local/lib/python3.12/site-packages/airflow/example_dags/example_python_operator.py took 0.053 seconds
[2026-06-30T08:22:25.709+0000] {processor.py:161} INFO - Started process (PID=22191) to work on /home/airflow/.local/lib/python3.12/site-packages/airflow/example_dags/example_python_operator.py
[2026-06-30T08:22:25.709+0000] {processor.py:830} INFO - Processing file /home/airflow/.local/lib/python3.12/site-packages/airflow/example_dags/example_python_operator.py for tasks to queue
[2026-06-30T08:22:25.710+0000] {logging_mixin.py:188} INFO - [2026-06-30T08:22:25.710+0000] {dagbag.py:545} INFO - Filling up the DagBag from /home/airflow/.local/lib/python3.12/site-packages/airflow/example_dags/example_python_operator.py
[2026-06-30T08:22:25.718+0000] {processor.py:840} INFO - DAG(s) 'example_python_operator' retrieved from /home/airflow/.local/lib/python3.12/site-packages/airflow/example_dags/example_python_operator.py
[2026-06-30T08:22:25.733+0000] {logging_mixin.py:188} INFO - [2026-06-30T08:22:25.732+0000] {dag.py:3096} INFO - Sync 1 DAGs
[2026-06-30T08:22:25.741+0000] {logging_mixin.py:188} INFO - [2026-06-30T08:22:25.741+0000] {dag.py:3954} INFO - Setting next_dagrun for example_python_operator to None, run_after=None
[2026-06-30T08:22:25.752+0000] {processor.py:183} INFO - Processing /home/airflow/.local/lib/python3.12/site-packages/airflow/example_dags/example_python_operator.py took 0.048 seconds
[2026-06-30T08:22:56.279+0000] {processor.py:161} INFO - Started process (PID=22248) to work on /home/airflow/.local/lib/python3.12/site-packages/airflow/example_dags/example_python_operator.py
[2026-06-30T08:22:56.279+0000] {processor.py:830} INFO - Processing file /home/airflow/.local/lib/python3.12/site-packages/airflow/example_dags/example_python_operator.py for tasks to queue
[2026-06-30T08:22:56.280+0000] {logging_mixin.py:188} INFO - [2026-06-30T08:22:56.280+0000] {dagbag.py:545} INFO - Filling up the DagBag from /home/airflow/.local/lib/python3.12/site-packages/airflow/example_dags/example_python_operator.py
[2026-06-30T08:22:56.288+0000] {processor.py:840} INFO - DAG(s) 'example_python_operator' retrieved from /home/airflow/.local/lib/python3.12/site-packages/airflow/example_dags/example_python_operator.py
[2026-06-30T08:22:56.308+0000] {logging_mixin.py:188} INFO - [2026-06-30T08:22:56.308+0000] {dag.py:3096} INFO - Sync 1 DAGs
[2026-06-30T08:22:56.316+0000] {logging_mixin.py:188} INFO - [2026-06-30T08:22:56.316+0000] {dag.py:3954} INFO - Setting next_dagrun for example_python_operator to None, run_after=None
[2026-06-30T08:22:56.329+0000] {processor.py:183} INFO - Processing /home/airflow/.local/lib/python3.12/site-packages/airflow/example_dags/example_python_operator.py took 0.055 seconds
[2026-06-30T08:23:26.632+0000] {processor.py:161} INFO - Started process (PID=22306) to work on /home/airflow/.local/lib/python3.12/site-packages/airflow/example_dags/example_python_operator.py
[2026-06-30T08:23:26.633+0000] {processor.py:830} INFO - Processing file /home/airflow/.local/lib/python3.12/site-packages/airflow/example_dags/example_python_operator.py for tasks to queue
[2026-06-30T08:23:26.633+0000] {logging_mixin.py:188} INFO - [2026-06-30T08:23:26.633+0000] {dagbag.py:545} INFO - Filling up the DagBag from /home/airflow/.local/lib/python3.12/site-packages/airflow/example_dags/example_python_operator.py
[2026-06-30T08:23:26.642+0000] {processor.py:840} INFO - DAG(s) 'example_python_operator' retrieved from /home/airflow/.local/lib/python3.12/site-packages/airflow/example_dags/example_python_operator.py
[2026-06-30T08:23:26.657+0000] {logging_mixin.py:188} INFO - [2026-06-30T08:23:26.657+0000] {dag.py:3096} INFO - Sync 1 DAGs
[2026-06-30T08:23:26.665+0000] {logging_mixin.py:188} INFO - [2026-06-30T08:23:26.665+0000] {dag.py:3954} INFO - Setting next_dagrun for example_python_operator to None, run_after=None
[2026-06-30T08:23:26.678+0000] {processor.py:183} INFO - Processing /home/airflow/.local/lib/python3.12/site-packages/airflow/example_dags/example_python_operator.py took 0.050 seconds
[2026-06-30T08:23:57.095+0000] {processor.py:161} INFO - Started process (PID=22364) to work on /home/airflow/.local/lib/python3.12/site-packages/airflow/example_dags/example_python_operator.py
[2026-06-30T08:23:57.096+0000] {processor.py:830} INFO - Processing file /home/airflow/.local/lib/python3.12/site-packages/airflow/example_dags/example_python_operator.py for tasks to queue
[2026-06-30T08:23:57.097+0000] {logging_mixin.py:188} INFO - [2026-06-30T08:23:57.097+0000] {dagbag.py:545} INFO - Filling up the DagBag from /home/airflow/.local/lib/python3.12/site-packages/airflow/example_dags/example_python_operator.py
[2026-06-30T08:23:57.105+0000] {processor.py:840} INFO - DAG(s) 'example_python_operator' retrieved from /home/airflow/.local/lib/python3.12/site-packages/airflow/example_dags/example_python_operator.py
[2026-06-30T08:23:57.121+0000] {logging_mixin.py:188} INFO - [2026-06-30T08:23:57.121+0000] {dag.py:3096} INFO - Sync 1 DAGs
[2026-06-30T08:23:57.130+0000] {logging_mixin.py:188} INFO - [2026-06-30T08:23:57.130+0000] {dag.py:3954} INFO - Setting next_dagrun for example_python_operator to None, run_after=None
[2026-06-30T08:23:57.142+0000] {processor.py:183} INFO - Processing /home/airflow/.local/lib/python3.12/site-packages/airflow/example_dags/example_python_operator.py took 0.052 seconds
[2026-06-30T08:24:27.693+0000] {processor.py:161} INFO - Started process (PID=22422) to work on /home/airflow/.local/lib/python3.12/site-packages/airflow/example_dags/example_python_operator.py
[2026-06-30T08:24:27.694+0000] {processor.py:830} INFO - Processing file /home/airflow/.local/lib/python3.12/site-packages/airflow/example_dags/example_python_operator.py for tasks to queue
[2026-06-30T08:24:27.695+0000] {logging_mixin.py:188} INFO - [2026-06-30T08:24:27.695+0000] {dagbag.py:545} INFO - Filling up the DagBag from /home/airflow/.local/lib/python3.12/site-packages/airflow/example_dags/example_python_operator.py
[2026-06-30T08:24:27.707+0000] {processor.py:840} INFO - DAG(s) 'example_python_operator' retrieved from /home/airflow/.local/lib/python3.12/site-packages/airflow/example_dags/example_python_operator.py
[2026-06-30T08:24:27.733+0000] {logging_mixin.py:188} INFO - [2026-06-30T08:24:27.733+0000] {dag.py:3096} INFO - Sync 1 DAGs
[2026-06-30T08:24:27.743+0000] {logging_mixin.py:188} INFO - [2026-06-30T08:24:27.743+0000] {dag.py:3954} INFO - Setting next_dagrun for example_python_operator to None, run_after=None
[2026-06-30T08:24:27.758+0000] {processor.py:183} INFO - Processing /home/airflow/.local/lib/python3.12/site-packages/airflow/example_dags/example_python_operator.py took 0.070 seconds
[2026-06-30T08:24:58.150+0000] {processor.py:161} INFO - Started process (PID=22476) to work on /home/airflow/.local/lib/python3.12/site-packages/airflow/example_dags/example_python_operator.py
[2026-06-30T08:24:58.150+0000] {processor.py:830} INFO - Processing file /home/airflow/.local/lib/python3.12/site-packages/airflow/example_dags/example_python_operator.py for tasks to queue
[2026-06-30T08:24:58.151+0000] {logging_mixin.py:188} INFO - [2026-06-30T08:24:58.151+0000] {dagbag.py:545} INFO - Filling up the DagBag from /home/airflow/.local/lib/python3.12/site-packages/airflow/example_dags/example_python_operator.py
[2026-06-30T08:24:58.159+0000] {processor.py:840} INFO - DAG(s) 'example_python_operator' retrieved from /home/airflow/.local/lib/python3.12/site-packages/airflow/example_dags/example_python_operator.py
[2026-06-30T08:24:58.175+0000] {logging_mixin.py:188} INFO - [2026-06-30T08:24:58.175+0000] {dag.py:3096} INFO - Sync 1 DAGs
[2026-06-30T08:24:58.184+0000] {logging_mixin.py:188} INFO - [2026-06-30T08:24:58.184+0000] {dag.py:3954} INFO - Setting next_dagrun for example_python_operator to None, run_after=None
[2026-06-30T08:24:58.198+0000] {processor.py:183} INFO - Processing /home/airflow/.local/lib/python3.12/site-packages/airflow/example_dags/example_python_operator.py took 0.053 seconds
[2026-06-30T08:25:28.444+0000] {processor.py:161} INFO - Started process (PID=22530) to work on /home/airflow/.local/lib/python3.12/site-packages/airflow/example_dags/example_python_operator.py
[2026-06-30T08:25:28.445+0000] {processor.py:830} INFO - Processing file /home/airflow/.local/lib/python3.12/site-packages/airflow/example_dags/example_python_operator.py for tasks to queue
[2026-06-30T08:25:28.446+0000] {logging_mixin.py:188} INFO - [2026-06-30T08:25:28.445+0000] {dagbag.py:545} INFO - Filling up the DagBag from /home/airflow/.local/lib/python3.12/site-packages/airflow/example_dags/example_python_operator.py
[2026-06-30T08:25:28.453+0000] {processor.py:840} INFO - DAG(s) 'example_python_operator' retrieved from /home/airflow/.local/lib/python3.12/site-packages/airflow/example_dags/example_python_operator.py
[2026-06-30T08:25:28.469+0000] {logging_mixin.py:188} INFO - [2026-06-30T08:25:28.469+0000] {dag.py:3096} INFO - Sync 1 DAGs
[2026-06-30T08:25:28.477+0000] {logging_mixin.py:188} INFO - [2026-06-30T08:25:28.477+0000] {dag.py:3954} INFO - Setting next_dagrun for example_python_operator to None, run_after=None
[2026-06-30T08:25:28.488+0000] {processor.py:183} INFO - Processing /home/airflow/.local/lib/python3.12/site-packages/airflow/example_dags/example_python_operator.py took 0.049 seconds
[2026-06-30T08:25:58.886+0000] {processor.py:161} INFO - Started process (PID=22588) to work on /home/airflow/.local/lib/python3.12/site-packages/airflow/example_dags/example_python_operator.py
[2026-06-30T08:25:58.887+0000] {processor.py:830} INFO - Processing file /home/airflow/.local/lib/python3.12/site-packages/airflow/example_dags/example_python_operator.py for tasks to queue
[2026-06-30T08:25:58.888+0000] {logging_mixin.py:188} INFO - [2026-06-30T08:25:58.888+0000] {dagbag.py:545} INFO - Filling up the DagBag from /home/airflow/.local/lib/python3.12/site-packages/airflow/example_dags/example_python_operator.py
[2026-06-30T08:25:58.899+0000] {processor.py:840} INFO - DAG(s) 'example_python_operator' retrieved from /home/airflow/.local/lib/python3.12/site-packages/airflow/example_dags/example_python_operator.py
[2026-06-30T08:25:58.922+0000] {logging_mixin.py:188} INFO - [2026-06-30T08:25:58.921+0000] {dag.py:3096} INFO - Sync 1 DAGs
[2026-06-30T08:25:58.933+0000] {logging_mixin.py:188} INFO - [2026-06-30T08:25:58.933+0000] {dag.py:3954} INFO - Setting next_dagrun for example_python_operator to None, run_after=None
[2026-06-30T08:25:58.949+0000] {processor.py:183} INFO - Processing /home/airflow/.local/lib/python3.12/site-packages/airflow/example_dags/example_python_operator.py took 0.070 seconds
[2026-06-30T08:26:29.657+0000] {processor.py:161} INFO - Started process (PID=22646) to work on /home/airflow/.local/lib/python3.12/site-packages/airflow/example_dags/example_python_operator.py
[2026-06-30T08:26:29.658+0000] {processor.py:830} INFO - Processing file /home/airflow/.local/lib/python3.12/site-packages/airflow/example_dags/example_python_operator.py for tasks to queue
[2026-06-30T08:26:29.659+0000] {logging_mixin.py:188} INFO - [2026-06-30T08:26:29.659+0000] {dagbag.py:545} INFO - Filling up the DagBag from /home/airflow/.local/lib/python3.12/site-packages/airflow/example_dags/example_python_operator.py
[2026-06-30T08:26:29.672+0000] {processor.py:840} INFO - DAG(s) 'example_python_operator' retrieved from /home/airflow/.local/lib/python3.12/site-packages/airflow/example_dags/example_python_operator.py
[2026-06-30T08:26:29.703+0000] {logging_mixin.py:188} INFO - [2026-06-30T08:26:29.702+0000] {dag.py:3096} INFO - Sync 1 DAGs
[2026-06-30T08:26:29.717+0000] {logging_mixin.py:188} INFO - [2026-06-30T08:26:29.716+0000] {dag.py:3954} INFO - Setting next_dagrun for example_python_operator to None, run_after=None
[2026-06-30T08:26:29.745+0000] {processor.py:183} INFO - Processing /home/airflow/.local/lib/python3.12/site-packages/airflow/example_dags/example_python_operator.py took 0.096 seconds
[2026-06-30T08:27:00.464+0000] {processor.py:161} INFO - Started process (PID=22704) to work on /home/airflow/.local/lib/python3.12/site-packages/airflow/example_dags/example_python_operator.py
[2026-06-30T08:27:00.465+0000] {processor.py:830} INFO - Processing file /home/airflow/.local/lib/python3.12/site-packages/airflow/example_dags/example_python_operator.py for tasks to queue
[2026-06-30T08:27:00.466+0000] {logging_mixin.py:188} INFO - [2026-06-30T08:27:00.466+0000] {dagbag.py:545} INFO - Filling up the DagBag from /home/airflow/.local/lib/python3.12/site-packages/airflow/example_dags/example_python_operator.py
[2026-06-30T08:27:00.476+0000] {processor.py:840} INFO - DAG(s) 'example_python_operator' retrieved from /home/airflow/.local/lib/python3.12/site-packages/airflow/example_dags/example_python_operator.py
[2026-06-30T08:27:00.495+0000] {logging_mixin.py:188} INFO - [2026-06-30T08:27:00.495+0000] {dag.py:3096} INFO - Sync 1 DAGs
[2026-06-30T08:27:00.505+0000] {logging_mixin.py:188} INFO - [2026-06-30T08:27:00.505+0000] {dag.py:3954} INFO - Setting next_dagrun for example_python_operator to None, run_after=None
[2026-06-30T08:27:00.518+0000] {processor.py:183} INFO - Processing /home/airflow/.local/lib/python3.12/site-packages/airflow/example_dags/example_python_operator.py took 0.060 seconds
[2026-06-30T08:27:30.967+0000] {processor.py:161} INFO - Started process (PID=22762) to work on /home/airflow/.local/lib/python3.12/site-packages/airflow/example_dags/example_python_operator.py
[2026-06-30T08:27:30.969+0000] {processor.py:830} INFO - Processing file /home/airflow/.local/lib/python3.12/site-packages/airflow/example_dags/example_python_operator.py for tasks to queue
[2026-06-30T08:27:30.969+0000] {logging_mixin.py:188} INFO - [2026-06-30T08:27:30.969+0000] {dagbag.py:545} INFO - Filling up the DagBag from /home/airflow/.local/lib/python3.12/site-packages/airflow/example_dags/example_python_operator.py
[2026-06-30T08:27:30.979+0000] {processor.py:840} INFO - DAG(s) 'example_python_operator' retrieved from /home/airflow/.local/lib/python3.12/site-packages/airflow/example_dags/example_python_operator.py
[2026-06-30T08:27:30.996+0000] {logging_mixin.py:188} INFO - [2026-06-30T08:27:30.996+0000] {dag.py:3096} INFO - Sync 1 DAGs
[2026-06-30T08:27:31.007+0000] {logging_mixin.py:188} INFO - [2026-06-30T08:27:31.006+0000] {dag.py:3954} INFO - Setting next_dagrun for example_python_operator to None, run_after=None
[2026-06-30T08:27:31.021+0000] {processor.py:183} INFO - Processing /home/airflow/.local/lib/python3.12/site-packages/airflow/example_dags/example_python_operator.py took 0.059 seconds
[2026-06-30T08:28:01.432+0000] {processor.py:161} INFO - Started process (PID=22820) to work on /home/airflow/.local/lib/python3.12/site-packages/airflow/example_dags/example_python_operator.py
[2026-06-30T08:28:01.433+0000] {processor.py:830} INFO - Processing file /home/airflow/.local/lib/python3.12/site-packages/airflow/example_dags/example_python_operator.py for tasks to queue
[2026-06-30T08:28:01.434+0000] {logging_mixin.py:188} INFO - [2026-06-30T08:28:01.434+0000] {dagbag.py:545} INFO - Filling up the DagBag from /home/airflow/.local/lib/python3.12/site-packages/airflow/example_dags/example_python_operator.py
[2026-06-30T08:28:01.444+0000] {processor.py:840} INFO - DAG(s) 'example_python_operator' retrieved from /home/airflow/.local/lib/python3.12/site-packages/airflow/example_dags/example_python_operator.py
[2026-06-30T08:28:01.463+0000] {logging_mixin.py:188} INFO - [2026-06-30T08:28:01.462+0000] {dag.py:3096} INFO - Sync 1 DAGs
[2026-06-30T08:28:01.480+0000] {logging_mixin.py:188} INFO - [2026-06-30T08:28:01.479+0000] {dag.py:3954} INFO - Setting next_dagrun for example_python_operator to None, run_after=None
[2026-06-30T08:28:01.507+0000] {processor.py:183} INFO - Processing /home/airflow/.local/lib/python3.12/site-packages/airflow/example_dags/example_python_operator.py took 0.080 seconds
[2026-06-30T08:28:31.957+0000] {processor.py:161} INFO - Started process (PID=22878) to work on /home/airflow/.local/lib/python3.12/site-packages/airflow/example_dags/example_python_operator.py
[2026-06-30T08:28:31.959+0000] {processor.py:830} INFO - Processing file /home/airflow/.local/lib/python3.12/site-packages/airflow/example_dags/example_python_operator.py for tasks to queue
[2026-06-30T08:28:31.961+0000] {logging_mixin.py:188} INFO - [2026-06-30T08:28:31.961+0000] {dagbag.py:545} INFO - Filling up the DagBag from /home/airflow/.local/lib/python3.12/site-packages/airflow/example_dags/example_python_operator.py
[2026-06-30T08:28:31.972+0000] {processor.py:840} INFO - DAG(s) 'example_python_operator' retrieved from /home/airflow/.local/lib/python3.12/site-packages/airflow/example_dags/example_python_operator.py
[2026-06-30T08:28:31.991+0000] {logging_mixin.py:188} INFO - [2026-06-30T08:28:31.990+0000] {dag.py:3096} INFO - Sync 1 DAGs
[2026-06-30T08:28:32.001+0000] {logging_mixin.py:188} INFO - [2026-06-30T08:28:32.001+0000] {dag.py:3954} INFO - Setting next_dagrun for example_python_operator to None, run_after=None
[2026-06-30T08:28:32.015+0000] {processor.py:183} INFO - Processing /home/airflow/.local/lib/python3.12/site-packages/airflow/example_dags/example_python_operator.py took 0.063 seconds
[2026-06-30T08:29:02.337+0000] {processor.py:161} INFO - Started process (PID=22936) to work on /home/airflow/.local/lib/python3.12/site-packages/airflow/example_dags/example_python_operator.py
[2026-06-30T08:29:02.337+0000] {processor.py:830} INFO - Processing file /home/airflow/.local/lib/python3.12/site-packages/airflow/example_dags/example_python_operator.py for tasks to queue
[2026-06-30T08:29:02.338+0000] {logging_mixin.py:188} INFO - [2026-06-30T08:29:02.338+0000] {dagbag.py:545} INFO - Filling up the DagBag from /home/airflow/.local/lib/python3.12/site-packages/airflow/example_dags/example_python_operator.py
[2026-06-30T08:29:02.346+0000] {processor.py:840} INFO - DAG(s) 'example_python_operator' retrieved from /home/airflow/.local/lib/python3.12/site-packages/airflow/example_dags/example_python_operator.py
[2026-06-30T08:29:02.363+0000] {logging_mixin.py:188} INFO - [2026-06-30T08:29:02.363+0000] {dag.py:3096} INFO - Sync 1 DAGs
[2026-06-30T08:29:02.373+0000] {logging_mixin.py:188} INFO - [2026-06-30T08:29:02.372+0000] {dag.py:3954} INFO - Setting next_dagrun for example_python_operator to None, run_after=None
[2026-06-30T08:29:02.387+0000] {processor.py:183} INFO - Processing /home/airflow/.local/lib/python3.12/site-packages/airflow/example_dags/example_python_operator.py took 0.055 seconds
[2026-06-30T08:29:32.968+0000] {processor.py:161} INFO - Started process (PID=22994) to work on /home/airflow/.local/lib/python3.12/site-packages/airflow/example_dags/example_python_operator.py
[2026-06-30T08:29:32.969+0000] {processor.py:830} INFO - Processing file /home/airflow/.local/lib/python3.12/site-packages/airflow/example_dags/example_python_operator.py for tasks to queue
[2026-06-30T08:29:32.973+0000] {logging_mixin.py:188} INFO - [2026-06-30T08:29:32.973+0000] {dagbag.py:545} INFO - Filling up the DagBag from /home/airflow/.local/lib/python3.12/site-packages/airflow/example_dags/example_python_operator.py
[2026-06-30T08:29:32.983+0000] {processor.py:840} INFO - DAG(s) 'example_python_operator' retrieved from /home/airflow/.local/lib/python3.12/site-packages/airflow/example_dags/example_python_operator.py
[2026-06-30T08:29:33.003+0000] {logging_mixin.py:188} INFO - [2026-06-30T08:29:33.002+0000] {dag.py:3096} INFO - Sync 1 DAGs
[2026-06-30T08:29:33.013+0000] {logging_mixin.py:188} INFO - [2026-06-30T08:29:33.013+0000] {dag.py:3954} INFO - Setting next_dagrun for example_python_operator to None, run_after=None
[2026-06-30T08:29:33.030+0000] {processor.py:183} INFO - Processing /home/airflow/.local/lib/python3.12/site-packages/airflow/example_dags/example_python_operator.py took 0.068 seconds
[2026-06-30T08:30:03.567+0000] {processor.py:161} INFO - Started process (PID=23052) to work on /home/airflow/.local/lib/python3.12/site-packages/airflow/example_dags/example_python_operator.py
[2026-06-30T08:30:03.569+0000] {processor.py:830} INFO - Processing file /home/airflow/.local/lib/python3.12/site-packages/airflow/example_dags/example_python_operator.py for tasks to queue
[2026-06-30T08:30:03.569+0000] {logging_mixin.py:188} INFO - [2026-06-30T08:30:03.569+0000] {dagbag.py:545} INFO - Filling up the DagBag from /home/airflow/.local/lib/python3.12/site-packages/airflow/example_dags/example_python_operator.py
[2026-06-30T08:30:03.578+0000] {processor.py:840} INFO - DAG(s) 'example_python_operator' retrieved from /home/airflow/.local/lib/python3.12/site-packages/airflow/example_dags/example_python_operator.py
[2026-06-30T08:30:03.597+0000] {logging_mixin.py:188} INFO - [2026-06-30T08:30:03.597+0000] {dag.py:3096} INFO - Sync 1 DAGs
[2026-06-30T08:30:03.607+0000] {logging_mixin.py:188} INFO - [2026-06-30T08:30:03.607+0000] {dag.py:3954} INFO - Setting next_dagrun for example_python_operator to None, run_after=None
[2026-06-30T08:30:03.622+0000] {processor.py:183} INFO - Processing /home/airflow/.local/lib/python3.12/site-packages/airflow/example_dags/example_python_operator.py took 0.059 seconds
[2026-06-30T08:30:34.056+0000] {processor.py:161} INFO - Started process (PID=23110) to work on /home/airflow/.local/lib/python3.12/site-packages/airflow/example_dags/example_python_operator.py
[2026-06-30T08:30:34.057+0000] {processor.py:830} INFO - Processing file /home/airflow/.local/lib/python3.12/site-packages/airflow/example_dags/example_python_operator.py for tasks to queue
[2026-06-30T08:30:34.059+0000] {logging_mixin.py:188} INFO - [2026-06-30T08:30:34.058+0000] {dagbag.py:545} INFO - Filling up the DagBag from /home/airflow/.local/lib/python3.12/site-packages/airflow/example_dags/example_python_operator.py
[2026-06-30T08:30:34.070+0000] {processor.py:840} INFO - DAG(s) 'example_python_operator' retrieved from /home/airflow/.local/lib/python3.12/site-packages/airflow/example_dags/example_python_operator.py
[2026-06-30T08:30:34.089+0000] {logging_mixin.py:188} INFO - [2026-06-30T08:30:34.089+0000] {dag.py:3096} INFO - Sync 1 DAGs
[2026-06-30T08:30:34.100+0000] {logging_mixin.py:188} INFO - [2026-06-30T08:30:34.100+0000] {dag.py:3954} INFO - Setting next_dagrun for example_python_operator to None, run_after=None
[2026-06-30T08:30:34.116+0000] {processor.py:183} INFO - Processing /home/airflow/.local/lib/python3.12/site-packages/airflow/example_dags/example_python_operator.py took 0.066 seconds
[2026-06-30T08:31:04.718+0000] {processor.py:161} INFO - Started process (PID=23168) to work on /home/airflow/.local/lib/python3.12/site-packages/airflow/example_dags/example_python_operator.py
[2026-06-30T08:31:04.720+0000] {processor.py:830} INFO - Processing file /home/airflow/.local/lib/python3.12/site-packages/airflow/example_dags/example_python_operator.py for tasks to queue
[2026-06-30T08:31:04.721+0000] {logging_mixin.py:188} INFO - [2026-06-30T08:31:04.720+0000] {dagbag.py:545} INFO - Filling up the DagBag from /home/airflow/.local/lib/python3.12/site-packages/airflow/example_dags/example_python_operator.py
[2026-06-30T08:31:04.728+0000] {processor.py:840} INFO - DAG(s) 'example_python_operator' retrieved from /home/airflow/.local/lib/python3.12/site-packages/airflow/example_dags/example_python_operator.py
[2026-06-30T08:31:04.744+0000] {logging_mixin.py:188} INFO - [2026-06-30T08:31:04.744+0000] {dag.py:3096} INFO - Sync 1 DAGs
[2026-06-30T08:31:04.752+0000] {logging_mixin.py:188} INFO - [2026-06-30T08:31:04.752+0000] {dag.py:3954} INFO - Setting next_dagrun for example_python_operator to None, run_after=None
[2026-06-30T08:31:04.766+0000] {processor.py:183} INFO - Processing /home/airflow/.local/lib/python3.12/site-packages/airflow/example_dags/example_python_operator.py took 0.051 seconds
[2026-06-30T08:31:35.599+0000] {processor.py:161} INFO - Started process (PID=23226) to work on /home/airflow/.local/lib/python3.12/site-packages/airflow/example_dags/example_python_operator.py
[2026-06-30T08:31:35.600+0000] {processor.py:830} INFO - Processing file /home/airflow/.local/lib/python3.12/site-packages/airflow/example_dags/example_python_operator.py for tasks to queue
[2026-06-30T08:31:35.601+0000] {logging_mixin.py:188} INFO - [2026-06-30T08:31:35.601+0000] {dagbag.py:545} INFO - Filling up the DagBag from /home/airflow/.local/lib/python3.12/site-packages/airflow/example_dags/example_python_operator.py
[2026-06-30T08:31:35.609+0000] {processor.py:840} INFO - DAG(s) 'example_python_operator' retrieved from /home/airflow/.local/lib/python3.12/site-packages/airflow/example_dags/example_python_operator.py
[2026-06-30T08:31:35.625+0000] {logging_mixin.py:188} INFO - [2026-06-30T08:31:35.625+0000] {dag.py:3096} INFO - Sync 1 DAGs
[2026-06-30T08:31:35.635+0000] {logging_mixin.py:188} INFO - [2026-06-30T08:31:35.634+0000] {dag.py:3954} INFO - Setting next_dagrun for example_python_operator to None, run_after=None
[2026-06-30T08:31:35.647+0000] {processor.py:183} INFO - Processing /home/airflow/.local/lib/python3.12/site-packages/airflow/example_dags/example_python_operator.py took 0.052 seconds
[2026-06-30T08:32:06.151+0000] {processor.py:161} INFO - Started process (PID=23284) to work on /home/airflow/.local/lib/python3.12/site-packages/airflow/example_dags/example_python_operator.py
[2026-06-30T08:32:06.152+0000] {processor.py:830} INFO - Processing file /home/airflow/.local/lib/python3.12/site-packages/airflow/example_dags/example_python_operator.py for tasks to queue
[2026-06-30T08:32:06.153+0000] {logging_mixin.py:188} INFO - [2026-06-30T08:32:06.153+0000] {dagbag.py:545} INFO - Filling up the DagBag from /home/airflow/.local/lib/python3.12/site-packages/airflow/example_dags/example_python_operator.py
[2026-06-30T08:32:06.161+0000] {processor.py:840} INFO - DAG(s) 'example_python_operator' retrieved from /home/airflow/.local/lib/python3.12/site-packages/airflow/example_dags/example_python_operator.py
[2026-06-30T08:32:06.179+0000] {logging_mixin.py:188} INFO - [2026-06-30T08:32:06.179+0000] {dag.py:3096} INFO - Sync 1 DAGs
[2026-06-30T08:32:06.188+0000] {logging_mixin.py:188} INFO - [2026-06-30T08:32:06.188+0000] {dag.py:3954} INFO - Setting next_dagrun for example_python_operator to None, run_after=None
[2026-06-30T08:32:06.203+0000] {processor.py:183} INFO - Processing /home/airflow/.local/lib/python3.12/site-packages/airflow/example_dags/example_python_operator.py took 0.057 seconds
[2026-06-30T08:32:36.971+0000] {processor.py:161} INFO - Started process (PID=23342) to work on /home/airflow/.local/lib/python3.12/site-packages/airflow/example_dags/example_python_operator.py
[2026-06-30T08:32:36.972+0000] {processor.py:830} INFO - Processing file /home/airflow/.local/lib/python3.12/site-packages/airflow/example_dags/example_python_operator.py for tasks to queue
[2026-06-30T08:32:36.973+0000] {logging_mixin.py:188} INFO - [2026-06-30T08:32:36.972+0000] {dagbag.py:545} INFO - Filling up the DagBag from /home/airflow/.local/lib/python3.12/site-packages/airflow/example_dags/example_python_operator.py
[2026-06-30T08:32:36.981+0000] {processor.py:840} INFO - DAG(s) 'example_python_operator' retrieved from /home/airflow/.local/lib/python3.12/site-packages/airflow/example_dags/example_python_operator.py
[2026-06-30T08:32:36.998+0000] {logging_mixin.py:188} INFO - [2026-06-30T08:32:36.998+0000] {dag.py:3096} INFO - Sync 1 DAGs
[2026-06-30T08:32:37.010+0000] {logging_mixin.py:188} INFO - [2026-06-30T08:32:37.010+0000] {dag.py:3954} INFO - Setting next_dagrun for example_python_operator to None, run_after=None
[2026-06-30T08:32:37.024+0000] {processor.py:183} INFO - Processing /home/airflow/.local/lib/python3.12/site-packages/airflow/example_dags/example_python_operator.py took 0.058 seconds
[2026-06-30T08:33:07.799+0000] {processor.py:161} INFO - Started process (PID=23400) to work on /home/airflow/.local/lib/python3.12/site-packages/airflow/example_dags/example_python_operator.py
[2026-06-30T08:33:07.800+0000] {processor.py:830} INFO - Processing file /home/airflow/.local/lib/python3.12/site-packages/airflow/example_dags/example_python_operator.py for tasks to queue
[2026-06-30T08:33:07.801+0000] {logging_mixin.py:188} INFO - [2026-06-30T08:33:07.801+0000] {dagbag.py:545} INFO - Filling up the DagBag from /home/airflow/.local/lib/python3.12/site-packages/airflow/example_dags/example_python_operator.py
[2026-06-30T08:33:07.811+0000] {processor.py:840} INFO - DAG(s) 'example_python_operator' retrieved from /home/airflow/.local/lib/python3.12/site-packages/airflow/example_dags/example_python_operator.py
[2026-06-30T08:33:07.830+0000] {logging_mixin.py:188} INFO - [2026-06-30T08:33:07.830+0000] {dag.py:3096} INFO - Sync 1 DAGs
[2026-06-30T08:33:07.842+0000] {logging_mixin.py:188} INFO - [2026-06-30T08:33:07.842+0000] {dag.py:3954} INFO - Setting next_dagrun for example_python_operator to None, run_after=None
[2026-06-30T08:33:07.862+0000] {processor.py:183} INFO - Processing /home/airflow/.local/lib/python3.12/site-packages/airflow/example_dags/example_python_operator.py took 0.068 seconds
[2026-06-30T08:33:38.616+0000] {processor.py:161} INFO - Started process (PID=23458) to work on /home/airflow/.local/lib/python3.12/site-packages/airflow/example_dags/example_python_operator.py
[2026-06-30T08:33:38.617+0000] {processor.py:830} INFO - Processing file /home/airflow/.local/lib/python3.12/site-packages/airflow/example_dags/example_python_operator.py for tasks to queue
[2026-06-30T08:33:38.618+0000] {logging_mixin.py:188} INFO - [2026-06-30T08:33:38.618+0000] {dagbag.py:545} INFO - Filling up the DagBag from /home/airflow/.local/lib/python3.12/site-packages/airflow/example_dags/example_python_operator.py
[2026-06-30T08:33:38.626+0000] {processor.py:840} INFO - DAG(s) 'example_python_operator' retrieved from /home/airflow/.local/lib/python3.12/site-packages/airflow/example_dags/example_python_operator.py
[2026-06-30T08:33:38.645+0000] {logging_mixin.py:188} INFO - [2026-06-30T08:33:38.645+0000] {dag.py:3096} INFO - Sync 1 DAGs
[2026-06-30T08:33:38.654+0000] {logging_mixin.py:188} INFO - [2026-06-30T08:33:38.654+0000] {dag.py:3954} INFO - Setting next_dagrun for example_python_operator to None, run_after=None
[2026-06-30T08:33:38.668+0000] {processor.py:183} INFO - Processing /home/airflow/.local/lib/python3.12/site-packages/airflow/example_dags/example_python_operator.py took 0.057 seconds
[2026-06-30T08:34:09.602+0000] {processor.py:161} INFO - Started process (PID=23516) to work on /home/airflow/.local/lib/python3.12/site-packages/airflow/example_dags/example_python_operator.py
[2026-06-30T08:34:09.603+0000] {processor.py:830} INFO - Processing file /home/airflow/.local/lib/python3.12/site-packages/airflow/example_dags/example_python_operator.py for tasks to queue
[2026-06-30T08:34:09.604+0000] {logging_mixin.py:188} INFO - [2026-06-30T08:34:09.603+0000] {dagbag.py:545} INFO - Filling up the DagBag from /home/airflow/.local/lib/python3.12/site-packages/airflow/example_dags/example_python_operator.py
[2026-06-30T08:34:09.611+0000] {processor.py:840} INFO - DAG(s) 'example_python_operator' retrieved from /home/airflow/.local/lib/python3.12/site-packages/airflow/example_dags/example_python_operator.py
[2026-06-30T08:34:09.629+0000] {logging_mixin.py:188} INFO - [2026-06-30T08:34:09.629+0000] {dag.py:3096} INFO - Sync 1 DAGs
[2026-06-30T08:34:09.639+0000] {logging_mixin.py:188} INFO - [2026-06-30T08:34:09.639+0000] {dag.py:3954} INFO - Setting next_dagrun for example_python_operator to None, run_after=None
[2026-06-30T08:34:09.655+0000] {processor.py:183} INFO - Processing /home/airflow/.local/lib/python3.12/site-packages/airflow/example_dags/example_python_operator.py took 0.058 seconds
[2026-06-30T08:34:40.208+0000] {processor.py:161} INFO - Started process (PID=23574) to work on /home/airflow/.local/lib/python3.12/site-packages/airflow/example_dags/example_python_operator.py
[2026-06-30T08:34:40.209+0000] {processor.py:830} INFO - Processing file /home/airflow/.local/lib/python3.12/site-packages/airflow/example_dags/example_python_operator.py for tasks to queue
[2026-06-30T08:34:40.210+0000] {logging_mixin.py:188} INFO - [2026-06-30T08:34:40.210+0000] {dagbag.py:545} INFO - Filling up the DagBag from /home/airflow/.local/lib/python3.12/site-packages/airflow/example_dags/example_python_operator.py
[2026-06-30T08:34:40.219+0000] {processor.py:840} INFO - DAG(s) 'example_python_operator' retrieved from /home/airflow/.local/lib/python3.12/site-packages/airflow/example_dags/example_python_operator.py
[2026-06-30T08:34:40.237+0000] {logging_mixin.py:188} INFO - [2026-06-30T08:34:40.237+0000] {dag.py:3096} INFO - Sync 1 DAGs
[2026-06-30T08:34:40.249+0000] {logging_mixin.py:188} INFO - [2026-06-30T08:34:40.249+0000] {dag.py:3954} INFO - Setting next_dagrun for example_python_operator to None, run_after=None
[2026-06-30T08:34:40.262+0000] {processor.py:183} INFO - Processing /home/airflow/.local/lib/python3.12/site-packages/airflow/example_dags/example_python_operator.py took 0.058 seconds
[2026-06-30T08:35:10.539+0000] {processor.py:161} INFO - Started process (PID=23632) to work on /home/airflow/.local/lib/python3.12/site-packages/airflow/example_dags/example_python_operator.py
[2026-06-30T08:35:10.540+0000] {processor.py:830} INFO - Processing file /home/airflow/.local/lib/python3.12/site-packages/airflow/example_dags/example_python_operator.py for tasks to queue
[2026-06-30T08:35:10.541+0000] {logging_mixin.py:188} INFO - [2026-06-30T08:35:10.541+0000] {dagbag.py:545} INFO - Filling up the DagBag from /home/airflow/.local/lib/python3.12/site-packages/airflow/example_dags/example_python_operator.py
[2026-06-30T08:35:10.549+0000] {processor.py:840} INFO - DAG(s) 'example_python_operator' retrieved from /home/airflow/.local/lib/python3.12/site-packages/airflow/example_dags/example_python_operator.py
[2026-06-30T08:35:10.568+0000] {logging_mixin.py:188} INFO - [2026-06-30T08:35:10.567+0000] {dag.py:3096} INFO - Sync 1 DAGs
[2026-06-30T08:35:10.578+0000] {logging_mixin.py:188} INFO - [2026-06-30T08:35:10.578+0000] {dag.py:3954} INFO - Setting next_dagrun for example_python_operator to None, run_after=None
[2026-06-30T08:35:10.595+0000] {processor.py:183} INFO - Processing /home/airflow/.local/lib/python3.12/site-packages/airflow/example_dags/example_python_operator.py took 0.061 seconds
[2026-06-30T08:35:40.986+0000] {processor.py:161} INFO - Started process (PID=23690) to work on /home/airflow/.local/lib/python3.12/site-packages/airflow/example_dags/example_python_operator.py
[2026-06-30T08:35:40.987+0000] {processor.py:830} INFO - Processing file /home/airflow/.local/lib/python3.12/site-packages/airflow/example_dags/example_python_operator.py for tasks to queue
[2026-06-30T08:35:40.988+0000] {logging_mixin.py:188} INFO - [2026-06-30T08:35:40.988+0000] {dagbag.py:545} INFO - Filling up the DagBag from /home/airflow/.local/lib/python3.12/site-packages/airflow/example_dags/example_python_operator.py
[2026-06-30T08:35:40.997+0000] {processor.py:840} INFO - DAG(s) 'example_python_operator' retrieved from /home/airflow/.local/lib/python3.12/site-packages/airflow/example_dags/example_python_operator.py
[2026-06-30T08:35:41.015+0000] {logging_mixin.py:188} INFO - [2026-06-30T08:35:41.015+0000] {dag.py:3096} INFO - Sync 1 DAGs
[2026-06-30T08:35:41.025+0000] {logging_mixin.py:188} INFO - [2026-06-30T08:35:41.025+0000] {dag.py:3954} INFO - Setting next_dagrun for example_python_operator to None, run_after=None
[2026-06-30T08:35:41.040+0000] {processor.py:183} INFO - Processing /home/airflow/.local/lib/python3.12/site-packages/airflow/example_dags/example_python_operator.py took 0.059 seconds
[2026-06-30T08:36:11.231+0000] {processor.py:161} INFO - Started process (PID=23748) to work on /home/airflow/.local/lib/python3.12/site-packages/airflow/example_dags/example_python_operator.py
[2026-06-30T08:36:11.232+0000] {processor.py:830} INFO - Processing file /home/airflow/.local/lib/python3.12/site-packages/airflow/example_dags/example_python_operator.py for tasks to queue
[2026-06-30T08:36:11.233+0000] {logging_mixin.py:188} INFO - [2026-06-30T08:36:11.233+0000] {dagbag.py:545} INFO - Filling up the DagBag from /home/airflow/.local/lib/python3.12/site-packages/airflow/example_dags/example_python_operator.py
[2026-06-30T08:36:11.241+0000] {processor.py:840} INFO - DAG(s) 'example_python_operator' retrieved from /home/airflow/.local/lib/python3.12/site-packages/airflow/example_dags/example_python_operator.py
[2026-06-30T08:36:11.258+0000] {logging_mixin.py:188} INFO - [2026-06-30T08:36:11.258+0000] {dag.py:3096} INFO - Sync 1 DAGs
[2026-06-30T08:36:11.267+0000] {logging_mixin.py:188} INFO - [2026-06-30T08:36:11.267+0000] {dag.py:3954} INFO - Setting next_dagrun for example_python_operator to None, run_after=None
[2026-06-30T08:36:11.281+0000] {processor.py:183} INFO - Processing /home/airflow/.local/lib/python3.12/site-packages/airflow/example_dags/example_python_operator.py took 0.054 seconds
[2026-06-30T08:36:41.811+0000] {processor.py:161} INFO - Started process (PID=23813) to work on /home/airflow/.local/lib/python3.12/site-packages/airflow/example_dags/example_python_operator.py
[2026-06-30T08:36:41.812+0000] {processor.py:830} INFO - Processing file /home/airflow/.local/lib/python3.12/site-packages/airflow/example_dags/example_python_operator.py for tasks to queue
[2026-06-30T08:36:41.813+0000] {logging_mixin.py:188} INFO - [2026-06-30T08:36:41.813+0000] {dagbag.py:545} INFO - Filling up the DagBag from /home/airflow/.local/lib/python3.12/site-packages/airflow/example_dags/example_python_operator.py
[2026-06-30T08:36:41.822+0000] {processor.py:840} INFO - DAG(s) 'example_python_operator' retrieved from /home/airflow/.local/lib/python3.12/site-packages/airflow/example_dags/example_python_operator.py
[2026-06-30T08:36:41.840+0000] {logging_mixin.py:188} INFO - [2026-06-30T08:36:41.840+0000] {dag.py:3096} INFO - Sync 1 DAGs
[2026-06-30T08:36:41.849+0000] {logging_mixin.py:188} INFO - [2026-06-30T08:36:41.849+0000] {dag.py:3954} INFO - Setting next_dagrun for example_python_operator to None, run_after=None
[2026-06-30T08:36:41.862+0000] {processor.py:183} INFO - Processing /home/airflow/.local/lib/python3.12/site-packages/airflow/example_dags/example_python_operator.py took 0.056 seconds
[2026-06-30T08:37:12.102+0000] {processor.py:161} INFO - Started process (PID=23871) to work on /home/airflow/.local/lib/python3.12/site-packages/airflow/example_dags/example_python_operator.py
[2026-06-30T08:37:12.103+0000] {processor.py:830} INFO - Processing file /home/airflow/.local/lib/python3.12/site-packages/airflow/example_dags/example_python_operator.py for tasks to queue
[2026-06-30T08:37:12.104+0000] {logging_mixin.py:188} INFO - [2026-06-30T08:37:12.104+0000] {dagbag.py:545} INFO - Filling up the DagBag from /home/airflow/.local/lib/python3.12/site-packages/airflow/example_dags/example_python_operator.py
[2026-06-30T08:37:12.113+0000] {processor.py:840} INFO - DAG(s) 'example_python_operator' retrieved from /home/airflow/.local/lib/python3.12/site-packages/airflow/example_dags/example_python_operator.py
[2026-06-30T08:37:12.131+0000] {logging_mixin.py:188} INFO - [2026-06-30T08:37:12.131+0000] {dag.py:3096} INFO - Sync 1 DAGs
[2026-06-30T08:37:12.140+0000] {logging_mixin.py:188} INFO - [2026-06-30T08:37:12.140+0000] {dag.py:3954} INFO - Setting next_dagrun for example_python_operator to None, run_after=None
[2026-06-30T08:37:12.153+0000] {processor.py:183} INFO - Processing /home/airflow/.local/lib/python3.12/site-packages/airflow/example_dags/example_python_operator.py took 0.056 seconds
[2026-06-30T08:37:42.477+0000] {processor.py:161} INFO - Started process (PID=23929) to work on /home/airflow/.local/lib/python3.12/site-packages/airflow/example_dags/example_python_operator.py
[2026-06-30T08:37:42.478+0000] {processor.py:830} INFO - Processing file /home/airflow/.local/lib/python3.12/site-packages/airflow/example_dags/example_python_operator.py for tasks to queue
[2026-06-30T08:37:42.478+0000] {logging_mixin.py:188} INFO - [2026-06-30T08:37:42.478+0000] {dagbag.py:545} INFO - Filling up the DagBag from /home/airflow/.local/lib/python3.12/site-packages/airflow/example_dags/example_python_operator.py
[2026-06-30T08:37:42.486+0000] {processor.py:840} INFO - DAG(s) 'example_python_operator' retrieved from /home/airflow/.local/lib/python3.12/site-packages/airflow/example_dags/example_python_operator.py
[2026-06-30T08:37:42.503+0000] {logging_mixin.py:188} INFO - [2026-06-30T08:37:42.503+0000] {dag.py:3096} INFO - Sync 1 DAGs
[2026-06-30T08:37:42.512+0000] {logging_mixin.py:188} INFO - [2026-06-30T08:37:42.512+0000] {dag.py:3954} INFO - Setting next_dagrun for example_python_operator to None, run_after=None
[2026-06-30T08:37:42.529+0000] {processor.py:183} INFO - Processing /home/airflow/.local/lib/python3.12/site-packages/airflow/example_dags/example_python_operator.py took 0.057 seconds
[2026-06-30T08:38:13.024+0000] {processor.py:161} INFO - Started process (PID=23987) to work on /home/airflow/.local/lib/python3.12/site-packages/airflow/example_dags/example_python_operator.py
[2026-06-30T08:38:13.025+0000] {processor.py:830} INFO - Processing file /home/airflow/.local/lib/python3.12/site-packages/airflow/example_dags/example_python_operator.py for tasks to queue
[2026-06-30T08:38:13.026+0000] {logging_mixin.py:188} INFO - [2026-06-30T08:38:13.026+0000] {dagbag.py:545} INFO - Filling up the DagBag from /home/airflow/.local/lib/python3.12/site-packages/airflow/example_dags/example_python_operator.py
[2026-06-30T08:38:13.036+0000] {processor.py:840} INFO - DAG(s) 'example_python_operator' retrieved from /home/airflow/.local/lib/python3.12/site-packages/airflow/example_dags/example_python_operator.py
[2026-06-30T08:38:13.058+0000] {logging_mixin.py:188} INFO - [2026-06-30T08:38:13.058+0000] {dag.py:3096} INFO - Sync 1 DAGs
[2026-06-30T08:38:13.069+0000] {logging_mixin.py:188} INFO - [2026-06-30T08:38:13.069+0000] {dag.py:3954} INFO - Setting next_dagrun for example_python_operator to None, run_after=None
[2026-06-30T08:38:13.084+0000] {processor.py:183} INFO - Processing /home/airflow/.local/lib/python3.12/site-packages/airflow/example_dags/example_python_operator.py took 0.066 seconds
[2026-06-30T08:38:43.488+0000] {processor.py:161} INFO - Started process (PID=24045) to work on /home/airflow/.local/lib/python3.12/site-packages/airflow/example_dags/example_python_operator.py
[2026-06-30T08:38:43.489+0000] {processor.py:830} INFO - Processing file /home/airflow/.local/lib/python3.12/site-packages/airflow/example_dags/example_python_operator.py for tasks to queue
[2026-06-30T08:38:43.490+0000] {logging_mixin.py:188} INFO - [2026-06-30T08:38:43.490+0000] {dagbag.py:545} INFO - Filling up the DagBag from /home/airflow/.local/lib/python3.12/site-packages/airflow/example_dags/example_python_operator.py
[2026-06-30T08:38:43.498+0000] {processor.py:840} INFO - DAG(s) 'example_python_operator' retrieved from /home/airflow/.local/lib/python3.12/site-packages/airflow/example_dags/example_python_operator.py
[2026-06-30T08:38:43.514+0000] {logging_mixin.py:188} INFO - [2026-06-30T08:38:43.513+0000] {dag.py:3096} INFO - Sync 1 DAGs
[2026-06-30T08:38:43.522+0000] {logging_mixin.py:188} INFO - [2026-06-30T08:38:43.522+0000] {dag.py:3954} INFO - Setting next_dagrun for example_python_operator to None, run_after=None
[2026-06-30T08:38:43.537+0000] {processor.py:183} INFO - Processing /home/airflow/.local/lib/python3.12/site-packages/airflow/example_dags/example_python_operator.py took 0.054 seconds
[2026-06-30T08:39:14.007+0000] {processor.py:161} INFO - Started process (PID=24103) to work on /home/airflow/.local/lib/python3.12/site-packages/airflow/example_dags/example_python_operator.py
[2026-06-30T08:39:14.008+0000] {processor.py:830} INFO - Processing file /home/airflow/.local/lib/python3.12/site-packages/airflow/example_dags/example_python_operator.py for tasks to queue
[2026-06-30T08:39:14.009+0000] {logging_mixin.py:188} INFO - [2026-06-30T08:39:14.008+0000] {dagbag.py:545} INFO - Filling up the DagBag from /home/airflow/.local/lib/python3.12/site-packages/airflow/example_dags/example_python_operator.py
[2026-06-30T08:39:14.016+0000] {processor.py:840} INFO - DAG(s) 'example_python_operator' retrieved from /home/airflow/.local/lib/python3.12/site-packages/airflow/example_dags/example_python_operator.py
[2026-06-30T08:39:14.032+0000] {logging_mixin.py:188} INFO - [2026-06-30T08:39:14.032+0000] {dag.py:3096} INFO - Sync 1 DAGs
[2026-06-30T08:39:14.042+0000] {logging_mixin.py:188} INFO - [2026-06-30T08:39:14.042+0000] {dag.py:3954} INFO - Setting next_dagrun for example_python_operator to None, run_after=None
[2026-06-30T08:39:14.057+0000] {processor.py:183} INFO - Processing /home/airflow/.local/lib/python3.12/site-packages/airflow/example_dags/example_python_operator.py took 0.054 seconds
[2026-06-30T08:39:44.580+0000] {processor.py:161} INFO - Started process (PID=24161) to work on /home/airflow/.local/lib/python3.12/site-packages/airflow/example_dags/example_python_operator.py
[2026-06-30T08:39:44.581+0000] {processor.py:830} INFO - Processing file /home/airflow/.local/lib/python3.12/site-packages/airflow/example_dags/example_python_operator.py for tasks to queue
[2026-06-30T08:39:44.582+0000] {logging_mixin.py:188} INFO - [2026-06-30T08:39:44.582+0000] {dagbag.py:545} INFO - Filling up the DagBag from /home/airflow/.local/lib/python3.12/site-packages/airflow/example_dags/example_python_operator.py
[2026-06-30T08:39:44.589+0000] {processor.py:840} INFO - DAG(s) 'example_python_operator' retrieved from /home/airflow/.local/lib/python3.12/site-packages/airflow/example_dags/example_python_operator.py
[2026-06-30T08:39:44.605+0000] {logging_mixin.py:188} INFO - [2026-06-30T08:39:44.605+0000] {dag.py:3096} INFO - Sync 1 DAGs
[2026-06-30T08:39:44.613+0000] {logging_mixin.py:188} INFO - [2026-06-30T08:39:44.613+0000] {dag.py:3954} INFO - Setting next_dagrun for example_python_operator to None, run_after=None
[2026-06-30T08:39:44.629+0000] {processor.py:183} INFO - Processing /home/airflow/.local/lib/python3.12/site-packages/airflow/example_dags/example_python_operator.py took 0.052 seconds
[2026-06-30T08:40:15.054+0000] {processor.py:161} INFO - Started process (PID=24219) to work on /home/airflow/.local/lib/python3.12/site-packages/airflow/example_dags/example_python_operator.py
[2026-06-30T08:40:15.055+0000] {processor.py:830} INFO - Processing file /home/airflow/.local/lib/python3.12/site-packages/airflow/example_dags/example_python_operator.py for tasks to queue
[2026-06-30T08:40:15.056+0000] {logging_mixin.py:188} INFO - [2026-06-30T08:40:15.055+0000] {dagbag.py:545} INFO - Filling up the DagBag from /home/airflow/.local/lib/python3.12/site-packages/airflow/example_dags/example_python_operator.py
[2026-06-30T08:40:15.063+0000] {processor.py:840} INFO - DAG(s) 'example_python_operator' retrieved from /home/airflow/.local/lib/python3.12/site-packages/airflow/example_dags/example_python_operator.py
[2026-06-30T08:40:15.079+0000] {logging_mixin.py:188} INFO - [2026-06-30T08:40:15.079+0000] {dag.py:3096} INFO - Sync 1 DAGs
[2026-06-30T08:40:15.087+0000] {logging_mixin.py:188} INFO - [2026-06-30T08:40:15.087+0000] {dag.py:3954} INFO - Setting next_dagrun for example_python_operator to None, run_after=None
[2026-06-30T08:40:15.101+0000] {processor.py:183} INFO - Processing /home/airflow/.local/lib/python3.12/site-packages/airflow/example_dags/example_python_operator.py took 0.051 seconds
[2026-06-30T08:40:45.630+0000] {processor.py:161} INFO - Started process (PID=24277) to work on /home/airflow/.local/lib/python3.12/site-packages/airflow/example_dags/example_python_operator.py
[2026-06-30T08:40:45.631+0000] {processor.py:830} INFO - Processing file /home/airflow/.local/lib/python3.12/site-packages/airflow/example_dags/example_python_operator.py for tasks to queue
[2026-06-30T08:40:45.632+0000] {logging_mixin.py:188} INFO - [2026-06-30T08:40:45.632+0000] {dagbag.py:545} INFO - Filling up the DagBag from /home/airflow/.local/lib/python3.12/site-packages/airflow/example_dags/example_python_operator.py
[2026-06-30T08:40:45.641+0000] {processor.py:840} INFO - DAG(s) 'example_python_operator' retrieved from /home/airflow/.local/lib/python3.12/site-packages/airflow/example_dags/example_python_operator.py
[2026-06-30T08:40:45.657+0000] {logging_mixin.py:188} INFO - [2026-06-30T08:40:45.657+0000] {dag.py:3096} INFO - Sync 1 DAGs
[2026-06-30T08:40:45.668+0000] {logging_mixin.py:188} INFO - [2026-06-30T08:40:45.668+0000] {dag.py:3954} INFO - Setting next_dagrun for example_python_operator to None, run_after=None
[2026-06-30T08:40:45.682+0000] {processor.py:183} INFO - Processing /home/airflow/.local/lib/python3.12/site-packages/airflow/example_dags/example_python_operator.py took 0.056 seconds
[2026-06-30T08:41:16.307+0000] {processor.py:161} INFO - Started process (PID=24335) to work on /home/airflow/.local/lib/python3.12/site-packages/airflow/example_dags/example_python_operator.py
[2026-06-30T08:41:16.308+0000] {processor.py:830} INFO - Processing file /home/airflow/.local/lib/python3.12/site-packages/airflow/example_dags/example_python_operator.py for tasks to queue
[2026-06-30T08:41:16.308+0000] {logging_mixin.py:188} INFO - [2026-06-30T08:41:16.308+0000] {dagbag.py:545} INFO - Filling up the DagBag from /home/airflow/.local/lib/python3.12/site-packages/airflow/example_dags/example_python_operator.py
[2026-06-30T08:41:16.316+0000] {processor.py:840} INFO - DAG(s) 'example_python_operator' retrieved from /home/airflow/.local/lib/python3.12/site-packages/airflow/example_dags/example_python_operator.py
[2026-06-30T08:41:16.333+0000] {logging_mixin.py:188} INFO - [2026-06-30T08:41:16.333+0000] {dag.py:3096} INFO - Sync 1 DAGs
[2026-06-30T08:41:16.342+0000] {logging_mixin.py:188} INFO - [2026-06-30T08:41:16.342+0000] {dag.py:3954} INFO - Setting next_dagrun for example_python_operator to None, run_after=None
[2026-06-30T08:41:16.355+0000] {processor.py:183} INFO - Processing /home/airflow/.local/lib/python3.12/site-packages/airflow/example_dags/example_python_operator.py took 0.053 seconds
[2026-06-30T08:41:46.818+0000] {processor.py:161} INFO - Started process (PID=24393) to work on /home/airflow/.local/lib/python3.12/site-packages/airflow/example_dags/example_python_operator.py
[2026-06-30T08:41:46.818+0000] {processor.py:830} INFO - Processing file /home/airflow/.local/lib/python3.12/site-packages/airflow/example_dags/example_python_operator.py for tasks to queue
[2026-06-30T08:41:46.819+0000] {logging_mixin.py:188} INFO - [2026-06-30T08:41:46.819+0000] {dagbag.py:545} INFO - Filling up the DagBag from /home/airflow/.local/lib/python3.12/site-packages/airflow/example_dags/example_python_operator.py
[2026-06-30T08:41:46.826+0000] {processor.py:840} INFO - DAG(s) 'example_python_operator' retrieved from /home/airflow/.local/lib/python3.12/site-packages/airflow/example_dags/example_python_operator.py
[2026-06-30T08:41:46.844+0000] {logging_mixin.py:188} INFO - [2026-06-30T08:41:46.843+0000] {dag.py:3096} INFO - Sync 1 DAGs
[2026-06-30T08:41:46.855+0000] {logging_mixin.py:188} INFO - [2026-06-30T08:41:46.855+0000] {dag.py:3954} INFO - Setting next_dagrun for example_python_operator to None, run_after=None
[2026-06-30T08:41:46.868+0000] {processor.py:183} INFO - Processing /home/airflow/.local/lib/python3.12/site-packages/airflow/example_dags/example_python_operator.py took 0.055 seconds
[2026-06-30T08:42:17.277+0000] {processor.py:161} INFO - Started process (PID=24451) to work on /home/airflow/.local/lib/python3.12/site-packages/airflow/example_dags/example_python_operator.py
[2026-06-30T08:42:17.278+0000] {processor.py:830} INFO - Processing file /home/airflow/.local/lib/python3.12/site-packages/airflow/example_dags/example_python_operator.py for tasks to queue
[2026-06-30T08:42:17.279+0000] {logging_mixin.py:188} INFO - [2026-06-30T08:42:17.278+0000] {dagbag.py:545} INFO - Filling up the DagBag from /home/airflow/.local/lib/python3.12/site-packages/airflow/example_dags/example_python_operator.py
[2026-06-30T08:42:17.286+0000] {processor.py:840} INFO - DAG(s) 'example_python_operator' retrieved from /home/airflow/.local/lib/python3.12/site-packages/airflow/example_dags/example_python_operator.py
[2026-06-30T08:42:17.304+0000] {logging_mixin.py:188} INFO - [2026-06-30T08:42:17.304+0000] {dag.py:3096} INFO - Sync 1 DAGs
[2026-06-30T08:42:17.314+0000] {logging_mixin.py:188} INFO - [2026-06-30T08:42:17.314+0000] {dag.py:3954} INFO - Setting next_dagrun for example_python_operator to None, run_after=None
[2026-06-30T08:42:17.327+0000] {processor.py:183} INFO - Processing /home/airflow/.local/lib/python3.12/site-packages/airflow/example_dags/example_python_operator.py took 0.055 seconds
[2026-06-30T08:42:48.020+0000] {processor.py:161} INFO - Started process (PID=24509) to work on /home/airflow/.local/lib/python3.12/site-packages/airflow/example_dags/example_python_operator.py
[2026-06-30T08:42:48.021+0000] {processor.py:830} INFO - Processing file /home/airflow/.local/lib/python3.12/site-packages/airflow/example_dags/example_python_operator.py for tasks to queue
[2026-06-30T08:42:48.022+0000] {logging_mixin.py:188} INFO - [2026-06-30T08:42:48.021+0000] {dagbag.py:545} INFO - Filling up the DagBag from /home/airflow/.local/lib/python3.12/site-packages/airflow/example_dags/example_python_operator.py
[2026-06-30T08:42:48.030+0000] {processor.py:840} INFO - DAG(s) 'example_python_operator' retrieved from /home/airflow/.local/lib/python3.12/site-packages/airflow/example_dags/example_python_operator.py
[2026-06-30T08:42:48.046+0000] {logging_mixin.py:188} INFO - [2026-06-30T08:42:48.046+0000] {dag.py:3096} INFO - Sync 1 DAGs
[2026-06-30T08:42:48.054+0000] {logging_mixin.py:188} INFO - [2026-06-30T08:42:48.054+0000] {dag.py:3954} INFO - Setting next_dagrun for example_python_operator to None, run_after=None
[2026-06-30T08:42:48.067+0000] {processor.py:183} INFO - Processing /home/airflow/.local/lib/python3.12/site-packages/airflow/example_dags/example_python_operator.py took 0.051 seconds
[2026-06-30T08:43:18.124+0000] {processor.py:161} INFO - Started process (PID=24567) to work on /home/airflow/.local/lib/python3.12/site-packages/airflow/example_dags/example_python_operator.py
[2026-06-30T08:43:18.126+0000] {processor.py:830} INFO - Processing file /home/airflow/.local/lib/python3.12/site-packages/airflow/example_dags/example_python_operator.py for tasks to queue
[2026-06-30T08:43:18.128+0000] {logging_mixin.py:188} INFO - [2026-06-30T08:43:18.127+0000] {dagbag.py:545} INFO - Filling up the DagBag from /home/airflow/.local/lib/python3.12/site-packages/airflow/example_dags/example_python_operator.py
[2026-06-30T08:43:18.139+0000] {processor.py:840} INFO - DAG(s) 'example_python_operator' retrieved from /home/airflow/.local/lib/python3.12/site-packages/airflow/example_dags/example_python_operator.py
[2026-06-30T08:43:18.164+0000] {logging_mixin.py:188} INFO - [2026-06-30T08:43:18.164+0000] {dag.py:3096} INFO - Sync 1 DAGs
[2026-06-30T08:43:18.177+0000] {logging_mixin.py:188} INFO - [2026-06-30T08:43:18.177+0000] {dag.py:3954} INFO - Setting next_dagrun for example_python_operator to None, run_after=None
[2026-06-30T08:43:18.192+0000] {processor.py:183} INFO - Processing /home/airflow/.local/lib/python3.12/site-packages/airflow/example_dags/example_python_operator.py took 0.076 seconds
[2026-06-30T08:43:48.520+0000] {processor.py:161} INFO - Started process (PID=24625) to work on /home/airflow/.local/lib/python3.12/site-packages/airflow/example_dags/example_python_operator.py
[2026-06-30T08:43:48.521+0000] {processor.py:830} INFO - Processing file /home/airflow/.local/lib/python3.12/site-packages/airflow/example_dags/example_python_operator.py for tasks to queue
[2026-06-30T08:43:48.522+0000] {logging_mixin.py:188} INFO - [2026-06-30T08:43:48.522+0000] {dagbag.py:545} INFO - Filling up the DagBag from /home/airflow/.local/lib/python3.12/site-packages/airflow/example_dags/example_python_operator.py
[2026-06-30T08:43:48.531+0000] {processor.py:840} INFO - DAG(s) 'example_python_operator' retrieved from /home/airflow/.local/lib/python3.12/site-packages/airflow/example_dags/example_python_operator.py
[2026-06-30T08:43:48.549+0000] {logging_mixin.py:188} INFO - [2026-06-30T08:43:48.549+0000] {dag.py:3096} INFO - Sync 1 DAGs
[2026-06-30T08:43:48.560+0000] {logging_mixin.py:188} INFO - [2026-06-30T08:43:48.559+0000] {dag.py:3954} INFO - Setting next_dagrun for example_python_operator to None, run_after=None
[2026-06-30T08:43:48.574+0000] {processor.py:183} INFO - Processing /home/airflow/.local/lib/python3.12/site-packages/airflow/example_dags/example_python_operator.py took 0.058 seconds
[2026-06-30T08:44:18.896+0000] {processor.py:161} INFO - Started process (PID=24683) to work on /home/airflow/.local/lib/python3.12/site-packages/airflow/example_dags/example_python_operator.py
[2026-06-30T08:44:18.897+0000] {processor.py:830} INFO - Processing file /home/airflow/.local/lib/python3.12/site-packages/airflow/example_dags/example_python_operator.py for tasks to queue
[2026-06-30T08:44:18.898+0000] {logging_mixin.py:188} INFO - [2026-06-30T08:44:18.897+0000] {dagbag.py:545} INFO - Filling up the DagBag from /home/airflow/.local/lib/python3.12/site-packages/airflow/example_dags/example_python_operator.py
[2026-06-30T08:44:18.906+0000] {processor.py:840} INFO - DAG(s) 'example_python_operator' retrieved from /home/airflow/.local/lib/python3.12/site-packages/airflow/example_dags/example_python_operator.py
[2026-06-30T08:44:18.931+0000] {logging_mixin.py:188} INFO - [2026-06-30T08:44:18.931+0000] {dag.py:3096} INFO - Sync 1 DAGs
[2026-06-30T08:44:18.940+0000] {logging_mixin.py:188} INFO - [2026-06-30T08:44:18.940+0000] {dag.py:3954} INFO - Setting next_dagrun for example_python_operator to None, run_after=None
[2026-06-30T08:44:18.955+0000] {processor.py:183} INFO - Processing /home/airflow/.local/lib/python3.12/site-packages/airflow/example_dags/example_python_operator.py took 0.063 seconds
[2026-06-30T08:44:49.295+0000] {processor.py:161} INFO - Started process (PID=24741) to work on /home/airflow/.local/lib/python3.12/site-packages/airflow/example_dags/example_python_operator.py
[2026-06-30T08:44:49.296+0000] {processor.py:830} INFO - Processing file /home/airflow/.local/lib/python3.12/site-packages/airflow/example_dags/example_python_operator.py for tasks to queue
[2026-06-30T08:44:49.298+0000] {logging_mixin.py:188} INFO - [2026-06-30T08:44:49.297+0000] {dagbag.py:545} INFO - Filling up the DagBag from /home/airflow/.local/lib/python3.12/site-packages/airflow/example_dags/example_python_operator.py
[2026-06-30T08:44:49.309+0000] {processor.py:840} INFO - DAG(s) 'example_python_operator' retrieved from /home/airflow/.local/lib/python3.12/site-packages/airflow/example_dags/example_python_operator.py
[2026-06-30T08:44:49.331+0000] {logging_mixin.py:188} INFO - [2026-06-30T08:44:49.331+0000] {dag.py:3096} INFO - Sync 1 DAGs
[2026-06-30T08:44:49.343+0000] {logging_mixin.py:188} INFO - [2026-06-30T08:44:49.343+0000] {dag.py:3954} INFO - Setting next_dagrun for example_python_operator to None, run_after=None
[2026-06-30T08:44:49.364+0000] {processor.py:183} INFO - Processing /home/airflow/.local/lib/python3.12/site-packages/airflow/example_dags/example_python_operator.py took 0.075 seconds
[2026-06-30T08:45:19.843+0000] {processor.py:161} INFO - Started process (PID=24799) to work on /home/airflow/.local/lib/python3.12/site-packages/airflow/example_dags/example_python_operator.py
[2026-06-30T08:45:19.844+0000] {processor.py:830} INFO - Processing file /home/airflow/.local/lib/python3.12/site-packages/airflow/example_dags/example_python_operator.py for tasks to queue
[2026-06-30T08:45:19.846+0000] {logging_mixin.py:188} INFO - [2026-06-30T08:45:19.845+0000] {dagbag.py:545} INFO - Filling up the DagBag from /home/airflow/.local/lib/python3.12/site-packages/airflow/example_dags/example_python_operator.py
[2026-06-30T08:45:19.858+0000] {processor.py:840} INFO - DAG(s) 'example_python_operator' retrieved from /home/airflow/.local/lib/python3.12/site-packages/airflow/example_dags/example_python_operator.py
[2026-06-30T08:45:19.884+0000] {logging_mixin.py:188} INFO - [2026-06-30T08:45:19.884+0000] {dag.py:3096} INFO - Sync 1 DAGs
[2026-06-30T08:45:19.898+0000] {logging_mixin.py:188} INFO - [2026-06-30T08:45:19.898+0000] {dag.py:3954} INFO - Setting next_dagrun for example_python_operator to None, run_after=None
[2026-06-30T08:45:19.919+0000] {processor.py:183} INFO - Processing /home/airflow/.local/lib/python3.12/site-packages/airflow/example_dags/example_python_operator.py took 0.083 seconds
[2026-06-30T08:45:50.530+0000] {processor.py:161} INFO - Started process (PID=24857) to work on /home/airflow/.local/lib/python3.12/site-packages/airflow/example_dags/example_python_operator.py
[2026-06-30T08:45:50.532+0000] {processor.py:830} INFO - Processing file /home/airflow/.local/lib/python3.12/site-packages/airflow/example_dags/example_python_operator.py for tasks to queue
[2026-06-30T08:45:50.533+0000] {logging_mixin.py:188} INFO - [2026-06-30T08:45:50.533+0000] {dagbag.py:545} INFO - Filling up the DagBag from /home/airflow/.local/lib/python3.12/site-packages/airflow/example_dags/example_python_operator.py
[2026-06-30T08:45:50.543+0000] {processor.py:840} INFO - DAG(s) 'example_python_operator' retrieved from /home/airflow/.local/lib/python3.12/site-packages/airflow/example_dags/example_python_operator.py
[2026-06-30T08:45:50.565+0000] {logging_mixin.py:188} INFO - [2026-06-30T08:45:50.565+0000] {dag.py:3096} INFO - Sync 1 DAGs
[2026-06-30T08:45:50.578+0000] {logging_mixin.py:188} INFO - [2026-06-30T08:45:50.578+0000] {dag.py:3954} INFO - Setting next_dagrun for example_python_operator to None, run_after=None
[2026-06-30T08:45:50.595+0000] {processor.py:183} INFO - Processing /home/airflow/.local/lib/python3.12/site-packages/airflow/example_dags/example_python_operator.py took 0.071 seconds
[2026-06-30T08:46:21.106+0000] {processor.py:161} INFO - Started process (PID=24915) to work on /home/airflow/.local/lib/python3.12/site-packages/airflow/example_dags/example_python_operator.py
[2026-06-30T08:46:21.107+0000] {processor.py:830} INFO - Processing file /home/airflow/.local/lib/python3.12/site-packages/airflow/example_dags/example_python_operator.py for tasks to queue
[2026-06-30T08:46:21.108+0000] {logging_mixin.py:188} INFO - [2026-06-30T08:46:21.108+0000] {dagbag.py:545} INFO - Filling up the DagBag from /home/airflow/.local/lib/python3.12/site-packages/airflow/example_dags/example_python_operator.py
[2026-06-30T08:46:21.117+0000] {processor.py:840} INFO - DAG(s) 'example_python_operator' retrieved from /home/airflow/.local/lib/python3.12/site-packages/airflow/example_dags/example_python_operator.py
[2026-06-30T08:46:21.135+0000] {logging_mixin.py:188} INFO - [2026-06-30T08:46:21.135+0000] {dag.py:3096} INFO - Sync 1 DAGs
[2026-06-30T08:46:21.148+0000] {logging_mixin.py:188} INFO - [2026-06-30T08:46:21.148+0000] {dag.py:3954} INFO - Setting next_dagrun for example_python_operator to None, run_after=None
[2026-06-30T08:46:21.162+0000] {processor.py:183} INFO - Processing /home/airflow/.local/lib/python3.12/site-packages/airflow/example_dags/example_python_operator.py took 0.061 seconds
[2026-06-30T08:46:51.698+0000] {processor.py:161} INFO - Started process (PID=24973) to work on /home/airflow/.local/lib/python3.12/site-packages/airflow/example_dags/example_python_operator.py
[2026-06-30T08:46:51.699+0000] {processor.py:830} INFO - Processing file /home/airflow/.local/lib/python3.12/site-packages/airflow/example_dags/example_python_operator.py for tasks to queue
[2026-06-30T08:46:51.699+0000] {logging_mixin.py:188} INFO - [2026-06-30T08:46:51.699+0000] {dagbag.py:545} INFO - Filling up the DagBag from /home/airflow/.local/lib/python3.12/site-packages/airflow/example_dags/example_python_operator.py
[2026-06-30T08:46:51.707+0000] {processor.py:840} INFO - DAG(s) 'example_python_operator' retrieved from /home/airflow/.local/lib/python3.12/site-packages/airflow/example_dags/example_python_operator.py
[2026-06-30T08:46:51.723+0000] {logging_mixin.py:188} INFO - [2026-06-30T08:46:51.723+0000] {dag.py:3096} INFO - Sync 1 DAGs
[2026-06-30T08:46:51.732+0000] {logging_mixin.py:188} INFO - [2026-06-30T08:46:51.731+0000] {dag.py:3954} INFO - Setting next_dagrun for example_python_operator to None, run_after=None
[2026-06-30T08:46:51.745+0000] {processor.py:183} INFO - Processing /home/airflow/.local/lib/python3.12/site-packages/airflow/example_dags/example_python_operator.py took 0.051 seconds
[2026-06-30T08:47:22.243+0000] {processor.py:161} INFO - Started process (PID=25031) to work on /home/airflow/.local/lib/python3.12/site-packages/airflow/example_dags/example_python_operator.py
[2026-06-30T08:47:22.243+0000] {processor.py:830} INFO - Processing file /home/airflow/.local/lib/python3.12/site-packages/airflow/example_dags/example_python_operator.py for tasks to queue
[2026-06-30T08:47:22.244+0000] {logging_mixin.py:188} INFO - [2026-06-30T08:47:22.244+0000] {dagbag.py:545} INFO - Filling up the DagBag from /home/airflow/.local/lib/python3.12/site-packages/airflow/example_dags/example_python_operator.py
[2026-06-30T08:47:22.252+0000] {processor.py:840} INFO - DAG(s) 'example_python_operator' retrieved from /home/airflow/.local/lib/python3.12/site-packages/airflow/example_dags/example_python_operator.py
[2026-06-30T08:47:22.269+0000] {logging_mixin.py:188} INFO - [2026-06-30T08:47:22.269+0000] {dag.py:3096} INFO - Sync 1 DAGs
[2026-06-30T08:47:22.278+0000] {logging_mixin.py:188} INFO - [2026-06-30T08:47:22.278+0000] {dag.py:3954} INFO - Setting next_dagrun for example_python_operator to None, run_after=None
[2026-06-30T08:47:22.291+0000] {processor.py:183} INFO - Processing /home/airflow/.local/lib/python3.12/site-packages/airflow/example_dags/example_python_operator.py took 0.053 seconds
[2026-06-30T08:47:52.756+0000] {processor.py:161} INFO - Started process (PID=25089) to work on /home/airflow/.local/lib/python3.12/site-packages/airflow/example_dags/example_python_operator.py
[2026-06-30T08:47:52.758+0000] {processor.py:830} INFO - Processing file /home/airflow/.local/lib/python3.12/site-packages/airflow/example_dags/example_python_operator.py for tasks to queue
[2026-06-30T08:47:52.758+0000] {logging_mixin.py:188} INFO - [2026-06-30T08:47:52.758+0000] {dagbag.py:545} INFO - Filling up the DagBag from /home/airflow/.local/lib/python3.12/site-packages/airflow/example_dags/example_python_operator.py
[2026-06-30T08:47:52.767+0000] {processor.py:840} INFO - DAG(s) 'example_python_operator' retrieved from /home/airflow/.local/lib/python3.12/site-packages/airflow/example_dags/example_python_operator.py
[2026-06-30T08:47:52.784+0000] {logging_mixin.py:188} INFO - [2026-06-30T08:47:52.784+0000] {dag.py:3096} INFO - Sync 1 DAGs
[2026-06-30T08:47:52.793+0000] {logging_mixin.py:188} INFO - [2026-06-30T08:47:52.793+0000] {dag.py:3954} INFO - Setting next_dagrun for example_python_operator to None, run_after=None
[2026-06-30T08:47:52.807+0000] {processor.py:183} INFO - Processing /home/airflow/.local/lib/python3.12/site-packages/airflow/example_dags/example_python_operator.py took 0.055 seconds
[2026-06-30T08:48:23.327+0000] {processor.py:161} INFO - Started process (PID=25147) to work on /home/airflow/.local/lib/python3.12/site-packages/airflow/example_dags/example_python_operator.py
[2026-06-30T08:48:23.328+0000] {processor.py:830} INFO - Processing file /home/airflow/.local/lib/python3.12/site-packages/airflow/example_dags/example_python_operator.py for tasks to queue
[2026-06-30T08:48:23.329+0000] {logging_mixin.py:188} INFO - [2026-06-30T08:48:23.329+0000] {dagbag.py:545} INFO - Filling up the DagBag from /home/airflow/.local/lib/python3.12/site-packages/airflow/example_dags/example_python_operator.py
[2026-06-30T08:48:23.338+0000] {processor.py:840} INFO - DAG(s) 'example_python_operator' retrieved from /home/airflow/.local/lib/python3.12/site-packages/airflow/example_dags/example_python_operator.py
[2026-06-30T08:48:23.358+0000] {logging_mixin.py:188} INFO - [2026-06-30T08:48:23.358+0000] {dag.py:3096} INFO - Sync 1 DAGs
[2026-06-30T08:48:23.369+0000] {logging_mixin.py:188} INFO - [2026-06-30T08:48:23.368+0000] {dag.py:3954} INFO - Setting next_dagrun for example_python_operator to None, run_after=None
[2026-06-30T08:48:23.383+0000] {processor.py:183} INFO - Processing /home/airflow/.local/lib/python3.12/site-packages/airflow/example_dags/example_python_operator.py took 0.061 seconds
[2026-06-30T08:48:53.887+0000] {processor.py:161} INFO - Started process (PID=25205) to work on /home/airflow/.local/lib/python3.12/site-packages/airflow/example_dags/example_python_operator.py
[2026-06-30T08:48:53.889+0000] {processor.py:830} INFO - Processing file /home/airflow/.local/lib/python3.12/site-packages/airflow/example_dags/example_python_operator.py for tasks to queue
[2026-06-30T08:48:53.890+0000] {logging_mixin.py:188} INFO - [2026-06-30T08:48:53.889+0000] {dagbag.py:545} INFO - Filling up the DagBag from /home/airflow/.local/lib/python3.12/site-packages/airflow/example_dags/example_python_operator.py
[2026-06-30T08:48:53.898+0000] {processor.py:840} INFO - DAG(s) 'example_python_operator' retrieved from /home/airflow/.local/lib/python3.12/site-packages/airflow/example_dags/example_python_operator.py
[2026-06-30T08:48:53.918+0000] {logging_mixin.py:188} INFO - [2026-06-30T08:48:53.917+0000] {dag.py:3096} INFO - Sync 1 DAGs
[2026-06-30T08:48:53.929+0000] {logging_mixin.py:188} INFO - [2026-06-30T08:48:53.928+0000] {dag.py:3954} INFO - Setting next_dagrun for example_python_operator to None, run_after=None
[2026-06-30T08:48:53.943+0000] {processor.py:183} INFO - Processing /home/airflow/.local/lib/python3.12/site-packages/airflow/example_dags/example_python_operator.py took 0.061 seconds
[2026-06-30T08:49:24.355+0000] {processor.py:161} INFO - Started process (PID=25263) to work on /home/airflow/.local/lib/python3.12/site-packages/airflow/example_dags/example_python_operator.py
[2026-06-30T08:49:24.356+0000] {processor.py:830} INFO - Processing file /home/airflow/.local/lib/python3.12/site-packages/airflow/example_dags/example_python_operator.py for tasks to queue
[2026-06-30T08:49:24.357+0000] {logging_mixin.py:188} INFO - [2026-06-30T08:49:24.357+0000] {dagbag.py:545} INFO - Filling up the DagBag from /home/airflow/.local/lib/python3.12/site-packages/airflow/example_dags/example_python_operator.py
[2026-06-30T08:49:24.366+0000] {processor.py:840} INFO - DAG(s) 'example_python_operator' retrieved from /home/airflow/.local/lib/python3.12/site-packages/airflow/example_dags/example_python_operator.py
[2026-06-30T08:49:24.386+0000] {logging_mixin.py:188} INFO - [2026-06-30T08:49:24.386+0000] {dag.py:3096} INFO - Sync 1 DAGs
[2026-06-30T08:49:24.396+0000] {logging_mixin.py:188} INFO - [2026-06-30T08:49:24.395+0000] {dag.py:3954} INFO - Setting next_dagrun for example_python_operator to None, run_after=None
[2026-06-30T08:49:24.409+0000] {processor.py:183} INFO - Processing /home/airflow/.local/lib/python3.12/site-packages/airflow/example_dags/example_python_operator.py took 0.059 seconds
[2026-06-30T08:49:55.056+0000] {processor.py:161} INFO - Started process (PID=25320) to work on /home/airflow/.local/lib/python3.12/site-packages/airflow/example_dags/example_python_operator.py
[2026-06-30T08:49:55.057+0000] {processor.py:830} INFO - Processing file /home/airflow/.local/lib/python3.12/site-packages/airflow/example_dags/example_python_operator.py for tasks to queue
[2026-06-30T08:49:55.058+0000] {logging_mixin.py:188} INFO - [2026-06-30T08:49:55.058+0000] {dagbag.py:545} INFO - Filling up the DagBag from /home/airflow/.local/lib/python3.12/site-packages/airflow/example_dags/example_python_operator.py
[2026-06-30T08:49:55.066+0000] {processor.py:840} INFO - DAG(s) 'example_python_operator' retrieved from /home/airflow/.local/lib/python3.12/site-packages/airflow/example_dags/example_python_operator.py
[2026-06-30T08:49:55.083+0000] {logging_mixin.py:188} INFO - [2026-06-30T08:49:55.083+0000] {dag.py:3096} INFO - Sync 1 DAGs
[2026-06-30T08:49:55.092+0000] {logging_mixin.py:188} INFO - [2026-06-30T08:49:55.092+0000] {dag.py:3954} INFO - Setting next_dagrun for example_python_operator to None, run_after=None
[2026-06-30T08:49:55.105+0000] {processor.py:183} INFO - Processing /home/airflow/.local/lib/python3.12/site-packages/airflow/example_dags/example_python_operator.py took 0.053 seconds
[2026-06-30T08:50:25.487+0000] {processor.py:161} INFO - Started process (PID=25378) to work on /home/airflow/.local/lib/python3.12/site-packages/airflow/example_dags/example_python_operator.py
[2026-06-30T08:50:25.489+0000] {processor.py:830} INFO - Processing file /home/airflow/.local/lib/python3.12/site-packages/airflow/example_dags/example_python_operator.py for tasks to queue
[2026-06-30T08:50:25.489+0000] {logging_mixin.py:188} INFO - [2026-06-30T08:50:25.489+0000] {dagbag.py:545} INFO - Filling up the DagBag from /home/airflow/.local/lib/python3.12/site-packages/airflow/example_dags/example_python_operator.py
[2026-06-30T08:50:25.497+0000] {processor.py:840} INFO - DAG(s) 'example_python_operator' retrieved from /home/airflow/.local/lib/python3.12/site-packages/airflow/example_dags/example_python_operator.py
[2026-06-30T08:50:25.513+0000] {logging_mixin.py:188} INFO - [2026-06-30T08:50:25.513+0000] {dag.py:3096} INFO - Sync 1 DAGs
[2026-06-30T08:50:25.523+0000] {logging_mixin.py:188} INFO - [2026-06-30T08:50:25.522+0000] {dag.py:3954} INFO - Setting next_dagrun for example_python_operator to None, run_after=None
[2026-06-30T08:50:25.535+0000] {processor.py:183} INFO - Processing /home/airflow/.local/lib/python3.12/site-packages/airflow/example_dags/example_python_operator.py took 0.052 seconds
[2026-06-30T08:50:55.885+0000] {processor.py:161} INFO - Started process (PID=25436) to work on /home/airflow/.local/lib/python3.12/site-packages/airflow/example_dags/example_python_operator.py
[2026-06-30T08:50:55.886+0000] {processor.py:830} INFO - Processing file /home/airflow/.local/lib/python3.12/site-packages/airflow/example_dags/example_python_operator.py for tasks to queue
[2026-06-30T08:50:55.886+0000] {logging_mixin.py:188} INFO - [2026-06-30T08:50:55.886+0000] {dagbag.py:545} INFO - Filling up the DagBag from /home/airflow/.local/lib/python3.12/site-packages/airflow/example_dags/example_python_operator.py
[2026-06-30T08:50:55.894+0000] {processor.py:840} INFO - DAG(s) 'example_python_operator' retrieved from /home/airflow/.local/lib/python3.12/site-packages/airflow/example_dags/example_python_operator.py
[2026-06-30T08:50:55.911+0000] {logging_mixin.py:188} INFO - [2026-06-30T08:50:55.911+0000] {dag.py:3096} INFO - Sync 1 DAGs
[2026-06-30T08:50:55.919+0000] {logging_mixin.py:188} INFO - [2026-06-30T08:50:55.919+0000] {dag.py:3954} INFO - Setting next_dagrun for example_python_operator to None, run_after=None
[2026-06-30T08:50:55.933+0000] {processor.py:183} INFO - Processing /home/airflow/.local/lib/python3.12/site-packages/airflow/example_dags/example_python_operator.py took 0.052 seconds
[2026-06-30T08:51:26.676+0000] {processor.py:161} INFO - Started process (PID=25494) to work on /home/airflow/.local/lib/python3.12/site-packages/airflow/example_dags/example_python_operator.py
[2026-06-30T08:51:26.677+0000] {processor.py:830} INFO - Processing file /home/airflow/.local/lib/python3.12/site-packages/airflow/example_dags/example_python_operator.py for tasks to queue
[2026-06-30T08:51:26.678+0000] {logging_mixin.py:188} INFO - [2026-06-30T08:51:26.678+0000] {dagbag.py:545} INFO - Filling up the DagBag from /home/airflow/.local/lib/python3.12/site-packages/airflow/example_dags/example_python_operator.py
[2026-06-30T08:51:26.687+0000] {processor.py:840} INFO - DAG(s) 'example_python_operator' retrieved from /home/airflow/.local/lib/python3.12/site-packages/airflow/example_dags/example_python_operator.py
[2026-06-30T08:51:26.704+0000] {logging_mixin.py:188} INFO - [2026-06-30T08:51:26.704+0000] {dag.py:3096} INFO - Sync 1 DAGs
[2026-06-30T08:51:26.713+0000] {logging_mixin.py:188} INFO - [2026-06-30T08:51:26.712+0000] {dag.py:3954} INFO - Setting next_dagrun for example_python_operator to None, run_after=None
[2026-06-30T08:51:26.727+0000] {processor.py:183} INFO - Processing /home/airflow/.local/lib/python3.12/site-packages/airflow/example_dags/example_python_operator.py took 0.055 seconds
[2026-06-30T08:51:57.565+0000] {processor.py:161} INFO - Started process (PID=25551) to work on /home/airflow/.local/lib/python3.12/site-packages/airflow/example_dags/example_python_operator.py
[2026-06-30T08:51:57.566+0000] {processor.py:830} INFO - Processing file /home/airflow/.local/lib/python3.12/site-packages/airflow/example_dags/example_python_operator.py for tasks to queue
[2026-06-30T08:51:57.567+0000] {logging_mixin.py:188} INFO - [2026-06-30T08:51:57.567+0000] {dagbag.py:545} INFO - Filling up the DagBag from /home/airflow/.local/lib/python3.12/site-packages/airflow/example_dags/example_python_operator.py
[2026-06-30T08:51:57.577+0000] {processor.py:840} INFO - DAG(s) 'example_python_operator' retrieved from /home/airflow/.local/lib/python3.12/site-packages/airflow/example_dags/example_python_operator.py
[2026-06-30T08:51:57.597+0000] {logging_mixin.py:188} INFO - [2026-06-30T08:51:57.596+0000] {dag.py:3096} INFO - Sync 1 DAGs
[2026-06-30T08:51:57.605+0000] {logging_mixin.py:188} INFO - [2026-06-30T08:51:57.605+0000] {dag.py:3954} INFO - Setting next_dagrun for example_python_operator to None, run_after=None
[2026-06-30T08:51:57.617+0000] {processor.py:183} INFO - Processing /home/airflow/.local/lib/python3.12/site-packages/airflow/example_dags/example_python_operator.py took 0.057 seconds
[2026-06-30T08:52:28.740+0000] {processor.py:161} INFO - Started process (PID=25609) to work on /home/airflow/.local/lib/python3.12/site-packages/airflow/example_dags/example_python_operator.py
[2026-06-30T08:52:28.741+0000] {processor.py:830} INFO - Processing file /home/airflow/.local/lib/python3.12/site-packages/airflow/example_dags/example_python_operator.py for tasks to queue
[2026-06-30T08:52:28.741+0000] {logging_mixin.py:188} INFO - [2026-06-30T08:52:28.741+0000] {dagbag.py:545} INFO - Filling up the DagBag from /home/airflow/.local/lib/python3.12/site-packages/airflow/example_dags/example_python_operator.py
[2026-06-30T08:52:28.749+0000] {processor.py:840} INFO - DAG(s) 'example_python_operator' retrieved from /home/airflow/.local/lib/python3.12/site-packages/airflow/example_dags/example_python_operator.py
[2026-06-30T08:52:28.767+0000] {logging_mixin.py:188} INFO - [2026-06-30T08:52:28.767+0000] {dag.py:3096} INFO - Sync 1 DAGs
[2026-06-30T08:52:28.777+0000] {logging_mixin.py:188} INFO - [2026-06-30T08:52:28.777+0000] {dag.py:3954} INFO - Setting next_dagrun for example_python_operator to None, run_after=None
[2026-06-30T08:52:28.891+0000] {processor.py:183} INFO - Processing /home/airflow/.local/lib/python3.12/site-packages/airflow/example_dags/example_python_operator.py took 0.155 seconds
[2026-06-30T08:52:59.863+0000] {processor.py:161} INFO - Started process (PID=25667) to work on /home/airflow/.local/lib/python3.12/site-packages/airflow/example_dags/example_python_operator.py
[2026-06-30T08:52:59.864+0000] {processor.py:830} INFO - Processing file /home/airflow/.local/lib/python3.12/site-packages/airflow/example_dags/example_python_operator.py for tasks to queue
[2026-06-30T08:52:59.864+0000] {logging_mixin.py:188} INFO - [2026-06-30T08:52:59.864+0000] {dagbag.py:545} INFO - Filling up the DagBag from /home/airflow/.local/lib/python3.12/site-packages/airflow/example_dags/example_python_operator.py
[2026-06-30T08:52:59.871+0000] {processor.py:840} INFO - DAG(s) 'example_python_operator' retrieved from /home/airflow/.local/lib/python3.12/site-packages/airflow/example_dags/example_python_operator.py
[2026-06-30T08:52:59.887+0000] {logging_mixin.py:188} INFO - [2026-06-30T08:52:59.887+0000] {dag.py:3096} INFO - Sync 1 DAGs
[2026-06-30T08:52:59.897+0000] {logging_mixin.py:188} INFO - [2026-06-30T08:52:59.897+0000] {dag.py:3954} INFO - Setting next_dagrun for example_python_operator to None, run_after=None
[2026-06-30T08:52:59.917+0000] {processor.py:183} INFO - Processing /home/airflow/.local/lib/python3.12/site-packages/airflow/example_dags/example_python_operator.py took 0.058 seconds
