[2026-06-30T08:05:48.125+0000] {processor.py:161} INFO - Started process (PID=21752) to work on /home/airflow/.local/lib/python3.12/site-packages/airflow/example_dags/example_trigger_controller_dag.py
[2026-06-30T08:05:48.126+0000] {processor.py:830} INFO - Processing file /home/airflow/.local/lib/python3.12/site-packages/airflow/example_dags/example_trigger_controller_dag.py for tasks to queue
[2026-06-30T08:05:48.128+0000] {logging_mixin.py:188} INFO - [2026-06-30T08:05:48.127+0000] {dagbag.py:545} INFO - Filling up the DagBag from /home/airflow/.local/lib/python3.12/site-packages/airflow/example_dags/example_trigger_controller_dag.py
[2026-06-30T08:05:48.135+0000] {processor.py:840} INFO - DAG(s) 'example_trigger_controller_dag' retrieved from /home/airflow/.local/lib/python3.12/site-packages/airflow/example_dags/example_trigger_controller_dag.py
[2026-06-30T08:05:48.156+0000] {logging_mixin.py:188} INFO - [2026-06-30T08:05:48.156+0000] {dag.py:3096} INFO - Sync 1 DAGs
[2026-06-30T08:05:48.180+0000] {logging_mixin.py:188} INFO - [2026-06-30T08:05:48.180+0000] {dag.py:3954} INFO - Setting next_dagrun for example_trigger_controller_dag to 2021-01-01 00:00:00+00:00, run_after=2021-01-01 00:00:00+00:00
[2026-06-30T08:05:48.201+0000] {processor.py:183} INFO - Processing /home/airflow/.local/lib/python3.12/site-packages/airflow/example_dags/example_trigger_controller_dag.py took 0.084 seconds
[2026-06-30T08:18:54.804+0000] {processor.py:161} INFO - Started process (PID=21804) to work on /home/airflow/.local/lib/python3.12/site-packages/airflow/example_dags/example_trigger_controller_dag.py
[2026-06-30T08:18:54.812+0000] {processor.py:830} INFO - Processing file /home/airflow/.local/lib/python3.12/site-packages/airflow/example_dags/example_trigger_controller_dag.py for tasks to queue
[2026-06-30T08:18:54.819+0000] {logging_mixin.py:188} INFO - [2026-06-30T08:18:54.818+0000] {dagbag.py:545} INFO - Filling up the DagBag from /home/airflow/.local/lib/python3.12/site-packages/airflow/example_dags/example_trigger_controller_dag.py
[2026-06-30T08:18:54.825+0000] {processor.py:840} INFO - DAG(s) 'example_trigger_controller_dag' retrieved from /home/airflow/.local/lib/python3.12/site-packages/airflow/example_dags/example_trigger_controller_dag.py
[2026-06-30T08:18:54.851+0000] {logging_mixin.py:188} INFO - [2026-06-30T08:18:54.851+0000] {dag.py:3096} INFO - Sync 1 DAGs
[2026-06-30T08:18:54.873+0000] {logging_mixin.py:188} INFO - [2026-06-30T08:18:54.872+0000] {dag.py:3954} INFO - Setting next_dagrun for example_trigger_controller_dag to 2021-01-01 00:00:00+00:00, run_after=2021-01-01 00:00:00+00:00
[2026-06-30T08:18:54.893+0000] {processor.py:183} INFO - Processing /home/airflow/.local/lib/python3.12/site-packages/airflow/example_dags/example_trigger_controller_dag.py took 0.095 seconds
[2026-06-30T08:19:25.624+0000] {processor.py:161} INFO - Started process (PID=21862) to work on /home/airflow/.local/lib/python3.12/site-packages/airflow/example_dags/example_trigger_controller_dag.py
[2026-06-30T08:19:25.625+0000] {processor.py:830} INFO - Processing file /home/airflow/.local/lib/python3.12/site-packages/airflow/example_dags/example_trigger_controller_dag.py for tasks to queue
[2026-06-30T08:19:25.626+0000] {logging_mixin.py:188} INFO - [2026-06-30T08:19:25.625+0000] {dagbag.py:545} INFO - Filling up the DagBag from /home/airflow/.local/lib/python3.12/site-packages/airflow/example_dags/example_trigger_controller_dag.py
[2026-06-30T08:19:25.629+0000] {processor.py:840} INFO - DAG(s) 'example_trigger_controller_dag' retrieved from /home/airflow/.local/lib/python3.12/site-packages/airflow/example_dags/example_trigger_controller_dag.py
[2026-06-30T08:19:25.644+0000] {logging_mixin.py:188} INFO - [2026-06-30T08:19:25.644+0000] {dag.py:3096} INFO - Sync 1 DAGs
[2026-06-30T08:19:25.657+0000] {logging_mixin.py:188} INFO - [2026-06-30T08:19:25.657+0000] {dag.py:3954} INFO - Setting next_dagrun for example_trigger_controller_dag to 2021-01-01 00:00:00+00:00, run_after=2021-01-01 00:00:00+00:00
[2026-06-30T08:19:25.670+0000] {processor.py:183} INFO - Processing /home/airflow/.local/lib/python3.12/site-packages/airflow/example_dags/example_trigger_controller_dag.py took 0.050 seconds
[2026-06-30T08:19:55.826+0000] {processor.py:161} INFO - Started process (PID=21920) to work on /home/airflow/.local/lib/python3.12/site-packages/airflow/example_dags/example_trigger_controller_dag.py
[2026-06-30T08:19:55.827+0000] {processor.py:830} INFO - Processing file /home/airflow/.local/lib/python3.12/site-packages/airflow/example_dags/example_trigger_controller_dag.py for tasks to queue
[2026-06-30T08:19:55.828+0000] {logging_mixin.py:188} INFO - [2026-06-30T08:19:55.827+0000] {dagbag.py:545} INFO - Filling up the DagBag from /home/airflow/.local/lib/python3.12/site-packages/airflow/example_dags/example_trigger_controller_dag.py
[2026-06-30T08:19:55.831+0000] {processor.py:840} INFO - DAG(s) 'example_trigger_controller_dag' retrieved from /home/airflow/.local/lib/python3.12/site-packages/airflow/example_dags/example_trigger_controller_dag.py
[2026-06-30T08:19:55.847+0000] {logging_mixin.py:188} INFO - [2026-06-30T08:19:55.847+0000] {dag.py:3096} INFO - Sync 1 DAGs
[2026-06-30T08:19:55.862+0000] {logging_mixin.py:188} INFO - [2026-06-30T08:19:55.862+0000] {dag.py:3954} INFO - Setting next_dagrun for example_trigger_controller_dag to 2021-01-01 00:00:00+00:00, run_after=2021-01-01 00:00:00+00:00
[2026-06-30T08:19:55.876+0000] {processor.py:183} INFO - Processing /home/airflow/.local/lib/python3.12/site-packages/airflow/example_dags/example_trigger_controller_dag.py took 0.054 seconds
[2026-06-30T08:20:26.107+0000] {processor.py:161} INFO - Started process (PID=21978) to work on /home/airflow/.local/lib/python3.12/site-packages/airflow/example_dags/example_trigger_controller_dag.py
[2026-06-30T08:20:26.108+0000] {processor.py:830} INFO - Processing file /home/airflow/.local/lib/python3.12/site-packages/airflow/example_dags/example_trigger_controller_dag.py for tasks to queue
[2026-06-30T08:20:26.109+0000] {logging_mixin.py:188} INFO - [2026-06-30T08:20:26.108+0000] {dagbag.py:545} INFO - Filling up the DagBag from /home/airflow/.local/lib/python3.12/site-packages/airflow/example_dags/example_trigger_controller_dag.py
[2026-06-30T08:20:26.112+0000] {processor.py:840} INFO - DAG(s) 'example_trigger_controller_dag' retrieved from /home/airflow/.local/lib/python3.12/site-packages/airflow/example_dags/example_trigger_controller_dag.py
[2026-06-30T08:20:26.126+0000] {logging_mixin.py:188} INFO - [2026-06-30T08:20:26.126+0000] {dag.py:3096} INFO - Sync 1 DAGs
[2026-06-30T08:20:26.139+0000] {logging_mixin.py:188} INFO - [2026-06-30T08:20:26.139+0000] {dag.py:3954} INFO - Setting next_dagrun for example_trigger_controller_dag to 2021-01-01 00:00:00+00:00, run_after=2021-01-01 00:00:00+00:00
[2026-06-30T08:20:26.152+0000] {processor.py:183} INFO - Processing /home/airflow/.local/lib/python3.12/site-packages/airflow/example_dags/example_trigger_controller_dag.py took 0.049 seconds
[2026-06-30T08:20:56.476+0000] {processor.py:161} INFO - Started process (PID=22036) to work on /home/airflow/.local/lib/python3.12/site-packages/airflow/example_dags/example_trigger_controller_dag.py
[2026-06-30T08:20:56.477+0000] {processor.py:830} INFO - Processing file /home/airflow/.local/lib/python3.12/site-packages/airflow/example_dags/example_trigger_controller_dag.py for tasks to queue
[2026-06-30T08:20:56.478+0000] {logging_mixin.py:188} INFO - [2026-06-30T08:20:56.478+0000] {dagbag.py:545} INFO - Filling up the DagBag from /home/airflow/.local/lib/python3.12/site-packages/airflow/example_dags/example_trigger_controller_dag.py
[2026-06-30T08:20:56.482+0000] {processor.py:840} INFO - DAG(s) 'example_trigger_controller_dag' retrieved from /home/airflow/.local/lib/python3.12/site-packages/airflow/example_dags/example_trigger_controller_dag.py
[2026-06-30T08:20:56.497+0000] {logging_mixin.py:188} INFO - [2026-06-30T08:20:56.496+0000] {dag.py:3096} INFO - Sync 1 DAGs
[2026-06-30T08:20:56.510+0000] {logging_mixin.py:188} INFO - [2026-06-30T08:20:56.510+0000] {dag.py:3954} INFO - Setting next_dagrun for example_trigger_controller_dag to 2021-01-01 00:00:00+00:00, run_after=2021-01-01 00:00:00+00:00
[2026-06-30T08:20:56.524+0000] {processor.py:183} INFO - Processing /home/airflow/.local/lib/python3.12/site-packages/airflow/example_dags/example_trigger_controller_dag.py took 0.052 seconds
[2026-06-30T08:21:26.859+0000] {processor.py:161} INFO - Started process (PID=22094) to work on /home/airflow/.local/lib/python3.12/site-packages/airflow/example_dags/example_trigger_controller_dag.py
[2026-06-30T08:21:26.860+0000] {processor.py:830} INFO - Processing file /home/airflow/.local/lib/python3.12/site-packages/airflow/example_dags/example_trigger_controller_dag.py for tasks to queue
[2026-06-30T08:21:26.861+0000] {logging_mixin.py:188} INFO - [2026-06-30T08:21:26.860+0000] {dagbag.py:545} INFO - Filling up the DagBag from /home/airflow/.local/lib/python3.12/site-packages/airflow/example_dags/example_trigger_controller_dag.py
[2026-06-30T08:21:26.865+0000] {processor.py:840} INFO - DAG(s) 'example_trigger_controller_dag' retrieved from /home/airflow/.local/lib/python3.12/site-packages/airflow/example_dags/example_trigger_controller_dag.py
[2026-06-30T08:21:26.883+0000] {logging_mixin.py:188} INFO - [2026-06-30T08:21:26.883+0000] {dag.py:3096} INFO - Sync 1 DAGs
[2026-06-30T08:21:26.901+0000] {logging_mixin.py:188} INFO - [2026-06-30T08:21:26.901+0000] {dag.py:3954} INFO - Setting next_dagrun for example_trigger_controller_dag to 2021-01-01 00:00:00+00:00, run_after=2021-01-01 00:00:00+00:00
[2026-06-30T08:21:26.918+0000] {processor.py:183} INFO - Processing /home/airflow/.local/lib/python3.12/site-packages/airflow/example_dags/example_trigger_controller_dag.py took 0.065 seconds
[2026-06-30T08:21:57.116+0000] {processor.py:161} INFO - Started process (PID=22152) to work on /home/airflow/.local/lib/python3.12/site-packages/airflow/example_dags/example_trigger_controller_dag.py
[2026-06-30T08:21:57.117+0000] {processor.py:830} INFO - Processing file /home/airflow/.local/lib/python3.12/site-packages/airflow/example_dags/example_trigger_controller_dag.py for tasks to queue
[2026-06-30T08:21:57.118+0000] {logging_mixin.py:188} INFO - [2026-06-30T08:21:57.118+0000] {dagbag.py:545} INFO - Filling up the DagBag from /home/airflow/.local/lib/python3.12/site-packages/airflow/example_dags/example_trigger_controller_dag.py
[2026-06-30T08:21:57.122+0000] {processor.py:840} INFO - DAG(s) 'example_trigger_controller_dag' retrieved from /home/airflow/.local/lib/python3.12/site-packages/airflow/example_dags/example_trigger_controller_dag.py
[2026-06-30T08:21:57.138+0000] {logging_mixin.py:188} INFO - [2026-06-30T08:21:57.138+0000] {dag.py:3096} INFO - Sync 1 DAGs
[2026-06-30T08:21:57.152+0000] {logging_mixin.py:188} INFO - [2026-06-30T08:21:57.152+0000] {dag.py:3954} INFO - Setting next_dagrun for example_trigger_controller_dag to 2021-01-01 00:00:00+00:00, run_after=2021-01-01 00:00:00+00:00
[2026-06-30T08:21:57.165+0000] {processor.py:183} INFO - Processing /home/airflow/.local/lib/python3.12/site-packages/airflow/example_dags/example_trigger_controller_dag.py took 0.053 seconds
[2026-06-30T08:22:27.664+0000] {processor.py:161} INFO - Started process (PID=22210) to work on /home/airflow/.local/lib/python3.12/site-packages/airflow/example_dags/example_trigger_controller_dag.py
[2026-06-30T08:22:27.664+0000] {processor.py:830} INFO - Processing file /home/airflow/.local/lib/python3.12/site-packages/airflow/example_dags/example_trigger_controller_dag.py for tasks to queue
[2026-06-30T08:22:27.665+0000] {logging_mixin.py:188} INFO - [2026-06-30T08:22:27.665+0000] {dagbag.py:545} INFO - Filling up the DagBag from /home/airflow/.local/lib/python3.12/site-packages/airflow/example_dags/example_trigger_controller_dag.py
[2026-06-30T08:22:27.669+0000] {processor.py:840} INFO - DAG(s) 'example_trigger_controller_dag' retrieved from /home/airflow/.local/lib/python3.12/site-packages/airflow/example_dags/example_trigger_controller_dag.py
[2026-06-30T08:22:27.683+0000] {logging_mixin.py:188} INFO - [2026-06-30T08:22:27.683+0000] {dag.py:3096} INFO - Sync 1 DAGs
[2026-06-30T08:22:27.697+0000] {logging_mixin.py:188} INFO - [2026-06-30T08:22:27.697+0000] {dag.py:3954} INFO - Setting next_dagrun for example_trigger_controller_dag to 2021-01-01 00:00:00+00:00, run_after=2021-01-01 00:00:00+00:00
[2026-06-30T08:22:27.708+0000] {processor.py:183} INFO - Processing /home/airflow/.local/lib/python3.12/site-packages/airflow/example_dags/example_trigger_controller_dag.py took 0.049 seconds
[2026-06-30T08:22:58.150+0000] {processor.py:161} INFO - Started process (PID=22268) to work on /home/airflow/.local/lib/python3.12/site-packages/airflow/example_dags/example_trigger_controller_dag.py
[2026-06-30T08:22:58.151+0000] {processor.py:830} INFO - Processing file /home/airflow/.local/lib/python3.12/site-packages/airflow/example_dags/example_trigger_controller_dag.py for tasks to queue
[2026-06-30T08:22:58.152+0000] {logging_mixin.py:188} INFO - [2026-06-30T08:22:58.151+0000] {dagbag.py:545} INFO - Filling up the DagBag from /home/airflow/.local/lib/python3.12/site-packages/airflow/example_dags/example_trigger_controller_dag.py
[2026-06-30T08:22:58.155+0000] {processor.py:840} INFO - DAG(s) 'example_trigger_controller_dag' retrieved from /home/airflow/.local/lib/python3.12/site-packages/airflow/example_dags/example_trigger_controller_dag.py
[2026-06-30T08:22:58.170+0000] {logging_mixin.py:188} INFO - [2026-06-30T08:22:58.170+0000] {dag.py:3096} INFO - Sync 1 DAGs
[2026-06-30T08:22:58.184+0000] {logging_mixin.py:188} INFO - [2026-06-30T08:22:58.184+0000] {dag.py:3954} INFO - Setting next_dagrun for example_trigger_controller_dag to 2021-01-01 00:00:00+00:00, run_after=2021-01-01 00:00:00+00:00
[2026-06-30T08:22:58.196+0000] {processor.py:183} INFO - Processing /home/airflow/.local/lib/python3.12/site-packages/airflow/example_dags/example_trigger_controller_dag.py took 0.050 seconds
[2026-06-30T08:23:28.524+0000] {processor.py:161} INFO - Started process (PID=22326) to work on /home/airflow/.local/lib/python3.12/site-packages/airflow/example_dags/example_trigger_controller_dag.py
[2026-06-30T08:23:28.525+0000] {processor.py:830} INFO - Processing file /home/airflow/.local/lib/python3.12/site-packages/airflow/example_dags/example_trigger_controller_dag.py for tasks to queue
[2026-06-30T08:23:28.526+0000] {logging_mixin.py:188} INFO - [2026-06-30T08:23:28.525+0000] {dagbag.py:545} INFO - Filling up the DagBag from /home/airflow/.local/lib/python3.12/site-packages/airflow/example_dags/example_trigger_controller_dag.py
[2026-06-30T08:23:28.529+0000] {processor.py:840} INFO - DAG(s) 'example_trigger_controller_dag' retrieved from /home/airflow/.local/lib/python3.12/site-packages/airflow/example_dags/example_trigger_controller_dag.py
[2026-06-30T08:23:28.544+0000] {logging_mixin.py:188} INFO - [2026-06-30T08:23:28.544+0000] {dag.py:3096} INFO - Sync 1 DAGs
[2026-06-30T08:23:28.558+0000] {logging_mixin.py:188} INFO - [2026-06-30T08:23:28.557+0000] {dag.py:3954} INFO - Setting next_dagrun for example_trigger_controller_dag to 2021-01-01 00:00:00+00:00, run_after=2021-01-01 00:00:00+00:00
[2026-06-30T08:23:28.570+0000] {processor.py:183} INFO - Processing /home/airflow/.local/lib/python3.12/site-packages/airflow/example_dags/example_trigger_controller_dag.py took 0.050 seconds
[2026-06-30T08:23:59.038+0000] {processor.py:161} INFO - Started process (PID=22384) to work on /home/airflow/.local/lib/python3.12/site-packages/airflow/example_dags/example_trigger_controller_dag.py
[2026-06-30T08:23:59.039+0000] {processor.py:830} INFO - Processing file /home/airflow/.local/lib/python3.12/site-packages/airflow/example_dags/example_trigger_controller_dag.py for tasks to queue
[2026-06-30T08:23:59.040+0000] {logging_mixin.py:188} INFO - [2026-06-30T08:23:59.040+0000] {dagbag.py:545} INFO - Filling up the DagBag from /home/airflow/.local/lib/python3.12/site-packages/airflow/example_dags/example_trigger_controller_dag.py
[2026-06-30T08:23:59.044+0000] {processor.py:840} INFO - DAG(s) 'example_trigger_controller_dag' retrieved from /home/airflow/.local/lib/python3.12/site-packages/airflow/example_dags/example_trigger_controller_dag.py
[2026-06-30T08:23:59.059+0000] {logging_mixin.py:188} INFO - [2026-06-30T08:23:59.059+0000] {dag.py:3096} INFO - Sync 1 DAGs
[2026-06-30T08:23:59.073+0000] {logging_mixin.py:188} INFO - [2026-06-30T08:23:59.073+0000] {dag.py:3954} INFO - Setting next_dagrun for example_trigger_controller_dag to 2021-01-01 00:00:00+00:00, run_after=2021-01-01 00:00:00+00:00
[2026-06-30T08:23:59.087+0000] {processor.py:183} INFO - Processing /home/airflow/.local/lib/python3.12/site-packages/airflow/example_dags/example_trigger_controller_dag.py took 0.053 seconds
[2026-06-30T08:24:29.706+0000] {processor.py:161} INFO - Started process (PID=22442) to work on /home/airflow/.local/lib/python3.12/site-packages/airflow/example_dags/example_trigger_controller_dag.py
[2026-06-30T08:24:29.708+0000] {processor.py:830} INFO - Processing file /home/airflow/.local/lib/python3.12/site-packages/airflow/example_dags/example_trigger_controller_dag.py for tasks to queue
[2026-06-30T08:24:29.709+0000] {logging_mixin.py:188} INFO - [2026-06-30T08:24:29.709+0000] {dagbag.py:545} INFO - Filling up the DagBag from /home/airflow/.local/lib/python3.12/site-packages/airflow/example_dags/example_trigger_controller_dag.py
[2026-06-30T08:24:29.713+0000] {processor.py:840} INFO - DAG(s) 'example_trigger_controller_dag' retrieved from /home/airflow/.local/lib/python3.12/site-packages/airflow/example_dags/example_trigger_controller_dag.py
[2026-06-30T08:24:29.728+0000] {logging_mixin.py:188} INFO - [2026-06-30T08:24:29.728+0000] {dag.py:3096} INFO - Sync 1 DAGs
[2026-06-30T08:24:29.743+0000] {logging_mixin.py:188} INFO - [2026-06-30T08:24:29.743+0000] {dag.py:3954} INFO - Setting next_dagrun for example_trigger_controller_dag to 2021-01-01 00:00:00+00:00, run_after=2021-01-01 00:00:00+00:00
[2026-06-30T08:24:29.756+0000] {processor.py:183} INFO - Processing /home/airflow/.local/lib/python3.12/site-packages/airflow/example_dags/example_trigger_controller_dag.py took 0.054 seconds
[2026-06-30T08:25:00.350+0000] {processor.py:161} INFO - Started process (PID=22501) to work on /home/airflow/.local/lib/python3.12/site-packages/airflow/example_dags/example_trigger_controller_dag.py
[2026-06-30T08:25:00.350+0000] {processor.py:830} INFO - Processing file /home/airflow/.local/lib/python3.12/site-packages/airflow/example_dags/example_trigger_controller_dag.py for tasks to queue
[2026-06-30T08:25:00.352+0000] {logging_mixin.py:188} INFO - [2026-06-30T08:25:00.351+0000] {dagbag.py:545} INFO - Filling up the DagBag from /home/airflow/.local/lib/python3.12/site-packages/airflow/example_dags/example_trigger_controller_dag.py
[2026-06-30T08:25:00.355+0000] {processor.py:840} INFO - DAG(s) 'example_trigger_controller_dag' retrieved from /home/airflow/.local/lib/python3.12/site-packages/airflow/example_dags/example_trigger_controller_dag.py
[2026-06-30T08:25:00.370+0000] {logging_mixin.py:188} INFO - [2026-06-30T08:25:00.369+0000] {dag.py:3096} INFO - Sync 1 DAGs
[2026-06-30T08:25:00.383+0000] {logging_mixin.py:188} INFO - [2026-06-30T08:25:00.383+0000] {dag.py:3954} INFO - Setting next_dagrun for example_trigger_controller_dag to 2021-01-01 00:00:00+00:00, run_after=2021-01-01 00:00:00+00:00
[2026-06-30T08:25:00.396+0000] {processor.py:183} INFO - Processing /home/airflow/.local/lib/python3.12/site-packages/airflow/example_dags/example_trigger_controller_dag.py took 0.051 seconds
[2026-06-30T08:25:30.625+0000] {processor.py:161} INFO - Started process (PID=22559) to work on /home/airflow/.local/lib/python3.12/site-packages/airflow/example_dags/example_trigger_controller_dag.py
[2026-06-30T08:25:30.627+0000] {processor.py:830} INFO - Processing file /home/airflow/.local/lib/python3.12/site-packages/airflow/example_dags/example_trigger_controller_dag.py for tasks to queue
[2026-06-30T08:25:30.629+0000] {logging_mixin.py:188} INFO - [2026-06-30T08:25:30.629+0000] {dagbag.py:545} INFO - Filling up the DagBag from /home/airflow/.local/lib/python3.12/site-packages/airflow/example_dags/example_trigger_controller_dag.py
[2026-06-30T08:25:30.633+0000] {processor.py:840} INFO - DAG(s) 'example_trigger_controller_dag' retrieved from /home/airflow/.local/lib/python3.12/site-packages/airflow/example_dags/example_trigger_controller_dag.py
[2026-06-30T08:25:30.650+0000] {logging_mixin.py:188} INFO - [2026-06-30T08:25:30.650+0000] {dag.py:3096} INFO - Sync 1 DAGs
[2026-06-30T08:25:30.664+0000] {logging_mixin.py:188} INFO - [2026-06-30T08:25:30.664+0000] {dag.py:3954} INFO - Setting next_dagrun for example_trigger_controller_dag to 2021-01-01 00:00:00+00:00, run_after=2021-01-01 00:00:00+00:00
[2026-06-30T08:25:30.677+0000] {processor.py:183} INFO - Processing /home/airflow/.local/lib/python3.12/site-packages/airflow/example_dags/example_trigger_controller_dag.py took 0.056 seconds
[2026-06-30T08:26:01.447+0000] {processor.py:161} INFO - Started process (PID=22617) to work on /home/airflow/.local/lib/python3.12/site-packages/airflow/example_dags/example_trigger_controller_dag.py
[2026-06-30T08:26:01.448+0000] {processor.py:830} INFO - Processing file /home/airflow/.local/lib/python3.12/site-packages/airflow/example_dags/example_trigger_controller_dag.py for tasks to queue
[2026-06-30T08:26:01.449+0000] {logging_mixin.py:188} INFO - [2026-06-30T08:26:01.448+0000] {dagbag.py:545} INFO - Filling up the DagBag from /home/airflow/.local/lib/python3.12/site-packages/airflow/example_dags/example_trigger_controller_dag.py
[2026-06-30T08:26:01.453+0000] {processor.py:840} INFO - DAG(s) 'example_trigger_controller_dag' retrieved from /home/airflow/.local/lib/python3.12/site-packages/airflow/example_dags/example_trigger_controller_dag.py
[2026-06-30T08:26:01.468+0000] {logging_mixin.py:188} INFO - [2026-06-30T08:26:01.467+0000] {dag.py:3096} INFO - Sync 1 DAGs
[2026-06-30T08:26:01.486+0000] {logging_mixin.py:188} INFO - [2026-06-30T08:26:01.486+0000] {dag.py:3954} INFO - Setting next_dagrun for example_trigger_controller_dag to 2021-01-01 00:00:00+00:00, run_after=2021-01-01 00:00:00+00:00
[2026-06-30T08:26:01.500+0000] {processor.py:183} INFO - Processing /home/airflow/.local/lib/python3.12/site-packages/airflow/example_dags/example_trigger_controller_dag.py took 0.058 seconds
[2026-06-30T08:26:32.333+0000] {processor.py:161} INFO - Started process (PID=22675) to work on /home/airflow/.local/lib/python3.12/site-packages/airflow/example_dags/example_trigger_controller_dag.py
[2026-06-30T08:26:32.334+0000] {processor.py:830} INFO - Processing file /home/airflow/.local/lib/python3.12/site-packages/airflow/example_dags/example_trigger_controller_dag.py for tasks to queue
[2026-06-30T08:26:32.335+0000] {logging_mixin.py:188} INFO - [2026-06-30T08:26:32.334+0000] {dagbag.py:545} INFO - Filling up the DagBag from /home/airflow/.local/lib/python3.12/site-packages/airflow/example_dags/example_trigger_controller_dag.py
[2026-06-30T08:26:32.338+0000] {processor.py:840} INFO - DAG(s) 'example_trigger_controller_dag' retrieved from /home/airflow/.local/lib/python3.12/site-packages/airflow/example_dags/example_trigger_controller_dag.py
[2026-06-30T08:26:32.354+0000] {logging_mixin.py:188} INFO - [2026-06-30T08:26:32.354+0000] {dag.py:3096} INFO - Sync 1 DAGs
[2026-06-30T08:26:32.368+0000] {logging_mixin.py:188} INFO - [2026-06-30T08:26:32.368+0000] {dag.py:3954} INFO - Setting next_dagrun for example_trigger_controller_dag to 2021-01-01 00:00:00+00:00, run_after=2021-01-01 00:00:00+00:00
[2026-06-30T08:26:32.382+0000] {processor.py:183} INFO - Processing /home/airflow/.local/lib/python3.12/site-packages/airflow/example_dags/example_trigger_controller_dag.py took 0.054 seconds
[2026-06-30T08:27:02.833+0000] {processor.py:161} INFO - Started process (PID=22733) to work on /home/airflow/.local/lib/python3.12/site-packages/airflow/example_dags/example_trigger_controller_dag.py
[2026-06-30T08:27:02.834+0000] {processor.py:830} INFO - Processing file /home/airflow/.local/lib/python3.12/site-packages/airflow/example_dags/example_trigger_controller_dag.py for tasks to queue
[2026-06-30T08:27:02.835+0000] {logging_mixin.py:188} INFO - [2026-06-30T08:27:02.835+0000] {dagbag.py:545} INFO - Filling up the DagBag from /home/airflow/.local/lib/python3.12/site-packages/airflow/example_dags/example_trigger_controller_dag.py
[2026-06-30T08:27:02.839+0000] {processor.py:840} INFO - DAG(s) 'example_trigger_controller_dag' retrieved from /home/airflow/.local/lib/python3.12/site-packages/airflow/example_dags/example_trigger_controller_dag.py
[2026-06-30T08:27:02.856+0000] {logging_mixin.py:188} INFO - [2026-06-30T08:27:02.856+0000] {dag.py:3096} INFO - Sync 1 DAGs
[2026-06-30T08:27:02.873+0000] {logging_mixin.py:188} INFO - [2026-06-30T08:27:02.872+0000] {dag.py:3954} INFO - Setting next_dagrun for example_trigger_controller_dag to 2021-01-01 00:00:00+00:00, run_after=2021-01-01 00:00:00+00:00
[2026-06-30T08:27:02.888+0000] {processor.py:183} INFO - Processing /home/airflow/.local/lib/python3.12/site-packages/airflow/example_dags/example_trigger_controller_dag.py took 0.060 seconds
[2026-06-30T08:27:33.280+0000] {processor.py:161} INFO - Started process (PID=22791) to work on /home/airflow/.local/lib/python3.12/site-packages/airflow/example_dags/example_trigger_controller_dag.py
[2026-06-30T08:27:33.281+0000] {processor.py:830} INFO - Processing file /home/airflow/.local/lib/python3.12/site-packages/airflow/example_dags/example_trigger_controller_dag.py for tasks to queue
[2026-06-30T08:27:33.282+0000] {logging_mixin.py:188} INFO - [2026-06-30T08:27:33.281+0000] {dagbag.py:545} INFO - Filling up the DagBag from /home/airflow/.local/lib/python3.12/site-packages/airflow/example_dags/example_trigger_controller_dag.py
[2026-06-30T08:27:33.285+0000] {processor.py:840} INFO - DAG(s) 'example_trigger_controller_dag' retrieved from /home/airflow/.local/lib/python3.12/site-packages/airflow/example_dags/example_trigger_controller_dag.py
[2026-06-30T08:27:33.300+0000] {logging_mixin.py:188} INFO - [2026-06-30T08:27:33.300+0000] {dag.py:3096} INFO - Sync 1 DAGs
[2026-06-30T08:27:33.314+0000] {logging_mixin.py:188} INFO - [2026-06-30T08:27:33.313+0000] {dag.py:3954} INFO - Setting next_dagrun for example_trigger_controller_dag to 2021-01-01 00:00:00+00:00, run_after=2021-01-01 00:00:00+00:00
[2026-06-30T08:27:33.326+0000] {processor.py:183} INFO - Processing /home/airflow/.local/lib/python3.12/site-packages/airflow/example_dags/example_trigger_controller_dag.py took 0.050 seconds
[2026-06-30T08:28:03.716+0000] {processor.py:161} INFO - Started process (PID=22849) to work on /home/airflow/.local/lib/python3.12/site-packages/airflow/example_dags/example_trigger_controller_dag.py
[2026-06-30T08:28:03.717+0000] {processor.py:830} INFO - Processing file /home/airflow/.local/lib/python3.12/site-packages/airflow/example_dags/example_trigger_controller_dag.py for tasks to queue
[2026-06-30T08:28:03.718+0000] {logging_mixin.py:188} INFO - [2026-06-30T08:28:03.718+0000] {dagbag.py:545} INFO - Filling up the DagBag from /home/airflow/.local/lib/python3.12/site-packages/airflow/example_dags/example_trigger_controller_dag.py
[2026-06-30T08:28:03.721+0000] {processor.py:840} INFO - DAG(s) 'example_trigger_controller_dag' retrieved from /home/airflow/.local/lib/python3.12/site-packages/airflow/example_dags/example_trigger_controller_dag.py
[2026-06-30T08:28:03.739+0000] {logging_mixin.py:188} INFO - [2026-06-30T08:28:03.738+0000] {dag.py:3096} INFO - Sync 1 DAGs
[2026-06-30T08:28:03.755+0000] {logging_mixin.py:188} INFO - [2026-06-30T08:28:03.755+0000] {dag.py:3954} INFO - Setting next_dagrun for example_trigger_controller_dag to 2021-01-01 00:00:00+00:00, run_after=2021-01-01 00:00:00+00:00
[2026-06-30T08:28:03.769+0000] {processor.py:183} INFO - Processing /home/airflow/.local/lib/python3.12/site-packages/airflow/example_dags/example_trigger_controller_dag.py took 0.058 seconds
[2026-06-30T08:28:34.177+0000] {processor.py:161} INFO - Started process (PID=22907) to work on /home/airflow/.local/lib/python3.12/site-packages/airflow/example_dags/example_trigger_controller_dag.py
[2026-06-30T08:28:34.178+0000] {processor.py:830} INFO - Processing file /home/airflow/.local/lib/python3.12/site-packages/airflow/example_dags/example_trigger_controller_dag.py for tasks to queue
[2026-06-30T08:28:34.178+0000] {logging_mixin.py:188} INFO - [2026-06-30T08:28:34.178+0000] {dagbag.py:545} INFO - Filling up the DagBag from /home/airflow/.local/lib/python3.12/site-packages/airflow/example_dags/example_trigger_controller_dag.py
[2026-06-30T08:28:34.182+0000] {processor.py:840} INFO - DAG(s) 'example_trigger_controller_dag' retrieved from /home/airflow/.local/lib/python3.12/site-packages/airflow/example_dags/example_trigger_controller_dag.py
[2026-06-30T08:28:34.196+0000] {logging_mixin.py:188} INFO - [2026-06-30T08:28:34.196+0000] {dag.py:3096} INFO - Sync 1 DAGs
[2026-06-30T08:28:34.210+0000] {logging_mixin.py:188} INFO - [2026-06-30T08:28:34.210+0000] {dag.py:3954} INFO - Setting next_dagrun for example_trigger_controller_dag to 2021-01-01 00:00:00+00:00, run_after=2021-01-01 00:00:00+00:00
[2026-06-30T08:28:34.226+0000] {processor.py:183} INFO - Processing /home/airflow/.local/lib/python3.12/site-packages/airflow/example_dags/example_trigger_controller_dag.py took 0.053 seconds
[2026-06-30T08:29:04.651+0000] {processor.py:161} INFO - Started process (PID=22965) to work on /home/airflow/.local/lib/python3.12/site-packages/airflow/example_dags/example_trigger_controller_dag.py
[2026-06-30T08:29:04.653+0000] {processor.py:830} INFO - Processing file /home/airflow/.local/lib/python3.12/site-packages/airflow/example_dags/example_trigger_controller_dag.py for tasks to queue
[2026-06-30T08:29:04.654+0000] {logging_mixin.py:188} INFO - [2026-06-30T08:29:04.653+0000] {dagbag.py:545} INFO - Filling up the DagBag from /home/airflow/.local/lib/python3.12/site-packages/airflow/example_dags/example_trigger_controller_dag.py
[2026-06-30T08:29:04.657+0000] {processor.py:840} INFO - DAG(s) 'example_trigger_controller_dag' retrieved from /home/airflow/.local/lib/python3.12/site-packages/airflow/example_dags/example_trigger_controller_dag.py
[2026-06-30T08:29:04.672+0000] {logging_mixin.py:188} INFO - [2026-06-30T08:29:04.672+0000] {dag.py:3096} INFO - Sync 1 DAGs
[2026-06-30T08:29:04.689+0000] {logging_mixin.py:188} INFO - [2026-06-30T08:29:04.689+0000] {dag.py:3954} INFO - Setting next_dagrun for example_trigger_controller_dag to 2021-01-01 00:00:00+00:00, run_after=2021-01-01 00:00:00+00:00
[2026-06-30T08:29:04.702+0000] {processor.py:183} INFO - Processing /home/airflow/.local/lib/python3.12/site-packages/airflow/example_dags/example_trigger_controller_dag.py took 0.055 seconds
[2026-06-30T08:29:35.259+0000] {processor.py:161} INFO - Started process (PID=23023) to work on /home/airflow/.local/lib/python3.12/site-packages/airflow/example_dags/example_trigger_controller_dag.py
[2026-06-30T08:29:35.260+0000] {processor.py:830} INFO - Processing file /home/airflow/.local/lib/python3.12/site-packages/airflow/example_dags/example_trigger_controller_dag.py for tasks to queue
[2026-06-30T08:29:35.261+0000] {logging_mixin.py:188} INFO - [2026-06-30T08:29:35.261+0000] {dagbag.py:545} INFO - Filling up the DagBag from /home/airflow/.local/lib/python3.12/site-packages/airflow/example_dags/example_trigger_controller_dag.py
[2026-06-30T08:29:35.265+0000] {processor.py:840} INFO - DAG(s) 'example_trigger_controller_dag' retrieved from /home/airflow/.local/lib/python3.12/site-packages/airflow/example_dags/example_trigger_controller_dag.py
[2026-06-30T08:29:35.280+0000] {logging_mixin.py:188} INFO - [2026-06-30T08:29:35.280+0000] {dag.py:3096} INFO - Sync 1 DAGs
[2026-06-30T08:29:35.295+0000] {logging_mixin.py:188} INFO - [2026-06-30T08:29:35.295+0000] {dag.py:3954} INFO - Setting next_dagrun for example_trigger_controller_dag to 2021-01-01 00:00:00+00:00, run_after=2021-01-01 00:00:00+00:00
[2026-06-30T08:29:35.308+0000] {processor.py:183} INFO - Processing /home/airflow/.local/lib/python3.12/site-packages/airflow/example_dags/example_trigger_controller_dag.py took 0.053 seconds
[2026-06-30T08:30:05.825+0000] {processor.py:161} INFO - Started process (PID=23081) to work on /home/airflow/.local/lib/python3.12/site-packages/airflow/example_dags/example_trigger_controller_dag.py
[2026-06-30T08:30:05.828+0000] {processor.py:830} INFO - Processing file /home/airflow/.local/lib/python3.12/site-packages/airflow/example_dags/example_trigger_controller_dag.py for tasks to queue
[2026-06-30T08:30:05.830+0000] {logging_mixin.py:188} INFO - [2026-06-30T08:30:05.829+0000] {dagbag.py:545} INFO - Filling up the DagBag from /home/airflow/.local/lib/python3.12/site-packages/airflow/example_dags/example_trigger_controller_dag.py
[2026-06-30T08:30:05.833+0000] {processor.py:840} INFO - DAG(s) 'example_trigger_controller_dag' retrieved from /home/airflow/.local/lib/python3.12/site-packages/airflow/example_dags/example_trigger_controller_dag.py
[2026-06-30T08:30:05.849+0000] {logging_mixin.py:188} INFO - [2026-06-30T08:30:05.849+0000] {dag.py:3096} INFO - Sync 1 DAGs
[2026-06-30T08:30:05.864+0000] {logging_mixin.py:188} INFO - [2026-06-30T08:30:05.863+0000] {dag.py:3954} INFO - Setting next_dagrun for example_trigger_controller_dag to 2021-01-01 00:00:00+00:00, run_after=2021-01-01 00:00:00+00:00
[2026-06-30T08:30:05.877+0000] {processor.py:183} INFO - Processing /home/airflow/.local/lib/python3.12/site-packages/airflow/example_dags/example_trigger_controller_dag.py took 0.057 seconds
[2026-06-30T08:30:36.560+0000] {processor.py:161} INFO - Started process (PID=23139) to work on /home/airflow/.local/lib/python3.12/site-packages/airflow/example_dags/example_trigger_controller_dag.py
[2026-06-30T08:30:36.562+0000] {processor.py:830} INFO - Processing file /home/airflow/.local/lib/python3.12/site-packages/airflow/example_dags/example_trigger_controller_dag.py for tasks to queue
[2026-06-30T08:30:36.562+0000] {logging_mixin.py:188} INFO - [2026-06-30T08:30:36.562+0000] {dagbag.py:545} INFO - Filling up the DagBag from /home/airflow/.local/lib/python3.12/site-packages/airflow/example_dags/example_trigger_controller_dag.py
[2026-06-30T08:30:36.566+0000] {processor.py:840} INFO - DAG(s) 'example_trigger_controller_dag' retrieved from /home/airflow/.local/lib/python3.12/site-packages/airflow/example_dags/example_trigger_controller_dag.py
[2026-06-30T08:30:36.582+0000] {logging_mixin.py:188} INFO - [2026-06-30T08:30:36.581+0000] {dag.py:3096} INFO - Sync 1 DAGs
[2026-06-30T08:30:36.597+0000] {logging_mixin.py:188} INFO - [2026-06-30T08:30:36.597+0000] {dag.py:3954} INFO - Setting next_dagrun for example_trigger_controller_dag to 2021-01-01 00:00:00+00:00, run_after=2021-01-01 00:00:00+00:00
[2026-06-30T08:30:36.611+0000] {processor.py:183} INFO - Processing /home/airflow/.local/lib/python3.12/site-packages/airflow/example_dags/example_trigger_controller_dag.py took 0.054 seconds
[2026-06-30T08:31:07.385+0000] {processor.py:161} INFO - Started process (PID=23197) to work on /home/airflow/.local/lib/python3.12/site-packages/airflow/example_dags/example_trigger_controller_dag.py
[2026-06-30T08:31:07.386+0000] {processor.py:830} INFO - Processing file /home/airflow/.local/lib/python3.12/site-packages/airflow/example_dags/example_trigger_controller_dag.py for tasks to queue
[2026-06-30T08:31:07.387+0000] {logging_mixin.py:188} INFO - [2026-06-30T08:31:07.387+0000] {dagbag.py:545} INFO - Filling up the DagBag from /home/airflow/.local/lib/python3.12/site-packages/airflow/example_dags/example_trigger_controller_dag.py
[2026-06-30T08:31:07.392+0000] {processor.py:840} INFO - DAG(s) 'example_trigger_controller_dag' retrieved from /home/airflow/.local/lib/python3.12/site-packages/airflow/example_dags/example_trigger_controller_dag.py
[2026-06-30T08:31:07.409+0000] {logging_mixin.py:188} INFO - [2026-06-30T08:31:07.409+0000] {dag.py:3096} INFO - Sync 1 DAGs
[2026-06-30T08:31:07.427+0000] {logging_mixin.py:188} INFO - [2026-06-30T08:31:07.427+0000] {dag.py:3954} INFO - Setting next_dagrun for example_trigger_controller_dag to 2021-01-01 00:00:00+00:00, run_after=2021-01-01 00:00:00+00:00
[2026-06-30T08:31:07.443+0000] {processor.py:183} INFO - Processing /home/airflow/.local/lib/python3.12/site-packages/airflow/example_dags/example_trigger_controller_dag.py took 0.063 seconds
[2026-06-30T08:31:37.937+0000] {processor.py:161} INFO - Started process (PID=23255) to work on /home/airflow/.local/lib/python3.12/site-packages/airflow/example_dags/example_trigger_controller_dag.py
[2026-06-30T08:31:37.938+0000] {processor.py:830} INFO - Processing file /home/airflow/.local/lib/python3.12/site-packages/airflow/example_dags/example_trigger_controller_dag.py for tasks to queue
[2026-06-30T08:31:37.939+0000] {logging_mixin.py:188} INFO - [2026-06-30T08:31:37.939+0000] {dagbag.py:545} INFO - Filling up the DagBag from /home/airflow/.local/lib/python3.12/site-packages/airflow/example_dags/example_trigger_controller_dag.py
[2026-06-30T08:31:37.943+0000] {processor.py:840} INFO - DAG(s) 'example_trigger_controller_dag' retrieved from /home/airflow/.local/lib/python3.12/site-packages/airflow/example_dags/example_trigger_controller_dag.py
[2026-06-30T08:31:37.960+0000] {logging_mixin.py:188} INFO - [2026-06-30T08:31:37.960+0000] {dag.py:3096} INFO - Sync 1 DAGs
[2026-06-30T08:31:37.978+0000] {logging_mixin.py:188} INFO - [2026-06-30T08:31:37.977+0000] {dag.py:3954} INFO - Setting next_dagrun for example_trigger_controller_dag to 2021-01-01 00:00:00+00:00, run_after=2021-01-01 00:00:00+00:00
[2026-06-30T08:31:37.995+0000] {processor.py:183} INFO - Processing /home/airflow/.local/lib/python3.12/site-packages/airflow/example_dags/example_trigger_controller_dag.py took 0.062 seconds
[2026-06-30T08:32:08.660+0000] {processor.py:161} INFO - Started process (PID=23313) to work on /home/airflow/.local/lib/python3.12/site-packages/airflow/example_dags/example_trigger_controller_dag.py
[2026-06-30T08:32:08.661+0000] {processor.py:830} INFO - Processing file /home/airflow/.local/lib/python3.12/site-packages/airflow/example_dags/example_trigger_controller_dag.py for tasks to queue
[2026-06-30T08:32:08.662+0000] {logging_mixin.py:188} INFO - [2026-06-30T08:32:08.662+0000] {dagbag.py:545} INFO - Filling up the DagBag from /home/airflow/.local/lib/python3.12/site-packages/airflow/example_dags/example_trigger_controller_dag.py
[2026-06-30T08:32:08.667+0000] {processor.py:840} INFO - DAG(s) 'example_trigger_controller_dag' retrieved from /home/airflow/.local/lib/python3.12/site-packages/airflow/example_dags/example_trigger_controller_dag.py
[2026-06-30T08:32:08.682+0000] {logging_mixin.py:188} INFO - [2026-06-30T08:32:08.682+0000] {dag.py:3096} INFO - Sync 1 DAGs
[2026-06-30T08:32:08.697+0000] {logging_mixin.py:188} INFO - [2026-06-30T08:32:08.697+0000] {dag.py:3954} INFO - Setting next_dagrun for example_trigger_controller_dag to 2021-01-01 00:00:00+00:00, run_after=2021-01-01 00:00:00+00:00
[2026-06-30T08:32:08.710+0000] {processor.py:183} INFO - Processing /home/airflow/.local/lib/python3.12/site-packages/airflow/example_dags/example_trigger_controller_dag.py took 0.054 seconds
[2026-06-30T08:32:39.401+0000] {processor.py:161} INFO - Started process (PID=23371) to work on /home/airflow/.local/lib/python3.12/site-packages/airflow/example_dags/example_trigger_controller_dag.py
[2026-06-30T08:32:39.403+0000] {processor.py:830} INFO - Processing file /home/airflow/.local/lib/python3.12/site-packages/airflow/example_dags/example_trigger_controller_dag.py for tasks to queue
[2026-06-30T08:32:39.403+0000] {logging_mixin.py:188} INFO - [2026-06-30T08:32:39.403+0000] {dagbag.py:545} INFO - Filling up the DagBag from /home/airflow/.local/lib/python3.12/site-packages/airflow/example_dags/example_trigger_controller_dag.py
[2026-06-30T08:32:39.407+0000] {processor.py:840} INFO - DAG(s) 'example_trigger_controller_dag' retrieved from /home/airflow/.local/lib/python3.12/site-packages/airflow/example_dags/example_trigger_controller_dag.py
[2026-06-30T08:32:39.423+0000] {logging_mixin.py:188} INFO - [2026-06-30T08:32:39.423+0000] {dag.py:3096} INFO - Sync 1 DAGs
[2026-06-30T08:32:39.438+0000] {logging_mixin.py:188} INFO - [2026-06-30T08:32:39.438+0000] {dag.py:3954} INFO - Setting next_dagrun for example_trigger_controller_dag to 2021-01-01 00:00:00+00:00, run_after=2021-01-01 00:00:00+00:00
[2026-06-30T08:32:39.451+0000] {processor.py:183} INFO - Processing /home/airflow/.local/lib/python3.12/site-packages/airflow/example_dags/example_trigger_controller_dag.py took 0.055 seconds
[2026-06-30T08:33:10.341+0000] {processor.py:161} INFO - Started process (PID=23429) to work on /home/airflow/.local/lib/python3.12/site-packages/airflow/example_dags/example_trigger_controller_dag.py
[2026-06-30T08:33:10.343+0000] {processor.py:830} INFO - Processing file /home/airflow/.local/lib/python3.12/site-packages/airflow/example_dags/example_trigger_controller_dag.py for tasks to queue
[2026-06-30T08:33:10.344+0000] {logging_mixin.py:188} INFO - [2026-06-30T08:33:10.344+0000] {dagbag.py:545} INFO - Filling up the DagBag from /home/airflow/.local/lib/python3.12/site-packages/airflow/example_dags/example_trigger_controller_dag.py
[2026-06-30T08:33:10.349+0000] {processor.py:840} INFO - DAG(s) 'example_trigger_controller_dag' retrieved from /home/airflow/.local/lib/python3.12/site-packages/airflow/example_dags/example_trigger_controller_dag.py
[2026-06-30T08:33:10.373+0000] {logging_mixin.py:188} INFO - [2026-06-30T08:33:10.373+0000] {dag.py:3096} INFO - Sync 1 DAGs
[2026-06-30T08:33:10.395+0000] {logging_mixin.py:188} INFO - [2026-06-30T08:33:10.395+0000] {dag.py:3954} INFO - Setting next_dagrun for example_trigger_controller_dag to 2021-01-01 00:00:00+00:00, run_after=2021-01-01 00:00:00+00:00
[2026-06-30T08:33:10.417+0000] {processor.py:183} INFO - Processing /home/airflow/.local/lib/python3.12/site-packages/airflow/example_dags/example_trigger_controller_dag.py took 0.081 seconds
[2026-06-30T08:33:42.234+0000] {processor.py:161} INFO - Started process (PID=23493) to work on /home/airflow/.local/lib/python3.12/site-packages/airflow/example_dags/example_trigger_controller_dag.py
[2026-06-30T08:33:42.235+0000] {processor.py:830} INFO - Processing file /home/airflow/.local/lib/python3.12/site-packages/airflow/example_dags/example_trigger_controller_dag.py for tasks to queue
[2026-06-30T08:33:42.236+0000] {logging_mixin.py:188} INFO - [2026-06-30T08:33:42.235+0000] {dagbag.py:545} INFO - Filling up the DagBag from /home/airflow/.local/lib/python3.12/site-packages/airflow/example_dags/example_trigger_controller_dag.py
[2026-06-30T08:33:42.240+0000] {processor.py:840} INFO - DAG(s) 'example_trigger_controller_dag' retrieved from /home/airflow/.local/lib/python3.12/site-packages/airflow/example_dags/example_trigger_controller_dag.py
[2026-06-30T08:33:42.257+0000] {logging_mixin.py:188} INFO - [2026-06-30T08:33:42.257+0000] {dag.py:3096} INFO - Sync 1 DAGs
[2026-06-30T08:33:42.272+0000] {logging_mixin.py:188} INFO - [2026-06-30T08:33:42.272+0000] {dag.py:3954} INFO - Setting next_dagrun for example_trigger_controller_dag to 2021-01-01 00:00:00+00:00, run_after=2021-01-01 00:00:00+00:00
[2026-06-30T08:33:42.286+0000] {processor.py:183} INFO - Processing /home/airflow/.local/lib/python3.12/site-packages/airflow/example_dags/example_trigger_controller_dag.py took 0.057 seconds
[2026-06-30T08:34:13.050+0000] {processor.py:161} INFO - Started process (PID=23551) to work on /home/airflow/.local/lib/python3.12/site-packages/airflow/example_dags/example_trigger_controller_dag.py
[2026-06-30T08:34:13.051+0000] {processor.py:830} INFO - Processing file /home/airflow/.local/lib/python3.12/site-packages/airflow/example_dags/example_trigger_controller_dag.py for tasks to queue
[2026-06-30T08:34:13.052+0000] {logging_mixin.py:188} INFO - [2026-06-30T08:34:13.052+0000] {dagbag.py:545} INFO - Filling up the DagBag from /home/airflow/.local/lib/python3.12/site-packages/airflow/example_dags/example_trigger_controller_dag.py
[2026-06-30T08:34:13.056+0000] {processor.py:840} INFO - DAG(s) 'example_trigger_controller_dag' retrieved from /home/airflow/.local/lib/python3.12/site-packages/airflow/example_dags/example_trigger_controller_dag.py
[2026-06-30T08:34:13.072+0000] {logging_mixin.py:188} INFO - [2026-06-30T08:34:13.072+0000] {dag.py:3096} INFO - Sync 1 DAGs
[2026-06-30T08:34:13.088+0000] {logging_mixin.py:188} INFO - [2026-06-30T08:34:13.088+0000] {dag.py:3954} INFO - Setting next_dagrun for example_trigger_controller_dag to 2021-01-01 00:00:00+00:00, run_after=2021-01-01 00:00:00+00:00
[2026-06-30T08:34:13.101+0000] {processor.py:183} INFO - Processing /home/airflow/.local/lib/python3.12/site-packages/airflow/example_dags/example_trigger_controller_dag.py took 0.055 seconds
[2026-06-30T08:34:43.324+0000] {processor.py:161} INFO - Started process (PID=23609) to work on /home/airflow/.local/lib/python3.12/site-packages/airflow/example_dags/example_trigger_controller_dag.py
[2026-06-30T08:34:43.325+0000] {processor.py:830} INFO - Processing file /home/airflow/.local/lib/python3.12/site-packages/airflow/example_dags/example_trigger_controller_dag.py for tasks to queue
[2026-06-30T08:34:43.326+0000] {logging_mixin.py:188} INFO - [2026-06-30T08:34:43.326+0000] {dagbag.py:545} INFO - Filling up the DagBag from /home/airflow/.local/lib/python3.12/site-packages/airflow/example_dags/example_trigger_controller_dag.py
[2026-06-30T08:34:43.330+0000] {processor.py:840} INFO - DAG(s) 'example_trigger_controller_dag' retrieved from /home/airflow/.local/lib/python3.12/site-packages/airflow/example_dags/example_trigger_controller_dag.py
[2026-06-30T08:34:43.345+0000] {logging_mixin.py:188} INFO - [2026-06-30T08:34:43.345+0000] {dag.py:3096} INFO - Sync 1 DAGs
[2026-06-30T08:34:43.359+0000] {logging_mixin.py:188} INFO - [2026-06-30T08:34:43.359+0000] {dag.py:3954} INFO - Setting next_dagrun for example_trigger_controller_dag to 2021-01-01 00:00:00+00:00, run_after=2021-01-01 00:00:00+00:00
[2026-06-30T08:34:43.372+0000] {processor.py:183} INFO - Processing /home/airflow/.local/lib/python3.12/site-packages/airflow/example_dags/example_trigger_controller_dag.py took 0.052 seconds
[2026-06-30T08:35:13.800+0000] {processor.py:161} INFO - Started process (PID=23667) to work on /home/airflow/.local/lib/python3.12/site-packages/airflow/example_dags/example_trigger_controller_dag.py
[2026-06-30T08:35:13.801+0000] {processor.py:830} INFO - Processing file /home/airflow/.local/lib/python3.12/site-packages/airflow/example_dags/example_trigger_controller_dag.py for tasks to queue
[2026-06-30T08:35:13.802+0000] {logging_mixin.py:188} INFO - [2026-06-30T08:35:13.801+0000] {dagbag.py:545} INFO - Filling up the DagBag from /home/airflow/.local/lib/python3.12/site-packages/airflow/example_dags/example_trigger_controller_dag.py
[2026-06-30T08:35:13.805+0000] {processor.py:840} INFO - DAG(s) 'example_trigger_controller_dag' retrieved from /home/airflow/.local/lib/python3.12/site-packages/airflow/example_dags/example_trigger_controller_dag.py
[2026-06-30T08:35:13.819+0000] {logging_mixin.py:188} INFO - [2026-06-30T08:35:13.819+0000] {dag.py:3096} INFO - Sync 1 DAGs
[2026-06-30T08:35:13.833+0000] {logging_mixin.py:188} INFO - [2026-06-30T08:35:13.833+0000] {dag.py:3954} INFO - Setting next_dagrun for example_trigger_controller_dag to 2021-01-01 00:00:00+00:00, run_after=2021-01-01 00:00:00+00:00
[2026-06-30T08:35:13.845+0000] {processor.py:183} INFO - Processing /home/airflow/.local/lib/python3.12/site-packages/airflow/example_dags/example_trigger_controller_dag.py took 0.050 seconds
[2026-06-30T08:35:44.098+0000] {processor.py:161} INFO - Started process (PID=23725) to work on /home/airflow/.local/lib/python3.12/site-packages/airflow/example_dags/example_trigger_controller_dag.py
[2026-06-30T08:35:44.099+0000] {processor.py:830} INFO - Processing file /home/airflow/.local/lib/python3.12/site-packages/airflow/example_dags/example_trigger_controller_dag.py for tasks to queue
[2026-06-30T08:35:44.100+0000] {logging_mixin.py:188} INFO - [2026-06-30T08:35:44.100+0000] {dagbag.py:545} INFO - Filling up the DagBag from /home/airflow/.local/lib/python3.12/site-packages/airflow/example_dags/example_trigger_controller_dag.py
[2026-06-30T08:35:44.103+0000] {processor.py:840} INFO - DAG(s) 'example_trigger_controller_dag' retrieved from /home/airflow/.local/lib/python3.12/site-packages/airflow/example_dags/example_trigger_controller_dag.py
[2026-06-30T08:35:44.118+0000] {logging_mixin.py:188} INFO - [2026-06-30T08:35:44.118+0000] {dag.py:3096} INFO - Sync 1 DAGs
[2026-06-30T08:35:44.132+0000] {logging_mixin.py:188} INFO - [2026-06-30T08:35:44.132+0000] {dag.py:3954} INFO - Setting next_dagrun for example_trigger_controller_dag to 2021-01-01 00:00:00+00:00, run_after=2021-01-01 00:00:00+00:00
[2026-06-30T08:35:44.144+0000] {processor.py:183} INFO - Processing /home/airflow/.local/lib/python3.12/site-packages/airflow/example_dags/example_trigger_controller_dag.py took 0.050 seconds
[2026-06-30T08:36:14.651+0000] {processor.py:161} INFO - Started process (PID=23783) to work on /home/airflow/.local/lib/python3.12/site-packages/airflow/example_dags/example_trigger_controller_dag.py
[2026-06-30T08:36:14.652+0000] {processor.py:830} INFO - Processing file /home/airflow/.local/lib/python3.12/site-packages/airflow/example_dags/example_trigger_controller_dag.py for tasks to queue
[2026-06-30T08:36:14.653+0000] {logging_mixin.py:188} INFO - [2026-06-30T08:36:14.652+0000] {dagbag.py:545} INFO - Filling up the DagBag from /home/airflow/.local/lib/python3.12/site-packages/airflow/example_dags/example_trigger_controller_dag.py
[2026-06-30T08:36:14.656+0000] {processor.py:840} INFO - DAG(s) 'example_trigger_controller_dag' retrieved from /home/airflow/.local/lib/python3.12/site-packages/airflow/example_dags/example_trigger_controller_dag.py
[2026-06-30T08:36:14.672+0000] {logging_mixin.py:188} INFO - [2026-06-30T08:36:14.671+0000] {dag.py:3096} INFO - Sync 1 DAGs
[2026-06-30T08:36:14.686+0000] {logging_mixin.py:188} INFO - [2026-06-30T08:36:14.686+0000] {dag.py:3954} INFO - Setting next_dagrun for example_trigger_controller_dag to 2021-01-01 00:00:00+00:00, run_after=2021-01-01 00:00:00+00:00
[2026-06-30T08:36:14.700+0000] {processor.py:183} INFO - Processing /home/airflow/.local/lib/python3.12/site-packages/airflow/example_dags/example_trigger_controller_dag.py took 0.053 seconds
[2026-06-30T08:36:45.004+0000] {processor.py:161} INFO - Started process (PID=23842) to work on /home/airflow/.local/lib/python3.12/site-packages/airflow/example_dags/example_trigger_controller_dag.py
[2026-06-30T08:36:45.004+0000] {processor.py:830} INFO - Processing file /home/airflow/.local/lib/python3.12/site-packages/airflow/example_dags/example_trigger_controller_dag.py for tasks to queue
[2026-06-30T08:36:45.005+0000] {logging_mixin.py:188} INFO - [2026-06-30T08:36:45.005+0000] {dagbag.py:545} INFO - Filling up the DagBag from /home/airflow/.local/lib/python3.12/site-packages/airflow/example_dags/example_trigger_controller_dag.py
[2026-06-30T08:36:45.009+0000] {processor.py:840} INFO - DAG(s) 'example_trigger_controller_dag' retrieved from /home/airflow/.local/lib/python3.12/site-packages/airflow/example_dags/example_trigger_controller_dag.py
[2026-06-30T08:36:45.023+0000] {logging_mixin.py:188} INFO - [2026-06-30T08:36:45.023+0000] {dag.py:3096} INFO - Sync 1 DAGs
[2026-06-30T08:36:45.039+0000] {logging_mixin.py:188} INFO - [2026-06-30T08:36:45.038+0000] {dag.py:3954} INFO - Setting next_dagrun for example_trigger_controller_dag to 2021-01-01 00:00:00+00:00, run_after=2021-01-01 00:00:00+00:00
[2026-06-30T08:36:45.051+0000] {processor.py:183} INFO - Processing /home/airflow/.local/lib/python3.12/site-packages/airflow/example_dags/example_trigger_controller_dag.py took 0.052 seconds
[2026-06-30T08:37:15.198+0000] {processor.py:161} INFO - Started process (PID=23900) to work on /home/airflow/.local/lib/python3.12/site-packages/airflow/example_dags/example_trigger_controller_dag.py
[2026-06-30T08:37:15.199+0000] {processor.py:830} INFO - Processing file /home/airflow/.local/lib/python3.12/site-packages/airflow/example_dags/example_trigger_controller_dag.py for tasks to queue
[2026-06-30T08:37:15.200+0000] {logging_mixin.py:188} INFO - [2026-06-30T08:37:15.200+0000] {dagbag.py:545} INFO - Filling up the DagBag from /home/airflow/.local/lib/python3.12/site-packages/airflow/example_dags/example_trigger_controller_dag.py
[2026-06-30T08:37:15.203+0000] {processor.py:840} INFO - DAG(s) 'example_trigger_controller_dag' retrieved from /home/airflow/.local/lib/python3.12/site-packages/airflow/example_dags/example_trigger_controller_dag.py
[2026-06-30T08:37:15.217+0000] {logging_mixin.py:188} INFO - [2026-06-30T08:37:15.217+0000] {dag.py:3096} INFO - Sync 1 DAGs
[2026-06-30T08:37:15.231+0000] {logging_mixin.py:188} INFO - [2026-06-30T08:37:15.231+0000] {dag.py:3954} INFO - Setting next_dagrun for example_trigger_controller_dag to 2021-01-01 00:00:00+00:00, run_after=2021-01-01 00:00:00+00:00
[2026-06-30T08:37:15.243+0000] {processor.py:183} INFO - Processing /home/airflow/.local/lib/python3.12/site-packages/airflow/example_dags/example_trigger_controller_dag.py took 0.049 seconds
[2026-06-30T08:37:45.524+0000] {processor.py:161} INFO - Started process (PID=23956) to work on /home/airflow/.local/lib/python3.12/site-packages/airflow/example_dags/example_trigger_controller_dag.py
[2026-06-30T08:37:45.525+0000] {processor.py:830} INFO - Processing file /home/airflow/.local/lib/python3.12/site-packages/airflow/example_dags/example_trigger_controller_dag.py for tasks to queue
[2026-06-30T08:37:45.526+0000] {logging_mixin.py:188} INFO - [2026-06-30T08:37:45.526+0000] {dagbag.py:545} INFO - Filling up the DagBag from /home/airflow/.local/lib/python3.12/site-packages/airflow/example_dags/example_trigger_controller_dag.py
[2026-06-30T08:37:45.529+0000] {processor.py:840} INFO - DAG(s) 'example_trigger_controller_dag' retrieved from /home/airflow/.local/lib/python3.12/site-packages/airflow/example_dags/example_trigger_controller_dag.py
[2026-06-30T08:37:45.543+0000] {logging_mixin.py:188} INFO - [2026-06-30T08:37:45.543+0000] {dag.py:3096} INFO - Sync 1 DAGs
[2026-06-30T08:37:45.557+0000] {logging_mixin.py:188} INFO - [2026-06-30T08:37:45.557+0000] {dag.py:3954} INFO - Setting next_dagrun for example_trigger_controller_dag to 2021-01-01 00:00:00+00:00, run_after=2021-01-01 00:00:00+00:00
[2026-06-30T08:37:45.569+0000] {processor.py:183} INFO - Processing /home/airflow/.local/lib/python3.12/site-packages/airflow/example_dags/example_trigger_controller_dag.py took 0.048 seconds
[2026-06-30T08:38:16.221+0000] {processor.py:161} INFO - Started process (PID=24014) to work on /home/airflow/.local/lib/python3.12/site-packages/airflow/example_dags/example_trigger_controller_dag.py
[2026-06-30T08:38:16.222+0000] {processor.py:830} INFO - Processing file /home/airflow/.local/lib/python3.12/site-packages/airflow/example_dags/example_trigger_controller_dag.py for tasks to queue
[2026-06-30T08:38:16.223+0000] {logging_mixin.py:188} INFO - [2026-06-30T08:38:16.222+0000] {dagbag.py:545} INFO - Filling up the DagBag from /home/airflow/.local/lib/python3.12/site-packages/airflow/example_dags/example_trigger_controller_dag.py
[2026-06-30T08:38:16.227+0000] {processor.py:840} INFO - DAG(s) 'example_trigger_controller_dag' retrieved from /home/airflow/.local/lib/python3.12/site-packages/airflow/example_dags/example_trigger_controller_dag.py
[2026-06-30T08:38:16.242+0000] {logging_mixin.py:188} INFO - [2026-06-30T08:38:16.242+0000] {dag.py:3096} INFO - Sync 1 DAGs
[2026-06-30T08:38:16.256+0000] {logging_mixin.py:188} INFO - [2026-06-30T08:38:16.256+0000] {dag.py:3954} INFO - Setting next_dagrun for example_trigger_controller_dag to 2021-01-01 00:00:00+00:00, run_after=2021-01-01 00:00:00+00:00
[2026-06-30T08:38:16.270+0000] {processor.py:183} INFO - Processing /home/airflow/.local/lib/python3.12/site-packages/airflow/example_dags/example_trigger_controller_dag.py took 0.053 seconds
[2026-06-30T08:38:46.594+0000] {processor.py:161} INFO - Started process (PID=24072) to work on /home/airflow/.local/lib/python3.12/site-packages/airflow/example_dags/example_trigger_controller_dag.py
[2026-06-30T08:38:46.595+0000] {processor.py:830} INFO - Processing file /home/airflow/.local/lib/python3.12/site-packages/airflow/example_dags/example_trigger_controller_dag.py for tasks to queue
[2026-06-30T08:38:46.598+0000] {logging_mixin.py:188} INFO - [2026-06-30T08:38:46.598+0000] {dagbag.py:545} INFO - Filling up the DagBag from /home/airflow/.local/lib/python3.12/site-packages/airflow/example_dags/example_trigger_controller_dag.py
[2026-06-30T08:38:46.606+0000] {processor.py:840} INFO - DAG(s) 'example_trigger_controller_dag' retrieved from /home/airflow/.local/lib/python3.12/site-packages/airflow/example_dags/example_trigger_controller_dag.py
[2026-06-30T08:38:46.629+0000] {logging_mixin.py:188} INFO - [2026-06-30T08:38:46.629+0000] {dag.py:3096} INFO - Sync 1 DAGs
[2026-06-30T08:38:46.651+0000] {logging_mixin.py:188} INFO - [2026-06-30T08:38:46.651+0000] {dag.py:3954} INFO - Setting next_dagrun for example_trigger_controller_dag to 2021-01-01 00:00:00+00:00, run_after=2021-01-01 00:00:00+00:00
[2026-06-30T08:38:46.670+0000] {processor.py:183} INFO - Processing /home/airflow/.local/lib/python3.12/site-packages/airflow/example_dags/example_trigger_controller_dag.py took 0.084 seconds
[2026-06-30T08:39:17.236+0000] {processor.py:161} INFO - Started process (PID=24130) to work on /home/airflow/.local/lib/python3.12/site-packages/airflow/example_dags/example_trigger_controller_dag.py
[2026-06-30T08:39:17.237+0000] {processor.py:830} INFO - Processing file /home/airflow/.local/lib/python3.12/site-packages/airflow/example_dags/example_trigger_controller_dag.py for tasks to queue
[2026-06-30T08:39:17.238+0000] {logging_mixin.py:188} INFO - [2026-06-30T08:39:17.238+0000] {dagbag.py:545} INFO - Filling up the DagBag from /home/airflow/.local/lib/python3.12/site-packages/airflow/example_dags/example_trigger_controller_dag.py
[2026-06-30T08:39:17.242+0000] {processor.py:840} INFO - DAG(s) 'example_trigger_controller_dag' retrieved from /home/airflow/.local/lib/python3.12/site-packages/airflow/example_dags/example_trigger_controller_dag.py
[2026-06-30T08:39:17.256+0000] {logging_mixin.py:188} INFO - [2026-06-30T08:39:17.256+0000] {dag.py:3096} INFO - Sync 1 DAGs
[2026-06-30T08:39:17.271+0000] {logging_mixin.py:188} INFO - [2026-06-30T08:39:17.270+0000] {dag.py:3954} INFO - Setting next_dagrun for example_trigger_controller_dag to 2021-01-01 00:00:00+00:00, run_after=2021-01-01 00:00:00+00:00
[2026-06-30T08:39:17.283+0000] {processor.py:183} INFO - Processing /home/airflow/.local/lib/python3.12/site-packages/airflow/example_dags/example_trigger_controller_dag.py took 0.052 seconds
[2026-06-30T08:39:47.844+0000] {processor.py:161} INFO - Started process (PID=24188) to work on /home/airflow/.local/lib/python3.12/site-packages/airflow/example_dags/example_trigger_controller_dag.py
[2026-06-30T08:39:47.845+0000] {processor.py:830} INFO - Processing file /home/airflow/.local/lib/python3.12/site-packages/airflow/example_dags/example_trigger_controller_dag.py for tasks to queue
[2026-06-30T08:39:47.846+0000] {logging_mixin.py:188} INFO - [2026-06-30T08:39:47.846+0000] {dagbag.py:545} INFO - Filling up the DagBag from /home/airflow/.local/lib/python3.12/site-packages/airflow/example_dags/example_trigger_controller_dag.py
[2026-06-30T08:39:47.849+0000] {processor.py:840} INFO - DAG(s) 'example_trigger_controller_dag' retrieved from /home/airflow/.local/lib/python3.12/site-packages/airflow/example_dags/example_trigger_controller_dag.py
[2026-06-30T08:39:47.864+0000] {logging_mixin.py:188} INFO - [2026-06-30T08:39:47.864+0000] {dag.py:3096} INFO - Sync 1 DAGs
[2026-06-30T08:39:47.878+0000] {logging_mixin.py:188} INFO - [2026-06-30T08:39:47.878+0000] {dag.py:3954} INFO - Setting next_dagrun for example_trigger_controller_dag to 2021-01-01 00:00:00+00:00, run_after=2021-01-01 00:00:00+00:00
[2026-06-30T08:39:47.891+0000] {processor.py:183} INFO - Processing /home/airflow/.local/lib/python3.12/site-packages/airflow/example_dags/example_trigger_controller_dag.py took 0.051 seconds
[2026-06-30T08:40:18.451+0000] {processor.py:161} INFO - Started process (PID=24246) to work on /home/airflow/.local/lib/python3.12/site-packages/airflow/example_dags/example_trigger_controller_dag.py
[2026-06-30T08:40:18.452+0000] {processor.py:830} INFO - Processing file /home/airflow/.local/lib/python3.12/site-packages/airflow/example_dags/example_trigger_controller_dag.py for tasks to queue
[2026-06-30T08:40:18.453+0000] {logging_mixin.py:188} INFO - [2026-06-30T08:40:18.452+0000] {dagbag.py:545} INFO - Filling up the DagBag from /home/airflow/.local/lib/python3.12/site-packages/airflow/example_dags/example_trigger_controller_dag.py
[2026-06-30T08:40:18.456+0000] {processor.py:840} INFO - DAG(s) 'example_trigger_controller_dag' retrieved from /home/airflow/.local/lib/python3.12/site-packages/airflow/example_dags/example_trigger_controller_dag.py
[2026-06-30T08:40:18.471+0000] {logging_mixin.py:188} INFO - [2026-06-30T08:40:18.471+0000] {dag.py:3096} INFO - Sync 1 DAGs
[2026-06-30T08:40:18.485+0000] {logging_mixin.py:188} INFO - [2026-06-30T08:40:18.485+0000] {dag.py:3954} INFO - Setting next_dagrun for example_trigger_controller_dag to 2021-01-01 00:00:00+00:00, run_after=2021-01-01 00:00:00+00:00
[2026-06-30T08:40:18.497+0000] {processor.py:183} INFO - Processing /home/airflow/.local/lib/python3.12/site-packages/airflow/example_dags/example_trigger_controller_dag.py took 0.050 seconds
[2026-06-30T08:40:49.006+0000] {processor.py:161} INFO - Started process (PID=24304) to work on /home/airflow/.local/lib/python3.12/site-packages/airflow/example_dags/example_trigger_controller_dag.py
[2026-06-30T08:40:49.007+0000] {processor.py:830} INFO - Processing file /home/airflow/.local/lib/python3.12/site-packages/airflow/example_dags/example_trigger_controller_dag.py for tasks to queue
[2026-06-30T08:40:49.009+0000] {logging_mixin.py:188} INFO - [2026-06-30T08:40:49.008+0000] {dagbag.py:545} INFO - Filling up the DagBag from /home/airflow/.local/lib/python3.12/site-packages/airflow/example_dags/example_trigger_controller_dag.py
[2026-06-30T08:40:49.013+0000] {processor.py:840} INFO - DAG(s) 'example_trigger_controller_dag' retrieved from /home/airflow/.local/lib/python3.12/site-packages/airflow/example_dags/example_trigger_controller_dag.py
[2026-06-30T08:40:49.033+0000] {logging_mixin.py:188} INFO - [2026-06-30T08:40:49.033+0000] {dag.py:3096} INFO - Sync 1 DAGs
[2026-06-30T08:40:49.054+0000] {logging_mixin.py:188} INFO - [2026-06-30T08:40:49.054+0000] {dag.py:3954} INFO - Setting next_dagrun for example_trigger_controller_dag to 2021-01-01 00:00:00+00:00, run_after=2021-01-01 00:00:00+00:00
[2026-06-30T08:40:49.072+0000] {processor.py:183} INFO - Processing /home/airflow/.local/lib/python3.12/site-packages/airflow/example_dags/example_trigger_controller_dag.py took 0.071 seconds
[2026-06-30T08:41:20.172+0000] {processor.py:161} INFO - Started process (PID=24362) to work on /home/airflow/.local/lib/python3.12/site-packages/airflow/example_dags/example_trigger_controller_dag.py
[2026-06-30T08:41:20.182+0000] {processor.py:830} INFO - Processing file /home/airflow/.local/lib/python3.12/site-packages/airflow/example_dags/example_trigger_controller_dag.py for tasks to queue
[2026-06-30T08:41:20.184+0000] {logging_mixin.py:188} INFO - [2026-06-30T08:41:20.183+0000] {dagbag.py:545} INFO - Filling up the DagBag from /home/airflow/.local/lib/python3.12/site-packages/airflow/example_dags/example_trigger_controller_dag.py
[2026-06-30T08:41:20.199+0000] {processor.py:840} INFO - DAG(s) 'example_trigger_controller_dag' retrieved from /home/airflow/.local/lib/python3.12/site-packages/airflow/example_dags/example_trigger_controller_dag.py
[2026-06-30T08:41:20.248+0000] {logging_mixin.py:188} INFO - [2026-06-30T08:41:20.248+0000] {dag.py:3096} INFO - Sync 1 DAGs
[2026-06-30T08:41:20.302+0000] {logging_mixin.py:188} INFO - [2026-06-30T08:41:20.301+0000] {dag.py:3954} INFO - Setting next_dagrun for example_trigger_controller_dag to 2021-01-01 00:00:00+00:00, run_after=2021-01-01 00:00:00+00:00
[2026-06-30T08:41:20.387+0000] {processor.py:183} INFO - Processing /home/airflow/.local/lib/python3.12/site-packages/airflow/example_dags/example_trigger_controller_dag.py took 0.222 seconds
[2026-06-30T08:41:50.912+0000] {processor.py:161} INFO - Started process (PID=24420) to work on /home/airflow/.local/lib/python3.12/site-packages/airflow/example_dags/example_trigger_controller_dag.py
[2026-06-30T08:41:50.913+0000] {processor.py:830} INFO - Processing file /home/airflow/.local/lib/python3.12/site-packages/airflow/example_dags/example_trigger_controller_dag.py for tasks to queue
[2026-06-30T08:41:50.913+0000] {logging_mixin.py:188} INFO - [2026-06-30T08:41:50.913+0000] {dagbag.py:545} INFO - Filling up the DagBag from /home/airflow/.local/lib/python3.12/site-packages/airflow/example_dags/example_trigger_controller_dag.py
[2026-06-30T08:41:50.917+0000] {processor.py:840} INFO - DAG(s) 'example_trigger_controller_dag' retrieved from /home/airflow/.local/lib/python3.12/site-packages/airflow/example_dags/example_trigger_controller_dag.py
[2026-06-30T08:41:50.931+0000] {logging_mixin.py:188} INFO - [2026-06-30T08:41:50.931+0000] {dag.py:3096} INFO - Sync 1 DAGs
[2026-06-30T08:41:50.945+0000] {logging_mixin.py:188} INFO - [2026-06-30T08:41:50.945+0000] {dag.py:3954} INFO - Setting next_dagrun for example_trigger_controller_dag to 2021-01-01 00:00:00+00:00, run_after=2021-01-01 00:00:00+00:00
[2026-06-30T08:41:50.957+0000] {processor.py:183} INFO - Processing /home/airflow/.local/lib/python3.12/site-packages/airflow/example_dags/example_trigger_controller_dag.py took 0.049 seconds
[2026-06-30T08:42:21.627+0000] {processor.py:161} INFO - Started process (PID=24478) to work on /home/airflow/.local/lib/python3.12/site-packages/airflow/example_dags/example_trigger_controller_dag.py
[2026-06-30T08:42:21.628+0000] {processor.py:830} INFO - Processing file /home/airflow/.local/lib/python3.12/site-packages/airflow/example_dags/example_trigger_controller_dag.py for tasks to queue
[2026-06-30T08:42:21.629+0000] {logging_mixin.py:188} INFO - [2026-06-30T08:42:21.628+0000] {dagbag.py:545} INFO - Filling up the DagBag from /home/airflow/.local/lib/python3.12/site-packages/airflow/example_dags/example_trigger_controller_dag.py
[2026-06-30T08:42:21.632+0000] {processor.py:840} INFO - DAG(s) 'example_trigger_controller_dag' retrieved from /home/airflow/.local/lib/python3.12/site-packages/airflow/example_dags/example_trigger_controller_dag.py
[2026-06-30T08:42:21.647+0000] {logging_mixin.py:188} INFO - [2026-06-30T08:42:21.647+0000] {dag.py:3096} INFO - Sync 1 DAGs
[2026-06-30T08:42:21.660+0000] {logging_mixin.py:188} INFO - [2026-06-30T08:42:21.660+0000] {dag.py:3954} INFO - Setting next_dagrun for example_trigger_controller_dag to 2021-01-01 00:00:00+00:00, run_after=2021-01-01 00:00:00+00:00
[2026-06-30T08:42:21.673+0000] {processor.py:183} INFO - Processing /home/airflow/.local/lib/python3.12/site-packages/airflow/example_dags/example_trigger_controller_dag.py took 0.050 seconds
[2026-06-30T08:42:52.387+0000] {processor.py:161} INFO - Started process (PID=24536) to work on /home/airflow/.local/lib/python3.12/site-packages/airflow/example_dags/example_trigger_controller_dag.py
[2026-06-30T08:42:52.388+0000] {processor.py:830} INFO - Processing file /home/airflow/.local/lib/python3.12/site-packages/airflow/example_dags/example_trigger_controller_dag.py for tasks to queue
[2026-06-30T08:42:52.389+0000] {logging_mixin.py:188} INFO - [2026-06-30T08:42:52.389+0000] {dagbag.py:545} INFO - Filling up the DagBag from /home/airflow/.local/lib/python3.12/site-packages/airflow/example_dags/example_trigger_controller_dag.py
[2026-06-30T08:42:52.392+0000] {processor.py:840} INFO - DAG(s) 'example_trigger_controller_dag' retrieved from /home/airflow/.local/lib/python3.12/site-packages/airflow/example_dags/example_trigger_controller_dag.py
[2026-06-30T08:42:52.407+0000] {logging_mixin.py:188} INFO - [2026-06-30T08:42:52.407+0000] {dag.py:3096} INFO - Sync 1 DAGs
[2026-06-30T08:42:52.421+0000] {logging_mixin.py:188} INFO - [2026-06-30T08:42:52.421+0000] {dag.py:3954} INFO - Setting next_dagrun for example_trigger_controller_dag to 2021-01-01 00:00:00+00:00, run_after=2021-01-01 00:00:00+00:00
[2026-06-30T08:42:52.434+0000] {processor.py:183} INFO - Processing /home/airflow/.local/lib/python3.12/site-packages/airflow/example_dags/example_trigger_controller_dag.py took 0.051 seconds
[2026-06-30T08:43:23.355+0000] {processor.py:161} INFO - Started process (PID=24594) to work on /home/airflow/.local/lib/python3.12/site-packages/airflow/example_dags/example_trigger_controller_dag.py
[2026-06-30T08:43:23.356+0000] {processor.py:830} INFO - Processing file /home/airflow/.local/lib/python3.12/site-packages/airflow/example_dags/example_trigger_controller_dag.py for tasks to queue
[2026-06-30T08:43:23.357+0000] {logging_mixin.py:188} INFO - [2026-06-30T08:43:23.357+0000] {dagbag.py:545} INFO - Filling up the DagBag from /home/airflow/.local/lib/python3.12/site-packages/airflow/example_dags/example_trigger_controller_dag.py
[2026-06-30T08:43:23.362+0000] {processor.py:840} INFO - DAG(s) 'example_trigger_controller_dag' retrieved from /home/airflow/.local/lib/python3.12/site-packages/airflow/example_dags/example_trigger_controller_dag.py
[2026-06-30T08:43:23.378+0000] {logging_mixin.py:188} INFO - [2026-06-30T08:43:23.378+0000] {dag.py:3096} INFO - Sync 1 DAGs
[2026-06-30T08:43:23.393+0000] {logging_mixin.py:188} INFO - [2026-06-30T08:43:23.393+0000] {dag.py:3954} INFO - Setting next_dagrun for example_trigger_controller_dag to 2021-01-01 00:00:00+00:00, run_after=2021-01-01 00:00:00+00:00
[2026-06-30T08:43:23.408+0000] {processor.py:183} INFO - Processing /home/airflow/.local/lib/python3.12/site-packages/airflow/example_dags/example_trigger_controller_dag.py took 0.058 seconds
[2026-06-30T08:43:53.640+0000] {processor.py:161} INFO - Started process (PID=24652) to work on /home/airflow/.local/lib/python3.12/site-packages/airflow/example_dags/example_trigger_controller_dag.py
[2026-06-30T08:43:53.641+0000] {processor.py:830} INFO - Processing file /home/airflow/.local/lib/python3.12/site-packages/airflow/example_dags/example_trigger_controller_dag.py for tasks to queue
[2026-06-30T08:43:53.642+0000] {logging_mixin.py:188} INFO - [2026-06-30T08:43:53.642+0000] {dagbag.py:545} INFO - Filling up the DagBag from /home/airflow/.local/lib/python3.12/site-packages/airflow/example_dags/example_trigger_controller_dag.py
[2026-06-30T08:43:53.645+0000] {processor.py:840} INFO - DAG(s) 'example_trigger_controller_dag' retrieved from /home/airflow/.local/lib/python3.12/site-packages/airflow/example_dags/example_trigger_controller_dag.py
[2026-06-30T08:43:53.660+0000] {logging_mixin.py:188} INFO - [2026-06-30T08:43:53.659+0000] {dag.py:3096} INFO - Sync 1 DAGs
[2026-06-30T08:43:53.674+0000] {logging_mixin.py:188} INFO - [2026-06-30T08:43:53.673+0000] {dag.py:3954} INFO - Setting next_dagrun for example_trigger_controller_dag to 2021-01-01 00:00:00+00:00, run_after=2021-01-01 00:00:00+00:00
[2026-06-30T08:43:53.687+0000] {processor.py:183} INFO - Processing /home/airflow/.local/lib/python3.12/site-packages/airflow/example_dags/example_trigger_controller_dag.py took 0.051 seconds
[2026-06-30T08:44:24.049+0000] {processor.py:161} INFO - Started process (PID=24710) to work on /home/airflow/.local/lib/python3.12/site-packages/airflow/example_dags/example_trigger_controller_dag.py
[2026-06-30T08:44:24.049+0000] {processor.py:830} INFO - Processing file /home/airflow/.local/lib/python3.12/site-packages/airflow/example_dags/example_trigger_controller_dag.py for tasks to queue
[2026-06-30T08:44:24.050+0000] {logging_mixin.py:188} INFO - [2026-06-30T08:44:24.050+0000] {dagbag.py:545} INFO - Filling up the DagBag from /home/airflow/.local/lib/python3.12/site-packages/airflow/example_dags/example_trigger_controller_dag.py
[2026-06-30T08:44:24.054+0000] {processor.py:840} INFO - DAG(s) 'example_trigger_controller_dag' retrieved from /home/airflow/.local/lib/python3.12/site-packages/airflow/example_dags/example_trigger_controller_dag.py
[2026-06-30T08:44:24.069+0000] {logging_mixin.py:188} INFO - [2026-06-30T08:44:24.069+0000] {dag.py:3096} INFO - Sync 1 DAGs
[2026-06-30T08:44:24.084+0000] {logging_mixin.py:188} INFO - [2026-06-30T08:44:24.083+0000] {dag.py:3954} INFO - Setting next_dagrun for example_trigger_controller_dag to 2021-01-01 00:00:00+00:00, run_after=2021-01-01 00:00:00+00:00
[2026-06-30T08:44:24.097+0000] {processor.py:183} INFO - Processing /home/airflow/.local/lib/python3.12/site-packages/airflow/example_dags/example_trigger_controller_dag.py took 0.054 seconds
[2026-06-30T08:44:54.501+0000] {processor.py:161} INFO - Started process (PID=24768) to work on /home/airflow/.local/lib/python3.12/site-packages/airflow/example_dags/example_trigger_controller_dag.py
[2026-06-30T08:44:54.502+0000] {processor.py:830} INFO - Processing file /home/airflow/.local/lib/python3.12/site-packages/airflow/example_dags/example_trigger_controller_dag.py for tasks to queue
[2026-06-30T08:44:54.504+0000] {logging_mixin.py:188} INFO - [2026-06-30T08:44:54.503+0000] {dagbag.py:545} INFO - Filling up the DagBag from /home/airflow/.local/lib/python3.12/site-packages/airflow/example_dags/example_trigger_controller_dag.py
[2026-06-30T08:44:54.507+0000] {processor.py:840} INFO - DAG(s) 'example_trigger_controller_dag' retrieved from /home/airflow/.local/lib/python3.12/site-packages/airflow/example_dags/example_trigger_controller_dag.py
[2026-06-30T08:44:54.524+0000] {logging_mixin.py:188} INFO - [2026-06-30T08:44:54.524+0000] {dag.py:3096} INFO - Sync 1 DAGs
[2026-06-30T08:44:54.540+0000] {logging_mixin.py:188} INFO - [2026-06-30T08:44:54.540+0000] {dag.py:3954} INFO - Setting next_dagrun for example_trigger_controller_dag to 2021-01-01 00:00:00+00:00, run_after=2021-01-01 00:00:00+00:00
[2026-06-30T08:44:54.553+0000] {processor.py:183} INFO - Processing /home/airflow/.local/lib/python3.12/site-packages/airflow/example_dags/example_trigger_controller_dag.py took 0.056 seconds
[2026-06-30T08:45:25.100+0000] {processor.py:161} INFO - Started process (PID=24826) to work on /home/airflow/.local/lib/python3.12/site-packages/airflow/example_dags/example_trigger_controller_dag.py
[2026-06-30T08:45:25.101+0000] {processor.py:830} INFO - Processing file /home/airflow/.local/lib/python3.12/site-packages/airflow/example_dags/example_trigger_controller_dag.py for tasks to queue
[2026-06-30T08:45:25.101+0000] {logging_mixin.py:188} INFO - [2026-06-30T08:45:25.101+0000] {dagbag.py:545} INFO - Filling up the DagBag from /home/airflow/.local/lib/python3.12/site-packages/airflow/example_dags/example_trigger_controller_dag.py
[2026-06-30T08:45:25.105+0000] {processor.py:840} INFO - DAG(s) 'example_trigger_controller_dag' retrieved from /home/airflow/.local/lib/python3.12/site-packages/airflow/example_dags/example_trigger_controller_dag.py
[2026-06-30T08:45:25.121+0000] {logging_mixin.py:188} INFO - [2026-06-30T08:45:25.120+0000] {dag.py:3096} INFO - Sync 1 DAGs
[2026-06-30T08:45:25.135+0000] {logging_mixin.py:188} INFO - [2026-06-30T08:45:25.135+0000] {dag.py:3954} INFO - Setting next_dagrun for example_trigger_controller_dag to 2021-01-01 00:00:00+00:00, run_after=2021-01-01 00:00:00+00:00
[2026-06-30T08:45:25.147+0000] {processor.py:183} INFO - Processing /home/airflow/.local/lib/python3.12/site-packages/airflow/example_dags/example_trigger_controller_dag.py took 0.051 seconds
[2026-06-30T08:45:55.857+0000] {processor.py:161} INFO - Started process (PID=24884) to work on /home/airflow/.local/lib/python3.12/site-packages/airflow/example_dags/example_trigger_controller_dag.py
[2026-06-30T08:45:55.858+0000] {processor.py:830} INFO - Processing file /home/airflow/.local/lib/python3.12/site-packages/airflow/example_dags/example_trigger_controller_dag.py for tasks to queue
[2026-06-30T08:45:55.859+0000] {logging_mixin.py:188} INFO - [2026-06-30T08:45:55.859+0000] {dagbag.py:545} INFO - Filling up the DagBag from /home/airflow/.local/lib/python3.12/site-packages/airflow/example_dags/example_trigger_controller_dag.py
[2026-06-30T08:45:55.863+0000] {processor.py:840} INFO - DAG(s) 'example_trigger_controller_dag' retrieved from /home/airflow/.local/lib/python3.12/site-packages/airflow/example_dags/example_trigger_controller_dag.py
[2026-06-30T08:45:55.880+0000] {logging_mixin.py:188} INFO - [2026-06-30T08:45:55.879+0000] {dag.py:3096} INFO - Sync 1 DAGs
[2026-06-30T08:45:55.896+0000] {logging_mixin.py:188} INFO - [2026-06-30T08:45:55.896+0000] {dag.py:3954} INFO - Setting next_dagrun for example_trigger_controller_dag to 2021-01-01 00:00:00+00:00, run_after=2021-01-01 00:00:00+00:00
[2026-06-30T08:45:55.911+0000] {processor.py:183} INFO - Processing /home/airflow/.local/lib/python3.12/site-packages/airflow/example_dags/example_trigger_controller_dag.py took 0.059 seconds
[2026-06-30T08:46:26.485+0000] {processor.py:161} INFO - Started process (PID=24942) to work on /home/airflow/.local/lib/python3.12/site-packages/airflow/example_dags/example_trigger_controller_dag.py
[2026-06-30T08:46:26.486+0000] {processor.py:830} INFO - Processing file /home/airflow/.local/lib/python3.12/site-packages/airflow/example_dags/example_trigger_controller_dag.py for tasks to queue
[2026-06-30T08:46:26.487+0000] {logging_mixin.py:188} INFO - [2026-06-30T08:46:26.486+0000] {dagbag.py:545} INFO - Filling up the DagBag from /home/airflow/.local/lib/python3.12/site-packages/airflow/example_dags/example_trigger_controller_dag.py
[2026-06-30T08:46:26.490+0000] {processor.py:840} INFO - DAG(s) 'example_trigger_controller_dag' retrieved from /home/airflow/.local/lib/python3.12/site-packages/airflow/example_dags/example_trigger_controller_dag.py
[2026-06-30T08:46:26.506+0000] {logging_mixin.py:188} INFO - [2026-06-30T08:46:26.505+0000] {dag.py:3096} INFO - Sync 1 DAGs
[2026-06-30T08:46:26.523+0000] {logging_mixin.py:188} INFO - [2026-06-30T08:46:26.522+0000] {dag.py:3954} INFO - Setting next_dagrun for example_trigger_controller_dag to 2021-01-01 00:00:00+00:00, run_after=2021-01-01 00:00:00+00:00
[2026-06-30T08:46:26.537+0000] {processor.py:183} INFO - Processing /home/airflow/.local/lib/python3.12/site-packages/airflow/example_dags/example_trigger_controller_dag.py took 0.057 seconds
[2026-06-30T08:46:56.925+0000] {processor.py:161} INFO - Started process (PID=25000) to work on /home/airflow/.local/lib/python3.12/site-packages/airflow/example_dags/example_trigger_controller_dag.py
[2026-06-30T08:46:56.926+0000] {processor.py:830} INFO - Processing file /home/airflow/.local/lib/python3.12/site-packages/airflow/example_dags/example_trigger_controller_dag.py for tasks to queue
[2026-06-30T08:46:56.926+0000] {logging_mixin.py:188} INFO - [2026-06-30T08:46:56.926+0000] {dagbag.py:545} INFO - Filling up the DagBag from /home/airflow/.local/lib/python3.12/site-packages/airflow/example_dags/example_trigger_controller_dag.py
[2026-06-30T08:46:56.930+0000] {processor.py:840} INFO - DAG(s) 'example_trigger_controller_dag' retrieved from /home/airflow/.local/lib/python3.12/site-packages/airflow/example_dags/example_trigger_controller_dag.py
[2026-06-30T08:46:56.949+0000] {logging_mixin.py:188} INFO - [2026-06-30T08:46:56.949+0000] {dag.py:3096} INFO - Sync 1 DAGs
[2026-06-30T08:46:56.968+0000] {logging_mixin.py:188} INFO - [2026-06-30T08:46:56.967+0000] {dag.py:3954} INFO - Setting next_dagrun for example_trigger_controller_dag to 2021-01-01 00:00:00+00:00, run_after=2021-01-01 00:00:00+00:00
[2026-06-30T08:46:56.983+0000] {processor.py:183} INFO - Processing /home/airflow/.local/lib/python3.12/site-packages/airflow/example_dags/example_trigger_controller_dag.py took 0.063 seconds
[2026-06-30T08:47:27.309+0000] {processor.py:161} INFO - Started process (PID=25058) to work on /home/airflow/.local/lib/python3.12/site-packages/airflow/example_dags/example_trigger_controller_dag.py
[2026-06-30T08:47:27.310+0000] {processor.py:830} INFO - Processing file /home/airflow/.local/lib/python3.12/site-packages/airflow/example_dags/example_trigger_controller_dag.py for tasks to queue
[2026-06-30T08:47:27.311+0000] {logging_mixin.py:188} INFO - [2026-06-30T08:47:27.311+0000] {dagbag.py:545} INFO - Filling up the DagBag from /home/airflow/.local/lib/python3.12/site-packages/airflow/example_dags/example_trigger_controller_dag.py
[2026-06-30T08:47:27.317+0000] {processor.py:840} INFO - DAG(s) 'example_trigger_controller_dag' retrieved from /home/airflow/.local/lib/python3.12/site-packages/airflow/example_dags/example_trigger_controller_dag.py
[2026-06-30T08:47:27.337+0000] {logging_mixin.py:188} INFO - [2026-06-30T08:47:27.337+0000] {dag.py:3096} INFO - Sync 1 DAGs
[2026-06-30T08:47:27.352+0000] {logging_mixin.py:188} INFO - [2026-06-30T08:47:27.352+0000] {dag.py:3954} INFO - Setting next_dagrun for example_trigger_controller_dag to 2021-01-01 00:00:00+00:00, run_after=2021-01-01 00:00:00+00:00
[2026-06-30T08:47:27.366+0000] {processor.py:183} INFO - Processing /home/airflow/.local/lib/python3.12/site-packages/airflow/example_dags/example_trigger_controller_dag.py took 0.062 seconds
[2026-06-30T08:47:58.045+0000] {processor.py:161} INFO - Started process (PID=25116) to work on /home/airflow/.local/lib/python3.12/site-packages/airflow/example_dags/example_trigger_controller_dag.py
[2026-06-30T08:47:58.047+0000] {processor.py:830} INFO - Processing file /home/airflow/.local/lib/python3.12/site-packages/airflow/example_dags/example_trigger_controller_dag.py for tasks to queue
[2026-06-30T08:47:58.048+0000] {logging_mixin.py:188} INFO - [2026-06-30T08:47:58.048+0000] {dagbag.py:545} INFO - Filling up the DagBag from /home/airflow/.local/lib/python3.12/site-packages/airflow/example_dags/example_trigger_controller_dag.py
[2026-06-30T08:47:58.052+0000] {processor.py:840} INFO - DAG(s) 'example_trigger_controller_dag' retrieved from /home/airflow/.local/lib/python3.12/site-packages/airflow/example_dags/example_trigger_controller_dag.py
[2026-06-30T08:47:58.076+0000] {logging_mixin.py:188} INFO - [2026-06-30T08:47:58.076+0000] {dag.py:3096} INFO - Sync 1 DAGs
[2026-06-30T08:47:58.097+0000] {logging_mixin.py:188} INFO - [2026-06-30T08:47:58.097+0000] {dag.py:3954} INFO - Setting next_dagrun for example_trigger_controller_dag to 2021-01-01 00:00:00+00:00, run_after=2021-01-01 00:00:00+00:00
[2026-06-30T08:47:58.121+0000] {processor.py:183} INFO - Processing /home/airflow/.local/lib/python3.12/site-packages/airflow/example_dags/example_trigger_controller_dag.py took 0.082 seconds
[2026-06-30T08:48:28.503+0000] {processor.py:161} INFO - Started process (PID=25174) to work on /home/airflow/.local/lib/python3.12/site-packages/airflow/example_dags/example_trigger_controller_dag.py
[2026-06-30T08:48:28.503+0000] {processor.py:830} INFO - Processing file /home/airflow/.local/lib/python3.12/site-packages/airflow/example_dags/example_trigger_controller_dag.py for tasks to queue
[2026-06-30T08:48:28.504+0000] {logging_mixin.py:188} INFO - [2026-06-30T08:48:28.504+0000] {dagbag.py:545} INFO - Filling up the DagBag from /home/airflow/.local/lib/python3.12/site-packages/airflow/example_dags/example_trigger_controller_dag.py
[2026-06-30T08:48:28.508+0000] {processor.py:840} INFO - DAG(s) 'example_trigger_controller_dag' retrieved from /home/airflow/.local/lib/python3.12/site-packages/airflow/example_dags/example_trigger_controller_dag.py
[2026-06-30T08:48:28.523+0000] {logging_mixin.py:188} INFO - [2026-06-30T08:48:28.522+0000] {dag.py:3096} INFO - Sync 1 DAGs
[2026-06-30T08:48:28.542+0000] {logging_mixin.py:188} INFO - [2026-06-30T08:48:28.542+0000] {dag.py:3954} INFO - Setting next_dagrun for example_trigger_controller_dag to 2021-01-01 00:00:00+00:00, run_after=2021-01-01 00:00:00+00:00
[2026-06-30T08:48:28.565+0000] {processor.py:183} INFO - Processing /home/airflow/.local/lib/python3.12/site-packages/airflow/example_dags/example_trigger_controller_dag.py took 0.067 seconds
[2026-06-30T08:48:59.113+0000] {processor.py:161} INFO - Started process (PID=25232) to work on /home/airflow/.local/lib/python3.12/site-packages/airflow/example_dags/example_trigger_controller_dag.py
[2026-06-30T08:48:59.114+0000] {processor.py:830} INFO - Processing file /home/airflow/.local/lib/python3.12/site-packages/airflow/example_dags/example_trigger_controller_dag.py for tasks to queue
[2026-06-30T08:48:59.115+0000] {logging_mixin.py:188} INFO - [2026-06-30T08:48:59.115+0000] {dagbag.py:545} INFO - Filling up the DagBag from /home/airflow/.local/lib/python3.12/site-packages/airflow/example_dags/example_trigger_controller_dag.py
[2026-06-30T08:48:59.118+0000] {processor.py:840} INFO - DAG(s) 'example_trigger_controller_dag' retrieved from /home/airflow/.local/lib/python3.12/site-packages/airflow/example_dags/example_trigger_controller_dag.py
[2026-06-30T08:48:59.133+0000] {logging_mixin.py:188} INFO - [2026-06-30T08:48:59.133+0000] {dag.py:3096} INFO - Sync 1 DAGs
[2026-06-30T08:48:59.149+0000] {logging_mixin.py:188} INFO - [2026-06-30T08:48:59.149+0000] {dag.py:3954} INFO - Setting next_dagrun for example_trigger_controller_dag to 2021-01-01 00:00:00+00:00, run_after=2021-01-01 00:00:00+00:00
[2026-06-30T08:48:59.161+0000] {processor.py:183} INFO - Processing /home/airflow/.local/lib/python3.12/site-packages/airflow/example_dags/example_trigger_controller_dag.py took 0.053 seconds
[2026-06-30T08:49:29.673+0000] {processor.py:161} INFO - Started process (PID=25290) to work on /home/airflow/.local/lib/python3.12/site-packages/airflow/example_dags/example_trigger_controller_dag.py
[2026-06-30T08:49:29.674+0000] {processor.py:830} INFO - Processing file /home/airflow/.local/lib/python3.12/site-packages/airflow/example_dags/example_trigger_controller_dag.py for tasks to queue
[2026-06-30T08:49:29.675+0000] {logging_mixin.py:188} INFO - [2026-06-30T08:49:29.675+0000] {dagbag.py:545} INFO - Filling up the DagBag from /home/airflow/.local/lib/python3.12/site-packages/airflow/example_dags/example_trigger_controller_dag.py
[2026-06-30T08:49:29.678+0000] {processor.py:840} INFO - DAG(s) 'example_trigger_controller_dag' retrieved from /home/airflow/.local/lib/python3.12/site-packages/airflow/example_dags/example_trigger_controller_dag.py
[2026-06-30T08:49:29.694+0000] {logging_mixin.py:188} INFO - [2026-06-30T08:49:29.694+0000] {dag.py:3096} INFO - Sync 1 DAGs
[2026-06-30T08:49:29.710+0000] {logging_mixin.py:188} INFO - [2026-06-30T08:49:29.709+0000] {dag.py:3954} INFO - Setting next_dagrun for example_trigger_controller_dag to 2021-01-01 00:00:00+00:00, run_after=2021-01-01 00:00:00+00:00
[2026-06-30T08:49:29.722+0000] {processor.py:183} INFO - Processing /home/airflow/.local/lib/python3.12/site-packages/airflow/example_dags/example_trigger_controller_dag.py took 0.053 seconds
[2026-06-30T08:50:00.271+0000] {processor.py:161} INFO - Started process (PID=25347) to work on /home/airflow/.local/lib/python3.12/site-packages/airflow/example_dags/example_trigger_controller_dag.py
[2026-06-30T08:50:00.272+0000] {processor.py:830} INFO - Processing file /home/airflow/.local/lib/python3.12/site-packages/airflow/example_dags/example_trigger_controller_dag.py for tasks to queue
[2026-06-30T08:50:00.273+0000] {logging_mixin.py:188} INFO - [2026-06-30T08:50:00.273+0000] {dagbag.py:545} INFO - Filling up the DagBag from /home/airflow/.local/lib/python3.12/site-packages/airflow/example_dags/example_trigger_controller_dag.py
[2026-06-30T08:50:00.277+0000] {processor.py:840} INFO - DAG(s) 'example_trigger_controller_dag' retrieved from /home/airflow/.local/lib/python3.12/site-packages/airflow/example_dags/example_trigger_controller_dag.py
[2026-06-30T08:50:00.292+0000] {logging_mixin.py:188} INFO - [2026-06-30T08:50:00.292+0000] {dag.py:3096} INFO - Sync 1 DAGs
[2026-06-30T08:50:00.306+0000] {logging_mixin.py:188} INFO - [2026-06-30T08:50:00.306+0000] {dag.py:3954} INFO - Setting next_dagrun for example_trigger_controller_dag to 2021-01-01 00:00:00+00:00, run_after=2021-01-01 00:00:00+00:00
[2026-06-30T08:50:00.319+0000] {processor.py:183} INFO - Processing /home/airflow/.local/lib/python3.12/site-packages/airflow/example_dags/example_trigger_controller_dag.py took 0.052 seconds
[2026-06-30T08:50:30.790+0000] {processor.py:161} INFO - Started process (PID=25405) to work on /home/airflow/.local/lib/python3.12/site-packages/airflow/example_dags/example_trigger_controller_dag.py
[2026-06-30T08:50:30.791+0000] {processor.py:830} INFO - Processing file /home/airflow/.local/lib/python3.12/site-packages/airflow/example_dags/example_trigger_controller_dag.py for tasks to queue
[2026-06-30T08:50:30.792+0000] {logging_mixin.py:188} INFO - [2026-06-30T08:50:30.792+0000] {dagbag.py:545} INFO - Filling up the DagBag from /home/airflow/.local/lib/python3.12/site-packages/airflow/example_dags/example_trigger_controller_dag.py
[2026-06-30T08:50:30.796+0000] {processor.py:840} INFO - DAG(s) 'example_trigger_controller_dag' retrieved from /home/airflow/.local/lib/python3.12/site-packages/airflow/example_dags/example_trigger_controller_dag.py
[2026-06-30T08:50:30.812+0000] {logging_mixin.py:188} INFO - [2026-06-30T08:50:30.811+0000] {dag.py:3096} INFO - Sync 1 DAGs
[2026-06-30T08:50:30.827+0000] {logging_mixin.py:188} INFO - [2026-06-30T08:50:30.826+0000] {dag.py:3954} INFO - Setting next_dagrun for example_trigger_controller_dag to 2021-01-01 00:00:00+00:00, run_after=2021-01-01 00:00:00+00:00
[2026-06-30T08:50:30.840+0000] {processor.py:183} INFO - Processing /home/airflow/.local/lib/python3.12/site-packages/airflow/example_dags/example_trigger_controller_dag.py took 0.055 seconds
[2026-06-30T08:51:01.116+0000] {processor.py:161} INFO - Started process (PID=25463) to work on /home/airflow/.local/lib/python3.12/site-packages/airflow/example_dags/example_trigger_controller_dag.py
[2026-06-30T08:51:01.116+0000] {processor.py:830} INFO - Processing file /home/airflow/.local/lib/python3.12/site-packages/airflow/example_dags/example_trigger_controller_dag.py for tasks to queue
[2026-06-30T08:51:01.117+0000] {logging_mixin.py:188} INFO - [2026-06-30T08:51:01.117+0000] {dagbag.py:545} INFO - Filling up the DagBag from /home/airflow/.local/lib/python3.12/site-packages/airflow/example_dags/example_trigger_controller_dag.py
[2026-06-30T08:51:01.121+0000] {processor.py:840} INFO - DAG(s) 'example_trigger_controller_dag' retrieved from /home/airflow/.local/lib/python3.12/site-packages/airflow/example_dags/example_trigger_controller_dag.py
[2026-06-30T08:51:01.136+0000] {logging_mixin.py:188} INFO - [2026-06-30T08:51:01.135+0000] {dag.py:3096} INFO - Sync 1 DAGs
[2026-06-30T08:51:01.151+0000] {logging_mixin.py:188} INFO - [2026-06-30T08:51:01.150+0000] {dag.py:3954} INFO - Setting next_dagrun for example_trigger_controller_dag to 2021-01-01 00:00:00+00:00, run_after=2021-01-01 00:00:00+00:00
[2026-06-30T08:51:01.261+0000] {processor.py:183} INFO - Processing /home/airflow/.local/lib/python3.12/site-packages/airflow/example_dags/example_trigger_controller_dag.py took 0.150 seconds
[2026-06-30T08:51:31.726+0000] {processor.py:161} INFO - Started process (PID=25521) to work on /home/airflow/.local/lib/python3.12/site-packages/airflow/example_dags/example_trigger_controller_dag.py
[2026-06-30T08:51:31.727+0000] {processor.py:830} INFO - Processing file /home/airflow/.local/lib/python3.12/site-packages/airflow/example_dags/example_trigger_controller_dag.py for tasks to queue
[2026-06-30T08:51:31.728+0000] {logging_mixin.py:188} INFO - [2026-06-30T08:51:31.728+0000] {dagbag.py:545} INFO - Filling up the DagBag from /home/airflow/.local/lib/python3.12/site-packages/airflow/example_dags/example_trigger_controller_dag.py
[2026-06-30T08:51:31.731+0000] {processor.py:840} INFO - DAG(s) 'example_trigger_controller_dag' retrieved from /home/airflow/.local/lib/python3.12/site-packages/airflow/example_dags/example_trigger_controller_dag.py
[2026-06-30T08:51:31.745+0000] {logging_mixin.py:188} INFO - [2026-06-30T08:51:31.745+0000] {dag.py:3096} INFO - Sync 1 DAGs
[2026-06-30T08:51:31.759+0000] {logging_mixin.py:188} INFO - [2026-06-30T08:51:31.759+0000] {dag.py:3954} INFO - Setting next_dagrun for example_trigger_controller_dag to 2021-01-01 00:00:00+00:00, run_after=2021-01-01 00:00:00+00:00
[2026-06-30T08:51:31.773+0000] {processor.py:183} INFO - Processing /home/airflow/.local/lib/python3.12/site-packages/airflow/example_dags/example_trigger_controller_dag.py took 0.051 seconds
[2026-06-30T08:52:01.876+0000] {processor.py:161} INFO - Started process (PID=25578) to work on /home/airflow/.local/lib/python3.12/site-packages/airflow/example_dags/example_trigger_controller_dag.py
[2026-06-30T08:52:01.877+0000] {processor.py:830} INFO - Processing file /home/airflow/.local/lib/python3.12/site-packages/airflow/example_dags/example_trigger_controller_dag.py for tasks to queue
[2026-06-30T08:52:01.878+0000] {logging_mixin.py:188} INFO - [2026-06-30T08:52:01.878+0000] {dagbag.py:545} INFO - Filling up the DagBag from /home/airflow/.local/lib/python3.12/site-packages/airflow/example_dags/example_trigger_controller_dag.py
[2026-06-30T08:52:01.881+0000] {processor.py:840} INFO - DAG(s) 'example_trigger_controller_dag' retrieved from /home/airflow/.local/lib/python3.12/site-packages/airflow/example_dags/example_trigger_controller_dag.py
[2026-06-30T08:52:01.896+0000] {logging_mixin.py:188} INFO - [2026-06-30T08:52:01.896+0000] {dag.py:3096} INFO - Sync 1 DAGs
[2026-06-30T08:52:01.911+0000] {logging_mixin.py:188} INFO - [2026-06-30T08:52:01.911+0000] {dag.py:3954} INFO - Setting next_dagrun for example_trigger_controller_dag to 2021-01-01 00:00:00+00:00, run_after=2021-01-01 00:00:00+00:00
[2026-06-30T08:52:01.923+0000] {processor.py:183} INFO - Processing /home/airflow/.local/lib/python3.12/site-packages/airflow/example_dags/example_trigger_controller_dag.py took 0.051 seconds
[2026-06-30T08:52:32.596+0000] {processor.py:161} INFO - Started process (PID=25636) to work on /home/airflow/.local/lib/python3.12/site-packages/airflow/example_dags/example_trigger_controller_dag.py
[2026-06-30T08:52:32.597+0000] {processor.py:830} INFO - Processing file /home/airflow/.local/lib/python3.12/site-packages/airflow/example_dags/example_trigger_controller_dag.py for tasks to queue
[2026-06-30T08:52:32.597+0000] {logging_mixin.py:188} INFO - [2026-06-30T08:52:32.597+0000] {dagbag.py:545} INFO - Filling up the DagBag from /home/airflow/.local/lib/python3.12/site-packages/airflow/example_dags/example_trigger_controller_dag.py
[2026-06-30T08:52:32.601+0000] {processor.py:840} INFO - DAG(s) 'example_trigger_controller_dag' retrieved from /home/airflow/.local/lib/python3.12/site-packages/airflow/example_dags/example_trigger_controller_dag.py
[2026-06-30T08:52:32.616+0000] {logging_mixin.py:188} INFO - [2026-06-30T08:52:32.616+0000] {dag.py:3096} INFO - Sync 1 DAGs
[2026-06-30T08:52:32.630+0000] {logging_mixin.py:188} INFO - [2026-06-30T08:52:32.630+0000] {dag.py:3954} INFO - Setting next_dagrun for example_trigger_controller_dag to 2021-01-01 00:00:00+00:00, run_after=2021-01-01 00:00:00+00:00
[2026-06-30T08:52:32.645+0000] {processor.py:183} INFO - Processing /home/airflow/.local/lib/python3.12/site-packages/airflow/example_dags/example_trigger_controller_dag.py took 0.054 seconds
[2026-06-30T08:53:03.374+0000] {processor.py:161} INFO - Started process (PID=25694) to work on /home/airflow/.local/lib/python3.12/site-packages/airflow/example_dags/example_trigger_controller_dag.py
[2026-06-30T08:53:03.375+0000] {processor.py:830} INFO - Processing file /home/airflow/.local/lib/python3.12/site-packages/airflow/example_dags/example_trigger_controller_dag.py for tasks to queue
[2026-06-30T08:53:03.376+0000] {logging_mixin.py:188} INFO - [2026-06-30T08:53:03.376+0000] {dagbag.py:545} INFO - Filling up the DagBag from /home/airflow/.local/lib/python3.12/site-packages/airflow/example_dags/example_trigger_controller_dag.py
[2026-06-30T08:53:03.381+0000] {processor.py:840} INFO - DAG(s) 'example_trigger_controller_dag' retrieved from /home/airflow/.local/lib/python3.12/site-packages/airflow/example_dags/example_trigger_controller_dag.py
[2026-06-30T08:53:03.545+0000] {logging_mixin.py:188} INFO - [2026-06-30T08:53:03.544+0000] {dag.py:3096} INFO - Sync 1 DAGs
[2026-06-30T08:53:03.572+0000] {logging_mixin.py:188} INFO - [2026-06-30T08:53:03.572+0000] {dag.py:3954} INFO - Setting next_dagrun for example_trigger_controller_dag to 2021-01-01 00:00:00+00:00, run_after=2021-01-01 00:00:00+00:00
[2026-06-30T08:53:03.598+0000] {processor.py:183} INFO - Processing /home/airflow/.local/lib/python3.12/site-packages/airflow/example_dags/example_trigger_controller_dag.py took 0.230 seconds
