[2026-06-30T08:18:52.712+0000] {processor.py:161} INFO - Started process (PID=21775) to work on /home/airflow/.local/lib/python3.12/site-packages/airflow/example_dags/example_local_kubernetes_executor.py
[2026-06-30T08:18:52.714+0000] {processor.py:830} INFO - Processing file /home/airflow/.local/lib/python3.12/site-packages/airflow/example_dags/example_local_kubernetes_executor.py for tasks to queue
[2026-06-30T08:18:52.715+0000] {logging_mixin.py:188} INFO - [2026-06-30T08:18:52.715+0000] {dagbag.py:545} INFO - Filling up the DagBag from /home/airflow/.local/lib/python3.12/site-packages/airflow/example_dags/example_local_kubernetes_executor.py
[2026-06-30T08:18:52.727+0000] {processor.py:840} INFO - DAG(s) 'example_local_kubernetes_executor' retrieved from /home/airflow/.local/lib/python3.12/site-packages/airflow/example_dags/example_local_kubernetes_executor.py
[2026-06-30T08:18:52.772+0000] {logging_mixin.py:188} INFO - [2026-06-30T08:18:52.772+0000] {dag.py:3096} INFO - Sync 1 DAGs
[2026-06-30T08:18:52.787+0000] {logging_mixin.py:188} INFO - [2026-06-30T08:18:52.787+0000] {dag.py:3954} INFO - Setting next_dagrun for example_local_kubernetes_executor to None, run_after=None
[2026-06-30T08:18:52.807+0000] {processor.py:183} INFO - Processing /home/airflow/.local/lib/python3.12/site-packages/airflow/example_dags/example_local_kubernetes_executor.py took 0.100 seconds
[2026-06-30T08:19:23.109+0000] {processor.py:161} INFO - Started process (PID=21830) to work on /home/airflow/.local/lib/python3.12/site-packages/airflow/example_dags/example_local_kubernetes_executor.py
[2026-06-30T08:19:23.110+0000] {processor.py:830} INFO - Processing file /home/airflow/.local/lib/python3.12/site-packages/airflow/example_dags/example_local_kubernetes_executor.py for tasks to queue
[2026-06-30T08:19:23.117+0000] {logging_mixin.py:188} INFO - [2026-06-30T08:19:23.117+0000] {dagbag.py:545} INFO - Filling up the DagBag from /home/airflow/.local/lib/python3.12/site-packages/airflow/example_dags/example_local_kubernetes_executor.py
[2026-06-30T08:19:23.124+0000] {processor.py:840} INFO - DAG(s) 'example_local_kubernetes_executor' retrieved from /home/airflow/.local/lib/python3.12/site-packages/airflow/example_dags/example_local_kubernetes_executor.py
[2026-06-30T08:19:23.153+0000] {logging_mixin.py:188} INFO - [2026-06-30T08:19:23.153+0000] {dag.py:3096} INFO - Sync 1 DAGs
[2026-06-30T08:19:23.161+0000] {logging_mixin.py:188} INFO - [2026-06-30T08:19:23.161+0000] {dag.py:3954} INFO - Setting next_dagrun for example_local_kubernetes_executor to None, run_after=None
[2026-06-30T08:19:23.174+0000] {processor.py:183} INFO - Processing /home/airflow/.local/lib/python3.12/site-packages/airflow/example_dags/example_local_kubernetes_executor.py took 0.069 seconds
[2026-06-30T08:19:53.500+0000] {processor.py:161} INFO - Started process (PID=21888) to work on /home/airflow/.local/lib/python3.12/site-packages/airflow/example_dags/example_local_kubernetes_executor.py
[2026-06-30T08:19:53.501+0000] {processor.py:830} INFO - Processing file /home/airflow/.local/lib/python3.12/site-packages/airflow/example_dags/example_local_kubernetes_executor.py for tasks to queue
[2026-06-30T08:19:53.501+0000] {logging_mixin.py:188} INFO - [2026-06-30T08:19:53.501+0000] {dagbag.py:545} INFO - Filling up the DagBag from /home/airflow/.local/lib/python3.12/site-packages/airflow/example_dags/example_local_kubernetes_executor.py
[2026-06-30T08:19:53.507+0000] {processor.py:840} INFO - DAG(s) 'example_local_kubernetes_executor' retrieved from /home/airflow/.local/lib/python3.12/site-packages/airflow/example_dags/example_local_kubernetes_executor.py
[2026-06-30T08:19:53.532+0000] {logging_mixin.py:188} INFO - [2026-06-30T08:19:53.531+0000] {dag.py:3096} INFO - Sync 1 DAGs
[2026-06-30T08:19:53.542+0000] {logging_mixin.py:188} INFO - [2026-06-30T08:19:53.542+0000] {dag.py:3954} INFO - Setting next_dagrun for example_local_kubernetes_executor to None, run_after=None
[2026-06-30T08:19:53.554+0000] {processor.py:183} INFO - Processing /home/airflow/.local/lib/python3.12/site-packages/airflow/example_dags/example_local_kubernetes_executor.py took 0.058 seconds
[2026-06-30T08:20:23.771+0000] {processor.py:161} INFO - Started process (PID=21946) to work on /home/airflow/.local/lib/python3.12/site-packages/airflow/example_dags/example_local_kubernetes_executor.py
[2026-06-30T08:20:23.772+0000] {processor.py:830} INFO - Processing file /home/airflow/.local/lib/python3.12/site-packages/airflow/example_dags/example_local_kubernetes_executor.py for tasks to queue
[2026-06-30T08:20:23.773+0000] {logging_mixin.py:188} INFO - [2026-06-30T08:20:23.773+0000] {dagbag.py:545} INFO - Filling up the DagBag from /home/airflow/.local/lib/python3.12/site-packages/airflow/example_dags/example_local_kubernetes_executor.py
[2026-06-30T08:20:23.779+0000] {processor.py:840} INFO - DAG(s) 'example_local_kubernetes_executor' retrieved from /home/airflow/.local/lib/python3.12/site-packages/airflow/example_dags/example_local_kubernetes_executor.py
[2026-06-30T08:20:23.802+0000] {logging_mixin.py:188} INFO - [2026-06-30T08:20:23.802+0000] {dag.py:3096} INFO - Sync 1 DAGs
[2026-06-30T08:20:23.811+0000] {logging_mixin.py:188} INFO - [2026-06-30T08:20:23.811+0000] {dag.py:3954} INFO - Setting next_dagrun for example_local_kubernetes_executor to None, run_after=None
[2026-06-30T08:20:23.822+0000] {processor.py:183} INFO - Processing /home/airflow/.local/lib/python3.12/site-packages/airflow/example_dags/example_local_kubernetes_executor.py took 0.055 seconds
[2026-06-30T08:20:53.998+0000] {processor.py:161} INFO - Started process (PID=22003) to work on /home/airflow/.local/lib/python3.12/site-packages/airflow/example_dags/example_local_kubernetes_executor.py
[2026-06-30T08:20:53.999+0000] {processor.py:830} INFO - Processing file /home/airflow/.local/lib/python3.12/site-packages/airflow/example_dags/example_local_kubernetes_executor.py for tasks to queue
[2026-06-30T08:20:54.000+0000] {logging_mixin.py:188} INFO - [2026-06-30T08:20:54.000+0000] {dagbag.py:545} INFO - Filling up the DagBag from /home/airflow/.local/lib/python3.12/site-packages/airflow/example_dags/example_local_kubernetes_executor.py
[2026-06-30T08:20:54.005+0000] {processor.py:840} INFO - DAG(s) 'example_local_kubernetes_executor' retrieved from /home/airflow/.local/lib/python3.12/site-packages/airflow/example_dags/example_local_kubernetes_executor.py
[2026-06-30T08:20:54.029+0000] {logging_mixin.py:188} INFO - [2026-06-30T08:20:54.029+0000] {dag.py:3096} INFO - Sync 1 DAGs
[2026-06-30T08:20:54.037+0000] {logging_mixin.py:188} INFO - [2026-06-30T08:20:54.037+0000] {dag.py:3954} INFO - Setting next_dagrun for example_local_kubernetes_executor to None, run_after=None
[2026-06-30T08:20:54.049+0000] {processor.py:183} INFO - Processing /home/airflow/.local/lib/python3.12/site-packages/airflow/example_dags/example_local_kubernetes_executor.py took 0.055 seconds
[2026-06-30T08:21:24.415+0000] {processor.py:161} INFO - Started process (PID=22061) to work on /home/airflow/.local/lib/python3.12/site-packages/airflow/example_dags/example_local_kubernetes_executor.py
[2026-06-30T08:21:24.416+0000] {processor.py:830} INFO - Processing file /home/airflow/.local/lib/python3.12/site-packages/airflow/example_dags/example_local_kubernetes_executor.py for tasks to queue
[2026-06-30T08:21:24.416+0000] {logging_mixin.py:188} INFO - [2026-06-30T08:21:24.416+0000] {dagbag.py:545} INFO - Filling up the DagBag from /home/airflow/.local/lib/python3.12/site-packages/airflow/example_dags/example_local_kubernetes_executor.py
[2026-06-30T08:21:24.422+0000] {processor.py:840} INFO - DAG(s) 'example_local_kubernetes_executor' retrieved from /home/airflow/.local/lib/python3.12/site-packages/airflow/example_dags/example_local_kubernetes_executor.py
[2026-06-30T08:21:24.446+0000] {logging_mixin.py:188} INFO - [2026-06-30T08:21:24.445+0000] {dag.py:3096} INFO - Sync 1 DAGs
[2026-06-30T08:21:24.454+0000] {logging_mixin.py:188} INFO - [2026-06-30T08:21:24.454+0000] {dag.py:3954} INFO - Setting next_dagrun for example_local_kubernetes_executor to None, run_after=None
[2026-06-30T08:21:24.466+0000] {processor.py:183} INFO - Processing /home/airflow/.local/lib/python3.12/site-packages/airflow/example_dags/example_local_kubernetes_executor.py took 0.055 seconds
[2026-06-30T08:21:54.747+0000] {processor.py:161} INFO - Started process (PID=22119) to work on /home/airflow/.local/lib/python3.12/site-packages/airflow/example_dags/example_local_kubernetes_executor.py
[2026-06-30T08:21:54.748+0000] {processor.py:830} INFO - Processing file /home/airflow/.local/lib/python3.12/site-packages/airflow/example_dags/example_local_kubernetes_executor.py for tasks to queue
[2026-06-30T08:21:54.749+0000] {logging_mixin.py:188} INFO - [2026-06-30T08:21:54.748+0000] {dagbag.py:545} INFO - Filling up the DagBag from /home/airflow/.local/lib/python3.12/site-packages/airflow/example_dags/example_local_kubernetes_executor.py
[2026-06-30T08:21:54.754+0000] {processor.py:840} INFO - DAG(s) 'example_local_kubernetes_executor' retrieved from /home/airflow/.local/lib/python3.12/site-packages/airflow/example_dags/example_local_kubernetes_executor.py
[2026-06-30T08:21:54.779+0000] {logging_mixin.py:188} INFO - [2026-06-30T08:21:54.779+0000] {dag.py:3096} INFO - Sync 1 DAGs
[2026-06-30T08:21:54.787+0000] {logging_mixin.py:188} INFO - [2026-06-30T08:21:54.787+0000] {dag.py:3954} INFO - Setting next_dagrun for example_local_kubernetes_executor to None, run_after=None
[2026-06-30T08:21:54.799+0000] {processor.py:183} INFO - Processing /home/airflow/.local/lib/python3.12/site-packages/airflow/example_dags/example_local_kubernetes_executor.py took 0.057 seconds
[2026-06-30T08:22:24.907+0000] {processor.py:161} INFO - Started process (PID=22172) to work on /home/airflow/.local/lib/python3.12/site-packages/airflow/example_dags/example_local_kubernetes_executor.py
[2026-06-30T08:22:24.908+0000] {processor.py:830} INFO - Processing file /home/airflow/.local/lib/python3.12/site-packages/airflow/example_dags/example_local_kubernetes_executor.py for tasks to queue
[2026-06-30T08:22:24.909+0000] {logging_mixin.py:188} INFO - [2026-06-30T08:22:24.908+0000] {dagbag.py:545} INFO - Filling up the DagBag from /home/airflow/.local/lib/python3.12/site-packages/airflow/example_dags/example_local_kubernetes_executor.py
[2026-06-30T08:22:24.914+0000] {processor.py:840} INFO - DAG(s) 'example_local_kubernetes_executor' retrieved from /home/airflow/.local/lib/python3.12/site-packages/airflow/example_dags/example_local_kubernetes_executor.py
[2026-06-30T08:22:24.941+0000] {logging_mixin.py:188} INFO - [2026-06-30T08:22:24.941+0000] {dag.py:3096} INFO - Sync 1 DAGs
[2026-06-30T08:22:24.951+0000] {logging_mixin.py:188} INFO - [2026-06-30T08:22:24.951+0000] {dag.py:3954} INFO - Setting next_dagrun for example_local_kubernetes_executor to None, run_after=None
[2026-06-30T08:22:24.966+0000] {processor.py:183} INFO - Processing /home/airflow/.local/lib/python3.12/site-packages/airflow/example_dags/example_local_kubernetes_executor.py took 0.063 seconds
[2026-06-30T08:22:55.323+0000] {processor.py:161} INFO - Started process (PID=22226) to work on /home/airflow/.local/lib/python3.12/site-packages/airflow/example_dags/example_local_kubernetes_executor.py
[2026-06-30T08:22:55.324+0000] {processor.py:830} INFO - Processing file /home/airflow/.local/lib/python3.12/site-packages/airflow/example_dags/example_local_kubernetes_executor.py for tasks to queue
[2026-06-30T08:22:55.325+0000] {logging_mixin.py:188} INFO - [2026-06-30T08:22:55.325+0000] {dagbag.py:545} INFO - Filling up the DagBag from /home/airflow/.local/lib/python3.12/site-packages/airflow/example_dags/example_local_kubernetes_executor.py
[2026-06-30T08:22:55.330+0000] {processor.py:840} INFO - DAG(s) 'example_local_kubernetes_executor' retrieved from /home/airflow/.local/lib/python3.12/site-packages/airflow/example_dags/example_local_kubernetes_executor.py
[2026-06-30T08:22:55.354+0000] {logging_mixin.py:188} INFO - [2026-06-30T08:22:55.353+0000] {dag.py:3096} INFO - Sync 1 DAGs
[2026-06-30T08:22:55.362+0000] {logging_mixin.py:188} INFO - [2026-06-30T08:22:55.362+0000] {dag.py:3954} INFO - Setting next_dagrun for example_local_kubernetes_executor to None, run_after=None
[2026-06-30T08:22:55.374+0000] {processor.py:183} INFO - Processing /home/airflow/.local/lib/python3.12/site-packages/airflow/example_dags/example_local_kubernetes_executor.py took 0.055 seconds
[2026-06-30T08:23:25.710+0000] {processor.py:161} INFO - Started process (PID=22284) to work on /home/airflow/.local/lib/python3.12/site-packages/airflow/example_dags/example_local_kubernetes_executor.py
[2026-06-30T08:23:25.711+0000] {processor.py:830} INFO - Processing file /home/airflow/.local/lib/python3.12/site-packages/airflow/example_dags/example_local_kubernetes_executor.py for tasks to queue
[2026-06-30T08:23:25.712+0000] {logging_mixin.py:188} INFO - [2026-06-30T08:23:25.712+0000] {dagbag.py:545} INFO - Filling up the DagBag from /home/airflow/.local/lib/python3.12/site-packages/airflow/example_dags/example_local_kubernetes_executor.py
[2026-06-30T08:23:25.717+0000] {processor.py:840} INFO - DAG(s) 'example_local_kubernetes_executor' retrieved from /home/airflow/.local/lib/python3.12/site-packages/airflow/example_dags/example_local_kubernetes_executor.py
[2026-06-30T08:23:25.741+0000] {logging_mixin.py:188} INFO - [2026-06-30T08:23:25.741+0000] {dag.py:3096} INFO - Sync 1 DAGs
[2026-06-30T08:23:25.749+0000] {logging_mixin.py:188} INFO - [2026-06-30T08:23:25.749+0000] {dag.py:3954} INFO - Setting next_dagrun for example_local_kubernetes_executor to None, run_after=None
[2026-06-30T08:23:25.761+0000] {processor.py:183} INFO - Processing /home/airflow/.local/lib/python3.12/site-packages/airflow/example_dags/example_local_kubernetes_executor.py took 0.055 seconds
[2026-06-30T08:23:56.114+0000] {processor.py:161} INFO - Started process (PID=22342) to work on /home/airflow/.local/lib/python3.12/site-packages/airflow/example_dags/example_local_kubernetes_executor.py
[2026-06-30T08:23:56.115+0000] {processor.py:830} INFO - Processing file /home/airflow/.local/lib/python3.12/site-packages/airflow/example_dags/example_local_kubernetes_executor.py for tasks to queue
[2026-06-30T08:23:56.116+0000] {logging_mixin.py:188} INFO - [2026-06-30T08:23:56.116+0000] {dagbag.py:545} INFO - Filling up the DagBag from /home/airflow/.local/lib/python3.12/site-packages/airflow/example_dags/example_local_kubernetes_executor.py
[2026-06-30T08:23:56.121+0000] {processor.py:840} INFO - DAG(s) 'example_local_kubernetes_executor' retrieved from /home/airflow/.local/lib/python3.12/site-packages/airflow/example_dags/example_local_kubernetes_executor.py
[2026-06-30T08:23:56.145+0000] {logging_mixin.py:188} INFO - [2026-06-30T08:23:56.145+0000] {dag.py:3096} INFO - Sync 1 DAGs
[2026-06-30T08:23:56.153+0000] {logging_mixin.py:188} INFO - [2026-06-30T08:23:56.153+0000] {dag.py:3954} INFO - Setting next_dagrun for example_local_kubernetes_executor to None, run_after=None
[2026-06-30T08:23:56.167+0000] {processor.py:183} INFO - Processing /home/airflow/.local/lib/python3.12/site-packages/airflow/example_dags/example_local_kubernetes_executor.py took 0.056 seconds
[2026-06-30T08:24:26.607+0000] {processor.py:161} INFO - Started process (PID=22400) to work on /home/airflow/.local/lib/python3.12/site-packages/airflow/example_dags/example_local_kubernetes_executor.py
[2026-06-30T08:24:26.608+0000] {processor.py:830} INFO - Processing file /home/airflow/.local/lib/python3.12/site-packages/airflow/example_dags/example_local_kubernetes_executor.py for tasks to queue
[2026-06-30T08:24:26.609+0000] {logging_mixin.py:188} INFO - [2026-06-30T08:24:26.608+0000] {dagbag.py:545} INFO - Filling up the DagBag from /home/airflow/.local/lib/python3.12/site-packages/airflow/example_dags/example_local_kubernetes_executor.py
[2026-06-30T08:24:26.614+0000] {processor.py:840} INFO - DAG(s) 'example_local_kubernetes_executor' retrieved from /home/airflow/.local/lib/python3.12/site-packages/airflow/example_dags/example_local_kubernetes_executor.py
[2026-06-30T08:24:26.641+0000] {logging_mixin.py:188} INFO - [2026-06-30T08:24:26.641+0000] {dag.py:3096} INFO - Sync 1 DAGs
[2026-06-30T08:24:26.651+0000] {logging_mixin.py:188} INFO - [2026-06-30T08:24:26.651+0000] {dag.py:3954} INFO - Setting next_dagrun for example_local_kubernetes_executor to None, run_after=None
[2026-06-30T08:24:26.665+0000] {processor.py:183} INFO - Processing /home/airflow/.local/lib/python3.12/site-packages/airflow/example_dags/example_local_kubernetes_executor.py took 0.062 seconds
[2026-06-30T08:24:57.349+0000] {processor.py:161} INFO - Started process (PID=22459) to work on /home/airflow/.local/lib/python3.12/site-packages/airflow/example_dags/example_local_kubernetes_executor.py
[2026-06-30T08:24:57.350+0000] {processor.py:830} INFO - Processing file /home/airflow/.local/lib/python3.12/site-packages/airflow/example_dags/example_local_kubernetes_executor.py for tasks to queue
[2026-06-30T08:24:57.351+0000] {logging_mixin.py:188} INFO - [2026-06-30T08:24:57.351+0000] {dagbag.py:545} INFO - Filling up the DagBag from /home/airflow/.local/lib/python3.12/site-packages/airflow/example_dags/example_local_kubernetes_executor.py
[2026-06-30T08:24:57.356+0000] {processor.py:840} INFO - DAG(s) 'example_local_kubernetes_executor' retrieved from /home/airflow/.local/lib/python3.12/site-packages/airflow/example_dags/example_local_kubernetes_executor.py
[2026-06-30T08:24:57.384+0000] {logging_mixin.py:188} INFO - [2026-06-30T08:24:57.384+0000] {dag.py:3096} INFO - Sync 1 DAGs
[2026-06-30T08:24:57.394+0000] {logging_mixin.py:188} INFO - [2026-06-30T08:24:57.394+0000] {dag.py:3954} INFO - Setting next_dagrun for example_local_kubernetes_executor to None, run_after=None
[2026-06-30T08:24:57.408+0000] {processor.py:183} INFO - Processing /home/airflow/.local/lib/python3.12/site-packages/airflow/example_dags/example_local_kubernetes_executor.py took 0.063 seconds
[2026-06-30T08:25:27.897+0000] {processor.py:161} INFO - Started process (PID=22517) to work on /home/airflow/.local/lib/python3.12/site-packages/airflow/example_dags/example_local_kubernetes_executor.py
[2026-06-30T08:25:27.898+0000] {processor.py:830} INFO - Processing file /home/airflow/.local/lib/python3.12/site-packages/airflow/example_dags/example_local_kubernetes_executor.py for tasks to queue
[2026-06-30T08:25:27.899+0000] {logging_mixin.py:188} INFO - [2026-06-30T08:25:27.898+0000] {dagbag.py:545} INFO - Filling up the DagBag from /home/airflow/.local/lib/python3.12/site-packages/airflow/example_dags/example_local_kubernetes_executor.py
[2026-06-30T08:25:27.904+0000] {processor.py:840} INFO - DAG(s) 'example_local_kubernetes_executor' retrieved from /home/airflow/.local/lib/python3.12/site-packages/airflow/example_dags/example_local_kubernetes_executor.py
[2026-06-30T08:25:27.929+0000] {logging_mixin.py:188} INFO - [2026-06-30T08:25:27.929+0000] {dag.py:3096} INFO - Sync 1 DAGs
[2026-06-30T08:25:27.937+0000] {logging_mixin.py:188} INFO - [2026-06-30T08:25:27.937+0000] {dag.py:3954} INFO - Setting next_dagrun for example_local_kubernetes_executor to None, run_after=None
[2026-06-30T08:25:27.950+0000] {processor.py:183} INFO - Processing /home/airflow/.local/lib/python3.12/site-packages/airflow/example_dags/example_local_kubernetes_executor.py took 0.057 seconds
[2026-06-30T08:25:58.163+0000] {processor.py:161} INFO - Started process (PID=22575) to work on /home/airflow/.local/lib/python3.12/site-packages/airflow/example_dags/example_local_kubernetes_executor.py
[2026-06-30T08:25:58.165+0000] {processor.py:830} INFO - Processing file /home/airflow/.local/lib/python3.12/site-packages/airflow/example_dags/example_local_kubernetes_executor.py for tasks to queue
[2026-06-30T08:25:58.166+0000] {logging_mixin.py:188} INFO - [2026-06-30T08:25:58.165+0000] {dagbag.py:545} INFO - Filling up the DagBag from /home/airflow/.local/lib/python3.12/site-packages/airflow/example_dags/example_local_kubernetes_executor.py
[2026-06-30T08:25:58.176+0000] {processor.py:840} INFO - DAG(s) 'example_local_kubernetes_executor' retrieved from /home/airflow/.local/lib/python3.12/site-packages/airflow/example_dags/example_local_kubernetes_executor.py
[2026-06-30T08:25:58.210+0000] {logging_mixin.py:188} INFO - [2026-06-30T08:25:58.210+0000] {dag.py:3096} INFO - Sync 1 DAGs
[2026-06-30T08:25:58.219+0000] {logging_mixin.py:188} INFO - [2026-06-30T08:25:58.219+0000] {dag.py:3954} INFO - Setting next_dagrun for example_local_kubernetes_executor to None, run_after=None
[2026-06-30T08:25:58.232+0000] {processor.py:183} INFO - Processing /home/airflow/.local/lib/python3.12/site-packages/airflow/example_dags/example_local_kubernetes_executor.py took 0.075 seconds
[2026-06-30T08:26:29.014+0000] {processor.py:161} INFO - Started process (PID=22633) to work on /home/airflow/.local/lib/python3.12/site-packages/airflow/example_dags/example_local_kubernetes_executor.py
[2026-06-30T08:26:29.016+0000] {processor.py:830} INFO - Processing file /home/airflow/.local/lib/python3.12/site-packages/airflow/example_dags/example_local_kubernetes_executor.py for tasks to queue
[2026-06-30T08:26:29.017+0000] {logging_mixin.py:188} INFO - [2026-06-30T08:26:29.017+0000] {dagbag.py:545} INFO - Filling up the DagBag from /home/airflow/.local/lib/python3.12/site-packages/airflow/example_dags/example_local_kubernetes_executor.py
[2026-06-30T08:26:29.024+0000] {processor.py:840} INFO - DAG(s) 'example_local_kubernetes_executor' retrieved from /home/airflow/.local/lib/python3.12/site-packages/airflow/example_dags/example_local_kubernetes_executor.py
[2026-06-30T08:26:29.058+0000] {logging_mixin.py:188} INFO - [2026-06-30T08:26:29.058+0000] {dag.py:3096} INFO - Sync 1 DAGs
[2026-06-30T08:26:29.070+0000] {logging_mixin.py:188} INFO - [2026-06-30T08:26:29.069+0000] {dag.py:3954} INFO - Setting next_dagrun for example_local_kubernetes_executor to None, run_after=None
[2026-06-30T08:26:29.099+0000] {processor.py:183} INFO - Processing /home/airflow/.local/lib/python3.12/site-packages/airflow/example_dags/example_local_kubernetes_executor.py took 0.091 seconds
[2026-06-30T08:26:59.910+0000] {processor.py:161} INFO - Started process (PID=22691) to work on /home/airflow/.local/lib/python3.12/site-packages/airflow/example_dags/example_local_kubernetes_executor.py
[2026-06-30T08:26:59.910+0000] {processor.py:830} INFO - Processing file /home/airflow/.local/lib/python3.12/site-packages/airflow/example_dags/example_local_kubernetes_executor.py for tasks to queue
[2026-06-30T08:26:59.911+0000] {logging_mixin.py:188} INFO - [2026-06-30T08:26:59.911+0000] {dagbag.py:545} INFO - Filling up the DagBag from /home/airflow/.local/lib/python3.12/site-packages/airflow/example_dags/example_local_kubernetes_executor.py
[2026-06-30T08:26:59.917+0000] {processor.py:840} INFO - DAG(s) 'example_local_kubernetes_executor' retrieved from /home/airflow/.local/lib/python3.12/site-packages/airflow/example_dags/example_local_kubernetes_executor.py
[2026-06-30T08:26:59.943+0000] {logging_mixin.py:188} INFO - [2026-06-30T08:26:59.943+0000] {dag.py:3096} INFO - Sync 1 DAGs
[2026-06-30T08:26:59.952+0000] {logging_mixin.py:188} INFO - [2026-06-30T08:26:59.952+0000] {dag.py:3954} INFO - Setting next_dagrun for example_local_kubernetes_executor to None, run_after=None
[2026-06-30T08:26:59.967+0000] {processor.py:183} INFO - Processing /home/airflow/.local/lib/python3.12/site-packages/airflow/example_dags/example_local_kubernetes_executor.py took 0.062 seconds
[2026-06-30T08:27:30.429+0000] {processor.py:161} INFO - Started process (PID=22749) to work on /home/airflow/.local/lib/python3.12/site-packages/airflow/example_dags/example_local_kubernetes_executor.py
[2026-06-30T08:27:30.430+0000] {processor.py:830} INFO - Processing file /home/airflow/.local/lib/python3.12/site-packages/airflow/example_dags/example_local_kubernetes_executor.py for tasks to queue
[2026-06-30T08:27:30.431+0000] {logging_mixin.py:188} INFO - [2026-06-30T08:27:30.431+0000] {dagbag.py:545} INFO - Filling up the DagBag from /home/airflow/.local/lib/python3.12/site-packages/airflow/example_dags/example_local_kubernetes_executor.py
[2026-06-30T08:27:30.436+0000] {processor.py:840} INFO - DAG(s) 'example_local_kubernetes_executor' retrieved from /home/airflow/.local/lib/python3.12/site-packages/airflow/example_dags/example_local_kubernetes_executor.py
[2026-06-30T08:27:30.459+0000] {logging_mixin.py:188} INFO - [2026-06-30T08:27:30.459+0000] {dag.py:3096} INFO - Sync 1 DAGs
[2026-06-30T08:27:30.469+0000] {logging_mixin.py:188} INFO - [2026-06-30T08:27:30.468+0000] {dag.py:3954} INFO - Setting next_dagrun for example_local_kubernetes_executor to None, run_after=None
[2026-06-30T08:27:30.481+0000] {processor.py:183} INFO - Processing /home/airflow/.local/lib/python3.12/site-packages/airflow/example_dags/example_local_kubernetes_executor.py took 0.056 seconds
[2026-06-30T08:28:00.784+0000] {processor.py:161} INFO - Started process (PID=22807) to work on /home/airflow/.local/lib/python3.12/site-packages/airflow/example_dags/example_local_kubernetes_executor.py
[2026-06-30T08:28:00.785+0000] {processor.py:830} INFO - Processing file /home/airflow/.local/lib/python3.12/site-packages/airflow/example_dags/example_local_kubernetes_executor.py for tasks to queue
[2026-06-30T08:28:00.786+0000] {logging_mixin.py:188} INFO - [2026-06-30T08:28:00.785+0000] {dagbag.py:545} INFO - Filling up the DagBag from /home/airflow/.local/lib/python3.12/site-packages/airflow/example_dags/example_local_kubernetes_executor.py
[2026-06-30T08:28:00.791+0000] {processor.py:840} INFO - DAG(s) 'example_local_kubernetes_executor' retrieved from /home/airflow/.local/lib/python3.12/site-packages/airflow/example_dags/example_local_kubernetes_executor.py
[2026-06-30T08:28:00.819+0000] {logging_mixin.py:188} INFO - [2026-06-30T08:28:00.818+0000] {dag.py:3096} INFO - Sync 1 DAGs
[2026-06-30T08:28:00.829+0000] {logging_mixin.py:188} INFO - [2026-06-30T08:28:00.829+0000] {dag.py:3954} INFO - Setting next_dagrun for example_local_kubernetes_executor to None, run_after=None
[2026-06-30T08:28:00.847+0000] {processor.py:183} INFO - Processing /home/airflow/.local/lib/python3.12/site-packages/airflow/example_dags/example_local_kubernetes_executor.py took 0.067 seconds
[2026-06-30T08:28:31.280+0000] {processor.py:161} INFO - Started process (PID=22865) to work on /home/airflow/.local/lib/python3.12/site-packages/airflow/example_dags/example_local_kubernetes_executor.py
[2026-06-30T08:28:31.282+0000] {processor.py:830} INFO - Processing file /home/airflow/.local/lib/python3.12/site-packages/airflow/example_dags/example_local_kubernetes_executor.py for tasks to queue
[2026-06-30T08:28:31.283+0000] {logging_mixin.py:188} INFO - [2026-06-30T08:28:31.283+0000] {dagbag.py:545} INFO - Filling up the DagBag from /home/airflow/.local/lib/python3.12/site-packages/airflow/example_dags/example_local_kubernetes_executor.py
[2026-06-30T08:28:31.289+0000] {processor.py:840} INFO - DAG(s) 'example_local_kubernetes_executor' retrieved from /home/airflow/.local/lib/python3.12/site-packages/airflow/example_dags/example_local_kubernetes_executor.py
[2026-06-30T08:28:31.314+0000] {logging_mixin.py:188} INFO - [2026-06-30T08:28:31.314+0000] {dag.py:3096} INFO - Sync 1 DAGs
[2026-06-30T08:28:31.323+0000] {logging_mixin.py:188} INFO - [2026-06-30T08:28:31.323+0000] {dag.py:3954} INFO - Setting next_dagrun for example_local_kubernetes_executor to None, run_after=None
[2026-06-30T08:28:31.337+0000] {processor.py:183} INFO - Processing /home/airflow/.local/lib/python3.12/site-packages/airflow/example_dags/example_local_kubernetes_executor.py took 0.061 seconds
[2026-06-30T08:29:01.694+0000] {processor.py:161} INFO - Started process (PID=22923) to work on /home/airflow/.local/lib/python3.12/site-packages/airflow/example_dags/example_local_kubernetes_executor.py
[2026-06-30T08:29:01.696+0000] {processor.py:830} INFO - Processing file /home/airflow/.local/lib/python3.12/site-packages/airflow/example_dags/example_local_kubernetes_executor.py for tasks to queue
[2026-06-30T08:29:01.696+0000] {logging_mixin.py:188} INFO - [2026-06-30T08:29:01.696+0000] {dagbag.py:545} INFO - Filling up the DagBag from /home/airflow/.local/lib/python3.12/site-packages/airflow/example_dags/example_local_kubernetes_executor.py
[2026-06-30T08:29:01.703+0000] {processor.py:840} INFO - DAG(s) 'example_local_kubernetes_executor' retrieved from /home/airflow/.local/lib/python3.12/site-packages/airflow/example_dags/example_local_kubernetes_executor.py
[2026-06-30T08:29:01.733+0000] {logging_mixin.py:188} INFO - [2026-06-30T08:29:01.732+0000] {dag.py:3096} INFO - Sync 1 DAGs
[2026-06-30T08:29:01.743+0000] {logging_mixin.py:188} INFO - [2026-06-30T08:29:01.743+0000] {dag.py:3954} INFO - Setting next_dagrun for example_local_kubernetes_executor to None, run_after=None
[2026-06-30T08:29:01.756+0000] {processor.py:183} INFO - Processing /home/airflow/.local/lib/python3.12/site-packages/airflow/example_dags/example_local_kubernetes_executor.py took 0.067 seconds
[2026-06-30T08:29:32.234+0000] {processor.py:161} INFO - Started process (PID=22981) to work on /home/airflow/.local/lib/python3.12/site-packages/airflow/example_dags/example_local_kubernetes_executor.py
[2026-06-30T08:29:32.235+0000] {processor.py:830} INFO - Processing file /home/airflow/.local/lib/python3.12/site-packages/airflow/example_dags/example_local_kubernetes_executor.py for tasks to queue
[2026-06-30T08:29:32.236+0000] {logging_mixin.py:188} INFO - [2026-06-30T08:29:32.236+0000] {dagbag.py:545} INFO - Filling up the DagBag from /home/airflow/.local/lib/python3.12/site-packages/airflow/example_dags/example_local_kubernetes_executor.py
[2026-06-30T08:29:32.243+0000] {processor.py:840} INFO - DAG(s) 'example_local_kubernetes_executor' retrieved from /home/airflow/.local/lib/python3.12/site-packages/airflow/example_dags/example_local_kubernetes_executor.py
[2026-06-30T08:29:32.274+0000] {logging_mixin.py:188} INFO - [2026-06-30T08:29:32.274+0000] {dag.py:3096} INFO - Sync 1 DAGs
[2026-06-30T08:29:32.284+0000] {logging_mixin.py:188} INFO - [2026-06-30T08:29:32.284+0000] {dag.py:3954} INFO - Setting next_dagrun for example_local_kubernetes_executor to None, run_after=None
[2026-06-30T08:29:32.302+0000] {processor.py:183} INFO - Processing /home/airflow/.local/lib/python3.12/site-packages/airflow/example_dags/example_local_kubernetes_executor.py took 0.073 seconds
[2026-06-30T08:30:02.843+0000] {processor.py:161} INFO - Started process (PID=23039) to work on /home/airflow/.local/lib/python3.12/site-packages/airflow/example_dags/example_local_kubernetes_executor.py
[2026-06-30T08:30:02.844+0000] {processor.py:830} INFO - Processing file /home/airflow/.local/lib/python3.12/site-packages/airflow/example_dags/example_local_kubernetes_executor.py for tasks to queue
[2026-06-30T08:30:02.845+0000] {logging_mixin.py:188} INFO - [2026-06-30T08:30:02.845+0000] {dagbag.py:545} INFO - Filling up the DagBag from /home/airflow/.local/lib/python3.12/site-packages/airflow/example_dags/example_local_kubernetes_executor.py
[2026-06-30T08:30:02.851+0000] {processor.py:840} INFO - DAG(s) 'example_local_kubernetes_executor' retrieved from /home/airflow/.local/lib/python3.12/site-packages/airflow/example_dags/example_local_kubernetes_executor.py
[2026-06-30T08:30:02.877+0000] {logging_mixin.py:188} INFO - [2026-06-30T08:30:02.877+0000] {dag.py:3096} INFO - Sync 1 DAGs
[2026-06-30T08:30:02.886+0000] {logging_mixin.py:188} INFO - [2026-06-30T08:30:02.885+0000] {dag.py:3954} INFO - Setting next_dagrun for example_local_kubernetes_executor to None, run_after=None
[2026-06-30T08:30:02.901+0000] {processor.py:183} INFO - Processing /home/airflow/.local/lib/python3.12/site-packages/airflow/example_dags/example_local_kubernetes_executor.py took 0.062 seconds
[2026-06-30T08:30:33.414+0000] {processor.py:161} INFO - Started process (PID=23097) to work on /home/airflow/.local/lib/python3.12/site-packages/airflow/example_dags/example_local_kubernetes_executor.py
[2026-06-30T08:30:33.415+0000] {processor.py:830} INFO - Processing file /home/airflow/.local/lib/python3.12/site-packages/airflow/example_dags/example_local_kubernetes_executor.py for tasks to queue
[2026-06-30T08:30:33.416+0000] {logging_mixin.py:188} INFO - [2026-06-30T08:30:33.415+0000] {dagbag.py:545} INFO - Filling up the DagBag from /home/airflow/.local/lib/python3.12/site-packages/airflow/example_dags/example_local_kubernetes_executor.py
[2026-06-30T08:30:33.421+0000] {processor.py:840} INFO - DAG(s) 'example_local_kubernetes_executor' retrieved from /home/airflow/.local/lib/python3.12/site-packages/airflow/example_dags/example_local_kubernetes_executor.py
[2026-06-30T08:30:33.445+0000] {logging_mixin.py:188} INFO - [2026-06-30T08:30:33.445+0000] {dag.py:3096} INFO - Sync 1 DAGs
[2026-06-30T08:30:33.453+0000] {logging_mixin.py:188} INFO - [2026-06-30T08:30:33.453+0000] {dag.py:3954} INFO - Setting next_dagrun for example_local_kubernetes_executor to None, run_after=None
[2026-06-30T08:30:33.465+0000] {processor.py:183} INFO - Processing /home/airflow/.local/lib/python3.12/site-packages/airflow/example_dags/example_local_kubernetes_executor.py took 0.055 seconds
[2026-06-30T08:31:04.125+0000] {processor.py:161} INFO - Started process (PID=23155) to work on /home/airflow/.local/lib/python3.12/site-packages/airflow/example_dags/example_local_kubernetes_executor.py
[2026-06-30T08:31:04.126+0000] {processor.py:830} INFO - Processing file /home/airflow/.local/lib/python3.12/site-packages/airflow/example_dags/example_local_kubernetes_executor.py for tasks to queue
[2026-06-30T08:31:04.127+0000] {logging_mixin.py:188} INFO - [2026-06-30T08:31:04.127+0000] {dagbag.py:545} INFO - Filling up the DagBag from /home/airflow/.local/lib/python3.12/site-packages/airflow/example_dags/example_local_kubernetes_executor.py
[2026-06-30T08:31:04.133+0000] {processor.py:840} INFO - DAG(s) 'example_local_kubernetes_executor' retrieved from /home/airflow/.local/lib/python3.12/site-packages/airflow/example_dags/example_local_kubernetes_executor.py
[2026-06-30T08:31:04.159+0000] {logging_mixin.py:188} INFO - [2026-06-30T08:31:04.159+0000] {dag.py:3096} INFO - Sync 1 DAGs
[2026-06-30T08:31:04.168+0000] {logging_mixin.py:188} INFO - [2026-06-30T08:31:04.168+0000] {dag.py:3954} INFO - Setting next_dagrun for example_local_kubernetes_executor to None, run_after=None
[2026-06-30T08:31:04.182+0000] {processor.py:183} INFO - Processing /home/airflow/.local/lib/python3.12/site-packages/airflow/example_dags/example_local_kubernetes_executor.py took 0.063 seconds
[2026-06-30T08:31:34.977+0000] {processor.py:161} INFO - Started process (PID=23213) to work on /home/airflow/.local/lib/python3.12/site-packages/airflow/example_dags/example_local_kubernetes_executor.py
[2026-06-30T08:31:34.978+0000] {processor.py:830} INFO - Processing file /home/airflow/.local/lib/python3.12/site-packages/airflow/example_dags/example_local_kubernetes_executor.py for tasks to queue
[2026-06-30T08:31:34.979+0000] {logging_mixin.py:188} INFO - [2026-06-30T08:31:34.979+0000] {dagbag.py:545} INFO - Filling up the DagBag from /home/airflow/.local/lib/python3.12/site-packages/airflow/example_dags/example_local_kubernetes_executor.py
[2026-06-30T08:31:34.985+0000] {processor.py:840} INFO - DAG(s) 'example_local_kubernetes_executor' retrieved from /home/airflow/.local/lib/python3.12/site-packages/airflow/example_dags/example_local_kubernetes_executor.py
[2026-06-30T08:31:35.012+0000] {logging_mixin.py:188} INFO - [2026-06-30T08:31:35.012+0000] {dag.py:3096} INFO - Sync 1 DAGs
[2026-06-30T08:31:35.021+0000] {logging_mixin.py:188} INFO - [2026-06-30T08:31:35.021+0000] {dag.py:3954} INFO - Setting next_dagrun for example_local_kubernetes_executor to None, run_after=None
[2026-06-30T08:31:35.035+0000] {processor.py:183} INFO - Processing /home/airflow/.local/lib/python3.12/site-packages/airflow/example_dags/example_local_kubernetes_executor.py took 0.062 seconds
[2026-06-30T08:32:05.539+0000] {processor.py:161} INFO - Started process (PID=23271) to work on /home/airflow/.local/lib/python3.12/site-packages/airflow/example_dags/example_local_kubernetes_executor.py
[2026-06-30T08:32:05.540+0000] {processor.py:830} INFO - Processing file /home/airflow/.local/lib/python3.12/site-packages/airflow/example_dags/example_local_kubernetes_executor.py for tasks to queue
[2026-06-30T08:32:05.541+0000] {logging_mixin.py:188} INFO - [2026-06-30T08:32:05.541+0000] {dagbag.py:545} INFO - Filling up the DagBag from /home/airflow/.local/lib/python3.12/site-packages/airflow/example_dags/example_local_kubernetes_executor.py
[2026-06-30T08:32:05.547+0000] {processor.py:840} INFO - DAG(s) 'example_local_kubernetes_executor' retrieved from /home/airflow/.local/lib/python3.12/site-packages/airflow/example_dags/example_local_kubernetes_executor.py
[2026-06-30T08:32:05.575+0000] {logging_mixin.py:188} INFO - [2026-06-30T08:32:05.575+0000] {dag.py:3096} INFO - Sync 1 DAGs
[2026-06-30T08:32:05.584+0000] {logging_mixin.py:188} INFO - [2026-06-30T08:32:05.584+0000] {dag.py:3954} INFO - Setting next_dagrun for example_local_kubernetes_executor to None, run_after=None
[2026-06-30T08:32:05.597+0000] {processor.py:183} INFO - Processing /home/airflow/.local/lib/python3.12/site-packages/airflow/example_dags/example_local_kubernetes_executor.py took 0.062 seconds
[2026-06-30T08:32:36.334+0000] {processor.py:161} INFO - Started process (PID=23329) to work on /home/airflow/.local/lib/python3.12/site-packages/airflow/example_dags/example_local_kubernetes_executor.py
[2026-06-30T08:32:36.335+0000] {processor.py:830} INFO - Processing file /home/airflow/.local/lib/python3.12/site-packages/airflow/example_dags/example_local_kubernetes_executor.py for tasks to queue
[2026-06-30T08:32:36.336+0000] {logging_mixin.py:188} INFO - [2026-06-30T08:32:36.336+0000] {dagbag.py:545} INFO - Filling up the DagBag from /home/airflow/.local/lib/python3.12/site-packages/airflow/example_dags/example_local_kubernetes_executor.py
[2026-06-30T08:32:36.342+0000] {processor.py:840} INFO - DAG(s) 'example_local_kubernetes_executor' retrieved from /home/airflow/.local/lib/python3.12/site-packages/airflow/example_dags/example_local_kubernetes_executor.py
[2026-06-30T08:32:36.376+0000] {logging_mixin.py:188} INFO - [2026-06-30T08:32:36.376+0000] {dag.py:3096} INFO - Sync 1 DAGs
[2026-06-30T08:32:36.387+0000] {logging_mixin.py:188} INFO - [2026-06-30T08:32:36.386+0000] {dag.py:3954} INFO - Setting next_dagrun for example_local_kubernetes_executor to None, run_after=None
[2026-06-30T08:32:36.401+0000] {processor.py:183} INFO - Processing /home/airflow/.local/lib/python3.12/site-packages/airflow/example_dags/example_local_kubernetes_executor.py took 0.072 seconds
[2026-06-30T08:33:07.045+0000] {processor.py:161} INFO - Started process (PID=23387) to work on /home/airflow/.local/lib/python3.12/site-packages/airflow/example_dags/example_local_kubernetes_executor.py
[2026-06-30T08:33:07.046+0000] {processor.py:830} INFO - Processing file /home/airflow/.local/lib/python3.12/site-packages/airflow/example_dags/example_local_kubernetes_executor.py for tasks to queue
[2026-06-30T08:33:07.047+0000] {logging_mixin.py:188} INFO - [2026-06-30T08:33:07.047+0000] {dagbag.py:545} INFO - Filling up the DagBag from /home/airflow/.local/lib/python3.12/site-packages/airflow/example_dags/example_local_kubernetes_executor.py
[2026-06-30T08:33:07.054+0000] {processor.py:840} INFO - DAG(s) 'example_local_kubernetes_executor' retrieved from /home/airflow/.local/lib/python3.12/site-packages/airflow/example_dags/example_local_kubernetes_executor.py
[2026-06-30T08:33:07.092+0000] {logging_mixin.py:188} INFO - [2026-06-30T08:33:07.091+0000] {dag.py:3096} INFO - Sync 1 DAGs
[2026-06-30T08:33:07.107+0000] {logging_mixin.py:188} INFO - [2026-06-30T08:33:07.107+0000] {dag.py:3954} INFO - Setting next_dagrun for example_local_kubernetes_executor to None, run_after=None
[2026-06-30T08:33:07.134+0000] {processor.py:183} INFO - Processing /home/airflow/.local/lib/python3.12/site-packages/airflow/example_dags/example_local_kubernetes_executor.py took 0.094 seconds
[2026-06-30T08:33:37.999+0000] {processor.py:161} INFO - Started process (PID=23445) to work on /home/airflow/.local/lib/python3.12/site-packages/airflow/example_dags/example_local_kubernetes_executor.py
[2026-06-30T08:33:38.000+0000] {processor.py:830} INFO - Processing file /home/airflow/.local/lib/python3.12/site-packages/airflow/example_dags/example_local_kubernetes_executor.py for tasks to queue
[2026-06-30T08:33:38.001+0000] {logging_mixin.py:188} INFO - [2026-06-30T08:33:38.001+0000] {dagbag.py:545} INFO - Filling up the DagBag from /home/airflow/.local/lib/python3.12/site-packages/airflow/example_dags/example_local_kubernetes_executor.py
[2026-06-30T08:33:38.007+0000] {processor.py:840} INFO - DAG(s) 'example_local_kubernetes_executor' retrieved from /home/airflow/.local/lib/python3.12/site-packages/airflow/example_dags/example_local_kubernetes_executor.py
[2026-06-30T08:33:38.035+0000] {logging_mixin.py:188} INFO - [2026-06-30T08:33:38.035+0000] {dag.py:3096} INFO - Sync 1 DAGs
[2026-06-30T08:33:38.045+0000] {logging_mixin.py:188} INFO - [2026-06-30T08:33:38.045+0000] {dag.py:3954} INFO - Setting next_dagrun for example_local_kubernetes_executor to None, run_after=None
[2026-06-30T08:33:38.059+0000] {processor.py:183} INFO - Processing /home/airflow/.local/lib/python3.12/site-packages/airflow/example_dags/example_local_kubernetes_executor.py took 0.064 seconds
[2026-06-30T08:34:08.814+0000] {processor.py:161} INFO - Started process (PID=23503) to work on /home/airflow/.local/lib/python3.12/site-packages/airflow/example_dags/example_local_kubernetes_executor.py
[2026-06-30T08:34:08.815+0000] {processor.py:830} INFO - Processing file /home/airflow/.local/lib/python3.12/site-packages/airflow/example_dags/example_local_kubernetes_executor.py for tasks to queue
[2026-06-30T08:34:08.816+0000] {logging_mixin.py:188} INFO - [2026-06-30T08:34:08.816+0000] {dagbag.py:545} INFO - Filling up the DagBag from /home/airflow/.local/lib/python3.12/site-packages/airflow/example_dags/example_local_kubernetes_executor.py
[2026-06-30T08:34:08.822+0000] {processor.py:840} INFO - DAG(s) 'example_local_kubernetes_executor' retrieved from /home/airflow/.local/lib/python3.12/site-packages/airflow/example_dags/example_local_kubernetes_executor.py
[2026-06-30T08:34:08.855+0000] {logging_mixin.py:188} INFO - [2026-06-30T08:34:08.855+0000] {dag.py:3096} INFO - Sync 1 DAGs
[2026-06-30T08:34:08.865+0000] {logging_mixin.py:188} INFO - [2026-06-30T08:34:08.864+0000] {dag.py:3954} INFO - Setting next_dagrun for example_local_kubernetes_executor to None, run_after=None
[2026-06-30T08:34:08.879+0000] {processor.py:183} INFO - Processing /home/airflow/.local/lib/python3.12/site-packages/airflow/example_dags/example_local_kubernetes_executor.py took 0.069 seconds
[2026-06-30T08:34:39.622+0000] {processor.py:161} INFO - Started process (PID=23561) to work on /home/airflow/.local/lib/python3.12/site-packages/airflow/example_dags/example_local_kubernetes_executor.py
[2026-06-30T08:34:39.623+0000] {processor.py:830} INFO - Processing file /home/airflow/.local/lib/python3.12/site-packages/airflow/example_dags/example_local_kubernetes_executor.py for tasks to queue
[2026-06-30T08:34:39.624+0000] {logging_mixin.py:188} INFO - [2026-06-30T08:34:39.623+0000] {dagbag.py:545} INFO - Filling up the DagBag from /home/airflow/.local/lib/python3.12/site-packages/airflow/example_dags/example_local_kubernetes_executor.py
[2026-06-30T08:34:39.629+0000] {processor.py:840} INFO - DAG(s) 'example_local_kubernetes_executor' retrieved from /home/airflow/.local/lib/python3.12/site-packages/airflow/example_dags/example_local_kubernetes_executor.py
[2026-06-30T08:34:39.654+0000] {logging_mixin.py:188} INFO - [2026-06-30T08:34:39.653+0000] {dag.py:3096} INFO - Sync 1 DAGs
[2026-06-30T08:34:39.661+0000] {logging_mixin.py:188} INFO - [2026-06-30T08:34:39.661+0000] {dag.py:3954} INFO - Setting next_dagrun for example_local_kubernetes_executor to None, run_after=None
[2026-06-30T08:34:39.674+0000] {processor.py:183} INFO - Processing /home/airflow/.local/lib/python3.12/site-packages/airflow/example_dags/example_local_kubernetes_executor.py took 0.056 seconds
[2026-06-30T08:35:09.910+0000] {processor.py:161} INFO - Started process (PID=23619) to work on /home/airflow/.local/lib/python3.12/site-packages/airflow/example_dags/example_local_kubernetes_executor.py
[2026-06-30T08:35:09.911+0000] {processor.py:830} INFO - Processing file /home/airflow/.local/lib/python3.12/site-packages/airflow/example_dags/example_local_kubernetes_executor.py for tasks to queue
[2026-06-30T08:35:09.912+0000] {logging_mixin.py:188} INFO - [2026-06-30T08:35:09.912+0000] {dagbag.py:545} INFO - Filling up the DagBag from /home/airflow/.local/lib/python3.12/site-packages/airflow/example_dags/example_local_kubernetes_executor.py
[2026-06-30T08:35:09.917+0000] {processor.py:840} INFO - DAG(s) 'example_local_kubernetes_executor' retrieved from /home/airflow/.local/lib/python3.12/site-packages/airflow/example_dags/example_local_kubernetes_executor.py
[2026-06-30T08:35:09.943+0000] {logging_mixin.py:188} INFO - [2026-06-30T08:35:09.943+0000] {dag.py:3096} INFO - Sync 1 DAGs
[2026-06-30T08:35:09.953+0000] {logging_mixin.py:188} INFO - [2026-06-30T08:35:09.953+0000] {dag.py:3954} INFO - Setting next_dagrun for example_local_kubernetes_executor to None, run_after=None
[2026-06-30T08:35:09.968+0000] {processor.py:183} INFO - Processing /home/airflow/.local/lib/python3.12/site-packages/airflow/example_dags/example_local_kubernetes_executor.py took 0.062 seconds
[2026-06-30T08:35:40.396+0000] {processor.py:161} INFO - Started process (PID=23677) to work on /home/airflow/.local/lib/python3.12/site-packages/airflow/example_dags/example_local_kubernetes_executor.py
[2026-06-30T08:35:40.397+0000] {processor.py:830} INFO - Processing file /home/airflow/.local/lib/python3.12/site-packages/airflow/example_dags/example_local_kubernetes_executor.py for tasks to queue
[2026-06-30T08:35:40.397+0000] {logging_mixin.py:188} INFO - [2026-06-30T08:35:40.397+0000] {dagbag.py:545} INFO - Filling up the DagBag from /home/airflow/.local/lib/python3.12/site-packages/airflow/example_dags/example_local_kubernetes_executor.py
[2026-06-30T08:35:40.403+0000] {processor.py:840} INFO - DAG(s) 'example_local_kubernetes_executor' retrieved from /home/airflow/.local/lib/python3.12/site-packages/airflow/example_dags/example_local_kubernetes_executor.py
[2026-06-30T08:35:40.428+0000] {logging_mixin.py:188} INFO - [2026-06-30T08:35:40.428+0000] {dag.py:3096} INFO - Sync 1 DAGs
[2026-06-30T08:35:40.436+0000] {logging_mixin.py:188} INFO - [2026-06-30T08:35:40.436+0000] {dag.py:3954} INFO - Setting next_dagrun for example_local_kubernetes_executor to None, run_after=None
[2026-06-30T08:35:40.448+0000] {processor.py:183} INFO - Processing /home/airflow/.local/lib/python3.12/site-packages/airflow/example_dags/example_local_kubernetes_executor.py took 0.056 seconds
[2026-06-30T08:36:10.666+0000] {processor.py:161} INFO - Started process (PID=23735) to work on /home/airflow/.local/lib/python3.12/site-packages/airflow/example_dags/example_local_kubernetes_executor.py
[2026-06-30T08:36:10.667+0000] {processor.py:830} INFO - Processing file /home/airflow/.local/lib/python3.12/site-packages/airflow/example_dags/example_local_kubernetes_executor.py for tasks to queue
[2026-06-30T08:36:10.668+0000] {logging_mixin.py:188} INFO - [2026-06-30T08:36:10.668+0000] {dagbag.py:545} INFO - Filling up the DagBag from /home/airflow/.local/lib/python3.12/site-packages/airflow/example_dags/example_local_kubernetes_executor.py
[2026-06-30T08:36:10.673+0000] {processor.py:840} INFO - DAG(s) 'example_local_kubernetes_executor' retrieved from /home/airflow/.local/lib/python3.12/site-packages/airflow/example_dags/example_local_kubernetes_executor.py
[2026-06-30T08:36:10.696+0000] {logging_mixin.py:188} INFO - [2026-06-30T08:36:10.696+0000] {dag.py:3096} INFO - Sync 1 DAGs
[2026-06-30T08:36:10.704+0000] {logging_mixin.py:188} INFO - [2026-06-30T08:36:10.704+0000] {dag.py:3954} INFO - Setting next_dagrun for example_local_kubernetes_executor to None, run_after=None
[2026-06-30T08:36:10.715+0000] {processor.py:183} INFO - Processing /home/airflow/.local/lib/python3.12/site-packages/airflow/example_dags/example_local_kubernetes_executor.py took 0.054 seconds
[2026-06-30T08:36:41.240+0000] {processor.py:161} INFO - Started process (PID=23793) to work on /home/airflow/.local/lib/python3.12/site-packages/airflow/example_dags/example_local_kubernetes_executor.py
[2026-06-30T08:36:41.241+0000] {processor.py:830} INFO - Processing file /home/airflow/.local/lib/python3.12/site-packages/airflow/example_dags/example_local_kubernetes_executor.py for tasks to queue
[2026-06-30T08:36:41.242+0000] {logging_mixin.py:188} INFO - [2026-06-30T08:36:41.242+0000] {dagbag.py:545} INFO - Filling up the DagBag from /home/airflow/.local/lib/python3.12/site-packages/airflow/example_dags/example_local_kubernetes_executor.py
[2026-06-30T08:36:41.247+0000] {processor.py:840} INFO - DAG(s) 'example_local_kubernetes_executor' retrieved from /home/airflow/.local/lib/python3.12/site-packages/airflow/example_dags/example_local_kubernetes_executor.py
[2026-06-30T08:36:41.271+0000] {logging_mixin.py:188} INFO - [2026-06-30T08:36:41.271+0000] {dag.py:3096} INFO - Sync 1 DAGs
[2026-06-30T08:36:41.278+0000] {logging_mixin.py:188} INFO - [2026-06-30T08:36:41.278+0000] {dag.py:3954} INFO - Setting next_dagrun for example_local_kubernetes_executor to None, run_after=None
[2026-06-30T08:36:41.290+0000] {processor.py:183} INFO - Processing /home/airflow/.local/lib/python3.12/site-packages/airflow/example_dags/example_local_kubernetes_executor.py took 0.054 seconds
[2026-06-30T08:37:11.519+0000] {processor.py:161} INFO - Started process (PID=23852) to work on /home/airflow/.local/lib/python3.12/site-packages/airflow/example_dags/example_local_kubernetes_executor.py
[2026-06-30T08:37:11.520+0000] {processor.py:830} INFO - Processing file /home/airflow/.local/lib/python3.12/site-packages/airflow/example_dags/example_local_kubernetes_executor.py for tasks to queue
[2026-06-30T08:37:11.521+0000] {logging_mixin.py:188} INFO - [2026-06-30T08:37:11.520+0000] {dagbag.py:545} INFO - Filling up the DagBag from /home/airflow/.local/lib/python3.12/site-packages/airflow/example_dags/example_local_kubernetes_executor.py
[2026-06-30T08:37:11.526+0000] {processor.py:840} INFO - DAG(s) 'example_local_kubernetes_executor' retrieved from /home/airflow/.local/lib/python3.12/site-packages/airflow/example_dags/example_local_kubernetes_executor.py
[2026-06-30T08:37:11.549+0000] {logging_mixin.py:188} INFO - [2026-06-30T08:37:11.549+0000] {dag.py:3096} INFO - Sync 1 DAGs
[2026-06-30T08:37:11.557+0000] {logging_mixin.py:188} INFO - [2026-06-30T08:37:11.557+0000] {dag.py:3954} INFO - Setting next_dagrun for example_local_kubernetes_executor to None, run_after=None
[2026-06-30T08:37:11.568+0000] {processor.py:183} INFO - Processing /home/airflow/.local/lib/python3.12/site-packages/airflow/example_dags/example_local_kubernetes_executor.py took 0.053 seconds
[2026-06-30T08:37:41.910+0000] {processor.py:161} INFO - Started process (PID=23911) to work on /home/airflow/.local/lib/python3.12/site-packages/airflow/example_dags/example_local_kubernetes_executor.py
[2026-06-30T08:37:41.912+0000] {processor.py:830} INFO - Processing file /home/airflow/.local/lib/python3.12/site-packages/airflow/example_dags/example_local_kubernetes_executor.py for tasks to queue
[2026-06-30T08:37:41.912+0000] {logging_mixin.py:188} INFO - [2026-06-30T08:37:41.912+0000] {dagbag.py:545} INFO - Filling up the DagBag from /home/airflow/.local/lib/python3.12/site-packages/airflow/example_dags/example_local_kubernetes_executor.py
[2026-06-30T08:37:41.919+0000] {processor.py:840} INFO - DAG(s) 'example_local_kubernetes_executor' retrieved from /home/airflow/.local/lib/python3.12/site-packages/airflow/example_dags/example_local_kubernetes_executor.py
[2026-06-30T08:37:41.944+0000] {logging_mixin.py:188} INFO - [2026-06-30T08:37:41.944+0000] {dag.py:3096} INFO - Sync 1 DAGs
[2026-06-30T08:37:41.953+0000] {logging_mixin.py:188} INFO - [2026-06-30T08:37:41.953+0000] {dag.py:3954} INFO - Setting next_dagrun for example_local_kubernetes_executor to None, run_after=None
[2026-06-30T08:37:41.965+0000] {processor.py:183} INFO - Processing /home/airflow/.local/lib/python3.12/site-packages/airflow/example_dags/example_local_kubernetes_executor.py took 0.059 seconds
[2026-06-30T08:38:12.352+0000] {processor.py:161} INFO - Started process (PID=23974) to work on /home/airflow/.local/lib/python3.12/site-packages/airflow/example_dags/example_local_kubernetes_executor.py
[2026-06-30T08:38:12.353+0000] {processor.py:830} INFO - Processing file /home/airflow/.local/lib/python3.12/site-packages/airflow/example_dags/example_local_kubernetes_executor.py for tasks to queue
[2026-06-30T08:38:12.354+0000] {logging_mixin.py:188} INFO - [2026-06-30T08:38:12.354+0000] {dagbag.py:545} INFO - Filling up the DagBag from /home/airflow/.local/lib/python3.12/site-packages/airflow/example_dags/example_local_kubernetes_executor.py
[2026-06-30T08:38:12.364+0000] {processor.py:840} INFO - DAG(s) 'example_local_kubernetes_executor' retrieved from /home/airflow/.local/lib/python3.12/site-packages/airflow/example_dags/example_local_kubernetes_executor.py
[2026-06-30T08:38:12.412+0000] {logging_mixin.py:188} INFO - [2026-06-30T08:38:12.412+0000] {dag.py:3096} INFO - Sync 1 DAGs
[2026-06-30T08:38:12.422+0000] {logging_mixin.py:188} INFO - [2026-06-30T08:38:12.422+0000] {dag.py:3954} INFO - Setting next_dagrun for example_local_kubernetes_executor to None, run_after=None
[2026-06-30T08:38:12.441+0000] {processor.py:183} INFO - Processing /home/airflow/.local/lib/python3.12/site-packages/airflow/example_dags/example_local_kubernetes_executor.py took 0.094 seconds
[2026-06-30T08:38:42.881+0000] {processor.py:161} INFO - Started process (PID=24032) to work on /home/airflow/.local/lib/python3.12/site-packages/airflow/example_dags/example_local_kubernetes_executor.py
[2026-06-30T08:38:42.882+0000] {processor.py:830} INFO - Processing file /home/airflow/.local/lib/python3.12/site-packages/airflow/example_dags/example_local_kubernetes_executor.py for tasks to queue
[2026-06-30T08:38:42.883+0000] {logging_mixin.py:188} INFO - [2026-06-30T08:38:42.882+0000] {dagbag.py:545} INFO - Filling up the DagBag from /home/airflow/.local/lib/python3.12/site-packages/airflow/example_dags/example_local_kubernetes_executor.py
[2026-06-30T08:38:42.887+0000] {processor.py:840} INFO - DAG(s) 'example_local_kubernetes_executor' retrieved from /home/airflow/.local/lib/python3.12/site-packages/airflow/example_dags/example_local_kubernetes_executor.py
[2026-06-30T08:38:42.910+0000] {logging_mixin.py:188} INFO - [2026-06-30T08:38:42.910+0000] {dag.py:3096} INFO - Sync 1 DAGs
[2026-06-30T08:38:42.919+0000] {logging_mixin.py:188} INFO - [2026-06-30T08:38:42.918+0000] {dag.py:3954} INFO - Setting next_dagrun for example_local_kubernetes_executor to None, run_after=None
[2026-06-30T08:38:42.930+0000] {processor.py:183} INFO - Processing /home/airflow/.local/lib/python3.12/site-packages/airflow/example_dags/example_local_kubernetes_executor.py took 0.054 seconds
[2026-06-30T08:39:13.301+0000] {processor.py:161} INFO - Started process (PID=24090) to work on /home/airflow/.local/lib/python3.12/site-packages/airflow/example_dags/example_local_kubernetes_executor.py
[2026-06-30T08:39:13.302+0000] {processor.py:830} INFO - Processing file /home/airflow/.local/lib/python3.12/site-packages/airflow/example_dags/example_local_kubernetes_executor.py for tasks to queue
[2026-06-30T08:39:13.304+0000] {logging_mixin.py:188} INFO - [2026-06-30T08:39:13.303+0000] {dagbag.py:545} INFO - Filling up the DagBag from /home/airflow/.local/lib/python3.12/site-packages/airflow/example_dags/example_local_kubernetes_executor.py
[2026-06-30T08:39:13.312+0000] {processor.py:840} INFO - DAG(s) 'example_local_kubernetes_executor' retrieved from /home/airflow/.local/lib/python3.12/site-packages/airflow/example_dags/example_local_kubernetes_executor.py
[2026-06-30T08:39:13.350+0000] {logging_mixin.py:188} INFO - [2026-06-30T08:39:13.350+0000] {dag.py:3096} INFO - Sync 1 DAGs
[2026-06-30T08:39:13.359+0000] {logging_mixin.py:188} INFO - [2026-06-30T08:39:13.359+0000] {dag.py:3954} INFO - Setting next_dagrun for example_local_kubernetes_executor to None, run_after=None
[2026-06-30T08:39:13.373+0000] {processor.py:183} INFO - Processing /home/airflow/.local/lib/python3.12/site-packages/airflow/example_dags/example_local_kubernetes_executor.py took 0.082 seconds
[2026-06-30T08:39:43.973+0000] {processor.py:161} INFO - Started process (PID=24148) to work on /home/airflow/.local/lib/python3.12/site-packages/airflow/example_dags/example_local_kubernetes_executor.py
[2026-06-30T08:39:43.975+0000] {processor.py:830} INFO - Processing file /home/airflow/.local/lib/python3.12/site-packages/airflow/example_dags/example_local_kubernetes_executor.py for tasks to queue
[2026-06-30T08:39:43.976+0000] {logging_mixin.py:188} INFO - [2026-06-30T08:39:43.975+0000] {dagbag.py:545} INFO - Filling up the DagBag from /home/airflow/.local/lib/python3.12/site-packages/airflow/example_dags/example_local_kubernetes_executor.py
[2026-06-30T08:39:43.981+0000] {processor.py:840} INFO - DAG(s) 'example_local_kubernetes_executor' retrieved from /home/airflow/.local/lib/python3.12/site-packages/airflow/example_dags/example_local_kubernetes_executor.py
[2026-06-30T08:39:44.010+0000] {logging_mixin.py:188} INFO - [2026-06-30T08:39:44.010+0000] {dag.py:3096} INFO - Sync 1 DAGs
[2026-06-30T08:39:44.019+0000] {logging_mixin.py:188} INFO - [2026-06-30T08:39:44.019+0000] {dag.py:3954} INFO - Setting next_dagrun for example_local_kubernetes_executor to None, run_after=None
[2026-06-30T08:39:44.032+0000] {processor.py:183} INFO - Processing /home/airflow/.local/lib/python3.12/site-packages/airflow/example_dags/example_local_kubernetes_executor.py took 0.064 seconds
[2026-06-30T08:40:14.389+0000] {processor.py:161} INFO - Started process (PID=24206) to work on /home/airflow/.local/lib/python3.12/site-packages/airflow/example_dags/example_local_kubernetes_executor.py
[2026-06-30T08:40:14.390+0000] {processor.py:830} INFO - Processing file /home/airflow/.local/lib/python3.12/site-packages/airflow/example_dags/example_local_kubernetes_executor.py for tasks to queue
[2026-06-30T08:40:14.391+0000] {logging_mixin.py:188} INFO - [2026-06-30T08:40:14.391+0000] {dagbag.py:545} INFO - Filling up the DagBag from /home/airflow/.local/lib/python3.12/site-packages/airflow/example_dags/example_local_kubernetes_executor.py
[2026-06-30T08:40:14.396+0000] {processor.py:840} INFO - DAG(s) 'example_local_kubernetes_executor' retrieved from /home/airflow/.local/lib/python3.12/site-packages/airflow/example_dags/example_local_kubernetes_executor.py
[2026-06-30T08:40:14.422+0000] {logging_mixin.py:188} INFO - [2026-06-30T08:40:14.422+0000] {dag.py:3096} INFO - Sync 1 DAGs
[2026-06-30T08:40:14.431+0000] {logging_mixin.py:188} INFO - [2026-06-30T08:40:14.431+0000] {dag.py:3954} INFO - Setting next_dagrun for example_local_kubernetes_executor to None, run_after=None
[2026-06-30T08:40:14.447+0000] {processor.py:183} INFO - Processing /home/airflow/.local/lib/python3.12/site-packages/airflow/example_dags/example_local_kubernetes_executor.py took 0.062 seconds
[2026-06-30T08:40:45.056+0000] {processor.py:161} INFO - Started process (PID=24264) to work on /home/airflow/.local/lib/python3.12/site-packages/airflow/example_dags/example_local_kubernetes_executor.py
[2026-06-30T08:40:45.057+0000] {processor.py:830} INFO - Processing file /home/airflow/.local/lib/python3.12/site-packages/airflow/example_dags/example_local_kubernetes_executor.py for tasks to queue
[2026-06-30T08:40:45.058+0000] {logging_mixin.py:188} INFO - [2026-06-30T08:40:45.058+0000] {dagbag.py:545} INFO - Filling up the DagBag from /home/airflow/.local/lib/python3.12/site-packages/airflow/example_dags/example_local_kubernetes_executor.py
[2026-06-30T08:40:45.064+0000] {processor.py:840} INFO - DAG(s) 'example_local_kubernetes_executor' retrieved from /home/airflow/.local/lib/python3.12/site-packages/airflow/example_dags/example_local_kubernetes_executor.py
[2026-06-30T08:40:45.090+0000] {logging_mixin.py:188} INFO - [2026-06-30T08:40:45.090+0000] {dag.py:3096} INFO - Sync 1 DAGs
[2026-06-30T08:40:45.099+0000] {logging_mixin.py:188} INFO - [2026-06-30T08:40:45.099+0000] {dag.py:3954} INFO - Setting next_dagrun for example_local_kubernetes_executor to None, run_after=None
[2026-06-30T08:40:45.113+0000] {processor.py:183} INFO - Processing /home/airflow/.local/lib/python3.12/site-packages/airflow/example_dags/example_local_kubernetes_executor.py took 0.063 seconds
[2026-06-30T08:41:15.747+0000] {processor.py:161} INFO - Started process (PID=24322) to work on /home/airflow/.local/lib/python3.12/site-packages/airflow/example_dags/example_local_kubernetes_executor.py
[2026-06-30T08:41:15.748+0000] {processor.py:830} INFO - Processing file /home/airflow/.local/lib/python3.12/site-packages/airflow/example_dags/example_local_kubernetes_executor.py for tasks to queue
[2026-06-30T08:41:15.749+0000] {logging_mixin.py:188} INFO - [2026-06-30T08:41:15.749+0000] {dagbag.py:545} INFO - Filling up the DagBag from /home/airflow/.local/lib/python3.12/site-packages/airflow/example_dags/example_local_kubernetes_executor.py
[2026-06-30T08:41:15.755+0000] {processor.py:840} INFO - DAG(s) 'example_local_kubernetes_executor' retrieved from /home/airflow/.local/lib/python3.12/site-packages/airflow/example_dags/example_local_kubernetes_executor.py
[2026-06-30T08:41:15.779+0000] {logging_mixin.py:188} INFO - [2026-06-30T08:41:15.779+0000] {dag.py:3096} INFO - Sync 1 DAGs
[2026-06-30T08:41:15.788+0000] {logging_mixin.py:188} INFO - [2026-06-30T08:41:15.788+0000] {dag.py:3954} INFO - Setting next_dagrun for example_local_kubernetes_executor to None, run_after=None
[2026-06-30T08:41:15.802+0000] {processor.py:183} INFO - Processing /home/airflow/.local/lib/python3.12/site-packages/airflow/example_dags/example_local_kubernetes_executor.py took 0.059 seconds
[2026-06-30T08:41:46.233+0000] {processor.py:161} INFO - Started process (PID=24380) to work on /home/airflow/.local/lib/python3.12/site-packages/airflow/example_dags/example_local_kubernetes_executor.py
[2026-06-30T08:41:46.234+0000] {processor.py:830} INFO - Processing file /home/airflow/.local/lib/python3.12/site-packages/airflow/example_dags/example_local_kubernetes_executor.py for tasks to queue
[2026-06-30T08:41:46.235+0000] {logging_mixin.py:188} INFO - [2026-06-30T08:41:46.235+0000] {dagbag.py:545} INFO - Filling up the DagBag from /home/airflow/.local/lib/python3.12/site-packages/airflow/example_dags/example_local_kubernetes_executor.py
[2026-06-30T08:41:46.240+0000] {processor.py:840} INFO - DAG(s) 'example_local_kubernetes_executor' retrieved from /home/airflow/.local/lib/python3.12/site-packages/airflow/example_dags/example_local_kubernetes_executor.py
[2026-06-30T08:41:46.265+0000] {logging_mixin.py:188} INFO - [2026-06-30T08:41:46.265+0000] {dag.py:3096} INFO - Sync 1 DAGs
[2026-06-30T08:41:46.273+0000] {logging_mixin.py:188} INFO - [2026-06-30T08:41:46.273+0000] {dag.py:3954} INFO - Setting next_dagrun for example_local_kubernetes_executor to None, run_after=None
[2026-06-30T08:41:46.308+0000] {processor.py:183} INFO - Processing /home/airflow/.local/lib/python3.12/site-packages/airflow/example_dags/example_local_kubernetes_executor.py took 0.079 seconds
[2026-06-30T08:42:16.603+0000] {processor.py:161} INFO - Started process (PID=24438) to work on /home/airflow/.local/lib/python3.12/site-packages/airflow/example_dags/example_local_kubernetes_executor.py
[2026-06-30T08:42:16.605+0000] {processor.py:830} INFO - Processing file /home/airflow/.local/lib/python3.12/site-packages/airflow/example_dags/example_local_kubernetes_executor.py for tasks to queue
[2026-06-30T08:42:16.606+0000] {logging_mixin.py:188} INFO - [2026-06-30T08:42:16.605+0000] {dagbag.py:545} INFO - Filling up the DagBag from /home/airflow/.local/lib/python3.12/site-packages/airflow/example_dags/example_local_kubernetes_executor.py
[2026-06-30T08:42:16.611+0000] {processor.py:840} INFO - DAG(s) 'example_local_kubernetes_executor' retrieved from /home/airflow/.local/lib/python3.12/site-packages/airflow/example_dags/example_local_kubernetes_executor.py
[2026-06-30T08:42:16.636+0000] {logging_mixin.py:188} INFO - [2026-06-30T08:42:16.636+0000] {dag.py:3096} INFO - Sync 1 DAGs
[2026-06-30T08:42:16.644+0000] {logging_mixin.py:188} INFO - [2026-06-30T08:42:16.644+0000] {dag.py:3954} INFO - Setting next_dagrun for example_local_kubernetes_executor to None, run_after=None
[2026-06-30T08:42:16.670+0000] {processor.py:183} INFO - Processing /home/airflow/.local/lib/python3.12/site-packages/airflow/example_dags/example_local_kubernetes_executor.py took 0.071 seconds
[2026-06-30T08:42:47.145+0000] {processor.py:161} INFO - Started process (PID=24496) to work on /home/airflow/.local/lib/python3.12/site-packages/airflow/example_dags/example_local_kubernetes_executor.py
[2026-06-30T08:42:47.147+0000] {processor.py:830} INFO - Processing file /home/airflow/.local/lib/python3.12/site-packages/airflow/example_dags/example_local_kubernetes_executor.py for tasks to queue
[2026-06-30T08:42:47.148+0000] {logging_mixin.py:188} INFO - [2026-06-30T08:42:47.148+0000] {dagbag.py:545} INFO - Filling up the DagBag from /home/airflow/.local/lib/python3.12/site-packages/airflow/example_dags/example_local_kubernetes_executor.py
[2026-06-30T08:42:47.154+0000] {processor.py:840} INFO - DAG(s) 'example_local_kubernetes_executor' retrieved from /home/airflow/.local/lib/python3.12/site-packages/airflow/example_dags/example_local_kubernetes_executor.py
[2026-06-30T08:42:47.184+0000] {logging_mixin.py:188} INFO - [2026-06-30T08:42:47.183+0000] {dag.py:3096} INFO - Sync 1 DAGs
[2026-06-30T08:42:47.194+0000] {logging_mixin.py:188} INFO - [2026-06-30T08:42:47.193+0000] {dag.py:3954} INFO - Setting next_dagrun for example_local_kubernetes_executor to None, run_after=None
[2026-06-30T08:42:47.210+0000] {processor.py:183} INFO - Processing /home/airflow/.local/lib/python3.12/site-packages/airflow/example_dags/example_local_kubernetes_executor.py took 0.070 seconds
[2026-06-30T08:43:17.329+0000] {processor.py:161} INFO - Started process (PID=24554) to work on /home/airflow/.local/lib/python3.12/site-packages/airflow/example_dags/example_local_kubernetes_executor.py
[2026-06-30T08:43:17.330+0000] {processor.py:830} INFO - Processing file /home/airflow/.local/lib/python3.12/site-packages/airflow/example_dags/example_local_kubernetes_executor.py for tasks to queue
[2026-06-30T08:43:17.331+0000] {logging_mixin.py:188} INFO - [2026-06-30T08:43:17.331+0000] {dagbag.py:545} INFO - Filling up the DagBag from /home/airflow/.local/lib/python3.12/site-packages/airflow/example_dags/example_local_kubernetes_executor.py
[2026-06-30T08:43:17.339+0000] {processor.py:840} INFO - DAG(s) 'example_local_kubernetes_executor' retrieved from /home/airflow/.local/lib/python3.12/site-packages/airflow/example_dags/example_local_kubernetes_executor.py
[2026-06-30T08:43:17.377+0000] {logging_mixin.py:188} INFO - [2026-06-30T08:43:17.376+0000] {dag.py:3096} INFO - Sync 1 DAGs
[2026-06-30T08:43:17.393+0000] {logging_mixin.py:188} INFO - [2026-06-30T08:43:17.392+0000] {dag.py:3954} INFO - Setting next_dagrun for example_local_kubernetes_executor to None, run_after=None
[2026-06-30T08:43:17.423+0000] {processor.py:183} INFO - Processing /home/airflow/.local/lib/python3.12/site-packages/airflow/example_dags/example_local_kubernetes_executor.py took 0.099 seconds
[2026-06-30T08:43:47.874+0000] {processor.py:161} INFO - Started process (PID=24612) to work on /home/airflow/.local/lib/python3.12/site-packages/airflow/example_dags/example_local_kubernetes_executor.py
[2026-06-30T08:43:47.875+0000] {processor.py:830} INFO - Processing file /home/airflow/.local/lib/python3.12/site-packages/airflow/example_dags/example_local_kubernetes_executor.py for tasks to queue
[2026-06-30T08:43:47.876+0000] {logging_mixin.py:188} INFO - [2026-06-30T08:43:47.876+0000] {dagbag.py:545} INFO - Filling up the DagBag from /home/airflow/.local/lib/python3.12/site-packages/airflow/example_dags/example_local_kubernetes_executor.py
[2026-06-30T08:43:47.883+0000] {processor.py:840} INFO - DAG(s) 'example_local_kubernetes_executor' retrieved from /home/airflow/.local/lib/python3.12/site-packages/airflow/example_dags/example_local_kubernetes_executor.py
[2026-06-30T08:43:47.911+0000] {logging_mixin.py:188} INFO - [2026-06-30T08:43:47.910+0000] {dag.py:3096} INFO - Sync 1 DAGs
[2026-06-30T08:43:47.920+0000] {logging_mixin.py:188} INFO - [2026-06-30T08:43:47.920+0000] {dag.py:3954} INFO - Setting next_dagrun for example_local_kubernetes_executor to None, run_after=None
[2026-06-30T08:43:47.937+0000] {processor.py:183} INFO - Processing /home/airflow/.local/lib/python3.12/site-packages/airflow/example_dags/example_local_kubernetes_executor.py took 0.067 seconds
[2026-06-30T08:44:18.233+0000] {processor.py:161} INFO - Started process (PID=24670) to work on /home/airflow/.local/lib/python3.12/site-packages/airflow/example_dags/example_local_kubernetes_executor.py
[2026-06-30T08:44:18.235+0000] {processor.py:830} INFO - Processing file /home/airflow/.local/lib/python3.12/site-packages/airflow/example_dags/example_local_kubernetes_executor.py for tasks to queue
[2026-06-30T08:44:18.236+0000] {logging_mixin.py:188} INFO - [2026-06-30T08:44:18.235+0000] {dagbag.py:545} INFO - Filling up the DagBag from /home/airflow/.local/lib/python3.12/site-packages/airflow/example_dags/example_local_kubernetes_executor.py
[2026-06-30T08:44:18.244+0000] {processor.py:840} INFO - DAG(s) 'example_local_kubernetes_executor' retrieved from /home/airflow/.local/lib/python3.12/site-packages/airflow/example_dags/example_local_kubernetes_executor.py
[2026-06-30T08:44:18.274+0000] {logging_mixin.py:188} INFO - [2026-06-30T08:44:18.273+0000] {dag.py:3096} INFO - Sync 1 DAGs
[2026-06-30T08:44:18.284+0000] {logging_mixin.py:188} INFO - [2026-06-30T08:44:18.284+0000] {dag.py:3954} INFO - Setting next_dagrun for example_local_kubernetes_executor to None, run_after=None
[2026-06-30T08:44:18.300+0000] {processor.py:183} INFO - Processing /home/airflow/.local/lib/python3.12/site-packages/airflow/example_dags/example_local_kubernetes_executor.py took 0.072 seconds
[2026-06-30T08:44:48.686+0000] {processor.py:161} INFO - Started process (PID=24728) to work on /home/airflow/.local/lib/python3.12/site-packages/airflow/example_dags/example_local_kubernetes_executor.py
[2026-06-30T08:44:48.687+0000] {processor.py:830} INFO - Processing file /home/airflow/.local/lib/python3.12/site-packages/airflow/example_dags/example_local_kubernetes_executor.py for tasks to queue
[2026-06-30T08:44:48.687+0000] {logging_mixin.py:188} INFO - [2026-06-30T08:44:48.687+0000] {dagbag.py:545} INFO - Filling up the DagBag from /home/airflow/.local/lib/python3.12/site-packages/airflow/example_dags/example_local_kubernetes_executor.py
[2026-06-30T08:44:48.693+0000] {processor.py:840} INFO - DAG(s) 'example_local_kubernetes_executor' retrieved from /home/airflow/.local/lib/python3.12/site-packages/airflow/example_dags/example_local_kubernetes_executor.py
[2026-06-30T08:44:48.717+0000] {logging_mixin.py:188} INFO - [2026-06-30T08:44:48.717+0000] {dag.py:3096} INFO - Sync 1 DAGs
[2026-06-30T08:44:48.725+0000] {logging_mixin.py:188} INFO - [2026-06-30T08:44:48.725+0000] {dag.py:3954} INFO - Setting next_dagrun for example_local_kubernetes_executor to None, run_after=None
[2026-06-30T08:44:48.736+0000] {processor.py:183} INFO - Processing /home/airflow/.local/lib/python3.12/site-packages/airflow/example_dags/example_local_kubernetes_executor.py took 0.054 seconds
[2026-06-30T08:45:19.083+0000] {processor.py:161} INFO - Started process (PID=24786) to work on /home/airflow/.local/lib/python3.12/site-packages/airflow/example_dags/example_local_kubernetes_executor.py
[2026-06-30T08:45:19.084+0000] {processor.py:830} INFO - Processing file /home/airflow/.local/lib/python3.12/site-packages/airflow/example_dags/example_local_kubernetes_executor.py for tasks to queue
[2026-06-30T08:45:19.086+0000] {logging_mixin.py:188} INFO - [2026-06-30T08:45:19.085+0000] {dagbag.py:545} INFO - Filling up the DagBag from /home/airflow/.local/lib/python3.12/site-packages/airflow/example_dags/example_local_kubernetes_executor.py
[2026-06-30T08:45:19.094+0000] {processor.py:840} INFO - DAG(s) 'example_local_kubernetes_executor' retrieved from /home/airflow/.local/lib/python3.12/site-packages/airflow/example_dags/example_local_kubernetes_executor.py
[2026-06-30T08:45:19.130+0000] {logging_mixin.py:188} INFO - [2026-06-30T08:45:19.130+0000] {dag.py:3096} INFO - Sync 1 DAGs
[2026-06-30T08:45:19.143+0000] {logging_mixin.py:188} INFO - [2026-06-30T08:45:19.143+0000] {dag.py:3954} INFO - Setting next_dagrun for example_local_kubernetes_executor to None, run_after=None
[2026-06-30T08:45:19.160+0000] {processor.py:183} INFO - Processing /home/airflow/.local/lib/python3.12/site-packages/airflow/example_dags/example_local_kubernetes_executor.py took 0.084 seconds
[2026-06-30T08:45:49.789+0000] {processor.py:161} INFO - Started process (PID=24844) to work on /home/airflow/.local/lib/python3.12/site-packages/airflow/example_dags/example_local_kubernetes_executor.py
[2026-06-30T08:45:49.791+0000] {processor.py:830} INFO - Processing file /home/airflow/.local/lib/python3.12/site-packages/airflow/example_dags/example_local_kubernetes_executor.py for tasks to queue
[2026-06-30T08:45:49.791+0000] {logging_mixin.py:188} INFO - [2026-06-30T08:45:49.791+0000] {dagbag.py:545} INFO - Filling up the DagBag from /home/airflow/.local/lib/python3.12/site-packages/airflow/example_dags/example_local_kubernetes_executor.py
[2026-06-30T08:45:49.797+0000] {processor.py:840} INFO - DAG(s) 'example_local_kubernetes_executor' retrieved from /home/airflow/.local/lib/python3.12/site-packages/airflow/example_dags/example_local_kubernetes_executor.py
[2026-06-30T08:45:49.843+0000] {logging_mixin.py:188} INFO - [2026-06-30T08:45:49.842+0000] {dag.py:3096} INFO - Sync 1 DAGs
[2026-06-30T08:45:49.856+0000] {logging_mixin.py:188} INFO - [2026-06-30T08:45:49.856+0000] {dag.py:3954} INFO - Setting next_dagrun for example_local_kubernetes_executor to None, run_after=None
[2026-06-30T08:45:49.874+0000] {processor.py:183} INFO - Processing /home/airflow/.local/lib/python3.12/site-packages/airflow/example_dags/example_local_kubernetes_executor.py took 0.089 seconds
[2026-06-30T08:46:20.428+0000] {processor.py:161} INFO - Started process (PID=24902) to work on /home/airflow/.local/lib/python3.12/site-packages/airflow/example_dags/example_local_kubernetes_executor.py
[2026-06-30T08:46:20.429+0000] {processor.py:830} INFO - Processing file /home/airflow/.local/lib/python3.12/site-packages/airflow/example_dags/example_local_kubernetes_executor.py for tasks to queue
[2026-06-30T08:46:20.430+0000] {logging_mixin.py:188} INFO - [2026-06-30T08:46:20.430+0000] {dagbag.py:545} INFO - Filling up the DagBag from /home/airflow/.local/lib/python3.12/site-packages/airflow/example_dags/example_local_kubernetes_executor.py
[2026-06-30T08:46:20.436+0000] {processor.py:840} INFO - DAG(s) 'example_local_kubernetes_executor' retrieved from /home/airflow/.local/lib/python3.12/site-packages/airflow/example_dags/example_local_kubernetes_executor.py
[2026-06-30T08:46:20.463+0000] {logging_mixin.py:188} INFO - [2026-06-30T08:46:20.463+0000] {dag.py:3096} INFO - Sync 1 DAGs
[2026-06-30T08:46:20.474+0000] {logging_mixin.py:188} INFO - [2026-06-30T08:46:20.474+0000] {dag.py:3954} INFO - Setting next_dagrun for example_local_kubernetes_executor to None, run_after=None
[2026-06-30T08:46:20.488+0000] {processor.py:183} INFO - Processing /home/airflow/.local/lib/python3.12/site-packages/airflow/example_dags/example_local_kubernetes_executor.py took 0.065 seconds
[2026-06-30T08:46:51.142+0000] {processor.py:161} INFO - Started process (PID=24960) to work on /home/airflow/.local/lib/python3.12/site-packages/airflow/example_dags/example_local_kubernetes_executor.py
[2026-06-30T08:46:51.143+0000] {processor.py:830} INFO - Processing file /home/airflow/.local/lib/python3.12/site-packages/airflow/example_dags/example_local_kubernetes_executor.py for tasks to queue
[2026-06-30T08:46:51.145+0000] {logging_mixin.py:188} INFO - [2026-06-30T08:46:51.144+0000] {dagbag.py:545} INFO - Filling up the DagBag from /home/airflow/.local/lib/python3.12/site-packages/airflow/example_dags/example_local_kubernetes_executor.py
[2026-06-30T08:46:51.152+0000] {processor.py:840} INFO - DAG(s) 'example_local_kubernetes_executor' retrieved from /home/airflow/.local/lib/python3.12/site-packages/airflow/example_dags/example_local_kubernetes_executor.py
[2026-06-30T08:46:51.183+0000] {logging_mixin.py:188} INFO - [2026-06-30T08:46:51.183+0000] {dag.py:3096} INFO - Sync 1 DAGs
[2026-06-30T08:46:51.193+0000] {logging_mixin.py:188} INFO - [2026-06-30T08:46:51.193+0000] {dag.py:3954} INFO - Setting next_dagrun for example_local_kubernetes_executor to None, run_after=None
[2026-06-30T08:46:51.209+0000] {processor.py:183} INFO - Processing /home/airflow/.local/lib/python3.12/site-packages/airflow/example_dags/example_local_kubernetes_executor.py took 0.072 seconds
[2026-06-30T08:47:21.570+0000] {processor.py:161} INFO - Started process (PID=25018) to work on /home/airflow/.local/lib/python3.12/site-packages/airflow/example_dags/example_local_kubernetes_executor.py
[2026-06-30T08:47:21.570+0000] {processor.py:830} INFO - Processing file /home/airflow/.local/lib/python3.12/site-packages/airflow/example_dags/example_local_kubernetes_executor.py for tasks to queue
[2026-06-30T08:47:21.571+0000] {logging_mixin.py:188} INFO - [2026-06-30T08:47:21.571+0000] {dagbag.py:545} INFO - Filling up the DagBag from /home/airflow/.local/lib/python3.12/site-packages/airflow/example_dags/example_local_kubernetes_executor.py
[2026-06-30T08:47:21.578+0000] {processor.py:840} INFO - DAG(s) 'example_local_kubernetes_executor' retrieved from /home/airflow/.local/lib/python3.12/site-packages/airflow/example_dags/example_local_kubernetes_executor.py
[2026-06-30T08:47:21.604+0000] {logging_mixin.py:188} INFO - [2026-06-30T08:47:21.604+0000] {dag.py:3096} INFO - Sync 1 DAGs
[2026-06-30T08:47:21.614+0000] {logging_mixin.py:188} INFO - [2026-06-30T08:47:21.613+0000] {dag.py:3954} INFO - Setting next_dagrun for example_local_kubernetes_executor to None, run_after=None
[2026-06-30T08:47:21.627+0000] {processor.py:183} INFO - Processing /home/airflow/.local/lib/python3.12/site-packages/airflow/example_dags/example_local_kubernetes_executor.py took 0.062 seconds
[2026-06-30T08:47:52.094+0000] {processor.py:161} INFO - Started process (PID=25076) to work on /home/airflow/.local/lib/python3.12/site-packages/airflow/example_dags/example_local_kubernetes_executor.py
[2026-06-30T08:47:52.096+0000] {processor.py:830} INFO - Processing file /home/airflow/.local/lib/python3.12/site-packages/airflow/example_dags/example_local_kubernetes_executor.py for tasks to queue
[2026-06-30T08:47:52.097+0000] {logging_mixin.py:188} INFO - [2026-06-30T08:47:52.096+0000] {dagbag.py:545} INFO - Filling up the DagBag from /home/airflow/.local/lib/python3.12/site-packages/airflow/example_dags/example_local_kubernetes_executor.py
[2026-06-30T08:47:52.102+0000] {processor.py:840} INFO - DAG(s) 'example_local_kubernetes_executor' retrieved from /home/airflow/.local/lib/python3.12/site-packages/airflow/example_dags/example_local_kubernetes_executor.py
[2026-06-30T08:47:52.128+0000] {logging_mixin.py:188} INFO - [2026-06-30T08:47:52.128+0000] {dag.py:3096} INFO - Sync 1 DAGs
[2026-06-30T08:47:52.138+0000] {logging_mixin.py:188} INFO - [2026-06-30T08:47:52.137+0000] {dag.py:3954} INFO - Setting next_dagrun for example_local_kubernetes_executor to None, run_after=None
[2026-06-30T08:47:52.152+0000] {processor.py:183} INFO - Processing /home/airflow/.local/lib/python3.12/site-packages/airflow/example_dags/example_local_kubernetes_executor.py took 0.062 seconds
[2026-06-30T08:48:22.723+0000] {processor.py:161} INFO - Started process (PID=25134) to work on /home/airflow/.local/lib/python3.12/site-packages/airflow/example_dags/example_local_kubernetes_executor.py
[2026-06-30T08:48:22.724+0000] {processor.py:830} INFO - Processing file /home/airflow/.local/lib/python3.12/site-packages/airflow/example_dags/example_local_kubernetes_executor.py for tasks to queue
[2026-06-30T08:48:22.726+0000] {logging_mixin.py:188} INFO - [2026-06-30T08:48:22.725+0000] {dagbag.py:545} INFO - Filling up the DagBag from /home/airflow/.local/lib/python3.12/site-packages/airflow/example_dags/example_local_kubernetes_executor.py
[2026-06-30T08:48:22.732+0000] {processor.py:840} INFO - DAG(s) 'example_local_kubernetes_executor' retrieved from /home/airflow/.local/lib/python3.12/site-packages/airflow/example_dags/example_local_kubernetes_executor.py
[2026-06-30T08:48:22.761+0000] {logging_mixin.py:188} INFO - [2026-06-30T08:48:22.761+0000] {dag.py:3096} INFO - Sync 1 DAGs
[2026-06-30T08:48:22.772+0000] {logging_mixin.py:188} INFO - [2026-06-30T08:48:22.772+0000] {dag.py:3954} INFO - Setting next_dagrun for example_local_kubernetes_executor to None, run_after=None
[2026-06-30T08:48:22.786+0000] {processor.py:183} INFO - Processing /home/airflow/.local/lib/python3.12/site-packages/airflow/example_dags/example_local_kubernetes_executor.py took 0.067 seconds
[2026-06-30T08:48:53.204+0000] {processor.py:161} INFO - Started process (PID=25192) to work on /home/airflow/.local/lib/python3.12/site-packages/airflow/example_dags/example_local_kubernetes_executor.py
[2026-06-30T08:48:53.205+0000] {processor.py:830} INFO - Processing file /home/airflow/.local/lib/python3.12/site-packages/airflow/example_dags/example_local_kubernetes_executor.py for tasks to queue
[2026-06-30T08:48:53.205+0000] {logging_mixin.py:188} INFO - [2026-06-30T08:48:53.205+0000] {dagbag.py:545} INFO - Filling up the DagBag from /home/airflow/.local/lib/python3.12/site-packages/airflow/example_dags/example_local_kubernetes_executor.py
[2026-06-30T08:48:53.211+0000] {processor.py:840} INFO - DAG(s) 'example_local_kubernetes_executor' retrieved from /home/airflow/.local/lib/python3.12/site-packages/airflow/example_dags/example_local_kubernetes_executor.py
[2026-06-30T08:48:53.238+0000] {logging_mixin.py:188} INFO - [2026-06-30T08:48:53.238+0000] {dag.py:3096} INFO - Sync 1 DAGs
[2026-06-30T08:48:53.249+0000] {logging_mixin.py:188} INFO - [2026-06-30T08:48:53.249+0000] {dag.py:3954} INFO - Setting next_dagrun for example_local_kubernetes_executor to None, run_after=None
[2026-06-30T08:48:53.264+0000] {processor.py:183} INFO - Processing /home/airflow/.local/lib/python3.12/site-packages/airflow/example_dags/example_local_kubernetes_executor.py took 0.065 seconds
[2026-06-30T08:49:23.701+0000] {processor.py:161} INFO - Started process (PID=25250) to work on /home/airflow/.local/lib/python3.12/site-packages/airflow/example_dags/example_local_kubernetes_executor.py
[2026-06-30T08:49:23.702+0000] {processor.py:830} INFO - Processing file /home/airflow/.local/lib/python3.12/site-packages/airflow/example_dags/example_local_kubernetes_executor.py for tasks to queue
[2026-06-30T08:49:23.703+0000] {logging_mixin.py:188} INFO - [2026-06-30T08:49:23.703+0000] {dagbag.py:545} INFO - Filling up the DagBag from /home/airflow/.local/lib/python3.12/site-packages/airflow/example_dags/example_local_kubernetes_executor.py
[2026-06-30T08:49:23.710+0000] {processor.py:840} INFO - DAG(s) 'example_local_kubernetes_executor' retrieved from /home/airflow/.local/lib/python3.12/site-packages/airflow/example_dags/example_local_kubernetes_executor.py
[2026-06-30T08:49:23.742+0000] {logging_mixin.py:188} INFO - [2026-06-30T08:49:23.742+0000] {dag.py:3096} INFO - Sync 1 DAGs
[2026-06-30T08:49:23.756+0000] {logging_mixin.py:188} INFO - [2026-06-30T08:49:23.756+0000] {dag.py:3954} INFO - Setting next_dagrun for example_local_kubernetes_executor to None, run_after=None
[2026-06-30T08:49:23.784+0000] {processor.py:183} INFO - Processing /home/airflow/.local/lib/python3.12/site-packages/airflow/example_dags/example_local_kubernetes_executor.py took 0.087 seconds
[2026-06-30T08:49:54.411+0000] {processor.py:161} INFO - Started process (PID=25307) to work on /home/airflow/.local/lib/python3.12/site-packages/airflow/example_dags/example_local_kubernetes_executor.py
[2026-06-30T08:49:54.412+0000] {processor.py:830} INFO - Processing file /home/airflow/.local/lib/python3.12/site-packages/airflow/example_dags/example_local_kubernetes_executor.py for tasks to queue
[2026-06-30T08:49:54.413+0000] {logging_mixin.py:188} INFO - [2026-06-30T08:49:54.413+0000] {dagbag.py:545} INFO - Filling up the DagBag from /home/airflow/.local/lib/python3.12/site-packages/airflow/example_dags/example_local_kubernetes_executor.py
[2026-06-30T08:49:54.421+0000] {processor.py:840} INFO - DAG(s) 'example_local_kubernetes_executor' retrieved from /home/airflow/.local/lib/python3.12/site-packages/airflow/example_dags/example_local_kubernetes_executor.py
[2026-06-30T08:49:54.452+0000] {logging_mixin.py:188} INFO - [2026-06-30T08:49:54.452+0000] {dag.py:3096} INFO - Sync 1 DAGs
[2026-06-30T08:49:54.468+0000] {logging_mixin.py:188} INFO - [2026-06-30T08:49:54.467+0000] {dag.py:3954} INFO - Setting next_dagrun for example_local_kubernetes_executor to None, run_after=None
[2026-06-30T08:49:54.491+0000] {processor.py:183} INFO - Processing /home/airflow/.local/lib/python3.12/site-packages/airflow/example_dags/example_local_kubernetes_executor.py took 0.086 seconds
[2026-06-30T08:50:24.900+0000] {processor.py:161} INFO - Started process (PID=25365) to work on /home/airflow/.local/lib/python3.12/site-packages/airflow/example_dags/example_local_kubernetes_executor.py
[2026-06-30T08:50:24.901+0000] {processor.py:830} INFO - Processing file /home/airflow/.local/lib/python3.12/site-packages/airflow/example_dags/example_local_kubernetes_executor.py for tasks to queue
[2026-06-30T08:50:24.902+0000] {logging_mixin.py:188} INFO - [2026-06-30T08:50:24.902+0000] {dagbag.py:545} INFO - Filling up the DagBag from /home/airflow/.local/lib/python3.12/site-packages/airflow/example_dags/example_local_kubernetes_executor.py
[2026-06-30T08:50:24.910+0000] {processor.py:840} INFO - DAG(s) 'example_local_kubernetes_executor' retrieved from /home/airflow/.local/lib/python3.12/site-packages/airflow/example_dags/example_local_kubernetes_executor.py
[2026-06-30T08:50:24.939+0000] {logging_mixin.py:188} INFO - [2026-06-30T08:50:24.938+0000] {dag.py:3096} INFO - Sync 1 DAGs
[2026-06-30T08:50:24.950+0000] {logging_mixin.py:188} INFO - [2026-06-30T08:50:24.950+0000] {dag.py:3954} INFO - Setting next_dagrun for example_local_kubernetes_executor to None, run_after=None
[2026-06-30T08:50:24.964+0000] {processor.py:183} INFO - Processing /home/airflow/.local/lib/python3.12/site-packages/airflow/example_dags/example_local_kubernetes_executor.py took 0.070 seconds
[2026-06-30T08:50:55.316+0000] {processor.py:161} INFO - Started process (PID=25423) to work on /home/airflow/.local/lib/python3.12/site-packages/airflow/example_dags/example_local_kubernetes_executor.py
[2026-06-30T08:50:55.317+0000] {processor.py:830} INFO - Processing file /home/airflow/.local/lib/python3.12/site-packages/airflow/example_dags/example_local_kubernetes_executor.py for tasks to queue
[2026-06-30T08:50:55.317+0000] {logging_mixin.py:188} INFO - [2026-06-30T08:50:55.317+0000] {dagbag.py:545} INFO - Filling up the DagBag from /home/airflow/.local/lib/python3.12/site-packages/airflow/example_dags/example_local_kubernetes_executor.py
[2026-06-30T08:50:55.323+0000] {processor.py:840} INFO - DAG(s) 'example_local_kubernetes_executor' retrieved from /home/airflow/.local/lib/python3.12/site-packages/airflow/example_dags/example_local_kubernetes_executor.py
[2026-06-30T08:50:55.349+0000] {logging_mixin.py:188} INFO - [2026-06-30T08:50:55.349+0000] {dag.py:3096} INFO - Sync 1 DAGs
[2026-06-30T08:50:55.361+0000] {logging_mixin.py:188} INFO - [2026-06-30T08:50:55.361+0000] {dag.py:3954} INFO - Setting next_dagrun for example_local_kubernetes_executor to None, run_after=None
[2026-06-30T08:50:55.376+0000] {processor.py:183} INFO - Processing /home/airflow/.local/lib/python3.12/site-packages/airflow/example_dags/example_local_kubernetes_executor.py took 0.064 seconds
[2026-06-30T08:51:26.059+0000] {processor.py:161} INFO - Started process (PID=25481) to work on /home/airflow/.local/lib/python3.12/site-packages/airflow/example_dags/example_local_kubernetes_executor.py
[2026-06-30T08:51:26.061+0000] {processor.py:830} INFO - Processing file /home/airflow/.local/lib/python3.12/site-packages/airflow/example_dags/example_local_kubernetes_executor.py for tasks to queue
[2026-06-30T08:51:26.061+0000] {logging_mixin.py:188} INFO - [2026-06-30T08:51:26.061+0000] {dagbag.py:545} INFO - Filling up the DagBag from /home/airflow/.local/lib/python3.12/site-packages/airflow/example_dags/example_local_kubernetes_executor.py
[2026-06-30T08:51:26.068+0000] {processor.py:840} INFO - DAG(s) 'example_local_kubernetes_executor' retrieved from /home/airflow/.local/lib/python3.12/site-packages/airflow/example_dags/example_local_kubernetes_executor.py
[2026-06-30T08:51:26.096+0000] {logging_mixin.py:188} INFO - [2026-06-30T08:51:26.095+0000] {dag.py:3096} INFO - Sync 1 DAGs
[2026-06-30T08:51:26.108+0000] {logging_mixin.py:188} INFO - [2026-06-30T08:51:26.108+0000] {dag.py:3954} INFO - Setting next_dagrun for example_local_kubernetes_executor to None, run_after=None
[2026-06-30T08:51:26.123+0000] {processor.py:183} INFO - Processing /home/airflow/.local/lib/python3.12/site-packages/airflow/example_dags/example_local_kubernetes_executor.py took 0.068 seconds
[2026-06-30T08:51:56.436+0000] {processor.py:161} INFO - Started process (PID=25538) to work on /home/airflow/.local/lib/python3.12/site-packages/airflow/example_dags/example_local_kubernetes_executor.py
[2026-06-30T08:51:56.437+0000] {processor.py:830} INFO - Processing file /home/airflow/.local/lib/python3.12/site-packages/airflow/example_dags/example_local_kubernetes_executor.py for tasks to queue
[2026-06-30T08:51:56.438+0000] {logging_mixin.py:188} INFO - [2026-06-30T08:51:56.437+0000] {dagbag.py:545} INFO - Filling up the DagBag from /home/airflow/.local/lib/python3.12/site-packages/airflow/example_dags/example_local_kubernetes_executor.py
[2026-06-30T08:51:56.443+0000] {processor.py:840} INFO - DAG(s) 'example_local_kubernetes_executor' retrieved from /home/airflow/.local/lib/python3.12/site-packages/airflow/example_dags/example_local_kubernetes_executor.py
[2026-06-30T08:51:56.467+0000] {logging_mixin.py:188} INFO - [2026-06-30T08:51:56.467+0000] {dag.py:3096} INFO - Sync 1 DAGs
[2026-06-30T08:51:56.575+0000] {logging_mixin.py:188} INFO - [2026-06-30T08:51:56.575+0000] {dag.py:3954} INFO - Setting next_dagrun for example_local_kubernetes_executor to None, run_after=None
[2026-06-30T08:51:56.588+0000] {processor.py:183} INFO - Processing /home/airflow/.local/lib/python3.12/site-packages/airflow/example_dags/example_local_kubernetes_executor.py took 0.156 seconds
[2026-06-30T08:52:26.777+0000] {processor.py:161} INFO - Started process (PID=25596) to work on /home/airflow/.local/lib/python3.12/site-packages/airflow/example_dags/example_local_kubernetes_executor.py
[2026-06-30T08:52:26.778+0000] {processor.py:830} INFO - Processing file /home/airflow/.local/lib/python3.12/site-packages/airflow/example_dags/example_local_kubernetes_executor.py for tasks to queue
[2026-06-30T08:52:26.778+0000] {logging_mixin.py:188} INFO - [2026-06-30T08:52:26.778+0000] {dagbag.py:545} INFO - Filling up the DagBag from /home/airflow/.local/lib/python3.12/site-packages/airflow/example_dags/example_local_kubernetes_executor.py
[2026-06-30T08:52:26.784+0000] {processor.py:840} INFO - DAG(s) 'example_local_kubernetes_executor' retrieved from /home/airflow/.local/lib/python3.12/site-packages/airflow/example_dags/example_local_kubernetes_executor.py
[2026-06-30T08:52:26.810+0000] {logging_mixin.py:188} INFO - [2026-06-30T08:52:26.810+0000] {dag.py:3096} INFO - Sync 1 DAGs
[2026-06-30T08:52:26.819+0000] {logging_mixin.py:188} INFO - [2026-06-30T08:52:26.819+0000] {dag.py:3954} INFO - Setting next_dagrun for example_local_kubernetes_executor to None, run_after=None
[2026-06-30T08:52:26.945+0000] {processor.py:183} INFO - Processing /home/airflow/.local/lib/python3.12/site-packages/airflow/example_dags/example_local_kubernetes_executor.py took 0.172 seconds
[2026-06-30T08:52:57.122+0000] {processor.py:161} INFO - Started process (PID=25654) to work on /home/airflow/.local/lib/python3.12/site-packages/airflow/example_dags/example_local_kubernetes_executor.py
[2026-06-30T08:52:57.123+0000] {processor.py:830} INFO - Processing file /home/airflow/.local/lib/python3.12/site-packages/airflow/example_dags/example_local_kubernetes_executor.py for tasks to queue
[2026-06-30T08:52:57.124+0000] {logging_mixin.py:188} INFO - [2026-06-30T08:52:57.124+0000] {dagbag.py:545} INFO - Filling up the DagBag from /home/airflow/.local/lib/python3.12/site-packages/airflow/example_dags/example_local_kubernetes_executor.py
[2026-06-30T08:52:57.131+0000] {processor.py:840} INFO - DAG(s) 'example_local_kubernetes_executor' retrieved from /home/airflow/.local/lib/python3.12/site-packages/airflow/example_dags/example_local_kubernetes_executor.py
[2026-06-30T08:52:57.158+0000] {logging_mixin.py:188} INFO - [2026-06-30T08:52:57.158+0000] {dag.py:3096} INFO - Sync 1 DAGs
[2026-06-30T08:52:57.170+0000] {logging_mixin.py:188} INFO - [2026-06-30T08:52:57.170+0000] {dag.py:3954} INFO - Setting next_dagrun for example_local_kubernetes_executor to None, run_after=None
[2026-06-30T08:52:57.198+0000] {processor.py:183} INFO - Processing /home/airflow/.local/lib/python3.12/site-packages/airflow/example_dags/example_local_kubernetes_executor.py took 0.081 seconds
