[2026-06-30T08:05:45.103+0000] {processor.py:161} INFO - Started process (PID=21733) to work on /home/airflow/.local/lib/python3.12/site-packages/airflow/example_dags/example_time_delta_sensor_async.py
[2026-06-30T08:05:45.114+0000] {processor.py:830} INFO - Processing file /home/airflow/.local/lib/python3.12/site-packages/airflow/example_dags/example_time_delta_sensor_async.py for tasks to queue
[2026-06-30T08:05:45.127+0000] {logging_mixin.py:188} INFO - [2026-06-30T08:05:45.126+0000] {dagbag.py:545} INFO - Filling up the DagBag from /home/airflow/.local/lib/python3.12/site-packages/airflow/example_dags/example_time_delta_sensor_async.py
[2026-06-30T08:05:45.145+0000] {processor.py:840} INFO - DAG(s) 'example_time_delta_sensor_async' retrieved from /home/airflow/.local/lib/python3.12/site-packages/airflow/example_dags/example_time_delta_sensor_async.py
[2026-06-30T08:05:45.182+0000] {logging_mixin.py:188} INFO - [2026-06-30T08:05:45.182+0000] {dag.py:3096} INFO - Sync 1 DAGs
[2026-06-30T08:05:45.210+0000] {logging_mixin.py:188} INFO - [2026-06-30T08:05:45.209+0000] {dag.py:3954} INFO - Setting next_dagrun for example_time_delta_sensor_async to None, run_after=None
[2026-06-30T08:05:45.252+0000] {processor.py:183} INFO - Processing /home/airflow/.local/lib/python3.12/site-packages/airflow/example_dags/example_time_delta_sensor_async.py took 0.163 seconds
[2026-06-30T08:18:53.417+0000] {processor.py:161} INFO - Started process (PID=21785) to work on /home/airflow/.local/lib/python3.12/site-packages/airflow/example_dags/example_time_delta_sensor_async.py
[2026-06-30T08:18:53.418+0000] {processor.py:830} INFO - Processing file /home/airflow/.local/lib/python3.12/site-packages/airflow/example_dags/example_time_delta_sensor_async.py for tasks to queue
[2026-06-30T08:18:53.419+0000] {logging_mixin.py:188} INFO - [2026-06-30T08:18:53.419+0000] {dagbag.py:545} INFO - Filling up the DagBag from /home/airflow/.local/lib/python3.12/site-packages/airflow/example_dags/example_time_delta_sensor_async.py
[2026-06-30T08:18:53.424+0000] {processor.py:840} INFO - DAG(s) 'example_time_delta_sensor_async' retrieved from /home/airflow/.local/lib/python3.12/site-packages/airflow/example_dags/example_time_delta_sensor_async.py
[2026-06-30T08:18:53.443+0000] {logging_mixin.py:188} INFO - [2026-06-30T08:18:53.443+0000] {dag.py:3096} INFO - Sync 1 DAGs
[2026-06-30T08:18:53.453+0000] {logging_mixin.py:188} INFO - [2026-06-30T08:18:53.453+0000] {dag.py:3954} INFO - Setting next_dagrun for example_time_delta_sensor_async to None, run_after=None
[2026-06-30T08:18:53.468+0000] {processor.py:183} INFO - Processing /home/airflow/.local/lib/python3.12/site-packages/airflow/example_dags/example_time_delta_sensor_async.py took 0.057 seconds
[2026-06-30T08:19:23.709+0000] {processor.py:161} INFO - Started process (PID=21843) to work on /home/airflow/.local/lib/python3.12/site-packages/airflow/example_dags/example_time_delta_sensor_async.py
[2026-06-30T08:19:23.710+0000] {processor.py:830} INFO - Processing file /home/airflow/.local/lib/python3.12/site-packages/airflow/example_dags/example_time_delta_sensor_async.py for tasks to queue
[2026-06-30T08:19:23.710+0000] {logging_mixin.py:188} INFO - [2026-06-30T08:19:23.710+0000] {dagbag.py:545} INFO - Filling up the DagBag from /home/airflow/.local/lib/python3.12/site-packages/airflow/example_dags/example_time_delta_sensor_async.py
[2026-06-30T08:19:23.714+0000] {processor.py:840} INFO - DAG(s) 'example_time_delta_sensor_async' retrieved from /home/airflow/.local/lib/python3.12/site-packages/airflow/example_dags/example_time_delta_sensor_async.py
[2026-06-30T08:19:23.730+0000] {logging_mixin.py:188} INFO - [2026-06-30T08:19:23.730+0000] {dag.py:3096} INFO - Sync 1 DAGs
[2026-06-30T08:19:23.739+0000] {logging_mixin.py:188} INFO - [2026-06-30T08:19:23.739+0000] {dag.py:3954} INFO - Setting next_dagrun for example_time_delta_sensor_async to None, run_after=None
[2026-06-30T08:19:23.752+0000] {processor.py:183} INFO - Processing /home/airflow/.local/lib/python3.12/site-packages/airflow/example_dags/example_time_delta_sensor_async.py took 0.047 seconds
[2026-06-30T08:19:53.943+0000] {processor.py:161} INFO - Started process (PID=21901) to work on /home/airflow/.local/lib/python3.12/site-packages/airflow/example_dags/example_time_delta_sensor_async.py
[2026-06-30T08:19:53.943+0000] {processor.py:830} INFO - Processing file /home/airflow/.local/lib/python3.12/site-packages/airflow/example_dags/example_time_delta_sensor_async.py for tasks to queue
[2026-06-30T08:19:53.944+0000] {logging_mixin.py:188} INFO - [2026-06-30T08:19:53.944+0000] {dagbag.py:545} INFO - Filling up the DagBag from /home/airflow/.local/lib/python3.12/site-packages/airflow/example_dags/example_time_delta_sensor_async.py
[2026-06-30T08:19:53.948+0000] {processor.py:840} INFO - DAG(s) 'example_time_delta_sensor_async' retrieved from /home/airflow/.local/lib/python3.12/site-packages/airflow/example_dags/example_time_delta_sensor_async.py
[2026-06-30T08:19:53.962+0000] {logging_mixin.py:188} INFO - [2026-06-30T08:19:53.962+0000] {dag.py:3096} INFO - Sync 1 DAGs
[2026-06-30T08:19:53.970+0000] {logging_mixin.py:188} INFO - [2026-06-30T08:19:53.970+0000] {dag.py:3954} INFO - Setting next_dagrun for example_time_delta_sensor_async to None, run_after=None
[2026-06-30T08:19:53.983+0000] {processor.py:183} INFO - Processing /home/airflow/.local/lib/python3.12/site-packages/airflow/example_dags/example_time_delta_sensor_async.py took 0.045 seconds
[2026-06-30T08:20:24.218+0000] {processor.py:161} INFO - Started process (PID=21957) to work on /home/airflow/.local/lib/python3.12/site-packages/airflow/example_dags/example_time_delta_sensor_async.py
[2026-06-30T08:20:24.219+0000] {processor.py:830} INFO - Processing file /home/airflow/.local/lib/python3.12/site-packages/airflow/example_dags/example_time_delta_sensor_async.py for tasks to queue
[2026-06-30T08:20:24.220+0000] {logging_mixin.py:188} INFO - [2026-06-30T08:20:24.220+0000] {dagbag.py:545} INFO - Filling up the DagBag from /home/airflow/.local/lib/python3.12/site-packages/airflow/example_dags/example_time_delta_sensor_async.py
[2026-06-30T08:20:24.223+0000] {processor.py:840} INFO - DAG(s) 'example_time_delta_sensor_async' retrieved from /home/airflow/.local/lib/python3.12/site-packages/airflow/example_dags/example_time_delta_sensor_async.py
[2026-06-30T08:20:24.238+0000] {logging_mixin.py:188} INFO - [2026-06-30T08:20:24.238+0000] {dag.py:3096} INFO - Sync 1 DAGs
[2026-06-30T08:20:24.246+0000] {logging_mixin.py:188} INFO - [2026-06-30T08:20:24.246+0000] {dag.py:3954} INFO - Setting next_dagrun for example_time_delta_sensor_async to None, run_after=None
[2026-06-30T08:20:24.258+0000] {processor.py:183} INFO - Processing /home/airflow/.local/lib/python3.12/site-packages/airflow/example_dags/example_time_delta_sensor_async.py took 0.044 seconds
[2026-06-30T08:20:54.683+0000] {processor.py:161} INFO - Started process (PID=22015) to work on /home/airflow/.local/lib/python3.12/site-packages/airflow/example_dags/example_time_delta_sensor_async.py
[2026-06-30T08:20:54.683+0000] {processor.py:830} INFO - Processing file /home/airflow/.local/lib/python3.12/site-packages/airflow/example_dags/example_time_delta_sensor_async.py for tasks to queue
[2026-06-30T08:20:54.684+0000] {logging_mixin.py:188} INFO - [2026-06-30T08:20:54.684+0000] {dagbag.py:545} INFO - Filling up the DagBag from /home/airflow/.local/lib/python3.12/site-packages/airflow/example_dags/example_time_delta_sensor_async.py
[2026-06-30T08:20:54.688+0000] {processor.py:840} INFO - DAG(s) 'example_time_delta_sensor_async' retrieved from /home/airflow/.local/lib/python3.12/site-packages/airflow/example_dags/example_time_delta_sensor_async.py
[2026-06-30T08:20:54.704+0000] {logging_mixin.py:188} INFO - [2026-06-30T08:20:54.704+0000] {dag.py:3096} INFO - Sync 1 DAGs
[2026-06-30T08:20:54.714+0000] {logging_mixin.py:188} INFO - [2026-06-30T08:20:54.714+0000] {dag.py:3954} INFO - Setting next_dagrun for example_time_delta_sensor_async to None, run_after=None
[2026-06-30T08:20:54.729+0000] {processor.py:183} INFO - Processing /home/airflow/.local/lib/python3.12/site-packages/airflow/example_dags/example_time_delta_sensor_async.py took 0.052 seconds
[2026-06-30T08:21:24.882+0000] {processor.py:161} INFO - Started process (PID=22073) to work on /home/airflow/.local/lib/python3.12/site-packages/airflow/example_dags/example_time_delta_sensor_async.py
[2026-06-30T08:21:24.883+0000] {processor.py:830} INFO - Processing file /home/airflow/.local/lib/python3.12/site-packages/airflow/example_dags/example_time_delta_sensor_async.py for tasks to queue
[2026-06-30T08:21:24.884+0000] {logging_mixin.py:188} INFO - [2026-06-30T08:21:24.884+0000] {dagbag.py:545} INFO - Filling up the DagBag from /home/airflow/.local/lib/python3.12/site-packages/airflow/example_dags/example_time_delta_sensor_async.py
[2026-06-30T08:21:24.887+0000] {processor.py:840} INFO - DAG(s) 'example_time_delta_sensor_async' retrieved from /home/airflow/.local/lib/python3.12/site-packages/airflow/example_dags/example_time_delta_sensor_async.py
[2026-06-30T08:21:24.902+0000] {logging_mixin.py:188} INFO - [2026-06-30T08:21:24.902+0000] {dag.py:3096} INFO - Sync 1 DAGs
[2026-06-30T08:21:24.911+0000] {logging_mixin.py:188} INFO - [2026-06-30T08:21:24.910+0000] {dag.py:3954} INFO - Setting next_dagrun for example_time_delta_sensor_async to None, run_after=None
[2026-06-30T08:21:24.925+0000] {processor.py:183} INFO - Processing /home/airflow/.local/lib/python3.12/site-packages/airflow/example_dags/example_time_delta_sensor_async.py took 0.046 seconds
[2026-06-30T08:21:55.115+0000] {processor.py:161} INFO - Started process (PID=22129) to work on /home/airflow/.local/lib/python3.12/site-packages/airflow/example_dags/example_time_delta_sensor_async.py
[2026-06-30T08:21:55.116+0000] {processor.py:830} INFO - Processing file /home/airflow/.local/lib/python3.12/site-packages/airflow/example_dags/example_time_delta_sensor_async.py for tasks to queue
[2026-06-30T08:21:55.116+0000] {logging_mixin.py:188} INFO - [2026-06-30T08:21:55.116+0000] {dagbag.py:545} INFO - Filling up the DagBag from /home/airflow/.local/lib/python3.12/site-packages/airflow/example_dags/example_time_delta_sensor_async.py
[2026-06-30T08:21:55.120+0000] {processor.py:840} INFO - DAG(s) 'example_time_delta_sensor_async' retrieved from /home/airflow/.local/lib/python3.12/site-packages/airflow/example_dags/example_time_delta_sensor_async.py
[2026-06-30T08:21:55.134+0000] {logging_mixin.py:188} INFO - [2026-06-30T08:21:55.134+0000] {dag.py:3096} INFO - Sync 1 DAGs
[2026-06-30T08:21:55.144+0000] {logging_mixin.py:188} INFO - [2026-06-30T08:21:55.144+0000] {dag.py:3954} INFO - Setting next_dagrun for example_time_delta_sensor_async to None, run_after=None
[2026-06-30T08:21:55.157+0000] {processor.py:183} INFO - Processing /home/airflow/.local/lib/python3.12/site-packages/airflow/example_dags/example_time_delta_sensor_async.py took 0.046 seconds
[2026-06-30T08:22:25.551+0000] {processor.py:161} INFO - Started process (PID=22187) to work on /home/airflow/.local/lib/python3.12/site-packages/airflow/example_dags/example_time_delta_sensor_async.py
[2026-06-30T08:22:25.552+0000] {processor.py:830} INFO - Processing file /home/airflow/.local/lib/python3.12/site-packages/airflow/example_dags/example_time_delta_sensor_async.py for tasks to queue
[2026-06-30T08:22:25.553+0000] {logging_mixin.py:188} INFO - [2026-06-30T08:22:25.553+0000] {dagbag.py:545} INFO - Filling up the DagBag from /home/airflow/.local/lib/python3.12/site-packages/airflow/example_dags/example_time_delta_sensor_async.py
[2026-06-30T08:22:25.556+0000] {processor.py:840} INFO - DAG(s) 'example_time_delta_sensor_async' retrieved from /home/airflow/.local/lib/python3.12/site-packages/airflow/example_dags/example_time_delta_sensor_async.py
[2026-06-30T08:22:25.571+0000] {logging_mixin.py:188} INFO - [2026-06-30T08:22:25.570+0000] {dag.py:3096} INFO - Sync 1 DAGs
[2026-06-30T08:22:25.580+0000] {logging_mixin.py:188} INFO - [2026-06-30T08:22:25.580+0000] {dag.py:3954} INFO - Setting next_dagrun for example_time_delta_sensor_async to None, run_after=None
[2026-06-30T08:22:25.596+0000] {processor.py:183} INFO - Processing /home/airflow/.local/lib/python3.12/site-packages/airflow/example_dags/example_time_delta_sensor_async.py took 0.049 seconds
[2026-06-30T08:22:56.169+0000] {processor.py:161} INFO - Started process (PID=22245) to work on /home/airflow/.local/lib/python3.12/site-packages/airflow/example_dags/example_time_delta_sensor_async.py
[2026-06-30T08:22:56.170+0000] {processor.py:830} INFO - Processing file /home/airflow/.local/lib/python3.12/site-packages/airflow/example_dags/example_time_delta_sensor_async.py for tasks to queue
[2026-06-30T08:22:56.171+0000] {logging_mixin.py:188} INFO - [2026-06-30T08:22:56.170+0000] {dagbag.py:545} INFO - Filling up the DagBag from /home/airflow/.local/lib/python3.12/site-packages/airflow/example_dags/example_time_delta_sensor_async.py
[2026-06-30T08:22:56.174+0000] {processor.py:840} INFO - DAG(s) 'example_time_delta_sensor_async' retrieved from /home/airflow/.local/lib/python3.12/site-packages/airflow/example_dags/example_time_delta_sensor_async.py
[2026-06-30T08:22:56.189+0000] {logging_mixin.py:188} INFO - [2026-06-30T08:22:56.189+0000] {dag.py:3096} INFO - Sync 1 DAGs
[2026-06-30T08:22:56.200+0000] {logging_mixin.py:188} INFO - [2026-06-30T08:22:56.199+0000] {dag.py:3954} INFO - Setting next_dagrun for example_time_delta_sensor_async to None, run_after=None
[2026-06-30T08:22:56.212+0000] {processor.py:183} INFO - Processing /home/airflow/.local/lib/python3.12/site-packages/airflow/example_dags/example_time_delta_sensor_async.py took 0.047 seconds
[2026-06-30T08:23:26.536+0000] {processor.py:161} INFO - Started process (PID=22303) to work on /home/airflow/.local/lib/python3.12/site-packages/airflow/example_dags/example_time_delta_sensor_async.py
[2026-06-30T08:23:26.537+0000] {processor.py:830} INFO - Processing file /home/airflow/.local/lib/python3.12/site-packages/airflow/example_dags/example_time_delta_sensor_async.py for tasks to queue
[2026-06-30T08:23:26.538+0000] {logging_mixin.py:188} INFO - [2026-06-30T08:23:26.538+0000] {dagbag.py:545} INFO - Filling up the DagBag from /home/airflow/.local/lib/python3.12/site-packages/airflow/example_dags/example_time_delta_sensor_async.py
[2026-06-30T08:23:26.542+0000] {processor.py:840} INFO - DAG(s) 'example_time_delta_sensor_async' retrieved from /home/airflow/.local/lib/python3.12/site-packages/airflow/example_dags/example_time_delta_sensor_async.py
[2026-06-30T08:23:26.557+0000] {logging_mixin.py:188} INFO - [2026-06-30T08:23:26.556+0000] {dag.py:3096} INFO - Sync 1 DAGs
[2026-06-30T08:23:26.565+0000] {logging_mixin.py:188} INFO - [2026-06-30T08:23:26.565+0000] {dag.py:3954} INFO - Setting next_dagrun for example_time_delta_sensor_async to None, run_after=None
[2026-06-30T08:23:26.577+0000] {processor.py:183} INFO - Processing /home/airflow/.local/lib/python3.12/site-packages/airflow/example_dags/example_time_delta_sensor_async.py took 0.045 seconds
[2026-06-30T08:23:56.987+0000] {processor.py:161} INFO - Started process (PID=22361) to work on /home/airflow/.local/lib/python3.12/site-packages/airflow/example_dags/example_time_delta_sensor_async.py
[2026-06-30T08:23:56.988+0000] {processor.py:830} INFO - Processing file /home/airflow/.local/lib/python3.12/site-packages/airflow/example_dags/example_time_delta_sensor_async.py for tasks to queue
[2026-06-30T08:23:56.989+0000] {logging_mixin.py:188} INFO - [2026-06-30T08:23:56.989+0000] {dagbag.py:545} INFO - Filling up the DagBag from /home/airflow/.local/lib/python3.12/site-packages/airflow/example_dags/example_time_delta_sensor_async.py
[2026-06-30T08:23:56.994+0000] {processor.py:840} INFO - DAG(s) 'example_time_delta_sensor_async' retrieved from /home/airflow/.local/lib/python3.12/site-packages/airflow/example_dags/example_time_delta_sensor_async.py
[2026-06-30T08:23:57.012+0000] {logging_mixin.py:188} INFO - [2026-06-30T08:23:57.012+0000] {dag.py:3096} INFO - Sync 1 DAGs
[2026-06-30T08:23:57.023+0000] {logging_mixin.py:188} INFO - [2026-06-30T08:23:57.022+0000] {dag.py:3954} INFO - Setting next_dagrun for example_time_delta_sensor_async to None, run_after=None
[2026-06-30T08:23:57.038+0000] {processor.py:183} INFO - Processing /home/airflow/.local/lib/python3.12/site-packages/airflow/example_dags/example_time_delta_sensor_async.py took 0.056 seconds
[2026-06-30T08:24:27.258+0000] {processor.py:161} INFO - Started process (PID=22414) to work on /home/airflow/.local/lib/python3.12/site-packages/airflow/example_dags/example_time_delta_sensor_async.py
[2026-06-30T08:24:27.259+0000] {processor.py:830} INFO - Processing file /home/airflow/.local/lib/python3.12/site-packages/airflow/example_dags/example_time_delta_sensor_async.py for tasks to queue
[2026-06-30T08:24:27.259+0000] {logging_mixin.py:188} INFO - [2026-06-30T08:24:27.259+0000] {dagbag.py:545} INFO - Filling up the DagBag from /home/airflow/.local/lib/python3.12/site-packages/airflow/example_dags/example_time_delta_sensor_async.py
[2026-06-30T08:24:27.263+0000] {processor.py:840} INFO - DAG(s) 'example_time_delta_sensor_async' retrieved from /home/airflow/.local/lib/python3.12/site-packages/airflow/example_dags/example_time_delta_sensor_async.py
[2026-06-30T08:24:27.277+0000] {logging_mixin.py:188} INFO - [2026-06-30T08:24:27.277+0000] {dag.py:3096} INFO - Sync 1 DAGs
[2026-06-30T08:24:27.286+0000] {logging_mixin.py:188} INFO - [2026-06-30T08:24:27.285+0000] {dag.py:3954} INFO - Setting next_dagrun for example_time_delta_sensor_async to None, run_after=None
[2026-06-30T08:24:27.300+0000] {processor.py:183} INFO - Processing /home/airflow/.local/lib/python3.12/site-packages/airflow/example_dags/example_time_delta_sensor_async.py took 0.046 seconds
[2026-06-30T08:24:57.840+0000] {processor.py:161} INFO - Started process (PID=22469) to work on /home/airflow/.local/lib/python3.12/site-packages/airflow/example_dags/example_time_delta_sensor_async.py
[2026-06-30T08:24:57.841+0000] {processor.py:830} INFO - Processing file /home/airflow/.local/lib/python3.12/site-packages/airflow/example_dags/example_time_delta_sensor_async.py for tasks to queue
[2026-06-30T08:24:57.841+0000] {logging_mixin.py:188} INFO - [2026-06-30T08:24:57.841+0000] {dagbag.py:545} INFO - Filling up the DagBag from /home/airflow/.local/lib/python3.12/site-packages/airflow/example_dags/example_time_delta_sensor_async.py
[2026-06-30T08:24:57.845+0000] {processor.py:840} INFO - DAG(s) 'example_time_delta_sensor_async' retrieved from /home/airflow/.local/lib/python3.12/site-packages/airflow/example_dags/example_time_delta_sensor_async.py
[2026-06-30T08:24:57.860+0000] {logging_mixin.py:188} INFO - [2026-06-30T08:24:57.859+0000] {dag.py:3096} INFO - Sync 1 DAGs
[2026-06-30T08:24:57.868+0000] {logging_mixin.py:188} INFO - [2026-06-30T08:24:57.868+0000] {dag.py:3954} INFO - Setting next_dagrun for example_time_delta_sensor_async to None, run_after=None
[2026-06-30T08:24:57.882+0000] {processor.py:183} INFO - Processing /home/airflow/.local/lib/python3.12/site-packages/airflow/example_dags/example_time_delta_sensor_async.py took 0.046 seconds
[2026-06-30T08:25:28.287+0000] {processor.py:161} INFO - Started process (PID=22527) to work on /home/airflow/.local/lib/python3.12/site-packages/airflow/example_dags/example_time_delta_sensor_async.py
[2026-06-30T08:25:28.288+0000] {processor.py:830} INFO - Processing file /home/airflow/.local/lib/python3.12/site-packages/airflow/example_dags/example_time_delta_sensor_async.py for tasks to queue
[2026-06-30T08:25:28.288+0000] {logging_mixin.py:188} INFO - [2026-06-30T08:25:28.288+0000] {dagbag.py:545} INFO - Filling up the DagBag from /home/airflow/.local/lib/python3.12/site-packages/airflow/example_dags/example_time_delta_sensor_async.py
[2026-06-30T08:25:28.292+0000] {processor.py:840} INFO - DAG(s) 'example_time_delta_sensor_async' retrieved from /home/airflow/.local/lib/python3.12/site-packages/airflow/example_dags/example_time_delta_sensor_async.py
[2026-06-30T08:25:28.306+0000] {logging_mixin.py:188} INFO - [2026-06-30T08:25:28.306+0000] {dag.py:3096} INFO - Sync 1 DAGs
[2026-06-30T08:25:28.315+0000] {logging_mixin.py:188} INFO - [2026-06-30T08:25:28.315+0000] {dag.py:3954} INFO - Setting next_dagrun for example_time_delta_sensor_async to None, run_after=None
[2026-06-30T08:25:28.328+0000] {processor.py:183} INFO - Processing /home/airflow/.local/lib/python3.12/site-packages/airflow/example_dags/example_time_delta_sensor_async.py took 0.045 seconds
[2026-06-30T08:25:58.714+0000] {processor.py:161} INFO - Started process (PID=22585) to work on /home/airflow/.local/lib/python3.12/site-packages/airflow/example_dags/example_time_delta_sensor_async.py
[2026-06-30T08:25:58.715+0000] {processor.py:830} INFO - Processing file /home/airflow/.local/lib/python3.12/site-packages/airflow/example_dags/example_time_delta_sensor_async.py for tasks to queue
[2026-06-30T08:25:58.716+0000] {logging_mixin.py:188} INFO - [2026-06-30T08:25:58.716+0000] {dagbag.py:545} INFO - Filling up the DagBag from /home/airflow/.local/lib/python3.12/site-packages/airflow/example_dags/example_time_delta_sensor_async.py
[2026-06-30T08:25:58.720+0000] {processor.py:840} INFO - DAG(s) 'example_time_delta_sensor_async' retrieved from /home/airflow/.local/lib/python3.12/site-packages/airflow/example_dags/example_time_delta_sensor_async.py
[2026-06-30T08:25:58.741+0000] {logging_mixin.py:188} INFO - [2026-06-30T08:25:58.740+0000] {dag.py:3096} INFO - Sync 1 DAGs
[2026-06-30T08:25:58.757+0000] {logging_mixin.py:188} INFO - [2026-06-30T08:25:58.756+0000] {dag.py:3954} INFO - Setting next_dagrun for example_time_delta_sensor_async to None, run_after=None
[2026-06-30T08:25:58.777+0000] {processor.py:183} INFO - Processing /home/airflow/.local/lib/python3.12/site-packages/airflow/example_dags/example_time_delta_sensor_async.py took 0.069 seconds
[2026-06-30T08:26:29.463+0000] {processor.py:161} INFO - Started process (PID=22643) to work on /home/airflow/.local/lib/python3.12/site-packages/airflow/example_dags/example_time_delta_sensor_async.py
[2026-06-30T08:26:29.464+0000] {processor.py:830} INFO - Processing file /home/airflow/.local/lib/python3.12/site-packages/airflow/example_dags/example_time_delta_sensor_async.py for tasks to queue
[2026-06-30T08:26:29.465+0000] {logging_mixin.py:188} INFO - [2026-06-30T08:26:29.465+0000] {dagbag.py:545} INFO - Filling up the DagBag from /home/airflow/.local/lib/python3.12/site-packages/airflow/example_dags/example_time_delta_sensor_async.py
[2026-06-30T08:26:29.469+0000] {processor.py:840} INFO - DAG(s) 'example_time_delta_sensor_async' retrieved from /home/airflow/.local/lib/python3.12/site-packages/airflow/example_dags/example_time_delta_sensor_async.py
[2026-06-30T08:26:29.493+0000] {logging_mixin.py:188} INFO - [2026-06-30T08:26:29.493+0000] {dag.py:3096} INFO - Sync 1 DAGs
[2026-06-30T08:26:29.507+0000] {logging_mixin.py:188} INFO - [2026-06-30T08:26:29.507+0000] {dag.py:3954} INFO - Setting next_dagrun for example_time_delta_sensor_async to None, run_after=None
[2026-06-30T08:26:29.531+0000] {processor.py:183} INFO - Processing /home/airflow/.local/lib/python3.12/site-packages/airflow/example_dags/example_time_delta_sensor_async.py took 0.073 seconds
[2026-06-30T08:27:00.313+0000] {processor.py:161} INFO - Started process (PID=22701) to work on /home/airflow/.local/lib/python3.12/site-packages/airflow/example_dags/example_time_delta_sensor_async.py
[2026-06-30T08:27:00.314+0000] {processor.py:830} INFO - Processing file /home/airflow/.local/lib/python3.12/site-packages/airflow/example_dags/example_time_delta_sensor_async.py for tasks to queue
[2026-06-30T08:27:00.315+0000] {logging_mixin.py:188} INFO - [2026-06-30T08:27:00.314+0000] {dagbag.py:545} INFO - Filling up the DagBag from /home/airflow/.local/lib/python3.12/site-packages/airflow/example_dags/example_time_delta_sensor_async.py
[2026-06-30T08:27:00.318+0000] {processor.py:840} INFO - DAG(s) 'example_time_delta_sensor_async' retrieved from /home/airflow/.local/lib/python3.12/site-packages/airflow/example_dags/example_time_delta_sensor_async.py
[2026-06-30T08:27:00.333+0000] {logging_mixin.py:188} INFO - [2026-06-30T08:27:00.332+0000] {dag.py:3096} INFO - Sync 1 DAGs
[2026-06-30T08:27:00.341+0000] {logging_mixin.py:188} INFO - [2026-06-30T08:27:00.341+0000] {dag.py:3954} INFO - Setting next_dagrun for example_time_delta_sensor_async to None, run_after=None
[2026-06-30T08:27:00.355+0000] {processor.py:183} INFO - Processing /home/airflow/.local/lib/python3.12/site-packages/airflow/example_dags/example_time_delta_sensor_async.py took 0.046 seconds
[2026-06-30T08:27:30.873+0000] {processor.py:161} INFO - Started process (PID=22759) to work on /home/airflow/.local/lib/python3.12/site-packages/airflow/example_dags/example_time_delta_sensor_async.py
[2026-06-30T08:27:30.874+0000] {processor.py:830} INFO - Processing file /home/airflow/.local/lib/python3.12/site-packages/airflow/example_dags/example_time_delta_sensor_async.py for tasks to queue
[2026-06-30T08:27:30.875+0000] {logging_mixin.py:188} INFO - [2026-06-30T08:27:30.874+0000] {dagbag.py:545} INFO - Filling up the DagBag from /home/airflow/.local/lib/python3.12/site-packages/airflow/example_dags/example_time_delta_sensor_async.py
[2026-06-30T08:27:30.878+0000] {processor.py:840} INFO - DAG(s) 'example_time_delta_sensor_async' retrieved from /home/airflow/.local/lib/python3.12/site-packages/airflow/example_dags/example_time_delta_sensor_async.py
[2026-06-30T08:27:30.892+0000] {logging_mixin.py:188} INFO - [2026-06-30T08:27:30.892+0000] {dag.py:3096} INFO - Sync 1 DAGs
[2026-06-30T08:27:30.900+0000] {logging_mixin.py:188} INFO - [2026-06-30T08:27:30.900+0000] {dag.py:3954} INFO - Setting next_dagrun for example_time_delta_sensor_async to None, run_after=None
[2026-06-30T08:27:30.912+0000] {processor.py:183} INFO - Processing /home/airflow/.local/lib/python3.12/site-packages/airflow/example_dags/example_time_delta_sensor_async.py took 0.044 seconds
[2026-06-30T08:28:01.241+0000] {processor.py:161} INFO - Started process (PID=22817) to work on /home/airflow/.local/lib/python3.12/site-packages/airflow/example_dags/example_time_delta_sensor_async.py
[2026-06-30T08:28:01.242+0000] {processor.py:830} INFO - Processing file /home/airflow/.local/lib/python3.12/site-packages/airflow/example_dags/example_time_delta_sensor_async.py for tasks to queue
[2026-06-30T08:28:01.243+0000] {logging_mixin.py:188} INFO - [2026-06-30T08:28:01.243+0000] {dagbag.py:545} INFO - Filling up the DagBag from /home/airflow/.local/lib/python3.12/site-packages/airflow/example_dags/example_time_delta_sensor_async.py
[2026-06-30T08:28:01.248+0000] {processor.py:840} INFO - DAG(s) 'example_time_delta_sensor_async' retrieved from /home/airflow/.local/lib/python3.12/site-packages/airflow/example_dags/example_time_delta_sensor_async.py
[2026-06-30T08:28:01.270+0000] {logging_mixin.py:188} INFO - [2026-06-30T08:28:01.270+0000] {dag.py:3096} INFO - Sync 1 DAGs
[2026-06-30T08:28:01.285+0000] {logging_mixin.py:188} INFO - [2026-06-30T08:28:01.284+0000] {dag.py:3954} INFO - Setting next_dagrun for example_time_delta_sensor_async to None, run_after=None
[2026-06-30T08:28:01.303+0000] {processor.py:183} INFO - Processing /home/airflow/.local/lib/python3.12/site-packages/airflow/example_dags/example_time_delta_sensor_async.py took 0.068 seconds
[2026-06-30T08:28:31.784+0000] {processor.py:161} INFO - Started process (PID=22875) to work on /home/airflow/.local/lib/python3.12/site-packages/airflow/example_dags/example_time_delta_sensor_async.py
[2026-06-30T08:28:31.785+0000] {processor.py:830} INFO - Processing file /home/airflow/.local/lib/python3.12/site-packages/airflow/example_dags/example_time_delta_sensor_async.py for tasks to queue
[2026-06-30T08:28:31.786+0000] {logging_mixin.py:188} INFO - [2026-06-30T08:28:31.785+0000] {dagbag.py:545} INFO - Filling up the DagBag from /home/airflow/.local/lib/python3.12/site-packages/airflow/example_dags/example_time_delta_sensor_async.py
[2026-06-30T08:28:31.790+0000] {processor.py:840} INFO - DAG(s) 'example_time_delta_sensor_async' retrieved from /home/airflow/.local/lib/python3.12/site-packages/airflow/example_dags/example_time_delta_sensor_async.py
[2026-06-30T08:28:31.809+0000] {logging_mixin.py:188} INFO - [2026-06-30T08:28:31.809+0000] {dag.py:3096} INFO - Sync 1 DAGs
[2026-06-30T08:28:31.818+0000] {logging_mixin.py:188} INFO - [2026-06-30T08:28:31.818+0000] {dag.py:3954} INFO - Setting next_dagrun for example_time_delta_sensor_async to None, run_after=None
[2026-06-30T08:28:31.834+0000] {processor.py:183} INFO - Processing /home/airflow/.local/lib/python3.12/site-packages/airflow/example_dags/example_time_delta_sensor_async.py took 0.056 seconds
[2026-06-30T08:29:02.177+0000] {processor.py:161} INFO - Started process (PID=22933) to work on /home/airflow/.local/lib/python3.12/site-packages/airflow/example_dags/example_time_delta_sensor_async.py
[2026-06-30T08:29:02.178+0000] {processor.py:830} INFO - Processing file /home/airflow/.local/lib/python3.12/site-packages/airflow/example_dags/example_time_delta_sensor_async.py for tasks to queue
[2026-06-30T08:29:02.179+0000] {logging_mixin.py:188} INFO - [2026-06-30T08:29:02.178+0000] {dagbag.py:545} INFO - Filling up the DagBag from /home/airflow/.local/lib/python3.12/site-packages/airflow/example_dags/example_time_delta_sensor_async.py
[2026-06-30T08:29:02.183+0000] {processor.py:840} INFO - DAG(s) 'example_time_delta_sensor_async' retrieved from /home/airflow/.local/lib/python3.12/site-packages/airflow/example_dags/example_time_delta_sensor_async.py
[2026-06-30T08:29:02.199+0000] {logging_mixin.py:188} INFO - [2026-06-30T08:29:02.198+0000] {dag.py:3096} INFO - Sync 1 DAGs
[2026-06-30T08:29:02.208+0000] {logging_mixin.py:188} INFO - [2026-06-30T08:29:02.208+0000] {dag.py:3954} INFO - Setting next_dagrun for example_time_delta_sensor_async to None, run_after=None
[2026-06-30T08:29:02.222+0000] {processor.py:183} INFO - Processing /home/airflow/.local/lib/python3.12/site-packages/airflow/example_dags/example_time_delta_sensor_async.py took 0.049 seconds
[2026-06-30T08:29:32.794+0000] {processor.py:161} INFO - Started process (PID=22991) to work on /home/airflow/.local/lib/python3.12/site-packages/airflow/example_dags/example_time_delta_sensor_async.py
[2026-06-30T08:29:32.795+0000] {processor.py:830} INFO - Processing file /home/airflow/.local/lib/python3.12/site-packages/airflow/example_dags/example_time_delta_sensor_async.py for tasks to queue
[2026-06-30T08:29:32.796+0000] {logging_mixin.py:188} INFO - [2026-06-30T08:29:32.796+0000] {dagbag.py:545} INFO - Filling up the DagBag from /home/airflow/.local/lib/python3.12/site-packages/airflow/example_dags/example_time_delta_sensor_async.py
[2026-06-30T08:29:32.799+0000] {processor.py:840} INFO - DAG(s) 'example_time_delta_sensor_async' retrieved from /home/airflow/.local/lib/python3.12/site-packages/airflow/example_dags/example_time_delta_sensor_async.py
[2026-06-30T08:29:32.817+0000] {logging_mixin.py:188} INFO - [2026-06-30T08:29:32.816+0000] {dag.py:3096} INFO - Sync 1 DAGs
[2026-06-30T08:29:32.827+0000] {logging_mixin.py:188} INFO - [2026-06-30T08:29:32.827+0000] {dag.py:3954} INFO - Setting next_dagrun for example_time_delta_sensor_async to None, run_after=None
[2026-06-30T08:29:32.843+0000] {processor.py:183} INFO - Processing /home/airflow/.local/lib/python3.12/site-packages/airflow/example_dags/example_time_delta_sensor_async.py took 0.053 seconds
[2026-06-30T08:30:03.400+0000] {processor.py:161} INFO - Started process (PID=23049) to work on /home/airflow/.local/lib/python3.12/site-packages/airflow/example_dags/example_time_delta_sensor_async.py
[2026-06-30T08:30:03.401+0000] {processor.py:830} INFO - Processing file /home/airflow/.local/lib/python3.12/site-packages/airflow/example_dags/example_time_delta_sensor_async.py for tasks to queue
[2026-06-30T08:30:03.402+0000] {logging_mixin.py:188} INFO - [2026-06-30T08:30:03.402+0000] {dagbag.py:545} INFO - Filling up the DagBag from /home/airflow/.local/lib/python3.12/site-packages/airflow/example_dags/example_time_delta_sensor_async.py
[2026-06-30T08:30:03.406+0000] {processor.py:840} INFO - DAG(s) 'example_time_delta_sensor_async' retrieved from /home/airflow/.local/lib/python3.12/site-packages/airflow/example_dags/example_time_delta_sensor_async.py
[2026-06-30T08:30:03.425+0000] {logging_mixin.py:188} INFO - [2026-06-30T08:30:03.425+0000] {dag.py:3096} INFO - Sync 1 DAGs
[2026-06-30T08:30:03.434+0000] {logging_mixin.py:188} INFO - [2026-06-30T08:30:03.434+0000] {dag.py:3954} INFO - Setting next_dagrun for example_time_delta_sensor_async to None, run_after=None
[2026-06-30T08:30:03.448+0000] {processor.py:183} INFO - Processing /home/airflow/.local/lib/python3.12/site-packages/airflow/example_dags/example_time_delta_sensor_async.py took 0.052 seconds
[2026-06-30T08:30:33.886+0000] {processor.py:161} INFO - Started process (PID=23107) to work on /home/airflow/.local/lib/python3.12/site-packages/airflow/example_dags/example_time_delta_sensor_async.py
[2026-06-30T08:30:33.886+0000] {processor.py:830} INFO - Processing file /home/airflow/.local/lib/python3.12/site-packages/airflow/example_dags/example_time_delta_sensor_async.py for tasks to queue
[2026-06-30T08:30:33.887+0000] {logging_mixin.py:188} INFO - [2026-06-30T08:30:33.887+0000] {dagbag.py:545} INFO - Filling up the DagBag from /home/airflow/.local/lib/python3.12/site-packages/airflow/example_dags/example_time_delta_sensor_async.py
[2026-06-30T08:30:33.890+0000] {processor.py:840} INFO - DAG(s) 'example_time_delta_sensor_async' retrieved from /home/airflow/.local/lib/python3.12/site-packages/airflow/example_dags/example_time_delta_sensor_async.py
[2026-06-30T08:30:33.907+0000] {logging_mixin.py:188} INFO - [2026-06-30T08:30:33.906+0000] {dag.py:3096} INFO - Sync 1 DAGs
[2026-06-30T08:30:33.917+0000] {logging_mixin.py:188} INFO - [2026-06-30T08:30:33.917+0000] {dag.py:3954} INFO - Setting next_dagrun for example_time_delta_sensor_async to None, run_after=None
[2026-06-30T08:30:33.934+0000] {processor.py:183} INFO - Processing /home/airflow/.local/lib/python3.12/site-packages/airflow/example_dags/example_time_delta_sensor_async.py took 0.054 seconds
[2026-06-30T08:31:04.551+0000] {processor.py:161} INFO - Started process (PID=23165) to work on /home/airflow/.local/lib/python3.12/site-packages/airflow/example_dags/example_time_delta_sensor_async.py
[2026-06-30T08:31:04.552+0000] {processor.py:830} INFO - Processing file /home/airflow/.local/lib/python3.12/site-packages/airflow/example_dags/example_time_delta_sensor_async.py for tasks to queue
[2026-06-30T08:31:04.553+0000] {logging_mixin.py:188} INFO - [2026-06-30T08:31:04.553+0000] {dagbag.py:545} INFO - Filling up the DagBag from /home/airflow/.local/lib/python3.12/site-packages/airflow/example_dags/example_time_delta_sensor_async.py
[2026-06-30T08:31:04.557+0000] {processor.py:840} INFO - DAG(s) 'example_time_delta_sensor_async' retrieved from /home/airflow/.local/lib/python3.12/site-packages/airflow/example_dags/example_time_delta_sensor_async.py
[2026-06-30T08:31:04.571+0000] {logging_mixin.py:188} INFO - [2026-06-30T08:31:04.571+0000] {dag.py:3096} INFO - Sync 1 DAGs
[2026-06-30T08:31:04.579+0000] {logging_mixin.py:188} INFO - [2026-06-30T08:31:04.579+0000] {dag.py:3954} INFO - Setting next_dagrun for example_time_delta_sensor_async to None, run_after=None
[2026-06-30T08:31:04.592+0000] {processor.py:183} INFO - Processing /home/airflow/.local/lib/python3.12/site-packages/airflow/example_dags/example_time_delta_sensor_async.py took 0.045 seconds
[2026-06-30T08:31:35.491+0000] {processor.py:161} INFO - Started process (PID=23223) to work on /home/airflow/.local/lib/python3.12/site-packages/airflow/example_dags/example_time_delta_sensor_async.py
[2026-06-30T08:31:35.492+0000] {processor.py:830} INFO - Processing file /home/airflow/.local/lib/python3.12/site-packages/airflow/example_dags/example_time_delta_sensor_async.py for tasks to queue
[2026-06-30T08:31:35.494+0000] {logging_mixin.py:188} INFO - [2026-06-30T08:31:35.494+0000] {dagbag.py:545} INFO - Filling up the DagBag from /home/airflow/.local/lib/python3.12/site-packages/airflow/example_dags/example_time_delta_sensor_async.py
[2026-06-30T08:31:35.501+0000] {processor.py:840} INFO - DAG(s) 'example_time_delta_sensor_async' retrieved from /home/airflow/.local/lib/python3.12/site-packages/airflow/example_dags/example_time_delta_sensor_async.py
[2026-06-30T08:31:35.518+0000] {logging_mixin.py:188} INFO - [2026-06-30T08:31:35.518+0000] {dag.py:3096} INFO - Sync 1 DAGs
[2026-06-30T08:31:35.527+0000] {logging_mixin.py:188} INFO - [2026-06-30T08:31:35.527+0000] {dag.py:3954} INFO - Setting next_dagrun for example_time_delta_sensor_async to None, run_after=None
[2026-06-30T08:31:35.541+0000] {processor.py:183} INFO - Processing /home/airflow/.local/lib/python3.12/site-packages/airflow/example_dags/example_time_delta_sensor_async.py took 0.054 seconds
[2026-06-30T08:32:06.059+0000] {processor.py:161} INFO - Started process (PID=23281) to work on /home/airflow/.local/lib/python3.12/site-packages/airflow/example_dags/example_time_delta_sensor_async.py
[2026-06-30T08:32:06.060+0000] {processor.py:830} INFO - Processing file /home/airflow/.local/lib/python3.12/site-packages/airflow/example_dags/example_time_delta_sensor_async.py for tasks to queue
[2026-06-30T08:32:06.061+0000] {logging_mixin.py:188} INFO - [2026-06-30T08:32:06.060+0000] {dagbag.py:545} INFO - Filling up the DagBag from /home/airflow/.local/lib/python3.12/site-packages/airflow/example_dags/example_time_delta_sensor_async.py
[2026-06-30T08:32:06.065+0000] {processor.py:840} INFO - DAG(s) 'example_time_delta_sensor_async' retrieved from /home/airflow/.local/lib/python3.12/site-packages/airflow/example_dags/example_time_delta_sensor_async.py
[2026-06-30T08:32:06.083+0000] {logging_mixin.py:188} INFO - [2026-06-30T08:32:06.083+0000] {dag.py:3096} INFO - Sync 1 DAGs
[2026-06-30T08:32:06.093+0000] {logging_mixin.py:188} INFO - [2026-06-30T08:32:06.093+0000] {dag.py:3954} INFO - Setting next_dagrun for example_time_delta_sensor_async to None, run_after=None
[2026-06-30T08:32:06.107+0000] {processor.py:183} INFO - Processing /home/airflow/.local/lib/python3.12/site-packages/airflow/example_dags/example_time_delta_sensor_async.py took 0.053 seconds
[2026-06-30T08:32:36.845+0000] {processor.py:161} INFO - Started process (PID=23339) to work on /home/airflow/.local/lib/python3.12/site-packages/airflow/example_dags/example_time_delta_sensor_async.py
[2026-06-30T08:32:36.846+0000] {processor.py:830} INFO - Processing file /home/airflow/.local/lib/python3.12/site-packages/airflow/example_dags/example_time_delta_sensor_async.py for tasks to queue
[2026-06-30T08:32:36.848+0000] {logging_mixin.py:188} INFO - [2026-06-30T08:32:36.847+0000] {dagbag.py:545} INFO - Filling up the DagBag from /home/airflow/.local/lib/python3.12/site-packages/airflow/example_dags/example_time_delta_sensor_async.py
[2026-06-30T08:32:36.852+0000] {processor.py:840} INFO - DAG(s) 'example_time_delta_sensor_async' retrieved from /home/airflow/.local/lib/python3.12/site-packages/airflow/example_dags/example_time_delta_sensor_async.py
[2026-06-30T08:32:36.874+0000] {logging_mixin.py:188} INFO - [2026-06-30T08:32:36.874+0000] {dag.py:3096} INFO - Sync 1 DAGs
[2026-06-30T08:32:36.883+0000] {logging_mixin.py:188} INFO - [2026-06-30T08:32:36.883+0000] {dag.py:3954} INFO - Setting next_dagrun for example_time_delta_sensor_async to None, run_after=None
[2026-06-30T08:32:36.899+0000] {processor.py:183} INFO - Processing /home/airflow/.local/lib/python3.12/site-packages/airflow/example_dags/example_time_delta_sensor_async.py took 0.059 seconds
[2026-06-30T08:33:07.611+0000] {processor.py:161} INFO - Started process (PID=23397) to work on /home/airflow/.local/lib/python3.12/site-packages/airflow/example_dags/example_time_delta_sensor_async.py
[2026-06-30T08:33:07.612+0000] {processor.py:830} INFO - Processing file /home/airflow/.local/lib/python3.12/site-packages/airflow/example_dags/example_time_delta_sensor_async.py for tasks to queue
[2026-06-30T08:33:07.613+0000] {logging_mixin.py:188} INFO - [2026-06-30T08:33:07.613+0000] {dagbag.py:545} INFO - Filling up the DagBag from /home/airflow/.local/lib/python3.12/site-packages/airflow/example_dags/example_time_delta_sensor_async.py
[2026-06-30T08:33:07.617+0000] {processor.py:840} INFO - DAG(s) 'example_time_delta_sensor_async' retrieved from /home/airflow/.local/lib/python3.12/site-packages/airflow/example_dags/example_time_delta_sensor_async.py
[2026-06-30T08:33:07.636+0000] {logging_mixin.py:188} INFO - [2026-06-30T08:33:07.636+0000] {dag.py:3096} INFO - Sync 1 DAGs
[2026-06-30T08:33:07.646+0000] {logging_mixin.py:188} INFO - [2026-06-30T08:33:07.646+0000] {dag.py:3954} INFO - Setting next_dagrun for example_time_delta_sensor_async to None, run_after=None
[2026-06-30T08:33:07.663+0000] {processor.py:183} INFO - Processing /home/airflow/.local/lib/python3.12/site-packages/airflow/example_dags/example_time_delta_sensor_async.py took 0.057 seconds
[2026-06-30T08:33:38.496+0000] {processor.py:161} INFO - Started process (PID=23455) to work on /home/airflow/.local/lib/python3.12/site-packages/airflow/example_dags/example_time_delta_sensor_async.py
[2026-06-30T08:33:38.497+0000] {processor.py:830} INFO - Processing file /home/airflow/.local/lib/python3.12/site-packages/airflow/example_dags/example_time_delta_sensor_async.py for tasks to queue
[2026-06-30T08:33:38.501+0000] {logging_mixin.py:188} INFO - [2026-06-30T08:33:38.500+0000] {dagbag.py:545} INFO - Filling up the DagBag from /home/airflow/.local/lib/python3.12/site-packages/airflow/example_dags/example_time_delta_sensor_async.py
[2026-06-30T08:33:38.506+0000] {processor.py:840} INFO - DAG(s) 'example_time_delta_sensor_async' retrieved from /home/airflow/.local/lib/python3.12/site-packages/airflow/example_dags/example_time_delta_sensor_async.py
[2026-06-30T08:33:38.524+0000] {logging_mixin.py:188} INFO - [2026-06-30T08:33:38.523+0000] {dag.py:3096} INFO - Sync 1 DAGs
[2026-06-30T08:33:38.534+0000] {logging_mixin.py:188} INFO - [2026-06-30T08:33:38.533+0000] {dag.py:3954} INFO - Setting next_dagrun for example_time_delta_sensor_async to None, run_after=None
[2026-06-30T08:33:38.548+0000] {processor.py:183} INFO - Processing /home/airflow/.local/lib/python3.12/site-packages/airflow/example_dags/example_time_delta_sensor_async.py took 0.057 seconds
[2026-06-30T08:34:09.492+0000] {processor.py:161} INFO - Started process (PID=23513) to work on /home/airflow/.local/lib/python3.12/site-packages/airflow/example_dags/example_time_delta_sensor_async.py
[2026-06-30T08:34:09.493+0000] {processor.py:830} INFO - Processing file /home/airflow/.local/lib/python3.12/site-packages/airflow/example_dags/example_time_delta_sensor_async.py for tasks to queue
[2026-06-30T08:34:09.494+0000] {logging_mixin.py:188} INFO - [2026-06-30T08:34:09.494+0000] {dagbag.py:545} INFO - Filling up the DagBag from /home/airflow/.local/lib/python3.12/site-packages/airflow/example_dags/example_time_delta_sensor_async.py
[2026-06-30T08:34:09.498+0000] {processor.py:840} INFO - DAG(s) 'example_time_delta_sensor_async' retrieved from /home/airflow/.local/lib/python3.12/site-packages/airflow/example_dags/example_time_delta_sensor_async.py
[2026-06-30T08:34:09.515+0000] {logging_mixin.py:188} INFO - [2026-06-30T08:34:09.515+0000] {dag.py:3096} INFO - Sync 1 DAGs
[2026-06-30T08:34:09.524+0000] {logging_mixin.py:188} INFO - [2026-06-30T08:34:09.524+0000] {dag.py:3954} INFO - Setting next_dagrun for example_time_delta_sensor_async to None, run_after=None
[2026-06-30T08:34:09.540+0000] {processor.py:183} INFO - Processing /home/airflow/.local/lib/python3.12/site-packages/airflow/example_dags/example_time_delta_sensor_async.py took 0.053 seconds
[2026-06-30T08:34:40.091+0000] {processor.py:161} INFO - Started process (PID=23571) to work on /home/airflow/.local/lib/python3.12/site-packages/airflow/example_dags/example_time_delta_sensor_async.py
[2026-06-30T08:34:40.092+0000] {processor.py:830} INFO - Processing file /home/airflow/.local/lib/python3.12/site-packages/airflow/example_dags/example_time_delta_sensor_async.py for tasks to queue
[2026-06-30T08:34:40.093+0000] {logging_mixin.py:188} INFO - [2026-06-30T08:34:40.093+0000] {dagbag.py:545} INFO - Filling up the DagBag from /home/airflow/.local/lib/python3.12/site-packages/airflow/example_dags/example_time_delta_sensor_async.py
[2026-06-30T08:34:40.096+0000] {processor.py:840} INFO - DAG(s) 'example_time_delta_sensor_async' retrieved from /home/airflow/.local/lib/python3.12/site-packages/airflow/example_dags/example_time_delta_sensor_async.py
[2026-06-30T08:34:40.112+0000] {logging_mixin.py:188} INFO - [2026-06-30T08:34:40.112+0000] {dag.py:3096} INFO - Sync 1 DAGs
[2026-06-30T08:34:40.121+0000] {logging_mixin.py:188} INFO - [2026-06-30T08:34:40.121+0000] {dag.py:3954} INFO - Setting next_dagrun for example_time_delta_sensor_async to None, run_after=None
[2026-06-30T08:34:40.135+0000] {processor.py:183} INFO - Processing /home/airflow/.local/lib/python3.12/site-packages/airflow/example_dags/example_time_delta_sensor_async.py took 0.048 seconds
[2026-06-30T08:35:10.420+0000] {processor.py:161} INFO - Started process (PID=23629) to work on /home/airflow/.local/lib/python3.12/site-packages/airflow/example_dags/example_time_delta_sensor_async.py
[2026-06-30T08:35:10.421+0000] {processor.py:830} INFO - Processing file /home/airflow/.local/lib/python3.12/site-packages/airflow/example_dags/example_time_delta_sensor_async.py for tasks to queue
[2026-06-30T08:35:10.423+0000] {logging_mixin.py:188} INFO - [2026-06-30T08:35:10.423+0000] {dagbag.py:545} INFO - Filling up the DagBag from /home/airflow/.local/lib/python3.12/site-packages/airflow/example_dags/example_time_delta_sensor_async.py
[2026-06-30T08:35:10.431+0000] {processor.py:840} INFO - DAG(s) 'example_time_delta_sensor_async' retrieved from /home/airflow/.local/lib/python3.12/site-packages/airflow/example_dags/example_time_delta_sensor_async.py
[2026-06-30T08:35:10.449+0000] {logging_mixin.py:188} INFO - [2026-06-30T08:35:10.449+0000] {dag.py:3096} INFO - Sync 1 DAGs
[2026-06-30T08:35:10.458+0000] {logging_mixin.py:188} INFO - [2026-06-30T08:35:10.458+0000] {dag.py:3954} INFO - Setting next_dagrun for example_time_delta_sensor_async to None, run_after=None
[2026-06-30T08:35:10.471+0000] {processor.py:183} INFO - Processing /home/airflow/.local/lib/python3.12/site-packages/airflow/example_dags/example_time_delta_sensor_async.py took 0.058 seconds
[2026-06-30T08:35:40.877+0000] {processor.py:161} INFO - Started process (PID=23687) to work on /home/airflow/.local/lib/python3.12/site-packages/airflow/example_dags/example_time_delta_sensor_async.py
[2026-06-30T08:35:40.878+0000] {processor.py:830} INFO - Processing file /home/airflow/.local/lib/python3.12/site-packages/airflow/example_dags/example_time_delta_sensor_async.py for tasks to queue
[2026-06-30T08:35:40.879+0000] {logging_mixin.py:188} INFO - [2026-06-30T08:35:40.879+0000] {dagbag.py:545} INFO - Filling up the DagBag from /home/airflow/.local/lib/python3.12/site-packages/airflow/example_dags/example_time_delta_sensor_async.py
[2026-06-30T08:35:40.884+0000] {processor.py:840} INFO - DAG(s) 'example_time_delta_sensor_async' retrieved from /home/airflow/.local/lib/python3.12/site-packages/airflow/example_dags/example_time_delta_sensor_async.py
[2026-06-30T08:35:40.900+0000] {logging_mixin.py:188} INFO - [2026-06-30T08:35:40.900+0000] {dag.py:3096} INFO - Sync 1 DAGs
[2026-06-30T08:35:40.909+0000] {logging_mixin.py:188} INFO - [2026-06-30T08:35:40.909+0000] {dag.py:3954} INFO - Setting next_dagrun for example_time_delta_sensor_async to None, run_after=None
[2026-06-30T08:35:40.922+0000] {processor.py:183} INFO - Processing /home/airflow/.local/lib/python3.12/site-packages/airflow/example_dags/example_time_delta_sensor_async.py took 0.050 seconds
[2026-06-30T08:36:11.130+0000] {processor.py:161} INFO - Started process (PID=23745) to work on /home/airflow/.local/lib/python3.12/site-packages/airflow/example_dags/example_time_delta_sensor_async.py
[2026-06-30T08:36:11.131+0000] {processor.py:830} INFO - Processing file /home/airflow/.local/lib/python3.12/site-packages/airflow/example_dags/example_time_delta_sensor_async.py for tasks to queue
[2026-06-30T08:36:11.132+0000] {logging_mixin.py:188} INFO - [2026-06-30T08:36:11.132+0000] {dagbag.py:545} INFO - Filling up the DagBag from /home/airflow/.local/lib/python3.12/site-packages/airflow/example_dags/example_time_delta_sensor_async.py
[2026-06-30T08:36:11.136+0000] {processor.py:840} INFO - DAG(s) 'example_time_delta_sensor_async' retrieved from /home/airflow/.local/lib/python3.12/site-packages/airflow/example_dags/example_time_delta_sensor_async.py
[2026-06-30T08:36:11.151+0000] {logging_mixin.py:188} INFO - [2026-06-30T08:36:11.151+0000] {dag.py:3096} INFO - Sync 1 DAGs
[2026-06-30T08:36:11.159+0000] {logging_mixin.py:188} INFO - [2026-06-30T08:36:11.159+0000] {dag.py:3954} INFO - Setting next_dagrun for example_time_delta_sensor_async to None, run_after=None
[2026-06-30T08:36:11.171+0000] {processor.py:183} INFO - Processing /home/airflow/.local/lib/python3.12/site-packages/airflow/example_dags/example_time_delta_sensor_async.py took 0.045 seconds
[2026-06-30T08:36:41.694+0000] {processor.py:161} INFO - Started process (PID=23803) to work on /home/airflow/.local/lib/python3.12/site-packages/airflow/example_dags/example_time_delta_sensor_async.py
[2026-06-30T08:36:41.695+0000] {processor.py:830} INFO - Processing file /home/airflow/.local/lib/python3.12/site-packages/airflow/example_dags/example_time_delta_sensor_async.py for tasks to queue
[2026-06-30T08:36:41.695+0000] {logging_mixin.py:188} INFO - [2026-06-30T08:36:41.695+0000] {dagbag.py:545} INFO - Filling up the DagBag from /home/airflow/.local/lib/python3.12/site-packages/airflow/example_dags/example_time_delta_sensor_async.py
[2026-06-30T08:36:41.699+0000] {processor.py:840} INFO - DAG(s) 'example_time_delta_sensor_async' retrieved from /home/airflow/.local/lib/python3.12/site-packages/airflow/example_dags/example_time_delta_sensor_async.py
[2026-06-30T08:36:41.715+0000] {logging_mixin.py:188} INFO - [2026-06-30T08:36:41.715+0000] {dag.py:3096} INFO - Sync 1 DAGs
[2026-06-30T08:36:41.724+0000] {logging_mixin.py:188} INFO - [2026-06-30T08:36:41.724+0000] {dag.py:3954} INFO - Setting next_dagrun for example_time_delta_sensor_async to None, run_after=None
[2026-06-30T08:36:41.738+0000] {processor.py:183} INFO - Processing /home/airflow/.local/lib/python3.12/site-packages/airflow/example_dags/example_time_delta_sensor_async.py took 0.049 seconds
[2026-06-30T08:37:11.979+0000] {processor.py:161} INFO - Started process (PID=23868) to work on /home/airflow/.local/lib/python3.12/site-packages/airflow/example_dags/example_time_delta_sensor_async.py
[2026-06-30T08:37:11.979+0000] {processor.py:830} INFO - Processing file /home/airflow/.local/lib/python3.12/site-packages/airflow/example_dags/example_time_delta_sensor_async.py for tasks to queue
[2026-06-30T08:37:11.980+0000] {logging_mixin.py:188} INFO - [2026-06-30T08:37:11.980+0000] {dagbag.py:545} INFO - Filling up the DagBag from /home/airflow/.local/lib/python3.12/site-packages/airflow/example_dags/example_time_delta_sensor_async.py
[2026-06-30T08:37:11.984+0000] {processor.py:840} INFO - DAG(s) 'example_time_delta_sensor_async' retrieved from /home/airflow/.local/lib/python3.12/site-packages/airflow/example_dags/example_time_delta_sensor_async.py
[2026-06-30T08:37:11.998+0000] {logging_mixin.py:188} INFO - [2026-06-30T08:37:11.998+0000] {dag.py:3096} INFO - Sync 1 DAGs
[2026-06-30T08:37:12.009+0000] {logging_mixin.py:188} INFO - [2026-06-30T08:37:12.009+0000] {dag.py:3954} INFO - Setting next_dagrun for example_time_delta_sensor_async to None, run_after=None
[2026-06-30T08:37:12.022+0000] {processor.py:183} INFO - Processing /home/airflow/.local/lib/python3.12/site-packages/airflow/example_dags/example_time_delta_sensor_async.py took 0.047 seconds
[2026-06-30T08:37:42.364+0000] {processor.py:161} INFO - Started process (PID=23926) to work on /home/airflow/.local/lib/python3.12/site-packages/airflow/example_dags/example_time_delta_sensor_async.py
[2026-06-30T08:37:42.365+0000] {processor.py:830} INFO - Processing file /home/airflow/.local/lib/python3.12/site-packages/airflow/example_dags/example_time_delta_sensor_async.py for tasks to queue
[2026-06-30T08:37:42.368+0000] {logging_mixin.py:188} INFO - [2026-06-30T08:37:42.368+0000] {dagbag.py:545} INFO - Filling up the DagBag from /home/airflow/.local/lib/python3.12/site-packages/airflow/example_dags/example_time_delta_sensor_async.py
[2026-06-30T08:37:42.373+0000] {processor.py:840} INFO - DAG(s) 'example_time_delta_sensor_async' retrieved from /home/airflow/.local/lib/python3.12/site-packages/airflow/example_dags/example_time_delta_sensor_async.py
[2026-06-30T08:37:42.387+0000] {logging_mixin.py:188} INFO - [2026-06-30T08:37:42.387+0000] {dag.py:3096} INFO - Sync 1 DAGs
[2026-06-30T08:37:42.396+0000] {logging_mixin.py:188} INFO - [2026-06-30T08:37:42.395+0000] {dag.py:3954} INFO - Setting next_dagrun for example_time_delta_sensor_async to None, run_after=None
[2026-06-30T08:37:42.409+0000] {processor.py:183} INFO - Processing /home/airflow/.local/lib/python3.12/site-packages/airflow/example_dags/example_time_delta_sensor_async.py took 0.050 seconds
[2026-06-30T08:38:12.809+0000] {processor.py:161} INFO - Started process (PID=23984) to work on /home/airflow/.local/lib/python3.12/site-packages/airflow/example_dags/example_time_delta_sensor_async.py
[2026-06-30T08:38:12.811+0000] {processor.py:830} INFO - Processing file /home/airflow/.local/lib/python3.12/site-packages/airflow/example_dags/example_time_delta_sensor_async.py for tasks to queue
[2026-06-30T08:38:12.813+0000] {logging_mixin.py:188} INFO - [2026-06-30T08:38:12.812+0000] {dagbag.py:545} INFO - Filling up the DagBag from /home/airflow/.local/lib/python3.12/site-packages/airflow/example_dags/example_time_delta_sensor_async.py
[2026-06-30T08:38:12.820+0000] {processor.py:840} INFO - DAG(s) 'example_time_delta_sensor_async' retrieved from /home/airflow/.local/lib/python3.12/site-packages/airflow/example_dags/example_time_delta_sensor_async.py
[2026-06-30T08:38:12.852+0000] {logging_mixin.py:188} INFO - [2026-06-30T08:38:12.852+0000] {dag.py:3096} INFO - Sync 1 DAGs
[2026-06-30T08:38:12.866+0000] {logging_mixin.py:188} INFO - [2026-06-30T08:38:12.866+0000] {dag.py:3954} INFO - Setting next_dagrun for example_time_delta_sensor_async to None, run_after=None
[2026-06-30T08:38:12.884+0000] {processor.py:183} INFO - Processing /home/airflow/.local/lib/python3.12/site-packages/airflow/example_dags/example_time_delta_sensor_async.py took 0.083 seconds
[2026-06-30T08:38:43.353+0000] {processor.py:161} INFO - Started process (PID=24042) to work on /home/airflow/.local/lib/python3.12/site-packages/airflow/example_dags/example_time_delta_sensor_async.py
[2026-06-30T08:38:43.354+0000] {processor.py:830} INFO - Processing file /home/airflow/.local/lib/python3.12/site-packages/airflow/example_dags/example_time_delta_sensor_async.py for tasks to queue
[2026-06-30T08:38:43.355+0000] {logging_mixin.py:188} INFO - [2026-06-30T08:38:43.355+0000] {dagbag.py:545} INFO - Filling up the DagBag from /home/airflow/.local/lib/python3.12/site-packages/airflow/example_dags/example_time_delta_sensor_async.py
[2026-06-30T08:38:43.358+0000] {processor.py:840} INFO - DAG(s) 'example_time_delta_sensor_async' retrieved from /home/airflow/.local/lib/python3.12/site-packages/airflow/example_dags/example_time_delta_sensor_async.py
[2026-06-30T08:38:43.373+0000] {logging_mixin.py:188} INFO - [2026-06-30T08:38:43.373+0000] {dag.py:3096} INFO - Sync 1 DAGs
[2026-06-30T08:38:43.382+0000] {logging_mixin.py:188} INFO - [2026-06-30T08:38:43.382+0000] {dag.py:3954} INFO - Setting next_dagrun for example_time_delta_sensor_async to None, run_after=None
[2026-06-30T08:38:43.399+0000] {processor.py:183} INFO - Processing /home/airflow/.local/lib/python3.12/site-packages/airflow/example_dags/example_time_delta_sensor_async.py took 0.050 seconds
[2026-06-30T08:39:13.833+0000] {processor.py:161} INFO - Started process (PID=24100) to work on /home/airflow/.local/lib/python3.12/site-packages/airflow/example_dags/example_time_delta_sensor_async.py
[2026-06-30T08:39:13.834+0000] {processor.py:830} INFO - Processing file /home/airflow/.local/lib/python3.12/site-packages/airflow/example_dags/example_time_delta_sensor_async.py for tasks to queue
[2026-06-30T08:39:13.835+0000] {logging_mixin.py:188} INFO - [2026-06-30T08:39:13.835+0000] {dagbag.py:545} INFO - Filling up the DagBag from /home/airflow/.local/lib/python3.12/site-packages/airflow/example_dags/example_time_delta_sensor_async.py
[2026-06-30T08:39:13.839+0000] {processor.py:840} INFO - DAG(s) 'example_time_delta_sensor_async' retrieved from /home/airflow/.local/lib/python3.12/site-packages/airflow/example_dags/example_time_delta_sensor_async.py
[2026-06-30T08:39:13.855+0000] {logging_mixin.py:188} INFO - [2026-06-30T08:39:13.855+0000] {dag.py:3096} INFO - Sync 1 DAGs
[2026-06-30T08:39:13.864+0000] {logging_mixin.py:188} INFO - [2026-06-30T08:39:13.864+0000] {dag.py:3954} INFO - Setting next_dagrun for example_time_delta_sensor_async to None, run_after=None
[2026-06-30T08:39:13.876+0000] {processor.py:183} INFO - Processing /home/airflow/.local/lib/python3.12/site-packages/airflow/example_dags/example_time_delta_sensor_async.py took 0.048 seconds
[2026-06-30T08:39:44.482+0000] {processor.py:161} INFO - Started process (PID=24158) to work on /home/airflow/.local/lib/python3.12/site-packages/airflow/example_dags/example_time_delta_sensor_async.py
[2026-06-30T08:39:44.484+0000] {processor.py:830} INFO - Processing file /home/airflow/.local/lib/python3.12/site-packages/airflow/example_dags/example_time_delta_sensor_async.py for tasks to queue
[2026-06-30T08:39:44.487+0000] {logging_mixin.py:188} INFO - [2026-06-30T08:39:44.487+0000] {dagbag.py:545} INFO - Filling up the DagBag from /home/airflow/.local/lib/python3.12/site-packages/airflow/example_dags/example_time_delta_sensor_async.py
[2026-06-30T08:39:44.491+0000] {processor.py:840} INFO - DAG(s) 'example_time_delta_sensor_async' retrieved from /home/airflow/.local/lib/python3.12/site-packages/airflow/example_dags/example_time_delta_sensor_async.py
[2026-06-30T08:39:44.507+0000] {logging_mixin.py:188} INFO - [2026-06-30T08:39:44.507+0000] {dag.py:3096} INFO - Sync 1 DAGs
[2026-06-30T08:39:44.515+0000] {logging_mixin.py:188} INFO - [2026-06-30T08:39:44.515+0000] {dag.py:3954} INFO - Setting next_dagrun for example_time_delta_sensor_async to None, run_after=None
[2026-06-30T08:39:44.528+0000] {processor.py:183} INFO - Processing /home/airflow/.local/lib/python3.12/site-packages/airflow/example_dags/example_time_delta_sensor_async.py took 0.051 seconds
[2026-06-30T08:40:14.881+0000] {processor.py:161} INFO - Started process (PID=24216) to work on /home/airflow/.local/lib/python3.12/site-packages/airflow/example_dags/example_time_delta_sensor_async.py
[2026-06-30T08:40:14.882+0000] {processor.py:830} INFO - Processing file /home/airflow/.local/lib/python3.12/site-packages/airflow/example_dags/example_time_delta_sensor_async.py for tasks to queue
[2026-06-30T08:40:14.883+0000] {logging_mixin.py:188} INFO - [2026-06-30T08:40:14.883+0000] {dagbag.py:545} INFO - Filling up the DagBag from /home/airflow/.local/lib/python3.12/site-packages/airflow/example_dags/example_time_delta_sensor_async.py
[2026-06-30T08:40:14.887+0000] {processor.py:840} INFO - DAG(s) 'example_time_delta_sensor_async' retrieved from /home/airflow/.local/lib/python3.12/site-packages/airflow/example_dags/example_time_delta_sensor_async.py
[2026-06-30T08:40:14.903+0000] {logging_mixin.py:188} INFO - [2026-06-30T08:40:14.903+0000] {dag.py:3096} INFO - Sync 1 DAGs
[2026-06-30T08:40:14.912+0000] {logging_mixin.py:188} INFO - [2026-06-30T08:40:14.912+0000] {dag.py:3954} INFO - Setting next_dagrun for example_time_delta_sensor_async to None, run_after=None
[2026-06-30T08:40:14.926+0000] {processor.py:183} INFO - Processing /home/airflow/.local/lib/python3.12/site-packages/airflow/example_dags/example_time_delta_sensor_async.py took 0.050 seconds
[2026-06-30T08:40:45.525+0000] {processor.py:161} INFO - Started process (PID=24274) to work on /home/airflow/.local/lib/python3.12/site-packages/airflow/example_dags/example_time_delta_sensor_async.py
[2026-06-30T08:40:45.526+0000] {processor.py:830} INFO - Processing file /home/airflow/.local/lib/python3.12/site-packages/airflow/example_dags/example_time_delta_sensor_async.py for tasks to queue
[2026-06-30T08:40:45.527+0000] {logging_mixin.py:188} INFO - [2026-06-30T08:40:45.527+0000] {dagbag.py:545} INFO - Filling up the DagBag from /home/airflow/.local/lib/python3.12/site-packages/airflow/example_dags/example_time_delta_sensor_async.py
[2026-06-30T08:40:45.531+0000] {processor.py:840} INFO - DAG(s) 'example_time_delta_sensor_async' retrieved from /home/airflow/.local/lib/python3.12/site-packages/airflow/example_dags/example_time_delta_sensor_async.py
[2026-06-30T08:40:45.547+0000] {logging_mixin.py:188} INFO - [2026-06-30T08:40:45.547+0000] {dag.py:3096} INFO - Sync 1 DAGs
[2026-06-30T08:40:45.555+0000] {logging_mixin.py:188} INFO - [2026-06-30T08:40:45.555+0000] {dag.py:3954} INFO - Setting next_dagrun for example_time_delta_sensor_async to None, run_after=None
[2026-06-30T08:40:45.568+0000] {processor.py:183} INFO - Processing /home/airflow/.local/lib/python3.12/site-packages/airflow/example_dags/example_time_delta_sensor_async.py took 0.047 seconds
[2026-06-30T08:41:16.212+0000] {processor.py:161} INFO - Started process (PID=24332) to work on /home/airflow/.local/lib/python3.12/site-packages/airflow/example_dags/example_time_delta_sensor_async.py
[2026-06-30T08:41:16.212+0000] {processor.py:830} INFO - Processing file /home/airflow/.local/lib/python3.12/site-packages/airflow/example_dags/example_time_delta_sensor_async.py for tasks to queue
[2026-06-30T08:41:16.213+0000] {logging_mixin.py:188} INFO - [2026-06-30T08:41:16.213+0000] {dagbag.py:545} INFO - Filling up the DagBag from /home/airflow/.local/lib/python3.12/site-packages/airflow/example_dags/example_time_delta_sensor_async.py
[2026-06-30T08:41:16.217+0000] {processor.py:840} INFO - DAG(s) 'example_time_delta_sensor_async' retrieved from /home/airflow/.local/lib/python3.12/site-packages/airflow/example_dags/example_time_delta_sensor_async.py
[2026-06-30T08:41:16.231+0000] {logging_mixin.py:188} INFO - [2026-06-30T08:41:16.230+0000] {dag.py:3096} INFO - Sync 1 DAGs
[2026-06-30T08:41:16.239+0000] {logging_mixin.py:188} INFO - [2026-06-30T08:41:16.239+0000] {dag.py:3954} INFO - Setting next_dagrun for example_time_delta_sensor_async to None, run_after=None
[2026-06-30T08:41:16.251+0000] {processor.py:183} INFO - Processing /home/airflow/.local/lib/python3.12/site-packages/airflow/example_dags/example_time_delta_sensor_async.py took 0.044 seconds
[2026-06-30T08:41:46.721+0000] {processor.py:161} INFO - Started process (PID=24390) to work on /home/airflow/.local/lib/python3.12/site-packages/airflow/example_dags/example_time_delta_sensor_async.py
[2026-06-30T08:41:46.722+0000] {processor.py:830} INFO - Processing file /home/airflow/.local/lib/python3.12/site-packages/airflow/example_dags/example_time_delta_sensor_async.py for tasks to queue
[2026-06-30T08:41:46.725+0000] {logging_mixin.py:188} INFO - [2026-06-30T08:41:46.725+0000] {dagbag.py:545} INFO - Filling up the DagBag from /home/airflow/.local/lib/python3.12/site-packages/airflow/example_dags/example_time_delta_sensor_async.py
[2026-06-30T08:41:46.729+0000] {processor.py:840} INFO - DAG(s) 'example_time_delta_sensor_async' retrieved from /home/airflow/.local/lib/python3.12/site-packages/airflow/example_dags/example_time_delta_sensor_async.py
[2026-06-30T08:41:46.744+0000] {logging_mixin.py:188} INFO - [2026-06-30T08:41:46.744+0000] {dag.py:3096} INFO - Sync 1 DAGs
[2026-06-30T08:41:46.753+0000] {logging_mixin.py:188} INFO - [2026-06-30T08:41:46.753+0000] {dag.py:3954} INFO - Setting next_dagrun for example_time_delta_sensor_async to None, run_after=None
[2026-06-30T08:41:46.767+0000] {processor.py:183} INFO - Processing /home/airflow/.local/lib/python3.12/site-packages/airflow/example_dags/example_time_delta_sensor_async.py took 0.050 seconds
[2026-06-30T08:42:17.115+0000] {processor.py:161} INFO - Started process (PID=24448) to work on /home/airflow/.local/lib/python3.12/site-packages/airflow/example_dags/example_time_delta_sensor_async.py
[2026-06-30T08:42:17.116+0000] {processor.py:830} INFO - Processing file /home/airflow/.local/lib/python3.12/site-packages/airflow/example_dags/example_time_delta_sensor_async.py for tasks to queue
[2026-06-30T08:42:17.117+0000] {logging_mixin.py:188} INFO - [2026-06-30T08:42:17.117+0000] {dagbag.py:545} INFO - Filling up the DagBag from /home/airflow/.local/lib/python3.12/site-packages/airflow/example_dags/example_time_delta_sensor_async.py
[2026-06-30T08:42:17.120+0000] {processor.py:840} INFO - DAG(s) 'example_time_delta_sensor_async' retrieved from /home/airflow/.local/lib/python3.12/site-packages/airflow/example_dags/example_time_delta_sensor_async.py
[2026-06-30T08:42:17.135+0000] {logging_mixin.py:188} INFO - [2026-06-30T08:42:17.135+0000] {dag.py:3096} INFO - Sync 1 DAGs
[2026-06-30T08:42:17.144+0000] {logging_mixin.py:188} INFO - [2026-06-30T08:42:17.143+0000] {dag.py:3954} INFO - Setting next_dagrun for example_time_delta_sensor_async to None, run_after=None
[2026-06-30T08:42:17.156+0000] {processor.py:183} INFO - Processing /home/airflow/.local/lib/python3.12/site-packages/airflow/example_dags/example_time_delta_sensor_async.py took 0.045 seconds
[2026-06-30T08:42:47.836+0000] {processor.py:161} INFO - Started process (PID=24506) to work on /home/airflow/.local/lib/python3.12/site-packages/airflow/example_dags/example_time_delta_sensor_async.py
[2026-06-30T08:42:47.837+0000] {processor.py:830} INFO - Processing file /home/airflow/.local/lib/python3.12/site-packages/airflow/example_dags/example_time_delta_sensor_async.py for tasks to queue
[2026-06-30T08:42:47.838+0000] {logging_mixin.py:188} INFO - [2026-06-30T08:42:47.838+0000] {dagbag.py:545} INFO - Filling up the DagBag from /home/airflow/.local/lib/python3.12/site-packages/airflow/example_dags/example_time_delta_sensor_async.py
[2026-06-30T08:42:47.842+0000] {processor.py:840} INFO - DAG(s) 'example_time_delta_sensor_async' retrieved from /home/airflow/.local/lib/python3.12/site-packages/airflow/example_dags/example_time_delta_sensor_async.py
[2026-06-30T08:42:47.861+0000] {logging_mixin.py:188} INFO - [2026-06-30T08:42:47.861+0000] {dag.py:3096} INFO - Sync 1 DAGs
[2026-06-30T08:42:47.871+0000] {logging_mixin.py:188} INFO - [2026-06-30T08:42:47.871+0000] {dag.py:3954} INFO - Setting next_dagrun for example_time_delta_sensor_async to None, run_after=None
[2026-06-30T08:42:47.886+0000] {processor.py:183} INFO - Processing /home/airflow/.local/lib/python3.12/site-packages/airflow/example_dags/example_time_delta_sensor_async.py took 0.055 seconds
[2026-06-30T08:43:17.936+0000] {processor.py:161} INFO - Started process (PID=24564) to work on /home/airflow/.local/lib/python3.12/site-packages/airflow/example_dags/example_time_delta_sensor_async.py
[2026-06-30T08:43:17.938+0000] {processor.py:830} INFO - Processing file /home/airflow/.local/lib/python3.12/site-packages/airflow/example_dags/example_time_delta_sensor_async.py for tasks to queue
[2026-06-30T08:43:17.938+0000] {logging_mixin.py:188} INFO - [2026-06-30T08:43:17.938+0000] {dagbag.py:545} INFO - Filling up the DagBag from /home/airflow/.local/lib/python3.12/site-packages/airflow/example_dags/example_time_delta_sensor_async.py
[2026-06-30T08:43:17.942+0000] {processor.py:840} INFO - DAG(s) 'example_time_delta_sensor_async' retrieved from /home/airflow/.local/lib/python3.12/site-packages/airflow/example_dags/example_time_delta_sensor_async.py
[2026-06-30T08:43:17.957+0000] {logging_mixin.py:188} INFO - [2026-06-30T08:43:17.957+0000] {dag.py:3096} INFO - Sync 1 DAGs
[2026-06-30T08:43:17.966+0000] {logging_mixin.py:188} INFO - [2026-06-30T08:43:17.966+0000] {dag.py:3954} INFO - Setting next_dagrun for example_time_delta_sensor_async to None, run_after=None
[2026-06-30T08:43:17.979+0000] {processor.py:183} INFO - Processing /home/airflow/.local/lib/python3.12/site-packages/airflow/example_dags/example_time_delta_sensor_async.py took 0.047 seconds
[2026-06-30T08:43:48.399+0000] {processor.py:161} INFO - Started process (PID=24622) to work on /home/airflow/.local/lib/python3.12/site-packages/airflow/example_dags/example_time_delta_sensor_async.py
[2026-06-30T08:43:48.401+0000] {processor.py:830} INFO - Processing file /home/airflow/.local/lib/python3.12/site-packages/airflow/example_dags/example_time_delta_sensor_async.py for tasks to queue
[2026-06-30T08:43:48.405+0000] {logging_mixin.py:188} INFO - [2026-06-30T08:43:48.404+0000] {dagbag.py:545} INFO - Filling up the DagBag from /home/airflow/.local/lib/python3.12/site-packages/airflow/example_dags/example_time_delta_sensor_async.py
[2026-06-30T08:43:48.409+0000] {processor.py:840} INFO - DAG(s) 'example_time_delta_sensor_async' retrieved from /home/airflow/.local/lib/python3.12/site-packages/airflow/example_dags/example_time_delta_sensor_async.py
[2026-06-30T08:43:48.429+0000] {logging_mixin.py:188} INFO - [2026-06-30T08:43:48.429+0000] {dag.py:3096} INFO - Sync 1 DAGs
[2026-06-30T08:43:48.443+0000] {logging_mixin.py:188} INFO - [2026-06-30T08:43:48.442+0000] {dag.py:3954} INFO - Setting next_dagrun for example_time_delta_sensor_async to None, run_after=None
[2026-06-30T08:43:48.459+0000] {processor.py:183} INFO - Processing /home/airflow/.local/lib/python3.12/site-packages/airflow/example_dags/example_time_delta_sensor_async.py took 0.065 seconds
[2026-06-30T08:44:18.767+0000] {processor.py:161} INFO - Started process (PID=24680) to work on /home/airflow/.local/lib/python3.12/site-packages/airflow/example_dags/example_time_delta_sensor_async.py
[2026-06-30T08:44:18.768+0000] {processor.py:830} INFO - Processing file /home/airflow/.local/lib/python3.12/site-packages/airflow/example_dags/example_time_delta_sensor_async.py for tasks to queue
[2026-06-30T08:44:18.769+0000] {logging_mixin.py:188} INFO - [2026-06-30T08:44:18.769+0000] {dagbag.py:545} INFO - Filling up the DagBag from /home/airflow/.local/lib/python3.12/site-packages/airflow/example_dags/example_time_delta_sensor_async.py
[2026-06-30T08:44:18.773+0000] {processor.py:840} INFO - DAG(s) 'example_time_delta_sensor_async' retrieved from /home/airflow/.local/lib/python3.12/site-packages/airflow/example_dags/example_time_delta_sensor_async.py
[2026-06-30T08:44:18.792+0000] {logging_mixin.py:188} INFO - [2026-06-30T08:44:18.791+0000] {dag.py:3096} INFO - Sync 1 DAGs
[2026-06-30T08:44:18.802+0000] {logging_mixin.py:188} INFO - [2026-06-30T08:44:18.802+0000] {dag.py:3954} INFO - Setting next_dagrun for example_time_delta_sensor_async to None, run_after=None
[2026-06-30T08:44:18.817+0000] {processor.py:183} INFO - Processing /home/airflow/.local/lib/python3.12/site-packages/airflow/example_dags/example_time_delta_sensor_async.py took 0.055 seconds
[2026-06-30T08:44:49.173+0000] {processor.py:161} INFO - Started process (PID=24738) to work on /home/airflow/.local/lib/python3.12/site-packages/airflow/example_dags/example_time_delta_sensor_async.py
[2026-06-30T08:44:49.174+0000] {processor.py:830} INFO - Processing file /home/airflow/.local/lib/python3.12/site-packages/airflow/example_dags/example_time_delta_sensor_async.py for tasks to queue
[2026-06-30T08:44:49.175+0000] {logging_mixin.py:188} INFO - [2026-06-30T08:44:49.174+0000] {dagbag.py:545} INFO - Filling up the DagBag from /home/airflow/.local/lib/python3.12/site-packages/airflow/example_dags/example_time_delta_sensor_async.py
[2026-06-30T08:44:49.179+0000] {processor.py:840} INFO - DAG(s) 'example_time_delta_sensor_async' retrieved from /home/airflow/.local/lib/python3.12/site-packages/airflow/example_dags/example_time_delta_sensor_async.py
[2026-06-30T08:44:49.199+0000] {logging_mixin.py:188} INFO - [2026-06-30T08:44:49.198+0000] {dag.py:3096} INFO - Sync 1 DAGs
[2026-06-30T08:44:49.209+0000] {logging_mixin.py:188} INFO - [2026-06-30T08:44:49.208+0000] {dag.py:3954} INFO - Setting next_dagrun for example_time_delta_sensor_async to None, run_after=None
[2026-06-30T08:44:49.225+0000] {processor.py:183} INFO - Processing /home/airflow/.local/lib/python3.12/site-packages/airflow/example_dags/example_time_delta_sensor_async.py took 0.057 seconds
[2026-06-30T08:45:19.687+0000] {processor.py:161} INFO - Started process (PID=24796) to work on /home/airflow/.local/lib/python3.12/site-packages/airflow/example_dags/example_time_delta_sensor_async.py
[2026-06-30T08:45:19.688+0000] {processor.py:830} INFO - Processing file /home/airflow/.local/lib/python3.12/site-packages/airflow/example_dags/example_time_delta_sensor_async.py for tasks to queue
[2026-06-30T08:45:19.689+0000] {logging_mixin.py:188} INFO - [2026-06-30T08:45:19.689+0000] {dagbag.py:545} INFO - Filling up the DagBag from /home/airflow/.local/lib/python3.12/site-packages/airflow/example_dags/example_time_delta_sensor_async.py
[2026-06-30T08:45:19.695+0000] {processor.py:840} INFO - DAG(s) 'example_time_delta_sensor_async' retrieved from /home/airflow/.local/lib/python3.12/site-packages/airflow/example_dags/example_time_delta_sensor_async.py
[2026-06-30T08:45:19.713+0000] {logging_mixin.py:188} INFO - [2026-06-30T08:45:19.713+0000] {dag.py:3096} INFO - Sync 1 DAGs
[2026-06-30T08:45:19.723+0000] {logging_mixin.py:188} INFO - [2026-06-30T08:45:19.723+0000] {dag.py:3954} INFO - Setting next_dagrun for example_time_delta_sensor_async to None, run_after=None
[2026-06-30T08:45:19.740+0000] {processor.py:183} INFO - Processing /home/airflow/.local/lib/python3.12/site-packages/airflow/example_dags/example_time_delta_sensor_async.py took 0.059 seconds
[2026-06-30T08:45:50.400+0000] {processor.py:161} INFO - Started process (PID=24854) to work on /home/airflow/.local/lib/python3.12/site-packages/airflow/example_dags/example_time_delta_sensor_async.py
[2026-06-30T08:45:50.401+0000] {processor.py:830} INFO - Processing file /home/airflow/.local/lib/python3.12/site-packages/airflow/example_dags/example_time_delta_sensor_async.py for tasks to queue
[2026-06-30T08:45:50.402+0000] {logging_mixin.py:188} INFO - [2026-06-30T08:45:50.402+0000] {dagbag.py:545} INFO - Filling up the DagBag from /home/airflow/.local/lib/python3.12/site-packages/airflow/example_dags/example_time_delta_sensor_async.py
[2026-06-30T08:45:50.406+0000] {processor.py:840} INFO - DAG(s) 'example_time_delta_sensor_async' retrieved from /home/airflow/.local/lib/python3.12/site-packages/airflow/example_dags/example_time_delta_sensor_async.py
[2026-06-30T08:45:50.424+0000] {logging_mixin.py:188} INFO - [2026-06-30T08:45:50.424+0000] {dag.py:3096} INFO - Sync 1 DAGs
[2026-06-30T08:45:50.434+0000] {logging_mixin.py:188} INFO - [2026-06-30T08:45:50.434+0000] {dag.py:3954} INFO - Setting next_dagrun for example_time_delta_sensor_async to None, run_after=None
[2026-06-30T08:45:50.454+0000] {processor.py:183} INFO - Processing /home/airflow/.local/lib/python3.12/site-packages/airflow/example_dags/example_time_delta_sensor_async.py took 0.059 seconds
[2026-06-30T08:46:20.985+0000] {processor.py:161} INFO - Started process (PID=24912) to work on /home/airflow/.local/lib/python3.12/site-packages/airflow/example_dags/example_time_delta_sensor_async.py
[2026-06-30T08:46:20.986+0000] {processor.py:830} INFO - Processing file /home/airflow/.local/lib/python3.12/site-packages/airflow/example_dags/example_time_delta_sensor_async.py for tasks to queue
[2026-06-30T08:46:20.987+0000] {logging_mixin.py:188} INFO - [2026-06-30T08:46:20.987+0000] {dagbag.py:545} INFO - Filling up the DagBag from /home/airflow/.local/lib/python3.12/site-packages/airflow/example_dags/example_time_delta_sensor_async.py
[2026-06-30T08:46:20.991+0000] {processor.py:840} INFO - DAG(s) 'example_time_delta_sensor_async' retrieved from /home/airflow/.local/lib/python3.12/site-packages/airflow/example_dags/example_time_delta_sensor_async.py
[2026-06-30T08:46:21.012+0000] {logging_mixin.py:188} INFO - [2026-06-30T08:46:21.011+0000] {dag.py:3096} INFO - Sync 1 DAGs
[2026-06-30T08:46:21.022+0000] {logging_mixin.py:188} INFO - [2026-06-30T08:46:21.021+0000] {dag.py:3954} INFO - Setting next_dagrun for example_time_delta_sensor_async to None, run_after=None
[2026-06-30T08:46:21.037+0000] {processor.py:183} INFO - Processing /home/airflow/.local/lib/python3.12/site-packages/airflow/example_dags/example_time_delta_sensor_async.py took 0.058 seconds
[2026-06-30T08:46:51.541+0000] {processor.py:161} INFO - Started process (PID=24970) to work on /home/airflow/.local/lib/python3.12/site-packages/airflow/example_dags/example_time_delta_sensor_async.py
[2026-06-30T08:46:51.542+0000] {processor.py:830} INFO - Processing file /home/airflow/.local/lib/python3.12/site-packages/airflow/example_dags/example_time_delta_sensor_async.py for tasks to queue
[2026-06-30T08:46:51.544+0000] {logging_mixin.py:188} INFO - [2026-06-30T08:46:51.543+0000] {dagbag.py:545} INFO - Filling up the DagBag from /home/airflow/.local/lib/python3.12/site-packages/airflow/example_dags/example_time_delta_sensor_async.py
[2026-06-30T08:46:51.548+0000] {processor.py:840} INFO - DAG(s) 'example_time_delta_sensor_async' retrieved from /home/airflow/.local/lib/python3.12/site-packages/airflow/example_dags/example_time_delta_sensor_async.py
[2026-06-30T08:46:51.569+0000] {logging_mixin.py:188} INFO - [2026-06-30T08:46:51.568+0000] {dag.py:3096} INFO - Sync 1 DAGs
[2026-06-30T08:46:51.579+0000] {logging_mixin.py:188} INFO - [2026-06-30T08:46:51.579+0000] {dag.py:3954} INFO - Setting next_dagrun for example_time_delta_sensor_async to None, run_after=None
[2026-06-30T08:46:51.594+0000] {processor.py:183} INFO - Processing /home/airflow/.local/lib/python3.12/site-packages/airflow/example_dags/example_time_delta_sensor_async.py took 0.058 seconds
[2026-06-30T08:47:22.061+0000] {processor.py:161} INFO - Started process (PID=25028) to work on /home/airflow/.local/lib/python3.12/site-packages/airflow/example_dags/example_time_delta_sensor_async.py
[2026-06-30T08:47:22.062+0000] {processor.py:830} INFO - Processing file /home/airflow/.local/lib/python3.12/site-packages/airflow/example_dags/example_time_delta_sensor_async.py for tasks to queue
[2026-06-30T08:47:22.063+0000] {logging_mixin.py:188} INFO - [2026-06-30T08:47:22.062+0000] {dagbag.py:545} INFO - Filling up the DagBag from /home/airflow/.local/lib/python3.12/site-packages/airflow/example_dags/example_time_delta_sensor_async.py
[2026-06-30T08:47:22.066+0000] {processor.py:840} INFO - DAG(s) 'example_time_delta_sensor_async' retrieved from /home/airflow/.local/lib/python3.12/site-packages/airflow/example_dags/example_time_delta_sensor_async.py
[2026-06-30T08:47:22.082+0000] {logging_mixin.py:188} INFO - [2026-06-30T08:47:22.082+0000] {dag.py:3096} INFO - Sync 1 DAGs
[2026-06-30T08:47:22.092+0000] {logging_mixin.py:188} INFO - [2026-06-30T08:47:22.092+0000] {dag.py:3954} INFO - Setting next_dagrun for example_time_delta_sensor_async to None, run_after=None
[2026-06-30T08:47:22.106+0000] {processor.py:183} INFO - Processing /home/airflow/.local/lib/python3.12/site-packages/airflow/example_dags/example_time_delta_sensor_async.py took 0.050 seconds
[2026-06-30T08:47:52.592+0000] {processor.py:161} INFO - Started process (PID=25086) to work on /home/airflow/.local/lib/python3.12/site-packages/airflow/example_dags/example_time_delta_sensor_async.py
[2026-06-30T08:47:52.593+0000] {processor.py:830} INFO - Processing file /home/airflow/.local/lib/python3.12/site-packages/airflow/example_dags/example_time_delta_sensor_async.py for tasks to queue
[2026-06-30T08:47:52.594+0000] {logging_mixin.py:188} INFO - [2026-06-30T08:47:52.594+0000] {dagbag.py:545} INFO - Filling up the DagBag from /home/airflow/.local/lib/python3.12/site-packages/airflow/example_dags/example_time_delta_sensor_async.py
[2026-06-30T08:47:52.599+0000] {processor.py:840} INFO - DAG(s) 'example_time_delta_sensor_async' retrieved from /home/airflow/.local/lib/python3.12/site-packages/airflow/example_dags/example_time_delta_sensor_async.py
[2026-06-30T08:47:52.616+0000] {logging_mixin.py:188} INFO - [2026-06-30T08:47:52.616+0000] {dag.py:3096} INFO - Sync 1 DAGs
[2026-06-30T08:47:52.626+0000] {logging_mixin.py:188} INFO - [2026-06-30T08:47:52.626+0000] {dag.py:3954} INFO - Setting next_dagrun for example_time_delta_sensor_async to None, run_after=None
[2026-06-30T08:47:52.640+0000] {processor.py:183} INFO - Processing /home/airflow/.local/lib/python3.12/site-packages/airflow/example_dags/example_time_delta_sensor_async.py took 0.053 seconds
[2026-06-30T08:48:23.215+0000] {processor.py:161} INFO - Started process (PID=25144) to work on /home/airflow/.local/lib/python3.12/site-packages/airflow/example_dags/example_time_delta_sensor_async.py
[2026-06-30T08:48:23.216+0000] {processor.py:830} INFO - Processing file /home/airflow/.local/lib/python3.12/site-packages/airflow/example_dags/example_time_delta_sensor_async.py for tasks to queue
[2026-06-30T08:48:23.218+0000] {logging_mixin.py:188} INFO - [2026-06-30T08:48:23.218+0000] {dagbag.py:545} INFO - Filling up the DagBag from /home/airflow/.local/lib/python3.12/site-packages/airflow/example_dags/example_time_delta_sensor_async.py
[2026-06-30T08:48:23.223+0000] {processor.py:840} INFO - DAG(s) 'example_time_delta_sensor_async' retrieved from /home/airflow/.local/lib/python3.12/site-packages/airflow/example_dags/example_time_delta_sensor_async.py
[2026-06-30T08:48:23.239+0000] {logging_mixin.py:188} INFO - [2026-06-30T08:48:23.239+0000] {dag.py:3096} INFO - Sync 1 DAGs
[2026-06-30T08:48:23.248+0000] {logging_mixin.py:188} INFO - [2026-06-30T08:48:23.248+0000] {dag.py:3954} INFO - Setting next_dagrun for example_time_delta_sensor_async to None, run_after=None
[2026-06-30T08:48:23.262+0000] {processor.py:183} INFO - Processing /home/airflow/.local/lib/python3.12/site-packages/airflow/example_dags/example_time_delta_sensor_async.py took 0.053 seconds
[2026-06-30T08:48:53.750+0000] {processor.py:161} INFO - Started process (PID=25202) to work on /home/airflow/.local/lib/python3.12/site-packages/airflow/example_dags/example_time_delta_sensor_async.py
[2026-06-30T08:48:53.751+0000] {processor.py:830} INFO - Processing file /home/airflow/.local/lib/python3.12/site-packages/airflow/example_dags/example_time_delta_sensor_async.py for tasks to queue
[2026-06-30T08:48:53.752+0000] {logging_mixin.py:188} INFO - [2026-06-30T08:48:53.751+0000] {dagbag.py:545} INFO - Filling up the DagBag from /home/airflow/.local/lib/python3.12/site-packages/airflow/example_dags/example_time_delta_sensor_async.py
[2026-06-30T08:48:53.757+0000] {processor.py:840} INFO - DAG(s) 'example_time_delta_sensor_async' retrieved from /home/airflow/.local/lib/python3.12/site-packages/airflow/example_dags/example_time_delta_sensor_async.py
[2026-06-30T08:48:53.780+0000] {logging_mixin.py:188} INFO - [2026-06-30T08:48:53.780+0000] {dag.py:3096} INFO - Sync 1 DAGs
[2026-06-30T08:48:53.791+0000] {logging_mixin.py:188} INFO - [2026-06-30T08:48:53.791+0000] {dag.py:3954} INFO - Setting next_dagrun for example_time_delta_sensor_async to None, run_after=None
[2026-06-30T08:48:53.810+0000] {processor.py:183} INFO - Processing /home/airflow/.local/lib/python3.12/site-packages/airflow/example_dags/example_time_delta_sensor_async.py took 0.068 seconds
[2026-06-30T08:49:24.184+0000] {processor.py:161} INFO - Started process (PID=25260) to work on /home/airflow/.local/lib/python3.12/site-packages/airflow/example_dags/example_time_delta_sensor_async.py
[2026-06-30T08:49:24.186+0000] {processor.py:830} INFO - Processing file /home/airflow/.local/lib/python3.12/site-packages/airflow/example_dags/example_time_delta_sensor_async.py for tasks to queue
[2026-06-30T08:49:24.187+0000] {logging_mixin.py:188} INFO - [2026-06-30T08:49:24.186+0000] {dagbag.py:545} INFO - Filling up the DagBag from /home/airflow/.local/lib/python3.12/site-packages/airflow/example_dags/example_time_delta_sensor_async.py
[2026-06-30T08:49:24.191+0000] {processor.py:840} INFO - DAG(s) 'example_time_delta_sensor_async' retrieved from /home/airflow/.local/lib/python3.12/site-packages/airflow/example_dags/example_time_delta_sensor_async.py
[2026-06-30T08:49:24.210+0000] {logging_mixin.py:188} INFO - [2026-06-30T08:49:24.210+0000] {dag.py:3096} INFO - Sync 1 DAGs
[2026-06-30T08:49:24.222+0000] {logging_mixin.py:188} INFO - [2026-06-30T08:49:24.222+0000] {dag.py:3954} INFO - Setting next_dagrun for example_time_delta_sensor_async to None, run_after=None
[2026-06-30T08:49:24.242+0000] {processor.py:183} INFO - Processing /home/airflow/.local/lib/python3.12/site-packages/airflow/example_dags/example_time_delta_sensor_async.py took 0.062 seconds
[2026-06-30T08:49:54.949+0000] {processor.py:161} INFO - Started process (PID=25317) to work on /home/airflow/.local/lib/python3.12/site-packages/airflow/example_dags/example_time_delta_sensor_async.py
[2026-06-30T08:49:54.950+0000] {processor.py:830} INFO - Processing file /home/airflow/.local/lib/python3.12/site-packages/airflow/example_dags/example_time_delta_sensor_async.py for tasks to queue
[2026-06-30T08:49:54.951+0000] {logging_mixin.py:188} INFO - [2026-06-30T08:49:54.951+0000] {dagbag.py:545} INFO - Filling up the DagBag from /home/airflow/.local/lib/python3.12/site-packages/airflow/example_dags/example_time_delta_sensor_async.py
[2026-06-30T08:49:54.955+0000] {processor.py:840} INFO - DAG(s) 'example_time_delta_sensor_async' retrieved from /home/airflow/.local/lib/python3.12/site-packages/airflow/example_dags/example_time_delta_sensor_async.py
[2026-06-30T08:49:54.971+0000] {logging_mixin.py:188} INFO - [2026-06-30T08:49:54.971+0000] {dag.py:3096} INFO - Sync 1 DAGs
[2026-06-30T08:49:54.979+0000] {logging_mixin.py:188} INFO - [2026-06-30T08:49:54.979+0000] {dag.py:3954} INFO - Setting next_dagrun for example_time_delta_sensor_async to None, run_after=None
[2026-06-30T08:49:54.993+0000] {processor.py:183} INFO - Processing /home/airflow/.local/lib/python3.12/site-packages/airflow/example_dags/example_time_delta_sensor_async.py took 0.049 seconds
[2026-06-30T08:50:25.379+0000] {processor.py:161} INFO - Started process (PID=25375) to work on /home/airflow/.local/lib/python3.12/site-packages/airflow/example_dags/example_time_delta_sensor_async.py
[2026-06-30T08:50:25.380+0000] {processor.py:830} INFO - Processing file /home/airflow/.local/lib/python3.12/site-packages/airflow/example_dags/example_time_delta_sensor_async.py for tasks to queue
[2026-06-30T08:50:25.381+0000] {logging_mixin.py:188} INFO - [2026-06-30T08:50:25.381+0000] {dagbag.py:545} INFO - Filling up the DagBag from /home/airflow/.local/lib/python3.12/site-packages/airflow/example_dags/example_time_delta_sensor_async.py
[2026-06-30T08:50:25.385+0000] {processor.py:840} INFO - DAG(s) 'example_time_delta_sensor_async' retrieved from /home/airflow/.local/lib/python3.12/site-packages/airflow/example_dags/example_time_delta_sensor_async.py
[2026-06-30T08:50:25.401+0000] {logging_mixin.py:188} INFO - [2026-06-30T08:50:25.401+0000] {dag.py:3096} INFO - Sync 1 DAGs
[2026-06-30T08:50:25.410+0000] {logging_mixin.py:188} INFO - [2026-06-30T08:50:25.409+0000] {dag.py:3954} INFO - Setting next_dagrun for example_time_delta_sensor_async to None, run_after=None
[2026-06-30T08:50:25.423+0000] {processor.py:183} INFO - Processing /home/airflow/.local/lib/python3.12/site-packages/airflow/example_dags/example_time_delta_sensor_async.py took 0.048 seconds
[2026-06-30T08:50:55.795+0000] {processor.py:161} INFO - Started process (PID=25433) to work on /home/airflow/.local/lib/python3.12/site-packages/airflow/example_dags/example_time_delta_sensor_async.py
[2026-06-30T08:50:55.796+0000] {processor.py:830} INFO - Processing file /home/airflow/.local/lib/python3.12/site-packages/airflow/example_dags/example_time_delta_sensor_async.py for tasks to queue
[2026-06-30T08:50:55.796+0000] {logging_mixin.py:188} INFO - [2026-06-30T08:50:55.796+0000] {dagbag.py:545} INFO - Filling up the DagBag from /home/airflow/.local/lib/python3.12/site-packages/airflow/example_dags/example_time_delta_sensor_async.py
[2026-06-30T08:50:55.800+0000] {processor.py:840} INFO - DAG(s) 'example_time_delta_sensor_async' retrieved from /home/airflow/.local/lib/python3.12/site-packages/airflow/example_dags/example_time_delta_sensor_async.py
[2026-06-30T08:50:55.814+0000] {logging_mixin.py:188} INFO - [2026-06-30T08:50:55.814+0000] {dag.py:3096} INFO - Sync 1 DAGs
[2026-06-30T08:50:55.824+0000] {logging_mixin.py:188} INFO - [2026-06-30T08:50:55.824+0000] {dag.py:3954} INFO - Setting next_dagrun for example_time_delta_sensor_async to None, run_after=None
[2026-06-30T08:50:55.836+0000] {processor.py:183} INFO - Processing /home/airflow/.local/lib/python3.12/site-packages/airflow/example_dags/example_time_delta_sensor_async.py took 0.045 seconds
[2026-06-30T08:51:26.538+0000] {processor.py:161} INFO - Started process (PID=25491) to work on /home/airflow/.local/lib/python3.12/site-packages/airflow/example_dags/example_time_delta_sensor_async.py
[2026-06-30T08:51:26.539+0000] {processor.py:830} INFO - Processing file /home/airflow/.local/lib/python3.12/site-packages/airflow/example_dags/example_time_delta_sensor_async.py for tasks to queue
[2026-06-30T08:51:26.540+0000] {logging_mixin.py:188} INFO - [2026-06-30T08:51:26.540+0000] {dagbag.py:545} INFO - Filling up the DagBag from /home/airflow/.local/lib/python3.12/site-packages/airflow/example_dags/example_time_delta_sensor_async.py
[2026-06-30T08:51:26.545+0000] {processor.py:840} INFO - DAG(s) 'example_time_delta_sensor_async' retrieved from /home/airflow/.local/lib/python3.12/site-packages/airflow/example_dags/example_time_delta_sensor_async.py
[2026-06-30T08:51:26.565+0000] {logging_mixin.py:188} INFO - [2026-06-30T08:51:26.564+0000] {dag.py:3096} INFO - Sync 1 DAGs
[2026-06-30T08:51:26.577+0000] {logging_mixin.py:188} INFO - [2026-06-30T08:51:26.577+0000] {dag.py:3954} INFO - Setting next_dagrun for example_time_delta_sensor_async to None, run_after=None
[2026-06-30T08:51:26.594+0000] {processor.py:183} INFO - Processing /home/airflow/.local/lib/python3.12/site-packages/airflow/example_dags/example_time_delta_sensor_async.py took 0.061 seconds
[2026-06-30T08:51:57.391+0000] {processor.py:161} INFO - Started process (PID=25548) to work on /home/airflow/.local/lib/python3.12/site-packages/airflow/example_dags/example_time_delta_sensor_async.py
[2026-06-30T08:51:57.392+0000] {processor.py:830} INFO - Processing file /home/airflow/.local/lib/python3.12/site-packages/airflow/example_dags/example_time_delta_sensor_async.py for tasks to queue
[2026-06-30T08:51:57.392+0000] {logging_mixin.py:188} INFO - [2026-06-30T08:51:57.392+0000] {dagbag.py:545} INFO - Filling up the DagBag from /home/airflow/.local/lib/python3.12/site-packages/airflow/example_dags/example_time_delta_sensor_async.py
[2026-06-30T08:51:57.396+0000] {processor.py:840} INFO - DAG(s) 'example_time_delta_sensor_async' retrieved from /home/airflow/.local/lib/python3.12/site-packages/airflow/example_dags/example_time_delta_sensor_async.py
[2026-06-30T08:51:57.412+0000] {logging_mixin.py:188} INFO - [2026-06-30T08:51:57.412+0000] {dag.py:3096} INFO - Sync 1 DAGs
[2026-06-30T08:51:57.421+0000] {logging_mixin.py:188} INFO - [2026-06-30T08:51:57.420+0000] {dag.py:3954} INFO - Setting next_dagrun for example_time_delta_sensor_async to None, run_after=None
[2026-06-30T08:51:57.436+0000] {processor.py:183} INFO - Processing /home/airflow/.local/lib/python3.12/site-packages/airflow/example_dags/example_time_delta_sensor_async.py took 0.050 seconds
[2026-06-30T08:52:28.454+0000] {processor.py:161} INFO - Started process (PID=25606) to work on /home/airflow/.local/lib/python3.12/site-packages/airflow/example_dags/example_time_delta_sensor_async.py
[2026-06-30T08:52:28.455+0000] {processor.py:830} INFO - Processing file /home/airflow/.local/lib/python3.12/site-packages/airflow/example_dags/example_time_delta_sensor_async.py for tasks to queue
[2026-06-30T08:52:28.456+0000] {logging_mixin.py:188} INFO - [2026-06-30T08:52:28.456+0000] {dagbag.py:545} INFO - Filling up the DagBag from /home/airflow/.local/lib/python3.12/site-packages/airflow/example_dags/example_time_delta_sensor_async.py
[2026-06-30T08:52:28.459+0000] {processor.py:840} INFO - DAG(s) 'example_time_delta_sensor_async' retrieved from /home/airflow/.local/lib/python3.12/site-packages/airflow/example_dags/example_time_delta_sensor_async.py
[2026-06-30T08:52:28.476+0000] {logging_mixin.py:188} INFO - [2026-06-30T08:52:28.476+0000] {dag.py:3096} INFO - Sync 1 DAGs
[2026-06-30T08:52:28.485+0000] {logging_mixin.py:188} INFO - [2026-06-30T08:52:28.485+0000] {dag.py:3954} INFO - Setting next_dagrun for example_time_delta_sensor_async to None, run_after=None
[2026-06-30T08:52:28.499+0000] {processor.py:183} INFO - Processing /home/airflow/.local/lib/python3.12/site-packages/airflow/example_dags/example_time_delta_sensor_async.py took 0.049 seconds
[2026-06-30T08:52:58.744+0000] {processor.py:161} INFO - Started process (PID=25664) to work on /home/airflow/.local/lib/python3.12/site-packages/airflow/example_dags/example_time_delta_sensor_async.py
[2026-06-30T08:52:58.745+0000] {processor.py:830} INFO - Processing file /home/airflow/.local/lib/python3.12/site-packages/airflow/example_dags/example_time_delta_sensor_async.py for tasks to queue
[2026-06-30T08:52:58.748+0000] {logging_mixin.py:188} INFO - [2026-06-30T08:52:58.747+0000] {dagbag.py:545} INFO - Filling up the DagBag from /home/airflow/.local/lib/python3.12/site-packages/airflow/example_dags/example_time_delta_sensor_async.py
[2026-06-30T08:52:58.751+0000] {processor.py:840} INFO - DAG(s) 'example_time_delta_sensor_async' retrieved from /home/airflow/.local/lib/python3.12/site-packages/airflow/example_dags/example_time_delta_sensor_async.py
[2026-06-30T08:52:58.768+0000] {logging_mixin.py:188} INFO - [2026-06-30T08:52:58.768+0000] {dag.py:3096} INFO - Sync 1 DAGs
[2026-06-30T08:52:58.779+0000] {logging_mixin.py:188} INFO - [2026-06-30T08:52:58.779+0000] {dag.py:3954} INFO - Setting next_dagrun for example_time_delta_sensor_async to None, run_after=None
[2026-06-30T08:52:58.796+0000] {processor.py:183} INFO - Processing /home/airflow/.local/lib/python3.12/site-packages/airflow/example_dags/example_time_delta_sensor_async.py took 0.057 seconds
