[2026-06-30T08:05:48.623+0000] {processor.py:161} INFO - Started process (PID=21760) to work on /home/airflow/.local/lib/python3.12/site-packages/airflow/example_dags/example_sensor_decorator.py
[2026-06-30T08:05:48.625+0000] {processor.py:830} INFO - Processing file /home/airflow/.local/lib/python3.12/site-packages/airflow/example_dags/example_sensor_decorator.py for tasks to queue
[2026-06-30T08:05:48.626+0000] {logging_mixin.py:188} INFO - [2026-06-30T08:05:48.625+0000] {dagbag.py:545} INFO - Filling up the DagBag from /home/airflow/.local/lib/python3.12/site-packages/airflow/example_dags/example_sensor_decorator.py
[2026-06-30T08:05:48.635+0000] {processor.py:840} INFO - DAG(s) 'example_sensor_decorator' retrieved from /home/airflow/.local/lib/python3.12/site-packages/airflow/example_dags/example_sensor_decorator.py
[2026-06-30T08:05:48.653+0000] {logging_mixin.py:188} INFO - [2026-06-30T08:05:48.653+0000] {dag.py:3096} INFO - Sync 1 DAGs
[2026-06-30T08:18:51.501+0000] {logging_mixin.py:188} INFO - [2026-06-30T08:18:51.500+0000] {dag.py:3954} INFO - Setting next_dagrun for example_sensor_decorator to None, run_after=None
[2026-06-30T08:18:51.527+0000] {processor.py:183} INFO - Processing /home/airflow/.local/lib/python3.12/site-packages/airflow/example_dags/example_sensor_decorator.py took 0.076 seconds
[2026-06-30T08:19:21.617+0000] {processor.py:161} INFO - Started process (PID=21818) to work on /home/airflow/.local/lib/python3.12/site-packages/airflow/example_dags/example_sensor_decorator.py
[2026-06-30T08:19:21.618+0000] {processor.py:830} INFO - Processing file /home/airflow/.local/lib/python3.12/site-packages/airflow/example_dags/example_sensor_decorator.py for tasks to queue
[2026-06-30T08:19:21.619+0000] {logging_mixin.py:188} INFO - [2026-06-30T08:19:21.618+0000] {dagbag.py:545} INFO - Filling up the DagBag from /home/airflow/.local/lib/python3.12/site-packages/airflow/example_dags/example_sensor_decorator.py
[2026-06-30T08:19:21.623+0000] {processor.py:840} INFO - DAG(s) 'example_sensor_decorator' retrieved from /home/airflow/.local/lib/python3.12/site-packages/airflow/example_dags/example_sensor_decorator.py
[2026-06-30T08:19:21.638+0000] {logging_mixin.py:188} INFO - [2026-06-30T08:19:21.638+0000] {dag.py:3096} INFO - Sync 1 DAGs
[2026-06-30T08:19:21.647+0000] {logging_mixin.py:188} INFO - [2026-06-30T08:19:21.647+0000] {dag.py:3954} INFO - Setting next_dagrun for example_sensor_decorator to None, run_after=None
[2026-06-30T08:19:21.660+0000] {processor.py:183} INFO - Processing /home/airflow/.local/lib/python3.12/site-packages/airflow/example_dags/example_sensor_decorator.py took 0.047 seconds
[2026-06-30T08:19:52.073+0000] {processor.py:161} INFO - Started process (PID=21876) to work on /home/airflow/.local/lib/python3.12/site-packages/airflow/example_dags/example_sensor_decorator.py
[2026-06-30T08:19:52.074+0000] {processor.py:830} INFO - Processing file /home/airflow/.local/lib/python3.12/site-packages/airflow/example_dags/example_sensor_decorator.py for tasks to queue
[2026-06-30T08:19:52.075+0000] {logging_mixin.py:188} INFO - [2026-06-30T08:19:52.075+0000] {dagbag.py:545} INFO - Filling up the DagBag from /home/airflow/.local/lib/python3.12/site-packages/airflow/example_dags/example_sensor_decorator.py
[2026-06-30T08:19:52.079+0000] {processor.py:840} INFO - DAG(s) 'example_sensor_decorator' retrieved from /home/airflow/.local/lib/python3.12/site-packages/airflow/example_dags/example_sensor_decorator.py
[2026-06-30T08:19:52.094+0000] {logging_mixin.py:188} INFO - [2026-06-30T08:19:52.093+0000] {dag.py:3096} INFO - Sync 1 DAGs
[2026-06-30T08:19:52.102+0000] {logging_mixin.py:188} INFO - [2026-06-30T08:19:52.102+0000] {dag.py:3954} INFO - Setting next_dagrun for example_sensor_decorator to None, run_after=None
[2026-06-30T08:19:52.115+0000] {processor.py:183} INFO - Processing /home/airflow/.local/lib/python3.12/site-packages/airflow/example_dags/example_sensor_decorator.py took 0.046 seconds
[2026-06-30T08:20:22.321+0000] {processor.py:161} INFO - Started process (PID=21934) to work on /home/airflow/.local/lib/python3.12/site-packages/airflow/example_dags/example_sensor_decorator.py
[2026-06-30T08:20:22.322+0000] {processor.py:830} INFO - Processing file /home/airflow/.local/lib/python3.12/site-packages/airflow/example_dags/example_sensor_decorator.py for tasks to queue
[2026-06-30T08:20:22.323+0000] {logging_mixin.py:188} INFO - [2026-06-30T08:20:22.322+0000] {dagbag.py:545} INFO - Filling up the DagBag from /home/airflow/.local/lib/python3.12/site-packages/airflow/example_dags/example_sensor_decorator.py
[2026-06-30T08:20:22.327+0000] {processor.py:840} INFO - DAG(s) 'example_sensor_decorator' retrieved from /home/airflow/.local/lib/python3.12/site-packages/airflow/example_dags/example_sensor_decorator.py
[2026-06-30T08:20:22.342+0000] {logging_mixin.py:188} INFO - [2026-06-30T08:20:22.342+0000] {dag.py:3096} INFO - Sync 1 DAGs
[2026-06-30T08:20:22.350+0000] {logging_mixin.py:188} INFO - [2026-06-30T08:20:22.350+0000] {dag.py:3954} INFO - Setting next_dagrun for example_sensor_decorator to None, run_after=None
[2026-06-30T08:20:22.362+0000] {processor.py:183} INFO - Processing /home/airflow/.local/lib/python3.12/site-packages/airflow/example_dags/example_sensor_decorator.py took 0.045 seconds
[2026-06-30T08:20:52.535+0000] {processor.py:161} INFO - Started process (PID=21992) to work on /home/airflow/.local/lib/python3.12/site-packages/airflow/example_dags/example_sensor_decorator.py
[2026-06-30T08:20:52.536+0000] {processor.py:830} INFO - Processing file /home/airflow/.local/lib/python3.12/site-packages/airflow/example_dags/example_sensor_decorator.py for tasks to queue
[2026-06-30T08:20:52.537+0000] {logging_mixin.py:188} INFO - [2026-06-30T08:20:52.537+0000] {dagbag.py:545} INFO - Filling up the DagBag from /home/airflow/.local/lib/python3.12/site-packages/airflow/example_dags/example_sensor_decorator.py
[2026-06-30T08:20:52.542+0000] {processor.py:840} INFO - DAG(s) 'example_sensor_decorator' retrieved from /home/airflow/.local/lib/python3.12/site-packages/airflow/example_dags/example_sensor_decorator.py
[2026-06-30T08:20:52.556+0000] {logging_mixin.py:188} INFO - [2026-06-30T08:20:52.556+0000] {dag.py:3096} INFO - Sync 1 DAGs
[2026-06-30T08:20:52.564+0000] {logging_mixin.py:188} INFO - [2026-06-30T08:20:52.564+0000] {dag.py:3954} INFO - Setting next_dagrun for example_sensor_decorator to None, run_after=None
[2026-06-30T08:20:52.576+0000] {processor.py:183} INFO - Processing /home/airflow/.local/lib/python3.12/site-packages/airflow/example_dags/example_sensor_decorator.py took 0.045 seconds
[2026-06-30T08:21:22.992+0000] {processor.py:161} INFO - Started process (PID=22050) to work on /home/airflow/.local/lib/python3.12/site-packages/airflow/example_dags/example_sensor_decorator.py
[2026-06-30T08:21:22.994+0000] {processor.py:830} INFO - Processing file /home/airflow/.local/lib/python3.12/site-packages/airflow/example_dags/example_sensor_decorator.py for tasks to queue
[2026-06-30T08:21:22.995+0000] {logging_mixin.py:188} INFO - [2026-06-30T08:21:22.994+0000] {dagbag.py:545} INFO - Filling up the DagBag from /home/airflow/.local/lib/python3.12/site-packages/airflow/example_dags/example_sensor_decorator.py
[2026-06-30T08:21:22.999+0000] {processor.py:840} INFO - DAG(s) 'example_sensor_decorator' retrieved from /home/airflow/.local/lib/python3.12/site-packages/airflow/example_dags/example_sensor_decorator.py
[2026-06-30T08:21:23.013+0000] {logging_mixin.py:188} INFO - [2026-06-30T08:21:23.012+0000] {dag.py:3096} INFO - Sync 1 DAGs
[2026-06-30T08:21:23.021+0000] {logging_mixin.py:188} INFO - [2026-06-30T08:21:23.021+0000] {dag.py:3954} INFO - Setting next_dagrun for example_sensor_decorator to None, run_after=None
[2026-06-30T08:21:23.034+0000] {processor.py:183} INFO - Processing /home/airflow/.local/lib/python3.12/site-packages/airflow/example_dags/example_sensor_decorator.py took 0.045 seconds
[2026-06-30T08:21:53.370+0000] {processor.py:161} INFO - Started process (PID=22108) to work on /home/airflow/.local/lib/python3.12/site-packages/airflow/example_dags/example_sensor_decorator.py
[2026-06-30T08:21:53.371+0000] {processor.py:830} INFO - Processing file /home/airflow/.local/lib/python3.12/site-packages/airflow/example_dags/example_sensor_decorator.py for tasks to queue
[2026-06-30T08:21:53.372+0000] {logging_mixin.py:188} INFO - [2026-06-30T08:21:53.372+0000] {dagbag.py:545} INFO - Filling up the DagBag from /home/airflow/.local/lib/python3.12/site-packages/airflow/example_dags/example_sensor_decorator.py
[2026-06-30T08:21:53.377+0000] {processor.py:840} INFO - DAG(s) 'example_sensor_decorator' retrieved from /home/airflow/.local/lib/python3.12/site-packages/airflow/example_dags/example_sensor_decorator.py
[2026-06-30T08:21:53.392+0000] {logging_mixin.py:188} INFO - [2026-06-30T08:21:53.391+0000] {dag.py:3096} INFO - Sync 1 DAGs
[2026-06-30T08:21:53.400+0000] {logging_mixin.py:188} INFO - [2026-06-30T08:21:53.400+0000] {dag.py:3954} INFO - Setting next_dagrun for example_sensor_decorator to None, run_after=None
[2026-06-30T08:21:53.413+0000] {processor.py:183} INFO - Processing /home/airflow/.local/lib/python3.12/site-packages/airflow/example_dags/example_sensor_decorator.py took 0.047 seconds
[2026-06-30T08:22:23.608+0000] {processor.py:161} INFO - Started process (PID=22166) to work on /home/airflow/.local/lib/python3.12/site-packages/airflow/example_dags/example_sensor_decorator.py
[2026-06-30T08:22:23.609+0000] {processor.py:830} INFO - Processing file /home/airflow/.local/lib/python3.12/site-packages/airflow/example_dags/example_sensor_decorator.py for tasks to queue
[2026-06-30T08:22:23.609+0000] {logging_mixin.py:188} INFO - [2026-06-30T08:22:23.609+0000] {dagbag.py:545} INFO - Filling up the DagBag from /home/airflow/.local/lib/python3.12/site-packages/airflow/example_dags/example_sensor_decorator.py
[2026-06-30T08:22:23.614+0000] {processor.py:840} INFO - DAG(s) 'example_sensor_decorator' retrieved from /home/airflow/.local/lib/python3.12/site-packages/airflow/example_dags/example_sensor_decorator.py
[2026-06-30T08:22:23.629+0000] {logging_mixin.py:188} INFO - [2026-06-30T08:22:23.629+0000] {dag.py:3096} INFO - Sync 1 DAGs
[2026-06-30T08:22:23.637+0000] {logging_mixin.py:188} INFO - [2026-06-30T08:22:23.637+0000] {dag.py:3954} INFO - Setting next_dagrun for example_sensor_decorator to None, run_after=None
[2026-06-30T08:22:23.652+0000] {processor.py:183} INFO - Processing /home/airflow/.local/lib/python3.12/site-packages/airflow/example_dags/example_sensor_decorator.py took 0.048 seconds
[2026-06-30T08:22:54.249+0000] {processor.py:161} INFO - Started process (PID=22224) to work on /home/airflow/.local/lib/python3.12/site-packages/airflow/example_dags/example_sensor_decorator.py
[2026-06-30T08:22:54.250+0000] {processor.py:830} INFO - Processing file /home/airflow/.local/lib/python3.12/site-packages/airflow/example_dags/example_sensor_decorator.py for tasks to queue
[2026-06-30T08:22:54.254+0000] {logging_mixin.py:188} INFO - [2026-06-30T08:22:54.254+0000] {dagbag.py:545} INFO - Filling up the DagBag from /home/airflow/.local/lib/python3.12/site-packages/airflow/example_dags/example_sensor_decorator.py
[2026-06-30T08:22:54.259+0000] {processor.py:840} INFO - DAG(s) 'example_sensor_decorator' retrieved from /home/airflow/.local/lib/python3.12/site-packages/airflow/example_dags/example_sensor_decorator.py
[2026-06-30T08:22:54.274+0000] {logging_mixin.py:188} INFO - [2026-06-30T08:22:54.274+0000] {dag.py:3096} INFO - Sync 1 DAGs
[2026-06-30T08:22:54.282+0000] {logging_mixin.py:188} INFO - [2026-06-30T08:22:54.282+0000] {dag.py:3954} INFO - Setting next_dagrun for example_sensor_decorator to None, run_after=None
[2026-06-30T08:22:54.295+0000] {processor.py:183} INFO - Processing /home/airflow/.local/lib/python3.12/site-packages/airflow/example_dags/example_sensor_decorator.py took 0.050 seconds
[2026-06-30T08:23:24.629+0000] {processor.py:161} INFO - Started process (PID=22282) to work on /home/airflow/.local/lib/python3.12/site-packages/airflow/example_dags/example_sensor_decorator.py
[2026-06-30T08:23:24.630+0000] {processor.py:830} INFO - Processing file /home/airflow/.local/lib/python3.12/site-packages/airflow/example_dags/example_sensor_decorator.py for tasks to queue
[2026-06-30T08:23:24.631+0000] {logging_mixin.py:188} INFO - [2026-06-30T08:23:24.630+0000] {dagbag.py:545} INFO - Filling up the DagBag from /home/airflow/.local/lib/python3.12/site-packages/airflow/example_dags/example_sensor_decorator.py
[2026-06-30T08:23:24.635+0000] {processor.py:840} INFO - DAG(s) 'example_sensor_decorator' retrieved from /home/airflow/.local/lib/python3.12/site-packages/airflow/example_dags/example_sensor_decorator.py
[2026-06-30T08:23:24.650+0000] {logging_mixin.py:188} INFO - [2026-06-30T08:23:24.649+0000] {dag.py:3096} INFO - Sync 1 DAGs
[2026-06-30T08:23:24.658+0000] {logging_mixin.py:188} INFO - [2026-06-30T08:23:24.658+0000] {dag.py:3954} INFO - Setting next_dagrun for example_sensor_decorator to None, run_after=None
[2026-06-30T08:23:24.670+0000] {processor.py:183} INFO - Processing /home/airflow/.local/lib/python3.12/site-packages/airflow/example_dags/example_sensor_decorator.py took 0.045 seconds
[2026-06-30T08:23:55.037+0000] {processor.py:161} INFO - Started process (PID=22340) to work on /home/airflow/.local/lib/python3.12/site-packages/airflow/example_dags/example_sensor_decorator.py
[2026-06-30T08:23:55.038+0000] {processor.py:830} INFO - Processing file /home/airflow/.local/lib/python3.12/site-packages/airflow/example_dags/example_sensor_decorator.py for tasks to queue
[2026-06-30T08:23:55.039+0000] {logging_mixin.py:188} INFO - [2026-06-30T08:23:55.038+0000] {dagbag.py:545} INFO - Filling up the DagBag from /home/airflow/.local/lib/python3.12/site-packages/airflow/example_dags/example_sensor_decorator.py
[2026-06-30T08:23:55.043+0000] {processor.py:840} INFO - DAG(s) 'example_sensor_decorator' retrieved from /home/airflow/.local/lib/python3.12/site-packages/airflow/example_dags/example_sensor_decorator.py
[2026-06-30T08:23:55.058+0000] {logging_mixin.py:188} INFO - [2026-06-30T08:23:55.057+0000] {dag.py:3096} INFO - Sync 1 DAGs
[2026-06-30T08:23:55.066+0000] {logging_mixin.py:188} INFO - [2026-06-30T08:23:55.066+0000] {dag.py:3954} INFO - Setting next_dagrun for example_sensor_decorator to None, run_after=None
[2026-06-30T08:23:55.079+0000] {processor.py:183} INFO - Processing /home/airflow/.local/lib/python3.12/site-packages/airflow/example_dags/example_sensor_decorator.py took 0.045 seconds
[2026-06-30T08:24:25.518+0000] {processor.py:161} INFO - Started process (PID=22398) to work on /home/airflow/.local/lib/python3.12/site-packages/airflow/example_dags/example_sensor_decorator.py
[2026-06-30T08:24:25.519+0000] {processor.py:830} INFO - Processing file /home/airflow/.local/lib/python3.12/site-packages/airflow/example_dags/example_sensor_decorator.py for tasks to queue
[2026-06-30T08:24:25.519+0000] {logging_mixin.py:188} INFO - [2026-06-30T08:24:25.519+0000] {dagbag.py:545} INFO - Filling up the DagBag from /home/airflow/.local/lib/python3.12/site-packages/airflow/example_dags/example_sensor_decorator.py
[2026-06-30T08:24:25.525+0000] {processor.py:840} INFO - DAG(s) 'example_sensor_decorator' retrieved from /home/airflow/.local/lib/python3.12/site-packages/airflow/example_dags/example_sensor_decorator.py
[2026-06-30T08:24:25.541+0000] {logging_mixin.py:188} INFO - [2026-06-30T08:24:25.540+0000] {dag.py:3096} INFO - Sync 1 DAGs
[2026-06-30T08:24:25.550+0000] {logging_mixin.py:188} INFO - [2026-06-30T08:24:25.550+0000] {dag.py:3954} INFO - Setting next_dagrun for example_sensor_decorator to None, run_after=None
[2026-06-30T08:24:25.566+0000] {processor.py:183} INFO - Processing /home/airflow/.local/lib/python3.12/site-packages/airflow/example_dags/example_sensor_decorator.py took 0.053 seconds
[2026-06-30T08:24:56.264+0000] {processor.py:161} INFO - Started process (PID=22457) to work on /home/airflow/.local/lib/python3.12/site-packages/airflow/example_dags/example_sensor_decorator.py
[2026-06-30T08:24:56.265+0000] {processor.py:830} INFO - Processing file /home/airflow/.local/lib/python3.12/site-packages/airflow/example_dags/example_sensor_decorator.py for tasks to queue
[2026-06-30T08:24:56.266+0000] {logging_mixin.py:188} INFO - [2026-06-30T08:24:56.266+0000] {dagbag.py:545} INFO - Filling up the DagBag from /home/airflow/.local/lib/python3.12/site-packages/airflow/example_dags/example_sensor_decorator.py
[2026-06-30T08:24:56.271+0000] {processor.py:840} INFO - DAG(s) 'example_sensor_decorator' retrieved from /home/airflow/.local/lib/python3.12/site-packages/airflow/example_dags/example_sensor_decorator.py
[2026-06-30T08:24:56.287+0000] {logging_mixin.py:188} INFO - [2026-06-30T08:24:56.287+0000] {dag.py:3096} INFO - Sync 1 DAGs
[2026-06-30T08:24:56.297+0000] {logging_mixin.py:188} INFO - [2026-06-30T08:24:56.297+0000] {dag.py:3954} INFO - Setting next_dagrun for example_sensor_decorator to None, run_after=None
[2026-06-30T08:24:56.313+0000] {processor.py:183} INFO - Processing /home/airflow/.local/lib/python3.12/site-packages/airflow/example_dags/example_sensor_decorator.py took 0.053 seconds
[2026-06-30T08:25:26.814+0000] {processor.py:161} INFO - Started process (PID=22515) to work on /home/airflow/.local/lib/python3.12/site-packages/airflow/example_dags/example_sensor_decorator.py
[2026-06-30T08:25:26.815+0000] {processor.py:830} INFO - Processing file /home/airflow/.local/lib/python3.12/site-packages/airflow/example_dags/example_sensor_decorator.py for tasks to queue
[2026-06-30T08:25:26.815+0000] {logging_mixin.py:188} INFO - [2026-06-30T08:25:26.815+0000] {dagbag.py:545} INFO - Filling up the DagBag from /home/airflow/.local/lib/python3.12/site-packages/airflow/example_dags/example_sensor_decorator.py
[2026-06-30T08:25:26.820+0000] {processor.py:840} INFO - DAG(s) 'example_sensor_decorator' retrieved from /home/airflow/.local/lib/python3.12/site-packages/airflow/example_dags/example_sensor_decorator.py
[2026-06-30T08:25:26.834+0000] {logging_mixin.py:188} INFO - [2026-06-30T08:25:26.834+0000] {dag.py:3096} INFO - Sync 1 DAGs
[2026-06-30T08:25:26.844+0000] {logging_mixin.py:188} INFO - [2026-06-30T08:25:26.843+0000] {dag.py:3954} INFO - Setting next_dagrun for example_sensor_decorator to None, run_after=None
[2026-06-30T08:25:26.865+0000] {processor.py:183} INFO - Processing /home/airflow/.local/lib/python3.12/site-packages/airflow/example_dags/example_sensor_decorator.py took 0.055 seconds
[2026-06-30T08:25:57.062+0000] {processor.py:161} INFO - Started process (PID=22573) to work on /home/airflow/.local/lib/python3.12/site-packages/airflow/example_dags/example_sensor_decorator.py
[2026-06-30T08:25:57.064+0000] {processor.py:830} INFO - Processing file /home/airflow/.local/lib/python3.12/site-packages/airflow/example_dags/example_sensor_decorator.py for tasks to queue
[2026-06-30T08:25:57.065+0000] {logging_mixin.py:188} INFO - [2026-06-30T08:25:57.065+0000] {dagbag.py:545} INFO - Filling up the DagBag from /home/airflow/.local/lib/python3.12/site-packages/airflow/example_dags/example_sensor_decorator.py
[2026-06-30T08:25:57.071+0000] {processor.py:840} INFO - DAG(s) 'example_sensor_decorator' retrieved from /home/airflow/.local/lib/python3.12/site-packages/airflow/example_dags/example_sensor_decorator.py
[2026-06-30T08:25:57.090+0000] {logging_mixin.py:188} INFO - [2026-06-30T08:25:57.090+0000] {dag.py:3096} INFO - Sync 1 DAGs
[2026-06-30T08:25:57.101+0000] {logging_mixin.py:188} INFO - [2026-06-30T08:25:57.101+0000] {dag.py:3954} INFO - Setting next_dagrun for example_sensor_decorator to None, run_after=None
[2026-06-30T08:25:57.119+0000] {processor.py:183} INFO - Processing /home/airflow/.local/lib/python3.12/site-packages/airflow/example_dags/example_sensor_decorator.py took 0.063 seconds
[2026-06-30T08:26:27.928+0000] {processor.py:161} INFO - Started process (PID=22631) to work on /home/airflow/.local/lib/python3.12/site-packages/airflow/example_dags/example_sensor_decorator.py
[2026-06-30T08:26:27.929+0000] {processor.py:830} INFO - Processing file /home/airflow/.local/lib/python3.12/site-packages/airflow/example_dags/example_sensor_decorator.py for tasks to queue
[2026-06-30T08:26:27.929+0000] {logging_mixin.py:188} INFO - [2026-06-30T08:26:27.929+0000] {dagbag.py:545} INFO - Filling up the DagBag from /home/airflow/.local/lib/python3.12/site-packages/airflow/example_dags/example_sensor_decorator.py
[2026-06-30T08:26:27.935+0000] {processor.py:840} INFO - DAG(s) 'example_sensor_decorator' retrieved from /home/airflow/.local/lib/python3.12/site-packages/airflow/example_dags/example_sensor_decorator.py
[2026-06-30T08:26:27.954+0000] {logging_mixin.py:188} INFO - [2026-06-30T08:26:27.953+0000] {dag.py:3096} INFO - Sync 1 DAGs
[2026-06-30T08:26:27.963+0000] {logging_mixin.py:188} INFO - [2026-06-30T08:26:27.963+0000] {dag.py:3954} INFO - Setting next_dagrun for example_sensor_decorator to None, run_after=None
[2026-06-30T08:26:27.978+0000] {processor.py:183} INFO - Processing /home/airflow/.local/lib/python3.12/site-packages/airflow/example_dags/example_sensor_decorator.py took 0.056 seconds
[2026-06-30T08:26:58.828+0000] {processor.py:161} INFO - Started process (PID=22689) to work on /home/airflow/.local/lib/python3.12/site-packages/airflow/example_dags/example_sensor_decorator.py
[2026-06-30T08:26:58.828+0000] {processor.py:830} INFO - Processing file /home/airflow/.local/lib/python3.12/site-packages/airflow/example_dags/example_sensor_decorator.py for tasks to queue
[2026-06-30T08:26:58.829+0000] {logging_mixin.py:188} INFO - [2026-06-30T08:26:58.829+0000] {dagbag.py:545} INFO - Filling up the DagBag from /home/airflow/.local/lib/python3.12/site-packages/airflow/example_dags/example_sensor_decorator.py
[2026-06-30T08:26:58.835+0000] {processor.py:840} INFO - DAG(s) 'example_sensor_decorator' retrieved from /home/airflow/.local/lib/python3.12/site-packages/airflow/example_dags/example_sensor_decorator.py
[2026-06-30T08:26:58.850+0000] {logging_mixin.py:188} INFO - [2026-06-30T08:26:58.850+0000] {dag.py:3096} INFO - Sync 1 DAGs
[2026-06-30T08:26:58.859+0000] {logging_mixin.py:188} INFO - [2026-06-30T08:26:58.859+0000] {dag.py:3954} INFO - Setting next_dagrun for example_sensor_decorator to None, run_after=None
[2026-06-30T08:26:58.876+0000] {processor.py:183} INFO - Processing /home/airflow/.local/lib/python3.12/site-packages/airflow/example_dags/example_sensor_decorator.py took 0.053 seconds
[2026-06-30T08:27:29.347+0000] {processor.py:161} INFO - Started process (PID=22747) to work on /home/airflow/.local/lib/python3.12/site-packages/airflow/example_dags/example_sensor_decorator.py
[2026-06-30T08:27:29.348+0000] {processor.py:830} INFO - Processing file /home/airflow/.local/lib/python3.12/site-packages/airflow/example_dags/example_sensor_decorator.py for tasks to queue
[2026-06-30T08:27:29.349+0000] {logging_mixin.py:188} INFO - [2026-06-30T08:27:29.349+0000] {dagbag.py:545} INFO - Filling up the DagBag from /home/airflow/.local/lib/python3.12/site-packages/airflow/example_dags/example_sensor_decorator.py
[2026-06-30T08:27:29.354+0000] {processor.py:840} INFO - DAG(s) 'example_sensor_decorator' retrieved from /home/airflow/.local/lib/python3.12/site-packages/airflow/example_dags/example_sensor_decorator.py
[2026-06-30T08:27:29.371+0000] {logging_mixin.py:188} INFO - [2026-06-30T08:27:29.371+0000] {dag.py:3096} INFO - Sync 1 DAGs
[2026-06-30T08:27:29.379+0000] {logging_mixin.py:188} INFO - [2026-06-30T08:27:29.379+0000] {dag.py:3954} INFO - Setting next_dagrun for example_sensor_decorator to None, run_after=None
[2026-06-30T08:27:29.394+0000] {processor.py:183} INFO - Processing /home/airflow/.local/lib/python3.12/site-packages/airflow/example_dags/example_sensor_decorator.py took 0.051 seconds
[2026-06-30T08:27:59.709+0000] {processor.py:161} INFO - Started process (PID=22805) to work on /home/airflow/.local/lib/python3.12/site-packages/airflow/example_dags/example_sensor_decorator.py
[2026-06-30T08:27:59.710+0000] {processor.py:830} INFO - Processing file /home/airflow/.local/lib/python3.12/site-packages/airflow/example_dags/example_sensor_decorator.py for tasks to queue
[2026-06-30T08:27:59.710+0000] {logging_mixin.py:188} INFO - [2026-06-30T08:27:59.710+0000] {dagbag.py:545} INFO - Filling up the DagBag from /home/airflow/.local/lib/python3.12/site-packages/airflow/example_dags/example_sensor_decorator.py
[2026-06-30T08:27:59.715+0000] {processor.py:840} INFO - DAG(s) 'example_sensor_decorator' retrieved from /home/airflow/.local/lib/python3.12/site-packages/airflow/example_dags/example_sensor_decorator.py
[2026-06-30T08:27:59.729+0000] {logging_mixin.py:188} INFO - [2026-06-30T08:27:59.729+0000] {dag.py:3096} INFO - Sync 1 DAGs
[2026-06-30T08:27:59.737+0000] {logging_mixin.py:188} INFO - [2026-06-30T08:27:59.737+0000] {dag.py:3954} INFO - Setting next_dagrun for example_sensor_decorator to None, run_after=None
[2026-06-30T08:27:59.751+0000] {processor.py:183} INFO - Processing /home/airflow/.local/lib/python3.12/site-packages/airflow/example_dags/example_sensor_decorator.py took 0.047 seconds
[2026-06-30T08:28:30.202+0000] {processor.py:161} INFO - Started process (PID=22863) to work on /home/airflow/.local/lib/python3.12/site-packages/airflow/example_dags/example_sensor_decorator.py
[2026-06-30T08:28:30.203+0000] {processor.py:830} INFO - Processing file /home/airflow/.local/lib/python3.12/site-packages/airflow/example_dags/example_sensor_decorator.py for tasks to queue
[2026-06-30T08:28:30.204+0000] {logging_mixin.py:188} INFO - [2026-06-30T08:28:30.204+0000] {dagbag.py:545} INFO - Filling up the DagBag from /home/airflow/.local/lib/python3.12/site-packages/airflow/example_dags/example_sensor_decorator.py
[2026-06-30T08:28:30.208+0000] {processor.py:840} INFO - DAG(s) 'example_sensor_decorator' retrieved from /home/airflow/.local/lib/python3.12/site-packages/airflow/example_dags/example_sensor_decorator.py
[2026-06-30T08:28:30.225+0000] {logging_mixin.py:188} INFO - [2026-06-30T08:28:30.225+0000] {dag.py:3096} INFO - Sync 1 DAGs
[2026-06-30T08:28:30.234+0000] {logging_mixin.py:188} INFO - [2026-06-30T08:28:30.234+0000] {dag.py:3954} INFO - Setting next_dagrun for example_sensor_decorator to None, run_after=None
[2026-06-30T08:28:30.246+0000] {processor.py:183} INFO - Processing /home/airflow/.local/lib/python3.12/site-packages/airflow/example_dags/example_sensor_decorator.py took 0.049 seconds
[2026-06-30T08:29:00.606+0000] {processor.py:161} INFO - Started process (PID=22921) to work on /home/airflow/.local/lib/python3.12/site-packages/airflow/example_dags/example_sensor_decorator.py
[2026-06-30T08:29:00.607+0000] {processor.py:830} INFO - Processing file /home/airflow/.local/lib/python3.12/site-packages/airflow/example_dags/example_sensor_decorator.py for tasks to queue
[2026-06-30T08:29:00.608+0000] {logging_mixin.py:188} INFO - [2026-06-30T08:29:00.608+0000] {dagbag.py:545} INFO - Filling up the DagBag from /home/airflow/.local/lib/python3.12/site-packages/airflow/example_dags/example_sensor_decorator.py
[2026-06-30T08:29:00.616+0000] {processor.py:840} INFO - DAG(s) 'example_sensor_decorator' retrieved from /home/airflow/.local/lib/python3.12/site-packages/airflow/example_dags/example_sensor_decorator.py
[2026-06-30T08:29:00.635+0000] {logging_mixin.py:188} INFO - [2026-06-30T08:29:00.635+0000] {dag.py:3096} INFO - Sync 1 DAGs
[2026-06-30T08:29:00.647+0000] {logging_mixin.py:188} INFO - [2026-06-30T08:29:00.646+0000] {dag.py:3954} INFO - Setting next_dagrun for example_sensor_decorator to None, run_after=None
[2026-06-30T08:29:00.661+0000] {processor.py:183} INFO - Processing /home/airflow/.local/lib/python3.12/site-packages/airflow/example_dags/example_sensor_decorator.py took 0.061 seconds
[2026-06-30T08:29:31.151+0000] {processor.py:161} INFO - Started process (PID=22979) to work on /home/airflow/.local/lib/python3.12/site-packages/airflow/example_dags/example_sensor_decorator.py
[2026-06-30T08:29:31.153+0000] {processor.py:830} INFO - Processing file /home/airflow/.local/lib/python3.12/site-packages/airflow/example_dags/example_sensor_decorator.py for tasks to queue
[2026-06-30T08:29:31.154+0000] {logging_mixin.py:188} INFO - [2026-06-30T08:29:31.153+0000] {dagbag.py:545} INFO - Filling up the DagBag from /home/airflow/.local/lib/python3.12/site-packages/airflow/example_dags/example_sensor_decorator.py
[2026-06-30T08:29:31.158+0000] {processor.py:840} INFO - DAG(s) 'example_sensor_decorator' retrieved from /home/airflow/.local/lib/python3.12/site-packages/airflow/example_dags/example_sensor_decorator.py
[2026-06-30T08:29:31.174+0000] {logging_mixin.py:188} INFO - [2026-06-30T08:29:31.174+0000] {dag.py:3096} INFO - Sync 1 DAGs
[2026-06-30T08:29:31.183+0000] {logging_mixin.py:188} INFO - [2026-06-30T08:29:31.183+0000] {dag.py:3954} INFO - Setting next_dagrun for example_sensor_decorator to None, run_after=None
[2026-06-30T08:29:31.198+0000] {processor.py:183} INFO - Processing /home/airflow/.local/lib/python3.12/site-packages/airflow/example_dags/example_sensor_decorator.py took 0.051 seconds
[2026-06-30T08:30:01.761+0000] {processor.py:161} INFO - Started process (PID=23037) to work on /home/airflow/.local/lib/python3.12/site-packages/airflow/example_dags/example_sensor_decorator.py
[2026-06-30T08:30:01.763+0000] {processor.py:830} INFO - Processing file /home/airflow/.local/lib/python3.12/site-packages/airflow/example_dags/example_sensor_decorator.py for tasks to queue
[2026-06-30T08:30:01.764+0000] {logging_mixin.py:188} INFO - [2026-06-30T08:30:01.763+0000] {dagbag.py:545} INFO - Filling up the DagBag from /home/airflow/.local/lib/python3.12/site-packages/airflow/example_dags/example_sensor_decorator.py
[2026-06-30T08:30:01.768+0000] {processor.py:840} INFO - DAG(s) 'example_sensor_decorator' retrieved from /home/airflow/.local/lib/python3.12/site-packages/airflow/example_dags/example_sensor_decorator.py
[2026-06-30T08:30:01.785+0000] {logging_mixin.py:188} INFO - [2026-06-30T08:30:01.785+0000] {dag.py:3096} INFO - Sync 1 DAGs
[2026-06-30T08:30:01.795+0000] {logging_mixin.py:188} INFO - [2026-06-30T08:30:01.795+0000] {dag.py:3954} INFO - Setting next_dagrun for example_sensor_decorator to None, run_after=None
[2026-06-30T08:30:01.811+0000] {processor.py:183} INFO - Processing /home/airflow/.local/lib/python3.12/site-packages/airflow/example_dags/example_sensor_decorator.py took 0.054 seconds
[2026-06-30T08:30:32.331+0000] {processor.py:161} INFO - Started process (PID=23095) to work on /home/airflow/.local/lib/python3.12/site-packages/airflow/example_dags/example_sensor_decorator.py
[2026-06-30T08:30:32.332+0000] {processor.py:830} INFO - Processing file /home/airflow/.local/lib/python3.12/site-packages/airflow/example_dags/example_sensor_decorator.py for tasks to queue
[2026-06-30T08:30:32.333+0000] {logging_mixin.py:188} INFO - [2026-06-30T08:30:32.333+0000] {dagbag.py:545} INFO - Filling up the DagBag from /home/airflow/.local/lib/python3.12/site-packages/airflow/example_dags/example_sensor_decorator.py
[2026-06-30T08:30:32.338+0000] {processor.py:840} INFO - DAG(s) 'example_sensor_decorator' retrieved from /home/airflow/.local/lib/python3.12/site-packages/airflow/example_dags/example_sensor_decorator.py
[2026-06-30T08:30:32.354+0000] {logging_mixin.py:188} INFO - [2026-06-30T08:30:32.354+0000] {dag.py:3096} INFO - Sync 1 DAGs
[2026-06-30T08:30:32.363+0000] {logging_mixin.py:188} INFO - [2026-06-30T08:30:32.363+0000] {dag.py:3954} INFO - Setting next_dagrun for example_sensor_decorator to None, run_after=None
[2026-06-30T08:30:32.378+0000] {processor.py:183} INFO - Processing /home/airflow/.local/lib/python3.12/site-packages/airflow/example_dags/example_sensor_decorator.py took 0.051 seconds
[2026-06-30T08:31:03.045+0000] {processor.py:161} INFO - Started process (PID=23153) to work on /home/airflow/.local/lib/python3.12/site-packages/airflow/example_dags/example_sensor_decorator.py
[2026-06-30T08:31:03.047+0000] {processor.py:830} INFO - Processing file /home/airflow/.local/lib/python3.12/site-packages/airflow/example_dags/example_sensor_decorator.py for tasks to queue
[2026-06-30T08:31:03.048+0000] {logging_mixin.py:188} INFO - [2026-06-30T08:31:03.048+0000] {dagbag.py:545} INFO - Filling up the DagBag from /home/airflow/.local/lib/python3.12/site-packages/airflow/example_dags/example_sensor_decorator.py
[2026-06-30T08:31:03.053+0000] {processor.py:840} INFO - DAG(s) 'example_sensor_decorator' retrieved from /home/airflow/.local/lib/python3.12/site-packages/airflow/example_dags/example_sensor_decorator.py
[2026-06-30T08:31:03.070+0000] {logging_mixin.py:188} INFO - [2026-06-30T08:31:03.070+0000] {dag.py:3096} INFO - Sync 1 DAGs
[2026-06-30T08:31:03.079+0000] {logging_mixin.py:188} INFO - [2026-06-30T08:31:03.079+0000] {dag.py:3954} INFO - Setting next_dagrun for example_sensor_decorator to None, run_after=None
[2026-06-30T08:31:03.093+0000] {processor.py:183} INFO - Processing /home/airflow/.local/lib/python3.12/site-packages/airflow/example_dags/example_sensor_decorator.py took 0.053 seconds
[2026-06-30T08:31:33.895+0000] {processor.py:161} INFO - Started process (PID=23211) to work on /home/airflow/.local/lib/python3.12/site-packages/airflow/example_dags/example_sensor_decorator.py
[2026-06-30T08:31:33.896+0000] {processor.py:830} INFO - Processing file /home/airflow/.local/lib/python3.12/site-packages/airflow/example_dags/example_sensor_decorator.py for tasks to queue
[2026-06-30T08:31:33.897+0000] {logging_mixin.py:188} INFO - [2026-06-30T08:31:33.897+0000] {dagbag.py:545} INFO - Filling up the DagBag from /home/airflow/.local/lib/python3.12/site-packages/airflow/example_dags/example_sensor_decorator.py
[2026-06-30T08:31:33.902+0000] {processor.py:840} INFO - DAG(s) 'example_sensor_decorator' retrieved from /home/airflow/.local/lib/python3.12/site-packages/airflow/example_dags/example_sensor_decorator.py
[2026-06-30T08:31:33.919+0000] {logging_mixin.py:188} INFO - [2026-06-30T08:31:33.919+0000] {dag.py:3096} INFO - Sync 1 DAGs
[2026-06-30T08:31:33.929+0000] {logging_mixin.py:188} INFO - [2026-06-30T08:31:33.928+0000] {dag.py:3954} INFO - Setting next_dagrun for example_sensor_decorator to None, run_after=None
[2026-06-30T08:31:33.944+0000] {processor.py:183} INFO - Processing /home/airflow/.local/lib/python3.12/site-packages/airflow/example_dags/example_sensor_decorator.py took 0.054 seconds
[2026-06-30T08:32:04.446+0000] {processor.py:161} INFO - Started process (PID=23269) to work on /home/airflow/.local/lib/python3.12/site-packages/airflow/example_dags/example_sensor_decorator.py
[2026-06-30T08:32:04.447+0000] {processor.py:830} INFO - Processing file /home/airflow/.local/lib/python3.12/site-packages/airflow/example_dags/example_sensor_decorator.py for tasks to queue
[2026-06-30T08:32:04.447+0000] {logging_mixin.py:188} INFO - [2026-06-30T08:32:04.447+0000] {dagbag.py:545} INFO - Filling up the DagBag from /home/airflow/.local/lib/python3.12/site-packages/airflow/example_dags/example_sensor_decorator.py
[2026-06-30T08:32:04.453+0000] {processor.py:840} INFO - DAG(s) 'example_sensor_decorator' retrieved from /home/airflow/.local/lib/python3.12/site-packages/airflow/example_dags/example_sensor_decorator.py
[2026-06-30T08:32:04.470+0000] {logging_mixin.py:188} INFO - [2026-06-30T08:32:04.470+0000] {dag.py:3096} INFO - Sync 1 DAGs
[2026-06-30T08:32:04.480+0000] {logging_mixin.py:188} INFO - [2026-06-30T08:32:04.480+0000] {dag.py:3954} INFO - Setting next_dagrun for example_sensor_decorator to None, run_after=None
[2026-06-30T08:32:04.498+0000] {processor.py:183} INFO - Processing /home/airflow/.local/lib/python3.12/site-packages/airflow/example_dags/example_sensor_decorator.py took 0.058 seconds
[2026-06-30T08:32:35.252+0000] {processor.py:161} INFO - Started process (PID=23327) to work on /home/airflow/.local/lib/python3.12/site-packages/airflow/example_dags/example_sensor_decorator.py
[2026-06-30T08:32:35.253+0000] {processor.py:830} INFO - Processing file /home/airflow/.local/lib/python3.12/site-packages/airflow/example_dags/example_sensor_decorator.py for tasks to queue
[2026-06-30T08:32:35.254+0000] {logging_mixin.py:188} INFO - [2026-06-30T08:32:35.254+0000] {dagbag.py:545} INFO - Filling up the DagBag from /home/airflow/.local/lib/python3.12/site-packages/airflow/example_dags/example_sensor_decorator.py
[2026-06-30T08:32:35.259+0000] {processor.py:840} INFO - DAG(s) 'example_sensor_decorator' retrieved from /home/airflow/.local/lib/python3.12/site-packages/airflow/example_dags/example_sensor_decorator.py
[2026-06-30T08:32:35.275+0000] {logging_mixin.py:188} INFO - [2026-06-30T08:32:35.275+0000] {dag.py:3096} INFO - Sync 1 DAGs
[2026-06-30T08:32:35.285+0000] {logging_mixin.py:188} INFO - [2026-06-30T08:32:35.285+0000] {dag.py:3954} INFO - Setting next_dagrun for example_sensor_decorator to None, run_after=None
[2026-06-30T08:32:35.301+0000] {processor.py:183} INFO - Processing /home/airflow/.local/lib/python3.12/site-packages/airflow/example_dags/example_sensor_decorator.py took 0.053 seconds
[2026-06-30T08:33:05.917+0000] {processor.py:161} INFO - Started process (PID=23385) to work on /home/airflow/.local/lib/python3.12/site-packages/airflow/example_dags/example_sensor_decorator.py
[2026-06-30T08:33:05.918+0000] {processor.py:830} INFO - Processing file /home/airflow/.local/lib/python3.12/site-packages/airflow/example_dags/example_sensor_decorator.py for tasks to queue
[2026-06-30T08:33:05.919+0000] {logging_mixin.py:188} INFO - [2026-06-30T08:33:05.919+0000] {dagbag.py:545} INFO - Filling up the DagBag from /home/airflow/.local/lib/python3.12/site-packages/airflow/example_dags/example_sensor_decorator.py
[2026-06-30T08:33:05.926+0000] {processor.py:840} INFO - DAG(s) 'example_sensor_decorator' retrieved from /home/airflow/.local/lib/python3.12/site-packages/airflow/example_dags/example_sensor_decorator.py
[2026-06-30T08:33:05.954+0000] {logging_mixin.py:188} INFO - [2026-06-30T08:33:05.953+0000] {dag.py:3096} INFO - Sync 1 DAGs
[2026-06-30T08:33:05.976+0000] {logging_mixin.py:188} INFO - [2026-06-30T08:33:05.976+0000] {dag.py:3954} INFO - Setting next_dagrun for example_sensor_decorator to None, run_after=None
[2026-06-30T08:33:05.998+0000] {processor.py:183} INFO - Processing /home/airflow/.local/lib/python3.12/site-packages/airflow/example_dags/example_sensor_decorator.py took 0.088 seconds
[2026-06-30T08:33:36.905+0000] {processor.py:161} INFO - Started process (PID=23443) to work on /home/airflow/.local/lib/python3.12/site-packages/airflow/example_dags/example_sensor_decorator.py
[2026-06-30T08:33:36.906+0000] {processor.py:830} INFO - Processing file /home/airflow/.local/lib/python3.12/site-packages/airflow/example_dags/example_sensor_decorator.py for tasks to queue
[2026-06-30T08:33:36.907+0000] {logging_mixin.py:188} INFO - [2026-06-30T08:33:36.907+0000] {dagbag.py:545} INFO - Filling up the DagBag from /home/airflow/.local/lib/python3.12/site-packages/airflow/example_dags/example_sensor_decorator.py
[2026-06-30T08:33:36.913+0000] {processor.py:840} INFO - DAG(s) 'example_sensor_decorator' retrieved from /home/airflow/.local/lib/python3.12/site-packages/airflow/example_dags/example_sensor_decorator.py
[2026-06-30T08:33:36.932+0000] {logging_mixin.py:188} INFO - [2026-06-30T08:33:36.931+0000] {dag.py:3096} INFO - Sync 1 DAGs
[2026-06-30T08:33:36.941+0000] {logging_mixin.py:188} INFO - [2026-06-30T08:33:36.941+0000] {dag.py:3954} INFO - Setting next_dagrun for example_sensor_decorator to None, run_after=None
[2026-06-30T08:33:36.956+0000] {processor.py:183} INFO - Processing /home/airflow/.local/lib/python3.12/site-packages/airflow/example_dags/example_sensor_decorator.py took 0.057 seconds
[2026-06-30T08:34:07.705+0000] {processor.py:161} INFO - Started process (PID=23501) to work on /home/airflow/.local/lib/python3.12/site-packages/airflow/example_dags/example_sensor_decorator.py
[2026-06-30T08:34:07.708+0000] {processor.py:830} INFO - Processing file /home/airflow/.local/lib/python3.12/site-packages/airflow/example_dags/example_sensor_decorator.py for tasks to queue
[2026-06-30T08:34:07.711+0000] {logging_mixin.py:188} INFO - [2026-06-30T08:34:07.711+0000] {dagbag.py:545} INFO - Filling up the DagBag from /home/airflow/.local/lib/python3.12/site-packages/airflow/example_dags/example_sensor_decorator.py
[2026-06-30T08:34:07.716+0000] {processor.py:840} INFO - DAG(s) 'example_sensor_decorator' retrieved from /home/airflow/.local/lib/python3.12/site-packages/airflow/example_dags/example_sensor_decorator.py
[2026-06-30T08:34:07.732+0000] {logging_mixin.py:188} INFO - [2026-06-30T08:34:07.732+0000] {dag.py:3096} INFO - Sync 1 DAGs
[2026-06-30T08:34:07.742+0000] {logging_mixin.py:188} INFO - [2026-06-30T08:34:07.742+0000] {dag.py:3954} INFO - Setting next_dagrun for example_sensor_decorator to None, run_after=None
[2026-06-30T08:34:07.757+0000] {processor.py:183} INFO - Processing /home/airflow/.local/lib/python3.12/site-packages/airflow/example_dags/example_sensor_decorator.py took 0.057 seconds
[2026-06-30T08:34:38.546+0000] {processor.py:161} INFO - Started process (PID=23559) to work on /home/airflow/.local/lib/python3.12/site-packages/airflow/example_dags/example_sensor_decorator.py
[2026-06-30T08:34:38.547+0000] {processor.py:830} INFO - Processing file /home/airflow/.local/lib/python3.12/site-packages/airflow/example_dags/example_sensor_decorator.py for tasks to queue
[2026-06-30T08:34:38.548+0000] {logging_mixin.py:188} INFO - [2026-06-30T08:34:38.547+0000] {dagbag.py:545} INFO - Filling up the DagBag from /home/airflow/.local/lib/python3.12/site-packages/airflow/example_dags/example_sensor_decorator.py
[2026-06-30T08:34:38.552+0000] {processor.py:840} INFO - DAG(s) 'example_sensor_decorator' retrieved from /home/airflow/.local/lib/python3.12/site-packages/airflow/example_dags/example_sensor_decorator.py
[2026-06-30T08:34:38.566+0000] {logging_mixin.py:188} INFO - [2026-06-30T08:34:38.566+0000] {dag.py:3096} INFO - Sync 1 DAGs
[2026-06-30T08:34:38.574+0000] {logging_mixin.py:188} INFO - [2026-06-30T08:34:38.574+0000] {dag.py:3954} INFO - Setting next_dagrun for example_sensor_decorator to None, run_after=None
[2026-06-30T08:34:38.589+0000] {processor.py:183} INFO - Processing /home/airflow/.local/lib/python3.12/site-packages/airflow/example_dags/example_sensor_decorator.py took 0.047 seconds
[2026-06-30T08:35:08.823+0000] {processor.py:161} INFO - Started process (PID=23617) to work on /home/airflow/.local/lib/python3.12/site-packages/airflow/example_dags/example_sensor_decorator.py
[2026-06-30T08:35:08.824+0000] {processor.py:830} INFO - Processing file /home/airflow/.local/lib/python3.12/site-packages/airflow/example_dags/example_sensor_decorator.py for tasks to queue
[2026-06-30T08:35:08.825+0000] {logging_mixin.py:188} INFO - [2026-06-30T08:35:08.825+0000] {dagbag.py:545} INFO - Filling up the DagBag from /home/airflow/.local/lib/python3.12/site-packages/airflow/example_dags/example_sensor_decorator.py
[2026-06-30T08:35:08.833+0000] {processor.py:840} INFO - DAG(s) 'example_sensor_decorator' retrieved from /home/airflow/.local/lib/python3.12/site-packages/airflow/example_dags/example_sensor_decorator.py
[2026-06-30T08:35:08.849+0000] {logging_mixin.py:188} INFO - [2026-06-30T08:35:08.849+0000] {dag.py:3096} INFO - Sync 1 DAGs
[2026-06-30T08:35:08.860+0000] {logging_mixin.py:188} INFO - [2026-06-30T08:35:08.860+0000] {dag.py:3954} INFO - Setting next_dagrun for example_sensor_decorator to None, run_after=None
[2026-06-30T08:35:08.878+0000] {processor.py:183} INFO - Processing /home/airflow/.local/lib/python3.12/site-packages/airflow/example_dags/example_sensor_decorator.py took 0.063 seconds
[2026-06-30T08:35:39.296+0000] {processor.py:161} INFO - Started process (PID=23675) to work on /home/airflow/.local/lib/python3.12/site-packages/airflow/example_dags/example_sensor_decorator.py
[2026-06-30T08:35:39.297+0000] {processor.py:830} INFO - Processing file /home/airflow/.local/lib/python3.12/site-packages/airflow/example_dags/example_sensor_decorator.py for tasks to queue
[2026-06-30T08:35:39.298+0000] {logging_mixin.py:188} INFO - [2026-06-30T08:35:39.298+0000] {dagbag.py:545} INFO - Filling up the DagBag from /home/airflow/.local/lib/python3.12/site-packages/airflow/example_dags/example_sensor_decorator.py
[2026-06-30T08:35:39.302+0000] {processor.py:840} INFO - DAG(s) 'example_sensor_decorator' retrieved from /home/airflow/.local/lib/python3.12/site-packages/airflow/example_dags/example_sensor_decorator.py
[2026-06-30T08:35:39.317+0000] {logging_mixin.py:188} INFO - [2026-06-30T08:35:39.317+0000] {dag.py:3096} INFO - Sync 1 DAGs
[2026-06-30T08:35:39.328+0000] {logging_mixin.py:188} INFO - [2026-06-30T08:35:39.328+0000] {dag.py:3954} INFO - Setting next_dagrun for example_sensor_decorator to None, run_after=None
[2026-06-30T08:35:39.340+0000] {processor.py:183} INFO - Processing /home/airflow/.local/lib/python3.12/site-packages/airflow/example_dags/example_sensor_decorator.py took 0.048 seconds
[2026-06-30T08:36:09.582+0000] {processor.py:161} INFO - Started process (PID=23733) to work on /home/airflow/.local/lib/python3.12/site-packages/airflow/example_dags/example_sensor_decorator.py
[2026-06-30T08:36:09.583+0000] {processor.py:830} INFO - Processing file /home/airflow/.local/lib/python3.12/site-packages/airflow/example_dags/example_sensor_decorator.py for tasks to queue
[2026-06-30T08:36:09.584+0000] {logging_mixin.py:188} INFO - [2026-06-30T08:36:09.584+0000] {dagbag.py:545} INFO - Filling up the DagBag from /home/airflow/.local/lib/python3.12/site-packages/airflow/example_dags/example_sensor_decorator.py
[2026-06-30T08:36:09.588+0000] {processor.py:840} INFO - DAG(s) 'example_sensor_decorator' retrieved from /home/airflow/.local/lib/python3.12/site-packages/airflow/example_dags/example_sensor_decorator.py
[2026-06-30T08:36:09.603+0000] {logging_mixin.py:188} INFO - [2026-06-30T08:36:09.603+0000] {dag.py:3096} INFO - Sync 1 DAGs
[2026-06-30T08:36:09.612+0000] {logging_mixin.py:188} INFO - [2026-06-30T08:36:09.612+0000] {dag.py:3954} INFO - Setting next_dagrun for example_sensor_decorator to None, run_after=None
[2026-06-30T08:36:09.626+0000] {processor.py:183} INFO - Processing /home/airflow/.local/lib/python3.12/site-packages/airflow/example_dags/example_sensor_decorator.py took 0.048 seconds
[2026-06-30T08:36:40.155+0000] {processor.py:161} INFO - Started process (PID=23791) to work on /home/airflow/.local/lib/python3.12/site-packages/airflow/example_dags/example_sensor_decorator.py
[2026-06-30T08:36:40.156+0000] {processor.py:830} INFO - Processing file /home/airflow/.local/lib/python3.12/site-packages/airflow/example_dags/example_sensor_decorator.py for tasks to queue
[2026-06-30T08:36:40.156+0000] {logging_mixin.py:188} INFO - [2026-06-30T08:36:40.156+0000] {dagbag.py:545} INFO - Filling up the DagBag from /home/airflow/.local/lib/python3.12/site-packages/airflow/example_dags/example_sensor_decorator.py
[2026-06-30T08:36:40.162+0000] {processor.py:840} INFO - DAG(s) 'example_sensor_decorator' retrieved from /home/airflow/.local/lib/python3.12/site-packages/airflow/example_dags/example_sensor_decorator.py
[2026-06-30T08:36:40.180+0000] {logging_mixin.py:188} INFO - [2026-06-30T08:36:40.180+0000] {dag.py:3096} INFO - Sync 1 DAGs
[2026-06-30T08:36:40.189+0000] {logging_mixin.py:188} INFO - [2026-06-30T08:36:40.189+0000] {dag.py:3954} INFO - Setting next_dagrun for example_sensor_decorator to None, run_after=None
[2026-06-30T08:36:40.203+0000] {processor.py:183} INFO - Processing /home/airflow/.local/lib/python3.12/site-packages/airflow/example_dags/example_sensor_decorator.py took 0.053 seconds
[2026-06-30T08:37:10.439+0000] {processor.py:161} INFO - Started process (PID=23850) to work on /home/airflow/.local/lib/python3.12/site-packages/airflow/example_dags/example_sensor_decorator.py
[2026-06-30T08:37:10.440+0000] {processor.py:830} INFO - Processing file /home/airflow/.local/lib/python3.12/site-packages/airflow/example_dags/example_sensor_decorator.py for tasks to queue
[2026-06-30T08:37:10.441+0000] {logging_mixin.py:188} INFO - [2026-06-30T08:37:10.440+0000] {dagbag.py:545} INFO - Filling up the DagBag from /home/airflow/.local/lib/python3.12/site-packages/airflow/example_dags/example_sensor_decorator.py
[2026-06-30T08:37:10.445+0000] {processor.py:840} INFO - DAG(s) 'example_sensor_decorator' retrieved from /home/airflow/.local/lib/python3.12/site-packages/airflow/example_dags/example_sensor_decorator.py
[2026-06-30T08:37:10.460+0000] {logging_mixin.py:188} INFO - [2026-06-30T08:37:10.460+0000] {dag.py:3096} INFO - Sync 1 DAGs
[2026-06-30T08:37:10.469+0000] {logging_mixin.py:188} INFO - [2026-06-30T08:37:10.468+0000] {dag.py:3954} INFO - Setting next_dagrun for example_sensor_decorator to None, run_after=None
[2026-06-30T08:37:10.483+0000] {processor.py:183} INFO - Processing /home/airflow/.local/lib/python3.12/site-packages/airflow/example_dags/example_sensor_decorator.py took 0.048 seconds
[2026-06-30T08:37:40.831+0000] {processor.py:161} INFO - Started process (PID=23908) to work on /home/airflow/.local/lib/python3.12/site-packages/airflow/example_dags/example_sensor_decorator.py
[2026-06-30T08:37:40.833+0000] {processor.py:830} INFO - Processing file /home/airflow/.local/lib/python3.12/site-packages/airflow/example_dags/example_sensor_decorator.py for tasks to queue
[2026-06-30T08:37:40.834+0000] {logging_mixin.py:188} INFO - [2026-06-30T08:37:40.834+0000] {dagbag.py:545} INFO - Filling up the DagBag from /home/airflow/.local/lib/python3.12/site-packages/airflow/example_dags/example_sensor_decorator.py
[2026-06-30T08:37:40.839+0000] {processor.py:840} INFO - DAG(s) 'example_sensor_decorator' retrieved from /home/airflow/.local/lib/python3.12/site-packages/airflow/example_dags/example_sensor_decorator.py
[2026-06-30T08:37:40.853+0000] {logging_mixin.py:188} INFO - [2026-06-30T08:37:40.853+0000] {dag.py:3096} INFO - Sync 1 DAGs
[2026-06-30T08:37:40.862+0000] {logging_mixin.py:188} INFO - [2026-06-30T08:37:40.862+0000] {dag.py:3954} INFO - Setting next_dagrun for example_sensor_decorator to None, run_after=None
[2026-06-30T08:37:40.875+0000] {processor.py:183} INFO - Processing /home/airflow/.local/lib/python3.12/site-packages/airflow/example_dags/example_sensor_decorator.py took 0.049 seconds
[2026-06-30T08:38:11.265+0000] {processor.py:161} INFO - Started process (PID=23966) to work on /home/airflow/.local/lib/python3.12/site-packages/airflow/example_dags/example_sensor_decorator.py
[2026-06-30T08:38:11.266+0000] {processor.py:830} INFO - Processing file /home/airflow/.local/lib/python3.12/site-packages/airflow/example_dags/example_sensor_decorator.py for tasks to queue
[2026-06-30T08:38:11.266+0000] {logging_mixin.py:188} INFO - [2026-06-30T08:38:11.266+0000] {dagbag.py:545} INFO - Filling up the DagBag from /home/airflow/.local/lib/python3.12/site-packages/airflow/example_dags/example_sensor_decorator.py
[2026-06-30T08:38:11.271+0000] {processor.py:840} INFO - DAG(s) 'example_sensor_decorator' retrieved from /home/airflow/.local/lib/python3.12/site-packages/airflow/example_dags/example_sensor_decorator.py
[2026-06-30T08:38:11.289+0000] {logging_mixin.py:188} INFO - [2026-06-30T08:38:11.289+0000] {dag.py:3096} INFO - Sync 1 DAGs
[2026-06-30T08:38:11.300+0000] {logging_mixin.py:188} INFO - [2026-06-30T08:38:11.300+0000] {dag.py:3954} INFO - Setting next_dagrun for example_sensor_decorator to None, run_after=None
[2026-06-30T08:38:11.316+0000] {processor.py:183} INFO - Processing /home/airflow/.local/lib/python3.12/site-packages/airflow/example_dags/example_sensor_decorator.py took 0.057 seconds
[2026-06-30T08:38:41.797+0000] {processor.py:161} INFO - Started process (PID=24024) to work on /home/airflow/.local/lib/python3.12/site-packages/airflow/example_dags/example_sensor_decorator.py
[2026-06-30T08:38:41.798+0000] {processor.py:830} INFO - Processing file /home/airflow/.local/lib/python3.12/site-packages/airflow/example_dags/example_sensor_decorator.py for tasks to queue
[2026-06-30T08:38:41.799+0000] {logging_mixin.py:188} INFO - [2026-06-30T08:38:41.799+0000] {dagbag.py:545} INFO - Filling up the DagBag from /home/airflow/.local/lib/python3.12/site-packages/airflow/example_dags/example_sensor_decorator.py
[2026-06-30T08:38:41.804+0000] {processor.py:840} INFO - DAG(s) 'example_sensor_decorator' retrieved from /home/airflow/.local/lib/python3.12/site-packages/airflow/example_dags/example_sensor_decorator.py
[2026-06-30T08:38:41.819+0000] {logging_mixin.py:188} INFO - [2026-06-30T08:38:41.819+0000] {dag.py:3096} INFO - Sync 1 DAGs
[2026-06-30T08:38:41.827+0000] {logging_mixin.py:188} INFO - [2026-06-30T08:38:41.827+0000] {dag.py:3954} INFO - Setting next_dagrun for example_sensor_decorator to None, run_after=None
[2026-06-30T08:38:41.839+0000] {processor.py:183} INFO - Processing /home/airflow/.local/lib/python3.12/site-packages/airflow/example_dags/example_sensor_decorator.py took 0.046 seconds
[2026-06-30T08:39:12.173+0000] {processor.py:161} INFO - Started process (PID=24088) to work on /home/airflow/.local/lib/python3.12/site-packages/airflow/example_dags/example_sensor_decorator.py
[2026-06-30T08:39:12.175+0000] {processor.py:830} INFO - Processing file /home/airflow/.local/lib/python3.12/site-packages/airflow/example_dags/example_sensor_decorator.py for tasks to queue
[2026-06-30T08:39:12.176+0000] {logging_mixin.py:188} INFO - [2026-06-30T08:39:12.176+0000] {dagbag.py:545} INFO - Filling up the DagBag from /home/airflow/.local/lib/python3.12/site-packages/airflow/example_dags/example_sensor_decorator.py
[2026-06-30T08:39:12.182+0000] {processor.py:840} INFO - DAG(s) 'example_sensor_decorator' retrieved from /home/airflow/.local/lib/python3.12/site-packages/airflow/example_dags/example_sensor_decorator.py
[2026-06-30T08:39:12.205+0000] {logging_mixin.py:188} INFO - [2026-06-30T08:39:12.205+0000] {dag.py:3096} INFO - Sync 1 DAGs
[2026-06-30T08:39:12.218+0000] {logging_mixin.py:188} INFO - [2026-06-30T08:39:12.217+0000] {dag.py:3954} INFO - Setting next_dagrun for example_sensor_decorator to None, run_after=None
[2026-06-30T08:39:12.236+0000] {processor.py:183} INFO - Processing /home/airflow/.local/lib/python3.12/site-packages/airflow/example_dags/example_sensor_decorator.py took 0.068 seconds
[2026-06-30T08:39:42.857+0000] {processor.py:161} INFO - Started process (PID=24146) to work on /home/airflow/.local/lib/python3.12/site-packages/airflow/example_dags/example_sensor_decorator.py
[2026-06-30T08:39:42.858+0000] {processor.py:830} INFO - Processing file /home/airflow/.local/lib/python3.12/site-packages/airflow/example_dags/example_sensor_decorator.py for tasks to queue
[2026-06-30T08:39:42.860+0000] {logging_mixin.py:188} INFO - [2026-06-30T08:39:42.859+0000] {dagbag.py:545} INFO - Filling up the DagBag from /home/airflow/.local/lib/python3.12/site-packages/airflow/example_dags/example_sensor_decorator.py
[2026-06-30T08:39:42.864+0000] {processor.py:840} INFO - DAG(s) 'example_sensor_decorator' retrieved from /home/airflow/.local/lib/python3.12/site-packages/airflow/example_dags/example_sensor_decorator.py
[2026-06-30T08:39:42.880+0000] {logging_mixin.py:188} INFO - [2026-06-30T08:39:42.880+0000] {dag.py:3096} INFO - Sync 1 DAGs
[2026-06-30T08:39:42.890+0000] {logging_mixin.py:188} INFO - [2026-06-30T08:39:42.889+0000] {dag.py:3954} INFO - Setting next_dagrun for example_sensor_decorator to None, run_after=None
[2026-06-30T08:39:42.906+0000] {processor.py:183} INFO - Processing /home/airflow/.local/lib/python3.12/site-packages/airflow/example_dags/example_sensor_decorator.py took 0.053 seconds
[2026-06-30T08:40:13.309+0000] {processor.py:161} INFO - Started process (PID=24204) to work on /home/airflow/.local/lib/python3.12/site-packages/airflow/example_dags/example_sensor_decorator.py
[2026-06-30T08:40:13.310+0000] {processor.py:830} INFO - Processing file /home/airflow/.local/lib/python3.12/site-packages/airflow/example_dags/example_sensor_decorator.py for tasks to queue
[2026-06-30T08:40:13.311+0000] {logging_mixin.py:188} INFO - [2026-06-30T08:40:13.311+0000] {dagbag.py:545} INFO - Filling up the DagBag from /home/airflow/.local/lib/python3.12/site-packages/airflow/example_dags/example_sensor_decorator.py
[2026-06-30T08:40:13.317+0000] {processor.py:840} INFO - DAG(s) 'example_sensor_decorator' retrieved from /home/airflow/.local/lib/python3.12/site-packages/airflow/example_dags/example_sensor_decorator.py
[2026-06-30T08:40:13.334+0000] {logging_mixin.py:188} INFO - [2026-06-30T08:40:13.334+0000] {dag.py:3096} INFO - Sync 1 DAGs
[2026-06-30T08:40:13.343+0000] {logging_mixin.py:188} INFO - [2026-06-30T08:40:13.343+0000] {dag.py:3954} INFO - Setting next_dagrun for example_sensor_decorator to None, run_after=None
[2026-06-30T08:40:13.357+0000] {processor.py:183} INFO - Processing /home/airflow/.local/lib/python3.12/site-packages/airflow/example_dags/example_sensor_decorator.py took 0.055 seconds
[2026-06-30T08:40:43.975+0000] {processor.py:161} INFO - Started process (PID=24262) to work on /home/airflow/.local/lib/python3.12/site-packages/airflow/example_dags/example_sensor_decorator.py
[2026-06-30T08:40:43.975+0000] {processor.py:830} INFO - Processing file /home/airflow/.local/lib/python3.12/site-packages/airflow/example_dags/example_sensor_decorator.py for tasks to queue
[2026-06-30T08:40:43.976+0000] {logging_mixin.py:188} INFO - [2026-06-30T08:40:43.976+0000] {dagbag.py:545} INFO - Filling up the DagBag from /home/airflow/.local/lib/python3.12/site-packages/airflow/example_dags/example_sensor_decorator.py
[2026-06-30T08:40:43.981+0000] {processor.py:840} INFO - DAG(s) 'example_sensor_decorator' retrieved from /home/airflow/.local/lib/python3.12/site-packages/airflow/example_dags/example_sensor_decorator.py
[2026-06-30T08:40:43.997+0000] {logging_mixin.py:188} INFO - [2026-06-30T08:40:43.997+0000] {dag.py:3096} INFO - Sync 1 DAGs
[2026-06-30T08:40:44.006+0000] {logging_mixin.py:188} INFO - [2026-06-30T08:40:44.006+0000] {dag.py:3954} INFO - Setting next_dagrun for example_sensor_decorator to None, run_after=None
[2026-06-30T08:40:44.019+0000] {processor.py:183} INFO - Processing /home/airflow/.local/lib/python3.12/site-packages/airflow/example_dags/example_sensor_decorator.py took 0.049 seconds
[2026-06-30T08:41:14.663+0000] {processor.py:161} INFO - Started process (PID=24320) to work on /home/airflow/.local/lib/python3.12/site-packages/airflow/example_dags/example_sensor_decorator.py
[2026-06-30T08:41:14.664+0000] {processor.py:830} INFO - Processing file /home/airflow/.local/lib/python3.12/site-packages/airflow/example_dags/example_sensor_decorator.py for tasks to queue
[2026-06-30T08:41:14.666+0000] {logging_mixin.py:188} INFO - [2026-06-30T08:41:14.666+0000] {dagbag.py:545} INFO - Filling up the DagBag from /home/airflow/.local/lib/python3.12/site-packages/airflow/example_dags/example_sensor_decorator.py
[2026-06-30T08:41:14.671+0000] {processor.py:840} INFO - DAG(s) 'example_sensor_decorator' retrieved from /home/airflow/.local/lib/python3.12/site-packages/airflow/example_dags/example_sensor_decorator.py
[2026-06-30T08:41:14.688+0000] {logging_mixin.py:188} INFO - [2026-06-30T08:41:14.688+0000] {dag.py:3096} INFO - Sync 1 DAGs
[2026-06-30T08:41:14.699+0000] {logging_mixin.py:188} INFO - [2026-06-30T08:41:14.699+0000] {dag.py:3954} INFO - Setting next_dagrun for example_sensor_decorator to None, run_after=None
[2026-06-30T08:41:14.713+0000] {processor.py:183} INFO - Processing /home/airflow/.local/lib/python3.12/site-packages/airflow/example_dags/example_sensor_decorator.py took 0.055 seconds
[2026-06-30T08:41:45.148+0000] {processor.py:161} INFO - Started process (PID=24378) to work on /home/airflow/.local/lib/python3.12/site-packages/airflow/example_dags/example_sensor_decorator.py
[2026-06-30T08:41:45.149+0000] {processor.py:830} INFO - Processing file /home/airflow/.local/lib/python3.12/site-packages/airflow/example_dags/example_sensor_decorator.py for tasks to queue
[2026-06-30T08:41:45.150+0000] {logging_mixin.py:188} INFO - [2026-06-30T08:41:45.149+0000] {dagbag.py:545} INFO - Filling up the DagBag from /home/airflow/.local/lib/python3.12/site-packages/airflow/example_dags/example_sensor_decorator.py
[2026-06-30T08:41:45.155+0000] {processor.py:840} INFO - DAG(s) 'example_sensor_decorator' retrieved from /home/airflow/.local/lib/python3.12/site-packages/airflow/example_dags/example_sensor_decorator.py
[2026-06-30T08:41:45.171+0000] {logging_mixin.py:188} INFO - [2026-06-30T08:41:45.171+0000] {dag.py:3096} INFO - Sync 1 DAGs
[2026-06-30T08:41:45.181+0000] {logging_mixin.py:188} INFO - [2026-06-30T08:41:45.181+0000] {dag.py:3954} INFO - Setting next_dagrun for example_sensor_decorator to None, run_after=None
[2026-06-30T08:41:45.196+0000] {processor.py:183} INFO - Processing /home/airflow/.local/lib/python3.12/site-packages/airflow/example_dags/example_sensor_decorator.py took 0.053 seconds
[2026-06-30T08:42:15.588+0000] {processor.py:161} INFO - Started process (PID=24436) to work on /home/airflow/.local/lib/python3.12/site-packages/airflow/example_dags/example_sensor_decorator.py
[2026-06-30T08:42:15.588+0000] {processor.py:830} INFO - Processing file /home/airflow/.local/lib/python3.12/site-packages/airflow/example_dags/example_sensor_decorator.py for tasks to queue
[2026-06-30T08:42:15.590+0000] {logging_mixin.py:188} INFO - [2026-06-30T08:42:15.590+0000] {dagbag.py:545} INFO - Filling up the DagBag from /home/airflow/.local/lib/python3.12/site-packages/airflow/example_dags/example_sensor_decorator.py
[2026-06-30T08:42:15.594+0000] {processor.py:840} INFO - DAG(s) 'example_sensor_decorator' retrieved from /home/airflow/.local/lib/python3.12/site-packages/airflow/example_dags/example_sensor_decorator.py
[2026-06-30T08:42:15.610+0000] {logging_mixin.py:188} INFO - [2026-06-30T08:42:15.610+0000] {dag.py:3096} INFO - Sync 1 DAGs
[2026-06-30T08:42:15.620+0000] {logging_mixin.py:188} INFO - [2026-06-30T08:42:15.620+0000] {dag.py:3954} INFO - Setting next_dagrun for example_sensor_decorator to None, run_after=None
[2026-06-30T08:42:15.657+0000] {processor.py:183} INFO - Processing /home/airflow/.local/lib/python3.12/site-packages/airflow/example_dags/example_sensor_decorator.py took 0.074 seconds
[2026-06-30T08:42:46.049+0000] {processor.py:161} INFO - Started process (PID=24494) to work on /home/airflow/.local/lib/python3.12/site-packages/airflow/example_dags/example_sensor_decorator.py
[2026-06-30T08:42:46.050+0000] {processor.py:830} INFO - Processing file /home/airflow/.local/lib/python3.12/site-packages/airflow/example_dags/example_sensor_decorator.py for tasks to queue
[2026-06-30T08:42:46.051+0000] {logging_mixin.py:188} INFO - [2026-06-30T08:42:46.051+0000] {dagbag.py:545} INFO - Filling up the DagBag from /home/airflow/.local/lib/python3.12/site-packages/airflow/example_dags/example_sensor_decorator.py
[2026-06-30T08:42:46.057+0000] {processor.py:840} INFO - DAG(s) 'example_sensor_decorator' retrieved from /home/airflow/.local/lib/python3.12/site-packages/airflow/example_dags/example_sensor_decorator.py
[2026-06-30T08:42:46.077+0000] {logging_mixin.py:188} INFO - [2026-06-30T08:42:46.077+0000] {dag.py:3096} INFO - Sync 1 DAGs
[2026-06-30T08:42:46.090+0000] {logging_mixin.py:188} INFO - [2026-06-30T08:42:46.090+0000] {dag.py:3954} INFO - Setting next_dagrun for example_sensor_decorator to None, run_after=None
[2026-06-30T08:42:46.109+0000] {processor.py:183} INFO - Processing /home/airflow/.local/lib/python3.12/site-packages/airflow/example_dags/example_sensor_decorator.py took 0.066 seconds
[2026-06-30T08:43:16.209+0000] {processor.py:161} INFO - Started process (PID=24552) to work on /home/airflow/.local/lib/python3.12/site-packages/airflow/example_dags/example_sensor_decorator.py
[2026-06-30T08:43:16.211+0000] {processor.py:830} INFO - Processing file /home/airflow/.local/lib/python3.12/site-packages/airflow/example_dags/example_sensor_decorator.py for tasks to queue
[2026-06-30T08:43:16.213+0000] {logging_mixin.py:188} INFO - [2026-06-30T08:43:16.212+0000] {dagbag.py:545} INFO - Filling up the DagBag from /home/airflow/.local/lib/python3.12/site-packages/airflow/example_dags/example_sensor_decorator.py
[2026-06-30T08:43:16.221+0000] {processor.py:840} INFO - DAG(s) 'example_sensor_decorator' retrieved from /home/airflow/.local/lib/python3.12/site-packages/airflow/example_dags/example_sensor_decorator.py
[2026-06-30T08:43:16.246+0000] {logging_mixin.py:188} INFO - [2026-06-30T08:43:16.246+0000] {dag.py:3096} INFO - Sync 1 DAGs
[2026-06-30T08:43:16.260+0000] {logging_mixin.py:188} INFO - [2026-06-30T08:43:16.260+0000] {dag.py:3954} INFO - Setting next_dagrun for example_sensor_decorator to None, run_after=None
[2026-06-30T08:43:16.283+0000] {processor.py:183} INFO - Processing /home/airflow/.local/lib/python3.12/site-packages/airflow/example_dags/example_sensor_decorator.py took 0.081 seconds
[2026-06-30T08:43:46.856+0000] {processor.py:161} INFO - Started process (PID=24610) to work on /home/airflow/.local/lib/python3.12/site-packages/airflow/example_dags/example_sensor_decorator.py
[2026-06-30T08:43:46.857+0000] {processor.py:830} INFO - Processing file /home/airflow/.local/lib/python3.12/site-packages/airflow/example_dags/example_sensor_decorator.py for tasks to queue
[2026-06-30T08:43:46.857+0000] {logging_mixin.py:188} INFO - [2026-06-30T08:43:46.857+0000] {dagbag.py:545} INFO - Filling up the DagBag from /home/airflow/.local/lib/python3.12/site-packages/airflow/example_dags/example_sensor_decorator.py
[2026-06-30T08:43:46.862+0000] {processor.py:840} INFO - DAG(s) 'example_sensor_decorator' retrieved from /home/airflow/.local/lib/python3.12/site-packages/airflow/example_dags/example_sensor_decorator.py
[2026-06-30T08:43:46.881+0000] {logging_mixin.py:188} INFO - [2026-06-30T08:43:46.881+0000] {dag.py:3096} INFO - Sync 1 DAGs
[2026-06-30T08:43:46.892+0000] {logging_mixin.py:188} INFO - [2026-06-30T08:43:46.892+0000] {dag.py:3954} INFO - Setting next_dagrun for example_sensor_decorator to None, run_after=None
[2026-06-30T08:43:46.909+0000] {processor.py:183} INFO - Processing /home/airflow/.local/lib/python3.12/site-packages/airflow/example_dags/example_sensor_decorator.py took 0.058 seconds
[2026-06-30T08:44:17.155+0000] {processor.py:161} INFO - Started process (PID=24668) to work on /home/airflow/.local/lib/python3.12/site-packages/airflow/example_dags/example_sensor_decorator.py
[2026-06-30T08:44:17.156+0000] {processor.py:830} INFO - Processing file /home/airflow/.local/lib/python3.12/site-packages/airflow/example_dags/example_sensor_decorator.py for tasks to queue
[2026-06-30T08:44:17.157+0000] {logging_mixin.py:188} INFO - [2026-06-30T08:44:17.157+0000] {dagbag.py:545} INFO - Filling up the DagBag from /home/airflow/.local/lib/python3.12/site-packages/airflow/example_dags/example_sensor_decorator.py
[2026-06-30T08:44:17.162+0000] {processor.py:840} INFO - DAG(s) 'example_sensor_decorator' retrieved from /home/airflow/.local/lib/python3.12/site-packages/airflow/example_dags/example_sensor_decorator.py
[2026-06-30T08:44:17.178+0000] {logging_mixin.py:188} INFO - [2026-06-30T08:44:17.177+0000] {dag.py:3096} INFO - Sync 1 DAGs
[2026-06-30T08:44:17.187+0000] {logging_mixin.py:188} INFO - [2026-06-30T08:44:17.186+0000] {dag.py:3954} INFO - Setting next_dagrun for example_sensor_decorator to None, run_after=None
[2026-06-30T08:44:17.200+0000] {processor.py:183} INFO - Processing /home/airflow/.local/lib/python3.12/site-packages/airflow/example_dags/example_sensor_decorator.py took 0.049 seconds
[2026-06-30T08:44:47.592+0000] {processor.py:161} INFO - Started process (PID=24726) to work on /home/airflow/.local/lib/python3.12/site-packages/airflow/example_dags/example_sensor_decorator.py
[2026-06-30T08:44:47.593+0000] {processor.py:830} INFO - Processing file /home/airflow/.local/lib/python3.12/site-packages/airflow/example_dags/example_sensor_decorator.py for tasks to queue
[2026-06-30T08:44:47.594+0000] {logging_mixin.py:188} INFO - [2026-06-30T08:44:47.594+0000] {dagbag.py:545} INFO - Filling up the DagBag from /home/airflow/.local/lib/python3.12/site-packages/airflow/example_dags/example_sensor_decorator.py
[2026-06-30T08:44:47.600+0000] {processor.py:840} INFO - DAG(s) 'example_sensor_decorator' retrieved from /home/airflow/.local/lib/python3.12/site-packages/airflow/example_dags/example_sensor_decorator.py
[2026-06-30T08:44:47.620+0000] {logging_mixin.py:188} INFO - [2026-06-30T08:44:47.620+0000] {dag.py:3096} INFO - Sync 1 DAGs
[2026-06-30T08:44:47.632+0000] {logging_mixin.py:188} INFO - [2026-06-30T08:44:47.632+0000] {dag.py:3954} INFO - Setting next_dagrun for example_sensor_decorator to None, run_after=None
[2026-06-30T08:44:47.653+0000] {processor.py:183} INFO - Processing /home/airflow/.local/lib/python3.12/site-packages/airflow/example_dags/example_sensor_decorator.py took 0.066 seconds
[2026-06-30T08:45:17.988+0000] {processor.py:161} INFO - Started process (PID=24784) to work on /home/airflow/.local/lib/python3.12/site-packages/airflow/example_dags/example_sensor_decorator.py
[2026-06-30T08:45:17.988+0000] {processor.py:830} INFO - Processing file /home/airflow/.local/lib/python3.12/site-packages/airflow/example_dags/example_sensor_decorator.py for tasks to queue
[2026-06-30T08:45:17.989+0000] {logging_mixin.py:188} INFO - [2026-06-30T08:45:17.989+0000] {dagbag.py:545} INFO - Filling up the DagBag from /home/airflow/.local/lib/python3.12/site-packages/airflow/example_dags/example_sensor_decorator.py
[2026-06-30T08:45:17.994+0000] {processor.py:840} INFO - DAG(s) 'example_sensor_decorator' retrieved from /home/airflow/.local/lib/python3.12/site-packages/airflow/example_dags/example_sensor_decorator.py
[2026-06-30T08:45:18.012+0000] {logging_mixin.py:188} INFO - [2026-06-30T08:45:18.012+0000] {dag.py:3096} INFO - Sync 1 DAGs
[2026-06-30T08:45:18.023+0000] {logging_mixin.py:188} INFO - [2026-06-30T08:45:18.023+0000] {dag.py:3954} INFO - Setting next_dagrun for example_sensor_decorator to None, run_after=None
[2026-06-30T08:45:18.040+0000] {processor.py:183} INFO - Processing /home/airflow/.local/lib/python3.12/site-packages/airflow/example_dags/example_sensor_decorator.py took 0.057 seconds
[2026-06-30T08:45:48.692+0000] {processor.py:161} INFO - Started process (PID=24842) to work on /home/airflow/.local/lib/python3.12/site-packages/airflow/example_dags/example_sensor_decorator.py
[2026-06-30T08:45:48.693+0000] {processor.py:830} INFO - Processing file /home/airflow/.local/lib/python3.12/site-packages/airflow/example_dags/example_sensor_decorator.py for tasks to queue
[2026-06-30T08:45:48.694+0000] {logging_mixin.py:188} INFO - [2026-06-30T08:45:48.694+0000] {dagbag.py:545} INFO - Filling up the DagBag from /home/airflow/.local/lib/python3.12/site-packages/airflow/example_dags/example_sensor_decorator.py
[2026-06-30T08:45:48.702+0000] {processor.py:840} INFO - DAG(s) 'example_sensor_decorator' retrieved from /home/airflow/.local/lib/python3.12/site-packages/airflow/example_dags/example_sensor_decorator.py
[2026-06-30T08:45:48.723+0000] {logging_mixin.py:188} INFO - [2026-06-30T08:45:48.723+0000] {dag.py:3096} INFO - Sync 1 DAGs
[2026-06-30T08:45:48.737+0000] {logging_mixin.py:188} INFO - [2026-06-30T08:45:48.736+0000] {dag.py:3954} INFO - Setting next_dagrun for example_sensor_decorator to None, run_after=None
[2026-06-30T08:45:48.754+0000] {processor.py:183} INFO - Processing /home/airflow/.local/lib/python3.12/site-packages/airflow/example_dags/example_sensor_decorator.py took 0.070 seconds
[2026-06-30T08:46:19.413+0000] {processor.py:161} INFO - Started process (PID=24900) to work on /home/airflow/.local/lib/python3.12/site-packages/airflow/example_dags/example_sensor_decorator.py
[2026-06-30T08:46:19.414+0000] {processor.py:830} INFO - Processing file /home/airflow/.local/lib/python3.12/site-packages/airflow/example_dags/example_sensor_decorator.py for tasks to queue
[2026-06-30T08:46:19.415+0000] {logging_mixin.py:188} INFO - [2026-06-30T08:46:19.415+0000] {dagbag.py:545} INFO - Filling up the DagBag from /home/airflow/.local/lib/python3.12/site-packages/airflow/example_dags/example_sensor_decorator.py
[2026-06-30T08:46:19.421+0000] {processor.py:840} INFO - DAG(s) 'example_sensor_decorator' retrieved from /home/airflow/.local/lib/python3.12/site-packages/airflow/example_dags/example_sensor_decorator.py
[2026-06-30T08:46:19.438+0000] {logging_mixin.py:188} INFO - [2026-06-30T08:46:19.438+0000] {dag.py:3096} INFO - Sync 1 DAGs
[2026-06-30T08:46:19.448+0000] {logging_mixin.py:188} INFO - [2026-06-30T08:46:19.448+0000] {dag.py:3954} INFO - Setting next_dagrun for example_sensor_decorator to None, run_after=None
[2026-06-30T08:46:19.486+0000] {processor.py:183} INFO - Processing /home/airflow/.local/lib/python3.12/site-packages/airflow/example_dags/example_sensor_decorator.py took 0.077 seconds
[2026-06-30T08:46:50.053+0000] {processor.py:161} INFO - Started process (PID=24958) to work on /home/airflow/.local/lib/python3.12/site-packages/airflow/example_dags/example_sensor_decorator.py
[2026-06-30T08:46:50.054+0000] {processor.py:830} INFO - Processing file /home/airflow/.local/lib/python3.12/site-packages/airflow/example_dags/example_sensor_decorator.py for tasks to queue
[2026-06-30T08:46:50.055+0000] {logging_mixin.py:188} INFO - [2026-06-30T08:46:50.055+0000] {dagbag.py:545} INFO - Filling up the DagBag from /home/airflow/.local/lib/python3.12/site-packages/airflow/example_dags/example_sensor_decorator.py
[2026-06-30T08:46:50.060+0000] {processor.py:840} INFO - DAG(s) 'example_sensor_decorator' retrieved from /home/airflow/.local/lib/python3.12/site-packages/airflow/example_dags/example_sensor_decorator.py
[2026-06-30T08:46:50.077+0000] {logging_mixin.py:188} INFO - [2026-06-30T08:46:50.077+0000] {dag.py:3096} INFO - Sync 1 DAGs
[2026-06-30T08:46:50.087+0000] {logging_mixin.py:188} INFO - [2026-06-30T08:46:50.087+0000] {dag.py:3954} INFO - Setting next_dagrun for example_sensor_decorator to None, run_after=None
[2026-06-30T08:46:50.100+0000] {processor.py:183} INFO - Processing /home/airflow/.local/lib/python3.12/site-packages/airflow/example_dags/example_sensor_decorator.py took 0.052 seconds
[2026-06-30T08:47:20.475+0000] {processor.py:161} INFO - Started process (PID=25016) to work on /home/airflow/.local/lib/python3.12/site-packages/airflow/example_dags/example_sensor_decorator.py
[2026-06-30T08:47:20.476+0000] {processor.py:830} INFO - Processing file /home/airflow/.local/lib/python3.12/site-packages/airflow/example_dags/example_sensor_decorator.py for tasks to queue
[2026-06-30T08:47:20.477+0000] {logging_mixin.py:188} INFO - [2026-06-30T08:47:20.477+0000] {dagbag.py:545} INFO - Filling up the DagBag from /home/airflow/.local/lib/python3.12/site-packages/airflow/example_dags/example_sensor_decorator.py
[2026-06-30T08:47:20.483+0000] {processor.py:840} INFO - DAG(s) 'example_sensor_decorator' retrieved from /home/airflow/.local/lib/python3.12/site-packages/airflow/example_dags/example_sensor_decorator.py
[2026-06-30T08:47:20.501+0000] {logging_mixin.py:188} INFO - [2026-06-30T08:47:20.501+0000] {dag.py:3096} INFO - Sync 1 DAGs
[2026-06-30T08:47:20.511+0000] {logging_mixin.py:188} INFO - [2026-06-30T08:47:20.511+0000] {dag.py:3954} INFO - Setting next_dagrun for example_sensor_decorator to None, run_after=None
[2026-06-30T08:47:20.525+0000] {processor.py:183} INFO - Processing /home/airflow/.local/lib/python3.12/site-packages/airflow/example_dags/example_sensor_decorator.py took 0.055 seconds
[2026-06-30T08:47:50.998+0000] {processor.py:161} INFO - Started process (PID=25074) to work on /home/airflow/.local/lib/python3.12/site-packages/airflow/example_dags/example_sensor_decorator.py
[2026-06-30T08:47:50.999+0000] {processor.py:830} INFO - Processing file /home/airflow/.local/lib/python3.12/site-packages/airflow/example_dags/example_sensor_decorator.py for tasks to queue
[2026-06-30T08:47:51.000+0000] {logging_mixin.py:188} INFO - [2026-06-30T08:47:51.000+0000] {dagbag.py:545} INFO - Filling up the DagBag from /home/airflow/.local/lib/python3.12/site-packages/airflow/example_dags/example_sensor_decorator.py
[2026-06-30T08:47:51.006+0000] {processor.py:840} INFO - DAG(s) 'example_sensor_decorator' retrieved from /home/airflow/.local/lib/python3.12/site-packages/airflow/example_dags/example_sensor_decorator.py
[2026-06-30T08:47:51.023+0000] {logging_mixin.py:188} INFO - [2026-06-30T08:47:51.023+0000] {dag.py:3096} INFO - Sync 1 DAGs
[2026-06-30T08:47:51.033+0000] {logging_mixin.py:188} INFO - [2026-06-30T08:47:51.033+0000] {dag.py:3954} INFO - Setting next_dagrun for example_sensor_decorator to None, run_after=None
[2026-06-30T08:47:51.050+0000] {processor.py:183} INFO - Processing /home/airflow/.local/lib/python3.12/site-packages/airflow/example_dags/example_sensor_decorator.py took 0.057 seconds
[2026-06-30T08:48:21.627+0000] {processor.py:161} INFO - Started process (PID=25132) to work on /home/airflow/.local/lib/python3.12/site-packages/airflow/example_dags/example_sensor_decorator.py
[2026-06-30T08:48:21.628+0000] {processor.py:830} INFO - Processing file /home/airflow/.local/lib/python3.12/site-packages/airflow/example_dags/example_sensor_decorator.py for tasks to queue
[2026-06-30T08:48:21.629+0000] {logging_mixin.py:188} INFO - [2026-06-30T08:48:21.629+0000] {dagbag.py:545} INFO - Filling up the DagBag from /home/airflow/.local/lib/python3.12/site-packages/airflow/example_dags/example_sensor_decorator.py
[2026-06-30T08:48:21.635+0000] {processor.py:840} INFO - DAG(s) 'example_sensor_decorator' retrieved from /home/airflow/.local/lib/python3.12/site-packages/airflow/example_dags/example_sensor_decorator.py
[2026-06-30T08:48:21.653+0000] {logging_mixin.py:188} INFO - [2026-06-30T08:48:21.653+0000] {dag.py:3096} INFO - Sync 1 DAGs
[2026-06-30T08:48:21.665+0000] {logging_mixin.py:188} INFO - [2026-06-30T08:48:21.665+0000] {dag.py:3954} INFO - Setting next_dagrun for example_sensor_decorator to None, run_after=None
[2026-06-30T08:48:21.682+0000] {processor.py:183} INFO - Processing /home/airflow/.local/lib/python3.12/site-packages/airflow/example_dags/example_sensor_decorator.py took 0.061 seconds
[2026-06-30T08:48:52.168+0000] {processor.py:161} INFO - Started process (PID=25190) to work on /home/airflow/.local/lib/python3.12/site-packages/airflow/example_dags/example_sensor_decorator.py
[2026-06-30T08:48:52.169+0000] {processor.py:830} INFO - Processing file /home/airflow/.local/lib/python3.12/site-packages/airflow/example_dags/example_sensor_decorator.py for tasks to queue
[2026-06-30T08:48:52.170+0000] {logging_mixin.py:188} INFO - [2026-06-30T08:48:52.170+0000] {dagbag.py:545} INFO - Filling up the DagBag from /home/airflow/.local/lib/python3.12/site-packages/airflow/example_dags/example_sensor_decorator.py
[2026-06-30T08:48:52.175+0000] {processor.py:840} INFO - DAG(s) 'example_sensor_decorator' retrieved from /home/airflow/.local/lib/python3.12/site-packages/airflow/example_dags/example_sensor_decorator.py
[2026-06-30T08:48:52.195+0000] {logging_mixin.py:188} INFO - [2026-06-30T08:48:52.195+0000] {dag.py:3096} INFO - Sync 1 DAGs
[2026-06-30T08:48:52.204+0000] {logging_mixin.py:188} INFO - [2026-06-30T08:48:52.204+0000] {dag.py:3954} INFO - Setting next_dagrun for example_sensor_decorator to None, run_after=None
[2026-06-30T08:48:52.229+0000] {processor.py:183} INFO - Processing /home/airflow/.local/lib/python3.12/site-packages/airflow/example_dags/example_sensor_decorator.py took 0.066 seconds
[2026-06-30T08:49:22.586+0000] {processor.py:161} INFO - Started process (PID=25248) to work on /home/airflow/.local/lib/python3.12/site-packages/airflow/example_dags/example_sensor_decorator.py
[2026-06-30T08:49:22.587+0000] {processor.py:830} INFO - Processing file /home/airflow/.local/lib/python3.12/site-packages/airflow/example_dags/example_sensor_decorator.py for tasks to queue
[2026-06-30T08:49:22.588+0000] {logging_mixin.py:188} INFO - [2026-06-30T08:49:22.588+0000] {dagbag.py:545} INFO - Filling up the DagBag from /home/airflow/.local/lib/python3.12/site-packages/airflow/example_dags/example_sensor_decorator.py
[2026-06-30T08:49:22.593+0000] {processor.py:840} INFO - DAG(s) 'example_sensor_decorator' retrieved from /home/airflow/.local/lib/python3.12/site-packages/airflow/example_dags/example_sensor_decorator.py
[2026-06-30T08:49:22.615+0000] {logging_mixin.py:188} INFO - [2026-06-30T08:49:22.615+0000] {dag.py:3096} INFO - Sync 1 DAGs
[2026-06-30T08:49:22.629+0000] {logging_mixin.py:188} INFO - [2026-06-30T08:49:22.629+0000] {dag.py:3954} INFO - Setting next_dagrun for example_sensor_decorator to None, run_after=None
[2026-06-30T08:49:22.649+0000] {processor.py:183} INFO - Processing /home/airflow/.local/lib/python3.12/site-packages/airflow/example_dags/example_sensor_decorator.py took 0.067 seconds
[2026-06-30T08:49:53.285+0000] {processor.py:161} INFO - Started process (PID=25305) to work on /home/airflow/.local/lib/python3.12/site-packages/airflow/example_dags/example_sensor_decorator.py
[2026-06-30T08:49:53.286+0000] {processor.py:830} INFO - Processing file /home/airflow/.local/lib/python3.12/site-packages/airflow/example_dags/example_sensor_decorator.py for tasks to queue
[2026-06-30T08:49:53.287+0000] {logging_mixin.py:188} INFO - [2026-06-30T08:49:53.287+0000] {dagbag.py:545} INFO - Filling up the DagBag from /home/airflow/.local/lib/python3.12/site-packages/airflow/example_dags/example_sensor_decorator.py
[2026-06-30T08:49:53.294+0000] {processor.py:840} INFO - DAG(s) 'example_sensor_decorator' retrieved from /home/airflow/.local/lib/python3.12/site-packages/airflow/example_dags/example_sensor_decorator.py
[2026-06-30T08:49:53.314+0000] {logging_mixin.py:188} INFO - [2026-06-30T08:49:53.314+0000] {dag.py:3096} INFO - Sync 1 DAGs
[2026-06-30T08:49:53.325+0000] {logging_mixin.py:188} INFO - [2026-06-30T08:49:53.325+0000] {dag.py:3954} INFO - Setting next_dagrun for example_sensor_decorator to None, run_after=None
[2026-06-30T08:49:53.367+0000] {processor.py:183} INFO - Processing /home/airflow/.local/lib/python3.12/site-packages/airflow/example_dags/example_sensor_decorator.py took 0.089 seconds
[2026-06-30T08:50:23.813+0000] {processor.py:161} INFO - Started process (PID=25363) to work on /home/airflow/.local/lib/python3.12/site-packages/airflow/example_dags/example_sensor_decorator.py
[2026-06-30T08:50:23.814+0000] {processor.py:830} INFO - Processing file /home/airflow/.local/lib/python3.12/site-packages/airflow/example_dags/example_sensor_decorator.py for tasks to queue
[2026-06-30T08:50:23.815+0000] {logging_mixin.py:188} INFO - [2026-06-30T08:50:23.814+0000] {dagbag.py:545} INFO - Filling up the DagBag from /home/airflow/.local/lib/python3.12/site-packages/airflow/example_dags/example_sensor_decorator.py
[2026-06-30T08:50:23.821+0000] {processor.py:840} INFO - DAG(s) 'example_sensor_decorator' retrieved from /home/airflow/.local/lib/python3.12/site-packages/airflow/example_dags/example_sensor_decorator.py
[2026-06-30T08:50:23.840+0000] {logging_mixin.py:188} INFO - [2026-06-30T08:50:23.840+0000] {dag.py:3096} INFO - Sync 1 DAGs
[2026-06-30T08:50:23.854+0000] {logging_mixin.py:188} INFO - [2026-06-30T08:50:23.853+0000] {dag.py:3954} INFO - Setting next_dagrun for example_sensor_decorator to None, run_after=None
[2026-06-30T08:50:23.870+0000] {processor.py:183} INFO - Processing /home/airflow/.local/lib/python3.12/site-packages/airflow/example_dags/example_sensor_decorator.py took 0.061 seconds
[2026-06-30T08:50:54.299+0000] {processor.py:161} INFO - Started process (PID=25421) to work on /home/airflow/.local/lib/python3.12/site-packages/airflow/example_dags/example_sensor_decorator.py
[2026-06-30T08:50:54.300+0000] {processor.py:830} INFO - Processing file /home/airflow/.local/lib/python3.12/site-packages/airflow/example_dags/example_sensor_decorator.py for tasks to queue
[2026-06-30T08:50:54.300+0000] {logging_mixin.py:188} INFO - [2026-06-30T08:50:54.300+0000] {dagbag.py:545} INFO - Filling up the DagBag from /home/airflow/.local/lib/python3.12/site-packages/airflow/example_dags/example_sensor_decorator.py
[2026-06-30T08:50:54.306+0000] {processor.py:840} INFO - DAG(s) 'example_sensor_decorator' retrieved from /home/airflow/.local/lib/python3.12/site-packages/airflow/example_dags/example_sensor_decorator.py
[2026-06-30T08:50:54.323+0000] {logging_mixin.py:188} INFO - [2026-06-30T08:50:54.322+0000] {dag.py:3096} INFO - Sync 1 DAGs
[2026-06-30T08:50:54.334+0000] {logging_mixin.py:188} INFO - [2026-06-30T08:50:54.333+0000] {dag.py:3954} INFO - Setting next_dagrun for example_sensor_decorator to None, run_after=None
[2026-06-30T08:50:54.358+0000] {processor.py:183} INFO - Processing /home/airflow/.local/lib/python3.12/site-packages/airflow/example_dags/example_sensor_decorator.py took 0.064 seconds
[2026-06-30T08:51:24.982+0000] {processor.py:161} INFO - Started process (PID=25479) to work on /home/airflow/.local/lib/python3.12/site-packages/airflow/example_dags/example_sensor_decorator.py
[2026-06-30T08:51:24.983+0000] {processor.py:830} INFO - Processing file /home/airflow/.local/lib/python3.12/site-packages/airflow/example_dags/example_sensor_decorator.py for tasks to queue
[2026-06-30T08:51:24.984+0000] {logging_mixin.py:188} INFO - [2026-06-30T08:51:24.983+0000] {dagbag.py:545} INFO - Filling up the DagBag from /home/airflow/.local/lib/python3.12/site-packages/airflow/example_dags/example_sensor_decorator.py
[2026-06-30T08:51:24.988+0000] {processor.py:840} INFO - DAG(s) 'example_sensor_decorator' retrieved from /home/airflow/.local/lib/python3.12/site-packages/airflow/example_dags/example_sensor_decorator.py
[2026-06-30T08:51:25.003+0000] {logging_mixin.py:188} INFO - [2026-06-30T08:51:25.002+0000] {dag.py:3096} INFO - Sync 1 DAGs
[2026-06-30T08:51:25.013+0000] {logging_mixin.py:188} INFO - [2026-06-30T08:51:25.013+0000] {dag.py:3954} INFO - Setting next_dagrun for example_sensor_decorator to None, run_after=None
[2026-06-30T08:51:25.028+0000] {processor.py:183} INFO - Processing /home/airflow/.local/lib/python3.12/site-packages/airflow/example_dags/example_sensor_decorator.py took 0.050 seconds
[2026-06-30T08:51:55.216+0000] {processor.py:161} INFO - Started process (PID=25536) to work on /home/airflow/.local/lib/python3.12/site-packages/airflow/example_dags/example_sensor_decorator.py
[2026-06-30T08:51:55.217+0000] {processor.py:830} INFO - Processing file /home/airflow/.local/lib/python3.12/site-packages/airflow/example_dags/example_sensor_decorator.py for tasks to queue
[2026-06-30T08:51:55.218+0000] {logging_mixin.py:188} INFO - [2026-06-30T08:51:55.217+0000] {dagbag.py:545} INFO - Filling up the DagBag from /home/airflow/.local/lib/python3.12/site-packages/airflow/example_dags/example_sensor_decorator.py
[2026-06-30T08:51:55.222+0000] {processor.py:840} INFO - DAG(s) 'example_sensor_decorator' retrieved from /home/airflow/.local/lib/python3.12/site-packages/airflow/example_dags/example_sensor_decorator.py
[2026-06-30T08:51:55.238+0000] {logging_mixin.py:188} INFO - [2026-06-30T08:51:55.238+0000] {dag.py:3096} INFO - Sync 1 DAGs
[2026-06-30T08:51:55.247+0000] {logging_mixin.py:188} INFO - [2026-06-30T08:51:55.247+0000] {dag.py:3954} INFO - Setting next_dagrun for example_sensor_decorator to None, run_after=None
[2026-06-30T08:51:55.401+0000] {processor.py:183} INFO - Processing /home/airflow/.local/lib/python3.12/site-packages/airflow/example_dags/example_sensor_decorator.py took 0.190 seconds
[2026-06-30T08:52:25.688+0000] {processor.py:161} INFO - Started process (PID=25594) to work on /home/airflow/.local/lib/python3.12/site-packages/airflow/example_dags/example_sensor_decorator.py
[2026-06-30T08:52:25.690+0000] {processor.py:830} INFO - Processing file /home/airflow/.local/lib/python3.12/site-packages/airflow/example_dags/example_sensor_decorator.py for tasks to queue
[2026-06-30T08:52:25.690+0000] {logging_mixin.py:188} INFO - [2026-06-30T08:52:25.690+0000] {dagbag.py:545} INFO - Filling up the DagBag from /home/airflow/.local/lib/python3.12/site-packages/airflow/example_dags/example_sensor_decorator.py
[2026-06-30T08:52:25.696+0000] {processor.py:840} INFO - DAG(s) 'example_sensor_decorator' retrieved from /home/airflow/.local/lib/python3.12/site-packages/airflow/example_dags/example_sensor_decorator.py
[2026-06-30T08:52:25.713+0000] {logging_mixin.py:188} INFO - [2026-06-30T08:52:25.713+0000] {dag.py:3096} INFO - Sync 1 DAGs
[2026-06-30T08:52:25.724+0000] {logging_mixin.py:188} INFO - [2026-06-30T08:52:25.724+0000] {dag.py:3954} INFO - Setting next_dagrun for example_sensor_decorator to None, run_after=None
[2026-06-30T08:52:25.740+0000] {processor.py:183} INFO - Processing /home/airflow/.local/lib/python3.12/site-packages/airflow/example_dags/example_sensor_decorator.py took 0.056 seconds
[2026-06-30T08:52:56.106+0000] {processor.py:161} INFO - Started process (PID=25652) to work on /home/airflow/.local/lib/python3.12/site-packages/airflow/example_dags/example_sensor_decorator.py
[2026-06-30T08:52:56.107+0000] {processor.py:830} INFO - Processing file /home/airflow/.local/lib/python3.12/site-packages/airflow/example_dags/example_sensor_decorator.py for tasks to queue
[2026-06-30T08:52:56.108+0000] {logging_mixin.py:188} INFO - [2026-06-30T08:52:56.108+0000] {dagbag.py:545} INFO - Filling up the DagBag from /home/airflow/.local/lib/python3.12/site-packages/airflow/example_dags/example_sensor_decorator.py
[2026-06-30T08:52:56.113+0000] {processor.py:840} INFO - DAG(s) 'example_sensor_decorator' retrieved from /home/airflow/.local/lib/python3.12/site-packages/airflow/example_dags/example_sensor_decorator.py
[2026-06-30T08:52:56.129+0000] {logging_mixin.py:188} INFO - [2026-06-30T08:52:56.129+0000] {dag.py:3096} INFO - Sync 1 DAGs
[2026-06-30T08:52:56.139+0000] {logging_mixin.py:188} INFO - [2026-06-30T08:52:56.139+0000] {dag.py:3954} INFO - Setting next_dagrun for example_sensor_decorator to None, run_after=None
[2026-06-30T08:52:56.167+0000] {processor.py:183} INFO - Processing /home/airflow/.local/lib/python3.12/site-packages/airflow/example_dags/example_sensor_decorator.py took 0.065 seconds
