[2026-06-30T08:05:45.945+0000] {processor.py:161} INFO - Started process (PID=21737) to work on /home/airflow/.local/lib/python3.12/site-packages/airflow/example_dags/example_skip_dag.py
[2026-06-30T08:05:45.953+0000] {processor.py:830} INFO - Processing file /home/airflow/.local/lib/python3.12/site-packages/airflow/example_dags/example_skip_dag.py for tasks to queue
[2026-06-30T08:05:45.962+0000] {logging_mixin.py:188} INFO - [2026-06-30T08:05:45.961+0000] {dagbag.py:545} INFO - Filling up the DagBag from /home/airflow/.local/lib/python3.12/site-packages/airflow/example_dags/example_skip_dag.py
[2026-06-30T08:05:45.977+0000] {processor.py:840} INFO - DAG(s) 'example_skip_dag' retrieved from /home/airflow/.local/lib/python3.12/site-packages/airflow/example_dags/example_skip_dag.py
[2026-06-30T08:05:46.007+0000] {logging_mixin.py:188} INFO - [2026-06-30T08:05:46.007+0000] {dag.py:3096} INFO - Sync 1 DAGs
[2026-06-30T08:05:46.049+0000] {logging_mixin.py:188} INFO - [2026-06-30T08:05:46.048+0000] {dag.py:3954} INFO - Setting next_dagrun for example_skip_dag to 2026-06-29 00:00:00+00:00, run_after=2026-06-30 00:00:00+00:00
[2026-06-30T08:05:46.077+0000] {processor.py:183} INFO - Processing /home/airflow/.local/lib/python3.12/site-packages/airflow/example_dags/example_skip_dag.py took 0.139 seconds
[2026-06-30T08:18:53.729+0000] {processor.py:161} INFO - Started process (PID=21789) to work on /home/airflow/.local/lib/python3.12/site-packages/airflow/example_dags/example_skip_dag.py
[2026-06-30T08:18:53.730+0000] {processor.py:830} INFO - Processing file /home/airflow/.local/lib/python3.12/site-packages/airflow/example_dags/example_skip_dag.py for tasks to queue
[2026-06-30T08:18:53.731+0000] {logging_mixin.py:188} INFO - [2026-06-30T08:18:53.730+0000] {dagbag.py:545} INFO - Filling up the DagBag from /home/airflow/.local/lib/python3.12/site-packages/airflow/example_dags/example_skip_dag.py
[2026-06-30T08:18:53.737+0000] {processor.py:840} INFO - DAG(s) 'example_skip_dag' retrieved from /home/airflow/.local/lib/python3.12/site-packages/airflow/example_dags/example_skip_dag.py
[2026-06-30T08:18:53.754+0000] {logging_mixin.py:188} INFO - [2026-06-30T08:18:53.754+0000] {dag.py:3096} INFO - Sync 1 DAGs
[2026-06-30T08:18:53.770+0000] {logging_mixin.py:188} INFO - [2026-06-30T08:18:53.770+0000] {dag.py:3954} INFO - Setting next_dagrun for example_skip_dag to 2026-06-29 00:00:00+00:00, run_after=2026-06-30 00:00:00+00:00
[2026-06-30T08:18:53.785+0000] {processor.py:183} INFO - Processing /home/airflow/.local/lib/python3.12/site-packages/airflow/example_dags/example_skip_dag.py took 0.060 seconds
[2026-06-30T08:19:23.875+0000] {processor.py:161} INFO - Started process (PID=21847) to work on /home/airflow/.local/lib/python3.12/site-packages/airflow/example_dags/example_skip_dag.py
[2026-06-30T08:19:23.876+0000] {processor.py:830} INFO - Processing file /home/airflow/.local/lib/python3.12/site-packages/airflow/example_dags/example_skip_dag.py for tasks to queue
[2026-06-30T08:19:23.877+0000] {logging_mixin.py:188} INFO - [2026-06-30T08:19:23.877+0000] {dagbag.py:545} INFO - Filling up the DagBag from /home/airflow/.local/lib/python3.12/site-packages/airflow/example_dags/example_skip_dag.py
[2026-06-30T08:19:23.883+0000] {processor.py:840} INFO - DAG(s) 'example_skip_dag' retrieved from /home/airflow/.local/lib/python3.12/site-packages/airflow/example_dags/example_skip_dag.py
[2026-06-30T08:19:23.901+0000] {logging_mixin.py:188} INFO - [2026-06-30T08:19:23.901+0000] {dag.py:3096} INFO - Sync 1 DAGs
[2026-06-30T08:19:23.918+0000] {logging_mixin.py:188} INFO - [2026-06-30T08:19:23.918+0000] {dag.py:3954} INFO - Setting next_dagrun for example_skip_dag to 2026-06-29 00:00:00+00:00, run_after=2026-06-30 00:00:00+00:00
[2026-06-30T08:19:23.934+0000] {processor.py:183} INFO - Processing /home/airflow/.local/lib/python3.12/site-packages/airflow/example_dags/example_skip_dag.py took 0.065 seconds
[2026-06-30T08:19:54.165+0000] {processor.py:161} INFO - Started process (PID=21905) to work on /home/airflow/.local/lib/python3.12/site-packages/airflow/example_dags/example_skip_dag.py
[2026-06-30T08:19:54.166+0000] {processor.py:830} INFO - Processing file /home/airflow/.local/lib/python3.12/site-packages/airflow/example_dags/example_skip_dag.py for tasks to queue
[2026-06-30T08:19:54.168+0000] {logging_mixin.py:188} INFO - [2026-06-30T08:19:54.167+0000] {dagbag.py:545} INFO - Filling up the DagBag from /home/airflow/.local/lib/python3.12/site-packages/airflow/example_dags/example_skip_dag.py
[2026-06-30T08:19:54.174+0000] {processor.py:840} INFO - DAG(s) 'example_skip_dag' retrieved from /home/airflow/.local/lib/python3.12/site-packages/airflow/example_dags/example_skip_dag.py
[2026-06-30T08:19:54.191+0000] {logging_mixin.py:188} INFO - [2026-06-30T08:19:54.191+0000] {dag.py:3096} INFO - Sync 1 DAGs
[2026-06-30T08:19:54.207+0000] {logging_mixin.py:188} INFO - [2026-06-30T08:19:54.207+0000] {dag.py:3954} INFO - Setting next_dagrun for example_skip_dag to 2026-06-29 00:00:00+00:00, run_after=2026-06-30 00:00:00+00:00
[2026-06-30T08:19:54.221+0000] {processor.py:183} INFO - Processing /home/airflow/.local/lib/python3.12/site-packages/airflow/example_dags/example_skip_dag.py took 0.060 seconds
[2026-06-30T08:20:24.364+0000] {processor.py:161} INFO - Started process (PID=21962) to work on /home/airflow/.local/lib/python3.12/site-packages/airflow/example_dags/example_skip_dag.py
[2026-06-30T08:20:24.364+0000] {processor.py:830} INFO - Processing file /home/airflow/.local/lib/python3.12/site-packages/airflow/example_dags/example_skip_dag.py for tasks to queue
[2026-06-30T08:20:24.365+0000] {logging_mixin.py:188} INFO - [2026-06-30T08:20:24.365+0000] {dagbag.py:545} INFO - Filling up the DagBag from /home/airflow/.local/lib/python3.12/site-packages/airflow/example_dags/example_skip_dag.py
[2026-06-30T08:20:24.370+0000] {processor.py:840} INFO - DAG(s) 'example_skip_dag' retrieved from /home/airflow/.local/lib/python3.12/site-packages/airflow/example_dags/example_skip_dag.py
[2026-06-30T08:20:24.386+0000] {logging_mixin.py:188} INFO - [2026-06-30T08:20:24.385+0000] {dag.py:3096} INFO - Sync 1 DAGs
[2026-06-30T08:20:24.400+0000] {logging_mixin.py:188} INFO - [2026-06-30T08:20:24.400+0000] {dag.py:3954} INFO - Setting next_dagrun for example_skip_dag to 2026-06-29 00:00:00+00:00, run_after=2026-06-30 00:00:00+00:00
[2026-06-30T08:20:24.413+0000] {processor.py:183} INFO - Processing /home/airflow/.local/lib/python3.12/site-packages/airflow/example_dags/example_skip_dag.py took 0.054 seconds
[2026-06-30T08:20:54.836+0000] {processor.py:161} INFO - Started process (PID=22019) to work on /home/airflow/.local/lib/python3.12/site-packages/airflow/example_dags/example_skip_dag.py
[2026-06-30T08:20:54.837+0000] {processor.py:830} INFO - Processing file /home/airflow/.local/lib/python3.12/site-packages/airflow/example_dags/example_skip_dag.py for tasks to queue
[2026-06-30T08:20:54.838+0000] {logging_mixin.py:188} INFO - [2026-06-30T08:20:54.838+0000] {dagbag.py:545} INFO - Filling up the DagBag from /home/airflow/.local/lib/python3.12/site-packages/airflow/example_dags/example_skip_dag.py
[2026-06-30T08:20:54.843+0000] {processor.py:840} INFO - DAG(s) 'example_skip_dag' retrieved from /home/airflow/.local/lib/python3.12/site-packages/airflow/example_dags/example_skip_dag.py
[2026-06-30T08:20:54.858+0000] {logging_mixin.py:188} INFO - [2026-06-30T08:20:54.858+0000] {dag.py:3096} INFO - Sync 1 DAGs
[2026-06-30T08:20:54.876+0000] {logging_mixin.py:188} INFO - [2026-06-30T08:20:54.875+0000] {dag.py:3954} INFO - Setting next_dagrun for example_skip_dag to 2026-06-29 00:00:00+00:00, run_after=2026-06-30 00:00:00+00:00
[2026-06-30T08:20:54.888+0000] {processor.py:183} INFO - Processing /home/airflow/.local/lib/python3.12/site-packages/airflow/example_dags/example_skip_dag.py took 0.056 seconds
[2026-06-30T08:21:25.015+0000] {processor.py:161} INFO - Started process (PID=22077) to work on /home/airflow/.local/lib/python3.12/site-packages/airflow/example_dags/example_skip_dag.py
[2026-06-30T08:21:25.016+0000] {processor.py:830} INFO - Processing file /home/airflow/.local/lib/python3.12/site-packages/airflow/example_dags/example_skip_dag.py for tasks to queue
[2026-06-30T08:21:25.016+0000] {logging_mixin.py:188} INFO - [2026-06-30T08:21:25.016+0000] {dagbag.py:545} INFO - Filling up the DagBag from /home/airflow/.local/lib/python3.12/site-packages/airflow/example_dags/example_skip_dag.py
[2026-06-30T08:21:25.021+0000] {processor.py:840} INFO - DAG(s) 'example_skip_dag' retrieved from /home/airflow/.local/lib/python3.12/site-packages/airflow/example_dags/example_skip_dag.py
[2026-06-30T08:21:25.035+0000] {logging_mixin.py:188} INFO - [2026-06-30T08:21:25.035+0000] {dag.py:3096} INFO - Sync 1 DAGs
[2026-06-30T08:21:25.049+0000] {logging_mixin.py:188} INFO - [2026-06-30T08:21:25.049+0000] {dag.py:3954} INFO - Setting next_dagrun for example_skip_dag to 2026-06-29 00:00:00+00:00, run_after=2026-06-30 00:00:00+00:00
[2026-06-30T08:21:25.061+0000] {processor.py:183} INFO - Processing /home/airflow/.local/lib/python3.12/site-packages/airflow/example_dags/example_skip_dag.py took 0.050 seconds
[2026-06-30T08:21:55.369+0000] {processor.py:161} INFO - Started process (PID=22135) to work on /home/airflow/.local/lib/python3.12/site-packages/airflow/example_dags/example_skip_dag.py
[2026-06-30T08:21:55.370+0000] {processor.py:830} INFO - Processing file /home/airflow/.local/lib/python3.12/site-packages/airflow/example_dags/example_skip_dag.py for tasks to queue
[2026-06-30T08:21:55.371+0000] {logging_mixin.py:188} INFO - [2026-06-30T08:21:55.370+0000] {dagbag.py:545} INFO - Filling up the DagBag from /home/airflow/.local/lib/python3.12/site-packages/airflow/example_dags/example_skip_dag.py
[2026-06-30T08:21:55.376+0000] {processor.py:840} INFO - DAG(s) 'example_skip_dag' retrieved from /home/airflow/.local/lib/python3.12/site-packages/airflow/example_dags/example_skip_dag.py
[2026-06-30T08:21:55.391+0000] {logging_mixin.py:188} INFO - [2026-06-30T08:21:55.391+0000] {dag.py:3096} INFO - Sync 1 DAGs
[2026-06-30T08:21:55.407+0000] {logging_mixin.py:188} INFO - [2026-06-30T08:21:55.406+0000] {dag.py:3954} INFO - Setting next_dagrun for example_skip_dag to 2026-06-29 00:00:00+00:00, run_after=2026-06-30 00:00:00+00:00
[2026-06-30T08:21:55.420+0000] {processor.py:183} INFO - Processing /home/airflow/.local/lib/python3.12/site-packages/airflow/example_dags/example_skip_dag.py took 0.055 seconds
[2026-06-30T08:22:25.778+0000] {processor.py:161} INFO - Started process (PID=22192) to work on /home/airflow/.local/lib/python3.12/site-packages/airflow/example_dags/example_skip_dag.py
[2026-06-30T08:22:25.779+0000] {processor.py:830} INFO - Processing file /home/airflow/.local/lib/python3.12/site-packages/airflow/example_dags/example_skip_dag.py for tasks to queue
[2026-06-30T08:22:25.780+0000] {logging_mixin.py:188} INFO - [2026-06-30T08:22:25.779+0000] {dagbag.py:545} INFO - Filling up the DagBag from /home/airflow/.local/lib/python3.12/site-packages/airflow/example_dags/example_skip_dag.py
[2026-06-30T08:22:25.785+0000] {processor.py:840} INFO - DAG(s) 'example_skip_dag' retrieved from /home/airflow/.local/lib/python3.12/site-packages/airflow/example_dags/example_skip_dag.py
[2026-06-30T08:22:25.800+0000] {logging_mixin.py:188} INFO - [2026-06-30T08:22:25.800+0000] {dag.py:3096} INFO - Sync 1 DAGs
[2026-06-30T08:22:25.815+0000] {logging_mixin.py:188} INFO - [2026-06-30T08:22:25.814+0000] {dag.py:3954} INFO - Setting next_dagrun for example_skip_dag to 2026-06-29 00:00:00+00:00, run_after=2026-06-30 00:00:00+00:00
[2026-06-30T08:22:25.828+0000] {processor.py:183} INFO - Processing /home/airflow/.local/lib/python3.12/site-packages/airflow/example_dags/example_skip_dag.py took 0.054 seconds
[2026-06-30T08:22:56.308+0000] {processor.py:161} INFO - Started process (PID=22249) to work on /home/airflow/.local/lib/python3.12/site-packages/airflow/example_dags/example_skip_dag.py
[2026-06-30T08:22:56.309+0000] {processor.py:830} INFO - Processing file /home/airflow/.local/lib/python3.12/site-packages/airflow/example_dags/example_skip_dag.py for tasks to queue
[2026-06-30T08:22:56.309+0000] {logging_mixin.py:188} INFO - [2026-06-30T08:22:56.309+0000] {dagbag.py:545} INFO - Filling up the DagBag from /home/airflow/.local/lib/python3.12/site-packages/airflow/example_dags/example_skip_dag.py
[2026-06-30T08:22:56.315+0000] {processor.py:840} INFO - DAG(s) 'example_skip_dag' retrieved from /home/airflow/.local/lib/python3.12/site-packages/airflow/example_dags/example_skip_dag.py
[2026-06-30T08:22:56.329+0000] {logging_mixin.py:188} INFO - [2026-06-30T08:22:56.329+0000] {dag.py:3096} INFO - Sync 1 DAGs
[2026-06-30T08:22:56.344+0000] {logging_mixin.py:188} INFO - [2026-06-30T08:22:56.344+0000] {dag.py:3954} INFO - Setting next_dagrun for example_skip_dag to 2026-06-29 00:00:00+00:00, run_after=2026-06-30 00:00:00+00:00
[2026-06-30T08:22:56.356+0000] {processor.py:183} INFO - Processing /home/airflow/.local/lib/python3.12/site-packages/airflow/example_dags/example_skip_dag.py took 0.052 seconds
[2026-06-30T08:23:26.680+0000] {processor.py:161} INFO - Started process (PID=22307) to work on /home/airflow/.local/lib/python3.12/site-packages/airflow/example_dags/example_skip_dag.py
[2026-06-30T08:23:26.681+0000] {processor.py:830} INFO - Processing file /home/airflow/.local/lib/python3.12/site-packages/airflow/example_dags/example_skip_dag.py for tasks to queue
[2026-06-30T08:23:26.682+0000] {logging_mixin.py:188} INFO - [2026-06-30T08:23:26.682+0000] {dagbag.py:545} INFO - Filling up the DagBag from /home/airflow/.local/lib/python3.12/site-packages/airflow/example_dags/example_skip_dag.py
[2026-06-30T08:23:26.688+0000] {processor.py:840} INFO - DAG(s) 'example_skip_dag' retrieved from /home/airflow/.local/lib/python3.12/site-packages/airflow/example_dags/example_skip_dag.py
[2026-06-30T08:23:26.706+0000] {logging_mixin.py:188} INFO - [2026-06-30T08:23:26.705+0000] {dag.py:3096} INFO - Sync 1 DAGs
[2026-06-30T08:23:26.720+0000] {logging_mixin.py:188} INFO - [2026-06-30T08:23:26.719+0000] {dag.py:3954} INFO - Setting next_dagrun for example_skip_dag to 2026-06-29 00:00:00+00:00, run_after=2026-06-30 00:00:00+00:00
[2026-06-30T08:23:26.731+0000] {processor.py:183} INFO - Processing /home/airflow/.local/lib/python3.12/site-packages/airflow/example_dags/example_skip_dag.py took 0.055 seconds
[2026-06-30T08:23:57.142+0000] {processor.py:161} INFO - Started process (PID=22365) to work on /home/airflow/.local/lib/python3.12/site-packages/airflow/example_dags/example_skip_dag.py
[2026-06-30T08:23:57.143+0000] {processor.py:830} INFO - Processing file /home/airflow/.local/lib/python3.12/site-packages/airflow/example_dags/example_skip_dag.py for tasks to queue
[2026-06-30T08:23:57.144+0000] {logging_mixin.py:188} INFO - [2026-06-30T08:23:57.144+0000] {dagbag.py:545} INFO - Filling up the DagBag from /home/airflow/.local/lib/python3.12/site-packages/airflow/example_dags/example_skip_dag.py
[2026-06-30T08:23:57.150+0000] {processor.py:840} INFO - DAG(s) 'example_skip_dag' retrieved from /home/airflow/.local/lib/python3.12/site-packages/airflow/example_dags/example_skip_dag.py
[2026-06-30T08:23:57.165+0000] {logging_mixin.py:188} INFO - [2026-06-30T08:23:57.165+0000] {dag.py:3096} INFO - Sync 1 DAGs
[2026-06-30T08:23:57.180+0000] {logging_mixin.py:188} INFO - [2026-06-30T08:23:57.180+0000] {dag.py:3954} INFO - Setting next_dagrun for example_skip_dag to 2026-06-29 00:00:00+00:00, run_after=2026-06-30 00:00:00+00:00
[2026-06-30T08:23:57.195+0000] {processor.py:183} INFO - Processing /home/airflow/.local/lib/python3.12/site-packages/airflow/example_dags/example_skip_dag.py took 0.058 seconds
[2026-06-30T08:24:27.789+0000] {processor.py:161} INFO - Started process (PID=22423) to work on /home/airflow/.local/lib/python3.12/site-packages/airflow/example_dags/example_skip_dag.py
[2026-06-30T08:24:27.790+0000] {processor.py:830} INFO - Processing file /home/airflow/.local/lib/python3.12/site-packages/airflow/example_dags/example_skip_dag.py for tasks to queue
[2026-06-30T08:24:27.790+0000] {logging_mixin.py:188} INFO - [2026-06-30T08:24:27.790+0000] {dagbag.py:545} INFO - Filling up the DagBag from /home/airflow/.local/lib/python3.12/site-packages/airflow/example_dags/example_skip_dag.py
[2026-06-30T08:24:27.799+0000] {processor.py:840} INFO - DAG(s) 'example_skip_dag' retrieved from /home/airflow/.local/lib/python3.12/site-packages/airflow/example_dags/example_skip_dag.py
[2026-06-30T08:24:27.816+0000] {logging_mixin.py:188} INFO - [2026-06-30T08:24:27.816+0000] {dag.py:3096} INFO - Sync 1 DAGs
[2026-06-30T08:24:27.831+0000] {logging_mixin.py:188} INFO - [2026-06-30T08:24:27.831+0000] {dag.py:3954} INFO - Setting next_dagrun for example_skip_dag to 2026-06-29 00:00:00+00:00, run_after=2026-06-30 00:00:00+00:00
[2026-06-30T08:24:27.846+0000] {processor.py:183} INFO - Processing /home/airflow/.local/lib/python3.12/site-packages/airflow/example_dags/example_skip_dag.py took 0.063 seconds
[2026-06-30T08:24:58.239+0000] {processor.py:161} INFO - Started process (PID=22477) to work on /home/airflow/.local/lib/python3.12/site-packages/airflow/example_dags/example_skip_dag.py
[2026-06-30T08:24:58.240+0000] {processor.py:830} INFO - Processing file /home/airflow/.local/lib/python3.12/site-packages/airflow/example_dags/example_skip_dag.py for tasks to queue
[2026-06-30T08:24:58.241+0000] {logging_mixin.py:188} INFO - [2026-06-30T08:24:58.241+0000] {dagbag.py:545} INFO - Filling up the DagBag from /home/airflow/.local/lib/python3.12/site-packages/airflow/example_dags/example_skip_dag.py
[2026-06-30T08:24:58.248+0000] {processor.py:840} INFO - DAG(s) 'example_skip_dag' retrieved from /home/airflow/.local/lib/python3.12/site-packages/airflow/example_dags/example_skip_dag.py
[2026-06-30T08:24:58.266+0000] {logging_mixin.py:188} INFO - [2026-06-30T08:24:58.266+0000] {dag.py:3096} INFO - Sync 1 DAGs
[2026-06-30T08:24:58.280+0000] {logging_mixin.py:188} INFO - [2026-06-30T08:24:58.280+0000] {dag.py:3954} INFO - Setting next_dagrun for example_skip_dag to 2026-06-29 00:00:00+00:00, run_after=2026-06-30 00:00:00+00:00
[2026-06-30T08:24:58.295+0000] {processor.py:183} INFO - Processing /home/airflow/.local/lib/python3.12/site-packages/airflow/example_dags/example_skip_dag.py took 0.060 seconds
[2026-06-30T08:25:28.678+0000] {processor.py:161} INFO - Started process (PID=22535) to work on /home/airflow/.local/lib/python3.12/site-packages/airflow/example_dags/example_skip_dag.py
[2026-06-30T08:25:28.679+0000] {processor.py:830} INFO - Processing file /home/airflow/.local/lib/python3.12/site-packages/airflow/example_dags/example_skip_dag.py for tasks to queue
[2026-06-30T08:25:28.680+0000] {logging_mixin.py:188} INFO - [2026-06-30T08:25:28.680+0000] {dagbag.py:545} INFO - Filling up the DagBag from /home/airflow/.local/lib/python3.12/site-packages/airflow/example_dags/example_skip_dag.py
[2026-06-30T08:25:28.686+0000] {processor.py:840} INFO - DAG(s) 'example_skip_dag' retrieved from /home/airflow/.local/lib/python3.12/site-packages/airflow/example_dags/example_skip_dag.py
[2026-06-30T08:25:28.701+0000] {logging_mixin.py:188} INFO - [2026-06-30T08:25:28.701+0000] {dag.py:3096} INFO - Sync 1 DAGs
[2026-06-30T08:25:28.716+0000] {logging_mixin.py:188} INFO - [2026-06-30T08:25:28.716+0000] {dag.py:3954} INFO - Setting next_dagrun for example_skip_dag to 2026-06-29 00:00:00+00:00, run_after=2026-06-30 00:00:00+00:00
[2026-06-30T08:25:28.730+0000] {processor.py:183} INFO - Processing /home/airflow/.local/lib/python3.12/site-packages/airflow/example_dags/example_skip_dag.py took 0.056 seconds
[2026-06-30T08:25:58.923+0000] {processor.py:161} INFO - Started process (PID=22589) to work on /home/airflow/.local/lib/python3.12/site-packages/airflow/example_dags/example_skip_dag.py
[2026-06-30T08:25:58.925+0000] {processor.py:830} INFO - Processing file /home/airflow/.local/lib/python3.12/site-packages/airflow/example_dags/example_skip_dag.py for tasks to queue
[2026-06-30T08:25:58.926+0000] {logging_mixin.py:188} INFO - [2026-06-30T08:25:58.925+0000] {dagbag.py:545} INFO - Filling up the DagBag from /home/airflow/.local/lib/python3.12/site-packages/airflow/example_dags/example_skip_dag.py
[2026-06-30T08:25:58.932+0000] {processor.py:840} INFO - DAG(s) 'example_skip_dag' retrieved from /home/airflow/.local/lib/python3.12/site-packages/airflow/example_dags/example_skip_dag.py
[2026-06-30T08:25:58.949+0000] {logging_mixin.py:188} INFO - [2026-06-30T08:25:58.949+0000] {dag.py:3096} INFO - Sync 1 DAGs
[2026-06-30T08:25:58.967+0000] {logging_mixin.py:188} INFO - [2026-06-30T08:25:58.967+0000] {dag.py:3954} INFO - Setting next_dagrun for example_skip_dag to 2026-06-29 00:00:00+00:00, run_after=2026-06-30 00:00:00+00:00
[2026-06-30T08:25:58.985+0000] {processor.py:183} INFO - Processing /home/airflow/.local/lib/python3.12/site-packages/airflow/example_dags/example_skip_dag.py took 0.068 seconds
[2026-06-30T08:26:29.708+0000] {processor.py:161} INFO - Started process (PID=22647) to work on /home/airflow/.local/lib/python3.12/site-packages/airflow/example_dags/example_skip_dag.py
[2026-06-30T08:26:29.709+0000] {processor.py:830} INFO - Processing file /home/airflow/.local/lib/python3.12/site-packages/airflow/example_dags/example_skip_dag.py for tasks to queue
[2026-06-30T08:26:29.710+0000] {logging_mixin.py:188} INFO - [2026-06-30T08:26:29.710+0000] {dagbag.py:545} INFO - Filling up the DagBag from /home/airflow/.local/lib/python3.12/site-packages/airflow/example_dags/example_skip_dag.py
[2026-06-30T08:26:29.718+0000] {processor.py:840} INFO - DAG(s) 'example_skip_dag' retrieved from /home/airflow/.local/lib/python3.12/site-packages/airflow/example_dags/example_skip_dag.py
[2026-06-30T08:26:29.748+0000] {logging_mixin.py:188} INFO - [2026-06-30T08:26:29.748+0000] {dag.py:3096} INFO - Sync 1 DAGs
[2026-06-30T08:26:29.779+0000] {logging_mixin.py:188} INFO - [2026-06-30T08:26:29.779+0000] {dag.py:3954} INFO - Setting next_dagrun for example_skip_dag to 2026-06-29 00:00:00+00:00, run_after=2026-06-30 00:00:00+00:00
[2026-06-30T08:26:29.806+0000] {processor.py:183} INFO - Processing /home/airflow/.local/lib/python3.12/site-packages/airflow/example_dags/example_skip_dag.py took 0.107 seconds
[2026-06-30T08:27:00.487+0000] {processor.py:161} INFO - Started process (PID=22705) to work on /home/airflow/.local/lib/python3.12/site-packages/airflow/example_dags/example_skip_dag.py
[2026-06-30T08:27:00.487+0000] {processor.py:830} INFO - Processing file /home/airflow/.local/lib/python3.12/site-packages/airflow/example_dags/example_skip_dag.py for tasks to queue
[2026-06-30T08:27:00.489+0000] {logging_mixin.py:188} INFO - [2026-06-30T08:27:00.488+0000] {dagbag.py:545} INFO - Filling up the DagBag from /home/airflow/.local/lib/python3.12/site-packages/airflow/example_dags/example_skip_dag.py
[2026-06-30T08:27:00.494+0000] {processor.py:840} INFO - DAG(s) 'example_skip_dag' retrieved from /home/airflow/.local/lib/python3.12/site-packages/airflow/example_dags/example_skip_dag.py
[2026-06-30T08:27:00.509+0000] {logging_mixin.py:188} INFO - [2026-06-30T08:27:00.509+0000] {dag.py:3096} INFO - Sync 1 DAGs
[2026-06-30T08:27:00.524+0000] {logging_mixin.py:188} INFO - [2026-06-30T08:27:00.524+0000] {dag.py:3954} INFO - Setting next_dagrun for example_skip_dag to 2026-06-29 00:00:00+00:00, run_after=2026-06-30 00:00:00+00:00
[2026-06-30T08:27:00.537+0000] {processor.py:183} INFO - Processing /home/airflow/.local/lib/python3.12/site-packages/airflow/example_dags/example_skip_dag.py took 0.055 seconds
[2026-06-30T08:27:31.021+0000] {processor.py:161} INFO - Started process (PID=22763) to work on /home/airflow/.local/lib/python3.12/site-packages/airflow/example_dags/example_skip_dag.py
[2026-06-30T08:27:31.023+0000] {processor.py:830} INFO - Processing file /home/airflow/.local/lib/python3.12/site-packages/airflow/example_dags/example_skip_dag.py for tasks to queue
[2026-06-30T08:27:31.024+0000] {logging_mixin.py:188} INFO - [2026-06-30T08:27:31.024+0000] {dagbag.py:545} INFO - Filling up the DagBag from /home/airflow/.local/lib/python3.12/site-packages/airflow/example_dags/example_skip_dag.py
[2026-06-30T08:27:31.031+0000] {processor.py:840} INFO - DAG(s) 'example_skip_dag' retrieved from /home/airflow/.local/lib/python3.12/site-packages/airflow/example_dags/example_skip_dag.py
[2026-06-30T08:27:31.048+0000] {logging_mixin.py:188} INFO - [2026-06-30T08:27:31.048+0000] {dag.py:3096} INFO - Sync 1 DAGs
[2026-06-30T08:27:31.065+0000] {logging_mixin.py:188} INFO - [2026-06-30T08:27:31.065+0000] {dag.py:3954} INFO - Setting next_dagrun for example_skip_dag to 2026-06-29 00:00:00+00:00, run_after=2026-06-30 00:00:00+00:00
[2026-06-30T08:27:31.079+0000] {processor.py:183} INFO - Processing /home/airflow/.local/lib/python3.12/site-packages/airflow/example_dags/example_skip_dag.py took 0.062 seconds
[2026-06-30T08:28:01.450+0000] {processor.py:161} INFO - Started process (PID=22821) to work on /home/airflow/.local/lib/python3.12/site-packages/airflow/example_dags/example_skip_dag.py
[2026-06-30T08:28:01.451+0000] {processor.py:830} INFO - Processing file /home/airflow/.local/lib/python3.12/site-packages/airflow/example_dags/example_skip_dag.py for tasks to queue
[2026-06-30T08:28:01.452+0000] {logging_mixin.py:188} INFO - [2026-06-30T08:28:01.452+0000] {dagbag.py:545} INFO - Filling up the DagBag from /home/airflow/.local/lib/python3.12/site-packages/airflow/example_dags/example_skip_dag.py
[2026-06-30T08:28:01.459+0000] {processor.py:840} INFO - DAG(s) 'example_skip_dag' retrieved from /home/airflow/.local/lib/python3.12/site-packages/airflow/example_dags/example_skip_dag.py
[2026-06-30T08:28:01.485+0000] {logging_mixin.py:188} INFO - [2026-06-30T08:28:01.485+0000] {dag.py:3096} INFO - Sync 1 DAGs
[2026-06-30T08:28:01.515+0000] {logging_mixin.py:188} INFO - [2026-06-30T08:28:01.514+0000] {dag.py:3954} INFO - Setting next_dagrun for example_skip_dag to 2026-06-29 00:00:00+00:00, run_after=2026-06-30 00:00:00+00:00
[2026-06-30T08:28:01.535+0000] {processor.py:183} INFO - Processing /home/airflow/.local/lib/python3.12/site-packages/airflow/example_dags/example_skip_dag.py took 0.090 seconds
[2026-06-30T08:28:31.979+0000] {processor.py:161} INFO - Started process (PID=22879) to work on /home/airflow/.local/lib/python3.12/site-packages/airflow/example_dags/example_skip_dag.py
[2026-06-30T08:28:31.980+0000] {processor.py:830} INFO - Processing file /home/airflow/.local/lib/python3.12/site-packages/airflow/example_dags/example_skip_dag.py for tasks to queue
[2026-06-30T08:28:31.981+0000] {logging_mixin.py:188} INFO - [2026-06-30T08:28:31.980+0000] {dagbag.py:545} INFO - Filling up the DagBag from /home/airflow/.local/lib/python3.12/site-packages/airflow/example_dags/example_skip_dag.py
[2026-06-30T08:28:31.986+0000] {processor.py:840} INFO - DAG(s) 'example_skip_dag' retrieved from /home/airflow/.local/lib/python3.12/site-packages/airflow/example_dags/example_skip_dag.py
[2026-06-30T08:28:32.004+0000] {logging_mixin.py:188} INFO - [2026-06-30T08:28:32.004+0000] {dag.py:3096} INFO - Sync 1 DAGs
[2026-06-30T08:28:32.020+0000] {logging_mixin.py:188} INFO - [2026-06-30T08:28:32.020+0000] {dag.py:3954} INFO - Setting next_dagrun for example_skip_dag to 2026-06-29 00:00:00+00:00, run_after=2026-06-30 00:00:00+00:00
[2026-06-30T08:28:32.037+0000] {processor.py:183} INFO - Processing /home/airflow/.local/lib/python3.12/site-packages/airflow/example_dags/example_skip_dag.py took 0.064 seconds
[2026-06-30T08:29:02.341+0000] {processor.py:161} INFO - Started process (PID=22937) to work on /home/airflow/.local/lib/python3.12/site-packages/airflow/example_dags/example_skip_dag.py
[2026-06-30T08:29:02.342+0000] {processor.py:830} INFO - Processing file /home/airflow/.local/lib/python3.12/site-packages/airflow/example_dags/example_skip_dag.py for tasks to queue
[2026-06-30T08:29:02.343+0000] {logging_mixin.py:188} INFO - [2026-06-30T08:29:02.343+0000] {dagbag.py:545} INFO - Filling up the DagBag from /home/airflow/.local/lib/python3.12/site-packages/airflow/example_dags/example_skip_dag.py
[2026-06-30T08:29:02.348+0000] {processor.py:840} INFO - DAG(s) 'example_skip_dag' retrieved from /home/airflow/.local/lib/python3.12/site-packages/airflow/example_dags/example_skip_dag.py
[2026-06-30T08:29:02.363+0000] {logging_mixin.py:188} INFO - [2026-06-30T08:29:02.363+0000] {dag.py:3096} INFO - Sync 1 DAGs
[2026-06-30T08:29:02.378+0000] {logging_mixin.py:188} INFO - [2026-06-30T08:29:02.378+0000] {dag.py:3954} INFO - Setting next_dagrun for example_skip_dag to 2026-06-29 00:00:00+00:00, run_after=2026-06-30 00:00:00+00:00
[2026-06-30T08:29:02.391+0000] {processor.py:183} INFO - Processing /home/airflow/.local/lib/python3.12/site-packages/airflow/example_dags/example_skip_dag.py took 0.054 seconds
[2026-06-30T08:29:32.984+0000] {processor.py:161} INFO - Started process (PID=22995) to work on /home/airflow/.local/lib/python3.12/site-packages/airflow/example_dags/example_skip_dag.py
[2026-06-30T08:29:32.985+0000] {processor.py:830} INFO - Processing file /home/airflow/.local/lib/python3.12/site-packages/airflow/example_dags/example_skip_dag.py for tasks to queue
[2026-06-30T08:29:32.986+0000] {logging_mixin.py:188} INFO - [2026-06-30T08:29:32.986+0000] {dagbag.py:545} INFO - Filling up the DagBag from /home/airflow/.local/lib/python3.12/site-packages/airflow/example_dags/example_skip_dag.py
[2026-06-30T08:29:32.992+0000] {processor.py:840} INFO - DAG(s) 'example_skip_dag' retrieved from /home/airflow/.local/lib/python3.12/site-packages/airflow/example_dags/example_skip_dag.py
[2026-06-30T08:29:33.011+0000] {logging_mixin.py:188} INFO - [2026-06-30T08:29:33.011+0000] {dag.py:3096} INFO - Sync 1 DAGs
[2026-06-30T08:29:33.029+0000] {logging_mixin.py:188} INFO - [2026-06-30T08:29:33.029+0000] {dag.py:3954} INFO - Setting next_dagrun for example_skip_dag to 2026-06-29 00:00:00+00:00, run_after=2026-06-30 00:00:00+00:00
[2026-06-30T08:29:33.047+0000] {processor.py:183} INFO - Processing /home/airflow/.local/lib/python3.12/site-packages/airflow/example_dags/example_skip_dag.py took 0.068 seconds
[2026-06-30T08:30:03.584+0000] {processor.py:161} INFO - Started process (PID=23053) to work on /home/airflow/.local/lib/python3.12/site-packages/airflow/example_dags/example_skip_dag.py
[2026-06-30T08:30:03.585+0000] {processor.py:830} INFO - Processing file /home/airflow/.local/lib/python3.12/site-packages/airflow/example_dags/example_skip_dag.py for tasks to queue
[2026-06-30T08:30:03.586+0000] {logging_mixin.py:188} INFO - [2026-06-30T08:30:03.586+0000] {dagbag.py:545} INFO - Filling up the DagBag from /home/airflow/.local/lib/python3.12/site-packages/airflow/example_dags/example_skip_dag.py
[2026-06-30T08:30:03.591+0000] {processor.py:840} INFO - DAG(s) 'example_skip_dag' retrieved from /home/airflow/.local/lib/python3.12/site-packages/airflow/example_dags/example_skip_dag.py
[2026-06-30T08:30:03.608+0000] {logging_mixin.py:188} INFO - [2026-06-30T08:30:03.608+0000] {dag.py:3096} INFO - Sync 1 DAGs
[2026-06-30T08:30:03.625+0000] {logging_mixin.py:188} INFO - [2026-06-30T08:30:03.625+0000] {dag.py:3954} INFO - Setting next_dagrun for example_skip_dag to 2026-06-29 00:00:00+00:00, run_after=2026-06-30 00:00:00+00:00
[2026-06-30T08:30:03.639+0000] {processor.py:183} INFO - Processing /home/airflow/.local/lib/python3.12/site-packages/airflow/example_dags/example_skip_dag.py took 0.060 seconds
[2026-06-30T08:30:34.080+0000] {processor.py:161} INFO - Started process (PID=23111) to work on /home/airflow/.local/lib/python3.12/site-packages/airflow/example_dags/example_skip_dag.py
[2026-06-30T08:30:34.081+0000] {processor.py:830} INFO - Processing file /home/airflow/.local/lib/python3.12/site-packages/airflow/example_dags/example_skip_dag.py for tasks to queue
[2026-06-30T08:30:34.082+0000] {logging_mixin.py:188} INFO - [2026-06-30T08:30:34.082+0000] {dagbag.py:545} INFO - Filling up the DagBag from /home/airflow/.local/lib/python3.12/site-packages/airflow/example_dags/example_skip_dag.py
[2026-06-30T08:30:34.088+0000] {processor.py:840} INFO - DAG(s) 'example_skip_dag' retrieved from /home/airflow/.local/lib/python3.12/site-packages/airflow/example_dags/example_skip_dag.py
[2026-06-30T08:30:34.106+0000] {logging_mixin.py:188} INFO - [2026-06-30T08:30:34.106+0000] {dag.py:3096} INFO - Sync 1 DAGs
[2026-06-30T08:30:34.123+0000] {logging_mixin.py:188} INFO - [2026-06-30T08:30:34.123+0000] {dag.py:3954} INFO - Setting next_dagrun for example_skip_dag to 2026-06-29 00:00:00+00:00, run_after=2026-06-30 00:00:00+00:00
[2026-06-30T08:30:34.139+0000] {processor.py:183} INFO - Processing /home/airflow/.local/lib/python3.12/site-packages/airflow/example_dags/example_skip_dag.py took 0.064 seconds
[2026-06-30T08:31:04.719+0000] {processor.py:161} INFO - Started process (PID=23169) to work on /home/airflow/.local/lib/python3.12/site-packages/airflow/example_dags/example_skip_dag.py
[2026-06-30T08:31:04.720+0000] {processor.py:830} INFO - Processing file /home/airflow/.local/lib/python3.12/site-packages/airflow/example_dags/example_skip_dag.py for tasks to queue
[2026-06-30T08:31:04.721+0000] {logging_mixin.py:188} INFO - [2026-06-30T08:31:04.721+0000] {dagbag.py:545} INFO - Filling up the DagBag from /home/airflow/.local/lib/python3.12/site-packages/airflow/example_dags/example_skip_dag.py
[2026-06-30T08:31:04.726+0000] {processor.py:840} INFO - DAG(s) 'example_skip_dag' retrieved from /home/airflow/.local/lib/python3.12/site-packages/airflow/example_dags/example_skip_dag.py
[2026-06-30T08:31:04.743+0000] {logging_mixin.py:188} INFO - [2026-06-30T08:31:04.742+0000] {dag.py:3096} INFO - Sync 1 DAGs
[2026-06-30T08:31:04.757+0000] {logging_mixin.py:188} INFO - [2026-06-30T08:31:04.757+0000] {dag.py:3954} INFO - Setting next_dagrun for example_skip_dag to 2026-06-29 00:00:00+00:00, run_after=2026-06-30 00:00:00+00:00
[2026-06-30T08:31:04.769+0000] {processor.py:183} INFO - Processing /home/airflow/.local/lib/python3.12/site-packages/airflow/example_dags/example_skip_dag.py took 0.054 seconds
[2026-06-30T08:31:35.641+0000] {processor.py:161} INFO - Started process (PID=23227) to work on /home/airflow/.local/lib/python3.12/site-packages/airflow/example_dags/example_skip_dag.py
[2026-06-30T08:31:35.642+0000] {processor.py:830} INFO - Processing file /home/airflow/.local/lib/python3.12/site-packages/airflow/example_dags/example_skip_dag.py for tasks to queue
[2026-06-30T08:31:35.642+0000] {logging_mixin.py:188} INFO - [2026-06-30T08:31:35.642+0000] {dagbag.py:545} INFO - Filling up the DagBag from /home/airflow/.local/lib/python3.12/site-packages/airflow/example_dags/example_skip_dag.py
[2026-06-30T08:31:35.647+0000] {processor.py:840} INFO - DAG(s) 'example_skip_dag' retrieved from /home/airflow/.local/lib/python3.12/site-packages/airflow/example_dags/example_skip_dag.py
[2026-06-30T08:31:35.664+0000] {logging_mixin.py:188} INFO - [2026-06-30T08:31:35.664+0000] {dag.py:3096} INFO - Sync 1 DAGs
[2026-06-30T08:31:35.680+0000] {logging_mixin.py:188} INFO - [2026-06-30T08:31:35.680+0000] {dag.py:3954} INFO - Setting next_dagrun for example_skip_dag to 2026-06-29 00:00:00+00:00, run_after=2026-06-30 00:00:00+00:00
[2026-06-30T08:31:35.695+0000] {processor.py:183} INFO - Processing /home/airflow/.local/lib/python3.12/site-packages/airflow/example_dags/example_skip_dag.py took 0.058 seconds
[2026-06-30T08:32:06.232+0000] {processor.py:161} INFO - Started process (PID=23285) to work on /home/airflow/.local/lib/python3.12/site-packages/airflow/example_dags/example_skip_dag.py
[2026-06-30T08:32:06.233+0000] {processor.py:830} INFO - Processing file /home/airflow/.local/lib/python3.12/site-packages/airflow/example_dags/example_skip_dag.py for tasks to queue
[2026-06-30T08:32:06.235+0000] {logging_mixin.py:188} INFO - [2026-06-30T08:32:06.234+0000] {dagbag.py:545} INFO - Filling up the DagBag from /home/airflow/.local/lib/python3.12/site-packages/airflow/example_dags/example_skip_dag.py
[2026-06-30T08:32:06.241+0000] {processor.py:840} INFO - DAG(s) 'example_skip_dag' retrieved from /home/airflow/.local/lib/python3.12/site-packages/airflow/example_dags/example_skip_dag.py
[2026-06-30T08:32:06.258+0000] {logging_mixin.py:188} INFO - [2026-06-30T08:32:06.258+0000] {dag.py:3096} INFO - Sync 1 DAGs
[2026-06-30T08:32:06.274+0000] {logging_mixin.py:188} INFO - [2026-06-30T08:32:06.274+0000] {dag.py:3954} INFO - Setting next_dagrun for example_skip_dag to 2026-06-29 00:00:00+00:00, run_after=2026-06-30 00:00:00+00:00
[2026-06-30T08:32:06.287+0000] {processor.py:183} INFO - Processing /home/airflow/.local/lib/python3.12/site-packages/airflow/example_dags/example_skip_dag.py took 0.059 seconds
[2026-06-30T08:32:37.016+0000] {processor.py:161} INFO - Started process (PID=23343) to work on /home/airflow/.local/lib/python3.12/site-packages/airflow/example_dags/example_skip_dag.py
[2026-06-30T08:32:37.016+0000] {processor.py:830} INFO - Processing file /home/airflow/.local/lib/python3.12/site-packages/airflow/example_dags/example_skip_dag.py for tasks to queue
[2026-06-30T08:32:37.017+0000] {logging_mixin.py:188} INFO - [2026-06-30T08:32:37.017+0000] {dagbag.py:545} INFO - Filling up the DagBag from /home/airflow/.local/lib/python3.12/site-packages/airflow/example_dags/example_skip_dag.py
[2026-06-30T08:32:37.023+0000] {processor.py:840} INFO - DAG(s) 'example_skip_dag' retrieved from /home/airflow/.local/lib/python3.12/site-packages/airflow/example_dags/example_skip_dag.py
[2026-06-30T08:32:37.040+0000] {logging_mixin.py:188} INFO - [2026-06-30T08:32:37.039+0000] {dag.py:3096} INFO - Sync 1 DAGs
[2026-06-30T08:32:37.055+0000] {logging_mixin.py:188} INFO - [2026-06-30T08:32:37.055+0000] {dag.py:3954} INFO - Setting next_dagrun for example_skip_dag to 2026-06-29 00:00:00+00:00, run_after=2026-06-30 00:00:00+00:00
[2026-06-30T08:32:37.067+0000] {processor.py:183} INFO - Processing /home/airflow/.local/lib/python3.12/site-packages/airflow/example_dags/example_skip_dag.py took 0.057 seconds
[2026-06-30T08:33:07.817+0000] {processor.py:161} INFO - Started process (PID=23401) to work on /home/airflow/.local/lib/python3.12/site-packages/airflow/example_dags/example_skip_dag.py
[2026-06-30T08:33:07.818+0000] {processor.py:830} INFO - Processing file /home/airflow/.local/lib/python3.12/site-packages/airflow/example_dags/example_skip_dag.py for tasks to queue
[2026-06-30T08:33:07.819+0000] {logging_mixin.py:188} INFO - [2026-06-30T08:33:07.819+0000] {dagbag.py:545} INFO - Filling up the DagBag from /home/airflow/.local/lib/python3.12/site-packages/airflow/example_dags/example_skip_dag.py
[2026-06-30T08:33:07.825+0000] {processor.py:840} INFO - DAG(s) 'example_skip_dag' retrieved from /home/airflow/.local/lib/python3.12/site-packages/airflow/example_dags/example_skip_dag.py
[2026-06-30T08:33:07.844+0000] {logging_mixin.py:188} INFO - [2026-06-30T08:33:07.844+0000] {dag.py:3096} INFO - Sync 1 DAGs
[2026-06-30T08:33:07.868+0000] {logging_mixin.py:188} INFO - [2026-06-30T08:33:07.868+0000] {dag.py:3954} INFO - Setting next_dagrun for example_skip_dag to 2026-06-29 00:00:00+00:00, run_after=2026-06-30 00:00:00+00:00
[2026-06-30T08:33:07.887+0000] {processor.py:183} INFO - Processing /home/airflow/.local/lib/python3.12/site-packages/airflow/example_dags/example_skip_dag.py took 0.075 seconds
[2026-06-30T08:33:38.648+0000] {processor.py:161} INFO - Started process (PID=23459) to work on /home/airflow/.local/lib/python3.12/site-packages/airflow/example_dags/example_skip_dag.py
[2026-06-30T08:33:38.649+0000] {processor.py:830} INFO - Processing file /home/airflow/.local/lib/python3.12/site-packages/airflow/example_dags/example_skip_dag.py for tasks to queue
[2026-06-30T08:33:38.650+0000] {logging_mixin.py:188} INFO - [2026-06-30T08:33:38.650+0000] {dagbag.py:545} INFO - Filling up the DagBag from /home/airflow/.local/lib/python3.12/site-packages/airflow/example_dags/example_skip_dag.py
[2026-06-30T08:33:38.655+0000] {processor.py:840} INFO - DAG(s) 'example_skip_dag' retrieved from /home/airflow/.local/lib/python3.12/site-packages/airflow/example_dags/example_skip_dag.py
[2026-06-30T08:33:38.672+0000] {logging_mixin.py:188} INFO - [2026-06-30T08:33:38.671+0000] {dag.py:3096} INFO - Sync 1 DAGs
[2026-06-30T08:33:38.690+0000] {logging_mixin.py:188} INFO - [2026-06-30T08:33:38.690+0000] {dag.py:3954} INFO - Setting next_dagrun for example_skip_dag to 2026-06-29 00:00:00+00:00, run_after=2026-06-30 00:00:00+00:00
[2026-06-30T08:33:38.707+0000] {processor.py:183} INFO - Processing /home/airflow/.local/lib/python3.12/site-packages/airflow/example_dags/example_skip_dag.py took 0.063 seconds
[2026-06-30T08:34:09.648+0000] {processor.py:161} INFO - Started process (PID=23517) to work on /home/airflow/.local/lib/python3.12/site-packages/airflow/example_dags/example_skip_dag.py
[2026-06-30T08:34:09.649+0000] {processor.py:830} INFO - Processing file /home/airflow/.local/lib/python3.12/site-packages/airflow/example_dags/example_skip_dag.py for tasks to queue
[2026-06-30T08:34:09.650+0000] {logging_mixin.py:188} INFO - [2026-06-30T08:34:09.649+0000] {dagbag.py:545} INFO - Filling up the DagBag from /home/airflow/.local/lib/python3.12/site-packages/airflow/example_dags/example_skip_dag.py
[2026-06-30T08:34:09.655+0000] {processor.py:840} INFO - DAG(s) 'example_skip_dag' retrieved from /home/airflow/.local/lib/python3.12/site-packages/airflow/example_dags/example_skip_dag.py
[2026-06-30T08:34:09.673+0000] {logging_mixin.py:188} INFO - [2026-06-30T08:34:09.673+0000] {dag.py:3096} INFO - Sync 1 DAGs
[2026-06-30T08:34:09.691+0000] {logging_mixin.py:188} INFO - [2026-06-30T08:34:09.691+0000] {dag.py:3954} INFO - Setting next_dagrun for example_skip_dag to 2026-06-29 00:00:00+00:00, run_after=2026-06-30 00:00:00+00:00
[2026-06-30T08:34:09.706+0000] {processor.py:183} INFO - Processing /home/airflow/.local/lib/python3.12/site-packages/airflow/example_dags/example_skip_dag.py took 0.062 seconds
[2026-06-30T08:34:40.248+0000] {processor.py:161} INFO - Started process (PID=23575) to work on /home/airflow/.local/lib/python3.12/site-packages/airflow/example_dags/example_skip_dag.py
[2026-06-30T08:34:40.249+0000] {processor.py:830} INFO - Processing file /home/airflow/.local/lib/python3.12/site-packages/airflow/example_dags/example_skip_dag.py for tasks to queue
[2026-06-30T08:34:40.250+0000] {logging_mixin.py:188} INFO - [2026-06-30T08:34:40.249+0000] {dagbag.py:545} INFO - Filling up the DagBag from /home/airflow/.local/lib/python3.12/site-packages/airflow/example_dags/example_skip_dag.py
[2026-06-30T08:34:40.255+0000] {processor.py:840} INFO - DAG(s) 'example_skip_dag' retrieved from /home/airflow/.local/lib/python3.12/site-packages/airflow/example_dags/example_skip_dag.py
[2026-06-30T08:34:40.269+0000] {logging_mixin.py:188} INFO - [2026-06-30T08:34:40.269+0000] {dag.py:3096} INFO - Sync 1 DAGs
[2026-06-30T08:34:40.284+0000] {logging_mixin.py:188} INFO - [2026-06-30T08:34:40.284+0000] {dag.py:3954} INFO - Setting next_dagrun for example_skip_dag to 2026-06-29 00:00:00+00:00, run_after=2026-06-30 00:00:00+00:00
[2026-06-30T08:34:40.297+0000] {processor.py:183} INFO - Processing /home/airflow/.local/lib/python3.12/site-packages/airflow/example_dags/example_skip_dag.py took 0.053 seconds
[2026-06-30T08:35:10.587+0000] {processor.py:161} INFO - Started process (PID=23633) to work on /home/airflow/.local/lib/python3.12/site-packages/airflow/example_dags/example_skip_dag.py
[2026-06-30T08:35:10.588+0000] {processor.py:830} INFO - Processing file /home/airflow/.local/lib/python3.12/site-packages/airflow/example_dags/example_skip_dag.py for tasks to queue
[2026-06-30T08:35:10.590+0000] {logging_mixin.py:188} INFO - [2026-06-30T08:35:10.589+0000] {dagbag.py:545} INFO - Filling up the DagBag from /home/airflow/.local/lib/python3.12/site-packages/airflow/example_dags/example_skip_dag.py
[2026-06-30T08:35:10.596+0000] {processor.py:840} INFO - DAG(s) 'example_skip_dag' retrieved from /home/airflow/.local/lib/python3.12/site-packages/airflow/example_dags/example_skip_dag.py
[2026-06-30T08:35:10.614+0000] {logging_mixin.py:188} INFO - [2026-06-30T08:35:10.614+0000] {dag.py:3096} INFO - Sync 1 DAGs
[2026-06-30T08:35:10.633+0000] {logging_mixin.py:188} INFO - [2026-06-30T08:35:10.632+0000] {dag.py:3954} INFO - Setting next_dagrun for example_skip_dag to 2026-06-29 00:00:00+00:00, run_after=2026-06-30 00:00:00+00:00
[2026-06-30T08:35:10.648+0000] {processor.py:183} INFO - Processing /home/airflow/.local/lib/python3.12/site-packages/airflow/example_dags/example_skip_dag.py took 0.066 seconds
[2026-06-30T08:35:41.037+0000] {processor.py:161} INFO - Started process (PID=23691) to work on /home/airflow/.local/lib/python3.12/site-packages/airflow/example_dags/example_skip_dag.py
[2026-06-30T08:35:41.038+0000] {processor.py:830} INFO - Processing file /home/airflow/.local/lib/python3.12/site-packages/airflow/example_dags/example_skip_dag.py for tasks to queue
[2026-06-30T08:35:41.039+0000] {logging_mixin.py:188} INFO - [2026-06-30T08:35:41.039+0000] {dagbag.py:545} INFO - Filling up the DagBag from /home/airflow/.local/lib/python3.12/site-packages/airflow/example_dags/example_skip_dag.py
[2026-06-30T08:35:41.045+0000] {processor.py:840} INFO - DAG(s) 'example_skip_dag' retrieved from /home/airflow/.local/lib/python3.12/site-packages/airflow/example_dags/example_skip_dag.py
[2026-06-30T08:35:41.064+0000] {logging_mixin.py:188} INFO - [2026-06-30T08:35:41.064+0000] {dag.py:3096} INFO - Sync 1 DAGs
[2026-06-30T08:35:41.079+0000] {logging_mixin.py:188} INFO - [2026-06-30T08:35:41.079+0000] {dag.py:3954} INFO - Setting next_dagrun for example_skip_dag to 2026-06-29 00:00:00+00:00, run_after=2026-06-30 00:00:00+00:00
[2026-06-30T08:35:41.093+0000] {processor.py:183} INFO - Processing /home/airflow/.local/lib/python3.12/site-packages/airflow/example_dags/example_skip_dag.py took 0.061 seconds
[2026-06-30T08:36:11.276+0000] {processor.py:161} INFO - Started process (PID=23749) to work on /home/airflow/.local/lib/python3.12/site-packages/airflow/example_dags/example_skip_dag.py
[2026-06-30T08:36:11.277+0000] {processor.py:830} INFO - Processing file /home/airflow/.local/lib/python3.12/site-packages/airflow/example_dags/example_skip_dag.py for tasks to queue
[2026-06-30T08:36:11.278+0000] {logging_mixin.py:188} INFO - [2026-06-30T08:36:11.278+0000] {dagbag.py:545} INFO - Filling up the DagBag from /home/airflow/.local/lib/python3.12/site-packages/airflow/example_dags/example_skip_dag.py
[2026-06-30T08:36:11.283+0000] {processor.py:840} INFO - DAG(s) 'example_skip_dag' retrieved from /home/airflow/.local/lib/python3.12/site-packages/airflow/example_dags/example_skip_dag.py
[2026-06-30T08:36:11.298+0000] {logging_mixin.py:188} INFO - [2026-06-30T08:36:11.298+0000] {dag.py:3096} INFO - Sync 1 DAGs
[2026-06-30T08:36:11.314+0000] {logging_mixin.py:188} INFO - [2026-06-30T08:36:11.314+0000] {dag.py:3954} INFO - Setting next_dagrun for example_skip_dag to 2026-06-29 00:00:00+00:00, run_after=2026-06-30 00:00:00+00:00
[2026-06-30T08:36:11.326+0000] {processor.py:183} INFO - Processing /home/airflow/.local/lib/python3.12/site-packages/airflow/example_dags/example_skip_dag.py took 0.054 seconds
[2026-06-30T08:36:41.846+0000] {processor.py:161} INFO - Started process (PID=23814) to work on /home/airflow/.local/lib/python3.12/site-packages/airflow/example_dags/example_skip_dag.py
[2026-06-30T08:36:41.847+0000] {processor.py:830} INFO - Processing file /home/airflow/.local/lib/python3.12/site-packages/airflow/example_dags/example_skip_dag.py for tasks to queue
[2026-06-30T08:36:41.848+0000] {logging_mixin.py:188} INFO - [2026-06-30T08:36:41.848+0000] {dagbag.py:545} INFO - Filling up the DagBag from /home/airflow/.local/lib/python3.12/site-packages/airflow/example_dags/example_skip_dag.py
[2026-06-30T08:36:41.854+0000] {processor.py:840} INFO - DAG(s) 'example_skip_dag' retrieved from /home/airflow/.local/lib/python3.12/site-packages/airflow/example_dags/example_skip_dag.py
[2026-06-30T08:36:41.870+0000] {logging_mixin.py:188} INFO - [2026-06-30T08:36:41.869+0000] {dag.py:3096} INFO - Sync 1 DAGs
[2026-06-30T08:36:41.884+0000] {logging_mixin.py:188} INFO - [2026-06-30T08:36:41.884+0000] {dag.py:3954} INFO - Setting next_dagrun for example_skip_dag to 2026-06-29 00:00:00+00:00, run_after=2026-06-30 00:00:00+00:00
[2026-06-30T08:36:41.897+0000] {processor.py:183} INFO - Processing /home/airflow/.local/lib/python3.12/site-packages/airflow/example_dags/example_skip_dag.py took 0.055 seconds
[2026-06-30T08:37:12.139+0000] {processor.py:161} INFO - Started process (PID=23872) to work on /home/airflow/.local/lib/python3.12/site-packages/airflow/example_dags/example_skip_dag.py
[2026-06-30T08:37:12.139+0000] {processor.py:830} INFO - Processing file /home/airflow/.local/lib/python3.12/site-packages/airflow/example_dags/example_skip_dag.py for tasks to queue
[2026-06-30T08:37:12.140+0000] {logging_mixin.py:188} INFO - [2026-06-30T08:37:12.140+0000] {dagbag.py:545} INFO - Filling up the DagBag from /home/airflow/.local/lib/python3.12/site-packages/airflow/example_dags/example_skip_dag.py
[2026-06-30T08:37:12.145+0000] {processor.py:840} INFO - DAG(s) 'example_skip_dag' retrieved from /home/airflow/.local/lib/python3.12/site-packages/airflow/example_dags/example_skip_dag.py
[2026-06-30T08:37:12.161+0000] {logging_mixin.py:188} INFO - [2026-06-30T08:37:12.161+0000] {dag.py:3096} INFO - Sync 1 DAGs
[2026-06-30T08:37:12.179+0000] {logging_mixin.py:188} INFO - [2026-06-30T08:37:12.179+0000] {dag.py:3954} INFO - Setting next_dagrun for example_skip_dag to 2026-06-29 00:00:00+00:00, run_after=2026-06-30 00:00:00+00:00
[2026-06-30T08:37:12.190+0000] {processor.py:183} INFO - Processing /home/airflow/.local/lib/python3.12/site-packages/airflow/example_dags/example_skip_dag.py took 0.056 seconds
[2026-06-30T08:37:42.532+0000] {processor.py:161} INFO - Started process (PID=23930) to work on /home/airflow/.local/lib/python3.12/site-packages/airflow/example_dags/example_skip_dag.py
[2026-06-30T08:37:42.533+0000] {processor.py:830} INFO - Processing file /home/airflow/.local/lib/python3.12/site-packages/airflow/example_dags/example_skip_dag.py for tasks to queue
[2026-06-30T08:37:42.534+0000] {logging_mixin.py:188} INFO - [2026-06-30T08:37:42.533+0000] {dagbag.py:545} INFO - Filling up the DagBag from /home/airflow/.local/lib/python3.12/site-packages/airflow/example_dags/example_skip_dag.py
[2026-06-30T08:37:42.539+0000] {processor.py:840} INFO - DAG(s) 'example_skip_dag' retrieved from /home/airflow/.local/lib/python3.12/site-packages/airflow/example_dags/example_skip_dag.py
[2026-06-30T08:37:42.563+0000] {logging_mixin.py:188} INFO - [2026-06-30T08:37:42.562+0000] {dag.py:3096} INFO - Sync 1 DAGs
[2026-06-30T08:37:42.579+0000] {logging_mixin.py:188} INFO - [2026-06-30T08:37:42.579+0000] {dag.py:3954} INFO - Setting next_dagrun for example_skip_dag to 2026-06-29 00:00:00+00:00, run_after=2026-06-30 00:00:00+00:00
[2026-06-30T08:37:42.594+0000] {processor.py:183} INFO - Processing /home/airflow/.local/lib/python3.12/site-packages/airflow/example_dags/example_skip_dag.py took 0.066 seconds
[2026-06-30T08:38:13.115+0000] {processor.py:161} INFO - Started process (PID=23988) to work on /home/airflow/.local/lib/python3.12/site-packages/airflow/example_dags/example_skip_dag.py
[2026-06-30T08:38:13.116+0000] {processor.py:830} INFO - Processing file /home/airflow/.local/lib/python3.12/site-packages/airflow/example_dags/example_skip_dag.py for tasks to queue
[2026-06-30T08:38:13.117+0000] {logging_mixin.py:188} INFO - [2026-06-30T08:38:13.117+0000] {dagbag.py:545} INFO - Filling up the DagBag from /home/airflow/.local/lib/python3.12/site-packages/airflow/example_dags/example_skip_dag.py
[2026-06-30T08:38:13.122+0000] {processor.py:840} INFO - DAG(s) 'example_skip_dag' retrieved from /home/airflow/.local/lib/python3.12/site-packages/airflow/example_dags/example_skip_dag.py
[2026-06-30T08:38:13.136+0000] {logging_mixin.py:188} INFO - [2026-06-30T08:38:13.136+0000] {dag.py:3096} INFO - Sync 1 DAGs
[2026-06-30T08:38:13.150+0000] {logging_mixin.py:188} INFO - [2026-06-30T08:38:13.150+0000] {dag.py:3954} INFO - Setting next_dagrun for example_skip_dag to 2026-06-29 00:00:00+00:00, run_after=2026-06-30 00:00:00+00:00
[2026-06-30T08:38:13.162+0000] {processor.py:183} INFO - Processing /home/airflow/.local/lib/python3.12/site-packages/airflow/example_dags/example_skip_dag.py took 0.050 seconds
[2026-06-30T08:38:43.506+0000] {processor.py:161} INFO - Started process (PID=24046) to work on /home/airflow/.local/lib/python3.12/site-packages/airflow/example_dags/example_skip_dag.py
[2026-06-30T08:38:43.506+0000] {processor.py:830} INFO - Processing file /home/airflow/.local/lib/python3.12/site-packages/airflow/example_dags/example_skip_dag.py for tasks to queue
[2026-06-30T08:38:43.507+0000] {logging_mixin.py:188} INFO - [2026-06-30T08:38:43.507+0000] {dagbag.py:545} INFO - Filling up the DagBag from /home/airflow/.local/lib/python3.12/site-packages/airflow/example_dags/example_skip_dag.py
[2026-06-30T08:38:43.512+0000] {processor.py:840} INFO - DAG(s) 'example_skip_dag' retrieved from /home/airflow/.local/lib/python3.12/site-packages/airflow/example_dags/example_skip_dag.py
[2026-06-30T08:38:43.528+0000] {logging_mixin.py:188} INFO - [2026-06-30T08:38:43.527+0000] {dag.py:3096} INFO - Sync 1 DAGs
[2026-06-30T08:38:43.544+0000] {logging_mixin.py:188} INFO - [2026-06-30T08:38:43.544+0000] {dag.py:3954} INFO - Setting next_dagrun for example_skip_dag to 2026-06-29 00:00:00+00:00, run_after=2026-06-30 00:00:00+00:00
[2026-06-30T08:38:43.560+0000] {processor.py:183} INFO - Processing /home/airflow/.local/lib/python3.12/site-packages/airflow/example_dags/example_skip_dag.py took 0.059 seconds
[2026-06-30T08:39:14.008+0000] {processor.py:161} INFO - Started process (PID=24104) to work on /home/airflow/.local/lib/python3.12/site-packages/airflow/example_dags/example_skip_dag.py
[2026-06-30T08:39:14.008+0000] {processor.py:830} INFO - Processing file /home/airflow/.local/lib/python3.12/site-packages/airflow/example_dags/example_skip_dag.py for tasks to queue
[2026-06-30T08:39:14.009+0000] {logging_mixin.py:188} INFO - [2026-06-30T08:39:14.009+0000] {dagbag.py:545} INFO - Filling up the DagBag from /home/airflow/.local/lib/python3.12/site-packages/airflow/example_dags/example_skip_dag.py
[2026-06-30T08:39:14.015+0000] {processor.py:840} INFO - DAG(s) 'example_skip_dag' retrieved from /home/airflow/.local/lib/python3.12/site-packages/airflow/example_dags/example_skip_dag.py
[2026-06-30T08:39:14.031+0000] {logging_mixin.py:188} INFO - [2026-06-30T08:39:14.030+0000] {dag.py:3096} INFO - Sync 1 DAGs
[2026-06-30T08:39:14.046+0000] {logging_mixin.py:188} INFO - [2026-06-30T08:39:14.046+0000] {dag.py:3954} INFO - Setting next_dagrun for example_skip_dag to 2026-06-29 00:00:00+00:00, run_after=2026-06-30 00:00:00+00:00
[2026-06-30T08:39:14.058+0000] {processor.py:183} INFO - Processing /home/airflow/.local/lib/python3.12/site-packages/airflow/example_dags/example_skip_dag.py took 0.055 seconds
[2026-06-30T08:39:44.639+0000] {processor.py:161} INFO - Started process (PID=24162) to work on /home/airflow/.local/lib/python3.12/site-packages/airflow/example_dags/example_skip_dag.py
[2026-06-30T08:39:44.639+0000] {processor.py:830} INFO - Processing file /home/airflow/.local/lib/python3.12/site-packages/airflow/example_dags/example_skip_dag.py for tasks to queue
[2026-06-30T08:39:44.640+0000] {logging_mixin.py:188} INFO - [2026-06-30T08:39:44.640+0000] {dagbag.py:545} INFO - Filling up the DagBag from /home/airflow/.local/lib/python3.12/site-packages/airflow/example_dags/example_skip_dag.py
[2026-06-30T08:39:44.647+0000] {processor.py:840} INFO - DAG(s) 'example_skip_dag' retrieved from /home/airflow/.local/lib/python3.12/site-packages/airflow/example_dags/example_skip_dag.py
[2026-06-30T08:39:44.663+0000] {logging_mixin.py:188} INFO - [2026-06-30T08:39:44.663+0000] {dag.py:3096} INFO - Sync 1 DAGs
[2026-06-30T08:39:44.680+0000] {logging_mixin.py:188} INFO - [2026-06-30T08:39:44.680+0000] {dag.py:3954} INFO - Setting next_dagrun for example_skip_dag to 2026-06-29 00:00:00+00:00, run_after=2026-06-30 00:00:00+00:00
[2026-06-30T08:39:44.697+0000] {processor.py:183} INFO - Processing /home/airflow/.local/lib/python3.12/site-packages/airflow/example_dags/example_skip_dag.py took 0.063 seconds
[2026-06-30T08:40:15.054+0000] {processor.py:161} INFO - Started process (PID=24220) to work on /home/airflow/.local/lib/python3.12/site-packages/airflow/example_dags/example_skip_dag.py
[2026-06-30T08:40:15.055+0000] {processor.py:830} INFO - Processing file /home/airflow/.local/lib/python3.12/site-packages/airflow/example_dags/example_skip_dag.py for tasks to queue
[2026-06-30T08:40:15.056+0000] {logging_mixin.py:188} INFO - [2026-06-30T08:40:15.056+0000] {dagbag.py:545} INFO - Filling up the DagBag from /home/airflow/.local/lib/python3.12/site-packages/airflow/example_dags/example_skip_dag.py
[2026-06-30T08:40:15.061+0000] {processor.py:840} INFO - DAG(s) 'example_skip_dag' retrieved from /home/airflow/.local/lib/python3.12/site-packages/airflow/example_dags/example_skip_dag.py
[2026-06-30T08:40:15.077+0000] {logging_mixin.py:188} INFO - [2026-06-30T08:40:15.077+0000] {dag.py:3096} INFO - Sync 1 DAGs
[2026-06-30T08:40:15.092+0000] {logging_mixin.py:188} INFO - [2026-06-30T08:40:15.092+0000] {dag.py:3954} INFO - Setting next_dagrun for example_skip_dag to 2026-06-29 00:00:00+00:00, run_after=2026-06-30 00:00:00+00:00
[2026-06-30T08:40:15.105+0000] {processor.py:183} INFO - Processing /home/airflow/.local/lib/python3.12/site-packages/airflow/example_dags/example_skip_dag.py took 0.054 seconds
[2026-06-30T08:40:45.691+0000] {processor.py:161} INFO - Started process (PID=24278) to work on /home/airflow/.local/lib/python3.12/site-packages/airflow/example_dags/example_skip_dag.py
[2026-06-30T08:40:45.691+0000] {processor.py:830} INFO - Processing file /home/airflow/.local/lib/python3.12/site-packages/airflow/example_dags/example_skip_dag.py for tasks to queue
[2026-06-30T08:40:45.692+0000] {logging_mixin.py:188} INFO - [2026-06-30T08:40:45.692+0000] {dagbag.py:545} INFO - Filling up the DagBag from /home/airflow/.local/lib/python3.12/site-packages/airflow/example_dags/example_skip_dag.py
[2026-06-30T08:40:45.698+0000] {processor.py:840} INFO - DAG(s) 'example_skip_dag' retrieved from /home/airflow/.local/lib/python3.12/site-packages/airflow/example_dags/example_skip_dag.py
[2026-06-30T08:40:45.714+0000] {logging_mixin.py:188} INFO - [2026-06-30T08:40:45.714+0000] {dag.py:3096} INFO - Sync 1 DAGs
[2026-06-30T08:40:45.729+0000] {logging_mixin.py:188} INFO - [2026-06-30T08:40:45.729+0000] {dag.py:3954} INFO - Setting next_dagrun for example_skip_dag to 2026-06-29 00:00:00+00:00, run_after=2026-06-30 00:00:00+00:00
[2026-06-30T08:40:45.743+0000] {processor.py:183} INFO - Processing /home/airflow/.local/lib/python3.12/site-packages/airflow/example_dags/example_skip_dag.py took 0.057 seconds
[2026-06-30T08:41:16.348+0000] {processor.py:161} INFO - Started process (PID=24336) to work on /home/airflow/.local/lib/python3.12/site-packages/airflow/example_dags/example_skip_dag.py
[2026-06-30T08:41:16.349+0000] {processor.py:830} INFO - Processing file /home/airflow/.local/lib/python3.12/site-packages/airflow/example_dags/example_skip_dag.py for tasks to queue
[2026-06-30T08:41:16.350+0000] {logging_mixin.py:188} INFO - [2026-06-30T08:41:16.350+0000] {dagbag.py:545} INFO - Filling up the DagBag from /home/airflow/.local/lib/python3.12/site-packages/airflow/example_dags/example_skip_dag.py
[2026-06-30T08:41:16.355+0000] {processor.py:840} INFO - DAG(s) 'example_skip_dag' retrieved from /home/airflow/.local/lib/python3.12/site-packages/airflow/example_dags/example_skip_dag.py
[2026-06-30T08:41:16.371+0000] {logging_mixin.py:188} INFO - [2026-06-30T08:41:16.370+0000] {dag.py:3096} INFO - Sync 1 DAGs
[2026-06-30T08:41:16.385+0000] {logging_mixin.py:188} INFO - [2026-06-30T08:41:16.385+0000] {dag.py:3954} INFO - Setting next_dagrun for example_skip_dag to 2026-06-29 00:00:00+00:00, run_after=2026-06-30 00:00:00+00:00
[2026-06-30T08:41:16.398+0000] {processor.py:183} INFO - Processing /home/airflow/.local/lib/python3.12/site-packages/airflow/example_dags/example_skip_dag.py took 0.054 seconds
[2026-06-30T08:41:46.863+0000] {processor.py:161} INFO - Started process (PID=24394) to work on /home/airflow/.local/lib/python3.12/site-packages/airflow/example_dags/example_skip_dag.py
[2026-06-30T08:41:46.864+0000] {processor.py:830} INFO - Processing file /home/airflow/.local/lib/python3.12/site-packages/airflow/example_dags/example_skip_dag.py for tasks to queue
[2026-06-30T08:41:46.865+0000] {logging_mixin.py:188} INFO - [2026-06-30T08:41:46.865+0000] {dagbag.py:545} INFO - Filling up the DagBag from /home/airflow/.local/lib/python3.12/site-packages/airflow/example_dags/example_skip_dag.py
[2026-06-30T08:41:46.870+0000] {processor.py:840} INFO - DAG(s) 'example_skip_dag' retrieved from /home/airflow/.local/lib/python3.12/site-packages/airflow/example_dags/example_skip_dag.py
[2026-06-30T08:41:46.885+0000] {logging_mixin.py:188} INFO - [2026-06-30T08:41:46.885+0000] {dag.py:3096} INFO - Sync 1 DAGs
[2026-06-30T08:41:46.901+0000] {logging_mixin.py:188} INFO - [2026-06-30T08:41:46.901+0000] {dag.py:3954} INFO - Setting next_dagrun for example_skip_dag to 2026-06-29 00:00:00+00:00, run_after=2026-06-30 00:00:00+00:00
[2026-06-30T08:41:46.914+0000] {processor.py:183} INFO - Processing /home/airflow/.local/lib/python3.12/site-packages/airflow/example_dags/example_skip_dag.py took 0.055 seconds
[2026-06-30T08:42:17.277+0000] {processor.py:161} INFO - Started process (PID=24452) to work on /home/airflow/.local/lib/python3.12/site-packages/airflow/example_dags/example_skip_dag.py
[2026-06-30T08:42:17.278+0000] {processor.py:830} INFO - Processing file /home/airflow/.local/lib/python3.12/site-packages/airflow/example_dags/example_skip_dag.py for tasks to queue
[2026-06-30T08:42:17.279+0000] {logging_mixin.py:188} INFO - [2026-06-30T08:42:17.278+0000] {dagbag.py:545} INFO - Filling up the DagBag from /home/airflow/.local/lib/python3.12/site-packages/airflow/example_dags/example_skip_dag.py
[2026-06-30T08:42:17.284+0000] {processor.py:840} INFO - DAG(s) 'example_skip_dag' retrieved from /home/airflow/.local/lib/python3.12/site-packages/airflow/example_dags/example_skip_dag.py
[2026-06-30T08:42:17.302+0000] {logging_mixin.py:188} INFO - [2026-06-30T08:42:17.302+0000] {dag.py:3096} INFO - Sync 1 DAGs
[2026-06-30T08:42:17.318+0000] {logging_mixin.py:188} INFO - [2026-06-30T08:42:17.318+0000] {dag.py:3954} INFO - Setting next_dagrun for example_skip_dag to 2026-06-29 00:00:00+00:00, run_after=2026-06-30 00:00:00+00:00
[2026-06-30T08:42:17.330+0000] {processor.py:183} INFO - Processing /home/airflow/.local/lib/python3.12/site-packages/airflow/example_dags/example_skip_dag.py took 0.058 seconds
[2026-06-30T08:42:48.023+0000] {processor.py:161} INFO - Started process (PID=24510) to work on /home/airflow/.local/lib/python3.12/site-packages/airflow/example_dags/example_skip_dag.py
[2026-06-30T08:42:48.024+0000] {processor.py:830} INFO - Processing file /home/airflow/.local/lib/python3.12/site-packages/airflow/example_dags/example_skip_dag.py for tasks to queue
[2026-06-30T08:42:48.024+0000] {logging_mixin.py:188} INFO - [2026-06-30T08:42:48.024+0000] {dagbag.py:545} INFO - Filling up the DagBag from /home/airflow/.local/lib/python3.12/site-packages/airflow/example_dags/example_skip_dag.py
[2026-06-30T08:42:48.030+0000] {processor.py:840} INFO - DAG(s) 'example_skip_dag' retrieved from /home/airflow/.local/lib/python3.12/site-packages/airflow/example_dags/example_skip_dag.py
[2026-06-30T08:42:48.046+0000] {logging_mixin.py:188} INFO - [2026-06-30T08:42:48.045+0000] {dag.py:3096} INFO - Sync 1 DAGs
[2026-06-30T08:42:48.060+0000] {logging_mixin.py:188} INFO - [2026-06-30T08:42:48.060+0000] {dag.py:3954} INFO - Setting next_dagrun for example_skip_dag to 2026-06-29 00:00:00+00:00, run_after=2026-06-30 00:00:00+00:00
[2026-06-30T08:42:48.072+0000] {processor.py:183} INFO - Processing /home/airflow/.local/lib/python3.12/site-packages/airflow/example_dags/example_skip_dag.py took 0.053 seconds
[2026-06-30T08:43:18.168+0000] {processor.py:161} INFO - Started process (PID=24568) to work on /home/airflow/.local/lib/python3.12/site-packages/airflow/example_dags/example_skip_dag.py
[2026-06-30T08:43:18.170+0000] {processor.py:830} INFO - Processing file /home/airflow/.local/lib/python3.12/site-packages/airflow/example_dags/example_skip_dag.py for tasks to queue
[2026-06-30T08:43:18.171+0000] {logging_mixin.py:188} INFO - [2026-06-30T08:43:18.170+0000] {dagbag.py:545} INFO - Filling up the DagBag from /home/airflow/.local/lib/python3.12/site-packages/airflow/example_dags/example_skip_dag.py
[2026-06-30T08:43:18.178+0000] {processor.py:840} INFO - DAG(s) 'example_skip_dag' retrieved from /home/airflow/.local/lib/python3.12/site-packages/airflow/example_dags/example_skip_dag.py
[2026-06-30T08:43:18.196+0000] {logging_mixin.py:188} INFO - [2026-06-30T08:43:18.196+0000] {dag.py:3096} INFO - Sync 1 DAGs
[2026-06-30T08:43:18.213+0000] {logging_mixin.py:188} INFO - [2026-06-30T08:43:18.213+0000] {dag.py:3954} INFO - Setting next_dagrun for example_skip_dag to 2026-06-29 00:00:00+00:00, run_after=2026-06-30 00:00:00+00:00
[2026-06-30T08:43:18.229+0000] {processor.py:183} INFO - Processing /home/airflow/.local/lib/python3.12/site-packages/airflow/example_dags/example_skip_dag.py took 0.067 seconds
[2026-06-30T08:43:48.564+0000] {processor.py:161} INFO - Started process (PID=24626) to work on /home/airflow/.local/lib/python3.12/site-packages/airflow/example_dags/example_skip_dag.py
[2026-06-30T08:43:48.565+0000] {processor.py:830} INFO - Processing file /home/airflow/.local/lib/python3.12/site-packages/airflow/example_dags/example_skip_dag.py for tasks to queue
[2026-06-30T08:43:48.566+0000] {logging_mixin.py:188} INFO - [2026-06-30T08:43:48.566+0000] {dagbag.py:545} INFO - Filling up the DagBag from /home/airflow/.local/lib/python3.12/site-packages/airflow/example_dags/example_skip_dag.py
[2026-06-30T08:43:48.571+0000] {processor.py:840} INFO - DAG(s) 'example_skip_dag' retrieved from /home/airflow/.local/lib/python3.12/site-packages/airflow/example_dags/example_skip_dag.py
[2026-06-30T08:43:48.588+0000] {logging_mixin.py:188} INFO - [2026-06-30T08:43:48.588+0000] {dag.py:3096} INFO - Sync 1 DAGs
[2026-06-30T08:43:48.605+0000] {logging_mixin.py:188} INFO - [2026-06-30T08:43:48.605+0000] {dag.py:3954} INFO - Setting next_dagrun for example_skip_dag to 2026-06-29 00:00:00+00:00, run_after=2026-06-30 00:00:00+00:00
[2026-06-30T08:43:48.618+0000] {processor.py:183} INFO - Processing /home/airflow/.local/lib/python3.12/site-packages/airflow/example_dags/example_skip_dag.py took 0.058 seconds
[2026-06-30T08:44:18.932+0000] {processor.py:161} INFO - Started process (PID=24684) to work on /home/airflow/.local/lib/python3.12/site-packages/airflow/example_dags/example_skip_dag.py
[2026-06-30T08:44:18.933+0000] {processor.py:830} INFO - Processing file /home/airflow/.local/lib/python3.12/site-packages/airflow/example_dags/example_skip_dag.py for tasks to queue
[2026-06-30T08:44:18.933+0000] {logging_mixin.py:188} INFO - [2026-06-30T08:44:18.933+0000] {dagbag.py:545} INFO - Filling up the DagBag from /home/airflow/.local/lib/python3.12/site-packages/airflow/example_dags/example_skip_dag.py
[2026-06-30T08:44:18.938+0000] {processor.py:840} INFO - DAG(s) 'example_skip_dag' retrieved from /home/airflow/.local/lib/python3.12/site-packages/airflow/example_dags/example_skip_dag.py
[2026-06-30T08:44:18.955+0000] {logging_mixin.py:188} INFO - [2026-06-30T08:44:18.955+0000] {dag.py:3096} INFO - Sync 1 DAGs
[2026-06-30T08:44:18.972+0000] {logging_mixin.py:188} INFO - [2026-06-30T08:44:18.972+0000] {dag.py:3954} INFO - Setting next_dagrun for example_skip_dag to 2026-06-29 00:00:00+00:00, run_after=2026-06-30 00:00:00+00:00
[2026-06-30T08:44:18.988+0000] {processor.py:183} INFO - Processing /home/airflow/.local/lib/python3.12/site-packages/airflow/example_dags/example_skip_dag.py took 0.061 seconds
[2026-06-30T08:44:49.356+0000] {processor.py:161} INFO - Started process (PID=24742) to work on /home/airflow/.local/lib/python3.12/site-packages/airflow/example_dags/example_skip_dag.py
[2026-06-30T08:44:49.357+0000] {processor.py:830} INFO - Processing file /home/airflow/.local/lib/python3.12/site-packages/airflow/example_dags/example_skip_dag.py for tasks to queue
[2026-06-30T08:44:49.359+0000] {logging_mixin.py:188} INFO - [2026-06-30T08:44:49.358+0000] {dagbag.py:545} INFO - Filling up the DagBag from /home/airflow/.local/lib/python3.12/site-packages/airflow/example_dags/example_skip_dag.py
[2026-06-30T08:44:49.368+0000] {processor.py:840} INFO - DAG(s) 'example_skip_dag' retrieved from /home/airflow/.local/lib/python3.12/site-packages/airflow/example_dags/example_skip_dag.py
[2026-06-30T08:44:49.390+0000] {logging_mixin.py:188} INFO - [2026-06-30T08:44:49.390+0000] {dag.py:3096} INFO - Sync 1 DAGs
[2026-06-30T08:44:49.412+0000] {logging_mixin.py:188} INFO - [2026-06-30T08:44:49.412+0000] {dag.py:3954} INFO - Setting next_dagrun for example_skip_dag to 2026-06-29 00:00:00+00:00, run_after=2026-06-30 00:00:00+00:00
[2026-06-30T08:44:49.431+0000] {processor.py:183} INFO - Processing /home/airflow/.local/lib/python3.12/site-packages/airflow/example_dags/example_skip_dag.py took 0.081 seconds
[2026-06-30T08:45:19.902+0000] {processor.py:161} INFO - Started process (PID=24800) to work on /home/airflow/.local/lib/python3.12/site-packages/airflow/example_dags/example_skip_dag.py
[2026-06-30T08:45:19.903+0000] {processor.py:830} INFO - Processing file /home/airflow/.local/lib/python3.12/site-packages/airflow/example_dags/example_skip_dag.py for tasks to queue
[2026-06-30T08:45:19.904+0000] {logging_mixin.py:188} INFO - [2026-06-30T08:45:19.904+0000] {dagbag.py:545} INFO - Filling up the DagBag from /home/airflow/.local/lib/python3.12/site-packages/airflow/example_dags/example_skip_dag.py
[2026-06-30T08:45:19.911+0000] {processor.py:840} INFO - DAG(s) 'example_skip_dag' retrieved from /home/airflow/.local/lib/python3.12/site-packages/airflow/example_dags/example_skip_dag.py
[2026-06-30T08:45:19.933+0000] {logging_mixin.py:188} INFO - [2026-06-30T08:45:19.932+0000] {dag.py:3096} INFO - Sync 1 DAGs
[2026-06-30T08:45:19.955+0000] {logging_mixin.py:188} INFO - [2026-06-30T08:45:19.954+0000] {dag.py:3954} INFO - Setting next_dagrun for example_skip_dag to 2026-06-29 00:00:00+00:00, run_after=2026-06-30 00:00:00+00:00
[2026-06-30T08:45:19.973+0000] {processor.py:183} INFO - Processing /home/airflow/.local/lib/python3.12/site-packages/airflow/example_dags/example_skip_dag.py took 0.078 seconds
[2026-06-30T08:45:50.583+0000] {processor.py:161} INFO - Started process (PID=24858) to work on /home/airflow/.local/lib/python3.12/site-packages/airflow/example_dags/example_skip_dag.py
[2026-06-30T08:45:50.585+0000] {processor.py:830} INFO - Processing file /home/airflow/.local/lib/python3.12/site-packages/airflow/example_dags/example_skip_dag.py for tasks to queue
[2026-06-30T08:45:50.586+0000] {logging_mixin.py:188} INFO - [2026-06-30T08:45:50.585+0000] {dagbag.py:545} INFO - Filling up the DagBag from /home/airflow/.local/lib/python3.12/site-packages/airflow/example_dags/example_skip_dag.py
[2026-06-30T08:45:50.593+0000] {processor.py:840} INFO - DAG(s) 'example_skip_dag' retrieved from /home/airflow/.local/lib/python3.12/site-packages/airflow/example_dags/example_skip_dag.py
[2026-06-30T08:45:50.614+0000] {logging_mixin.py:188} INFO - [2026-06-30T08:45:50.614+0000] {dag.py:3096} INFO - Sync 1 DAGs
[2026-06-30T08:45:50.636+0000] {logging_mixin.py:188} INFO - [2026-06-30T08:45:50.636+0000] {dag.py:3954} INFO - Setting next_dagrun for example_skip_dag to 2026-06-29 00:00:00+00:00, run_after=2026-06-30 00:00:00+00:00
[2026-06-30T08:45:50.654+0000] {processor.py:183} INFO - Processing /home/airflow/.local/lib/python3.12/site-packages/airflow/example_dags/example_skip_dag.py took 0.076 seconds
[2026-06-30T08:46:21.153+0000] {processor.py:161} INFO - Started process (PID=24916) to work on /home/airflow/.local/lib/python3.12/site-packages/airflow/example_dags/example_skip_dag.py
[2026-06-30T08:46:21.154+0000] {processor.py:830} INFO - Processing file /home/airflow/.local/lib/python3.12/site-packages/airflow/example_dags/example_skip_dag.py for tasks to queue
[2026-06-30T08:46:21.155+0000] {logging_mixin.py:188} INFO - [2026-06-30T08:46:21.155+0000] {dagbag.py:545} INFO - Filling up the DagBag from /home/airflow/.local/lib/python3.12/site-packages/airflow/example_dags/example_skip_dag.py
[2026-06-30T08:46:21.161+0000] {processor.py:840} INFO - DAG(s) 'example_skip_dag' retrieved from /home/airflow/.local/lib/python3.12/site-packages/airflow/example_dags/example_skip_dag.py
[2026-06-30T08:46:21.179+0000] {logging_mixin.py:188} INFO - [2026-06-30T08:46:21.179+0000] {dag.py:3096} INFO - Sync 1 DAGs
[2026-06-30T08:46:21.194+0000] {logging_mixin.py:188} INFO - [2026-06-30T08:46:21.194+0000] {dag.py:3954} INFO - Setting next_dagrun for example_skip_dag to 2026-06-29 00:00:00+00:00, run_after=2026-06-30 00:00:00+00:00
[2026-06-30T08:46:21.208+0000] {processor.py:183} INFO - Processing /home/airflow/.local/lib/python3.12/site-packages/airflow/example_dags/example_skip_dag.py took 0.061 seconds
[2026-06-30T08:46:51.769+0000] {processor.py:161} INFO - Started process (PID=24974) to work on /home/airflow/.local/lib/python3.12/site-packages/airflow/example_dags/example_skip_dag.py
[2026-06-30T08:46:51.770+0000] {processor.py:830} INFO - Processing file /home/airflow/.local/lib/python3.12/site-packages/airflow/example_dags/example_skip_dag.py for tasks to queue
[2026-06-30T08:46:51.771+0000] {logging_mixin.py:188} INFO - [2026-06-30T08:46:51.771+0000] {dagbag.py:545} INFO - Filling up the DagBag from /home/airflow/.local/lib/python3.12/site-packages/airflow/example_dags/example_skip_dag.py
[2026-06-30T08:46:51.776+0000] {processor.py:840} INFO - DAG(s) 'example_skip_dag' retrieved from /home/airflow/.local/lib/python3.12/site-packages/airflow/example_dags/example_skip_dag.py
[2026-06-30T08:46:51.791+0000] {logging_mixin.py:188} INFO - [2026-06-30T08:46:51.791+0000] {dag.py:3096} INFO - Sync 1 DAGs
[2026-06-30T08:46:51.806+0000] {logging_mixin.py:188} INFO - [2026-06-30T08:46:51.805+0000] {dag.py:3954} INFO - Setting next_dagrun for example_skip_dag to 2026-06-29 00:00:00+00:00, run_after=2026-06-30 00:00:00+00:00
[2026-06-30T08:46:51.819+0000] {processor.py:183} INFO - Processing /home/airflow/.local/lib/python3.12/site-packages/airflow/example_dags/example_skip_dag.py took 0.054 seconds
[2026-06-30T08:47:22.249+0000] {processor.py:161} INFO - Started process (PID=25032) to work on /home/airflow/.local/lib/python3.12/site-packages/airflow/example_dags/example_skip_dag.py
[2026-06-30T08:47:22.250+0000] {processor.py:830} INFO - Processing file /home/airflow/.local/lib/python3.12/site-packages/airflow/example_dags/example_skip_dag.py for tasks to queue
[2026-06-30T08:47:22.251+0000] {logging_mixin.py:188} INFO - [2026-06-30T08:47:22.251+0000] {dagbag.py:545} INFO - Filling up the DagBag from /home/airflow/.local/lib/python3.12/site-packages/airflow/example_dags/example_skip_dag.py
[2026-06-30T08:47:22.257+0000] {processor.py:840} INFO - DAG(s) 'example_skip_dag' retrieved from /home/airflow/.local/lib/python3.12/site-packages/airflow/example_dags/example_skip_dag.py
[2026-06-30T08:47:22.271+0000] {logging_mixin.py:188} INFO - [2026-06-30T08:47:22.271+0000] {dag.py:3096} INFO - Sync 1 DAGs
[2026-06-30T08:47:22.287+0000] {logging_mixin.py:188} INFO - [2026-06-30T08:47:22.286+0000] {dag.py:3954} INFO - Setting next_dagrun for example_skip_dag to 2026-06-29 00:00:00+00:00, run_after=2026-06-30 00:00:00+00:00
[2026-06-30T08:47:22.300+0000] {processor.py:183} INFO - Processing /home/airflow/.local/lib/python3.12/site-packages/airflow/example_dags/example_skip_dag.py took 0.055 seconds
[2026-06-30T08:47:52.774+0000] {processor.py:161} INFO - Started process (PID=25090) to work on /home/airflow/.local/lib/python3.12/site-packages/airflow/example_dags/example_skip_dag.py
[2026-06-30T08:47:52.776+0000] {processor.py:830} INFO - Processing file /home/airflow/.local/lib/python3.12/site-packages/airflow/example_dags/example_skip_dag.py for tasks to queue
[2026-06-30T08:47:52.777+0000] {logging_mixin.py:188} INFO - [2026-06-30T08:47:52.776+0000] {dagbag.py:545} INFO - Filling up the DagBag from /home/airflow/.local/lib/python3.12/site-packages/airflow/example_dags/example_skip_dag.py
[2026-06-30T08:47:52.782+0000] {processor.py:840} INFO - DAG(s) 'example_skip_dag' retrieved from /home/airflow/.local/lib/python3.12/site-packages/airflow/example_dags/example_skip_dag.py
[2026-06-30T08:47:52.798+0000] {logging_mixin.py:188} INFO - [2026-06-30T08:47:52.798+0000] {dag.py:3096} INFO - Sync 1 DAGs
[2026-06-30T08:47:52.812+0000] {logging_mixin.py:188} INFO - [2026-06-30T08:47:52.812+0000] {dag.py:3954} INFO - Setting next_dagrun for example_skip_dag to 2026-06-29 00:00:00+00:00, run_after=2026-06-30 00:00:00+00:00
[2026-06-30T08:47:52.825+0000] {processor.py:183} INFO - Processing /home/airflow/.local/lib/python3.12/site-packages/airflow/example_dags/example_skip_dag.py took 0.055 seconds
[2026-06-30T08:48:23.385+0000] {processor.py:161} INFO - Started process (PID=25148) to work on /home/airflow/.local/lib/python3.12/site-packages/airflow/example_dags/example_skip_dag.py
[2026-06-30T08:48:23.386+0000] {processor.py:830} INFO - Processing file /home/airflow/.local/lib/python3.12/site-packages/airflow/example_dags/example_skip_dag.py for tasks to queue
[2026-06-30T08:48:23.387+0000] {logging_mixin.py:188} INFO - [2026-06-30T08:48:23.387+0000] {dagbag.py:545} INFO - Filling up the DagBag from /home/airflow/.local/lib/python3.12/site-packages/airflow/example_dags/example_skip_dag.py
[2026-06-30T08:48:23.393+0000] {processor.py:840} INFO - DAG(s) 'example_skip_dag' retrieved from /home/airflow/.local/lib/python3.12/site-packages/airflow/example_dags/example_skip_dag.py
[2026-06-30T08:48:23.411+0000] {logging_mixin.py:188} INFO - [2026-06-30T08:48:23.410+0000] {dag.py:3096} INFO - Sync 1 DAGs
[2026-06-30T08:48:23.428+0000] {logging_mixin.py:188} INFO - [2026-06-30T08:48:23.428+0000] {dag.py:3954} INFO - Setting next_dagrun for example_skip_dag to 2026-06-29 00:00:00+00:00, run_after=2026-06-30 00:00:00+00:00
[2026-06-30T08:48:23.443+0000] {processor.py:183} INFO - Processing /home/airflow/.local/lib/python3.12/site-packages/airflow/example_dags/example_skip_dag.py took 0.063 seconds
[2026-06-30T08:48:53.930+0000] {processor.py:161} INFO - Started process (PID=25206) to work on /home/airflow/.local/lib/python3.12/site-packages/airflow/example_dags/example_skip_dag.py
[2026-06-30T08:48:53.931+0000] {processor.py:830} INFO - Processing file /home/airflow/.local/lib/python3.12/site-packages/airflow/example_dags/example_skip_dag.py for tasks to queue
[2026-06-30T08:48:53.932+0000] {logging_mixin.py:188} INFO - [2026-06-30T08:48:53.932+0000] {dagbag.py:545} INFO - Filling up the DagBag from /home/airflow/.local/lib/python3.12/site-packages/airflow/example_dags/example_skip_dag.py
[2026-06-30T08:48:53.938+0000] {processor.py:840} INFO - DAG(s) 'example_skip_dag' retrieved from /home/airflow/.local/lib/python3.12/site-packages/airflow/example_dags/example_skip_dag.py
[2026-06-30T08:48:53.954+0000] {logging_mixin.py:188} INFO - [2026-06-30T08:48:53.954+0000] {dag.py:3096} INFO - Sync 1 DAGs
[2026-06-30T08:48:53.974+0000] {logging_mixin.py:188} INFO - [2026-06-30T08:48:53.974+0000] {dag.py:3954} INFO - Setting next_dagrun for example_skip_dag to 2026-06-29 00:00:00+00:00, run_after=2026-06-30 00:00:00+00:00
[2026-06-30T08:48:53.987+0000] {processor.py:183} INFO - Processing /home/airflow/.local/lib/python3.12/site-packages/airflow/example_dags/example_skip_dag.py took 0.062 seconds
[2026-06-30T08:49:24.368+0000] {processor.py:161} INFO - Started process (PID=25264) to work on /home/airflow/.local/lib/python3.12/site-packages/airflow/example_dags/example_skip_dag.py
[2026-06-30T08:49:24.369+0000] {processor.py:830} INFO - Processing file /home/airflow/.local/lib/python3.12/site-packages/airflow/example_dags/example_skip_dag.py for tasks to queue
[2026-06-30T08:49:24.370+0000] {logging_mixin.py:188} INFO - [2026-06-30T08:49:24.369+0000] {dagbag.py:545} INFO - Filling up the DagBag from /home/airflow/.local/lib/python3.12/site-packages/airflow/example_dags/example_skip_dag.py
[2026-06-30T08:49:24.376+0000] {processor.py:840} INFO - DAG(s) 'example_skip_dag' retrieved from /home/airflow/.local/lib/python3.12/site-packages/airflow/example_dags/example_skip_dag.py
[2026-06-30T08:49:24.393+0000] {logging_mixin.py:188} INFO - [2026-06-30T08:49:24.393+0000] {dag.py:3096} INFO - Sync 1 DAGs
[2026-06-30T08:49:24.409+0000] {logging_mixin.py:188} INFO - [2026-06-30T08:49:24.408+0000] {dag.py:3954} INFO - Setting next_dagrun for example_skip_dag to 2026-06-29 00:00:00+00:00, run_after=2026-06-30 00:00:00+00:00
[2026-06-30T08:49:24.423+0000] {processor.py:183} INFO - Processing /home/airflow/.local/lib/python3.12/site-packages/airflow/example_dags/example_skip_dag.py took 0.061 seconds
[2026-06-30T08:49:55.099+0000] {processor.py:161} INFO - Started process (PID=25321) to work on /home/airflow/.local/lib/python3.12/site-packages/airflow/example_dags/example_skip_dag.py
[2026-06-30T08:49:55.099+0000] {processor.py:830} INFO - Processing file /home/airflow/.local/lib/python3.12/site-packages/airflow/example_dags/example_skip_dag.py for tasks to queue
[2026-06-30T08:49:55.100+0000] {logging_mixin.py:188} INFO - [2026-06-30T08:49:55.100+0000] {dagbag.py:545} INFO - Filling up the DagBag from /home/airflow/.local/lib/python3.12/site-packages/airflow/example_dags/example_skip_dag.py
[2026-06-30T08:49:55.105+0000] {processor.py:840} INFO - DAG(s) 'example_skip_dag' retrieved from /home/airflow/.local/lib/python3.12/site-packages/airflow/example_dags/example_skip_dag.py
[2026-06-30T08:49:55.120+0000] {logging_mixin.py:188} INFO - [2026-06-30T08:49:55.120+0000] {dag.py:3096} INFO - Sync 1 DAGs
[2026-06-30T08:49:55.140+0000] {logging_mixin.py:188} INFO - [2026-06-30T08:49:55.140+0000] {dag.py:3954} INFO - Setting next_dagrun for example_skip_dag to 2026-06-29 00:00:00+00:00, run_after=2026-06-30 00:00:00+00:00
[2026-06-30T08:49:55.152+0000] {processor.py:183} INFO - Processing /home/airflow/.local/lib/python3.12/site-packages/airflow/example_dags/example_skip_dag.py took 0.058 seconds
[2026-06-30T08:50:25.533+0000] {processor.py:161} INFO - Started process (PID=25379) to work on /home/airflow/.local/lib/python3.12/site-packages/airflow/example_dags/example_skip_dag.py
[2026-06-30T08:50:25.533+0000] {processor.py:830} INFO - Processing file /home/airflow/.local/lib/python3.12/site-packages/airflow/example_dags/example_skip_dag.py for tasks to queue
[2026-06-30T08:50:25.534+0000] {logging_mixin.py:188} INFO - [2026-06-30T08:50:25.534+0000] {dagbag.py:545} INFO - Filling up the DagBag from /home/airflow/.local/lib/python3.12/site-packages/airflow/example_dags/example_skip_dag.py
[2026-06-30T08:50:25.540+0000] {processor.py:840} INFO - DAG(s) 'example_skip_dag' retrieved from /home/airflow/.local/lib/python3.12/site-packages/airflow/example_dags/example_skip_dag.py
[2026-06-30T08:50:25.560+0000] {logging_mixin.py:188} INFO - [2026-06-30T08:50:25.560+0000] {dag.py:3096} INFO - Sync 1 DAGs
[2026-06-30T08:50:25.578+0000] {logging_mixin.py:188} INFO - [2026-06-30T08:50:25.578+0000] {dag.py:3954} INFO - Setting next_dagrun for example_skip_dag to 2026-06-29 00:00:00+00:00, run_after=2026-06-30 00:00:00+00:00
[2026-06-30T08:50:25.593+0000] {processor.py:183} INFO - Processing /home/airflow/.local/lib/python3.12/site-packages/airflow/example_dags/example_skip_dag.py took 0.065 seconds
[2026-06-30T08:50:55.946+0000] {processor.py:161} INFO - Started process (PID=25437) to work on /home/airflow/.local/lib/python3.12/site-packages/airflow/example_dags/example_skip_dag.py
[2026-06-30T08:50:55.947+0000] {processor.py:830} INFO - Processing file /home/airflow/.local/lib/python3.12/site-packages/airflow/example_dags/example_skip_dag.py for tasks to queue
[2026-06-30T08:50:55.948+0000] {logging_mixin.py:188} INFO - [2026-06-30T08:50:55.948+0000] {dagbag.py:545} INFO - Filling up the DagBag from /home/airflow/.local/lib/python3.12/site-packages/airflow/example_dags/example_skip_dag.py
[2026-06-30T08:50:55.954+0000] {processor.py:840} INFO - DAG(s) 'example_skip_dag' retrieved from /home/airflow/.local/lib/python3.12/site-packages/airflow/example_dags/example_skip_dag.py
[2026-06-30T08:50:55.969+0000] {logging_mixin.py:188} INFO - [2026-06-30T08:50:55.969+0000] {dag.py:3096} INFO - Sync 1 DAGs
[2026-06-30T08:50:55.984+0000] {logging_mixin.py:188} INFO - [2026-06-30T08:50:55.984+0000] {dag.py:3954} INFO - Setting next_dagrun for example_skip_dag to 2026-06-29 00:00:00+00:00, run_after=2026-06-30 00:00:00+00:00
[2026-06-30T08:50:55.996+0000] {processor.py:183} INFO - Processing /home/airflow/.local/lib/python3.12/site-packages/airflow/example_dags/example_skip_dag.py took 0.056 seconds
[2026-06-30T08:51:26.701+0000] {processor.py:161} INFO - Started process (PID=25495) to work on /home/airflow/.local/lib/python3.12/site-packages/airflow/example_dags/example_skip_dag.py
[2026-06-30T08:51:26.702+0000] {processor.py:830} INFO - Processing file /home/airflow/.local/lib/python3.12/site-packages/airflow/example_dags/example_skip_dag.py for tasks to queue
[2026-06-30T08:51:26.703+0000] {logging_mixin.py:188} INFO - [2026-06-30T08:51:26.703+0000] {dagbag.py:545} INFO - Filling up the DagBag from /home/airflow/.local/lib/python3.12/site-packages/airflow/example_dags/example_skip_dag.py
[2026-06-30T08:51:26.708+0000] {processor.py:840} INFO - DAG(s) 'example_skip_dag' retrieved from /home/airflow/.local/lib/python3.12/site-packages/airflow/example_dags/example_skip_dag.py
[2026-06-30T08:51:26.723+0000] {logging_mixin.py:188} INFO - [2026-06-30T08:51:26.723+0000] {dag.py:3096} INFO - Sync 1 DAGs
[2026-06-30T08:51:26.738+0000] {logging_mixin.py:188} INFO - [2026-06-30T08:51:26.738+0000] {dag.py:3954} INFO - Setting next_dagrun for example_skip_dag to 2026-06-29 00:00:00+00:00, run_after=2026-06-30 00:00:00+00:00
[2026-06-30T08:51:26.753+0000] {processor.py:183} INFO - Processing /home/airflow/.local/lib/python3.12/site-packages/airflow/example_dags/example_skip_dag.py took 0.056 seconds
[2026-06-30T08:51:57.647+0000] {processor.py:161} INFO - Started process (PID=25552) to work on /home/airflow/.local/lib/python3.12/site-packages/airflow/example_dags/example_skip_dag.py
[2026-06-30T08:51:57.648+0000] {processor.py:830} INFO - Processing file /home/airflow/.local/lib/python3.12/site-packages/airflow/example_dags/example_skip_dag.py for tasks to queue
[2026-06-30T08:51:57.649+0000] {logging_mixin.py:188} INFO - [2026-06-30T08:51:57.649+0000] {dagbag.py:545} INFO - Filling up the DagBag from /home/airflow/.local/lib/python3.12/site-packages/airflow/example_dags/example_skip_dag.py
[2026-06-30T08:51:57.654+0000] {processor.py:840} INFO - DAG(s) 'example_skip_dag' retrieved from /home/airflow/.local/lib/python3.12/site-packages/airflow/example_dags/example_skip_dag.py
[2026-06-30T08:51:57.671+0000] {logging_mixin.py:188} INFO - [2026-06-30T08:51:57.671+0000] {dag.py:3096} INFO - Sync 1 DAGs
[2026-06-30T08:51:57.690+0000] {logging_mixin.py:188} INFO - [2026-06-30T08:51:57.690+0000] {dag.py:3954} INFO - Setting next_dagrun for example_skip_dag to 2026-06-29 00:00:00+00:00, run_after=2026-06-30 00:00:00+00:00
[2026-06-30T08:51:57.707+0000] {processor.py:183} INFO - Processing /home/airflow/.local/lib/python3.12/site-packages/airflow/example_dags/example_skip_dag.py took 0.065 seconds
[2026-06-30T08:52:28.774+0000] {processor.py:161} INFO - Started process (PID=25610) to work on /home/airflow/.local/lib/python3.12/site-packages/airflow/example_dags/example_skip_dag.py
[2026-06-30T08:52:28.775+0000] {processor.py:830} INFO - Processing file /home/airflow/.local/lib/python3.12/site-packages/airflow/example_dags/example_skip_dag.py for tasks to queue
[2026-06-30T08:52:28.776+0000] {logging_mixin.py:188} INFO - [2026-06-30T08:52:28.776+0000] {dagbag.py:545} INFO - Filling up the DagBag from /home/airflow/.local/lib/python3.12/site-packages/airflow/example_dags/example_skip_dag.py
[2026-06-30T08:52:28.782+0000] {processor.py:840} INFO - DAG(s) 'example_skip_dag' retrieved from /home/airflow/.local/lib/python3.12/site-packages/airflow/example_dags/example_skip_dag.py
[2026-06-30T08:52:28.797+0000] {logging_mixin.py:188} INFO - [2026-06-30T08:52:28.797+0000] {dag.py:3096} INFO - Sync 1 DAGs
[2026-06-30T08:52:28.811+0000] {logging_mixin.py:188} INFO - [2026-06-30T08:52:28.810+0000] {dag.py:3954} INFO - Setting next_dagrun for example_skip_dag to 2026-06-29 00:00:00+00:00, run_after=2026-06-30 00:00:00+00:00
[2026-06-30T08:52:28.921+0000] {processor.py:183} INFO - Processing /home/airflow/.local/lib/python3.12/site-packages/airflow/example_dags/example_skip_dag.py took 0.150 seconds
[2026-06-30T08:52:59.863+0000] {processor.py:161} INFO - Started process (PID=25668) to work on /home/airflow/.local/lib/python3.12/site-packages/airflow/example_dags/example_skip_dag.py
[2026-06-30T08:52:59.864+0000] {processor.py:830} INFO - Processing file /home/airflow/.local/lib/python3.12/site-packages/airflow/example_dags/example_skip_dag.py for tasks to queue
[2026-06-30T08:52:59.865+0000] {logging_mixin.py:188} INFO - [2026-06-30T08:52:59.864+0000] {dagbag.py:545} INFO - Filling up the DagBag from /home/airflow/.local/lib/python3.12/site-packages/airflow/example_dags/example_skip_dag.py
[2026-06-30T08:52:59.869+0000] {processor.py:840} INFO - DAG(s) 'example_skip_dag' retrieved from /home/airflow/.local/lib/python3.12/site-packages/airflow/example_dags/example_skip_dag.py
[2026-06-30T08:52:59.884+0000] {logging_mixin.py:188} INFO - [2026-06-30T08:52:59.884+0000] {dag.py:3096} INFO - Sync 1 DAGs
[2026-06-30T08:52:59.901+0000] {logging_mixin.py:188} INFO - [2026-06-30T08:52:59.901+0000] {dag.py:3954} INFO - Setting next_dagrun for example_skip_dag to 2026-06-29 00:00:00+00:00, run_after=2026-06-30 00:00:00+00:00
[2026-06-30T08:52:59.918+0000] {processor.py:183} INFO - Processing /home/airflow/.local/lib/python3.12/site-packages/airflow/example_dags/example_skip_dag.py took 0.059 seconds
