[2026-06-30T08:05:48.650+0000] {processor.py:161} INFO - Started process (PID=21761) to work on /home/airflow/.local/lib/python3.12/site-packages/airflow/example_dags/example_nested_branch_dag.py
[2026-06-30T08:05:48.652+0000] {processor.py:830} INFO - Processing file /home/airflow/.local/lib/python3.12/site-packages/airflow/example_dags/example_nested_branch_dag.py for tasks to queue
[2026-06-30T08:05:48.656+0000] {logging_mixin.py:188} INFO - [2026-06-30T08:05:48.656+0000] {dagbag.py:545} INFO - Filling up the DagBag from /home/airflow/.local/lib/python3.12/site-packages/airflow/example_dags/example_nested_branch_dag.py
[2026-06-30T08:18:51.499+0000] {processor.py:840} INFO - DAG(s) 'example_nested_branch_dag' retrieved from /home/airflow/.local/lib/python3.12/site-packages/airflow/example_dags/example_nested_branch_dag.py
[2026-06-30T08:18:51.533+0000] {logging_mixin.py:188} INFO - [2026-06-30T08:18:51.532+0000] {dag.py:3096} INFO - Sync 1 DAGs
[2026-06-30T08:18:51.560+0000] {logging_mixin.py:188} INFO - [2026-06-30T08:18:51.560+0000] {dag.py:3954} INFO - Setting next_dagrun for example_nested_branch_dag to 2026-06-29 00:00:00+00:00, run_after=2026-06-30 00:00:00+00:00
[2026-06-30T08:18:51.581+0000] {processor.py:183} INFO - Processing /home/airflow/.local/lib/python3.12/site-packages/airflow/example_dags/example_nested_branch_dag.py took 0.104 seconds
[2026-06-30T08:19:21.617+0000] {processor.py:161} INFO - Started process (PID=21819) to work on /home/airflow/.local/lib/python3.12/site-packages/airflow/example_dags/example_nested_branch_dag.py
[2026-06-30T08:19:21.618+0000] {processor.py:830} INFO - Processing file /home/airflow/.local/lib/python3.12/site-packages/airflow/example_dags/example_nested_branch_dag.py for tasks to queue
[2026-06-30T08:19:21.619+0000] {logging_mixin.py:188} INFO - [2026-06-30T08:19:21.618+0000] {dagbag.py:545} INFO - Filling up the DagBag from /home/airflow/.local/lib/python3.12/site-packages/airflow/example_dags/example_nested_branch_dag.py
[2026-06-30T08:19:21.626+0000] {processor.py:840} INFO - DAG(s) 'example_nested_branch_dag' retrieved from /home/airflow/.local/lib/python3.12/site-packages/airflow/example_dags/example_nested_branch_dag.py
[2026-06-30T08:19:21.640+0000] {logging_mixin.py:188} INFO - [2026-06-30T08:19:21.640+0000] {dag.py:3096} INFO - Sync 1 DAGs
[2026-06-30T08:19:21.657+0000] {logging_mixin.py:188} INFO - [2026-06-30T08:19:21.657+0000] {dag.py:3954} INFO - Setting next_dagrun for example_nested_branch_dag to 2026-06-29 00:00:00+00:00, run_after=2026-06-30 00:00:00+00:00
[2026-06-30T08:19:21.669+0000] {processor.py:183} INFO - Processing /home/airflow/.local/lib/python3.12/site-packages/airflow/example_dags/example_nested_branch_dag.py took 0.056 seconds
[2026-06-30T08:19:52.075+0000] {processor.py:161} INFO - Started process (PID=21877) to work on /home/airflow/.local/lib/python3.12/site-packages/airflow/example_dags/example_nested_branch_dag.py
[2026-06-30T08:19:52.075+0000] {processor.py:830} INFO - Processing file /home/airflow/.local/lib/python3.12/site-packages/airflow/example_dags/example_nested_branch_dag.py for tasks to queue
[2026-06-30T08:19:52.076+0000] {logging_mixin.py:188} INFO - [2026-06-30T08:19:52.076+0000] {dagbag.py:545} INFO - Filling up the DagBag from /home/airflow/.local/lib/python3.12/site-packages/airflow/example_dags/example_nested_branch_dag.py
[2026-06-30T08:19:52.083+0000] {processor.py:840} INFO - DAG(s) 'example_nested_branch_dag' retrieved from /home/airflow/.local/lib/python3.12/site-packages/airflow/example_dags/example_nested_branch_dag.py
[2026-06-30T08:19:52.096+0000] {logging_mixin.py:188} INFO - [2026-06-30T08:19:52.096+0000] {dag.py:3096} INFO - Sync 1 DAGs
[2026-06-30T08:19:52.111+0000] {logging_mixin.py:188} INFO - [2026-06-30T08:19:52.111+0000] {dag.py:3954} INFO - Setting next_dagrun for example_nested_branch_dag to 2026-06-29 00:00:00+00:00, run_after=2026-06-30 00:00:00+00:00
[2026-06-30T08:19:52.122+0000] {processor.py:183} INFO - Processing /home/airflow/.local/lib/python3.12/site-packages/airflow/example_dags/example_nested_branch_dag.py took 0.051 seconds
[2026-06-30T08:20:22.321+0000] {processor.py:161} INFO - Started process (PID=21935) to work on /home/airflow/.local/lib/python3.12/site-packages/airflow/example_dags/example_nested_branch_dag.py
[2026-06-30T08:20:22.322+0000] {processor.py:830} INFO - Processing file /home/airflow/.local/lib/python3.12/site-packages/airflow/example_dags/example_nested_branch_dag.py for tasks to queue
[2026-06-30T08:20:22.323+0000] {logging_mixin.py:188} INFO - [2026-06-30T08:20:22.322+0000] {dagbag.py:545} INFO - Filling up the DagBag from /home/airflow/.local/lib/python3.12/site-packages/airflow/example_dags/example_nested_branch_dag.py
[2026-06-30T08:20:22.329+0000] {processor.py:840} INFO - DAG(s) 'example_nested_branch_dag' retrieved from /home/airflow/.local/lib/python3.12/site-packages/airflow/example_dags/example_nested_branch_dag.py
[2026-06-30T08:20:22.343+0000] {logging_mixin.py:188} INFO - [2026-06-30T08:20:22.343+0000] {dag.py:3096} INFO - Sync 1 DAGs
[2026-06-30T08:20:22.357+0000] {logging_mixin.py:188} INFO - [2026-06-30T08:20:22.357+0000] {dag.py:3954} INFO - Setting next_dagrun for example_nested_branch_dag to 2026-06-29 00:00:00+00:00, run_after=2026-06-30 00:00:00+00:00
[2026-06-30T08:20:22.369+0000] {processor.py:183} INFO - Processing /home/airflow/.local/lib/python3.12/site-packages/airflow/example_dags/example_nested_branch_dag.py took 0.052 seconds
[2026-06-30T08:20:52.535+0000] {processor.py:161} INFO - Started process (PID=21993) to work on /home/airflow/.local/lib/python3.12/site-packages/airflow/example_dags/example_nested_branch_dag.py
[2026-06-30T08:20:52.536+0000] {processor.py:830} INFO - Processing file /home/airflow/.local/lib/python3.12/site-packages/airflow/example_dags/example_nested_branch_dag.py for tasks to queue
[2026-06-30T08:20:52.537+0000] {logging_mixin.py:188} INFO - [2026-06-30T08:20:52.537+0000] {dagbag.py:545} INFO - Filling up the DagBag from /home/airflow/.local/lib/python3.12/site-packages/airflow/example_dags/example_nested_branch_dag.py
[2026-06-30T08:20:52.544+0000] {processor.py:840} INFO - DAG(s) 'example_nested_branch_dag' retrieved from /home/airflow/.local/lib/python3.12/site-packages/airflow/example_dags/example_nested_branch_dag.py
[2026-06-30T08:20:52.558+0000] {logging_mixin.py:188} INFO - [2026-06-30T08:20:52.558+0000] {dag.py:3096} INFO - Sync 1 DAGs
[2026-06-30T08:20:52.572+0000] {logging_mixin.py:188} INFO - [2026-06-30T08:20:52.572+0000] {dag.py:3954} INFO - Setting next_dagrun for example_nested_branch_dag to 2026-06-29 00:00:00+00:00, run_after=2026-06-30 00:00:00+00:00
[2026-06-30T08:20:52.584+0000] {processor.py:183} INFO - Processing /home/airflow/.local/lib/python3.12/site-packages/airflow/example_dags/example_nested_branch_dag.py took 0.053 seconds
[2026-06-30T08:21:22.992+0000] {processor.py:161} INFO - Started process (PID=22051) to work on /home/airflow/.local/lib/python3.12/site-packages/airflow/example_dags/example_nested_branch_dag.py
[2026-06-30T08:21:22.993+0000] {processor.py:830} INFO - Processing file /home/airflow/.local/lib/python3.12/site-packages/airflow/example_dags/example_nested_branch_dag.py for tasks to queue
[2026-06-30T08:21:22.994+0000] {logging_mixin.py:188} INFO - [2026-06-30T08:21:22.994+0000] {dagbag.py:545} INFO - Filling up the DagBag from /home/airflow/.local/lib/python3.12/site-packages/airflow/example_dags/example_nested_branch_dag.py
[2026-06-30T08:21:23.001+0000] {processor.py:840} INFO - DAG(s) 'example_nested_branch_dag' retrieved from /home/airflow/.local/lib/python3.12/site-packages/airflow/example_dags/example_nested_branch_dag.py
[2026-06-30T08:21:23.014+0000] {logging_mixin.py:188} INFO - [2026-06-30T08:21:23.013+0000] {dag.py:3096} INFO - Sync 1 DAGs
[2026-06-30T08:21:23.027+0000] {logging_mixin.py:188} INFO - [2026-06-30T08:21:23.027+0000] {dag.py:3954} INFO - Setting next_dagrun for example_nested_branch_dag to 2026-06-29 00:00:00+00:00, run_after=2026-06-30 00:00:00+00:00
[2026-06-30T08:21:23.039+0000] {processor.py:183} INFO - Processing /home/airflow/.local/lib/python3.12/site-packages/airflow/example_dags/example_nested_branch_dag.py took 0.050 seconds
[2026-06-30T08:21:53.371+0000] {processor.py:161} INFO - Started process (PID=22109) to work on /home/airflow/.local/lib/python3.12/site-packages/airflow/example_dags/example_nested_branch_dag.py
[2026-06-30T08:21:53.372+0000] {processor.py:830} INFO - Processing file /home/airflow/.local/lib/python3.12/site-packages/airflow/example_dags/example_nested_branch_dag.py for tasks to queue
[2026-06-30T08:21:53.372+0000] {logging_mixin.py:188} INFO - [2026-06-30T08:21:53.372+0000] {dagbag.py:545} INFO - Filling up the DagBag from /home/airflow/.local/lib/python3.12/site-packages/airflow/example_dags/example_nested_branch_dag.py
[2026-06-30T08:21:53.379+0000] {processor.py:840} INFO - DAG(s) 'example_nested_branch_dag' retrieved from /home/airflow/.local/lib/python3.12/site-packages/airflow/example_dags/example_nested_branch_dag.py
[2026-06-30T08:21:53.394+0000] {logging_mixin.py:188} INFO - [2026-06-30T08:21:53.394+0000] {dag.py:3096} INFO - Sync 1 DAGs
[2026-06-30T08:21:53.408+0000] {logging_mixin.py:188} INFO - [2026-06-30T08:21:53.408+0000] {dag.py:3954} INFO - Setting next_dagrun for example_nested_branch_dag to 2026-06-29 00:00:00+00:00, run_after=2026-06-30 00:00:00+00:00
[2026-06-30T08:21:53.420+0000] {processor.py:183} INFO - Processing /home/airflow/.local/lib/python3.12/site-packages/airflow/example_dags/example_nested_branch_dag.py took 0.053 seconds
[2026-06-30T08:22:23.608+0000] {processor.py:161} INFO - Started process (PID=22167) to work on /home/airflow/.local/lib/python3.12/site-packages/airflow/example_dags/example_nested_branch_dag.py
[2026-06-30T08:22:23.609+0000] {processor.py:830} INFO - Processing file /home/airflow/.local/lib/python3.12/site-packages/airflow/example_dags/example_nested_branch_dag.py for tasks to queue
[2026-06-30T08:22:23.609+0000] {logging_mixin.py:188} INFO - [2026-06-30T08:22:23.609+0000] {dagbag.py:545} INFO - Filling up the DagBag from /home/airflow/.local/lib/python3.12/site-packages/airflow/example_dags/example_nested_branch_dag.py
[2026-06-30T08:22:23.616+0000] {processor.py:840} INFO - DAG(s) 'example_nested_branch_dag' retrieved from /home/airflow/.local/lib/python3.12/site-packages/airflow/example_dags/example_nested_branch_dag.py
[2026-06-30T08:22:23.630+0000] {logging_mixin.py:188} INFO - [2026-06-30T08:22:23.630+0000] {dag.py:3096} INFO - Sync 1 DAGs
[2026-06-30T08:22:23.645+0000] {logging_mixin.py:188} INFO - [2026-06-30T08:22:23.645+0000] {dag.py:3954} INFO - Setting next_dagrun for example_nested_branch_dag to 2026-06-29 00:00:00+00:00, run_after=2026-06-30 00:00:00+00:00
[2026-06-30T08:22:23.658+0000] {processor.py:183} INFO - Processing /home/airflow/.local/lib/python3.12/site-packages/airflow/example_dags/example_nested_branch_dag.py took 0.055 seconds
[2026-06-30T08:22:54.254+0000] {processor.py:161} INFO - Started process (PID=22225) to work on /home/airflow/.local/lib/python3.12/site-packages/airflow/example_dags/example_nested_branch_dag.py
[2026-06-30T08:22:54.254+0000] {processor.py:830} INFO - Processing file /home/airflow/.local/lib/python3.12/site-packages/airflow/example_dags/example_nested_branch_dag.py for tasks to queue
[2026-06-30T08:22:54.255+0000] {logging_mixin.py:188} INFO - [2026-06-30T08:22:54.255+0000] {dagbag.py:545} INFO - Filling up the DagBag from /home/airflow/.local/lib/python3.12/site-packages/airflow/example_dags/example_nested_branch_dag.py
[2026-06-30T08:22:54.262+0000] {processor.py:840} INFO - DAG(s) 'example_nested_branch_dag' retrieved from /home/airflow/.local/lib/python3.12/site-packages/airflow/example_dags/example_nested_branch_dag.py
[2026-06-30T08:22:54.275+0000] {logging_mixin.py:188} INFO - [2026-06-30T08:22:54.275+0000] {dag.py:3096} INFO - Sync 1 DAGs
[2026-06-30T08:22:54.289+0000] {logging_mixin.py:188} INFO - [2026-06-30T08:22:54.289+0000] {dag.py:3954} INFO - Setting next_dagrun for example_nested_branch_dag to 2026-06-29 00:00:00+00:00, run_after=2026-06-30 00:00:00+00:00
[2026-06-30T08:22:54.301+0000] {processor.py:183} INFO - Processing /home/airflow/.local/lib/python3.12/site-packages/airflow/example_dags/example_nested_branch_dag.py took 0.051 seconds
[2026-06-30T08:23:24.629+0000] {processor.py:161} INFO - Started process (PID=22283) to work on /home/airflow/.local/lib/python3.12/site-packages/airflow/example_dags/example_nested_branch_dag.py
[2026-06-30T08:23:24.630+0000] {processor.py:830} INFO - Processing file /home/airflow/.local/lib/python3.12/site-packages/airflow/example_dags/example_nested_branch_dag.py for tasks to queue
[2026-06-30T08:23:24.631+0000] {logging_mixin.py:188} INFO - [2026-06-30T08:23:24.630+0000] {dagbag.py:545} INFO - Filling up the DagBag from /home/airflow/.local/lib/python3.12/site-packages/airflow/example_dags/example_nested_branch_dag.py
[2026-06-30T08:23:24.638+0000] {processor.py:840} INFO - DAG(s) 'example_nested_branch_dag' retrieved from /home/airflow/.local/lib/python3.12/site-packages/airflow/example_dags/example_nested_branch_dag.py
[2026-06-30T08:23:24.651+0000] {logging_mixin.py:188} INFO - [2026-06-30T08:23:24.651+0000] {dag.py:3096} INFO - Sync 1 DAGs
[2026-06-30T08:23:24.666+0000] {logging_mixin.py:188} INFO - [2026-06-30T08:23:24.665+0000] {dag.py:3954} INFO - Setting next_dagrun for example_nested_branch_dag to 2026-06-29 00:00:00+00:00, run_after=2026-06-30 00:00:00+00:00
[2026-06-30T08:23:24.677+0000] {processor.py:183} INFO - Processing /home/airflow/.local/lib/python3.12/site-packages/airflow/example_dags/example_nested_branch_dag.py took 0.052 seconds
[2026-06-30T08:23:55.037+0000] {processor.py:161} INFO - Started process (PID=22341) to work on /home/airflow/.local/lib/python3.12/site-packages/airflow/example_dags/example_nested_branch_dag.py
[2026-06-30T08:23:55.038+0000] {processor.py:830} INFO - Processing file /home/airflow/.local/lib/python3.12/site-packages/airflow/example_dags/example_nested_branch_dag.py for tasks to queue
[2026-06-30T08:23:55.039+0000] {logging_mixin.py:188} INFO - [2026-06-30T08:23:55.038+0000] {dagbag.py:545} INFO - Filling up the DagBag from /home/airflow/.local/lib/python3.12/site-packages/airflow/example_dags/example_nested_branch_dag.py
[2026-06-30T08:23:55.046+0000] {processor.py:840} INFO - DAG(s) 'example_nested_branch_dag' retrieved from /home/airflow/.local/lib/python3.12/site-packages/airflow/example_dags/example_nested_branch_dag.py
[2026-06-30T08:23:55.059+0000] {logging_mixin.py:188} INFO - [2026-06-30T08:23:55.059+0000] {dag.py:3096} INFO - Sync 1 DAGs
[2026-06-30T08:23:55.073+0000] {logging_mixin.py:188} INFO - [2026-06-30T08:23:55.073+0000] {dag.py:3954} INFO - Setting next_dagrun for example_nested_branch_dag to 2026-06-29 00:00:00+00:00, run_after=2026-06-30 00:00:00+00:00
[2026-06-30T08:23:55.085+0000] {processor.py:183} INFO - Processing /home/airflow/.local/lib/python3.12/site-packages/airflow/example_dags/example_nested_branch_dag.py took 0.052 seconds
[2026-06-30T08:24:25.518+0000] {processor.py:161} INFO - Started process (PID=22399) to work on /home/airflow/.local/lib/python3.12/site-packages/airflow/example_dags/example_nested_branch_dag.py
[2026-06-30T08:24:25.519+0000] {processor.py:830} INFO - Processing file /home/airflow/.local/lib/python3.12/site-packages/airflow/example_dags/example_nested_branch_dag.py for tasks to queue
[2026-06-30T08:24:25.519+0000] {logging_mixin.py:188} INFO - [2026-06-30T08:24:25.519+0000] {dagbag.py:545} INFO - Filling up the DagBag from /home/airflow/.local/lib/python3.12/site-packages/airflow/example_dags/example_nested_branch_dag.py
[2026-06-30T08:24:25.527+0000] {processor.py:840} INFO - DAG(s) 'example_nested_branch_dag' retrieved from /home/airflow/.local/lib/python3.12/site-packages/airflow/example_dags/example_nested_branch_dag.py
[2026-06-30T08:24:25.542+0000] {logging_mixin.py:188} INFO - [2026-06-30T08:24:25.542+0000] {dag.py:3096} INFO - Sync 1 DAGs
[2026-06-30T08:24:25.558+0000] {logging_mixin.py:188} INFO - [2026-06-30T08:24:25.558+0000] {dag.py:3954} INFO - Setting next_dagrun for example_nested_branch_dag to 2026-06-29 00:00:00+00:00, run_after=2026-06-30 00:00:00+00:00
[2026-06-30T08:24:25.570+0000] {processor.py:183} INFO - Processing /home/airflow/.local/lib/python3.12/site-packages/airflow/example_dags/example_nested_branch_dag.py took 0.056 seconds
[2026-06-30T08:24:56.264+0000] {processor.py:161} INFO - Started process (PID=22458) to work on /home/airflow/.local/lib/python3.12/site-packages/airflow/example_dags/example_nested_branch_dag.py
[2026-06-30T08:24:56.265+0000] {processor.py:830} INFO - Processing file /home/airflow/.local/lib/python3.12/site-packages/airflow/example_dags/example_nested_branch_dag.py for tasks to queue
[2026-06-30T08:24:56.266+0000] {logging_mixin.py:188} INFO - [2026-06-30T08:24:56.266+0000] {dagbag.py:545} INFO - Filling up the DagBag from /home/airflow/.local/lib/python3.12/site-packages/airflow/example_dags/example_nested_branch_dag.py
[2026-06-30T08:24:56.273+0000] {processor.py:840} INFO - DAG(s) 'example_nested_branch_dag' retrieved from /home/airflow/.local/lib/python3.12/site-packages/airflow/example_dags/example_nested_branch_dag.py
[2026-06-30T08:24:56.292+0000] {logging_mixin.py:188} INFO - [2026-06-30T08:24:56.291+0000] {dag.py:3096} INFO - Sync 1 DAGs
[2026-06-30T08:24:56.308+0000] {logging_mixin.py:188} INFO - [2026-06-30T08:24:56.307+0000] {dag.py:3954} INFO - Setting next_dagrun for example_nested_branch_dag to 2026-06-29 00:00:00+00:00, run_after=2026-06-30 00:00:00+00:00
[2026-06-30T08:24:56.321+0000] {processor.py:183} INFO - Processing /home/airflow/.local/lib/python3.12/site-packages/airflow/example_dags/example_nested_branch_dag.py took 0.061 seconds
[2026-06-30T08:25:26.814+0000] {processor.py:161} INFO - Started process (PID=22516) to work on /home/airflow/.local/lib/python3.12/site-packages/airflow/example_dags/example_nested_branch_dag.py
[2026-06-30T08:25:26.815+0000] {processor.py:830} INFO - Processing file /home/airflow/.local/lib/python3.12/site-packages/airflow/example_dags/example_nested_branch_dag.py for tasks to queue
[2026-06-30T08:25:26.815+0000] {logging_mixin.py:188} INFO - [2026-06-30T08:25:26.815+0000] {dagbag.py:545} INFO - Filling up the DagBag from /home/airflow/.local/lib/python3.12/site-packages/airflow/example_dags/example_nested_branch_dag.py
[2026-06-30T08:25:26.822+0000] {processor.py:840} INFO - DAG(s) 'example_nested_branch_dag' retrieved from /home/airflow/.local/lib/python3.12/site-packages/airflow/example_dags/example_nested_branch_dag.py
[2026-06-30T08:25:26.836+0000] {logging_mixin.py:188} INFO - [2026-06-30T08:25:26.836+0000] {dag.py:3096} INFO - Sync 1 DAGs
[2026-06-30T08:25:26.855+0000] {logging_mixin.py:188} INFO - [2026-06-30T08:25:26.855+0000] {dag.py:3954} INFO - Setting next_dagrun for example_nested_branch_dag to 2026-06-29 00:00:00+00:00, run_after=2026-06-30 00:00:00+00:00
[2026-06-30T08:25:26.875+0000] {processor.py:183} INFO - Processing /home/airflow/.local/lib/python3.12/site-packages/airflow/example_dags/example_nested_branch_dag.py took 0.065 seconds
[2026-06-30T08:25:57.062+0000] {processor.py:161} INFO - Started process (PID=22574) to work on /home/airflow/.local/lib/python3.12/site-packages/airflow/example_dags/example_nested_branch_dag.py
[2026-06-30T08:25:57.064+0000] {processor.py:830} INFO - Processing file /home/airflow/.local/lib/python3.12/site-packages/airflow/example_dags/example_nested_branch_dag.py for tasks to queue
[2026-06-30T08:25:57.065+0000] {logging_mixin.py:188} INFO - [2026-06-30T08:25:57.065+0000] {dagbag.py:545} INFO - Filling up the DagBag from /home/airflow/.local/lib/python3.12/site-packages/airflow/example_dags/example_nested_branch_dag.py
[2026-06-30T08:25:57.075+0000] {processor.py:840} INFO - DAG(s) 'example_nested_branch_dag' retrieved from /home/airflow/.local/lib/python3.12/site-packages/airflow/example_dags/example_nested_branch_dag.py
[2026-06-30T08:25:57.094+0000] {logging_mixin.py:188} INFO - [2026-06-30T08:25:57.093+0000] {dag.py:3096} INFO - Sync 1 DAGs
[2026-06-30T08:25:57.114+0000] {logging_mixin.py:188} INFO - [2026-06-30T08:25:57.114+0000] {dag.py:3954} INFO - Setting next_dagrun for example_nested_branch_dag to 2026-06-29 00:00:00+00:00, run_after=2026-06-30 00:00:00+00:00
[2026-06-30T08:25:57.129+0000] {processor.py:183} INFO - Processing /home/airflow/.local/lib/python3.12/site-packages/airflow/example_dags/example_nested_branch_dag.py took 0.073 seconds
[2026-06-30T08:26:27.931+0000] {processor.py:161} INFO - Started process (PID=22632) to work on /home/airflow/.local/lib/python3.12/site-packages/airflow/example_dags/example_nested_branch_dag.py
[2026-06-30T08:26:27.932+0000] {processor.py:830} INFO - Processing file /home/airflow/.local/lib/python3.12/site-packages/airflow/example_dags/example_nested_branch_dag.py for tasks to queue
[2026-06-30T08:26:27.933+0000] {logging_mixin.py:188} INFO - [2026-06-30T08:26:27.933+0000] {dagbag.py:545} INFO - Filling up the DagBag from /home/airflow/.local/lib/python3.12/site-packages/airflow/example_dags/example_nested_branch_dag.py
[2026-06-30T08:26:27.942+0000] {processor.py:840} INFO - DAG(s) 'example_nested_branch_dag' retrieved from /home/airflow/.local/lib/python3.12/site-packages/airflow/example_dags/example_nested_branch_dag.py
[2026-06-30T08:26:27.958+0000] {logging_mixin.py:188} INFO - [2026-06-30T08:26:27.958+0000] {dag.py:3096} INFO - Sync 1 DAGs
[2026-06-30T08:26:27.975+0000] {logging_mixin.py:188} INFO - [2026-06-30T08:26:27.975+0000] {dag.py:3954} INFO - Setting next_dagrun for example_nested_branch_dag to 2026-06-29 00:00:00+00:00, run_after=2026-06-30 00:00:00+00:00
[2026-06-30T08:26:27.989+0000] {processor.py:183} INFO - Processing /home/airflow/.local/lib/python3.12/site-packages/airflow/example_dags/example_nested_branch_dag.py took 0.062 seconds
[2026-06-30T08:26:58.827+0000] {processor.py:161} INFO - Started process (PID=22690) to work on /home/airflow/.local/lib/python3.12/site-packages/airflow/example_dags/example_nested_branch_dag.py
[2026-06-30T08:26:58.828+0000] {processor.py:830} INFO - Processing file /home/airflow/.local/lib/python3.12/site-packages/airflow/example_dags/example_nested_branch_dag.py for tasks to queue
[2026-06-30T08:26:58.829+0000] {logging_mixin.py:188} INFO - [2026-06-30T08:26:58.829+0000] {dagbag.py:545} INFO - Filling up the DagBag from /home/airflow/.local/lib/python3.12/site-packages/airflow/example_dags/example_nested_branch_dag.py
[2026-06-30T08:26:58.837+0000] {processor.py:840} INFO - DAG(s) 'example_nested_branch_dag' retrieved from /home/airflow/.local/lib/python3.12/site-packages/airflow/example_dags/example_nested_branch_dag.py
[2026-06-30T08:26:58.852+0000] {logging_mixin.py:188} INFO - [2026-06-30T08:26:58.852+0000] {dag.py:3096} INFO - Sync 1 DAGs
[2026-06-30T08:26:58.867+0000] {logging_mixin.py:188} INFO - [2026-06-30T08:26:58.867+0000] {dag.py:3954} INFO - Setting next_dagrun for example_nested_branch_dag to 2026-06-29 00:00:00+00:00, run_after=2026-06-30 00:00:00+00:00
[2026-06-30T08:26:58.880+0000] {processor.py:183} INFO - Processing /home/airflow/.local/lib/python3.12/site-packages/airflow/example_dags/example_nested_branch_dag.py took 0.057 seconds
[2026-06-30T08:27:29.347+0000] {processor.py:161} INFO - Started process (PID=22748) to work on /home/airflow/.local/lib/python3.12/site-packages/airflow/example_dags/example_nested_branch_dag.py
[2026-06-30T08:27:29.348+0000] {processor.py:830} INFO - Processing file /home/airflow/.local/lib/python3.12/site-packages/airflow/example_dags/example_nested_branch_dag.py for tasks to queue
[2026-06-30T08:27:29.349+0000] {logging_mixin.py:188} INFO - [2026-06-30T08:27:29.349+0000] {dagbag.py:545} INFO - Filling up the DagBag from /home/airflow/.local/lib/python3.12/site-packages/airflow/example_dags/example_nested_branch_dag.py
[2026-06-30T08:27:29.356+0000] {processor.py:840} INFO - DAG(s) 'example_nested_branch_dag' retrieved from /home/airflow/.local/lib/python3.12/site-packages/airflow/example_dags/example_nested_branch_dag.py
[2026-06-30T08:27:29.372+0000] {logging_mixin.py:188} INFO - [2026-06-30T08:27:29.372+0000] {dag.py:3096} INFO - Sync 1 DAGs
[2026-06-30T08:27:29.387+0000] {logging_mixin.py:188} INFO - [2026-06-30T08:27:29.386+0000] {dag.py:3954} INFO - Setting next_dagrun for example_nested_branch_dag to 2026-06-29 00:00:00+00:00, run_after=2026-06-30 00:00:00+00:00
[2026-06-30T08:27:29.400+0000] {processor.py:183} INFO - Processing /home/airflow/.local/lib/python3.12/site-packages/airflow/example_dags/example_nested_branch_dag.py took 0.057 seconds
[2026-06-30T08:27:59.709+0000] {processor.py:161} INFO - Started process (PID=22806) to work on /home/airflow/.local/lib/python3.12/site-packages/airflow/example_dags/example_nested_branch_dag.py
[2026-06-30T08:27:59.710+0000] {processor.py:830} INFO - Processing file /home/airflow/.local/lib/python3.12/site-packages/airflow/example_dags/example_nested_branch_dag.py for tasks to queue
[2026-06-30T08:27:59.710+0000] {logging_mixin.py:188} INFO - [2026-06-30T08:27:59.710+0000] {dagbag.py:545} INFO - Filling up the DagBag from /home/airflow/.local/lib/python3.12/site-packages/airflow/example_dags/example_nested_branch_dag.py
[2026-06-30T08:27:59.717+0000] {processor.py:840} INFO - DAG(s) 'example_nested_branch_dag' retrieved from /home/airflow/.local/lib/python3.12/site-packages/airflow/example_dags/example_nested_branch_dag.py
[2026-06-30T08:27:59.730+0000] {logging_mixin.py:188} INFO - [2026-06-30T08:27:59.730+0000] {dag.py:3096} INFO - Sync 1 DAGs
[2026-06-30T08:27:59.744+0000] {logging_mixin.py:188} INFO - [2026-06-30T08:27:59.744+0000] {dag.py:3954} INFO - Setting next_dagrun for example_nested_branch_dag to 2026-06-29 00:00:00+00:00, run_after=2026-06-30 00:00:00+00:00
[2026-06-30T08:27:59.756+0000] {processor.py:183} INFO - Processing /home/airflow/.local/lib/python3.12/site-packages/airflow/example_dags/example_nested_branch_dag.py took 0.052 seconds
[2026-06-30T08:28:30.202+0000] {processor.py:161} INFO - Started process (PID=22864) to work on /home/airflow/.local/lib/python3.12/site-packages/airflow/example_dags/example_nested_branch_dag.py
[2026-06-30T08:28:30.203+0000] {processor.py:830} INFO - Processing file /home/airflow/.local/lib/python3.12/site-packages/airflow/example_dags/example_nested_branch_dag.py for tasks to queue
[2026-06-30T08:28:30.204+0000] {logging_mixin.py:188} INFO - [2026-06-30T08:28:30.204+0000] {dagbag.py:545} INFO - Filling up the DagBag from /home/airflow/.local/lib/python3.12/site-packages/airflow/example_dags/example_nested_branch_dag.py
[2026-06-30T08:28:30.211+0000] {processor.py:840} INFO - DAG(s) 'example_nested_branch_dag' retrieved from /home/airflow/.local/lib/python3.12/site-packages/airflow/example_dags/example_nested_branch_dag.py
[2026-06-30T08:28:30.229+0000] {logging_mixin.py:188} INFO - [2026-06-30T08:28:30.228+0000] {dag.py:3096} INFO - Sync 1 DAGs
[2026-06-30T08:28:30.243+0000] {logging_mixin.py:188} INFO - [2026-06-30T08:28:30.243+0000] {dag.py:3954} INFO - Setting next_dagrun for example_nested_branch_dag to 2026-06-29 00:00:00+00:00, run_after=2026-06-30 00:00:00+00:00
[2026-06-30T08:28:30.255+0000] {processor.py:183} INFO - Processing /home/airflow/.local/lib/python3.12/site-packages/airflow/example_dags/example_nested_branch_dag.py took 0.057 seconds
[2026-06-30T08:29:00.607+0000] {processor.py:161} INFO - Started process (PID=22922) to work on /home/airflow/.local/lib/python3.12/site-packages/airflow/example_dags/example_nested_branch_dag.py
[2026-06-30T08:29:00.608+0000] {processor.py:830} INFO - Processing file /home/airflow/.local/lib/python3.12/site-packages/airflow/example_dags/example_nested_branch_dag.py for tasks to queue
[2026-06-30T08:29:00.609+0000] {logging_mixin.py:188} INFO - [2026-06-30T08:29:00.609+0000] {dagbag.py:545} INFO - Filling up the DagBag from /home/airflow/.local/lib/python3.12/site-packages/airflow/example_dags/example_nested_branch_dag.py
[2026-06-30T08:29:00.619+0000] {processor.py:840} INFO - DAG(s) 'example_nested_branch_dag' retrieved from /home/airflow/.local/lib/python3.12/site-packages/airflow/example_dags/example_nested_branch_dag.py
[2026-06-30T08:29:00.636+0000] {logging_mixin.py:188} INFO - [2026-06-30T08:29:00.636+0000] {dag.py:3096} INFO - Sync 1 DAGs
[2026-06-30T08:29:00.657+0000] {logging_mixin.py:188} INFO - [2026-06-30T08:29:00.656+0000] {dag.py:3954} INFO - Setting next_dagrun for example_nested_branch_dag to 2026-06-29 00:00:00+00:00, run_after=2026-06-30 00:00:00+00:00
[2026-06-30T08:29:00.672+0000] {processor.py:183} INFO - Processing /home/airflow/.local/lib/python3.12/site-packages/airflow/example_dags/example_nested_branch_dag.py took 0.071 seconds
[2026-06-30T08:29:31.152+0000] {processor.py:161} INFO - Started process (PID=22980) to work on /home/airflow/.local/lib/python3.12/site-packages/airflow/example_dags/example_nested_branch_dag.py
[2026-06-30T08:29:31.153+0000] {processor.py:830} INFO - Processing file /home/airflow/.local/lib/python3.12/site-packages/airflow/example_dags/example_nested_branch_dag.py for tasks to queue
[2026-06-30T08:29:31.154+0000] {logging_mixin.py:188} INFO - [2026-06-30T08:29:31.153+0000] {dagbag.py:545} INFO - Filling up the DagBag from /home/airflow/.local/lib/python3.12/site-packages/airflow/example_dags/example_nested_branch_dag.py
[2026-06-30T08:29:31.160+0000] {processor.py:840} INFO - DAG(s) 'example_nested_branch_dag' retrieved from /home/airflow/.local/lib/python3.12/site-packages/airflow/example_dags/example_nested_branch_dag.py
[2026-06-30T08:29:31.176+0000] {logging_mixin.py:188} INFO - [2026-06-30T08:29:31.176+0000] {dag.py:3096} INFO - Sync 1 DAGs
[2026-06-30T08:29:31.192+0000] {logging_mixin.py:188} INFO - [2026-06-30T08:29:31.192+0000] {dag.py:3954} INFO - Setting next_dagrun for example_nested_branch_dag to 2026-06-29 00:00:00+00:00, run_after=2026-06-30 00:00:00+00:00
[2026-06-30T08:29:31.205+0000] {processor.py:183} INFO - Processing /home/airflow/.local/lib/python3.12/site-packages/airflow/example_dags/example_nested_branch_dag.py took 0.057 seconds
[2026-06-30T08:30:01.762+0000] {processor.py:161} INFO - Started process (PID=23038) to work on /home/airflow/.local/lib/python3.12/site-packages/airflow/example_dags/example_nested_branch_dag.py
[2026-06-30T08:30:01.763+0000] {processor.py:830} INFO - Processing file /home/airflow/.local/lib/python3.12/site-packages/airflow/example_dags/example_nested_branch_dag.py for tasks to queue
[2026-06-30T08:30:01.764+0000] {logging_mixin.py:188} INFO - [2026-06-30T08:30:01.763+0000] {dagbag.py:545} INFO - Filling up the DagBag from /home/airflow/.local/lib/python3.12/site-packages/airflow/example_dags/example_nested_branch_dag.py
[2026-06-30T08:30:01.770+0000] {processor.py:840} INFO - DAG(s) 'example_nested_branch_dag' retrieved from /home/airflow/.local/lib/python3.12/site-packages/airflow/example_dags/example_nested_branch_dag.py
[2026-06-30T08:30:01.788+0000] {logging_mixin.py:188} INFO - [2026-06-30T08:30:01.788+0000] {dag.py:3096} INFO - Sync 1 DAGs
[2026-06-30T08:30:01.805+0000] {logging_mixin.py:188} INFO - [2026-06-30T08:30:01.805+0000] {dag.py:3954} INFO - Setting next_dagrun for example_nested_branch_dag to 2026-06-29 00:00:00+00:00, run_after=2026-06-30 00:00:00+00:00
[2026-06-30T08:30:01.819+0000] {processor.py:183} INFO - Processing /home/airflow/.local/lib/python3.12/site-packages/airflow/example_dags/example_nested_branch_dag.py took 0.061 seconds
[2026-06-30T08:30:32.331+0000] {processor.py:161} INFO - Started process (PID=23096) to work on /home/airflow/.local/lib/python3.12/site-packages/airflow/example_dags/example_nested_branch_dag.py
[2026-06-30T08:30:32.332+0000] {processor.py:830} INFO - Processing file /home/airflow/.local/lib/python3.12/site-packages/airflow/example_dags/example_nested_branch_dag.py for tasks to queue
[2026-06-30T08:30:32.333+0000] {logging_mixin.py:188} INFO - [2026-06-30T08:30:32.333+0000] {dagbag.py:545} INFO - Filling up the DagBag from /home/airflow/.local/lib/python3.12/site-packages/airflow/example_dags/example_nested_branch_dag.py
[2026-06-30T08:30:32.340+0000] {processor.py:840} INFO - DAG(s) 'example_nested_branch_dag' retrieved from /home/airflow/.local/lib/python3.12/site-packages/airflow/example_dags/example_nested_branch_dag.py
[2026-06-30T08:30:32.355+0000] {logging_mixin.py:188} INFO - [2026-06-30T08:30:32.355+0000] {dag.py:3096} INFO - Sync 1 DAGs
[2026-06-30T08:30:32.371+0000] {logging_mixin.py:188} INFO - [2026-06-30T08:30:32.371+0000] {dag.py:3954} INFO - Setting next_dagrun for example_nested_branch_dag to 2026-06-29 00:00:00+00:00, run_after=2026-06-30 00:00:00+00:00
[2026-06-30T08:30:32.384+0000] {processor.py:183} INFO - Processing /home/airflow/.local/lib/python3.12/site-packages/airflow/example_dags/example_nested_branch_dag.py took 0.057 seconds
[2026-06-30T08:31:03.050+0000] {processor.py:161} INFO - Started process (PID=23154) to work on /home/airflow/.local/lib/python3.12/site-packages/airflow/example_dags/example_nested_branch_dag.py
[2026-06-30T08:31:03.051+0000] {processor.py:830} INFO - Processing file /home/airflow/.local/lib/python3.12/site-packages/airflow/example_dags/example_nested_branch_dag.py for tasks to queue
[2026-06-30T08:31:03.052+0000] {logging_mixin.py:188} INFO - [2026-06-30T08:31:03.052+0000] {dagbag.py:545} INFO - Filling up the DagBag from /home/airflow/.local/lib/python3.12/site-packages/airflow/example_dags/example_nested_branch_dag.py
[2026-06-30T08:31:03.060+0000] {processor.py:840} INFO - DAG(s) 'example_nested_branch_dag' retrieved from /home/airflow/.local/lib/python3.12/site-packages/airflow/example_dags/example_nested_branch_dag.py
[2026-06-30T08:31:03.076+0000] {logging_mixin.py:188} INFO - [2026-06-30T08:31:03.076+0000] {dag.py:3096} INFO - Sync 1 DAGs
[2026-06-30T08:31:03.091+0000] {logging_mixin.py:188} INFO - [2026-06-30T08:31:03.091+0000] {dag.py:3954} INFO - Setting next_dagrun for example_nested_branch_dag to 2026-06-29 00:00:00+00:00, run_after=2026-06-30 00:00:00+00:00
[2026-06-30T08:31:03.105+0000] {processor.py:183} INFO - Processing /home/airflow/.local/lib/python3.12/site-packages/airflow/example_dags/example_nested_branch_dag.py took 0.060 seconds
[2026-06-30T08:31:33.895+0000] {processor.py:161} INFO - Started process (PID=23212) to work on /home/airflow/.local/lib/python3.12/site-packages/airflow/example_dags/example_nested_branch_dag.py
[2026-06-30T08:31:33.896+0000] {processor.py:830} INFO - Processing file /home/airflow/.local/lib/python3.12/site-packages/airflow/example_dags/example_nested_branch_dag.py for tasks to queue
[2026-06-30T08:31:33.897+0000] {logging_mixin.py:188} INFO - [2026-06-30T08:31:33.897+0000] {dagbag.py:545} INFO - Filling up the DagBag from /home/airflow/.local/lib/python3.12/site-packages/airflow/example_dags/example_nested_branch_dag.py
[2026-06-30T08:31:33.905+0000] {processor.py:840} INFO - DAG(s) 'example_nested_branch_dag' retrieved from /home/airflow/.local/lib/python3.12/site-packages/airflow/example_dags/example_nested_branch_dag.py
[2026-06-30T08:31:33.920+0000] {logging_mixin.py:188} INFO - [2026-06-30T08:31:33.920+0000] {dag.py:3096} INFO - Sync 1 DAGs
[2026-06-30T08:31:33.935+0000] {logging_mixin.py:188} INFO - [2026-06-30T08:31:33.935+0000] {dag.py:3954} INFO - Setting next_dagrun for example_nested_branch_dag to 2026-06-29 00:00:00+00:00, run_after=2026-06-30 00:00:00+00:00
[2026-06-30T08:31:33.948+0000] {processor.py:183} INFO - Processing /home/airflow/.local/lib/python3.12/site-packages/airflow/example_dags/example_nested_branch_dag.py took 0.056 seconds
[2026-06-30T08:32:04.447+0000] {processor.py:161} INFO - Started process (PID=23270) to work on /home/airflow/.local/lib/python3.12/site-packages/airflow/example_dags/example_nested_branch_dag.py
[2026-06-30T08:32:04.448+0000] {processor.py:830} INFO - Processing file /home/airflow/.local/lib/python3.12/site-packages/airflow/example_dags/example_nested_branch_dag.py for tasks to queue
[2026-06-30T08:32:04.448+0000] {logging_mixin.py:188} INFO - [2026-06-30T08:32:04.448+0000] {dagbag.py:545} INFO - Filling up the DagBag from /home/airflow/.local/lib/python3.12/site-packages/airflow/example_dags/example_nested_branch_dag.py
[2026-06-30T08:32:04.457+0000] {processor.py:840} INFO - DAG(s) 'example_nested_branch_dag' retrieved from /home/airflow/.local/lib/python3.12/site-packages/airflow/example_dags/example_nested_branch_dag.py
[2026-06-30T08:32:04.474+0000] {logging_mixin.py:188} INFO - [2026-06-30T08:32:04.474+0000] {dag.py:3096} INFO - Sync 1 DAGs
[2026-06-30T08:32:04.493+0000] {logging_mixin.py:188} INFO - [2026-06-30T08:32:04.493+0000] {dag.py:3954} INFO - Setting next_dagrun for example_nested_branch_dag to 2026-06-29 00:00:00+00:00, run_after=2026-06-30 00:00:00+00:00
[2026-06-30T08:32:04.508+0000] {processor.py:183} INFO - Processing /home/airflow/.local/lib/python3.12/site-packages/airflow/example_dags/example_nested_branch_dag.py took 0.065 seconds
[2026-06-30T08:32:35.254+0000] {processor.py:161} INFO - Started process (PID=23328) to work on /home/airflow/.local/lib/python3.12/site-packages/airflow/example_dags/example_nested_branch_dag.py
[2026-06-30T08:32:35.254+0000] {processor.py:830} INFO - Processing file /home/airflow/.local/lib/python3.12/site-packages/airflow/example_dags/example_nested_branch_dag.py for tasks to queue
[2026-06-30T08:32:35.255+0000] {logging_mixin.py:188} INFO - [2026-06-30T08:32:35.255+0000] {dagbag.py:545} INFO - Filling up the DagBag from /home/airflow/.local/lib/python3.12/site-packages/airflow/example_dags/example_nested_branch_dag.py
[2026-06-30T08:32:35.262+0000] {processor.py:840} INFO - DAG(s) 'example_nested_branch_dag' retrieved from /home/airflow/.local/lib/python3.12/site-packages/airflow/example_dags/example_nested_branch_dag.py
[2026-06-30T08:32:35.277+0000] {logging_mixin.py:188} INFO - [2026-06-30T08:32:35.277+0000] {dag.py:3096} INFO - Sync 1 DAGs
[2026-06-30T08:32:35.292+0000] {logging_mixin.py:188} INFO - [2026-06-30T08:32:35.292+0000] {dag.py:3954} INFO - Setting next_dagrun for example_nested_branch_dag to 2026-06-29 00:00:00+00:00, run_after=2026-06-30 00:00:00+00:00
[2026-06-30T08:32:35.307+0000] {processor.py:183} INFO - Processing /home/airflow/.local/lib/python3.12/site-packages/airflow/example_dags/example_nested_branch_dag.py took 0.059 seconds
[2026-06-30T08:33:05.917+0000] {processor.py:161} INFO - Started process (PID=23386) to work on /home/airflow/.local/lib/python3.12/site-packages/airflow/example_dags/example_nested_branch_dag.py
[2026-06-30T08:33:05.918+0000] {processor.py:830} INFO - Processing file /home/airflow/.local/lib/python3.12/site-packages/airflow/example_dags/example_nested_branch_dag.py for tasks to queue
[2026-06-30T08:33:05.919+0000] {logging_mixin.py:188} INFO - [2026-06-30T08:33:05.919+0000] {dagbag.py:545} INFO - Filling up the DagBag from /home/airflow/.local/lib/python3.12/site-packages/airflow/example_dags/example_nested_branch_dag.py
[2026-06-30T08:33:05.930+0000] {processor.py:840} INFO - DAG(s) 'example_nested_branch_dag' retrieved from /home/airflow/.local/lib/python3.12/site-packages/airflow/example_dags/example_nested_branch_dag.py
[2026-06-30T08:33:05.958+0000] {logging_mixin.py:188} INFO - [2026-06-30T08:33:05.957+0000] {dag.py:3096} INFO - Sync 1 DAGs
[2026-06-30T08:33:05.989+0000] {logging_mixin.py:188} INFO - [2026-06-30T08:33:05.989+0000] {dag.py:3954} INFO - Setting next_dagrun for example_nested_branch_dag to 2026-06-29 00:00:00+00:00, run_after=2026-06-30 00:00:00+00:00
[2026-06-30T08:33:06.008+0000] {processor.py:183} INFO - Processing /home/airflow/.local/lib/python3.12/site-packages/airflow/example_dags/example_nested_branch_dag.py took 0.097 seconds
[2026-06-30T08:33:36.906+0000] {processor.py:161} INFO - Started process (PID=23444) to work on /home/airflow/.local/lib/python3.12/site-packages/airflow/example_dags/example_nested_branch_dag.py
[2026-06-30T08:33:36.906+0000] {processor.py:830} INFO - Processing file /home/airflow/.local/lib/python3.12/site-packages/airflow/example_dags/example_nested_branch_dag.py for tasks to queue
[2026-06-30T08:33:36.907+0000] {logging_mixin.py:188} INFO - [2026-06-30T08:33:36.907+0000] {dagbag.py:545} INFO - Filling up the DagBag from /home/airflow/.local/lib/python3.12/site-packages/airflow/example_dags/example_nested_branch_dag.py
[2026-06-30T08:33:36.916+0000] {processor.py:840} INFO - DAG(s) 'example_nested_branch_dag' retrieved from /home/airflow/.local/lib/python3.12/site-packages/airflow/example_dags/example_nested_branch_dag.py
[2026-06-30T08:33:36.933+0000] {logging_mixin.py:188} INFO - [2026-06-30T08:33:36.933+0000] {dag.py:3096} INFO - Sync 1 DAGs
[2026-06-30T08:33:36.949+0000] {logging_mixin.py:188} INFO - [2026-06-30T08:33:36.949+0000] {dag.py:3954} INFO - Setting next_dagrun for example_nested_branch_dag to 2026-06-29 00:00:00+00:00, run_after=2026-06-30 00:00:00+00:00
[2026-06-30T08:33:36.963+0000] {processor.py:183} INFO - Processing /home/airflow/.local/lib/python3.12/site-packages/airflow/example_dags/example_nested_branch_dag.py took 0.063 seconds
[2026-06-30T08:34:07.706+0000] {processor.py:161} INFO - Started process (PID=23502) to work on /home/airflow/.local/lib/python3.12/site-packages/airflow/example_dags/example_nested_branch_dag.py
[2026-06-30T08:34:07.708+0000] {processor.py:830} INFO - Processing file /home/airflow/.local/lib/python3.12/site-packages/airflow/example_dags/example_nested_branch_dag.py for tasks to queue
[2026-06-30T08:34:07.711+0000] {logging_mixin.py:188} INFO - [2026-06-30T08:34:07.711+0000] {dagbag.py:545} INFO - Filling up the DagBag from /home/airflow/.local/lib/python3.12/site-packages/airflow/example_dags/example_nested_branch_dag.py
[2026-06-30T08:34:07.719+0000] {processor.py:840} INFO - DAG(s) 'example_nested_branch_dag' retrieved from /home/airflow/.local/lib/python3.12/site-packages/airflow/example_dags/example_nested_branch_dag.py
[2026-06-30T08:34:07.736+0000] {logging_mixin.py:188} INFO - [2026-06-30T08:34:07.736+0000] {dag.py:3096} INFO - Sync 1 DAGs
[2026-06-30T08:34:07.752+0000] {logging_mixin.py:188} INFO - [2026-06-30T08:34:07.752+0000] {dag.py:3954} INFO - Setting next_dagrun for example_nested_branch_dag to 2026-06-29 00:00:00+00:00, run_after=2026-06-30 00:00:00+00:00
[2026-06-30T08:34:07.765+0000] {processor.py:183} INFO - Processing /home/airflow/.local/lib/python3.12/site-packages/airflow/example_dags/example_nested_branch_dag.py took 0.063 seconds
[2026-06-30T08:34:38.546+0000] {processor.py:161} INFO - Started process (PID=23560) to work on /home/airflow/.local/lib/python3.12/site-packages/airflow/example_dags/example_nested_branch_dag.py
[2026-06-30T08:34:38.547+0000] {processor.py:830} INFO - Processing file /home/airflow/.local/lib/python3.12/site-packages/airflow/example_dags/example_nested_branch_dag.py for tasks to queue
[2026-06-30T08:34:38.548+0000] {logging_mixin.py:188} INFO - [2026-06-30T08:34:38.547+0000] {dagbag.py:545} INFO - Filling up the DagBag from /home/airflow/.local/lib/python3.12/site-packages/airflow/example_dags/example_nested_branch_dag.py
[2026-06-30T08:34:38.554+0000] {processor.py:840} INFO - DAG(s) 'example_nested_branch_dag' retrieved from /home/airflow/.local/lib/python3.12/site-packages/airflow/example_dags/example_nested_branch_dag.py
[2026-06-30T08:34:38.568+0000] {logging_mixin.py:188} INFO - [2026-06-30T08:34:38.568+0000] {dag.py:3096} INFO - Sync 1 DAGs
[2026-06-30T08:34:38.583+0000] {logging_mixin.py:188} INFO - [2026-06-30T08:34:38.582+0000] {dag.py:3954} INFO - Setting next_dagrun for example_nested_branch_dag to 2026-06-29 00:00:00+00:00, run_after=2026-06-30 00:00:00+00:00
[2026-06-30T08:34:38.596+0000] {processor.py:183} INFO - Processing /home/airflow/.local/lib/python3.12/site-packages/airflow/example_dags/example_nested_branch_dag.py took 0.054 seconds
[2026-06-30T08:35:08.823+0000] {processor.py:161} INFO - Started process (PID=23618) to work on /home/airflow/.local/lib/python3.12/site-packages/airflow/example_dags/example_nested_branch_dag.py
[2026-06-30T08:35:08.824+0000] {processor.py:830} INFO - Processing file /home/airflow/.local/lib/python3.12/site-packages/airflow/example_dags/example_nested_branch_dag.py for tasks to queue
[2026-06-30T08:35:08.825+0000] {logging_mixin.py:188} INFO - [2026-06-30T08:35:08.825+0000] {dagbag.py:545} INFO - Filling up the DagBag from /home/airflow/.local/lib/python3.12/site-packages/airflow/example_dags/example_nested_branch_dag.py
[2026-06-30T08:35:08.836+0000] {processor.py:840} INFO - DAG(s) 'example_nested_branch_dag' retrieved from /home/airflow/.local/lib/python3.12/site-packages/airflow/example_dags/example_nested_branch_dag.py
[2026-06-30T08:35:08.851+0000] {logging_mixin.py:188} INFO - [2026-06-30T08:35:08.851+0000] {dag.py:3096} INFO - Sync 1 DAGs
[2026-06-30T08:35:08.869+0000] {logging_mixin.py:188} INFO - [2026-06-30T08:35:08.868+0000] {dag.py:3954} INFO - Setting next_dagrun for example_nested_branch_dag to 2026-06-29 00:00:00+00:00, run_after=2026-06-30 00:00:00+00:00
[2026-06-30T08:35:08.884+0000] {processor.py:183} INFO - Processing /home/airflow/.local/lib/python3.12/site-packages/airflow/example_dags/example_nested_branch_dag.py took 0.070 seconds
[2026-06-30T08:35:39.297+0000] {processor.py:161} INFO - Started process (PID=23676) to work on /home/airflow/.local/lib/python3.12/site-packages/airflow/example_dags/example_nested_branch_dag.py
[2026-06-30T08:35:39.298+0000] {processor.py:830} INFO - Processing file /home/airflow/.local/lib/python3.12/site-packages/airflow/example_dags/example_nested_branch_dag.py for tasks to queue
[2026-06-30T08:35:39.299+0000] {logging_mixin.py:188} INFO - [2026-06-30T08:35:39.298+0000] {dagbag.py:545} INFO - Filling up the DagBag from /home/airflow/.local/lib/python3.12/site-packages/airflow/example_dags/example_nested_branch_dag.py
[2026-06-30T08:35:39.305+0000] {processor.py:840} INFO - DAG(s) 'example_nested_branch_dag' retrieved from /home/airflow/.local/lib/python3.12/site-packages/airflow/example_dags/example_nested_branch_dag.py
[2026-06-30T08:35:39.320+0000] {logging_mixin.py:188} INFO - [2026-06-30T08:35:39.320+0000] {dag.py:3096} INFO - Sync 1 DAGs
[2026-06-30T08:35:39.334+0000] {logging_mixin.py:188} INFO - [2026-06-30T08:35:39.334+0000] {dag.py:3954} INFO - Setting next_dagrun for example_nested_branch_dag to 2026-06-29 00:00:00+00:00, run_after=2026-06-30 00:00:00+00:00
[2026-06-30T08:35:39.345+0000] {processor.py:183} INFO - Processing /home/airflow/.local/lib/python3.12/site-packages/airflow/example_dags/example_nested_branch_dag.py took 0.052 seconds
[2026-06-30T08:36:09.583+0000] {processor.py:161} INFO - Started process (PID=23734) to work on /home/airflow/.local/lib/python3.12/site-packages/airflow/example_dags/example_nested_branch_dag.py
[2026-06-30T08:36:09.584+0000] {processor.py:830} INFO - Processing file /home/airflow/.local/lib/python3.12/site-packages/airflow/example_dags/example_nested_branch_dag.py for tasks to queue
[2026-06-30T08:36:09.585+0000] {logging_mixin.py:188} INFO - [2026-06-30T08:36:09.584+0000] {dagbag.py:545} INFO - Filling up the DagBag from /home/airflow/.local/lib/python3.12/site-packages/airflow/example_dags/example_nested_branch_dag.py
[2026-06-30T08:36:09.591+0000] {processor.py:840} INFO - DAG(s) 'example_nested_branch_dag' retrieved from /home/airflow/.local/lib/python3.12/site-packages/airflow/example_dags/example_nested_branch_dag.py
[2026-06-30T08:36:09.606+0000] {logging_mixin.py:188} INFO - [2026-06-30T08:36:09.606+0000] {dag.py:3096} INFO - Sync 1 DAGs
[2026-06-30T08:36:09.622+0000] {logging_mixin.py:188} INFO - [2026-06-30T08:36:09.622+0000] {dag.py:3954} INFO - Setting next_dagrun for example_nested_branch_dag to 2026-06-29 00:00:00+00:00, run_after=2026-06-30 00:00:00+00:00
[2026-06-30T08:36:09.634+0000] {processor.py:183} INFO - Processing /home/airflow/.local/lib/python3.12/site-packages/airflow/example_dags/example_nested_branch_dag.py took 0.055 seconds
[2026-06-30T08:36:40.160+0000] {processor.py:161} INFO - Started process (PID=23792) to work on /home/airflow/.local/lib/python3.12/site-packages/airflow/example_dags/example_nested_branch_dag.py
[2026-06-30T08:36:40.161+0000] {processor.py:830} INFO - Processing file /home/airflow/.local/lib/python3.12/site-packages/airflow/example_dags/example_nested_branch_dag.py for tasks to queue
[2026-06-30T08:36:40.161+0000] {logging_mixin.py:188} INFO - [2026-06-30T08:36:40.161+0000] {dagbag.py:545} INFO - Filling up the DagBag from /home/airflow/.local/lib/python3.12/site-packages/airflow/example_dags/example_nested_branch_dag.py
[2026-06-30T08:36:40.171+0000] {processor.py:840} INFO - DAG(s) 'example_nested_branch_dag' retrieved from /home/airflow/.local/lib/python3.12/site-packages/airflow/example_dags/example_nested_branch_dag.py
[2026-06-30T08:36:40.187+0000] {logging_mixin.py:188} INFO - [2026-06-30T08:36:40.187+0000] {dag.py:3096} INFO - Sync 1 DAGs
[2026-06-30T08:36:40.202+0000] {logging_mixin.py:188} INFO - [2026-06-30T08:36:40.202+0000] {dag.py:3954} INFO - Setting next_dagrun for example_nested_branch_dag to 2026-06-29 00:00:00+00:00, run_after=2026-06-30 00:00:00+00:00
[2026-06-30T08:36:40.214+0000] {processor.py:183} INFO - Processing /home/airflow/.local/lib/python3.12/site-packages/airflow/example_dags/example_nested_branch_dag.py took 0.059 seconds
[2026-06-30T08:37:10.445+0000] {processor.py:161} INFO - Started process (PID=23851) to work on /home/airflow/.local/lib/python3.12/site-packages/airflow/example_dags/example_nested_branch_dag.py
[2026-06-30T08:37:10.446+0000] {processor.py:830} INFO - Processing file /home/airflow/.local/lib/python3.12/site-packages/airflow/example_dags/example_nested_branch_dag.py for tasks to queue
[2026-06-30T08:37:10.446+0000] {logging_mixin.py:188} INFO - [2026-06-30T08:37:10.446+0000] {dagbag.py:545} INFO - Filling up the DagBag from /home/airflow/.local/lib/python3.12/site-packages/airflow/example_dags/example_nested_branch_dag.py
[2026-06-30T08:37:10.453+0000] {processor.py:840} INFO - DAG(s) 'example_nested_branch_dag' retrieved from /home/airflow/.local/lib/python3.12/site-packages/airflow/example_dags/example_nested_branch_dag.py
[2026-06-30T08:37:10.468+0000] {logging_mixin.py:188} INFO - [2026-06-30T08:37:10.468+0000] {dag.py:3096} INFO - Sync 1 DAGs
[2026-06-30T08:37:10.482+0000] {logging_mixin.py:188} INFO - [2026-06-30T08:37:10.482+0000] {dag.py:3954} INFO - Setting next_dagrun for example_nested_branch_dag to 2026-06-29 00:00:00+00:00, run_after=2026-06-30 00:00:00+00:00
[2026-06-30T08:37:10.494+0000] {processor.py:183} INFO - Processing /home/airflow/.local/lib/python3.12/site-packages/airflow/example_dags/example_nested_branch_dag.py took 0.053 seconds
[2026-06-30T08:37:40.833+0000] {processor.py:161} INFO - Started process (PID=23909) to work on /home/airflow/.local/lib/python3.12/site-packages/airflow/example_dags/example_nested_branch_dag.py
[2026-06-30T08:37:40.834+0000] {processor.py:830} INFO - Processing file /home/airflow/.local/lib/python3.12/site-packages/airflow/example_dags/example_nested_branch_dag.py for tasks to queue
[2026-06-30T08:37:40.835+0000] {logging_mixin.py:188} INFO - [2026-06-30T08:37:40.835+0000] {dagbag.py:545} INFO - Filling up the DagBag from /home/airflow/.local/lib/python3.12/site-packages/airflow/example_dags/example_nested_branch_dag.py
[2026-06-30T08:37:40.842+0000] {processor.py:840} INFO - DAG(s) 'example_nested_branch_dag' retrieved from /home/airflow/.local/lib/python3.12/site-packages/airflow/example_dags/example_nested_branch_dag.py
[2026-06-30T08:37:40.856+0000] {logging_mixin.py:188} INFO - [2026-06-30T08:37:40.856+0000] {dag.py:3096} INFO - Sync 1 DAGs
[2026-06-30T08:37:40.871+0000] {logging_mixin.py:188} INFO - [2026-06-30T08:37:40.870+0000] {dag.py:3954} INFO - Setting next_dagrun for example_nested_branch_dag to 2026-06-29 00:00:00+00:00, run_after=2026-06-30 00:00:00+00:00
[2026-06-30T08:37:40.883+0000] {processor.py:183} INFO - Processing /home/airflow/.local/lib/python3.12/site-packages/airflow/example_dags/example_nested_branch_dag.py took 0.053 seconds
[2026-06-30T08:38:11.265+0000] {processor.py:161} INFO - Started process (PID=23967) to work on /home/airflow/.local/lib/python3.12/site-packages/airflow/example_dags/example_nested_branch_dag.py
[2026-06-30T08:38:11.266+0000] {processor.py:830} INFO - Processing file /home/airflow/.local/lib/python3.12/site-packages/airflow/example_dags/example_nested_branch_dag.py for tasks to queue
[2026-06-30T08:38:11.266+0000] {logging_mixin.py:188} INFO - [2026-06-30T08:38:11.266+0000] {dagbag.py:545} INFO - Filling up the DagBag from /home/airflow/.local/lib/python3.12/site-packages/airflow/example_dags/example_nested_branch_dag.py
[2026-06-30T08:38:11.274+0000] {processor.py:840} INFO - DAG(s) 'example_nested_branch_dag' retrieved from /home/airflow/.local/lib/python3.12/site-packages/airflow/example_dags/example_nested_branch_dag.py
[2026-06-30T08:38:11.290+0000] {logging_mixin.py:188} INFO - [2026-06-30T08:38:11.290+0000] {dag.py:3096} INFO - Sync 1 DAGs
[2026-06-30T08:38:11.307+0000] {logging_mixin.py:188} INFO - [2026-06-30T08:38:11.307+0000] {dag.py:3954} INFO - Setting next_dagrun for example_nested_branch_dag to 2026-06-29 00:00:00+00:00, run_after=2026-06-30 00:00:00+00:00
[2026-06-30T08:38:11.321+0000] {processor.py:183} INFO - Processing /home/airflow/.local/lib/python3.12/site-packages/airflow/example_dags/example_nested_branch_dag.py took 0.061 seconds
[2026-06-30T08:38:41.798+0000] {processor.py:161} INFO - Started process (PID=24025) to work on /home/airflow/.local/lib/python3.12/site-packages/airflow/example_dags/example_nested_branch_dag.py
[2026-06-30T08:38:41.799+0000] {processor.py:830} INFO - Processing file /home/airflow/.local/lib/python3.12/site-packages/airflow/example_dags/example_nested_branch_dag.py for tasks to queue
[2026-06-30T08:38:41.800+0000] {logging_mixin.py:188} INFO - [2026-06-30T08:38:41.799+0000] {dagbag.py:545} INFO - Filling up the DagBag from /home/airflow/.local/lib/python3.12/site-packages/airflow/example_dags/example_nested_branch_dag.py
[2026-06-30T08:38:41.807+0000] {processor.py:840} INFO - DAG(s) 'example_nested_branch_dag' retrieved from /home/airflow/.local/lib/python3.12/site-packages/airflow/example_dags/example_nested_branch_dag.py
[2026-06-30T08:38:41.822+0000] {logging_mixin.py:188} INFO - [2026-06-30T08:38:41.822+0000] {dag.py:3096} INFO - Sync 1 DAGs
[2026-06-30T08:38:41.836+0000] {logging_mixin.py:188} INFO - [2026-06-30T08:38:41.836+0000] {dag.py:3954} INFO - Setting next_dagrun for example_nested_branch_dag to 2026-06-29 00:00:00+00:00, run_after=2026-06-30 00:00:00+00:00
[2026-06-30T08:38:41.849+0000] {processor.py:183} INFO - Processing /home/airflow/.local/lib/python3.12/site-packages/airflow/example_dags/example_nested_branch_dag.py took 0.055 seconds
[2026-06-30T08:39:12.176+0000] {processor.py:161} INFO - Started process (PID=24089) to work on /home/airflow/.local/lib/python3.12/site-packages/airflow/example_dags/example_nested_branch_dag.py
[2026-06-30T08:39:12.177+0000] {processor.py:830} INFO - Processing file /home/airflow/.local/lib/python3.12/site-packages/airflow/example_dags/example_nested_branch_dag.py for tasks to queue
[2026-06-30T08:39:12.178+0000] {logging_mixin.py:188} INFO - [2026-06-30T08:39:12.177+0000] {dagbag.py:545} INFO - Filling up the DagBag from /home/airflow/.local/lib/python3.12/site-packages/airflow/example_dags/example_nested_branch_dag.py
[2026-06-30T08:39:12.188+0000] {processor.py:840} INFO - DAG(s) 'example_nested_branch_dag' retrieved from /home/airflow/.local/lib/python3.12/site-packages/airflow/example_dags/example_nested_branch_dag.py
[2026-06-30T08:39:12.209+0000] {logging_mixin.py:188} INFO - [2026-06-30T08:39:12.208+0000] {dag.py:3096} INFO - Sync 1 DAGs
[2026-06-30T08:39:12.229+0000] {logging_mixin.py:188} INFO - [2026-06-30T08:39:12.229+0000] {dag.py:3954} INFO - Setting next_dagrun for example_nested_branch_dag to 2026-06-29 00:00:00+00:00, run_after=2026-06-30 00:00:00+00:00
[2026-06-30T08:39:12.246+0000] {processor.py:183} INFO - Processing /home/airflow/.local/lib/python3.12/site-packages/airflow/example_dags/example_nested_branch_dag.py took 0.077 seconds
[2026-06-30T08:39:42.857+0000] {processor.py:161} INFO - Started process (PID=24147) to work on /home/airflow/.local/lib/python3.12/site-packages/airflow/example_dags/example_nested_branch_dag.py
[2026-06-30T08:39:42.858+0000] {processor.py:830} INFO - Processing file /home/airflow/.local/lib/python3.12/site-packages/airflow/example_dags/example_nested_branch_dag.py for tasks to queue
[2026-06-30T08:39:42.859+0000] {logging_mixin.py:188} INFO - [2026-06-30T08:39:42.859+0000] {dagbag.py:545} INFO - Filling up the DagBag from /home/airflow/.local/lib/python3.12/site-packages/airflow/example_dags/example_nested_branch_dag.py
[2026-06-30T08:39:42.867+0000] {processor.py:840} INFO - DAG(s) 'example_nested_branch_dag' retrieved from /home/airflow/.local/lib/python3.12/site-packages/airflow/example_dags/example_nested_branch_dag.py
[2026-06-30T08:39:42.883+0000] {logging_mixin.py:188} INFO - [2026-06-30T08:39:42.883+0000] {dag.py:3096} INFO - Sync 1 DAGs
[2026-06-30T08:39:42.899+0000] {logging_mixin.py:188} INFO - [2026-06-30T08:39:42.899+0000] {dag.py:3954} INFO - Setting next_dagrun for example_nested_branch_dag to 2026-06-29 00:00:00+00:00, run_after=2026-06-30 00:00:00+00:00
[2026-06-30T08:39:42.912+0000] {processor.py:183} INFO - Processing /home/airflow/.local/lib/python3.12/site-packages/airflow/example_dags/example_nested_branch_dag.py took 0.059 seconds
[2026-06-30T08:40:13.308+0000] {processor.py:161} INFO - Started process (PID=24205) to work on /home/airflow/.local/lib/python3.12/site-packages/airflow/example_dags/example_nested_branch_dag.py
[2026-06-30T08:40:13.309+0000] {processor.py:830} INFO - Processing file /home/airflow/.local/lib/python3.12/site-packages/airflow/example_dags/example_nested_branch_dag.py for tasks to queue
[2026-06-30T08:40:13.310+0000] {logging_mixin.py:188} INFO - [2026-06-30T08:40:13.310+0000] {dagbag.py:545} INFO - Filling up the DagBag from /home/airflow/.local/lib/python3.12/site-packages/airflow/example_dags/example_nested_branch_dag.py
[2026-06-30T08:40:13.318+0000] {processor.py:840} INFO - DAG(s) 'example_nested_branch_dag' retrieved from /home/airflow/.local/lib/python3.12/site-packages/airflow/example_dags/example_nested_branch_dag.py
[2026-06-30T08:40:13.336+0000] {logging_mixin.py:188} INFO - [2026-06-30T08:40:13.335+0000] {dag.py:3096} INFO - Sync 1 DAGs
[2026-06-30T08:40:13.351+0000] {logging_mixin.py:188} INFO - [2026-06-30T08:40:13.351+0000] {dag.py:3954} INFO - Setting next_dagrun for example_nested_branch_dag to 2026-06-29 00:00:00+00:00, run_after=2026-06-30 00:00:00+00:00
[2026-06-30T08:40:13.364+0000] {processor.py:183} INFO - Processing /home/airflow/.local/lib/python3.12/site-packages/airflow/example_dags/example_nested_branch_dag.py took 0.062 seconds
[2026-06-30T08:40:43.975+0000] {processor.py:161} INFO - Started process (PID=24263) to work on /home/airflow/.local/lib/python3.12/site-packages/airflow/example_dags/example_nested_branch_dag.py
[2026-06-30T08:40:43.976+0000] {processor.py:830} INFO - Processing file /home/airflow/.local/lib/python3.12/site-packages/airflow/example_dags/example_nested_branch_dag.py for tasks to queue
[2026-06-30T08:40:43.978+0000] {logging_mixin.py:188} INFO - [2026-06-30T08:40:43.977+0000] {dagbag.py:545} INFO - Filling up the DagBag from /home/airflow/.local/lib/python3.12/site-packages/airflow/example_dags/example_nested_branch_dag.py
[2026-06-30T08:40:43.985+0000] {processor.py:840} INFO - DAG(s) 'example_nested_branch_dag' retrieved from /home/airflow/.local/lib/python3.12/site-packages/airflow/example_dags/example_nested_branch_dag.py
[2026-06-30T08:40:44.001+0000] {logging_mixin.py:188} INFO - [2026-06-30T08:40:44.001+0000] {dag.py:3096} INFO - Sync 1 DAGs
[2026-06-30T08:40:44.015+0000] {logging_mixin.py:188} INFO - [2026-06-30T08:40:44.015+0000] {dag.py:3954} INFO - Setting next_dagrun for example_nested_branch_dag to 2026-06-29 00:00:00+00:00, run_after=2026-06-30 00:00:00+00:00
[2026-06-30T08:40:44.028+0000] {processor.py:183} INFO - Processing /home/airflow/.local/lib/python3.12/site-packages/airflow/example_dags/example_nested_branch_dag.py took 0.057 seconds
[2026-06-30T08:41:14.664+0000] {processor.py:161} INFO - Started process (PID=24321) to work on /home/airflow/.local/lib/python3.12/site-packages/airflow/example_dags/example_nested_branch_dag.py
[2026-06-30T08:41:14.666+0000] {processor.py:830} INFO - Processing file /home/airflow/.local/lib/python3.12/site-packages/airflow/example_dags/example_nested_branch_dag.py for tasks to queue
[2026-06-30T08:41:14.667+0000] {logging_mixin.py:188} INFO - [2026-06-30T08:41:14.666+0000] {dagbag.py:545} INFO - Filling up the DagBag from /home/airflow/.local/lib/python3.12/site-packages/airflow/example_dags/example_nested_branch_dag.py
[2026-06-30T08:41:14.674+0000] {processor.py:840} INFO - DAG(s) 'example_nested_branch_dag' retrieved from /home/airflow/.local/lib/python3.12/site-packages/airflow/example_dags/example_nested_branch_dag.py
[2026-06-30T08:41:14.689+0000] {logging_mixin.py:188} INFO - [2026-06-30T08:41:14.689+0000] {dag.py:3096} INFO - Sync 1 DAGs
[2026-06-30T08:41:14.706+0000] {logging_mixin.py:188} INFO - [2026-06-30T08:41:14.705+0000] {dag.py:3954} INFO - Setting next_dagrun for example_nested_branch_dag to 2026-06-29 00:00:00+00:00, run_after=2026-06-30 00:00:00+00:00
[2026-06-30T08:41:14.718+0000] {processor.py:183} INFO - Processing /home/airflow/.local/lib/python3.12/site-packages/airflow/example_dags/example_nested_branch_dag.py took 0.060 seconds
[2026-06-30T08:41:45.149+0000] {processor.py:161} INFO - Started process (PID=24379) to work on /home/airflow/.local/lib/python3.12/site-packages/airflow/example_dags/example_nested_branch_dag.py
[2026-06-30T08:41:45.149+0000] {processor.py:830} INFO - Processing file /home/airflow/.local/lib/python3.12/site-packages/airflow/example_dags/example_nested_branch_dag.py for tasks to queue
[2026-06-30T08:41:45.150+0000] {logging_mixin.py:188} INFO - [2026-06-30T08:41:45.150+0000] {dagbag.py:545} INFO - Filling up the DagBag from /home/airflow/.local/lib/python3.12/site-packages/airflow/example_dags/example_nested_branch_dag.py
[2026-06-30T08:41:45.158+0000] {processor.py:840} INFO - DAG(s) 'example_nested_branch_dag' retrieved from /home/airflow/.local/lib/python3.12/site-packages/airflow/example_dags/example_nested_branch_dag.py
[2026-06-30T08:41:45.173+0000] {logging_mixin.py:188} INFO - [2026-06-30T08:41:45.173+0000] {dag.py:3096} INFO - Sync 1 DAGs
[2026-06-30T08:41:45.189+0000] {logging_mixin.py:188} INFO - [2026-06-30T08:41:45.189+0000] {dag.py:3954} INFO - Setting next_dagrun for example_nested_branch_dag to 2026-06-29 00:00:00+00:00, run_after=2026-06-30 00:00:00+00:00
[2026-06-30T08:41:45.205+0000] {processor.py:183} INFO - Processing /home/airflow/.local/lib/python3.12/site-packages/airflow/example_dags/example_nested_branch_dag.py took 0.061 seconds
[2026-06-30T08:42:15.588+0000] {processor.py:161} INFO - Started process (PID=24437) to work on /home/airflow/.local/lib/python3.12/site-packages/airflow/example_dags/example_nested_branch_dag.py
[2026-06-30T08:42:15.589+0000] {processor.py:830} INFO - Processing file /home/airflow/.local/lib/python3.12/site-packages/airflow/example_dags/example_nested_branch_dag.py for tasks to queue
[2026-06-30T08:42:15.590+0000] {logging_mixin.py:188} INFO - [2026-06-30T08:42:15.590+0000] {dagbag.py:545} INFO - Filling up the DagBag from /home/airflow/.local/lib/python3.12/site-packages/airflow/example_dags/example_nested_branch_dag.py
[2026-06-30T08:42:15.596+0000] {processor.py:840} INFO - DAG(s) 'example_nested_branch_dag' retrieved from /home/airflow/.local/lib/python3.12/site-packages/airflow/example_dags/example_nested_branch_dag.py
[2026-06-30T08:42:15.613+0000] {logging_mixin.py:188} INFO - [2026-06-30T08:42:15.613+0000] {dag.py:3096} INFO - Sync 1 DAGs
[2026-06-30T08:42:15.630+0000] {logging_mixin.py:188} INFO - [2026-06-30T08:42:15.630+0000] {dag.py:3954} INFO - Setting next_dagrun for example_nested_branch_dag to 2026-06-29 00:00:00+00:00, run_after=2026-06-30 00:00:00+00:00
[2026-06-30T08:42:15.657+0000] {processor.py:183} INFO - Processing /home/airflow/.local/lib/python3.12/site-packages/airflow/example_dags/example_nested_branch_dag.py took 0.074 seconds
[2026-06-30T08:42:46.049+0000] {processor.py:161} INFO - Started process (PID=24495) to work on /home/airflow/.local/lib/python3.12/site-packages/airflow/example_dags/example_nested_branch_dag.py
[2026-06-30T08:42:46.050+0000] {processor.py:830} INFO - Processing file /home/airflow/.local/lib/python3.12/site-packages/airflow/example_dags/example_nested_branch_dag.py for tasks to queue
[2026-06-30T08:42:46.051+0000] {logging_mixin.py:188} INFO - [2026-06-30T08:42:46.051+0000] {dagbag.py:545} INFO - Filling up the DagBag from /home/airflow/.local/lib/python3.12/site-packages/airflow/example_dags/example_nested_branch_dag.py
[2026-06-30T08:42:46.060+0000] {processor.py:840} INFO - DAG(s) 'example_nested_branch_dag' retrieved from /home/airflow/.local/lib/python3.12/site-packages/airflow/example_dags/example_nested_branch_dag.py
[2026-06-30T08:42:46.082+0000] {logging_mixin.py:188} INFO - [2026-06-30T08:42:46.081+0000] {dag.py:3096} INFO - Sync 1 DAGs
[2026-06-30T08:42:46.103+0000] {logging_mixin.py:188} INFO - [2026-06-30T08:42:46.103+0000] {dag.py:3954} INFO - Setting next_dagrun for example_nested_branch_dag to 2026-06-29 00:00:00+00:00, run_after=2026-06-30 00:00:00+00:00
[2026-06-30T08:42:46.121+0000] {processor.py:183} INFO - Processing /home/airflow/.local/lib/python3.12/site-packages/airflow/example_dags/example_nested_branch_dag.py took 0.078 seconds
[2026-06-30T08:43:16.209+0000] {processor.py:161} INFO - Started process (PID=24553) to work on /home/airflow/.local/lib/python3.12/site-packages/airflow/example_dags/example_nested_branch_dag.py
[2026-06-30T08:43:16.211+0000] {processor.py:830} INFO - Processing file /home/airflow/.local/lib/python3.12/site-packages/airflow/example_dags/example_nested_branch_dag.py for tasks to queue
[2026-06-30T08:43:16.213+0000] {logging_mixin.py:188} INFO - [2026-06-30T08:43:16.212+0000] {dagbag.py:545} INFO - Filling up the DagBag from /home/airflow/.local/lib/python3.12/site-packages/airflow/example_dags/example_nested_branch_dag.py
[2026-06-30T08:43:16.226+0000] {processor.py:840} INFO - DAG(s) 'example_nested_branch_dag' retrieved from /home/airflow/.local/lib/python3.12/site-packages/airflow/example_dags/example_nested_branch_dag.py
[2026-06-30T08:43:16.251+0000] {logging_mixin.py:188} INFO - [2026-06-30T08:43:16.251+0000] {dag.py:3096} INFO - Sync 1 DAGs
[2026-06-30T08:43:16.277+0000] {logging_mixin.py:188} INFO - [2026-06-30T08:43:16.277+0000] {dag.py:3954} INFO - Setting next_dagrun for example_nested_branch_dag to 2026-06-29 00:00:00+00:00, run_after=2026-06-30 00:00:00+00:00
[2026-06-30T08:43:16.302+0000] {processor.py:183} INFO - Processing /home/airflow/.local/lib/python3.12/site-packages/airflow/example_dags/example_nested_branch_dag.py took 0.100 seconds
[2026-06-30T08:43:46.856+0000] {processor.py:161} INFO - Started process (PID=24611) to work on /home/airflow/.local/lib/python3.12/site-packages/airflow/example_dags/example_nested_branch_dag.py
[2026-06-30T08:43:46.857+0000] {processor.py:830} INFO - Processing file /home/airflow/.local/lib/python3.12/site-packages/airflow/example_dags/example_nested_branch_dag.py for tasks to queue
[2026-06-30T08:43:46.857+0000] {logging_mixin.py:188} INFO - [2026-06-30T08:43:46.857+0000] {dagbag.py:545} INFO - Filling up the DagBag from /home/airflow/.local/lib/python3.12/site-packages/airflow/example_dags/example_nested_branch_dag.py
[2026-06-30T08:43:46.865+0000] {processor.py:840} INFO - DAG(s) 'example_nested_branch_dag' retrieved from /home/airflow/.local/lib/python3.12/site-packages/airflow/example_dags/example_nested_branch_dag.py
[2026-06-30T08:43:46.883+0000] {logging_mixin.py:188} INFO - [2026-06-30T08:43:46.883+0000] {dag.py:3096} INFO - Sync 1 DAGs
[2026-06-30T08:43:46.899+0000] {logging_mixin.py:188} INFO - [2026-06-30T08:43:46.898+0000] {dag.py:3954} INFO - Setting next_dagrun for example_nested_branch_dag to 2026-06-29 00:00:00+00:00, run_after=2026-06-30 00:00:00+00:00
[2026-06-30T08:43:46.914+0000] {processor.py:183} INFO - Processing /home/airflow/.local/lib/python3.12/site-packages/airflow/example_dags/example_nested_branch_dag.py took 0.063 seconds
[2026-06-30T08:44:17.159+0000] {processor.py:161} INFO - Started process (PID=24669) to work on /home/airflow/.local/lib/python3.12/site-packages/airflow/example_dags/example_nested_branch_dag.py
[2026-06-30T08:44:17.160+0000] {processor.py:830} INFO - Processing file /home/airflow/.local/lib/python3.12/site-packages/airflow/example_dags/example_nested_branch_dag.py for tasks to queue
[2026-06-30T08:44:17.160+0000] {logging_mixin.py:188} INFO - [2026-06-30T08:44:17.160+0000] {dagbag.py:545} INFO - Filling up the DagBag from /home/airflow/.local/lib/python3.12/site-packages/airflow/example_dags/example_nested_branch_dag.py
[2026-06-30T08:44:17.168+0000] {processor.py:840} INFO - DAG(s) 'example_nested_branch_dag' retrieved from /home/airflow/.local/lib/python3.12/site-packages/airflow/example_dags/example_nested_branch_dag.py
[2026-06-30T08:44:17.184+0000] {logging_mixin.py:188} INFO - [2026-06-30T08:44:17.183+0000] {dag.py:3096} INFO - Sync 1 DAGs
[2026-06-30T08:44:17.198+0000] {logging_mixin.py:188} INFO - [2026-06-30T08:44:17.198+0000] {dag.py:3954} INFO - Setting next_dagrun for example_nested_branch_dag to 2026-06-29 00:00:00+00:00, run_after=2026-06-30 00:00:00+00:00
[2026-06-30T08:44:17.210+0000] {processor.py:183} INFO - Processing /home/airflow/.local/lib/python3.12/site-packages/airflow/example_dags/example_nested_branch_dag.py took 0.055 seconds
[2026-06-30T08:44:47.592+0000] {processor.py:161} INFO - Started process (PID=24727) to work on /home/airflow/.local/lib/python3.12/site-packages/airflow/example_dags/example_nested_branch_dag.py
[2026-06-30T08:44:47.593+0000] {processor.py:830} INFO - Processing file /home/airflow/.local/lib/python3.12/site-packages/airflow/example_dags/example_nested_branch_dag.py for tasks to queue
[2026-06-30T08:44:47.594+0000] {logging_mixin.py:188} INFO - [2026-06-30T08:44:47.594+0000] {dagbag.py:545} INFO - Filling up the DagBag from /home/airflow/.local/lib/python3.12/site-packages/airflow/example_dags/example_nested_branch_dag.py
[2026-06-30T08:44:47.603+0000] {processor.py:840} INFO - DAG(s) 'example_nested_branch_dag' retrieved from /home/airflow/.local/lib/python3.12/site-packages/airflow/example_dags/example_nested_branch_dag.py
[2026-06-30T08:44:47.627+0000] {logging_mixin.py:188} INFO - [2026-06-30T08:44:47.627+0000] {dag.py:3096} INFO - Sync 1 DAGs
[2026-06-30T08:44:47.654+0000] {logging_mixin.py:188} INFO - [2026-06-30T08:44:47.653+0000] {dag.py:3954} INFO - Setting next_dagrun for example_nested_branch_dag to 2026-06-29 00:00:00+00:00, run_after=2026-06-30 00:00:00+00:00
[2026-06-30T08:44:47.676+0000] {processor.py:183} INFO - Processing /home/airflow/.local/lib/python3.12/site-packages/airflow/example_dags/example_nested_branch_dag.py took 0.088 seconds
[2026-06-30T08:45:17.988+0000] {processor.py:161} INFO - Started process (PID=24785) to work on /home/airflow/.local/lib/python3.12/site-packages/airflow/example_dags/example_nested_branch_dag.py
[2026-06-30T08:45:17.988+0000] {processor.py:830} INFO - Processing file /home/airflow/.local/lib/python3.12/site-packages/airflow/example_dags/example_nested_branch_dag.py for tasks to queue
[2026-06-30T08:45:17.989+0000] {logging_mixin.py:188} INFO - [2026-06-30T08:45:17.989+0000] {dagbag.py:545} INFO - Filling up the DagBag from /home/airflow/.local/lib/python3.12/site-packages/airflow/example_dags/example_nested_branch_dag.py
[2026-06-30T08:45:17.997+0000] {processor.py:840} INFO - DAG(s) 'example_nested_branch_dag' retrieved from /home/airflow/.local/lib/python3.12/site-packages/airflow/example_dags/example_nested_branch_dag.py
[2026-06-30T08:45:18.016+0000] {logging_mixin.py:188} INFO - [2026-06-30T08:45:18.016+0000] {dag.py:3096} INFO - Sync 1 DAGs
[2026-06-30T08:45:18.034+0000] {logging_mixin.py:188} INFO - [2026-06-30T08:45:18.034+0000] {dag.py:3954} INFO - Setting next_dagrun for example_nested_branch_dag to 2026-06-29 00:00:00+00:00, run_after=2026-06-30 00:00:00+00:00
[2026-06-30T08:45:18.050+0000] {processor.py:183} INFO - Processing /home/airflow/.local/lib/python3.12/site-packages/airflow/example_dags/example_nested_branch_dag.py took 0.067 seconds
[2026-06-30T08:45:48.692+0000] {processor.py:161} INFO - Started process (PID=24843) to work on /home/airflow/.local/lib/python3.12/site-packages/airflow/example_dags/example_nested_branch_dag.py
[2026-06-30T08:45:48.693+0000] {processor.py:830} INFO - Processing file /home/airflow/.local/lib/python3.12/site-packages/airflow/example_dags/example_nested_branch_dag.py for tasks to queue
[2026-06-30T08:45:48.694+0000] {logging_mixin.py:188} INFO - [2026-06-30T08:45:48.694+0000] {dagbag.py:545} INFO - Filling up the DagBag from /home/airflow/.local/lib/python3.12/site-packages/airflow/example_dags/example_nested_branch_dag.py
[2026-06-30T08:45:48.704+0000] {processor.py:840} INFO - DAG(s) 'example_nested_branch_dag' retrieved from /home/airflow/.local/lib/python3.12/site-packages/airflow/example_dags/example_nested_branch_dag.py
[2026-06-30T08:45:48.726+0000] {logging_mixin.py:188} INFO - [2026-06-30T08:45:48.725+0000] {dag.py:3096} INFO - Sync 1 DAGs
[2026-06-30T08:45:48.747+0000] {logging_mixin.py:188} INFO - [2026-06-30T08:45:48.747+0000] {dag.py:3954} INFO - Setting next_dagrun for example_nested_branch_dag to 2026-06-29 00:00:00+00:00, run_after=2026-06-30 00:00:00+00:00
[2026-06-30T08:45:48.766+0000] {processor.py:183} INFO - Processing /home/airflow/.local/lib/python3.12/site-packages/airflow/example_dags/example_nested_branch_dag.py took 0.081 seconds
[2026-06-30T08:46:19.413+0000] {processor.py:161} INFO - Started process (PID=24901) to work on /home/airflow/.local/lib/python3.12/site-packages/airflow/example_dags/example_nested_branch_dag.py
[2026-06-30T08:46:19.414+0000] {processor.py:830} INFO - Processing file /home/airflow/.local/lib/python3.12/site-packages/airflow/example_dags/example_nested_branch_dag.py for tasks to queue
[2026-06-30T08:46:19.415+0000] {logging_mixin.py:188} INFO - [2026-06-30T08:46:19.415+0000] {dagbag.py:545} INFO - Filling up the DagBag from /home/airflow/.local/lib/python3.12/site-packages/airflow/example_dags/example_nested_branch_dag.py
[2026-06-30T08:46:19.423+0000] {processor.py:840} INFO - DAG(s) 'example_nested_branch_dag' retrieved from /home/airflow/.local/lib/python3.12/site-packages/airflow/example_dags/example_nested_branch_dag.py
[2026-06-30T08:46:19.440+0000] {logging_mixin.py:188} INFO - [2026-06-30T08:46:19.440+0000] {dag.py:3096} INFO - Sync 1 DAGs
[2026-06-30T08:46:19.457+0000] {logging_mixin.py:188} INFO - [2026-06-30T08:46:19.457+0000] {dag.py:3954} INFO - Setting next_dagrun for example_nested_branch_dag to 2026-06-29 00:00:00+00:00, run_after=2026-06-30 00:00:00+00:00
[2026-06-30T08:46:19.486+0000] {processor.py:183} INFO - Processing /home/airflow/.local/lib/python3.12/site-packages/airflow/example_dags/example_nested_branch_dag.py took 0.077 seconds
[2026-06-30T08:46:50.053+0000] {processor.py:161} INFO - Started process (PID=24959) to work on /home/airflow/.local/lib/python3.12/site-packages/airflow/example_dags/example_nested_branch_dag.py
[2026-06-30T08:46:50.054+0000] {processor.py:830} INFO - Processing file /home/airflow/.local/lib/python3.12/site-packages/airflow/example_dags/example_nested_branch_dag.py for tasks to queue
[2026-06-30T08:46:50.055+0000] {logging_mixin.py:188} INFO - [2026-06-30T08:46:50.055+0000] {dagbag.py:545} INFO - Filling up the DagBag from /home/airflow/.local/lib/python3.12/site-packages/airflow/example_dags/example_nested_branch_dag.py
[2026-06-30T08:46:50.063+0000] {processor.py:840} INFO - DAG(s) 'example_nested_branch_dag' retrieved from /home/airflow/.local/lib/python3.12/site-packages/airflow/example_dags/example_nested_branch_dag.py
[2026-06-30T08:46:50.081+0000] {logging_mixin.py:188} INFO - [2026-06-30T08:46:50.081+0000] {dag.py:3096} INFO - Sync 1 DAGs
[2026-06-30T08:46:50.097+0000] {logging_mixin.py:188} INFO - [2026-06-30T08:46:50.097+0000] {dag.py:3954} INFO - Setting next_dagrun for example_nested_branch_dag to 2026-06-29 00:00:00+00:00, run_after=2026-06-30 00:00:00+00:00
[2026-06-30T08:46:50.112+0000] {processor.py:183} INFO - Processing /home/airflow/.local/lib/python3.12/site-packages/airflow/example_dags/example_nested_branch_dag.py took 0.063 seconds
[2026-06-30T08:47:20.475+0000] {processor.py:161} INFO - Started process (PID=25017) to work on /home/airflow/.local/lib/python3.12/site-packages/airflow/example_dags/example_nested_branch_dag.py
[2026-06-30T08:47:20.476+0000] {processor.py:830} INFO - Processing file /home/airflow/.local/lib/python3.12/site-packages/airflow/example_dags/example_nested_branch_dag.py for tasks to queue
[2026-06-30T08:47:20.477+0000] {logging_mixin.py:188} INFO - [2026-06-30T08:47:20.477+0000] {dagbag.py:545} INFO - Filling up the DagBag from /home/airflow/.local/lib/python3.12/site-packages/airflow/example_dags/example_nested_branch_dag.py
[2026-06-30T08:47:20.487+0000] {processor.py:840} INFO - DAG(s) 'example_nested_branch_dag' retrieved from /home/airflow/.local/lib/python3.12/site-packages/airflow/example_dags/example_nested_branch_dag.py
[2026-06-30T08:47:20.505+0000] {logging_mixin.py:188} INFO - [2026-06-30T08:47:20.505+0000] {dag.py:3096} INFO - Sync 1 DAGs
[2026-06-30T08:47:20.521+0000] {logging_mixin.py:188} INFO - [2026-06-30T08:47:20.521+0000] {dag.py:3954} INFO - Setting next_dagrun for example_nested_branch_dag to 2026-06-29 00:00:00+00:00, run_after=2026-06-30 00:00:00+00:00
[2026-06-30T08:47:20.534+0000] {processor.py:183} INFO - Processing /home/airflow/.local/lib/python3.12/site-packages/airflow/example_dags/example_nested_branch_dag.py took 0.064 seconds
[2026-06-30T08:47:50.998+0000] {processor.py:161} INFO - Started process (PID=25075) to work on /home/airflow/.local/lib/python3.12/site-packages/airflow/example_dags/example_nested_branch_dag.py
[2026-06-30T08:47:50.999+0000] {processor.py:830} INFO - Processing file /home/airflow/.local/lib/python3.12/site-packages/airflow/example_dags/example_nested_branch_dag.py for tasks to queue
[2026-06-30T08:47:51.000+0000] {logging_mixin.py:188} INFO - [2026-06-30T08:47:51.000+0000] {dagbag.py:545} INFO - Filling up the DagBag from /home/airflow/.local/lib/python3.12/site-packages/airflow/example_dags/example_nested_branch_dag.py
[2026-06-30T08:47:51.009+0000] {processor.py:840} INFO - DAG(s) 'example_nested_branch_dag' retrieved from /home/airflow/.local/lib/python3.12/site-packages/airflow/example_dags/example_nested_branch_dag.py
[2026-06-30T08:47:51.049+0000] {logging_mixin.py:188} INFO - [2026-06-30T08:47:51.049+0000] {dag.py:3096} INFO - Sync 1 DAGs
[2026-06-30T08:47:51.069+0000] {logging_mixin.py:188} INFO - [2026-06-30T08:47:51.068+0000] {dag.py:3954} INFO - Setting next_dagrun for example_nested_branch_dag to 2026-06-29 00:00:00+00:00, run_after=2026-06-30 00:00:00+00:00
[2026-06-30T08:47:51.084+0000] {processor.py:183} INFO - Processing /home/airflow/.local/lib/python3.12/site-packages/airflow/example_dags/example_nested_branch_dag.py took 0.091 seconds
[2026-06-30T08:48:21.627+0000] {processor.py:161} INFO - Started process (PID=25133) to work on /home/airflow/.local/lib/python3.12/site-packages/airflow/example_dags/example_nested_branch_dag.py
[2026-06-30T08:48:21.628+0000] {processor.py:830} INFO - Processing file /home/airflow/.local/lib/python3.12/site-packages/airflow/example_dags/example_nested_branch_dag.py for tasks to queue
[2026-06-30T08:48:21.629+0000] {logging_mixin.py:188} INFO - [2026-06-30T08:48:21.629+0000] {dagbag.py:545} INFO - Filling up the DagBag from /home/airflow/.local/lib/python3.12/site-packages/airflow/example_dags/example_nested_branch_dag.py
[2026-06-30T08:48:21.638+0000] {processor.py:840} INFO - DAG(s) 'example_nested_branch_dag' retrieved from /home/airflow/.local/lib/python3.12/site-packages/airflow/example_dags/example_nested_branch_dag.py
[2026-06-30T08:48:21.656+0000] {logging_mixin.py:188} INFO - [2026-06-30T08:48:21.656+0000] {dag.py:3096} INFO - Sync 1 DAGs
[2026-06-30T08:48:21.676+0000] {logging_mixin.py:188} INFO - [2026-06-30T08:48:21.675+0000] {dag.py:3954} INFO - Setting next_dagrun for example_nested_branch_dag to 2026-06-29 00:00:00+00:00, run_after=2026-06-30 00:00:00+00:00
[2026-06-30T08:48:21.691+0000] {processor.py:183} INFO - Processing /home/airflow/.local/lib/python3.12/site-packages/airflow/example_dags/example_nested_branch_dag.py took 0.070 seconds
[2026-06-30T08:48:52.169+0000] {processor.py:161} INFO - Started process (PID=25191) to work on /home/airflow/.local/lib/python3.12/site-packages/airflow/example_dags/example_nested_branch_dag.py
[2026-06-30T08:48:52.170+0000] {processor.py:830} INFO - Processing file /home/airflow/.local/lib/python3.12/site-packages/airflow/example_dags/example_nested_branch_dag.py for tasks to queue
[2026-06-30T08:48:52.171+0000] {logging_mixin.py:188} INFO - [2026-06-30T08:48:52.170+0000] {dagbag.py:545} INFO - Filling up the DagBag from /home/airflow/.local/lib/python3.12/site-packages/airflow/example_dags/example_nested_branch_dag.py
[2026-06-30T08:48:52.179+0000] {processor.py:840} INFO - DAG(s) 'example_nested_branch_dag' retrieved from /home/airflow/.local/lib/python3.12/site-packages/airflow/example_dags/example_nested_branch_dag.py
[2026-06-30T08:48:52.197+0000] {logging_mixin.py:188} INFO - [2026-06-30T08:48:52.197+0000] {dag.py:3096} INFO - Sync 1 DAGs
[2026-06-30T08:48:52.213+0000] {logging_mixin.py:188} INFO - [2026-06-30T08:48:52.213+0000] {dag.py:3954} INFO - Setting next_dagrun for example_nested_branch_dag to 2026-06-29 00:00:00+00:00, run_after=2026-06-30 00:00:00+00:00
[2026-06-30T08:48:52.229+0000] {processor.py:183} INFO - Processing /home/airflow/.local/lib/python3.12/site-packages/airflow/example_dags/example_nested_branch_dag.py took 0.065 seconds
[2026-06-30T08:49:22.586+0000] {processor.py:161} INFO - Started process (PID=25249) to work on /home/airflow/.local/lib/python3.12/site-packages/airflow/example_dags/example_nested_branch_dag.py
[2026-06-30T08:49:22.587+0000] {processor.py:830} INFO - Processing file /home/airflow/.local/lib/python3.12/site-packages/airflow/example_dags/example_nested_branch_dag.py for tasks to queue
[2026-06-30T08:49:22.588+0000] {logging_mixin.py:188} INFO - [2026-06-30T08:49:22.588+0000] {dagbag.py:545} INFO - Filling up the DagBag from /home/airflow/.local/lib/python3.12/site-packages/airflow/example_dags/example_nested_branch_dag.py
[2026-06-30T08:49:22.596+0000] {processor.py:840} INFO - DAG(s) 'example_nested_branch_dag' retrieved from /home/airflow/.local/lib/python3.12/site-packages/airflow/example_dags/example_nested_branch_dag.py
[2026-06-30T08:49:22.618+0000] {logging_mixin.py:188} INFO - [2026-06-30T08:49:22.618+0000] {dag.py:3096} INFO - Sync 1 DAGs
[2026-06-30T08:49:22.641+0000] {logging_mixin.py:188} INFO - [2026-06-30T08:49:22.641+0000] {dag.py:3954} INFO - Setting next_dagrun for example_nested_branch_dag to 2026-06-29 00:00:00+00:00, run_after=2026-06-30 00:00:00+00:00
[2026-06-30T08:49:22.662+0000] {processor.py:183} INFO - Processing /home/airflow/.local/lib/python3.12/site-packages/airflow/example_dags/example_nested_branch_dag.py took 0.080 seconds
[2026-06-30T08:49:53.286+0000] {processor.py:161} INFO - Started process (PID=25306) to work on /home/airflow/.local/lib/python3.12/site-packages/airflow/example_dags/example_nested_branch_dag.py
[2026-06-30T08:49:53.287+0000] {processor.py:830} INFO - Processing file /home/airflow/.local/lib/python3.12/site-packages/airflow/example_dags/example_nested_branch_dag.py for tasks to queue
[2026-06-30T08:49:53.288+0000] {logging_mixin.py:188} INFO - [2026-06-30T08:49:53.288+0000] {dagbag.py:545} INFO - Filling up the DagBag from /home/airflow/.local/lib/python3.12/site-packages/airflow/example_dags/example_nested_branch_dag.py
[2026-06-30T08:49:53.298+0000] {processor.py:840} INFO - DAG(s) 'example_nested_branch_dag' retrieved from /home/airflow/.local/lib/python3.12/site-packages/airflow/example_dags/example_nested_branch_dag.py
[2026-06-30T08:49:53.319+0000] {logging_mixin.py:188} INFO - [2026-06-30T08:49:53.319+0000] {dag.py:3096} INFO - Sync 1 DAGs
[2026-06-30T08:49:53.337+0000] {logging_mixin.py:188} INFO - [2026-06-30T08:49:53.337+0000] {dag.py:3954} INFO - Setting next_dagrun for example_nested_branch_dag to 2026-06-29 00:00:00+00:00, run_after=2026-06-30 00:00:00+00:00
[2026-06-30T08:49:53.387+0000] {processor.py:183} INFO - Processing /home/airflow/.local/lib/python3.12/site-packages/airflow/example_dags/example_nested_branch_dag.py took 0.108 seconds
[2026-06-30T08:50:23.813+0000] {processor.py:161} INFO - Started process (PID=25364) to work on /home/airflow/.local/lib/python3.12/site-packages/airflow/example_dags/example_nested_branch_dag.py
[2026-06-30T08:50:23.814+0000] {processor.py:830} INFO - Processing file /home/airflow/.local/lib/python3.12/site-packages/airflow/example_dags/example_nested_branch_dag.py for tasks to queue
[2026-06-30T08:50:23.815+0000] {logging_mixin.py:188} INFO - [2026-06-30T08:50:23.815+0000] {dagbag.py:545} INFO - Filling up the DagBag from /home/airflow/.local/lib/python3.12/site-packages/airflow/example_dags/example_nested_branch_dag.py
[2026-06-30T08:50:23.823+0000] {processor.py:840} INFO - DAG(s) 'example_nested_branch_dag' retrieved from /home/airflow/.local/lib/python3.12/site-packages/airflow/example_dags/example_nested_branch_dag.py
[2026-06-30T08:50:23.843+0000] {logging_mixin.py:188} INFO - [2026-06-30T08:50:23.842+0000] {dag.py:3096} INFO - Sync 1 DAGs
[2026-06-30T08:50:23.862+0000] {logging_mixin.py:188} INFO - [2026-06-30T08:50:23.862+0000] {dag.py:3954} INFO - Setting next_dagrun for example_nested_branch_dag to 2026-06-29 00:00:00+00:00, run_after=2026-06-30 00:00:00+00:00
[2026-06-30T08:50:23.877+0000] {processor.py:183} INFO - Processing /home/airflow/.local/lib/python3.12/site-packages/airflow/example_dags/example_nested_branch_dag.py took 0.069 seconds
[2026-06-30T08:50:54.299+0000] {processor.py:161} INFO - Started process (PID=25422) to work on /home/airflow/.local/lib/python3.12/site-packages/airflow/example_dags/example_nested_branch_dag.py
[2026-06-30T08:50:54.300+0000] {processor.py:830} INFO - Processing file /home/airflow/.local/lib/python3.12/site-packages/airflow/example_dags/example_nested_branch_dag.py for tasks to queue
[2026-06-30T08:50:54.300+0000] {logging_mixin.py:188} INFO - [2026-06-30T08:50:54.300+0000] {dagbag.py:545} INFO - Filling up the DagBag from /home/airflow/.local/lib/python3.12/site-packages/airflow/example_dags/example_nested_branch_dag.py
[2026-06-30T08:50:54.309+0000] {processor.py:840} INFO - DAG(s) 'example_nested_branch_dag' retrieved from /home/airflow/.local/lib/python3.12/site-packages/airflow/example_dags/example_nested_branch_dag.py
[2026-06-30T08:50:54.326+0000] {logging_mixin.py:188} INFO - [2026-06-30T08:50:54.326+0000] {dag.py:3096} INFO - Sync 1 DAGs
[2026-06-30T08:50:54.344+0000] {logging_mixin.py:188} INFO - [2026-06-30T08:50:54.344+0000] {dag.py:3954} INFO - Setting next_dagrun for example_nested_branch_dag to 2026-06-29 00:00:00+00:00, run_after=2026-06-30 00:00:00+00:00
[2026-06-30T08:50:54.358+0000] {processor.py:183} INFO - Processing /home/airflow/.local/lib/python3.12/site-packages/airflow/example_dags/example_nested_branch_dag.py took 0.064 seconds
[2026-06-30T08:51:24.982+0000] {processor.py:161} INFO - Started process (PID=25480) to work on /home/airflow/.local/lib/python3.12/site-packages/airflow/example_dags/example_nested_branch_dag.py
[2026-06-30T08:51:24.983+0000] {processor.py:830} INFO - Processing file /home/airflow/.local/lib/python3.12/site-packages/airflow/example_dags/example_nested_branch_dag.py for tasks to queue
[2026-06-30T08:51:24.984+0000] {logging_mixin.py:188} INFO - [2026-06-30T08:51:24.983+0000] {dagbag.py:545} INFO - Filling up the DagBag from /home/airflow/.local/lib/python3.12/site-packages/airflow/example_dags/example_nested_branch_dag.py
[2026-06-30T08:51:24.991+0000] {processor.py:840} INFO - DAG(s) 'example_nested_branch_dag' retrieved from /home/airflow/.local/lib/python3.12/site-packages/airflow/example_dags/example_nested_branch_dag.py
[2026-06-30T08:51:25.006+0000] {logging_mixin.py:188} INFO - [2026-06-30T08:51:25.005+0000] {dag.py:3096} INFO - Sync 1 DAGs
[2026-06-30T08:51:25.023+0000] {logging_mixin.py:188} INFO - [2026-06-30T08:51:25.023+0000] {dag.py:3954} INFO - Setting next_dagrun for example_nested_branch_dag to 2026-06-29 00:00:00+00:00, run_after=2026-06-30 00:00:00+00:00
[2026-06-30T08:51:25.036+0000] {processor.py:183} INFO - Processing /home/airflow/.local/lib/python3.12/site-packages/airflow/example_dags/example_nested_branch_dag.py took 0.058 seconds
[2026-06-30T08:51:55.216+0000] {processor.py:161} INFO - Started process (PID=25537) to work on /home/airflow/.local/lib/python3.12/site-packages/airflow/example_dags/example_nested_branch_dag.py
[2026-06-30T08:51:55.216+0000] {processor.py:830} INFO - Processing file /home/airflow/.local/lib/python3.12/site-packages/airflow/example_dags/example_nested_branch_dag.py for tasks to queue
[2026-06-30T08:51:55.217+0000] {logging_mixin.py:188} INFO - [2026-06-30T08:51:55.217+0000] {dagbag.py:545} INFO - Filling up the DagBag from /home/airflow/.local/lib/python3.12/site-packages/airflow/example_dags/example_nested_branch_dag.py
[2026-06-30T08:51:55.224+0000] {processor.py:840} INFO - DAG(s) 'example_nested_branch_dag' retrieved from /home/airflow/.local/lib/python3.12/site-packages/airflow/example_dags/example_nested_branch_dag.py
[2026-06-30T08:51:55.241+0000] {logging_mixin.py:188} INFO - [2026-06-30T08:51:55.240+0000] {dag.py:3096} INFO - Sync 1 DAGs
[2026-06-30T08:51:55.398+0000] {logging_mixin.py:188} INFO - [2026-06-30T08:51:55.398+0000] {dag.py:3954} INFO - Setting next_dagrun for example_nested_branch_dag to 2026-06-29 00:00:00+00:00, run_after=2026-06-30 00:00:00+00:00
[2026-06-30T08:51:55.411+0000] {processor.py:183} INFO - Processing /home/airflow/.local/lib/python3.12/site-packages/airflow/example_dags/example_nested_branch_dag.py took 0.200 seconds
[2026-06-30T08:52:25.688+0000] {processor.py:161} INFO - Started process (PID=25595) to work on /home/airflow/.local/lib/python3.12/site-packages/airflow/example_dags/example_nested_branch_dag.py
[2026-06-30T08:52:25.690+0000] {processor.py:830} INFO - Processing file /home/airflow/.local/lib/python3.12/site-packages/airflow/example_dags/example_nested_branch_dag.py for tasks to queue
[2026-06-30T08:52:25.690+0000] {logging_mixin.py:188} INFO - [2026-06-30T08:52:25.690+0000] {dagbag.py:545} INFO - Filling up the DagBag from /home/airflow/.local/lib/python3.12/site-packages/airflow/example_dags/example_nested_branch_dag.py
[2026-06-30T08:52:25.698+0000] {processor.py:840} INFO - DAG(s) 'example_nested_branch_dag' retrieved from /home/airflow/.local/lib/python3.12/site-packages/airflow/example_dags/example_nested_branch_dag.py
[2026-06-30T08:52:25.716+0000] {logging_mixin.py:188} INFO - [2026-06-30T08:52:25.716+0000] {dag.py:3096} INFO - Sync 1 DAGs
[2026-06-30T08:52:25.734+0000] {logging_mixin.py:188} INFO - [2026-06-30T08:52:25.734+0000] {dag.py:3954} INFO - Setting next_dagrun for example_nested_branch_dag to 2026-06-29 00:00:00+00:00, run_after=2026-06-30 00:00:00+00:00
[2026-06-30T08:52:25.748+0000] {processor.py:183} INFO - Processing /home/airflow/.local/lib/python3.12/site-packages/airflow/example_dags/example_nested_branch_dag.py took 0.065 seconds
[2026-06-30T08:52:56.107+0000] {processor.py:161} INFO - Started process (PID=25653) to work on /home/airflow/.local/lib/python3.12/site-packages/airflow/example_dags/example_nested_branch_dag.py
[2026-06-30T08:52:56.107+0000] {processor.py:830} INFO - Processing file /home/airflow/.local/lib/python3.12/site-packages/airflow/example_dags/example_nested_branch_dag.py for tasks to queue
[2026-06-30T08:52:56.108+0000] {logging_mixin.py:188} INFO - [2026-06-30T08:52:56.108+0000] {dagbag.py:545} INFO - Filling up the DagBag from /home/airflow/.local/lib/python3.12/site-packages/airflow/example_dags/example_nested_branch_dag.py
[2026-06-30T08:52:56.115+0000] {processor.py:840} INFO - DAG(s) 'example_nested_branch_dag' retrieved from /home/airflow/.local/lib/python3.12/site-packages/airflow/example_dags/example_nested_branch_dag.py
[2026-06-30T08:52:56.132+0000] {logging_mixin.py:188} INFO - [2026-06-30T08:52:56.132+0000] {dag.py:3096} INFO - Sync 1 DAGs
[2026-06-30T08:52:56.149+0000] {logging_mixin.py:188} INFO - [2026-06-30T08:52:56.149+0000] {dag.py:3954} INFO - Setting next_dagrun for example_nested_branch_dag to 2026-06-29 00:00:00+00:00, run_after=2026-06-30 00:00:00+00:00
[2026-06-30T08:52:56.167+0000] {processor.py:183} INFO - Processing /home/airflow/.local/lib/python3.12/site-packages/airflow/example_dags/example_nested_branch_dag.py took 0.065 seconds
