[2026-06-30T08:05:48.355+0000] {processor.py:161} INFO - Started process (PID=21756) to work on /home/airflow/.local/lib/python3.12/site-packages/airflow/example_dags/example_branch_python_dop_operator_3.py
[2026-06-30T08:05:48.357+0000] {processor.py:830} INFO - Processing file /home/airflow/.local/lib/python3.12/site-packages/airflow/example_dags/example_branch_python_dop_operator_3.py for tasks to queue
[2026-06-30T08:05:48.358+0000] {logging_mixin.py:188} INFO - [2026-06-30T08:05:48.358+0000] {dagbag.py:545} INFO - Filling up the DagBag from /home/airflow/.local/lib/python3.12/site-packages/airflow/example_dags/example_branch_python_dop_operator_3.py
[2026-06-30T08:05:48.366+0000] {processor.py:840} INFO - DAG(s) 'example_branch_dop_operator_v3' retrieved from /home/airflow/.local/lib/python3.12/site-packages/airflow/example_dags/example_branch_python_dop_operator_3.py
[2026-06-30T08:05:48.386+0000] {logging_mixin.py:188} INFO - [2026-06-30T08:05:48.385+0000] {dag.py:3096} INFO - Sync 1 DAGs
[2026-06-30T08:05:48.410+0000] {logging_mixin.py:188} INFO - [2026-06-30T08:05:48.410+0000] {dag.py:3954} INFO - Setting next_dagrun for example_branch_dop_operator_v3 to 2026-06-30 08:04:00+00:00, run_after=2026-06-30 08:05:00+00:00
[2026-06-30T08:05:48.430+0000] {processor.py:183} INFO - Processing /home/airflow/.local/lib/python3.12/site-packages/airflow/example_dags/example_branch_python_dop_operator_3.py took 0.084 seconds
[2026-06-30T08:18:55.173+0000] {processor.py:161} INFO - Started process (PID=21808) to work on /home/airflow/.local/lib/python3.12/site-packages/airflow/example_dags/example_branch_python_dop_operator_3.py
[2026-06-30T08:18:55.177+0000] {processor.py:830} INFO - Processing file /home/airflow/.local/lib/python3.12/site-packages/airflow/example_dags/example_branch_python_dop_operator_3.py for tasks to queue
[2026-06-30T08:18:55.179+0000] {logging_mixin.py:188} INFO - [2026-06-30T08:18:55.179+0000] {dagbag.py:545} INFO - Filling up the DagBag from /home/airflow/.local/lib/python3.12/site-packages/airflow/example_dags/example_branch_python_dop_operator_3.py
[2026-06-30T08:18:55.201+0000] {processor.py:840} INFO - DAG(s) 'example_branch_dop_operator_v3' retrieved from /home/airflow/.local/lib/python3.12/site-packages/airflow/example_dags/example_branch_python_dop_operator_3.py
[2026-06-30T08:18:55.233+0000] {logging_mixin.py:188} INFO - [2026-06-30T08:18:55.233+0000] {dag.py:3096} INFO - Sync 1 DAGs
[2026-06-30T08:18:55.262+0000] {logging_mixin.py:188} INFO - [2026-06-30T08:18:55.262+0000] {dag.py:3954} INFO - Setting next_dagrun for example_branch_dop_operator_v3 to 2026-06-30 08:17:00+00:00, run_after=2026-06-30 08:18:00+00:00
[2026-06-30T08:18:55.285+0000] {processor.py:183} INFO - Processing /home/airflow/.local/lib/python3.12/site-packages/airflow/example_dags/example_branch_python_dop_operator_3.py took 0.127 seconds
[2026-06-30T08:19:25.773+0000] {processor.py:161} INFO - Started process (PID=21866) to work on /home/airflow/.local/lib/python3.12/site-packages/airflow/example_dags/example_branch_python_dop_operator_3.py
[2026-06-30T08:19:25.774+0000] {processor.py:830} INFO - Processing file /home/airflow/.local/lib/python3.12/site-packages/airflow/example_dags/example_branch_python_dop_operator_3.py for tasks to queue
[2026-06-30T08:19:25.775+0000] {logging_mixin.py:188} INFO - [2026-06-30T08:19:25.775+0000] {dagbag.py:545} INFO - Filling up the DagBag from /home/airflow/.local/lib/python3.12/site-packages/airflow/example_dags/example_branch_python_dop_operator_3.py
[2026-06-30T08:19:25.782+0000] {processor.py:840} INFO - DAG(s) 'example_branch_dop_operator_v3' retrieved from /home/airflow/.local/lib/python3.12/site-packages/airflow/example_dags/example_branch_python_dop_operator_3.py
[2026-06-30T08:19:25.797+0000] {logging_mixin.py:188} INFO - [2026-06-30T08:19:25.797+0000] {dag.py:3096} INFO - Sync 1 DAGs
[2026-06-30T08:19:25.813+0000] {logging_mixin.py:188} INFO - [2026-06-30T08:19:25.813+0000] {dag.py:3954} INFO - Setting next_dagrun for example_branch_dop_operator_v3 to 2026-06-30 08:18:00+00:00, run_after=2026-06-30 08:19:00+00:00
[2026-06-30T08:19:25.826+0000] {processor.py:183} INFO - Processing /home/airflow/.local/lib/python3.12/site-packages/airflow/example_dags/example_branch_python_dop_operator_3.py took 0.057 seconds
[2026-06-30T08:19:55.983+0000] {processor.py:161} INFO - Started process (PID=21924) to work on /home/airflow/.local/lib/python3.12/site-packages/airflow/example_dags/example_branch_python_dop_operator_3.py
[2026-06-30T08:19:55.984+0000] {processor.py:830} INFO - Processing file /home/airflow/.local/lib/python3.12/site-packages/airflow/example_dags/example_branch_python_dop_operator_3.py for tasks to queue
[2026-06-30T08:19:55.985+0000] {logging_mixin.py:188} INFO - [2026-06-30T08:19:55.985+0000] {dagbag.py:545} INFO - Filling up the DagBag from /home/airflow/.local/lib/python3.12/site-packages/airflow/example_dags/example_branch_python_dop_operator_3.py
[2026-06-30T08:19:55.992+0000] {processor.py:840} INFO - DAG(s) 'example_branch_dop_operator_v3' retrieved from /home/airflow/.local/lib/python3.12/site-packages/airflow/example_dags/example_branch_python_dop_operator_3.py
[2026-06-30T08:19:56.012+0000] {logging_mixin.py:188} INFO - [2026-06-30T08:19:56.012+0000] {dag.py:3096} INFO - Sync 1 DAGs
[2026-06-30T08:19:56.029+0000] {logging_mixin.py:188} INFO - [2026-06-30T08:19:56.029+0000] {dag.py:3954} INFO - Setting next_dagrun for example_branch_dop_operator_v3 to 2026-06-30 08:18:00+00:00, run_after=2026-06-30 08:19:00+00:00
[2026-06-30T08:19:56.042+0000] {processor.py:183} INFO - Processing /home/airflow/.local/lib/python3.12/site-packages/airflow/example_dags/example_branch_python_dop_operator_3.py took 0.063 seconds
[2026-06-30T08:20:26.258+0000] {processor.py:161} INFO - Started process (PID=21982) to work on /home/airflow/.local/lib/python3.12/site-packages/airflow/example_dags/example_branch_python_dop_operator_3.py
[2026-06-30T08:20:26.259+0000] {processor.py:830} INFO - Processing file /home/airflow/.local/lib/python3.12/site-packages/airflow/example_dags/example_branch_python_dop_operator_3.py for tasks to queue
[2026-06-30T08:20:26.260+0000] {logging_mixin.py:188} INFO - [2026-06-30T08:20:26.259+0000] {dagbag.py:545} INFO - Filling up the DagBag from /home/airflow/.local/lib/python3.12/site-packages/airflow/example_dags/example_branch_python_dop_operator_3.py
[2026-06-30T08:20:26.265+0000] {processor.py:840} INFO - DAG(s) 'example_branch_dop_operator_v3' retrieved from /home/airflow/.local/lib/python3.12/site-packages/airflow/example_dags/example_branch_python_dop_operator_3.py
[2026-06-30T08:20:26.279+0000] {logging_mixin.py:188} INFO - [2026-06-30T08:20:26.279+0000] {dag.py:3096} INFO - Sync 1 DAGs
[2026-06-30T08:20:26.295+0000] {logging_mixin.py:188} INFO - [2026-06-30T08:20:26.295+0000] {dag.py:3954} INFO - Setting next_dagrun for example_branch_dop_operator_v3 to 2026-06-30 08:19:00+00:00, run_after=2026-06-30 08:20:00+00:00
[2026-06-30T08:20:26.306+0000] {processor.py:183} INFO - Processing /home/airflow/.local/lib/python3.12/site-packages/airflow/example_dags/example_branch_python_dop_operator_3.py took 0.052 seconds
[2026-06-30T08:20:56.620+0000] {processor.py:161} INFO - Started process (PID=22040) to work on /home/airflow/.local/lib/python3.12/site-packages/airflow/example_dags/example_branch_python_dop_operator_3.py
[2026-06-30T08:20:56.621+0000] {processor.py:830} INFO - Processing file /home/airflow/.local/lib/python3.12/site-packages/airflow/example_dags/example_branch_python_dop_operator_3.py for tasks to queue
[2026-06-30T08:20:56.622+0000] {logging_mixin.py:188} INFO - [2026-06-30T08:20:56.622+0000] {dagbag.py:545} INFO - Filling up the DagBag from /home/airflow/.local/lib/python3.12/site-packages/airflow/example_dags/example_branch_python_dop_operator_3.py
[2026-06-30T08:20:56.629+0000] {processor.py:840} INFO - DAG(s) 'example_branch_dop_operator_v3' retrieved from /home/airflow/.local/lib/python3.12/site-packages/airflow/example_dags/example_branch_python_dop_operator_3.py
[2026-06-30T08:20:56.644+0000] {logging_mixin.py:188} INFO - [2026-06-30T08:20:56.644+0000] {dag.py:3096} INFO - Sync 1 DAGs
[2026-06-30T08:20:56.666+0000] {logging_mixin.py:188} INFO - [2026-06-30T08:20:56.666+0000] {dag.py:3954} INFO - Setting next_dagrun for example_branch_dop_operator_v3 to 2026-06-30 08:19:00+00:00, run_after=2026-06-30 08:20:00+00:00
[2026-06-30T08:20:56.685+0000] {processor.py:183} INFO - Processing /home/airflow/.local/lib/python3.12/site-packages/airflow/example_dags/example_branch_python_dop_operator_3.py took 0.069 seconds
[2026-06-30T08:21:27.107+0000] {processor.py:161} INFO - Started process (PID=22098) to work on /home/airflow/.local/lib/python3.12/site-packages/airflow/example_dags/example_branch_python_dop_operator_3.py
[2026-06-30T08:21:27.108+0000] {processor.py:830} INFO - Processing file /home/airflow/.local/lib/python3.12/site-packages/airflow/example_dags/example_branch_python_dop_operator_3.py for tasks to queue
[2026-06-30T08:21:27.109+0000] {logging_mixin.py:188} INFO - [2026-06-30T08:21:27.108+0000] {dagbag.py:545} INFO - Filling up the DagBag from /home/airflow/.local/lib/python3.12/site-packages/airflow/example_dags/example_branch_python_dop_operator_3.py
[2026-06-30T08:21:27.114+0000] {processor.py:840} INFO - DAG(s) 'example_branch_dop_operator_v3' retrieved from /home/airflow/.local/lib/python3.12/site-packages/airflow/example_dags/example_branch_python_dop_operator_3.py
[2026-06-30T08:21:27.129+0000] {logging_mixin.py:188} INFO - [2026-06-30T08:21:27.128+0000] {dag.py:3096} INFO - Sync 1 DAGs
[2026-06-30T08:21:27.143+0000] {logging_mixin.py:188} INFO - [2026-06-30T08:21:27.143+0000] {dag.py:3954} INFO - Setting next_dagrun for example_branch_dop_operator_v3 to 2026-06-30 08:20:00+00:00, run_after=2026-06-30 08:21:00+00:00
[2026-06-30T08:21:27.155+0000] {processor.py:183} INFO - Processing /home/airflow/.local/lib/python3.12/site-packages/airflow/example_dags/example_branch_python_dop_operator_3.py took 0.053 seconds
[2026-06-30T08:21:57.261+0000] {processor.py:161} INFO - Started process (PID=22156) to work on /home/airflow/.local/lib/python3.12/site-packages/airflow/example_dags/example_branch_python_dop_operator_3.py
[2026-06-30T08:21:57.261+0000] {processor.py:830} INFO - Processing file /home/airflow/.local/lib/python3.12/site-packages/airflow/example_dags/example_branch_python_dop_operator_3.py for tasks to queue
[2026-06-30T08:21:57.262+0000] {logging_mixin.py:188} INFO - [2026-06-30T08:21:57.262+0000] {dagbag.py:545} INFO - Filling up the DagBag from /home/airflow/.local/lib/python3.12/site-packages/airflow/example_dags/example_branch_python_dop_operator_3.py
[2026-06-30T08:21:57.269+0000] {processor.py:840} INFO - DAG(s) 'example_branch_dop_operator_v3' retrieved from /home/airflow/.local/lib/python3.12/site-packages/airflow/example_dags/example_branch_python_dop_operator_3.py
[2026-06-30T08:21:57.293+0000] {logging_mixin.py:188} INFO - [2026-06-30T08:21:57.293+0000] {dag.py:3096} INFO - Sync 1 DAGs
[2026-06-30T08:21:57.309+0000] {logging_mixin.py:188} INFO - [2026-06-30T08:21:57.309+0000] {dag.py:3954} INFO - Setting next_dagrun for example_branch_dop_operator_v3 to 2026-06-30 08:20:00+00:00, run_after=2026-06-30 08:21:00+00:00
[2026-06-30T08:21:57.322+0000] {processor.py:183} INFO - Processing /home/airflow/.local/lib/python3.12/site-packages/airflow/example_dags/example_branch_python_dop_operator_3.py took 0.065 seconds
[2026-06-30T08:22:27.878+0000] {processor.py:161} INFO - Started process (PID=22214) to work on /home/airflow/.local/lib/python3.12/site-packages/airflow/example_dags/example_branch_python_dop_operator_3.py
[2026-06-30T08:22:27.879+0000] {processor.py:830} INFO - Processing file /home/airflow/.local/lib/python3.12/site-packages/airflow/example_dags/example_branch_python_dop_operator_3.py for tasks to queue
[2026-06-30T08:22:27.880+0000] {logging_mixin.py:188} INFO - [2026-06-30T08:22:27.880+0000] {dagbag.py:545} INFO - Filling up the DagBag from /home/airflow/.local/lib/python3.12/site-packages/airflow/example_dags/example_branch_python_dop_operator_3.py
[2026-06-30T08:22:27.886+0000] {processor.py:840} INFO - DAG(s) 'example_branch_dop_operator_v3' retrieved from /home/airflow/.local/lib/python3.12/site-packages/airflow/example_dags/example_branch_python_dop_operator_3.py
[2026-06-30T08:22:27.903+0000] {logging_mixin.py:188} INFO - [2026-06-30T08:22:27.902+0000] {dag.py:3096} INFO - Sync 1 DAGs
[2026-06-30T08:22:27.922+0000] {logging_mixin.py:188} INFO - [2026-06-30T08:22:27.921+0000] {dag.py:3954} INFO - Setting next_dagrun for example_branch_dop_operator_v3 to 2026-06-30 08:21:00+00:00, run_after=2026-06-30 08:22:00+00:00
[2026-06-30T08:22:27.935+0000] {processor.py:183} INFO - Processing /home/airflow/.local/lib/python3.12/site-packages/airflow/example_dags/example_branch_python_dop_operator_3.py took 0.060 seconds
[2026-06-30T08:22:58.290+0000] {processor.py:161} INFO - Started process (PID=22272) to work on /home/airflow/.local/lib/python3.12/site-packages/airflow/example_dags/example_branch_python_dop_operator_3.py
[2026-06-30T08:22:58.291+0000] {processor.py:830} INFO - Processing file /home/airflow/.local/lib/python3.12/site-packages/airflow/example_dags/example_branch_python_dop_operator_3.py for tasks to queue
[2026-06-30T08:22:58.292+0000] {logging_mixin.py:188} INFO - [2026-06-30T08:22:58.292+0000] {dagbag.py:545} INFO - Filling up the DagBag from /home/airflow/.local/lib/python3.12/site-packages/airflow/example_dags/example_branch_python_dop_operator_3.py
[2026-06-30T08:22:58.298+0000] {processor.py:840} INFO - DAG(s) 'example_branch_dop_operator_v3' retrieved from /home/airflow/.local/lib/python3.12/site-packages/airflow/example_dags/example_branch_python_dop_operator_3.py
[2026-06-30T08:22:58.313+0000] {logging_mixin.py:188} INFO - [2026-06-30T08:22:58.313+0000] {dag.py:3096} INFO - Sync 1 DAGs
[2026-06-30T08:22:58.333+0000] {logging_mixin.py:188} INFO - [2026-06-30T08:22:58.333+0000] {dag.py:3954} INFO - Setting next_dagrun for example_branch_dop_operator_v3 to 2026-06-30 08:21:00+00:00, run_after=2026-06-30 08:22:00+00:00
[2026-06-30T08:22:58.346+0000] {processor.py:183} INFO - Processing /home/airflow/.local/lib/python3.12/site-packages/airflow/example_dags/example_branch_python_dop_operator_3.py took 0.060 seconds
[2026-06-30T08:23:28.666+0000] {processor.py:161} INFO - Started process (PID=22330) to work on /home/airflow/.local/lib/python3.12/site-packages/airflow/example_dags/example_branch_python_dop_operator_3.py
[2026-06-30T08:23:28.667+0000] {processor.py:830} INFO - Processing file /home/airflow/.local/lib/python3.12/site-packages/airflow/example_dags/example_branch_python_dop_operator_3.py for tasks to queue
[2026-06-30T08:23:28.668+0000] {logging_mixin.py:188} INFO - [2026-06-30T08:23:28.667+0000] {dagbag.py:545} INFO - Filling up the DagBag from /home/airflow/.local/lib/python3.12/site-packages/airflow/example_dags/example_branch_python_dop_operator_3.py
[2026-06-30T08:23:28.674+0000] {processor.py:840} INFO - DAG(s) 'example_branch_dop_operator_v3' retrieved from /home/airflow/.local/lib/python3.12/site-packages/airflow/example_dags/example_branch_python_dop_operator_3.py
[2026-06-30T08:23:28.692+0000] {logging_mixin.py:188} INFO - [2026-06-30T08:23:28.692+0000] {dag.py:3096} INFO - Sync 1 DAGs
[2026-06-30T08:23:28.709+0000] {logging_mixin.py:188} INFO - [2026-06-30T08:23:28.709+0000] {dag.py:3954} INFO - Setting next_dagrun for example_branch_dop_operator_v3 to 2026-06-30 08:22:00+00:00, run_after=2026-06-30 08:23:00+00:00
[2026-06-30T08:23:28.724+0000] {processor.py:183} INFO - Processing /home/airflow/.local/lib/python3.12/site-packages/airflow/example_dags/example_branch_python_dop_operator_3.py took 0.062 seconds
[2026-06-30T08:23:59.188+0000] {processor.py:161} INFO - Started process (PID=22388) to work on /home/airflow/.local/lib/python3.12/site-packages/airflow/example_dags/example_branch_python_dop_operator_3.py
[2026-06-30T08:23:59.189+0000] {processor.py:830} INFO - Processing file /home/airflow/.local/lib/python3.12/site-packages/airflow/example_dags/example_branch_python_dop_operator_3.py for tasks to queue
[2026-06-30T08:23:59.190+0000] {logging_mixin.py:188} INFO - [2026-06-30T08:23:59.190+0000] {dagbag.py:545} INFO - Filling up the DagBag from /home/airflow/.local/lib/python3.12/site-packages/airflow/example_dags/example_branch_python_dop_operator_3.py
[2026-06-30T08:23:59.197+0000] {processor.py:840} INFO - DAG(s) 'example_branch_dop_operator_v3' retrieved from /home/airflow/.local/lib/python3.12/site-packages/airflow/example_dags/example_branch_python_dop_operator_3.py
[2026-06-30T08:23:59.213+0000] {logging_mixin.py:188} INFO - [2026-06-30T08:23:59.213+0000] {dag.py:3096} INFO - Sync 1 DAGs
[2026-06-30T08:23:59.229+0000] {logging_mixin.py:188} INFO - [2026-06-30T08:23:59.229+0000] {dag.py:3954} INFO - Setting next_dagrun for example_branch_dop_operator_v3 to 2026-06-30 08:22:00+00:00, run_after=2026-06-30 08:23:00+00:00
[2026-06-30T08:23:59.246+0000] {processor.py:183} INFO - Processing /home/airflow/.local/lib/python3.12/site-packages/airflow/example_dags/example_branch_python_dop_operator_3.py took 0.062 seconds
[2026-06-30T08:24:29.876+0000] {processor.py:161} INFO - Started process (PID=22446) to work on /home/airflow/.local/lib/python3.12/site-packages/airflow/example_dags/example_branch_python_dop_operator_3.py
[2026-06-30T08:24:29.877+0000] {processor.py:830} INFO - Processing file /home/airflow/.local/lib/python3.12/site-packages/airflow/example_dags/example_branch_python_dop_operator_3.py for tasks to queue
[2026-06-30T08:24:29.878+0000] {logging_mixin.py:188} INFO - [2026-06-30T08:24:29.877+0000] {dagbag.py:545} INFO - Filling up the DagBag from /home/airflow/.local/lib/python3.12/site-packages/airflow/example_dags/example_branch_python_dop_operator_3.py
[2026-06-30T08:24:29.884+0000] {processor.py:840} INFO - DAG(s) 'example_branch_dop_operator_v3' retrieved from /home/airflow/.local/lib/python3.12/site-packages/airflow/example_dags/example_branch_python_dop_operator_3.py
[2026-06-30T08:24:29.899+0000] {logging_mixin.py:188} INFO - [2026-06-30T08:24:29.899+0000] {dag.py:3096} INFO - Sync 1 DAGs
[2026-06-30T08:24:29.916+0000] {logging_mixin.py:188} INFO - [2026-06-30T08:24:29.916+0000] {dag.py:3954} INFO - Setting next_dagrun for example_branch_dop_operator_v3 to 2026-06-30 08:23:00+00:00, run_after=2026-06-30 08:24:00+00:00
[2026-06-30T08:24:29.928+0000] {processor.py:183} INFO - Processing /home/airflow/.local/lib/python3.12/site-packages/airflow/example_dags/example_branch_python_dop_operator_3.py took 0.056 seconds
[2026-06-30T08:25:00.503+0000] {processor.py:161} INFO - Started process (PID=22505) to work on /home/airflow/.local/lib/python3.12/site-packages/airflow/example_dags/example_branch_python_dop_operator_3.py
[2026-06-30T08:25:00.503+0000] {processor.py:830} INFO - Processing file /home/airflow/.local/lib/python3.12/site-packages/airflow/example_dags/example_branch_python_dop_operator_3.py for tasks to queue
[2026-06-30T08:25:00.504+0000] {logging_mixin.py:188} INFO - [2026-06-30T08:25:00.504+0000] {dagbag.py:545} INFO - Filling up the DagBag from /home/airflow/.local/lib/python3.12/site-packages/airflow/example_dags/example_branch_python_dop_operator_3.py
[2026-06-30T08:25:00.511+0000] {processor.py:840} INFO - DAG(s) 'example_branch_dop_operator_v3' retrieved from /home/airflow/.local/lib/python3.12/site-packages/airflow/example_dags/example_branch_python_dop_operator_3.py
[2026-06-30T08:25:00.526+0000] {logging_mixin.py:188} INFO - [2026-06-30T08:25:00.526+0000] {dag.py:3096} INFO - Sync 1 DAGs
[2026-06-30T08:25:00.542+0000] {logging_mixin.py:188} INFO - [2026-06-30T08:25:00.542+0000] {dag.py:3954} INFO - Setting next_dagrun for example_branch_dop_operator_v3 to 2026-06-30 08:24:00+00:00, run_after=2026-06-30 08:25:00+00:00
[2026-06-30T08:25:00.555+0000] {processor.py:183} INFO - Processing /home/airflow/.local/lib/python3.12/site-packages/airflow/example_dags/example_branch_python_dop_operator_3.py took 0.057 seconds
[2026-06-30T08:25:30.772+0000] {processor.py:161} INFO - Started process (PID=22563) to work on /home/airflow/.local/lib/python3.12/site-packages/airflow/example_dags/example_branch_python_dop_operator_3.py
[2026-06-30T08:25:30.773+0000] {processor.py:830} INFO - Processing file /home/airflow/.local/lib/python3.12/site-packages/airflow/example_dags/example_branch_python_dop_operator_3.py for tasks to queue
[2026-06-30T08:25:30.774+0000] {logging_mixin.py:188} INFO - [2026-06-30T08:25:30.774+0000] {dagbag.py:545} INFO - Filling up the DagBag from /home/airflow/.local/lib/python3.12/site-packages/airflow/example_dags/example_branch_python_dop_operator_3.py
[2026-06-30T08:25:30.780+0000] {processor.py:840} INFO - DAG(s) 'example_branch_dop_operator_v3' retrieved from /home/airflow/.local/lib/python3.12/site-packages/airflow/example_dags/example_branch_python_dop_operator_3.py
[2026-06-30T08:25:30.799+0000] {logging_mixin.py:188} INFO - [2026-06-30T08:25:30.798+0000] {dag.py:3096} INFO - Sync 1 DAGs
[2026-06-30T08:25:30.815+0000] {logging_mixin.py:188} INFO - [2026-06-30T08:25:30.814+0000] {dag.py:3954} INFO - Setting next_dagrun for example_branch_dop_operator_v3 to 2026-06-30 08:24:00+00:00, run_after=2026-06-30 08:25:00+00:00
[2026-06-30T08:25:30.827+0000] {processor.py:183} INFO - Processing /home/airflow/.local/lib/python3.12/site-packages/airflow/example_dags/example_branch_python_dop_operator_3.py took 0.059 seconds
[2026-06-30T08:26:01.611+0000] {processor.py:161} INFO - Started process (PID=22621) to work on /home/airflow/.local/lib/python3.12/site-packages/airflow/example_dags/example_branch_python_dop_operator_3.py
[2026-06-30T08:26:01.618+0000] {processor.py:830} INFO - Processing file /home/airflow/.local/lib/python3.12/site-packages/airflow/example_dags/example_branch_python_dop_operator_3.py for tasks to queue
[2026-06-30T08:26:01.619+0000] {logging_mixin.py:188} INFO - [2026-06-30T08:26:01.618+0000] {dagbag.py:545} INFO - Filling up the DagBag from /home/airflow/.local/lib/python3.12/site-packages/airflow/example_dags/example_branch_python_dop_operator_3.py
[2026-06-30T08:26:01.625+0000] {processor.py:840} INFO - DAG(s) 'example_branch_dop_operator_v3' retrieved from /home/airflow/.local/lib/python3.12/site-packages/airflow/example_dags/example_branch_python_dop_operator_3.py
[2026-06-30T08:26:01.641+0000] {logging_mixin.py:188} INFO - [2026-06-30T08:26:01.641+0000] {dag.py:3096} INFO - Sync 1 DAGs
[2026-06-30T08:26:01.658+0000] {logging_mixin.py:188} INFO - [2026-06-30T08:26:01.658+0000] {dag.py:3954} INFO - Setting next_dagrun for example_branch_dop_operator_v3 to 2026-06-30 08:25:00+00:00, run_after=2026-06-30 08:26:00+00:00
[2026-06-30T08:26:01.672+0000] {processor.py:183} INFO - Processing /home/airflow/.local/lib/python3.12/site-packages/airflow/example_dags/example_branch_python_dop_operator_3.py took 0.066 seconds
[2026-06-30T08:26:32.491+0000] {processor.py:161} INFO - Started process (PID=22679) to work on /home/airflow/.local/lib/python3.12/site-packages/airflow/example_dags/example_branch_python_dop_operator_3.py
[2026-06-30T08:26:32.492+0000] {processor.py:830} INFO - Processing file /home/airflow/.local/lib/python3.12/site-packages/airflow/example_dags/example_branch_python_dop_operator_3.py for tasks to queue
[2026-06-30T08:26:32.493+0000] {logging_mixin.py:188} INFO - [2026-06-30T08:26:32.493+0000] {dagbag.py:545} INFO - Filling up the DagBag from /home/airflow/.local/lib/python3.12/site-packages/airflow/example_dags/example_branch_python_dop_operator_3.py
[2026-06-30T08:26:32.500+0000] {processor.py:840} INFO - DAG(s) 'example_branch_dop_operator_v3' retrieved from /home/airflow/.local/lib/python3.12/site-packages/airflow/example_dags/example_branch_python_dop_operator_3.py
[2026-06-30T08:26:32.518+0000] {logging_mixin.py:188} INFO - [2026-06-30T08:26:32.517+0000] {dag.py:3096} INFO - Sync 1 DAGs
[2026-06-30T08:26:32.537+0000] {logging_mixin.py:188} INFO - [2026-06-30T08:26:32.537+0000] {dag.py:3954} INFO - Setting next_dagrun for example_branch_dop_operator_v3 to 2026-06-30 08:25:00+00:00, run_after=2026-06-30 08:26:00+00:00
[2026-06-30T08:26:32.550+0000] {processor.py:183} INFO - Processing /home/airflow/.local/lib/python3.12/site-packages/airflow/example_dags/example_branch_python_dop_operator_3.py took 0.065 seconds
[2026-06-30T08:27:03.014+0000] {processor.py:161} INFO - Started process (PID=22737) to work on /home/airflow/.local/lib/python3.12/site-packages/airflow/example_dags/example_branch_python_dop_operator_3.py
[2026-06-30T08:27:03.015+0000] {processor.py:830} INFO - Processing file /home/airflow/.local/lib/python3.12/site-packages/airflow/example_dags/example_branch_python_dop_operator_3.py for tasks to queue
[2026-06-30T08:27:03.021+0000] {logging_mixin.py:188} INFO - [2026-06-30T08:27:03.020+0000] {dagbag.py:545} INFO - Filling up the DagBag from /home/airflow/.local/lib/python3.12/site-packages/airflow/example_dags/example_branch_python_dop_operator_3.py
[2026-06-30T08:27:03.028+0000] {processor.py:840} INFO - DAG(s) 'example_branch_dop_operator_v3' retrieved from /home/airflow/.local/lib/python3.12/site-packages/airflow/example_dags/example_branch_python_dop_operator_3.py
[2026-06-30T08:27:03.045+0000] {logging_mixin.py:188} INFO - [2026-06-30T08:27:03.045+0000] {dag.py:3096} INFO - Sync 1 DAGs
[2026-06-30T08:27:03.064+0000] {logging_mixin.py:188} INFO - [2026-06-30T08:27:03.064+0000] {dag.py:3954} INFO - Setting next_dagrun for example_branch_dop_operator_v3 to 2026-06-30 08:26:00+00:00, run_after=2026-06-30 08:27:00+00:00
[2026-06-30T08:27:03.087+0000] {processor.py:183} INFO - Processing /home/airflow/.local/lib/python3.12/site-packages/airflow/example_dags/example_branch_python_dop_operator_3.py took 0.079 seconds
[2026-06-30T08:27:33.414+0000] {processor.py:161} INFO - Started process (PID=22795) to work on /home/airflow/.local/lib/python3.12/site-packages/airflow/example_dags/example_branch_python_dop_operator_3.py
[2026-06-30T08:27:33.415+0000] {processor.py:830} INFO - Processing file /home/airflow/.local/lib/python3.12/site-packages/airflow/example_dags/example_branch_python_dop_operator_3.py for tasks to queue
[2026-06-30T08:27:33.416+0000] {logging_mixin.py:188} INFO - [2026-06-30T08:27:33.416+0000] {dagbag.py:545} INFO - Filling up the DagBag from /home/airflow/.local/lib/python3.12/site-packages/airflow/example_dags/example_branch_python_dop_operator_3.py
[2026-06-30T08:27:33.421+0000] {processor.py:840} INFO - DAG(s) 'example_branch_dop_operator_v3' retrieved from /home/airflow/.local/lib/python3.12/site-packages/airflow/example_dags/example_branch_python_dop_operator_3.py
[2026-06-30T08:27:33.437+0000] {logging_mixin.py:188} INFO - [2026-06-30T08:27:33.437+0000] {dag.py:3096} INFO - Sync 1 DAGs
[2026-06-30T08:27:33.453+0000] {logging_mixin.py:188} INFO - [2026-06-30T08:27:33.453+0000] {dag.py:3954} INFO - Setting next_dagrun for example_branch_dop_operator_v3 to 2026-06-30 08:26:00+00:00, run_after=2026-06-30 08:27:00+00:00
[2026-06-30T08:27:33.465+0000] {processor.py:183} INFO - Processing /home/airflow/.local/lib/python3.12/site-packages/airflow/example_dags/example_branch_python_dop_operator_3.py took 0.055 seconds
[2026-06-30T08:28:03.874+0000] {processor.py:161} INFO - Started process (PID=22853) to work on /home/airflow/.local/lib/python3.12/site-packages/airflow/example_dags/example_branch_python_dop_operator_3.py
[2026-06-30T08:28:03.875+0000] {processor.py:830} INFO - Processing file /home/airflow/.local/lib/python3.12/site-packages/airflow/example_dags/example_branch_python_dop_operator_3.py for tasks to queue
[2026-06-30T08:28:03.875+0000] {logging_mixin.py:188} INFO - [2026-06-30T08:28:03.875+0000] {dagbag.py:545} INFO - Filling up the DagBag from /home/airflow/.local/lib/python3.12/site-packages/airflow/example_dags/example_branch_python_dop_operator_3.py
[2026-06-30T08:28:03.881+0000] {processor.py:840} INFO - DAG(s) 'example_branch_dop_operator_v3' retrieved from /home/airflow/.local/lib/python3.12/site-packages/airflow/example_dags/example_branch_python_dop_operator_3.py
[2026-06-30T08:28:03.897+0000] {logging_mixin.py:188} INFO - [2026-06-30T08:28:03.896+0000] {dag.py:3096} INFO - Sync 1 DAGs
[2026-06-30T08:28:03.915+0000] {logging_mixin.py:188} INFO - [2026-06-30T08:28:03.915+0000] {dag.py:3954} INFO - Setting next_dagrun for example_branch_dop_operator_v3 to 2026-06-30 08:27:00+00:00, run_after=2026-06-30 08:28:00+00:00
[2026-06-30T08:28:03.929+0000] {processor.py:183} INFO - Processing /home/airflow/.local/lib/python3.12/site-packages/airflow/example_dags/example_branch_python_dop_operator_3.py took 0.059 seconds
[2026-06-30T08:28:34.334+0000] {processor.py:161} INFO - Started process (PID=22911) to work on /home/airflow/.local/lib/python3.12/site-packages/airflow/example_dags/example_branch_python_dop_operator_3.py
[2026-06-30T08:28:34.335+0000] {processor.py:830} INFO - Processing file /home/airflow/.local/lib/python3.12/site-packages/airflow/example_dags/example_branch_python_dop_operator_3.py for tasks to queue
[2026-06-30T08:28:34.336+0000] {logging_mixin.py:188} INFO - [2026-06-30T08:28:34.335+0000] {dagbag.py:545} INFO - Filling up the DagBag from /home/airflow/.local/lib/python3.12/site-packages/airflow/example_dags/example_branch_python_dop_operator_3.py
[2026-06-30T08:28:34.342+0000] {processor.py:840} INFO - DAG(s) 'example_branch_dop_operator_v3' retrieved from /home/airflow/.local/lib/python3.12/site-packages/airflow/example_dags/example_branch_python_dop_operator_3.py
[2026-06-30T08:28:34.356+0000] {logging_mixin.py:188} INFO - [2026-06-30T08:28:34.356+0000] {dag.py:3096} INFO - Sync 1 DAGs
[2026-06-30T08:28:34.372+0000] {logging_mixin.py:188} INFO - [2026-06-30T08:28:34.372+0000] {dag.py:3954} INFO - Setting next_dagrun for example_branch_dop_operator_v3 to 2026-06-30 08:27:00+00:00, run_after=2026-06-30 08:28:00+00:00
[2026-06-30T08:28:34.385+0000] {processor.py:183} INFO - Processing /home/airflow/.local/lib/python3.12/site-packages/airflow/example_dags/example_branch_python_dop_operator_3.py took 0.055 seconds
[2026-06-30T08:29:04.817+0000] {processor.py:161} INFO - Started process (PID=22969) to work on /home/airflow/.local/lib/python3.12/site-packages/airflow/example_dags/example_branch_python_dop_operator_3.py
[2026-06-30T08:29:04.818+0000] {processor.py:830} INFO - Processing file /home/airflow/.local/lib/python3.12/site-packages/airflow/example_dags/example_branch_python_dop_operator_3.py for tasks to queue
[2026-06-30T08:29:04.818+0000] {logging_mixin.py:188} INFO - [2026-06-30T08:29:04.818+0000] {dagbag.py:545} INFO - Filling up the DagBag from /home/airflow/.local/lib/python3.12/site-packages/airflow/example_dags/example_branch_python_dop_operator_3.py
[2026-06-30T08:29:04.824+0000] {processor.py:840} INFO - DAG(s) 'example_branch_dop_operator_v3' retrieved from /home/airflow/.local/lib/python3.12/site-packages/airflow/example_dags/example_branch_python_dop_operator_3.py
[2026-06-30T08:29:04.840+0000] {logging_mixin.py:188} INFO - [2026-06-30T08:29:04.840+0000] {dag.py:3096} INFO - Sync 1 DAGs
[2026-06-30T08:29:04.856+0000] {logging_mixin.py:188} INFO - [2026-06-30T08:29:04.856+0000] {dag.py:3954} INFO - Setting next_dagrun for example_branch_dop_operator_v3 to 2026-06-30 08:28:00+00:00, run_after=2026-06-30 08:29:00+00:00
[2026-06-30T08:29:04.869+0000] {processor.py:183} INFO - Processing /home/airflow/.local/lib/python3.12/site-packages/airflow/example_dags/example_branch_python_dop_operator_3.py took 0.057 seconds
[2026-06-30T08:29:35.499+0000] {processor.py:161} INFO - Started process (PID=23027) to work on /home/airflow/.local/lib/python3.12/site-packages/airflow/example_dags/example_branch_python_dop_operator_3.py
[2026-06-30T08:29:35.500+0000] {processor.py:830} INFO - Processing file /home/airflow/.local/lib/python3.12/site-packages/airflow/example_dags/example_branch_python_dop_operator_3.py for tasks to queue
[2026-06-30T08:29:35.501+0000] {logging_mixin.py:188} INFO - [2026-06-30T08:29:35.500+0000] {dagbag.py:545} INFO - Filling up the DagBag from /home/airflow/.local/lib/python3.12/site-packages/airflow/example_dags/example_branch_python_dop_operator_3.py
[2026-06-30T08:29:35.506+0000] {processor.py:840} INFO - DAG(s) 'example_branch_dop_operator_v3' retrieved from /home/airflow/.local/lib/python3.12/site-packages/airflow/example_dags/example_branch_python_dop_operator_3.py
[2026-06-30T08:29:35.520+0000] {logging_mixin.py:188} INFO - [2026-06-30T08:29:35.520+0000] {dag.py:3096} INFO - Sync 1 DAGs
[2026-06-30T08:29:35.536+0000] {logging_mixin.py:188} INFO - [2026-06-30T08:29:35.535+0000] {dag.py:3954} INFO - Setting next_dagrun for example_branch_dop_operator_v3 to 2026-06-30 08:28:00+00:00, run_after=2026-06-30 08:29:00+00:00
[2026-06-30T08:29:35.548+0000] {processor.py:183} INFO - Processing /home/airflow/.local/lib/python3.12/site-packages/airflow/example_dags/example_branch_python_dop_operator_3.py took 0.053 seconds
[2026-06-30T08:30:05.997+0000] {processor.py:161} INFO - Started process (PID=23085) to work on /home/airflow/.local/lib/python3.12/site-packages/airflow/example_dags/example_branch_python_dop_operator_3.py
[2026-06-30T08:30:05.998+0000] {processor.py:830} INFO - Processing file /home/airflow/.local/lib/python3.12/site-packages/airflow/example_dags/example_branch_python_dop_operator_3.py for tasks to queue
[2026-06-30T08:30:05.999+0000] {logging_mixin.py:188} INFO - [2026-06-30T08:30:05.999+0000] {dagbag.py:545} INFO - Filling up the DagBag from /home/airflow/.local/lib/python3.12/site-packages/airflow/example_dags/example_branch_python_dop_operator_3.py
[2026-06-30T08:30:06.005+0000] {processor.py:840} INFO - DAG(s) 'example_branch_dop_operator_v3' retrieved from /home/airflow/.local/lib/python3.12/site-packages/airflow/example_dags/example_branch_python_dop_operator_3.py
[2026-06-30T08:30:06.022+0000] {logging_mixin.py:188} INFO - [2026-06-30T08:30:06.021+0000] {dag.py:3096} INFO - Sync 1 DAGs
[2026-06-30T08:30:06.039+0000] {logging_mixin.py:188} INFO - [2026-06-30T08:30:06.038+0000] {dag.py:3954} INFO - Setting next_dagrun for example_branch_dop_operator_v3 to 2026-06-30 08:29:00+00:00, run_after=2026-06-30 08:30:00+00:00
[2026-06-30T08:30:06.053+0000] {processor.py:183} INFO - Processing /home/airflow/.local/lib/python3.12/site-packages/airflow/example_dags/example_branch_python_dop_operator_3.py took 0.060 seconds
[2026-06-30T08:30:36.718+0000] {processor.py:161} INFO - Started process (PID=23143) to work on /home/airflow/.local/lib/python3.12/site-packages/airflow/example_dags/example_branch_python_dop_operator_3.py
[2026-06-30T08:30:36.719+0000] {processor.py:830} INFO - Processing file /home/airflow/.local/lib/python3.12/site-packages/airflow/example_dags/example_branch_python_dop_operator_3.py for tasks to queue
[2026-06-30T08:30:36.720+0000] {logging_mixin.py:188} INFO - [2026-06-30T08:30:36.720+0000] {dagbag.py:545} INFO - Filling up the DagBag from /home/airflow/.local/lib/python3.12/site-packages/airflow/example_dags/example_branch_python_dop_operator_3.py
[2026-06-30T08:30:36.729+0000] {processor.py:840} INFO - DAG(s) 'example_branch_dop_operator_v3' retrieved from /home/airflow/.local/lib/python3.12/site-packages/airflow/example_dags/example_branch_python_dop_operator_3.py
[2026-06-30T08:30:36.750+0000] {logging_mixin.py:188} INFO - [2026-06-30T08:30:36.750+0000] {dag.py:3096} INFO - Sync 1 DAGs
[2026-06-30T08:30:36.770+0000] {logging_mixin.py:188} INFO - [2026-06-30T08:30:36.770+0000] {dag.py:3954} INFO - Setting next_dagrun for example_branch_dop_operator_v3 to 2026-06-30 08:29:00+00:00, run_after=2026-06-30 08:30:00+00:00
[2026-06-30T08:30:36.786+0000] {processor.py:183} INFO - Processing /home/airflow/.local/lib/python3.12/site-packages/airflow/example_dags/example_branch_python_dop_operator_3.py took 0.073 seconds
[2026-06-30T08:31:07.553+0000] {processor.py:161} INFO - Started process (PID=23201) to work on /home/airflow/.local/lib/python3.12/site-packages/airflow/example_dags/example_branch_python_dop_operator_3.py
[2026-06-30T08:31:07.554+0000] {processor.py:830} INFO - Processing file /home/airflow/.local/lib/python3.12/site-packages/airflow/example_dags/example_branch_python_dop_operator_3.py for tasks to queue
[2026-06-30T08:31:07.555+0000] {logging_mixin.py:188} INFO - [2026-06-30T08:31:07.555+0000] {dagbag.py:545} INFO - Filling up the DagBag from /home/airflow/.local/lib/python3.12/site-packages/airflow/example_dags/example_branch_python_dop_operator_3.py
[2026-06-30T08:31:07.564+0000] {processor.py:840} INFO - DAG(s) 'example_branch_dop_operator_v3' retrieved from /home/airflow/.local/lib/python3.12/site-packages/airflow/example_dags/example_branch_python_dop_operator_3.py
[2026-06-30T08:31:07.581+0000] {logging_mixin.py:188} INFO - [2026-06-30T08:31:07.581+0000] {dag.py:3096} INFO - Sync 1 DAGs
[2026-06-30T08:31:07.599+0000] {logging_mixin.py:188} INFO - [2026-06-30T08:31:07.599+0000] {dag.py:3954} INFO - Setting next_dagrun for example_branch_dop_operator_v3 to 2026-06-30 08:30:00+00:00, run_after=2026-06-30 08:31:00+00:00
[2026-06-30T08:31:07.613+0000] {processor.py:183} INFO - Processing /home/airflow/.local/lib/python3.12/site-packages/airflow/example_dags/example_branch_python_dop_operator_3.py took 0.065 seconds
[2026-06-30T08:31:38.112+0000] {processor.py:161} INFO - Started process (PID=23259) to work on /home/airflow/.local/lib/python3.12/site-packages/airflow/example_dags/example_branch_python_dop_operator_3.py
[2026-06-30T08:31:38.113+0000] {processor.py:830} INFO - Processing file /home/airflow/.local/lib/python3.12/site-packages/airflow/example_dags/example_branch_python_dop_operator_3.py for tasks to queue
[2026-06-30T08:31:38.113+0000] {logging_mixin.py:188} INFO - [2026-06-30T08:31:38.113+0000] {dagbag.py:545} INFO - Filling up the DagBag from /home/airflow/.local/lib/python3.12/site-packages/airflow/example_dags/example_branch_python_dop_operator_3.py
[2026-06-30T08:31:38.120+0000] {processor.py:840} INFO - DAG(s) 'example_branch_dop_operator_v3' retrieved from /home/airflow/.local/lib/python3.12/site-packages/airflow/example_dags/example_branch_python_dop_operator_3.py
[2026-06-30T08:31:38.136+0000] {logging_mixin.py:188} INFO - [2026-06-30T08:31:38.136+0000] {dag.py:3096} INFO - Sync 1 DAGs
[2026-06-30T08:31:38.154+0000] {logging_mixin.py:188} INFO - [2026-06-30T08:31:38.153+0000] {dag.py:3954} INFO - Setting next_dagrun for example_branch_dop_operator_v3 to 2026-06-30 08:30:00+00:00, run_after=2026-06-30 08:31:00+00:00
[2026-06-30T08:31:38.169+0000] {processor.py:183} INFO - Processing /home/airflow/.local/lib/python3.12/site-packages/airflow/example_dags/example_branch_python_dop_operator_3.py took 0.062 seconds
[2026-06-30T08:32:08.922+0000] {processor.py:161} INFO - Started process (PID=23317) to work on /home/airflow/.local/lib/python3.12/site-packages/airflow/example_dags/example_branch_python_dop_operator_3.py
[2026-06-30T08:32:08.924+0000] {processor.py:830} INFO - Processing file /home/airflow/.local/lib/python3.12/site-packages/airflow/example_dags/example_branch_python_dop_operator_3.py for tasks to queue
[2026-06-30T08:32:08.924+0000] {logging_mixin.py:188} INFO - [2026-06-30T08:32:08.924+0000] {dagbag.py:545} INFO - Filling up the DagBag from /home/airflow/.local/lib/python3.12/site-packages/airflow/example_dags/example_branch_python_dop_operator_3.py
[2026-06-30T08:32:08.931+0000] {processor.py:840} INFO - DAG(s) 'example_branch_dop_operator_v3' retrieved from /home/airflow/.local/lib/python3.12/site-packages/airflow/example_dags/example_branch_python_dop_operator_3.py
[2026-06-30T08:32:08.948+0000] {logging_mixin.py:188} INFO - [2026-06-30T08:32:08.948+0000] {dag.py:3096} INFO - Sync 1 DAGs
[2026-06-30T08:32:08.965+0000] {logging_mixin.py:188} INFO - [2026-06-30T08:32:08.965+0000] {dag.py:3954} INFO - Setting next_dagrun for example_branch_dop_operator_v3 to 2026-06-30 08:31:00+00:00, run_after=2026-06-30 08:32:00+00:00
[2026-06-30T08:32:08.979+0000] {processor.py:183} INFO - Processing /home/airflow/.local/lib/python3.12/site-packages/airflow/example_dags/example_branch_python_dop_operator_3.py took 0.062 seconds
[2026-06-30T08:32:39.573+0000] {processor.py:161} INFO - Started process (PID=23375) to work on /home/airflow/.local/lib/python3.12/site-packages/airflow/example_dags/example_branch_python_dop_operator_3.py
[2026-06-30T08:32:39.574+0000] {processor.py:830} INFO - Processing file /home/airflow/.local/lib/python3.12/site-packages/airflow/example_dags/example_branch_python_dop_operator_3.py for tasks to queue
[2026-06-30T08:32:39.576+0000] {logging_mixin.py:188} INFO - [2026-06-30T08:32:39.575+0000] {dagbag.py:545} INFO - Filling up the DagBag from /home/airflow/.local/lib/python3.12/site-packages/airflow/example_dags/example_branch_python_dop_operator_3.py
[2026-06-30T08:32:39.582+0000] {processor.py:840} INFO - DAG(s) 'example_branch_dop_operator_v3' retrieved from /home/airflow/.local/lib/python3.12/site-packages/airflow/example_dags/example_branch_python_dop_operator_3.py
[2026-06-30T08:32:39.599+0000] {logging_mixin.py:188} INFO - [2026-06-30T08:32:39.599+0000] {dag.py:3096} INFO - Sync 1 DAGs
[2026-06-30T08:32:39.622+0000] {logging_mixin.py:188} INFO - [2026-06-30T08:32:39.622+0000] {dag.py:3954} INFO - Setting next_dagrun for example_branch_dop_operator_v3 to 2026-06-30 08:31:00+00:00, run_after=2026-06-30 08:32:00+00:00
[2026-06-30T08:32:39.643+0000] {processor.py:183} INFO - Processing /home/airflow/.local/lib/python3.12/site-packages/airflow/example_dags/example_branch_python_dop_operator_3.py took 0.074 seconds
[2026-06-30T08:33:10.568+0000] {processor.py:161} INFO - Started process (PID=23433) to work on /home/airflow/.local/lib/python3.12/site-packages/airflow/example_dags/example_branch_python_dop_operator_3.py
[2026-06-30T08:33:10.569+0000] {processor.py:830} INFO - Processing file /home/airflow/.local/lib/python3.12/site-packages/airflow/example_dags/example_branch_python_dop_operator_3.py for tasks to queue
[2026-06-30T08:33:10.570+0000] {logging_mixin.py:188} INFO - [2026-06-30T08:33:10.570+0000] {dagbag.py:545} INFO - Filling up the DagBag from /home/airflow/.local/lib/python3.12/site-packages/airflow/example_dags/example_branch_python_dop_operator_3.py
[2026-06-30T08:33:10.580+0000] {processor.py:840} INFO - DAG(s) 'example_branch_dop_operator_v3' retrieved from /home/airflow/.local/lib/python3.12/site-packages/airflow/example_dags/example_branch_python_dop_operator_3.py
[2026-06-30T08:33:10.602+0000] {logging_mixin.py:188} INFO - [2026-06-30T08:33:10.601+0000] {dag.py:3096} INFO - Sync 1 DAGs
[2026-06-30T08:33:10.623+0000] {logging_mixin.py:188} INFO - [2026-06-30T08:33:10.623+0000] {dag.py:3954} INFO - Setting next_dagrun for example_branch_dop_operator_v3 to 2026-06-30 08:32:00+00:00, run_after=2026-06-30 08:33:00+00:00
[2026-06-30T08:33:10.639+0000] {processor.py:183} INFO - Processing /home/airflow/.local/lib/python3.12/site-packages/airflow/example_dags/example_branch_python_dop_operator_3.py took 0.078 seconds
[2026-06-30T08:33:42.420+0000] {processor.py:161} INFO - Started process (PID=23497) to work on /home/airflow/.local/lib/python3.12/site-packages/airflow/example_dags/example_branch_python_dop_operator_3.py
[2026-06-30T08:33:42.421+0000] {processor.py:830} INFO - Processing file /home/airflow/.local/lib/python3.12/site-packages/airflow/example_dags/example_branch_python_dop_operator_3.py for tasks to queue
[2026-06-30T08:33:42.422+0000] {logging_mixin.py:188} INFO - [2026-06-30T08:33:42.422+0000] {dagbag.py:545} INFO - Filling up the DagBag from /home/airflow/.local/lib/python3.12/site-packages/airflow/example_dags/example_branch_python_dop_operator_3.py
[2026-06-30T08:33:42.430+0000] {processor.py:840} INFO - DAG(s) 'example_branch_dop_operator_v3' retrieved from /home/airflow/.local/lib/python3.12/site-packages/airflow/example_dags/example_branch_python_dop_operator_3.py
[2026-06-30T08:33:42.448+0000] {logging_mixin.py:188} INFO - [2026-06-30T08:33:42.448+0000] {dag.py:3096} INFO - Sync 1 DAGs
[2026-06-30T08:33:42.467+0000] {logging_mixin.py:188} INFO - [2026-06-30T08:33:42.467+0000] {dag.py:3954} INFO - Setting next_dagrun for example_branch_dop_operator_v3 to 2026-06-30 08:32:00+00:00, run_after=2026-06-30 08:33:00+00:00
[2026-06-30T08:33:42.484+0000] {processor.py:183} INFO - Processing /home/airflow/.local/lib/python3.12/site-packages/airflow/example_dags/example_branch_python_dop_operator_3.py took 0.071 seconds
[2026-06-30T08:34:13.212+0000] {processor.py:161} INFO - Started process (PID=23555) to work on /home/airflow/.local/lib/python3.12/site-packages/airflow/example_dags/example_branch_python_dop_operator_3.py
[2026-06-30T08:34:13.213+0000] {processor.py:830} INFO - Processing file /home/airflow/.local/lib/python3.12/site-packages/airflow/example_dags/example_branch_python_dop_operator_3.py for tasks to queue
[2026-06-30T08:34:13.214+0000] {logging_mixin.py:188} INFO - [2026-06-30T08:34:13.214+0000] {dagbag.py:545} INFO - Filling up the DagBag from /home/airflow/.local/lib/python3.12/site-packages/airflow/example_dags/example_branch_python_dop_operator_3.py
[2026-06-30T08:34:13.221+0000] {processor.py:840} INFO - DAG(s) 'example_branch_dop_operator_v3' retrieved from /home/airflow/.local/lib/python3.12/site-packages/airflow/example_dags/example_branch_python_dop_operator_3.py
[2026-06-30T08:34:13.236+0000] {logging_mixin.py:188} INFO - [2026-06-30T08:34:13.236+0000] {dag.py:3096} INFO - Sync 1 DAGs
[2026-06-30T08:34:13.253+0000] {logging_mixin.py:188} INFO - [2026-06-30T08:34:13.253+0000] {dag.py:3954} INFO - Setting next_dagrun for example_branch_dop_operator_v3 to 2026-06-30 08:33:00+00:00, run_after=2026-06-30 08:34:00+00:00
[2026-06-30T08:34:13.266+0000] {processor.py:183} INFO - Processing /home/airflow/.local/lib/python3.12/site-packages/airflow/example_dags/example_branch_python_dop_operator_3.py took 0.058 seconds
[2026-06-30T08:34:43.566+0000] {processor.py:161} INFO - Started process (PID=23613) to work on /home/airflow/.local/lib/python3.12/site-packages/airflow/example_dags/example_branch_python_dop_operator_3.py
[2026-06-30T08:34:43.567+0000] {processor.py:830} INFO - Processing file /home/airflow/.local/lib/python3.12/site-packages/airflow/example_dags/example_branch_python_dop_operator_3.py for tasks to queue
[2026-06-30T08:34:43.568+0000] {logging_mixin.py:188} INFO - [2026-06-30T08:34:43.567+0000] {dagbag.py:545} INFO - Filling up the DagBag from /home/airflow/.local/lib/python3.12/site-packages/airflow/example_dags/example_branch_python_dop_operator_3.py
[2026-06-30T08:34:43.574+0000] {processor.py:840} INFO - DAG(s) 'example_branch_dop_operator_v3' retrieved from /home/airflow/.local/lib/python3.12/site-packages/airflow/example_dags/example_branch_python_dop_operator_3.py
[2026-06-30T08:34:43.591+0000] {logging_mixin.py:188} INFO - [2026-06-30T08:34:43.591+0000] {dag.py:3096} INFO - Sync 1 DAGs
[2026-06-30T08:34:43.609+0000] {logging_mixin.py:188} INFO - [2026-06-30T08:34:43.609+0000] {dag.py:3954} INFO - Setting next_dagrun for example_branch_dop_operator_v3 to 2026-06-30 08:33:00+00:00, run_after=2026-06-30 08:34:00+00:00
[2026-06-30T08:34:43.623+0000] {processor.py:183} INFO - Processing /home/airflow/.local/lib/python3.12/site-packages/airflow/example_dags/example_branch_python_dop_operator_3.py took 0.062 seconds
[2026-06-30T08:35:13.967+0000] {processor.py:161} INFO - Started process (PID=23671) to work on /home/airflow/.local/lib/python3.12/site-packages/airflow/example_dags/example_branch_python_dop_operator_3.py
[2026-06-30T08:35:13.968+0000] {processor.py:830} INFO - Processing file /home/airflow/.local/lib/python3.12/site-packages/airflow/example_dags/example_branch_python_dop_operator_3.py for tasks to queue
[2026-06-30T08:35:13.969+0000] {logging_mixin.py:188} INFO - [2026-06-30T08:35:13.968+0000] {dagbag.py:545} INFO - Filling up the DagBag from /home/airflow/.local/lib/python3.12/site-packages/airflow/example_dags/example_branch_python_dop_operator_3.py
[2026-06-30T08:35:13.976+0000] {processor.py:840} INFO - DAG(s) 'example_branch_dop_operator_v3' retrieved from /home/airflow/.local/lib/python3.12/site-packages/airflow/example_dags/example_branch_python_dop_operator_3.py
[2026-06-30T08:35:13.993+0000] {logging_mixin.py:188} INFO - [2026-06-30T08:35:13.993+0000] {dag.py:3096} INFO - Sync 1 DAGs
[2026-06-30T08:35:14.012+0000] {logging_mixin.py:188} INFO - [2026-06-30T08:35:14.012+0000] {dag.py:3954} INFO - Setting next_dagrun for example_branch_dop_operator_v3 to 2026-06-30 08:34:00+00:00, run_after=2026-06-30 08:35:00+00:00
[2026-06-30T08:35:14.025+0000] {processor.py:183} INFO - Processing /home/airflow/.local/lib/python3.12/site-packages/airflow/example_dags/example_branch_python_dop_operator_3.py took 0.063 seconds
[2026-06-30T08:35:44.271+0000] {processor.py:161} INFO - Started process (PID=23729) to work on /home/airflow/.local/lib/python3.12/site-packages/airflow/example_dags/example_branch_python_dop_operator_3.py
[2026-06-30T08:35:44.272+0000] {processor.py:830} INFO - Processing file /home/airflow/.local/lib/python3.12/site-packages/airflow/example_dags/example_branch_python_dop_operator_3.py for tasks to queue
[2026-06-30T08:35:44.272+0000] {logging_mixin.py:188} INFO - [2026-06-30T08:35:44.272+0000] {dagbag.py:545} INFO - Filling up the DagBag from /home/airflow/.local/lib/python3.12/site-packages/airflow/example_dags/example_branch_python_dop_operator_3.py
[2026-06-30T08:35:44.278+0000] {processor.py:840} INFO - DAG(s) 'example_branch_dop_operator_v3' retrieved from /home/airflow/.local/lib/python3.12/site-packages/airflow/example_dags/example_branch_python_dop_operator_3.py
[2026-06-30T08:35:44.293+0000] {logging_mixin.py:188} INFO - [2026-06-30T08:35:44.293+0000] {dag.py:3096} INFO - Sync 1 DAGs
[2026-06-30T08:35:44.309+0000] {logging_mixin.py:188} INFO - [2026-06-30T08:35:44.309+0000] {dag.py:3954} INFO - Setting next_dagrun for example_branch_dop_operator_v3 to 2026-06-30 08:34:00+00:00, run_after=2026-06-30 08:35:00+00:00
[2026-06-30T08:35:44.322+0000] {processor.py:183} INFO - Processing /home/airflow/.local/lib/python3.12/site-packages/airflow/example_dags/example_branch_python_dop_operator_3.py took 0.054 seconds
[2026-06-30T08:36:14.805+0000] {processor.py:161} INFO - Started process (PID=23787) to work on /home/airflow/.local/lib/python3.12/site-packages/airflow/example_dags/example_branch_python_dop_operator_3.py
[2026-06-30T08:36:14.806+0000] {processor.py:830} INFO - Processing file /home/airflow/.local/lib/python3.12/site-packages/airflow/example_dags/example_branch_python_dop_operator_3.py for tasks to queue
[2026-06-30T08:36:14.807+0000] {logging_mixin.py:188} INFO - [2026-06-30T08:36:14.807+0000] {dagbag.py:545} INFO - Filling up the DagBag from /home/airflow/.local/lib/python3.12/site-packages/airflow/example_dags/example_branch_python_dop_operator_3.py
[2026-06-30T08:36:14.813+0000] {processor.py:840} INFO - DAG(s) 'example_branch_dop_operator_v3' retrieved from /home/airflow/.local/lib/python3.12/site-packages/airflow/example_dags/example_branch_python_dop_operator_3.py
[2026-06-30T08:36:14.827+0000] {logging_mixin.py:188} INFO - [2026-06-30T08:36:14.827+0000] {dag.py:3096} INFO - Sync 1 DAGs
[2026-06-30T08:36:14.843+0000] {logging_mixin.py:188} INFO - [2026-06-30T08:36:14.843+0000] {dag.py:3954} INFO - Setting next_dagrun for example_branch_dop_operator_v3 to 2026-06-30 08:35:00+00:00, run_after=2026-06-30 08:36:00+00:00
[2026-06-30T08:36:14.855+0000] {processor.py:183} INFO - Processing /home/airflow/.local/lib/python3.12/site-packages/airflow/example_dags/example_branch_python_dop_operator_3.py took 0.054 seconds
[2026-06-30T08:36:45.151+0000] {processor.py:161} INFO - Started process (PID=23846) to work on /home/airflow/.local/lib/python3.12/site-packages/airflow/example_dags/example_branch_python_dop_operator_3.py
[2026-06-30T08:36:45.152+0000] {processor.py:830} INFO - Processing file /home/airflow/.local/lib/python3.12/site-packages/airflow/example_dags/example_branch_python_dop_operator_3.py for tasks to queue
[2026-06-30T08:36:45.152+0000] {logging_mixin.py:188} INFO - [2026-06-30T08:36:45.152+0000] {dagbag.py:545} INFO - Filling up the DagBag from /home/airflow/.local/lib/python3.12/site-packages/airflow/example_dags/example_branch_python_dop_operator_3.py
[2026-06-30T08:36:45.159+0000] {processor.py:840} INFO - DAG(s) 'example_branch_dop_operator_v3' retrieved from /home/airflow/.local/lib/python3.12/site-packages/airflow/example_dags/example_branch_python_dop_operator_3.py
[2026-06-30T08:36:45.174+0000] {logging_mixin.py:188} INFO - [2026-06-30T08:36:45.174+0000] {dag.py:3096} INFO - Sync 1 DAGs
[2026-06-30T08:36:45.192+0000] {logging_mixin.py:188} INFO - [2026-06-30T08:36:45.192+0000] {dag.py:3954} INFO - Setting next_dagrun for example_branch_dop_operator_v3 to 2026-06-30 08:35:00+00:00, run_after=2026-06-30 08:36:00+00:00
[2026-06-30T08:36:45.206+0000] {processor.py:183} INFO - Processing /home/airflow/.local/lib/python3.12/site-packages/airflow/example_dags/example_branch_python_dop_operator_3.py took 0.059 seconds
[2026-06-30T08:37:15.509+0000] {processor.py:161} INFO - Started process (PID=23904) to work on /home/airflow/.local/lib/python3.12/site-packages/airflow/example_dags/example_branch_python_dop_operator_3.py
[2026-06-30T08:37:15.510+0000] {processor.py:830} INFO - Processing file /home/airflow/.local/lib/python3.12/site-packages/airflow/example_dags/example_branch_python_dop_operator_3.py for tasks to queue
[2026-06-30T08:37:15.511+0000] {logging_mixin.py:188} INFO - [2026-06-30T08:37:15.511+0000] {dagbag.py:545} INFO - Filling up the DagBag from /home/airflow/.local/lib/python3.12/site-packages/airflow/example_dags/example_branch_python_dop_operator_3.py
[2026-06-30T08:37:15.518+0000] {processor.py:840} INFO - DAG(s) 'example_branch_dop_operator_v3' retrieved from /home/airflow/.local/lib/python3.12/site-packages/airflow/example_dags/example_branch_python_dop_operator_3.py
[2026-06-30T08:37:15.535+0000] {logging_mixin.py:188} INFO - [2026-06-30T08:37:15.535+0000] {dag.py:3096} INFO - Sync 1 DAGs
[2026-06-30T08:37:15.551+0000] {logging_mixin.py:188} INFO - [2026-06-30T08:37:15.550+0000] {dag.py:3954} INFO - Setting next_dagrun for example_branch_dop_operator_v3 to 2026-06-30 08:36:00+00:00, run_after=2026-06-30 08:37:00+00:00
[2026-06-30T08:37:15.563+0000] {processor.py:183} INFO - Processing /home/airflow/.local/lib/python3.12/site-packages/airflow/example_dags/example_branch_python_dop_operator_3.py took 0.059 seconds
[2026-06-30T08:37:46.017+0000] {processor.py:161} INFO - Started process (PID=23962) to work on /home/airflow/.local/lib/python3.12/site-packages/airflow/example_dags/example_branch_python_dop_operator_3.py
[2026-06-30T08:37:46.018+0000] {processor.py:830} INFO - Processing file /home/airflow/.local/lib/python3.12/site-packages/airflow/example_dags/example_branch_python_dop_operator_3.py for tasks to queue
[2026-06-30T08:37:46.019+0000] {logging_mixin.py:188} INFO - [2026-06-30T08:37:46.019+0000] {dagbag.py:545} INFO - Filling up the DagBag from /home/airflow/.local/lib/python3.12/site-packages/airflow/example_dags/example_branch_python_dop_operator_3.py
[2026-06-30T08:37:46.025+0000] {processor.py:840} INFO - DAG(s) 'example_branch_dop_operator_v3' retrieved from /home/airflow/.local/lib/python3.12/site-packages/airflow/example_dags/example_branch_python_dop_operator_3.py
[2026-06-30T08:37:46.039+0000] {logging_mixin.py:188} INFO - [2026-06-30T08:37:46.038+0000] {dag.py:3096} INFO - Sync 1 DAGs
[2026-06-30T08:37:46.053+0000] {logging_mixin.py:188} INFO - [2026-06-30T08:37:46.053+0000] {dag.py:3954} INFO - Setting next_dagrun for example_branch_dop_operator_v3 to 2026-06-30 08:36:00+00:00, run_after=2026-06-30 08:37:00+00:00
[2026-06-30T08:37:46.067+0000] {processor.py:183} INFO - Processing /home/airflow/.local/lib/python3.12/site-packages/airflow/example_dags/example_branch_python_dop_operator_3.py took 0.054 seconds
[2026-06-30T08:38:16.486+0000] {processor.py:161} INFO - Started process (PID=24018) to work on /home/airflow/.local/lib/python3.12/site-packages/airflow/example_dags/example_branch_python_dop_operator_3.py
[2026-06-30T08:38:16.487+0000] {processor.py:830} INFO - Processing file /home/airflow/.local/lib/python3.12/site-packages/airflow/example_dags/example_branch_python_dop_operator_3.py for tasks to queue
[2026-06-30T08:38:16.488+0000] {logging_mixin.py:188} INFO - [2026-06-30T08:38:16.488+0000] {dagbag.py:545} INFO - Filling up the DagBag from /home/airflow/.local/lib/python3.12/site-packages/airflow/example_dags/example_branch_python_dop_operator_3.py
[2026-06-30T08:38:16.494+0000] {processor.py:840} INFO - DAG(s) 'example_branch_dop_operator_v3' retrieved from /home/airflow/.local/lib/python3.12/site-packages/airflow/example_dags/example_branch_python_dop_operator_3.py
[2026-06-30T08:38:16.510+0000] {logging_mixin.py:188} INFO - [2026-06-30T08:38:16.509+0000] {dag.py:3096} INFO - Sync 1 DAGs
[2026-06-30T08:38:16.526+0000] {logging_mixin.py:188} INFO - [2026-06-30T08:38:16.526+0000] {dag.py:3954} INFO - Setting next_dagrun for example_branch_dop_operator_v3 to 2026-06-30 08:37:00+00:00, run_after=2026-06-30 08:38:00+00:00
[2026-06-30T08:38:16.539+0000] {processor.py:183} INFO - Processing /home/airflow/.local/lib/python3.12/site-packages/airflow/example_dags/example_branch_python_dop_operator_3.py took 0.057 seconds
[2026-06-30T08:38:46.789+0000] {processor.py:161} INFO - Started process (PID=24076) to work on /home/airflow/.local/lib/python3.12/site-packages/airflow/example_dags/example_branch_python_dop_operator_3.py
[2026-06-30T08:38:46.790+0000] {processor.py:830} INFO - Processing file /home/airflow/.local/lib/python3.12/site-packages/airflow/example_dags/example_branch_python_dop_operator_3.py for tasks to queue
[2026-06-30T08:38:46.791+0000] {logging_mixin.py:188} INFO - [2026-06-30T08:38:46.791+0000] {dagbag.py:545} INFO - Filling up the DagBag from /home/airflow/.local/lib/python3.12/site-packages/airflow/example_dags/example_branch_python_dop_operator_3.py
[2026-06-30T08:38:46.797+0000] {processor.py:840} INFO - DAG(s) 'example_branch_dop_operator_v3' retrieved from /home/airflow/.local/lib/python3.12/site-packages/airflow/example_dags/example_branch_python_dop_operator_3.py
[2026-06-30T08:38:46.812+0000] {logging_mixin.py:188} INFO - [2026-06-30T08:38:46.812+0000] {dag.py:3096} INFO - Sync 1 DAGs
[2026-06-30T08:38:46.828+0000] {logging_mixin.py:188} INFO - [2026-06-30T08:38:46.828+0000] {dag.py:3954} INFO - Setting next_dagrun for example_branch_dop_operator_v3 to 2026-06-30 08:37:00+00:00, run_after=2026-06-30 08:38:00+00:00
[2026-06-30T08:38:46.840+0000] {processor.py:183} INFO - Processing /home/airflow/.local/lib/python3.12/site-packages/airflow/example_dags/example_branch_python_dop_operator_3.py took 0.055 seconds
[2026-06-30T08:39:17.512+0000] {processor.py:161} INFO - Started process (PID=24134) to work on /home/airflow/.local/lib/python3.12/site-packages/airflow/example_dags/example_branch_python_dop_operator_3.py
[2026-06-30T08:39:17.514+0000] {processor.py:830} INFO - Processing file /home/airflow/.local/lib/python3.12/site-packages/airflow/example_dags/example_branch_python_dop_operator_3.py for tasks to queue
[2026-06-30T08:39:17.515+0000] {logging_mixin.py:188} INFO - [2026-06-30T08:39:17.515+0000] {dagbag.py:545} INFO - Filling up the DagBag from /home/airflow/.local/lib/python3.12/site-packages/airflow/example_dags/example_branch_python_dop_operator_3.py
[2026-06-30T08:39:17.524+0000] {processor.py:840} INFO - DAG(s) 'example_branch_dop_operator_v3' retrieved from /home/airflow/.local/lib/python3.12/site-packages/airflow/example_dags/example_branch_python_dop_operator_3.py
[2026-06-30T08:39:17.549+0000] {logging_mixin.py:188} INFO - [2026-06-30T08:39:17.549+0000] {dag.py:3096} INFO - Sync 1 DAGs
[2026-06-30T08:39:17.575+0000] {logging_mixin.py:188} INFO - [2026-06-30T08:39:17.575+0000] {dag.py:3954} INFO - Setting next_dagrun for example_branch_dop_operator_v3 to 2026-06-30 08:38:00+00:00, run_after=2026-06-30 08:39:00+00:00
[2026-06-30T08:39:17.594+0000] {processor.py:183} INFO - Processing /home/airflow/.local/lib/python3.12/site-packages/airflow/example_dags/example_branch_python_dop_operator_3.py took 0.087 seconds
[2026-06-30T08:39:47.996+0000] {processor.py:161} INFO - Started process (PID=24192) to work on /home/airflow/.local/lib/python3.12/site-packages/airflow/example_dags/example_branch_python_dop_operator_3.py
[2026-06-30T08:39:47.997+0000] {processor.py:830} INFO - Processing file /home/airflow/.local/lib/python3.12/site-packages/airflow/example_dags/example_branch_python_dop_operator_3.py for tasks to queue
[2026-06-30T08:39:47.998+0000] {logging_mixin.py:188} INFO - [2026-06-30T08:39:47.997+0000] {dagbag.py:545} INFO - Filling up the DagBag from /home/airflow/.local/lib/python3.12/site-packages/airflow/example_dags/example_branch_python_dop_operator_3.py
[2026-06-30T08:39:48.005+0000] {processor.py:840} INFO - DAG(s) 'example_branch_dop_operator_v3' retrieved from /home/airflow/.local/lib/python3.12/site-packages/airflow/example_dags/example_branch_python_dop_operator_3.py
[2026-06-30T08:39:48.022+0000] {logging_mixin.py:188} INFO - [2026-06-30T08:39:48.022+0000] {dag.py:3096} INFO - Sync 1 DAGs
[2026-06-30T08:39:48.040+0000] {logging_mixin.py:188} INFO - [2026-06-30T08:39:48.040+0000] {dag.py:3954} INFO - Setting next_dagrun for example_branch_dop_operator_v3 to 2026-06-30 08:38:00+00:00, run_after=2026-06-30 08:39:00+00:00
[2026-06-30T08:39:48.054+0000] {processor.py:183} INFO - Processing /home/airflow/.local/lib/python3.12/site-packages/airflow/example_dags/example_branch_python_dop_operator_3.py took 0.063 seconds
[2026-06-30T08:40:18.603+0000] {processor.py:161} INFO - Started process (PID=24250) to work on /home/airflow/.local/lib/python3.12/site-packages/airflow/example_dags/example_branch_python_dop_operator_3.py
[2026-06-30T08:40:18.604+0000] {processor.py:830} INFO - Processing file /home/airflow/.local/lib/python3.12/site-packages/airflow/example_dags/example_branch_python_dop_operator_3.py for tasks to queue
[2026-06-30T08:40:18.605+0000] {logging_mixin.py:188} INFO - [2026-06-30T08:40:18.604+0000] {dagbag.py:545} INFO - Filling up the DagBag from /home/airflow/.local/lib/python3.12/site-packages/airflow/example_dags/example_branch_python_dop_operator_3.py
[2026-06-30T08:40:18.612+0000] {processor.py:840} INFO - DAG(s) 'example_branch_dop_operator_v3' retrieved from /home/airflow/.local/lib/python3.12/site-packages/airflow/example_dags/example_branch_python_dop_operator_3.py
[2026-06-30T08:40:18.630+0000] {logging_mixin.py:188} INFO - [2026-06-30T08:40:18.629+0000] {dag.py:3096} INFO - Sync 1 DAGs
[2026-06-30T08:40:18.647+0000] {logging_mixin.py:188} INFO - [2026-06-30T08:40:18.647+0000] {dag.py:3954} INFO - Setting next_dagrun for example_branch_dop_operator_v3 to 2026-06-30 08:39:00+00:00, run_after=2026-06-30 08:40:00+00:00
[2026-06-30T08:40:18.660+0000] {processor.py:183} INFO - Processing /home/airflow/.local/lib/python3.12/site-packages/airflow/example_dags/example_branch_python_dop_operator_3.py took 0.061 seconds
[2026-06-30T08:40:49.210+0000] {processor.py:161} INFO - Started process (PID=24308) to work on /home/airflow/.local/lib/python3.12/site-packages/airflow/example_dags/example_branch_python_dop_operator_3.py
[2026-06-30T08:40:49.211+0000] {processor.py:830} INFO - Processing file /home/airflow/.local/lib/python3.12/site-packages/airflow/example_dags/example_branch_python_dop_operator_3.py for tasks to queue
[2026-06-30T08:40:49.212+0000] {logging_mixin.py:188} INFO - [2026-06-30T08:40:49.212+0000] {dagbag.py:545} INFO - Filling up the DagBag from /home/airflow/.local/lib/python3.12/site-packages/airflow/example_dags/example_branch_python_dop_operator_3.py
[2026-06-30T08:40:49.219+0000] {processor.py:840} INFO - DAG(s) 'example_branch_dop_operator_v3' retrieved from /home/airflow/.local/lib/python3.12/site-packages/airflow/example_dags/example_branch_python_dop_operator_3.py
[2026-06-30T08:40:49.234+0000] {logging_mixin.py:188} INFO - [2026-06-30T08:40:49.234+0000] {dag.py:3096} INFO - Sync 1 DAGs
[2026-06-30T08:40:49.252+0000] {logging_mixin.py:188} INFO - [2026-06-30T08:40:49.252+0000] {dag.py:3954} INFO - Setting next_dagrun for example_branch_dop_operator_v3 to 2026-06-30 08:39:00+00:00, run_after=2026-06-30 08:40:00+00:00
[2026-06-30T08:40:49.265+0000] {processor.py:183} INFO - Processing /home/airflow/.local/lib/python3.12/site-packages/airflow/example_dags/example_branch_python_dop_operator_3.py took 0.059 seconds
[2026-06-30T08:41:20.766+0000] {processor.py:161} INFO - Started process (PID=24366) to work on /home/airflow/.local/lib/python3.12/site-packages/airflow/example_dags/example_branch_python_dop_operator_3.py
[2026-06-30T08:41:20.767+0000] {processor.py:830} INFO - Processing file /home/airflow/.local/lib/python3.12/site-packages/airflow/example_dags/example_branch_python_dop_operator_3.py for tasks to queue
[2026-06-30T08:41:20.769+0000] {logging_mixin.py:188} INFO - [2026-06-30T08:41:20.768+0000] {dagbag.py:545} INFO - Filling up the DagBag from /home/airflow/.local/lib/python3.12/site-packages/airflow/example_dags/example_branch_python_dop_operator_3.py
[2026-06-30T08:41:20.804+0000] {processor.py:840} INFO - DAG(s) 'example_branch_dop_operator_v3' retrieved from /home/airflow/.local/lib/python3.12/site-packages/airflow/example_dags/example_branch_python_dop_operator_3.py
[2026-06-30T08:41:20.866+0000] {logging_mixin.py:188} INFO - [2026-06-30T08:41:20.866+0000] {dag.py:3096} INFO - Sync 1 DAGs
[2026-06-30T08:41:20.945+0000] {logging_mixin.py:188} INFO - [2026-06-30T08:41:20.945+0000] {dag.py:3954} INFO - Setting next_dagrun for example_branch_dop_operator_v3 to 2026-06-30 08:40:00+00:00, run_after=2026-06-30 08:41:00+00:00
[2026-06-30T08:41:21.029+0000] {processor.py:183} INFO - Processing /home/airflow/.local/lib/python3.12/site-packages/airflow/example_dags/example_branch_python_dop_operator_3.py took 0.277 seconds
[2026-06-30T08:41:51.124+0000] {processor.py:161} INFO - Started process (PID=24424) to work on /home/airflow/.local/lib/python3.12/site-packages/airflow/example_dags/example_branch_python_dop_operator_3.py
[2026-06-30T08:41:51.124+0000] {processor.py:830} INFO - Processing file /home/airflow/.local/lib/python3.12/site-packages/airflow/example_dags/example_branch_python_dop_operator_3.py for tasks to queue
[2026-06-30T08:41:51.125+0000] {logging_mixin.py:188} INFO - [2026-06-30T08:41:51.125+0000] {dagbag.py:545} INFO - Filling up the DagBag from /home/airflow/.local/lib/python3.12/site-packages/airflow/example_dags/example_branch_python_dop_operator_3.py
[2026-06-30T08:41:51.130+0000] {processor.py:840} INFO - DAG(s) 'example_branch_dop_operator_v3' retrieved from /home/airflow/.local/lib/python3.12/site-packages/airflow/example_dags/example_branch_python_dop_operator_3.py
[2026-06-30T08:41:51.144+0000] {logging_mixin.py:188} INFO - [2026-06-30T08:41:51.144+0000] {dag.py:3096} INFO - Sync 1 DAGs
[2026-06-30T08:41:51.160+0000] {logging_mixin.py:188} INFO - [2026-06-30T08:41:51.160+0000] {dag.py:3954} INFO - Setting next_dagrun for example_branch_dop_operator_v3 to 2026-06-30 08:40:00+00:00, run_after=2026-06-30 08:41:00+00:00
[2026-06-30T08:41:51.171+0000] {processor.py:183} INFO - Processing /home/airflow/.local/lib/python3.12/site-packages/airflow/example_dags/example_branch_python_dop_operator_3.py took 0.051 seconds
[2026-06-30T08:42:21.784+0000] {processor.py:161} INFO - Started process (PID=24482) to work on /home/airflow/.local/lib/python3.12/site-packages/airflow/example_dags/example_branch_python_dop_operator_3.py
[2026-06-30T08:42:21.785+0000] {processor.py:830} INFO - Processing file /home/airflow/.local/lib/python3.12/site-packages/airflow/example_dags/example_branch_python_dop_operator_3.py for tasks to queue
[2026-06-30T08:42:21.785+0000] {logging_mixin.py:188} INFO - [2026-06-30T08:42:21.785+0000] {dagbag.py:545} INFO - Filling up the DagBag from /home/airflow/.local/lib/python3.12/site-packages/airflow/example_dags/example_branch_python_dop_operator_3.py
[2026-06-30T08:42:21.792+0000] {processor.py:840} INFO - DAG(s) 'example_branch_dop_operator_v3' retrieved from /home/airflow/.local/lib/python3.12/site-packages/airflow/example_dags/example_branch_python_dop_operator_3.py
[2026-06-30T08:42:21.806+0000] {logging_mixin.py:188} INFO - [2026-06-30T08:42:21.806+0000] {dag.py:3096} INFO - Sync 1 DAGs
[2026-06-30T08:42:21.822+0000] {logging_mixin.py:188} INFO - [2026-06-30T08:42:21.821+0000] {dag.py:3954} INFO - Setting next_dagrun for example_branch_dop_operator_v3 to 2026-06-30 08:41:00+00:00, run_after=2026-06-30 08:42:00+00:00
[2026-06-30T08:42:21.838+0000] {processor.py:183} INFO - Processing /home/airflow/.local/lib/python3.12/site-packages/airflow/example_dags/example_branch_python_dop_operator_3.py took 0.058 seconds
[2026-06-30T08:42:52.563+0000] {processor.py:161} INFO - Started process (PID=24540) to work on /home/airflow/.local/lib/python3.12/site-packages/airflow/example_dags/example_branch_python_dop_operator_3.py
[2026-06-30T08:42:52.564+0000] {processor.py:830} INFO - Processing file /home/airflow/.local/lib/python3.12/site-packages/airflow/example_dags/example_branch_python_dop_operator_3.py for tasks to queue
[2026-06-30T08:42:52.565+0000] {logging_mixin.py:188} INFO - [2026-06-30T08:42:52.564+0000] {dagbag.py:545} INFO - Filling up the DagBag from /home/airflow/.local/lib/python3.12/site-packages/airflow/example_dags/example_branch_python_dop_operator_3.py
[2026-06-30T08:42:52.578+0000] {processor.py:840} INFO - DAG(s) 'example_branch_dop_operator_v3' retrieved from /home/airflow/.local/lib/python3.12/site-packages/airflow/example_dags/example_branch_python_dop_operator_3.py
[2026-06-30T08:42:52.604+0000] {logging_mixin.py:188} INFO - [2026-06-30T08:42:52.604+0000] {dag.py:3096} INFO - Sync 1 DAGs
[2026-06-30T08:42:52.623+0000] {logging_mixin.py:188} INFO - [2026-06-30T08:42:52.622+0000] {dag.py:3954} INFO - Setting next_dagrun for example_branch_dop_operator_v3 to 2026-06-30 08:41:00+00:00, run_after=2026-06-30 08:42:00+00:00
[2026-06-30T08:42:52.636+0000] {processor.py:183} INFO - Processing /home/airflow/.local/lib/python3.12/site-packages/airflow/example_dags/example_branch_python_dop_operator_3.py took 0.082 seconds
[2026-06-30T08:43:23.516+0000] {processor.py:161} INFO - Started process (PID=24598) to work on /home/airflow/.local/lib/python3.12/site-packages/airflow/example_dags/example_branch_python_dop_operator_3.py
[2026-06-30T08:43:23.517+0000] {processor.py:830} INFO - Processing file /home/airflow/.local/lib/python3.12/site-packages/airflow/example_dags/example_branch_python_dop_operator_3.py for tasks to queue
[2026-06-30T08:43:23.518+0000] {logging_mixin.py:188} INFO - [2026-06-30T08:43:23.518+0000] {dagbag.py:545} INFO - Filling up the DagBag from /home/airflow/.local/lib/python3.12/site-packages/airflow/example_dags/example_branch_python_dop_operator_3.py
[2026-06-30T08:43:23.524+0000] {processor.py:840} INFO - DAG(s) 'example_branch_dop_operator_v3' retrieved from /home/airflow/.local/lib/python3.12/site-packages/airflow/example_dags/example_branch_python_dop_operator_3.py
[2026-06-30T08:43:23.539+0000] {logging_mixin.py:188} INFO - [2026-06-30T08:43:23.539+0000] {dag.py:3096} INFO - Sync 1 DAGs
[2026-06-30T08:43:23.557+0000] {logging_mixin.py:188} INFO - [2026-06-30T08:43:23.557+0000] {dag.py:3954} INFO - Setting next_dagrun for example_branch_dop_operator_v3 to 2026-06-30 08:42:00+00:00, run_after=2026-06-30 08:43:00+00:00
[2026-06-30T08:43:23.571+0000] {processor.py:183} INFO - Processing /home/airflow/.local/lib/python3.12/site-packages/airflow/example_dags/example_branch_python_dop_operator_3.py took 0.059 seconds
[2026-06-30T08:43:53.800+0000] {processor.py:161} INFO - Started process (PID=24656) to work on /home/airflow/.local/lib/python3.12/site-packages/airflow/example_dags/example_branch_python_dop_operator_3.py
[2026-06-30T08:43:53.800+0000] {processor.py:830} INFO - Processing file /home/airflow/.local/lib/python3.12/site-packages/airflow/example_dags/example_branch_python_dop_operator_3.py for tasks to queue
[2026-06-30T08:43:53.801+0000] {logging_mixin.py:188} INFO - [2026-06-30T08:43:53.801+0000] {dagbag.py:545} INFO - Filling up the DagBag from /home/airflow/.local/lib/python3.12/site-packages/airflow/example_dags/example_branch_python_dop_operator_3.py
[2026-06-30T08:43:53.807+0000] {processor.py:840} INFO - DAG(s) 'example_branch_dop_operator_v3' retrieved from /home/airflow/.local/lib/python3.12/site-packages/airflow/example_dags/example_branch_python_dop_operator_3.py
[2026-06-30T08:43:53.821+0000] {logging_mixin.py:188} INFO - [2026-06-30T08:43:53.821+0000] {dag.py:3096} INFO - Sync 1 DAGs
[2026-06-30T08:43:53.837+0000] {logging_mixin.py:188} INFO - [2026-06-30T08:43:53.837+0000] {dag.py:3954} INFO - Setting next_dagrun for example_branch_dop_operator_v3 to 2026-06-30 08:42:00+00:00, run_after=2026-06-30 08:43:00+00:00
[2026-06-30T08:43:53.850+0000] {processor.py:183} INFO - Processing /home/airflow/.local/lib/python3.12/site-packages/airflow/example_dags/example_branch_python_dop_operator_3.py took 0.055 seconds
[2026-06-30T08:44:24.293+0000] {processor.py:161} INFO - Started process (PID=24714) to work on /home/airflow/.local/lib/python3.12/site-packages/airflow/example_dags/example_branch_python_dop_operator_3.py
[2026-06-30T08:44:24.294+0000] {processor.py:830} INFO - Processing file /home/airflow/.local/lib/python3.12/site-packages/airflow/example_dags/example_branch_python_dop_operator_3.py for tasks to queue
[2026-06-30T08:44:24.294+0000] {logging_mixin.py:188} INFO - [2026-06-30T08:44:24.294+0000] {dagbag.py:545} INFO - Filling up the DagBag from /home/airflow/.local/lib/python3.12/site-packages/airflow/example_dags/example_branch_python_dop_operator_3.py
[2026-06-30T08:44:24.300+0000] {processor.py:840} INFO - DAG(s) 'example_branch_dop_operator_v3' retrieved from /home/airflow/.local/lib/python3.12/site-packages/airflow/example_dags/example_branch_python_dop_operator_3.py
[2026-06-30T08:44:24.315+0000] {logging_mixin.py:188} INFO - [2026-06-30T08:44:24.315+0000] {dag.py:3096} INFO - Sync 1 DAGs
[2026-06-30T08:44:24.332+0000] {logging_mixin.py:188} INFO - [2026-06-30T08:44:24.332+0000] {dag.py:3954} INFO - Setting next_dagrun for example_branch_dop_operator_v3 to 2026-06-30 08:43:00+00:00, run_after=2026-06-30 08:44:00+00:00
[2026-06-30T08:44:24.346+0000] {processor.py:183} INFO - Processing /home/airflow/.local/lib/python3.12/site-packages/airflow/example_dags/example_branch_python_dop_operator_3.py took 0.057 seconds
[2026-06-30T08:44:54.658+0000] {processor.py:161} INFO - Started process (PID=24772) to work on /home/airflow/.local/lib/python3.12/site-packages/airflow/example_dags/example_branch_python_dop_operator_3.py
[2026-06-30T08:44:54.659+0000] {processor.py:830} INFO - Processing file /home/airflow/.local/lib/python3.12/site-packages/airflow/example_dags/example_branch_python_dop_operator_3.py for tasks to queue
[2026-06-30T08:44:54.660+0000] {logging_mixin.py:188} INFO - [2026-06-30T08:44:54.659+0000] {dagbag.py:545} INFO - Filling up the DagBag from /home/airflow/.local/lib/python3.12/site-packages/airflow/example_dags/example_branch_python_dop_operator_3.py
[2026-06-30T08:44:54.666+0000] {processor.py:840} INFO - DAG(s) 'example_branch_dop_operator_v3' retrieved from /home/airflow/.local/lib/python3.12/site-packages/airflow/example_dags/example_branch_python_dop_operator_3.py
[2026-06-30T08:44:54.682+0000] {logging_mixin.py:188} INFO - [2026-06-30T08:44:54.682+0000] {dag.py:3096} INFO - Sync 1 DAGs
[2026-06-30T08:44:54.700+0000] {logging_mixin.py:188} INFO - [2026-06-30T08:44:54.699+0000] {dag.py:3954} INFO - Setting next_dagrun for example_branch_dop_operator_v3 to 2026-06-30 08:43:00+00:00, run_after=2026-06-30 08:44:00+00:00
[2026-06-30T08:44:54.713+0000] {processor.py:183} INFO - Processing /home/airflow/.local/lib/python3.12/site-packages/airflow/example_dags/example_branch_python_dop_operator_3.py took 0.059 seconds
[2026-06-30T08:45:25.343+0000] {processor.py:161} INFO - Started process (PID=24830) to work on /home/airflow/.local/lib/python3.12/site-packages/airflow/example_dags/example_branch_python_dop_operator_3.py
[2026-06-30T08:45:25.345+0000] {processor.py:830} INFO - Processing file /home/airflow/.local/lib/python3.12/site-packages/airflow/example_dags/example_branch_python_dop_operator_3.py for tasks to queue
[2026-06-30T08:45:25.346+0000] {logging_mixin.py:188} INFO - [2026-06-30T08:45:25.346+0000] {dagbag.py:545} INFO - Filling up the DagBag from /home/airflow/.local/lib/python3.12/site-packages/airflow/example_dags/example_branch_python_dop_operator_3.py
[2026-06-30T08:45:25.352+0000] {processor.py:840} INFO - DAG(s) 'example_branch_dop_operator_v3' retrieved from /home/airflow/.local/lib/python3.12/site-packages/airflow/example_dags/example_branch_python_dop_operator_3.py
[2026-06-30T08:45:25.367+0000] {logging_mixin.py:188} INFO - [2026-06-30T08:45:25.367+0000] {dag.py:3096} INFO - Sync 1 DAGs
[2026-06-30T08:45:25.383+0000] {logging_mixin.py:188} INFO - [2026-06-30T08:45:25.383+0000] {dag.py:3954} INFO - Setting next_dagrun for example_branch_dop_operator_v3 to 2026-06-30 08:44:00+00:00, run_after=2026-06-30 08:45:00+00:00
[2026-06-30T08:45:25.396+0000] {processor.py:183} INFO - Processing /home/airflow/.local/lib/python3.12/site-packages/airflow/example_dags/example_branch_python_dop_operator_3.py took 0.057 seconds
[2026-06-30T08:45:56.034+0000] {processor.py:161} INFO - Started process (PID=24888) to work on /home/airflow/.local/lib/python3.12/site-packages/airflow/example_dags/example_branch_python_dop_operator_3.py
[2026-06-30T08:45:56.035+0000] {processor.py:830} INFO - Processing file /home/airflow/.local/lib/python3.12/site-packages/airflow/example_dags/example_branch_python_dop_operator_3.py for tasks to queue
[2026-06-30T08:45:56.036+0000] {logging_mixin.py:188} INFO - [2026-06-30T08:45:56.035+0000] {dagbag.py:545} INFO - Filling up the DagBag from /home/airflow/.local/lib/python3.12/site-packages/airflow/example_dags/example_branch_python_dop_operator_3.py
[2026-06-30T08:45:56.043+0000] {processor.py:840} INFO - DAG(s) 'example_branch_dop_operator_v3' retrieved from /home/airflow/.local/lib/python3.12/site-packages/airflow/example_dags/example_branch_python_dop_operator_3.py
[2026-06-30T08:45:56.060+0000] {logging_mixin.py:188} INFO - [2026-06-30T08:45:56.059+0000] {dag.py:3096} INFO - Sync 1 DAGs
[2026-06-30T08:45:56.079+0000] {logging_mixin.py:188} INFO - [2026-06-30T08:45:56.079+0000] {dag.py:3954} INFO - Setting next_dagrun for example_branch_dop_operator_v3 to 2026-06-30 08:44:00+00:00, run_after=2026-06-30 08:45:00+00:00
[2026-06-30T08:45:56.093+0000] {processor.py:183} INFO - Processing /home/airflow/.local/lib/python3.12/site-packages/airflow/example_dags/example_branch_python_dop_operator_3.py took 0.065 seconds
[2026-06-30T08:46:26.650+0000] {processor.py:161} INFO - Started process (PID=24946) to work on /home/airflow/.local/lib/python3.12/site-packages/airflow/example_dags/example_branch_python_dop_operator_3.py
[2026-06-30T08:46:26.651+0000] {processor.py:830} INFO - Processing file /home/airflow/.local/lib/python3.12/site-packages/airflow/example_dags/example_branch_python_dop_operator_3.py for tasks to queue
[2026-06-30T08:46:26.652+0000] {logging_mixin.py:188} INFO - [2026-06-30T08:46:26.651+0000] {dagbag.py:545} INFO - Filling up the DagBag from /home/airflow/.local/lib/python3.12/site-packages/airflow/example_dags/example_branch_python_dop_operator_3.py
[2026-06-30T08:46:26.659+0000] {processor.py:840} INFO - DAG(s) 'example_branch_dop_operator_v3' retrieved from /home/airflow/.local/lib/python3.12/site-packages/airflow/example_dags/example_branch_python_dop_operator_3.py
[2026-06-30T08:46:26.676+0000] {logging_mixin.py:188} INFO - [2026-06-30T08:46:26.676+0000] {dag.py:3096} INFO - Sync 1 DAGs
[2026-06-30T08:46:26.696+0000] {logging_mixin.py:188} INFO - [2026-06-30T08:46:26.695+0000] {dag.py:3954} INFO - Setting next_dagrun for example_branch_dop_operator_v3 to 2026-06-30 08:45:00+00:00, run_after=2026-06-30 08:46:00+00:00
[2026-06-30T08:46:26.712+0000] {processor.py:183} INFO - Processing /home/airflow/.local/lib/python3.12/site-packages/airflow/example_dags/example_branch_python_dop_operator_3.py took 0.067 seconds
[2026-06-30T08:46:57.088+0000] {processor.py:161} INFO - Started process (PID=25004) to work on /home/airflow/.local/lib/python3.12/site-packages/airflow/example_dags/example_branch_python_dop_operator_3.py
[2026-06-30T08:46:57.089+0000] {processor.py:830} INFO - Processing file /home/airflow/.local/lib/python3.12/site-packages/airflow/example_dags/example_branch_python_dop_operator_3.py for tasks to queue
[2026-06-30T08:46:57.090+0000] {logging_mixin.py:188} INFO - [2026-06-30T08:46:57.089+0000] {dagbag.py:545} INFO - Filling up the DagBag from /home/airflow/.local/lib/python3.12/site-packages/airflow/example_dags/example_branch_python_dop_operator_3.py
[2026-06-30T08:46:57.096+0000] {processor.py:840} INFO - DAG(s) 'example_branch_dop_operator_v3' retrieved from /home/airflow/.local/lib/python3.12/site-packages/airflow/example_dags/example_branch_python_dop_operator_3.py
[2026-06-30T08:46:57.113+0000] {logging_mixin.py:188} INFO - [2026-06-30T08:46:57.113+0000] {dag.py:3096} INFO - Sync 1 DAGs
[2026-06-30T08:46:57.132+0000] {logging_mixin.py:188} INFO - [2026-06-30T08:46:57.132+0000] {dag.py:3954} INFO - Setting next_dagrun for example_branch_dop_operator_v3 to 2026-06-30 08:45:00+00:00, run_after=2026-06-30 08:46:00+00:00
[2026-06-30T08:46:57.146+0000] {processor.py:183} INFO - Processing /home/airflow/.local/lib/python3.12/site-packages/airflow/example_dags/example_branch_python_dop_operator_3.py took 0.062 seconds
[2026-06-30T08:47:27.563+0000] {processor.py:161} INFO - Started process (PID=25062) to work on /home/airflow/.local/lib/python3.12/site-packages/airflow/example_dags/example_branch_python_dop_operator_3.py
[2026-06-30T08:47:27.565+0000] {processor.py:830} INFO - Processing file /home/airflow/.local/lib/python3.12/site-packages/airflow/example_dags/example_branch_python_dop_operator_3.py for tasks to queue
[2026-06-30T08:47:27.565+0000] {logging_mixin.py:188} INFO - [2026-06-30T08:47:27.565+0000] {dagbag.py:545} INFO - Filling up the DagBag from /home/airflow/.local/lib/python3.12/site-packages/airflow/example_dags/example_branch_python_dop_operator_3.py
[2026-06-30T08:47:27.572+0000] {processor.py:840} INFO - DAG(s) 'example_branch_dop_operator_v3' retrieved from /home/airflow/.local/lib/python3.12/site-packages/airflow/example_dags/example_branch_python_dop_operator_3.py
[2026-06-30T08:47:27.588+0000] {logging_mixin.py:188} INFO - [2026-06-30T08:47:27.588+0000] {dag.py:3096} INFO - Sync 1 DAGs
[2026-06-30T08:47:27.605+0000] {logging_mixin.py:188} INFO - [2026-06-30T08:47:27.604+0000] {dag.py:3954} INFO - Setting next_dagrun for example_branch_dop_operator_v3 to 2026-06-30 08:46:00+00:00, run_after=2026-06-30 08:47:00+00:00
[2026-06-30T08:47:27.619+0000] {processor.py:183} INFO - Processing /home/airflow/.local/lib/python3.12/site-packages/airflow/example_dags/example_branch_python_dop_operator_3.py took 0.060 seconds
[2026-06-30T08:47:58.256+0000] {processor.py:161} INFO - Started process (PID=25120) to work on /home/airflow/.local/lib/python3.12/site-packages/airflow/example_dags/example_branch_python_dop_operator_3.py
[2026-06-30T08:47:58.257+0000] {processor.py:830} INFO - Processing file /home/airflow/.local/lib/python3.12/site-packages/airflow/example_dags/example_branch_python_dop_operator_3.py for tasks to queue
[2026-06-30T08:47:58.258+0000] {logging_mixin.py:188} INFO - [2026-06-30T08:47:58.257+0000] {dagbag.py:545} INFO - Filling up the DagBag from /home/airflow/.local/lib/python3.12/site-packages/airflow/example_dags/example_branch_python_dop_operator_3.py
[2026-06-30T08:47:58.265+0000] {processor.py:840} INFO - DAG(s) 'example_branch_dop_operator_v3' retrieved from /home/airflow/.local/lib/python3.12/site-packages/airflow/example_dags/example_branch_python_dop_operator_3.py
[2026-06-30T08:47:58.287+0000] {logging_mixin.py:188} INFO - [2026-06-30T08:47:58.286+0000] {dag.py:3096} INFO - Sync 1 DAGs
[2026-06-30T08:47:58.306+0000] {logging_mixin.py:188} INFO - [2026-06-30T08:47:58.306+0000] {dag.py:3954} INFO - Setting next_dagrun for example_branch_dop_operator_v3 to 2026-06-30 08:46:00+00:00, run_after=2026-06-30 08:47:00+00:00
[2026-06-30T08:47:58.323+0000] {processor.py:183} INFO - Processing /home/airflow/.local/lib/python3.12/site-packages/airflow/example_dags/example_branch_python_dop_operator_3.py took 0.073 seconds
[2026-06-30T08:48:28.776+0000] {processor.py:161} INFO - Started process (PID=25178) to work on /home/airflow/.local/lib/python3.12/site-packages/airflow/example_dags/example_branch_python_dop_operator_3.py
[2026-06-30T08:48:28.777+0000] {processor.py:830} INFO - Processing file /home/airflow/.local/lib/python3.12/site-packages/airflow/example_dags/example_branch_python_dop_operator_3.py for tasks to queue
[2026-06-30T08:48:28.778+0000] {logging_mixin.py:188} INFO - [2026-06-30T08:48:28.778+0000] {dagbag.py:545} INFO - Filling up the DagBag from /home/airflow/.local/lib/python3.12/site-packages/airflow/example_dags/example_branch_python_dop_operator_3.py
[2026-06-30T08:48:28.785+0000] {processor.py:840} INFO - DAG(s) 'example_branch_dop_operator_v3' retrieved from /home/airflow/.local/lib/python3.12/site-packages/airflow/example_dags/example_branch_python_dop_operator_3.py
[2026-06-30T08:48:28.800+0000] {logging_mixin.py:188} INFO - [2026-06-30T08:48:28.800+0000] {dag.py:3096} INFO - Sync 1 DAGs
[2026-06-30T08:48:28.817+0000] {logging_mixin.py:188} INFO - [2026-06-30T08:48:28.817+0000] {dag.py:3954} INFO - Setting next_dagrun for example_branch_dop_operator_v3 to 2026-06-30 08:47:00+00:00, run_after=2026-06-30 08:48:00+00:00
[2026-06-30T08:48:28.830+0000] {processor.py:183} INFO - Processing /home/airflow/.local/lib/python3.12/site-packages/airflow/example_dags/example_branch_python_dop_operator_3.py took 0.059 seconds
[2026-06-30T08:48:59.263+0000] {processor.py:161} INFO - Started process (PID=25236) to work on /home/airflow/.local/lib/python3.12/site-packages/airflow/example_dags/example_branch_python_dop_operator_3.py
[2026-06-30T08:48:59.265+0000] {processor.py:830} INFO - Processing file /home/airflow/.local/lib/python3.12/site-packages/airflow/example_dags/example_branch_python_dop_operator_3.py for tasks to queue
[2026-06-30T08:48:59.266+0000] {logging_mixin.py:188} INFO - [2026-06-30T08:48:59.265+0000] {dagbag.py:545} INFO - Filling up the DagBag from /home/airflow/.local/lib/python3.12/site-packages/airflow/example_dags/example_branch_python_dop_operator_3.py
[2026-06-30T08:48:59.272+0000] {processor.py:840} INFO - DAG(s) 'example_branch_dop_operator_v3' retrieved from /home/airflow/.local/lib/python3.12/site-packages/airflow/example_dags/example_branch_python_dop_operator_3.py
[2026-06-30T08:48:59.288+0000] {logging_mixin.py:188} INFO - [2026-06-30T08:48:59.287+0000] {dag.py:3096} INFO - Sync 1 DAGs
[2026-06-30T08:48:59.305+0000] {logging_mixin.py:188} INFO - [2026-06-30T08:48:59.305+0000] {dag.py:3954} INFO - Setting next_dagrun for example_branch_dop_operator_v3 to 2026-06-30 08:47:00+00:00, run_after=2026-06-30 08:48:00+00:00
[2026-06-30T08:48:59.319+0000] {processor.py:183} INFO - Processing /home/airflow/.local/lib/python3.12/site-packages/airflow/example_dags/example_branch_python_dop_operator_3.py took 0.060 seconds
[2026-06-30T08:49:29.858+0000] {processor.py:161} INFO - Started process (PID=25294) to work on /home/airflow/.local/lib/python3.12/site-packages/airflow/example_dags/example_branch_python_dop_operator_3.py
[2026-06-30T08:49:29.858+0000] {processor.py:830} INFO - Processing file /home/airflow/.local/lib/python3.12/site-packages/airflow/example_dags/example_branch_python_dop_operator_3.py for tasks to queue
[2026-06-30T08:49:29.859+0000] {logging_mixin.py:188} INFO - [2026-06-30T08:49:29.859+0000] {dagbag.py:545} INFO - Filling up the DagBag from /home/airflow/.local/lib/python3.12/site-packages/airflow/example_dags/example_branch_python_dop_operator_3.py
[2026-06-30T08:49:29.866+0000] {processor.py:840} INFO - DAG(s) 'example_branch_dop_operator_v3' retrieved from /home/airflow/.local/lib/python3.12/site-packages/airflow/example_dags/example_branch_python_dop_operator_3.py
[2026-06-30T08:49:29.882+0000] {logging_mixin.py:188} INFO - [2026-06-30T08:49:29.881+0000] {dag.py:3096} INFO - Sync 1 DAGs
[2026-06-30T08:49:29.913+0000] {logging_mixin.py:188} INFO - [2026-06-30T08:49:29.913+0000] {dag.py:3954} INFO - Setting next_dagrun for example_branch_dop_operator_v3 to 2026-06-30 08:48:00+00:00, run_after=2026-06-30 08:49:00+00:00
[2026-06-30T08:49:29.929+0000] {processor.py:183} INFO - Processing /home/airflow/.local/lib/python3.12/site-packages/airflow/example_dags/example_branch_python_dop_operator_3.py took 0.075 seconds
[2026-06-30T08:50:00.435+0000] {processor.py:161} INFO - Started process (PID=25351) to work on /home/airflow/.local/lib/python3.12/site-packages/airflow/example_dags/example_branch_python_dop_operator_3.py
[2026-06-30T08:50:00.436+0000] {processor.py:830} INFO - Processing file /home/airflow/.local/lib/python3.12/site-packages/airflow/example_dags/example_branch_python_dop_operator_3.py for tasks to queue
[2026-06-30T08:50:00.437+0000] {logging_mixin.py:188} INFO - [2026-06-30T08:50:00.437+0000] {dagbag.py:545} INFO - Filling up the DagBag from /home/airflow/.local/lib/python3.12/site-packages/airflow/example_dags/example_branch_python_dop_operator_3.py
[2026-06-30T08:50:00.444+0000] {processor.py:840} INFO - DAG(s) 'example_branch_dop_operator_v3' retrieved from /home/airflow/.local/lib/python3.12/site-packages/airflow/example_dags/example_branch_python_dop_operator_3.py
[2026-06-30T08:50:00.465+0000] {logging_mixin.py:188} INFO - [2026-06-30T08:50:00.465+0000] {dag.py:3096} INFO - Sync 1 DAGs
[2026-06-30T08:50:00.481+0000] {logging_mixin.py:188} INFO - [2026-06-30T08:50:00.481+0000] {dag.py:3954} INFO - Setting next_dagrun for example_branch_dop_operator_v3 to 2026-06-30 08:49:00+00:00, run_after=2026-06-30 08:50:00+00:00
[2026-06-30T08:50:00.495+0000] {processor.py:183} INFO - Processing /home/airflow/.local/lib/python3.12/site-packages/airflow/example_dags/example_branch_python_dop_operator_3.py took 0.064 seconds
[2026-06-30T08:50:30.943+0000] {processor.py:161} INFO - Started process (PID=25409) to work on /home/airflow/.local/lib/python3.12/site-packages/airflow/example_dags/example_branch_python_dop_operator_3.py
[2026-06-30T08:50:30.944+0000] {processor.py:830} INFO - Processing file /home/airflow/.local/lib/python3.12/site-packages/airflow/example_dags/example_branch_python_dop_operator_3.py for tasks to queue
[2026-06-30T08:50:30.944+0000] {logging_mixin.py:188} INFO - [2026-06-30T08:50:30.944+0000] {dagbag.py:545} INFO - Filling up the DagBag from /home/airflow/.local/lib/python3.12/site-packages/airflow/example_dags/example_branch_python_dop_operator_3.py
[2026-06-30T08:50:30.951+0000] {processor.py:840} INFO - DAG(s) 'example_branch_dop_operator_v3' retrieved from /home/airflow/.local/lib/python3.12/site-packages/airflow/example_dags/example_branch_python_dop_operator_3.py
[2026-06-30T08:50:30.965+0000] {logging_mixin.py:188} INFO - [2026-06-30T08:50:30.965+0000] {dag.py:3096} INFO - Sync 1 DAGs
[2026-06-30T08:50:30.981+0000] {logging_mixin.py:188} INFO - [2026-06-30T08:50:30.981+0000] {dag.py:3954} INFO - Setting next_dagrun for example_branch_dop_operator_v3 to 2026-06-30 08:49:00+00:00, run_after=2026-06-30 08:50:00+00:00
[2026-06-30T08:50:30.995+0000] {processor.py:183} INFO - Processing /home/airflow/.local/lib/python3.12/site-packages/airflow/example_dags/example_branch_python_dop_operator_3.py took 0.057 seconds
[2026-06-30T08:51:01.477+0000] {processor.py:161} INFO - Started process (PID=25467) to work on /home/airflow/.local/lib/python3.12/site-packages/airflow/example_dags/example_branch_python_dop_operator_3.py
[2026-06-30T08:51:01.478+0000] {processor.py:830} INFO - Processing file /home/airflow/.local/lib/python3.12/site-packages/airflow/example_dags/example_branch_python_dop_operator_3.py for tasks to queue
[2026-06-30T08:51:01.478+0000] {logging_mixin.py:188} INFO - [2026-06-30T08:51:01.478+0000] {dagbag.py:545} INFO - Filling up the DagBag from /home/airflow/.local/lib/python3.12/site-packages/airflow/example_dags/example_branch_python_dop_operator_3.py
[2026-06-30T08:51:01.485+0000] {processor.py:840} INFO - DAG(s) 'example_branch_dop_operator_v3' retrieved from /home/airflow/.local/lib/python3.12/site-packages/airflow/example_dags/example_branch_python_dop_operator_3.py
[2026-06-30T08:51:01.500+0000] {logging_mixin.py:188} INFO - [2026-06-30T08:51:01.500+0000] {dag.py:3096} INFO - Sync 1 DAGs
[2026-06-30T08:51:01.517+0000] {logging_mixin.py:188} INFO - [2026-06-30T08:51:01.517+0000] {dag.py:3954} INFO - Setting next_dagrun for example_branch_dop_operator_v3 to 2026-06-30 08:50:00+00:00, run_after=2026-06-30 08:51:00+00:00
[2026-06-30T08:51:01.631+0000] {processor.py:183} INFO - Processing /home/airflow/.local/lib/python3.12/site-packages/airflow/example_dags/example_branch_python_dop_operator_3.py took 0.159 seconds
[2026-06-30T08:51:31.879+0000] {processor.py:161} INFO - Started process (PID=25525) to work on /home/airflow/.local/lib/python3.12/site-packages/airflow/example_dags/example_branch_python_dop_operator_3.py
[2026-06-30T08:51:31.880+0000] {processor.py:830} INFO - Processing file /home/airflow/.local/lib/python3.12/site-packages/airflow/example_dags/example_branch_python_dop_operator_3.py for tasks to queue
[2026-06-30T08:51:31.881+0000] {logging_mixin.py:188} INFO - [2026-06-30T08:51:31.880+0000] {dagbag.py:545} INFO - Filling up the DagBag from /home/airflow/.local/lib/python3.12/site-packages/airflow/example_dags/example_branch_python_dop_operator_3.py
[2026-06-30T08:51:31.887+0000] {processor.py:840} INFO - DAG(s) 'example_branch_dop_operator_v3' retrieved from /home/airflow/.local/lib/python3.12/site-packages/airflow/example_dags/example_branch_python_dop_operator_3.py
[2026-06-30T08:51:31.902+0000] {logging_mixin.py:188} INFO - [2026-06-30T08:51:31.902+0000] {dag.py:3096} INFO - Sync 1 DAGs
[2026-06-30T08:51:31.918+0000] {logging_mixin.py:188} INFO - [2026-06-30T08:51:31.917+0000] {dag.py:3954} INFO - Setting next_dagrun for example_branch_dop_operator_v3 to 2026-06-30 08:50:00+00:00, run_after=2026-06-30 08:51:00+00:00
[2026-06-30T08:51:31.930+0000] {processor.py:183} INFO - Processing /home/airflow/.local/lib/python3.12/site-packages/airflow/example_dags/example_branch_python_dop_operator_3.py took 0.056 seconds
[2026-06-30T08:52:02.030+0000] {processor.py:161} INFO - Started process (PID=25582) to work on /home/airflow/.local/lib/python3.12/site-packages/airflow/example_dags/example_branch_python_dop_operator_3.py
[2026-06-30T08:52:02.031+0000] {processor.py:830} INFO - Processing file /home/airflow/.local/lib/python3.12/site-packages/airflow/example_dags/example_branch_python_dop_operator_3.py for tasks to queue
[2026-06-30T08:52:02.031+0000] {logging_mixin.py:188} INFO - [2026-06-30T08:52:02.031+0000] {dagbag.py:545} INFO - Filling up the DagBag from /home/airflow/.local/lib/python3.12/site-packages/airflow/example_dags/example_branch_python_dop_operator_3.py
[2026-06-30T08:52:02.037+0000] {processor.py:840} INFO - DAG(s) 'example_branch_dop_operator_v3' retrieved from /home/airflow/.local/lib/python3.12/site-packages/airflow/example_dags/example_branch_python_dop_operator_3.py
[2026-06-30T08:52:02.052+0000] {logging_mixin.py:188} INFO - [2026-06-30T08:52:02.052+0000] {dag.py:3096} INFO - Sync 1 DAGs
[2026-06-30T08:52:02.070+0000] {logging_mixin.py:188} INFO - [2026-06-30T08:52:02.070+0000] {dag.py:3954} INFO - Setting next_dagrun for example_branch_dop_operator_v3 to 2026-06-30 08:51:00+00:00, run_after=2026-06-30 08:52:00+00:00
[2026-06-30T08:52:02.084+0000] {processor.py:183} INFO - Processing /home/airflow/.local/lib/python3.12/site-packages/airflow/example_dags/example_branch_python_dop_operator_3.py took 0.058 seconds
[2026-06-30T08:52:32.765+0000] {processor.py:161} INFO - Started process (PID=25640) to work on /home/airflow/.local/lib/python3.12/site-packages/airflow/example_dags/example_branch_python_dop_operator_3.py
[2026-06-30T08:52:32.766+0000] {processor.py:830} INFO - Processing file /home/airflow/.local/lib/python3.12/site-packages/airflow/example_dags/example_branch_python_dop_operator_3.py for tasks to queue
[2026-06-30T08:52:32.767+0000] {logging_mixin.py:188} INFO - [2026-06-30T08:52:32.767+0000] {dagbag.py:545} INFO - Filling up the DagBag from /home/airflow/.local/lib/python3.12/site-packages/airflow/example_dags/example_branch_python_dop_operator_3.py
[2026-06-30T08:52:32.775+0000] {processor.py:840} INFO - DAG(s) 'example_branch_dop_operator_v3' retrieved from /home/airflow/.local/lib/python3.12/site-packages/airflow/example_dags/example_branch_python_dop_operator_3.py
[2026-06-30T08:52:32.792+0000] {logging_mixin.py:188} INFO - [2026-06-30T08:52:32.792+0000] {dag.py:3096} INFO - Sync 1 DAGs
[2026-06-30T08:52:32.810+0000] {logging_mixin.py:188} INFO - [2026-06-30T08:52:32.810+0000] {dag.py:3954} INFO - Setting next_dagrun for example_branch_dop_operator_v3 to 2026-06-30 08:51:00+00:00, run_after=2026-06-30 08:52:00+00:00
[2026-06-30T08:52:32.825+0000] {processor.py:183} INFO - Processing /home/airflow/.local/lib/python3.12/site-packages/airflow/example_dags/example_branch_python_dop_operator_3.py took 0.065 seconds
[2026-06-30T08:53:03.985+0000] {processor.py:161} INFO - Started process (PID=25698) to work on /home/airflow/.local/lib/python3.12/site-packages/airflow/example_dags/example_branch_python_dop_operator_3.py
[2026-06-30T08:53:03.986+0000] {processor.py:830} INFO - Processing file /home/airflow/.local/lib/python3.12/site-packages/airflow/example_dags/example_branch_python_dop_operator_3.py for tasks to queue
[2026-06-30T08:53:03.987+0000] {logging_mixin.py:188} INFO - [2026-06-30T08:53:03.986+0000] {dagbag.py:545} INFO - Filling up the DagBag from /home/airflow/.local/lib/python3.12/site-packages/airflow/example_dags/example_branch_python_dop_operator_3.py
[2026-06-30T08:53:03.992+0000] {processor.py:840} INFO - DAG(s) 'example_branch_dop_operator_v3' retrieved from /home/airflow/.local/lib/python3.12/site-packages/airflow/example_dags/example_branch_python_dop_operator_3.py
[2026-06-30T08:53:04.117+0000] {logging_mixin.py:188} INFO - [2026-06-30T08:53:04.117+0000] {dag.py:3096} INFO - Sync 1 DAGs
[2026-06-30T08:53:04.133+0000] {logging_mixin.py:188} INFO - [2026-06-30T08:53:04.133+0000] {dag.py:3954} INFO - Setting next_dagrun for example_branch_dop_operator_v3 to 2026-06-30 08:52:00+00:00, run_after=2026-06-30 08:53:00+00:00
[2026-06-30T08:53:04.145+0000] {processor.py:183} INFO - Processing /home/airflow/.local/lib/python3.12/site-packages/airflow/example_dags/example_branch_python_dop_operator_3.py took 0.164 seconds
