[2026-06-30T08:05:46.867+0000] {processor.py:161} INFO - Started process (PID=21741) to work on /home/airflow/.local/lib/python3.12/site-packages/airflow/example_dags/example_sensors.py
[2026-06-30T08:05:46.870+0000] {processor.py:830} INFO - Processing file /home/airflow/.local/lib/python3.12/site-packages/airflow/example_dags/example_sensors.py for tasks to queue
[2026-06-30T08:05:46.872+0000] {logging_mixin.py:188} INFO - [2026-06-30T08:05:46.872+0000] {dagbag.py:545} INFO - Filling up the DagBag from /home/airflow/.local/lib/python3.12/site-packages/airflow/example_dags/example_sensors.py
[2026-06-30T08:05:46.884+0000] {processor.py:840} INFO - DAG(s) 'example_sensors' retrieved from /home/airflow/.local/lib/python3.12/site-packages/airflow/example_dags/example_sensors.py
[2026-06-30T08:05:46.921+0000] {logging_mixin.py:188} INFO - [2026-06-30T08:05:46.921+0000] {dag.py:3096} INFO - Sync 1 DAGs
[2026-06-30T08:05:46.932+0000] {logging_mixin.py:188} INFO - [2026-06-30T08:05:46.932+0000] {dag.py:3954} INFO - Setting next_dagrun for example_sensors to None, run_after=None
[2026-06-30T08:05:46.953+0000] {processor.py:183} INFO - Processing /home/airflow/.local/lib/python3.12/site-packages/airflow/example_dags/example_sensors.py took 0.092 seconds
[2026-06-30T08:18:53.935+0000] {processor.py:161} INFO - Started process (PID=21793) to work on /home/airflow/.local/lib/python3.12/site-packages/airflow/example_dags/example_sensors.py
[2026-06-30T08:18:53.937+0000] {processor.py:830} INFO - Processing file /home/airflow/.local/lib/python3.12/site-packages/airflow/example_dags/example_sensors.py for tasks to queue
[2026-06-30T08:18:53.938+0000] {logging_mixin.py:188} INFO - [2026-06-30T08:18:53.938+0000] {dagbag.py:545} INFO - Filling up the DagBag from /home/airflow/.local/lib/python3.12/site-packages/airflow/example_dags/example_sensors.py
[2026-06-30T08:18:53.950+0000] {processor.py:840} INFO - DAG(s) 'example_sensors' retrieved from /home/airflow/.local/lib/python3.12/site-packages/airflow/example_dags/example_sensors.py
[2026-06-30T08:18:53.974+0000] {logging_mixin.py:188} INFO - [2026-06-30T08:18:53.974+0000] {dag.py:3096} INFO - Sync 1 DAGs
[2026-06-30T08:18:53.984+0000] {logging_mixin.py:188} INFO - [2026-06-30T08:18:53.984+0000] {dag.py:3954} INFO - Setting next_dagrun for example_sensors to None, run_after=None
[2026-06-30T08:18:53.999+0000] {processor.py:183} INFO - Processing /home/airflow/.local/lib/python3.12/site-packages/airflow/example_dags/example_sensors.py took 0.072 seconds
[2026-06-30T08:19:24.074+0000] {processor.py:161} INFO - Started process (PID=21851) to work on /home/airflow/.local/lib/python3.12/site-packages/airflow/example_dags/example_sensors.py
[2026-06-30T08:19:24.075+0000] {processor.py:830} INFO - Processing file /home/airflow/.local/lib/python3.12/site-packages/airflow/example_dags/example_sensors.py for tasks to queue
[2026-06-30T08:19:24.077+0000] {logging_mixin.py:188} INFO - [2026-06-30T08:19:24.077+0000] {dagbag.py:545} INFO - Filling up the DagBag from /home/airflow/.local/lib/python3.12/site-packages/airflow/example_dags/example_sensors.py
[2026-06-30T08:19:24.087+0000] {processor.py:840} INFO - DAG(s) 'example_sensors' retrieved from /home/airflow/.local/lib/python3.12/site-packages/airflow/example_dags/example_sensors.py
[2026-06-30T08:19:24.111+0000] {logging_mixin.py:188} INFO - [2026-06-30T08:19:24.111+0000] {dag.py:3096} INFO - Sync 1 DAGs
[2026-06-30T08:19:24.121+0000] {logging_mixin.py:188} INFO - [2026-06-30T08:19:24.121+0000] {dag.py:3954} INFO - Setting next_dagrun for example_sensors to None, run_after=None
[2026-06-30T08:19:24.137+0000] {processor.py:183} INFO - Processing /home/airflow/.local/lib/python3.12/site-packages/airflow/example_dags/example_sensors.py took 0.072 seconds
[2026-06-30T08:19:54.411+0000] {processor.py:161} INFO - Started process (PID=21909) to work on /home/airflow/.local/lib/python3.12/site-packages/airflow/example_dags/example_sensors.py
[2026-06-30T08:19:54.413+0000] {processor.py:830} INFO - Processing file /home/airflow/.local/lib/python3.12/site-packages/airflow/example_dags/example_sensors.py for tasks to queue
[2026-06-30T08:19:54.413+0000] {logging_mixin.py:188} INFO - [2026-06-30T08:19:54.413+0000] {dagbag.py:545} INFO - Filling up the DagBag from /home/airflow/.local/lib/python3.12/site-packages/airflow/example_dags/example_sensors.py
[2026-06-30T08:19:54.420+0000] {processor.py:840} INFO - DAG(s) 'example_sensors' retrieved from /home/airflow/.local/lib/python3.12/site-packages/airflow/example_dags/example_sensors.py
[2026-06-30T08:19:54.437+0000] {logging_mixin.py:188} INFO - [2026-06-30T08:19:54.436+0000] {dag.py:3096} INFO - Sync 1 DAGs
[2026-06-30T08:19:54.444+0000] {logging_mixin.py:188} INFO - [2026-06-30T08:19:54.444+0000] {dag.py:3954} INFO - Setting next_dagrun for example_sensors to None, run_after=None
[2026-06-30T08:19:54.457+0000] {processor.py:183} INFO - Processing /home/airflow/.local/lib/python3.12/site-packages/airflow/example_dags/example_sensors.py took 0.050 seconds
[2026-06-30T08:20:24.658+0000] {processor.py:161} INFO - Started process (PID=21967) to work on /home/airflow/.local/lib/python3.12/site-packages/airflow/example_dags/example_sensors.py
[2026-06-30T08:20:24.659+0000] {processor.py:830} INFO - Processing file /home/airflow/.local/lib/python3.12/site-packages/airflow/example_dags/example_sensors.py for tasks to queue
[2026-06-30T08:20:24.660+0000] {logging_mixin.py:188} INFO - [2026-06-30T08:20:24.660+0000] {dagbag.py:545} INFO - Filling up the DagBag from /home/airflow/.local/lib/python3.12/site-packages/airflow/example_dags/example_sensors.py
[2026-06-30T08:20:24.667+0000] {processor.py:840} INFO - DAG(s) 'example_sensors' retrieved from /home/airflow/.local/lib/python3.12/site-packages/airflow/example_dags/example_sensors.py
[2026-06-30T08:20:24.683+0000] {logging_mixin.py:188} INFO - [2026-06-30T08:20:24.683+0000] {dag.py:3096} INFO - Sync 1 DAGs
[2026-06-30T08:20:24.691+0000] {logging_mixin.py:188} INFO - [2026-06-30T08:20:24.691+0000] {dag.py:3954} INFO - Setting next_dagrun for example_sensors to None, run_after=None
[2026-06-30T08:20:24.702+0000] {processor.py:183} INFO - Processing /home/airflow/.local/lib/python3.12/site-packages/airflow/example_dags/example_sensors.py took 0.048 seconds
[2026-06-30T08:20:54.980+0000] {processor.py:161} INFO - Started process (PID=22023) to work on /home/airflow/.local/lib/python3.12/site-packages/airflow/example_dags/example_sensors.py
[2026-06-30T08:20:54.981+0000] {processor.py:830} INFO - Processing file /home/airflow/.local/lib/python3.12/site-packages/airflow/example_dags/example_sensors.py for tasks to queue
[2026-06-30T08:20:54.982+0000] {logging_mixin.py:188} INFO - [2026-06-30T08:20:54.981+0000] {dagbag.py:545} INFO - Filling up the DagBag from /home/airflow/.local/lib/python3.12/site-packages/airflow/example_dags/example_sensors.py
[2026-06-30T08:20:54.989+0000] {processor.py:840} INFO - DAG(s) 'example_sensors' retrieved from /home/airflow/.local/lib/python3.12/site-packages/airflow/example_dags/example_sensors.py
[2026-06-30T08:20:55.008+0000] {logging_mixin.py:188} INFO - [2026-06-30T08:20:55.008+0000] {dag.py:3096} INFO - Sync 1 DAGs
[2026-06-30T08:20:55.016+0000] {logging_mixin.py:188} INFO - [2026-06-30T08:20:55.016+0000] {dag.py:3954} INFO - Setting next_dagrun for example_sensors to None, run_after=None
[2026-06-30T08:20:55.028+0000] {processor.py:183} INFO - Processing /home/airflow/.local/lib/python3.12/site-packages/airflow/example_dags/example_sensors.py took 0.052 seconds
[2026-06-30T08:21:25.158+0000] {processor.py:161} INFO - Started process (PID=22081) to work on /home/airflow/.local/lib/python3.12/site-packages/airflow/example_dags/example_sensors.py
[2026-06-30T08:21:25.159+0000] {processor.py:830} INFO - Processing file /home/airflow/.local/lib/python3.12/site-packages/airflow/example_dags/example_sensors.py for tasks to queue
[2026-06-30T08:21:25.159+0000] {logging_mixin.py:188} INFO - [2026-06-30T08:21:25.159+0000] {dagbag.py:545} INFO - Filling up the DagBag from /home/airflow/.local/lib/python3.12/site-packages/airflow/example_dags/example_sensors.py
[2026-06-30T08:21:25.169+0000] {processor.py:840} INFO - DAG(s) 'example_sensors' retrieved from /home/airflow/.local/lib/python3.12/site-packages/airflow/example_dags/example_sensors.py
[2026-06-30T08:21:25.189+0000] {logging_mixin.py:188} INFO - [2026-06-30T08:21:25.189+0000] {dag.py:3096} INFO - Sync 1 DAGs
[2026-06-30T08:21:25.200+0000] {logging_mixin.py:188} INFO - [2026-06-30T08:21:25.199+0000] {dag.py:3954} INFO - Setting next_dagrun for example_sensors to None, run_after=None
[2026-06-30T08:21:25.215+0000] {processor.py:183} INFO - Processing /home/airflow/.local/lib/python3.12/site-packages/airflow/example_dags/example_sensors.py took 0.062 seconds
[2026-06-30T08:21:55.524+0000] {processor.py:161} INFO - Started process (PID=22139) to work on /home/airflow/.local/lib/python3.12/site-packages/airflow/example_dags/example_sensors.py
[2026-06-30T08:21:55.525+0000] {processor.py:830} INFO - Processing file /home/airflow/.local/lib/python3.12/site-packages/airflow/example_dags/example_sensors.py for tasks to queue
[2026-06-30T08:21:55.526+0000] {logging_mixin.py:188} INFO - [2026-06-30T08:21:55.525+0000] {dagbag.py:545} INFO - Filling up the DagBag from /home/airflow/.local/lib/python3.12/site-packages/airflow/example_dags/example_sensors.py
[2026-06-30T08:21:55.534+0000] {processor.py:840} INFO - DAG(s) 'example_sensors' retrieved from /home/airflow/.local/lib/python3.12/site-packages/airflow/example_dags/example_sensors.py
[2026-06-30T08:21:55.558+0000] {logging_mixin.py:188} INFO - [2026-06-30T08:21:55.558+0000] {dag.py:3096} INFO - Sync 1 DAGs
[2026-06-30T08:21:55.569+0000] {logging_mixin.py:188} INFO - [2026-06-30T08:21:55.569+0000] {dag.py:3954} INFO - Setting next_dagrun for example_sensors to None, run_after=None
[2026-06-30T08:21:55.582+0000] {processor.py:183} INFO - Processing /home/airflow/.local/lib/python3.12/site-packages/airflow/example_dags/example_sensors.py took 0.063 seconds
[2026-06-30T08:22:25.931+0000] {processor.py:161} INFO - Started process (PID=22196) to work on /home/airflow/.local/lib/python3.12/site-packages/airflow/example_dags/example_sensors.py
[2026-06-30T08:22:25.932+0000] {processor.py:830} INFO - Processing file /home/airflow/.local/lib/python3.12/site-packages/airflow/example_dags/example_sensors.py for tasks to queue
[2026-06-30T08:22:25.933+0000] {logging_mixin.py:188} INFO - [2026-06-30T08:22:25.932+0000] {dagbag.py:545} INFO - Filling up the DagBag from /home/airflow/.local/lib/python3.12/site-packages/airflow/example_dags/example_sensors.py
[2026-06-30T08:22:25.939+0000] {processor.py:840} INFO - DAG(s) 'example_sensors' retrieved from /home/airflow/.local/lib/python3.12/site-packages/airflow/example_dags/example_sensors.py
[2026-06-30T08:22:25.955+0000] {logging_mixin.py:188} INFO - [2026-06-30T08:22:25.955+0000] {dag.py:3096} INFO - Sync 1 DAGs
[2026-06-30T08:22:25.963+0000] {logging_mixin.py:188} INFO - [2026-06-30T08:22:25.963+0000] {dag.py:3954} INFO - Setting next_dagrun for example_sensors to None, run_after=None
[2026-06-30T08:22:25.975+0000] {processor.py:183} INFO - Processing /home/airflow/.local/lib/python3.12/site-packages/airflow/example_dags/example_sensors.py took 0.048 seconds
[2026-06-30T08:22:56.500+0000] {processor.py:161} INFO - Started process (PID=22254) to work on /home/airflow/.local/lib/python3.12/site-packages/airflow/example_dags/example_sensors.py
[2026-06-30T08:22:56.501+0000] {processor.py:830} INFO - Processing file /home/airflow/.local/lib/python3.12/site-packages/airflow/example_dags/example_sensors.py for tasks to queue
[2026-06-30T08:22:56.501+0000] {logging_mixin.py:188} INFO - [2026-06-30T08:22:56.501+0000] {dagbag.py:545} INFO - Filling up the DagBag from /home/airflow/.local/lib/python3.12/site-packages/airflow/example_dags/example_sensors.py
[2026-06-30T08:22:56.508+0000] {processor.py:840} INFO - DAG(s) 'example_sensors' retrieved from /home/airflow/.local/lib/python3.12/site-packages/airflow/example_dags/example_sensors.py
[2026-06-30T08:22:56.526+0000] {logging_mixin.py:188} INFO - [2026-06-30T08:22:56.526+0000] {dag.py:3096} INFO - Sync 1 DAGs
[2026-06-30T08:22:56.534+0000] {logging_mixin.py:188} INFO - [2026-06-30T08:22:56.533+0000] {dag.py:3954} INFO - Setting next_dagrun for example_sensors to None, run_after=None
[2026-06-30T08:22:56.546+0000] {processor.py:183} INFO - Processing /home/airflow/.local/lib/python3.12/site-packages/airflow/example_dags/example_sensors.py took 0.051 seconds
[2026-06-30T08:23:26.875+0000] {processor.py:161} INFO - Started process (PID=22311) to work on /home/airflow/.local/lib/python3.12/site-packages/airflow/example_dags/example_sensors.py
[2026-06-30T08:23:26.876+0000] {processor.py:830} INFO - Processing file /home/airflow/.local/lib/python3.12/site-packages/airflow/example_dags/example_sensors.py for tasks to queue
[2026-06-30T08:23:26.878+0000] {logging_mixin.py:188} INFO - [2026-06-30T08:23:26.877+0000] {dagbag.py:545} INFO - Filling up the DagBag from /home/airflow/.local/lib/python3.12/site-packages/airflow/example_dags/example_sensors.py
[2026-06-30T08:23:26.889+0000] {processor.py:840} INFO - DAG(s) 'example_sensors' retrieved from /home/airflow/.local/lib/python3.12/site-packages/airflow/example_dags/example_sensors.py
[2026-06-30T08:23:26.916+0000] {logging_mixin.py:188} INFO - [2026-06-30T08:23:26.916+0000] {dag.py:3096} INFO - Sync 1 DAGs
[2026-06-30T08:23:26.930+0000] {logging_mixin.py:188} INFO - [2026-06-30T08:23:26.930+0000] {dag.py:3954} INFO - Setting next_dagrun for example_sensors to None, run_after=None
[2026-06-30T08:23:26.953+0000] {processor.py:183} INFO - Processing /home/airflow/.local/lib/python3.12/site-packages/airflow/example_dags/example_sensors.py took 0.087 seconds
[2026-06-30T08:23:57.320+0000] {processor.py:161} INFO - Started process (PID=22369) to work on /home/airflow/.local/lib/python3.12/site-packages/airflow/example_dags/example_sensors.py
[2026-06-30T08:23:57.321+0000] {processor.py:830} INFO - Processing file /home/airflow/.local/lib/python3.12/site-packages/airflow/example_dags/example_sensors.py for tasks to queue
[2026-06-30T08:23:57.322+0000] {logging_mixin.py:188} INFO - [2026-06-30T08:23:57.321+0000] {dagbag.py:545} INFO - Filling up the DagBag from /home/airflow/.local/lib/python3.12/site-packages/airflow/example_dags/example_sensors.py
[2026-06-30T08:23:57.328+0000] {processor.py:840} INFO - DAG(s) 'example_sensors' retrieved from /home/airflow/.local/lib/python3.12/site-packages/airflow/example_dags/example_sensors.py
[2026-06-30T08:23:57.345+0000] {logging_mixin.py:188} INFO - [2026-06-30T08:23:57.345+0000] {dag.py:3096} INFO - Sync 1 DAGs
[2026-06-30T08:23:57.353+0000] {logging_mixin.py:188} INFO - [2026-06-30T08:23:57.353+0000] {dag.py:3954} INFO - Setting next_dagrun for example_sensors to None, run_after=None
[2026-06-30T08:23:57.365+0000] {processor.py:183} INFO - Processing /home/airflow/.local/lib/python3.12/site-packages/airflow/example_dags/example_sensors.py took 0.049 seconds
[2026-06-30T08:24:27.964+0000] {processor.py:161} INFO - Started process (PID=22427) to work on /home/airflow/.local/lib/python3.12/site-packages/airflow/example_dags/example_sensors.py
[2026-06-30T08:24:27.965+0000] {processor.py:830} INFO - Processing file /home/airflow/.local/lib/python3.12/site-packages/airflow/example_dags/example_sensors.py for tasks to queue
[2026-06-30T08:24:27.966+0000] {logging_mixin.py:188} INFO - [2026-06-30T08:24:27.966+0000] {dagbag.py:545} INFO - Filling up the DagBag from /home/airflow/.local/lib/python3.12/site-packages/airflow/example_dags/example_sensors.py
[2026-06-30T08:24:27.977+0000] {processor.py:840} INFO - DAG(s) 'example_sensors' retrieved from /home/airflow/.local/lib/python3.12/site-packages/airflow/example_dags/example_sensors.py
[2026-06-30T08:24:27.999+0000] {logging_mixin.py:188} INFO - [2026-06-30T08:24:27.999+0000] {dag.py:3096} INFO - Sync 1 DAGs
[2026-06-30T08:24:28.008+0000] {logging_mixin.py:188} INFO - [2026-06-30T08:24:28.008+0000] {dag.py:3954} INFO - Setting next_dagrun for example_sensors to None, run_after=None
[2026-06-30T08:24:28.021+0000] {processor.py:183} INFO - Processing /home/airflow/.local/lib/python3.12/site-packages/airflow/example_dags/example_sensors.py took 0.062 seconds
[2026-06-30T08:24:58.414+0000] {processor.py:161} INFO - Started process (PID=22481) to work on /home/airflow/.local/lib/python3.12/site-packages/airflow/example_dags/example_sensors.py
[2026-06-30T08:24:58.415+0000] {processor.py:830} INFO - Processing file /home/airflow/.local/lib/python3.12/site-packages/airflow/example_dags/example_sensors.py for tasks to queue
[2026-06-30T08:24:58.416+0000] {logging_mixin.py:188} INFO - [2026-06-30T08:24:58.415+0000] {dagbag.py:545} INFO - Filling up the DagBag from /home/airflow/.local/lib/python3.12/site-packages/airflow/example_dags/example_sensors.py
[2026-06-30T08:24:58.424+0000] {processor.py:840} INFO - DAG(s) 'example_sensors' retrieved from /home/airflow/.local/lib/python3.12/site-packages/airflow/example_dags/example_sensors.py
[2026-06-30T08:24:58.447+0000] {logging_mixin.py:188} INFO - [2026-06-30T08:24:58.447+0000] {dag.py:3096} INFO - Sync 1 DAGs
[2026-06-30T08:24:58.457+0000] {logging_mixin.py:188} INFO - [2026-06-30T08:24:58.457+0000] {dag.py:3954} INFO - Setting next_dagrun for example_sensors to None, run_after=None
[2026-06-30T08:24:58.471+0000] {processor.py:183} INFO - Processing /home/airflow/.local/lib/python3.12/site-packages/airflow/example_dags/example_sensors.py took 0.063 seconds
[2026-06-30T08:25:28.843+0000] {processor.py:161} INFO - Started process (PID=22539) to work on /home/airflow/.local/lib/python3.12/site-packages/airflow/example_dags/example_sensors.py
[2026-06-30T08:25:28.843+0000] {processor.py:830} INFO - Processing file /home/airflow/.local/lib/python3.12/site-packages/airflow/example_dags/example_sensors.py for tasks to queue
[2026-06-30T08:25:28.844+0000] {logging_mixin.py:188} INFO - [2026-06-30T08:25:28.844+0000] {dagbag.py:545} INFO - Filling up the DagBag from /home/airflow/.local/lib/python3.12/site-packages/airflow/example_dags/example_sensors.py
[2026-06-30T08:25:28.852+0000] {processor.py:840} INFO - DAG(s) 'example_sensors' retrieved from /home/airflow/.local/lib/python3.12/site-packages/airflow/example_dags/example_sensors.py
[2026-06-30T08:25:28.869+0000] {logging_mixin.py:188} INFO - [2026-06-30T08:25:28.869+0000] {dag.py:3096} INFO - Sync 1 DAGs
[2026-06-30T08:25:28.877+0000] {logging_mixin.py:188} INFO - [2026-06-30T08:25:28.877+0000] {dag.py:3954} INFO - Setting next_dagrun for example_sensors to None, run_after=None
[2026-06-30T08:25:28.889+0000] {processor.py:183} INFO - Processing /home/airflow/.local/lib/python3.12/site-packages/airflow/example_dags/example_sensors.py took 0.051 seconds
[2026-06-30T08:25:59.145+0000] {processor.py:161} INFO - Started process (PID=22593) to work on /home/airflow/.local/lib/python3.12/site-packages/airflow/example_dags/example_sensors.py
[2026-06-30T08:25:59.146+0000] {processor.py:830} INFO - Processing file /home/airflow/.local/lib/python3.12/site-packages/airflow/example_dags/example_sensors.py for tasks to queue
[2026-06-30T08:25:59.147+0000] {logging_mixin.py:188} INFO - [2026-06-30T08:25:59.147+0000] {dagbag.py:545} INFO - Filling up the DagBag from /home/airflow/.local/lib/python3.12/site-packages/airflow/example_dags/example_sensors.py
[2026-06-30T08:25:59.156+0000] {processor.py:840} INFO - DAG(s) 'example_sensors' retrieved from /home/airflow/.local/lib/python3.12/site-packages/airflow/example_dags/example_sensors.py
[2026-06-30T08:25:59.180+0000] {logging_mixin.py:188} INFO - [2026-06-30T08:25:59.179+0000] {dag.py:3096} INFO - Sync 1 DAGs
[2026-06-30T08:25:59.191+0000] {logging_mixin.py:188} INFO - [2026-06-30T08:25:59.191+0000] {dag.py:3954} INFO - Setting next_dagrun for example_sensors to None, run_after=None
[2026-06-30T08:25:59.209+0000] {processor.py:183} INFO - Processing /home/airflow/.local/lib/python3.12/site-packages/airflow/example_dags/example_sensors.py took 0.069 seconds
[2026-06-30T08:26:29.980+0000] {processor.py:161} INFO - Started process (PID=22651) to work on /home/airflow/.local/lib/python3.12/site-packages/airflow/example_dags/example_sensors.py
[2026-06-30T08:26:29.982+0000] {processor.py:830} INFO - Processing file /home/airflow/.local/lib/python3.12/site-packages/airflow/example_dags/example_sensors.py for tasks to queue
[2026-06-30T08:26:29.984+0000] {logging_mixin.py:188} INFO - [2026-06-30T08:26:29.983+0000] {dagbag.py:545} INFO - Filling up the DagBag from /home/airflow/.local/lib/python3.12/site-packages/airflow/example_dags/example_sensors.py
[2026-06-30T08:26:29.994+0000] {processor.py:840} INFO - DAG(s) 'example_sensors' retrieved from /home/airflow/.local/lib/python3.12/site-packages/airflow/example_dags/example_sensors.py
[2026-06-30T08:26:30.021+0000] {logging_mixin.py:188} INFO - [2026-06-30T08:26:30.021+0000] {dag.py:3096} INFO - Sync 1 DAGs
[2026-06-30T08:26:30.032+0000] {logging_mixin.py:188} INFO - [2026-06-30T08:26:30.032+0000] {dag.py:3954} INFO - Setting next_dagrun for example_sensors to None, run_after=None
[2026-06-30T08:26:30.049+0000] {processor.py:183} INFO - Processing /home/airflow/.local/lib/python3.12/site-packages/airflow/example_dags/example_sensors.py took 0.075 seconds
[2026-06-30T08:27:00.632+0000] {processor.py:161} INFO - Started process (PID=22709) to work on /home/airflow/.local/lib/python3.12/site-packages/airflow/example_dags/example_sensors.py
[2026-06-30T08:27:00.633+0000] {processor.py:830} INFO - Processing file /home/airflow/.local/lib/python3.12/site-packages/airflow/example_dags/example_sensors.py for tasks to queue
[2026-06-30T08:27:00.634+0000] {logging_mixin.py:188} INFO - [2026-06-30T08:27:00.633+0000] {dagbag.py:545} INFO - Filling up the DagBag from /home/airflow/.local/lib/python3.12/site-packages/airflow/example_dags/example_sensors.py
[2026-06-30T08:27:00.641+0000] {processor.py:840} INFO - DAG(s) 'example_sensors' retrieved from /home/airflow/.local/lib/python3.12/site-packages/airflow/example_dags/example_sensors.py
[2026-06-30T08:27:00.659+0000] {logging_mixin.py:188} INFO - [2026-06-30T08:27:00.658+0000] {dag.py:3096} INFO - Sync 1 DAGs
[2026-06-30T08:27:00.668+0000] {logging_mixin.py:188} INFO - [2026-06-30T08:27:00.668+0000] {dag.py:3954} INFO - Setting next_dagrun for example_sensors to None, run_after=None
[2026-06-30T08:27:00.681+0000] {processor.py:183} INFO - Processing /home/airflow/.local/lib/python3.12/site-packages/airflow/example_dags/example_sensors.py took 0.054 seconds
[2026-06-30T08:27:31.208+0000] {processor.py:161} INFO - Started process (PID=22767) to work on /home/airflow/.local/lib/python3.12/site-packages/airflow/example_dags/example_sensors.py
[2026-06-30T08:27:31.208+0000] {processor.py:830} INFO - Processing file /home/airflow/.local/lib/python3.12/site-packages/airflow/example_dags/example_sensors.py for tasks to queue
[2026-06-30T08:27:31.209+0000] {logging_mixin.py:188} INFO - [2026-06-30T08:27:31.209+0000] {dagbag.py:545} INFO - Filling up the DagBag from /home/airflow/.local/lib/python3.12/site-packages/airflow/example_dags/example_sensors.py
[2026-06-30T08:27:31.216+0000] {processor.py:840} INFO - DAG(s) 'example_sensors' retrieved from /home/airflow/.local/lib/python3.12/site-packages/airflow/example_dags/example_sensors.py
[2026-06-30T08:27:31.233+0000] {logging_mixin.py:188} INFO - [2026-06-30T08:27:31.233+0000] {dag.py:3096} INFO - Sync 1 DAGs
[2026-06-30T08:27:31.241+0000] {logging_mixin.py:188} INFO - [2026-06-30T08:27:31.241+0000] {dag.py:3954} INFO - Setting next_dagrun for example_sensors to None, run_after=None
[2026-06-30T08:27:31.253+0000] {processor.py:183} INFO - Processing /home/airflow/.local/lib/python3.12/site-packages/airflow/example_dags/example_sensors.py took 0.049 seconds
[2026-06-30T08:28:01.640+0000] {processor.py:161} INFO - Started process (PID=22825) to work on /home/airflow/.local/lib/python3.12/site-packages/airflow/example_dags/example_sensors.py
[2026-06-30T08:28:01.641+0000] {processor.py:830} INFO - Processing file /home/airflow/.local/lib/python3.12/site-packages/airflow/example_dags/example_sensors.py for tasks to queue
[2026-06-30T08:28:01.641+0000] {logging_mixin.py:188} INFO - [2026-06-30T08:28:01.641+0000] {dagbag.py:545} INFO - Filling up the DagBag from /home/airflow/.local/lib/python3.12/site-packages/airflow/example_dags/example_sensors.py
[2026-06-30T08:28:01.650+0000] {processor.py:840} INFO - DAG(s) 'example_sensors' retrieved from /home/airflow/.local/lib/python3.12/site-packages/airflow/example_dags/example_sensors.py
[2026-06-30T08:28:01.670+0000] {logging_mixin.py:188} INFO - [2026-06-30T08:28:01.669+0000] {dag.py:3096} INFO - Sync 1 DAGs
[2026-06-30T08:28:01.679+0000] {logging_mixin.py:188} INFO - [2026-06-30T08:28:01.679+0000] {dag.py:3954} INFO - Setting next_dagrun for example_sensors to None, run_after=None
[2026-06-30T08:28:01.693+0000] {processor.py:183} INFO - Processing /home/airflow/.local/lib/python3.12/site-packages/airflow/example_dags/example_sensors.py took 0.058 seconds
[2026-06-30T08:28:32.169+0000] {processor.py:161} INFO - Started process (PID=22883) to work on /home/airflow/.local/lib/python3.12/site-packages/airflow/example_dags/example_sensors.py
[2026-06-30T08:28:32.170+0000] {processor.py:830} INFO - Processing file /home/airflow/.local/lib/python3.12/site-packages/airflow/example_dags/example_sensors.py for tasks to queue
[2026-06-30T08:28:32.171+0000] {logging_mixin.py:188} INFO - [2026-06-30T08:28:32.171+0000] {dagbag.py:545} INFO - Filling up the DagBag from /home/airflow/.local/lib/python3.12/site-packages/airflow/example_dags/example_sensors.py
[2026-06-30T08:28:32.182+0000] {processor.py:840} INFO - DAG(s) 'example_sensors' retrieved from /home/airflow/.local/lib/python3.12/site-packages/airflow/example_dags/example_sensors.py
[2026-06-30T08:28:32.205+0000] {logging_mixin.py:188} INFO - [2026-06-30T08:28:32.205+0000] {dag.py:3096} INFO - Sync 1 DAGs
[2026-06-30T08:28:32.215+0000] {logging_mixin.py:188} INFO - [2026-06-30T08:28:32.215+0000] {dag.py:3954} INFO - Setting next_dagrun for example_sensors to None, run_after=None
[2026-06-30T08:28:32.232+0000] {processor.py:183} INFO - Processing /home/airflow/.local/lib/python3.12/site-packages/airflow/example_dags/example_sensors.py took 0.069 seconds
[2026-06-30T08:29:02.556+0000] {processor.py:161} INFO - Started process (PID=22941) to work on /home/airflow/.local/lib/python3.12/site-packages/airflow/example_dags/example_sensors.py
[2026-06-30T08:29:02.557+0000] {processor.py:830} INFO - Processing file /home/airflow/.local/lib/python3.12/site-packages/airflow/example_dags/example_sensors.py for tasks to queue
[2026-06-30T08:29:02.558+0000] {logging_mixin.py:188} INFO - [2026-06-30T08:29:02.557+0000] {dagbag.py:545} INFO - Filling up the DagBag from /home/airflow/.local/lib/python3.12/site-packages/airflow/example_dags/example_sensors.py
[2026-06-30T08:29:02.565+0000] {processor.py:840} INFO - DAG(s) 'example_sensors' retrieved from /home/airflow/.local/lib/python3.12/site-packages/airflow/example_dags/example_sensors.py
[2026-06-30T08:29:02.583+0000] {logging_mixin.py:188} INFO - [2026-06-30T08:29:02.583+0000] {dag.py:3096} INFO - Sync 1 DAGs
[2026-06-30T08:29:02.592+0000] {logging_mixin.py:188} INFO - [2026-06-30T08:29:02.592+0000] {dag.py:3954} INFO - Setting next_dagrun for example_sensors to None, run_after=None
[2026-06-30T08:29:02.605+0000] {processor.py:183} INFO - Processing /home/airflow/.local/lib/python3.12/site-packages/airflow/example_dags/example_sensors.py took 0.053 seconds
[2026-06-30T08:29:33.182+0000] {processor.py:161} INFO - Started process (PID=22999) to work on /home/airflow/.local/lib/python3.12/site-packages/airflow/example_dags/example_sensors.py
[2026-06-30T08:29:33.183+0000] {processor.py:830} INFO - Processing file /home/airflow/.local/lib/python3.12/site-packages/airflow/example_dags/example_sensors.py for tasks to queue
[2026-06-30T08:29:33.184+0000] {logging_mixin.py:188} INFO - [2026-06-30T08:29:33.184+0000] {dagbag.py:545} INFO - Filling up the DagBag from /home/airflow/.local/lib/python3.12/site-packages/airflow/example_dags/example_sensors.py
[2026-06-30T08:29:33.192+0000] {processor.py:840} INFO - DAG(s) 'example_sensors' retrieved from /home/airflow/.local/lib/python3.12/site-packages/airflow/example_dags/example_sensors.py
[2026-06-30T08:29:33.211+0000] {logging_mixin.py:188} INFO - [2026-06-30T08:29:33.211+0000] {dag.py:3096} INFO - Sync 1 DAGs
[2026-06-30T08:29:33.223+0000] {logging_mixin.py:188} INFO - [2026-06-30T08:29:33.223+0000] {dag.py:3954} INFO - Setting next_dagrun for example_sensors to None, run_after=None
[2026-06-30T08:29:33.239+0000] {processor.py:183} INFO - Processing /home/airflow/.local/lib/python3.12/site-packages/airflow/example_dags/example_sensors.py took 0.062 seconds
[2026-06-30T08:30:03.769+0000] {processor.py:161} INFO - Started process (PID=23057) to work on /home/airflow/.local/lib/python3.12/site-packages/airflow/example_dags/example_sensors.py
[2026-06-30T08:30:03.770+0000] {processor.py:830} INFO - Processing file /home/airflow/.local/lib/python3.12/site-packages/airflow/example_dags/example_sensors.py for tasks to queue
[2026-06-30T08:30:03.771+0000] {logging_mixin.py:188} INFO - [2026-06-30T08:30:03.771+0000] {dagbag.py:545} INFO - Filling up the DagBag from /home/airflow/.local/lib/python3.12/site-packages/airflow/example_dags/example_sensors.py
[2026-06-30T08:30:03.779+0000] {processor.py:840} INFO - DAG(s) 'example_sensors' retrieved from /home/airflow/.local/lib/python3.12/site-packages/airflow/example_dags/example_sensors.py
[2026-06-30T08:30:03.799+0000] {logging_mixin.py:188} INFO - [2026-06-30T08:30:03.799+0000] {dag.py:3096} INFO - Sync 1 DAGs
[2026-06-30T08:30:03.810+0000] {logging_mixin.py:188} INFO - [2026-06-30T08:30:03.809+0000] {dag.py:3954} INFO - Setting next_dagrun for example_sensors to None, run_after=None
[2026-06-30T08:30:03.825+0000] {processor.py:183} INFO - Processing /home/airflow/.local/lib/python3.12/site-packages/airflow/example_dags/example_sensors.py took 0.060 seconds
[2026-06-30T08:30:34.255+0000] {processor.py:161} INFO - Started process (PID=23115) to work on /home/airflow/.local/lib/python3.12/site-packages/airflow/example_dags/example_sensors.py
[2026-06-30T08:30:34.256+0000] {processor.py:830} INFO - Processing file /home/airflow/.local/lib/python3.12/site-packages/airflow/example_dags/example_sensors.py for tasks to queue
[2026-06-30T08:30:34.257+0000] {logging_mixin.py:188} INFO - [2026-06-30T08:30:34.257+0000] {dagbag.py:545} INFO - Filling up the DagBag from /home/airflow/.local/lib/python3.12/site-packages/airflow/example_dags/example_sensors.py
[2026-06-30T08:30:34.265+0000] {processor.py:840} INFO - DAG(s) 'example_sensors' retrieved from /home/airflow/.local/lib/python3.12/site-packages/airflow/example_dags/example_sensors.py
[2026-06-30T08:30:34.286+0000] {logging_mixin.py:188} INFO - [2026-06-30T08:30:34.286+0000] {dag.py:3096} INFO - Sync 1 DAGs
[2026-06-30T08:30:34.297+0000] {logging_mixin.py:188} INFO - [2026-06-30T08:30:34.297+0000] {dag.py:3954} INFO - Setting next_dagrun for example_sensors to None, run_after=None
[2026-06-30T08:30:34.313+0000] {processor.py:183} INFO - Processing /home/airflow/.local/lib/python3.12/site-packages/airflow/example_dags/example_sensors.py took 0.063 seconds
[2026-06-30T08:31:04.966+0000] {processor.py:161} INFO - Started process (PID=23173) to work on /home/airflow/.local/lib/python3.12/site-packages/airflow/example_dags/example_sensors.py
[2026-06-30T08:31:04.967+0000] {processor.py:830} INFO - Processing file /home/airflow/.local/lib/python3.12/site-packages/airflow/example_dags/example_sensors.py for tasks to queue
[2026-06-30T08:31:04.967+0000] {logging_mixin.py:188} INFO - [2026-06-30T08:31:04.967+0000] {dagbag.py:545} INFO - Filling up the DagBag from /home/airflow/.local/lib/python3.12/site-packages/airflow/example_dags/example_sensors.py
[2026-06-30T08:31:04.975+0000] {processor.py:840} INFO - DAG(s) 'example_sensors' retrieved from /home/airflow/.local/lib/python3.12/site-packages/airflow/example_dags/example_sensors.py
[2026-06-30T08:31:04.993+0000] {logging_mixin.py:188} INFO - [2026-06-30T08:31:04.993+0000] {dag.py:3096} INFO - Sync 1 DAGs
[2026-06-30T08:31:05.002+0000] {logging_mixin.py:188} INFO - [2026-06-30T08:31:05.001+0000] {dag.py:3954} INFO - Setting next_dagrun for example_sensors to None, run_after=None
[2026-06-30T08:31:05.016+0000] {processor.py:183} INFO - Processing /home/airflow/.local/lib/python3.12/site-packages/airflow/example_dags/example_sensors.py took 0.056 seconds
[2026-06-30T08:31:35.807+0000] {processor.py:161} INFO - Started process (PID=23231) to work on /home/airflow/.local/lib/python3.12/site-packages/airflow/example_dags/example_sensors.py
[2026-06-30T08:31:35.808+0000] {processor.py:830} INFO - Processing file /home/airflow/.local/lib/python3.12/site-packages/airflow/example_dags/example_sensors.py for tasks to queue
[2026-06-30T08:31:35.809+0000] {logging_mixin.py:188} INFO - [2026-06-30T08:31:35.809+0000] {dagbag.py:545} INFO - Filling up the DagBag from /home/airflow/.local/lib/python3.12/site-packages/airflow/example_dags/example_sensors.py
[2026-06-30T08:31:35.817+0000] {processor.py:840} INFO - DAG(s) 'example_sensors' retrieved from /home/airflow/.local/lib/python3.12/site-packages/airflow/example_dags/example_sensors.py
[2026-06-30T08:31:35.837+0000] {logging_mixin.py:188} INFO - [2026-06-30T08:31:35.837+0000] {dag.py:3096} INFO - Sync 1 DAGs
[2026-06-30T08:31:35.846+0000] {logging_mixin.py:188} INFO - [2026-06-30T08:31:35.846+0000] {dag.py:3954} INFO - Setting next_dagrun for example_sensors to None, run_after=None
[2026-06-30T08:31:35.859+0000] {processor.py:183} INFO - Processing /home/airflow/.local/lib/python3.12/site-packages/airflow/example_dags/example_sensors.py took 0.056 seconds
[2026-06-30T08:32:06.405+0000] {processor.py:161} INFO - Started process (PID=23289) to work on /home/airflow/.local/lib/python3.12/site-packages/airflow/example_dags/example_sensors.py
[2026-06-30T08:32:06.406+0000] {processor.py:830} INFO - Processing file /home/airflow/.local/lib/python3.12/site-packages/airflow/example_dags/example_sensors.py for tasks to queue
[2026-06-30T08:32:06.406+0000] {logging_mixin.py:188} INFO - [2026-06-30T08:32:06.406+0000] {dagbag.py:545} INFO - Filling up the DagBag from /home/airflow/.local/lib/python3.12/site-packages/airflow/example_dags/example_sensors.py
[2026-06-30T08:32:06.414+0000] {processor.py:840} INFO - DAG(s) 'example_sensors' retrieved from /home/airflow/.local/lib/python3.12/site-packages/airflow/example_dags/example_sensors.py
[2026-06-30T08:32:06.436+0000] {logging_mixin.py:188} INFO - [2026-06-30T08:32:06.436+0000] {dag.py:3096} INFO - Sync 1 DAGs
[2026-06-30T08:32:06.445+0000] {logging_mixin.py:188} INFO - [2026-06-30T08:32:06.445+0000] {dag.py:3954} INFO - Setting next_dagrun for example_sensors to None, run_after=None
[2026-06-30T08:32:06.459+0000] {processor.py:183} INFO - Processing /home/airflow/.local/lib/python3.12/site-packages/airflow/example_dags/example_sensors.py took 0.058 seconds
[2026-06-30T08:32:37.198+0000] {processor.py:161} INFO - Started process (PID=23347) to work on /home/airflow/.local/lib/python3.12/site-packages/airflow/example_dags/example_sensors.py
[2026-06-30T08:32:37.199+0000] {processor.py:830} INFO - Processing file /home/airflow/.local/lib/python3.12/site-packages/airflow/example_dags/example_sensors.py for tasks to queue
[2026-06-30T08:32:37.200+0000] {logging_mixin.py:188} INFO - [2026-06-30T08:32:37.200+0000] {dagbag.py:545} INFO - Filling up the DagBag from /home/airflow/.local/lib/python3.12/site-packages/airflow/example_dags/example_sensors.py
[2026-06-30T08:32:37.212+0000] {processor.py:840} INFO - DAG(s) 'example_sensors' retrieved from /home/airflow/.local/lib/python3.12/site-packages/airflow/example_dags/example_sensors.py
[2026-06-30T08:32:37.238+0000] {logging_mixin.py:188} INFO - [2026-06-30T08:32:37.238+0000] {dag.py:3096} INFO - Sync 1 DAGs
[2026-06-30T08:32:37.251+0000] {logging_mixin.py:188} INFO - [2026-06-30T08:32:37.250+0000] {dag.py:3954} INFO - Setting next_dagrun for example_sensors to None, run_after=None
[2026-06-30T08:32:37.273+0000] {processor.py:183} INFO - Processing /home/airflow/.local/lib/python3.12/site-packages/airflow/example_dags/example_sensors.py took 0.082 seconds
[2026-06-30T08:33:08.013+0000] {processor.py:161} INFO - Started process (PID=23405) to work on /home/airflow/.local/lib/python3.12/site-packages/airflow/example_dags/example_sensors.py
[2026-06-30T08:33:08.014+0000] {processor.py:830} INFO - Processing file /home/airflow/.local/lib/python3.12/site-packages/airflow/example_dags/example_sensors.py for tasks to queue
[2026-06-30T08:33:08.015+0000] {logging_mixin.py:188} INFO - [2026-06-30T08:33:08.015+0000] {dagbag.py:545} INFO - Filling up the DagBag from /home/airflow/.local/lib/python3.12/site-packages/airflow/example_dags/example_sensors.py
[2026-06-30T08:33:08.023+0000] {processor.py:840} INFO - DAG(s) 'example_sensors' retrieved from /home/airflow/.local/lib/python3.12/site-packages/airflow/example_dags/example_sensors.py
[2026-06-30T08:33:08.046+0000] {logging_mixin.py:188} INFO - [2026-06-30T08:33:08.046+0000] {dag.py:3096} INFO - Sync 1 DAGs
[2026-06-30T08:33:08.058+0000] {logging_mixin.py:188} INFO - [2026-06-30T08:33:08.058+0000] {dag.py:3954} INFO - Setting next_dagrun for example_sensors to None, run_after=None
[2026-06-30T08:33:08.077+0000] {processor.py:183} INFO - Processing /home/airflow/.local/lib/python3.12/site-packages/airflow/example_dags/example_sensors.py took 0.069 seconds
[2026-06-30T08:33:38.950+0000] {processor.py:161} INFO - Started process (PID=23463) to work on /home/airflow/.local/lib/python3.12/site-packages/airflow/example_dags/example_sensors.py
[2026-06-30T08:33:38.951+0000] {processor.py:830} INFO - Processing file /home/airflow/.local/lib/python3.12/site-packages/airflow/example_dags/example_sensors.py for tasks to queue
[2026-06-30T08:33:38.952+0000] {logging_mixin.py:188} INFO - [2026-06-30T08:33:38.951+0000] {dagbag.py:545} INFO - Filling up the DagBag from /home/airflow/.local/lib/python3.12/site-packages/airflow/example_dags/example_sensors.py
[2026-06-30T08:33:38.962+0000] {processor.py:840} INFO - DAG(s) 'example_sensors' retrieved from /home/airflow/.local/lib/python3.12/site-packages/airflow/example_dags/example_sensors.py
[2026-06-30T08:33:38.987+0000] {logging_mixin.py:188} INFO - [2026-06-30T08:33:38.986+0000] {dag.py:3096} INFO - Sync 1 DAGs
[2026-06-30T08:33:39.000+0000] {logging_mixin.py:188} INFO - [2026-06-30T08:33:39.000+0000] {dag.py:3954} INFO - Setting next_dagrun for example_sensors to None, run_after=None
[2026-06-30T08:33:39.025+0000] {processor.py:183} INFO - Processing /home/airflow/.local/lib/python3.12/site-packages/airflow/example_dags/example_sensors.py took 0.081 seconds
[2026-06-30T08:34:09.828+0000] {processor.py:161} INFO - Started process (PID=23521) to work on /home/airflow/.local/lib/python3.12/site-packages/airflow/example_dags/example_sensors.py
[2026-06-30T08:34:09.829+0000] {processor.py:830} INFO - Processing file /home/airflow/.local/lib/python3.12/site-packages/airflow/example_dags/example_sensors.py for tasks to queue
[2026-06-30T08:34:09.830+0000] {logging_mixin.py:188} INFO - [2026-06-30T08:34:09.830+0000] {dagbag.py:545} INFO - Filling up the DagBag from /home/airflow/.local/lib/python3.12/site-packages/airflow/example_dags/example_sensors.py
[2026-06-30T08:34:09.840+0000] {processor.py:840} INFO - DAG(s) 'example_sensors' retrieved from /home/airflow/.local/lib/python3.12/site-packages/airflow/example_dags/example_sensors.py
[2026-06-30T08:34:09.861+0000] {logging_mixin.py:188} INFO - [2026-06-30T08:34:09.860+0000] {dag.py:3096} INFO - Sync 1 DAGs
[2026-06-30T08:34:09.870+0000] {logging_mixin.py:188} INFO - [2026-06-30T08:34:09.870+0000] {dag.py:3954} INFO - Setting next_dagrun for example_sensors to None, run_after=None
[2026-06-30T08:34:09.887+0000] {processor.py:183} INFO - Processing /home/airflow/.local/lib/python3.12/site-packages/airflow/example_dags/example_sensors.py took 0.065 seconds
[2026-06-30T08:34:40.399+0000] {processor.py:161} INFO - Started process (PID=23579) to work on /home/airflow/.local/lib/python3.12/site-packages/airflow/example_dags/example_sensors.py
[2026-06-30T08:34:40.399+0000] {processor.py:830} INFO - Processing file /home/airflow/.local/lib/python3.12/site-packages/airflow/example_dags/example_sensors.py for tasks to queue
[2026-06-30T08:34:40.400+0000] {logging_mixin.py:188} INFO - [2026-06-30T08:34:40.400+0000] {dagbag.py:545} INFO - Filling up the DagBag from /home/airflow/.local/lib/python3.12/site-packages/airflow/example_dags/example_sensors.py
[2026-06-30T08:34:40.408+0000] {processor.py:840} INFO - DAG(s) 'example_sensors' retrieved from /home/airflow/.local/lib/python3.12/site-packages/airflow/example_dags/example_sensors.py
[2026-06-30T08:34:40.425+0000] {logging_mixin.py:188} INFO - [2026-06-30T08:34:40.425+0000] {dag.py:3096} INFO - Sync 1 DAGs
[2026-06-30T08:34:40.435+0000] {logging_mixin.py:188} INFO - [2026-06-30T08:34:40.435+0000] {dag.py:3954} INFO - Setting next_dagrun for example_sensors to None, run_after=None
[2026-06-30T08:34:40.448+0000] {processor.py:183} INFO - Processing /home/airflow/.local/lib/python3.12/site-packages/airflow/example_dags/example_sensors.py took 0.054 seconds
[2026-06-30T08:35:10.781+0000] {processor.py:161} INFO - Started process (PID=23637) to work on /home/airflow/.local/lib/python3.12/site-packages/airflow/example_dags/example_sensors.py
[2026-06-30T08:35:10.781+0000] {processor.py:830} INFO - Processing file /home/airflow/.local/lib/python3.12/site-packages/airflow/example_dags/example_sensors.py for tasks to queue
[2026-06-30T08:35:10.782+0000] {logging_mixin.py:188} INFO - [2026-06-30T08:35:10.782+0000] {dagbag.py:545} INFO - Filling up the DagBag from /home/airflow/.local/lib/python3.12/site-packages/airflow/example_dags/example_sensors.py
[2026-06-30T08:35:10.789+0000] {processor.py:840} INFO - DAG(s) 'example_sensors' retrieved from /home/airflow/.local/lib/python3.12/site-packages/airflow/example_dags/example_sensors.py
[2026-06-30T08:35:10.807+0000] {logging_mixin.py:188} INFO - [2026-06-30T08:35:10.807+0000] {dag.py:3096} INFO - Sync 1 DAGs
[2026-06-30T08:35:10.817+0000] {logging_mixin.py:188} INFO - [2026-06-30T08:35:10.817+0000] {dag.py:3954} INFO - Setting next_dagrun for example_sensors to None, run_after=None
[2026-06-30T08:35:10.833+0000] {processor.py:183} INFO - Processing /home/airflow/.local/lib/python3.12/site-packages/airflow/example_dags/example_sensors.py took 0.057 seconds
[2026-06-30T08:35:41.194+0000] {processor.py:161} INFO - Started process (PID=23695) to work on /home/airflow/.local/lib/python3.12/site-packages/airflow/example_dags/example_sensors.py
[2026-06-30T08:35:41.194+0000] {processor.py:830} INFO - Processing file /home/airflow/.local/lib/python3.12/site-packages/airflow/example_dags/example_sensors.py for tasks to queue
[2026-06-30T08:35:41.195+0000] {logging_mixin.py:188} INFO - [2026-06-30T08:35:41.195+0000] {dagbag.py:545} INFO - Filling up the DagBag from /home/airflow/.local/lib/python3.12/site-packages/airflow/example_dags/example_sensors.py
[2026-06-30T08:35:41.203+0000] {processor.py:840} INFO - DAG(s) 'example_sensors' retrieved from /home/airflow/.local/lib/python3.12/site-packages/airflow/example_dags/example_sensors.py
[2026-06-30T08:35:41.219+0000] {logging_mixin.py:188} INFO - [2026-06-30T08:35:41.219+0000] {dag.py:3096} INFO - Sync 1 DAGs
[2026-06-30T08:35:41.227+0000] {logging_mixin.py:188} INFO - [2026-06-30T08:35:41.227+0000] {dag.py:3954} INFO - Setting next_dagrun for example_sensors to None, run_after=None
[2026-06-30T08:35:41.240+0000] {processor.py:183} INFO - Processing /home/airflow/.local/lib/python3.12/site-packages/airflow/example_dags/example_sensors.py took 0.050 seconds
[2026-06-30T08:36:11.450+0000] {processor.py:161} INFO - Started process (PID=23753) to work on /home/airflow/.local/lib/python3.12/site-packages/airflow/example_dags/example_sensors.py
[2026-06-30T08:36:11.450+0000] {processor.py:830} INFO - Processing file /home/airflow/.local/lib/python3.12/site-packages/airflow/example_dags/example_sensors.py for tasks to queue
[2026-06-30T08:36:11.451+0000] {logging_mixin.py:188} INFO - [2026-06-30T08:36:11.451+0000] {dagbag.py:545} INFO - Filling up the DagBag from /home/airflow/.local/lib/python3.12/site-packages/airflow/example_dags/example_sensors.py
[2026-06-30T08:36:11.458+0000] {processor.py:840} INFO - DAG(s) 'example_sensors' retrieved from /home/airflow/.local/lib/python3.12/site-packages/airflow/example_dags/example_sensors.py
[2026-06-30T08:36:11.473+0000] {logging_mixin.py:188} INFO - [2026-06-30T08:36:11.473+0000] {dag.py:3096} INFO - Sync 1 DAGs
[2026-06-30T08:36:11.480+0000] {logging_mixin.py:188} INFO - [2026-06-30T08:36:11.480+0000] {dag.py:3954} INFO - Setting next_dagrun for example_sensors to None, run_after=None
[2026-06-30T08:36:11.492+0000] {processor.py:183} INFO - Processing /home/airflow/.local/lib/python3.12/site-packages/airflow/example_dags/example_sensors.py took 0.046 seconds
[2026-06-30T08:36:41.995+0000] {processor.py:161} INFO - Started process (PID=23818) to work on /home/airflow/.local/lib/python3.12/site-packages/airflow/example_dags/example_sensors.py
[2026-06-30T08:36:41.996+0000] {processor.py:830} INFO - Processing file /home/airflow/.local/lib/python3.12/site-packages/airflow/example_dags/example_sensors.py for tasks to queue
[2026-06-30T08:36:41.996+0000] {logging_mixin.py:188} INFO - [2026-06-30T08:36:41.996+0000] {dagbag.py:545} INFO - Filling up the DagBag from /home/airflow/.local/lib/python3.12/site-packages/airflow/example_dags/example_sensors.py
[2026-06-30T08:36:42.004+0000] {processor.py:840} INFO - DAG(s) 'example_sensors' retrieved from /home/airflow/.local/lib/python3.12/site-packages/airflow/example_dags/example_sensors.py
[2026-06-30T08:36:42.021+0000] {logging_mixin.py:188} INFO - [2026-06-30T08:36:42.021+0000] {dag.py:3096} INFO - Sync 1 DAGs
[2026-06-30T08:36:42.030+0000] {logging_mixin.py:188} INFO - [2026-06-30T08:36:42.030+0000] {dag.py:3954} INFO - Setting next_dagrun for example_sensors to None, run_after=None
[2026-06-30T08:36:42.043+0000] {processor.py:183} INFO - Processing /home/airflow/.local/lib/python3.12/site-packages/airflow/example_dags/example_sensors.py took 0.052 seconds
[2026-06-30T08:37:12.300+0000] {processor.py:161} INFO - Started process (PID=23876) to work on /home/airflow/.local/lib/python3.12/site-packages/airflow/example_dags/example_sensors.py
[2026-06-30T08:37:12.301+0000] {processor.py:830} INFO - Processing file /home/airflow/.local/lib/python3.12/site-packages/airflow/example_dags/example_sensors.py for tasks to queue
[2026-06-30T08:37:12.302+0000] {logging_mixin.py:188} INFO - [2026-06-30T08:37:12.302+0000] {dagbag.py:545} INFO - Filling up the DagBag from /home/airflow/.local/lib/python3.12/site-packages/airflow/example_dags/example_sensors.py
[2026-06-30T08:37:12.309+0000] {processor.py:840} INFO - DAG(s) 'example_sensors' retrieved from /home/airflow/.local/lib/python3.12/site-packages/airflow/example_dags/example_sensors.py
[2026-06-30T08:37:12.327+0000] {logging_mixin.py:188} INFO - [2026-06-30T08:37:12.327+0000] {dag.py:3096} INFO - Sync 1 DAGs
[2026-06-30T08:37:12.336+0000] {logging_mixin.py:188} INFO - [2026-06-30T08:37:12.336+0000] {dag.py:3954} INFO - Setting next_dagrun for example_sensors to None, run_after=None
[2026-06-30T08:37:12.349+0000] {processor.py:183} INFO - Processing /home/airflow/.local/lib/python3.12/site-packages/airflow/example_dags/example_sensors.py took 0.053 seconds
[2026-06-30T08:37:42.717+0000] {processor.py:161} INFO - Started process (PID=23934) to work on /home/airflow/.local/lib/python3.12/site-packages/airflow/example_dags/example_sensors.py
[2026-06-30T08:37:42.718+0000] {processor.py:830} INFO - Processing file /home/airflow/.local/lib/python3.12/site-packages/airflow/example_dags/example_sensors.py for tasks to queue
[2026-06-30T08:37:42.719+0000] {logging_mixin.py:188} INFO - [2026-06-30T08:37:42.719+0000] {dagbag.py:545} INFO - Filling up the DagBag from /home/airflow/.local/lib/python3.12/site-packages/airflow/example_dags/example_sensors.py
[2026-06-30T08:37:42.726+0000] {processor.py:840} INFO - DAG(s) 'example_sensors' retrieved from /home/airflow/.local/lib/python3.12/site-packages/airflow/example_dags/example_sensors.py
[2026-06-30T08:37:42.743+0000] {logging_mixin.py:188} INFO - [2026-06-30T08:37:42.743+0000] {dag.py:3096} INFO - Sync 1 DAGs
[2026-06-30T08:37:42.751+0000] {logging_mixin.py:188} INFO - [2026-06-30T08:37:42.751+0000] {dag.py:3954} INFO - Setting next_dagrun for example_sensors to None, run_after=None
[2026-06-30T08:37:42.764+0000] {processor.py:183} INFO - Processing /home/airflow/.local/lib/python3.12/site-packages/airflow/example_dags/example_sensors.py took 0.052 seconds
[2026-06-30T08:38:13.280+0000] {processor.py:161} INFO - Started process (PID=23992) to work on /home/airflow/.local/lib/python3.12/site-packages/airflow/example_dags/example_sensors.py
[2026-06-30T08:38:13.281+0000] {processor.py:830} INFO - Processing file /home/airflow/.local/lib/python3.12/site-packages/airflow/example_dags/example_sensors.py for tasks to queue
[2026-06-30T08:38:13.282+0000] {logging_mixin.py:188} INFO - [2026-06-30T08:38:13.282+0000] {dagbag.py:545} INFO - Filling up the DagBag from /home/airflow/.local/lib/python3.12/site-packages/airflow/example_dags/example_sensors.py
[2026-06-30T08:38:13.289+0000] {processor.py:840} INFO - DAG(s) 'example_sensors' retrieved from /home/airflow/.local/lib/python3.12/site-packages/airflow/example_dags/example_sensors.py
[2026-06-30T08:38:13.306+0000] {logging_mixin.py:188} INFO - [2026-06-30T08:38:13.306+0000] {dag.py:3096} INFO - Sync 1 DAGs
[2026-06-30T08:38:13.314+0000] {logging_mixin.py:188} INFO - [2026-06-30T08:38:13.314+0000] {dag.py:3954} INFO - Setting next_dagrun for example_sensors to None, run_after=None
[2026-06-30T08:38:13.328+0000] {processor.py:183} INFO - Processing /home/airflow/.local/lib/python3.12/site-packages/airflow/example_dags/example_sensors.py took 0.051 seconds
[2026-06-30T08:38:43.677+0000] {processor.py:161} INFO - Started process (PID=24050) to work on /home/airflow/.local/lib/python3.12/site-packages/airflow/example_dags/example_sensors.py
[2026-06-30T08:38:43.678+0000] {processor.py:830} INFO - Processing file /home/airflow/.local/lib/python3.12/site-packages/airflow/example_dags/example_sensors.py for tasks to queue
[2026-06-30T08:38:43.679+0000] {logging_mixin.py:188} INFO - [2026-06-30T08:38:43.679+0000] {dagbag.py:545} INFO - Filling up the DagBag from /home/airflow/.local/lib/python3.12/site-packages/airflow/example_dags/example_sensors.py
[2026-06-30T08:38:43.686+0000] {processor.py:840} INFO - DAG(s) 'example_sensors' retrieved from /home/airflow/.local/lib/python3.12/site-packages/airflow/example_dags/example_sensors.py
[2026-06-30T08:38:43.705+0000] {logging_mixin.py:188} INFO - [2026-06-30T08:38:43.704+0000] {dag.py:3096} INFO - Sync 1 DAGs
[2026-06-30T08:38:43.715+0000] {logging_mixin.py:188} INFO - [2026-06-30T08:38:43.715+0000] {dag.py:3954} INFO - Setting next_dagrun for example_sensors to None, run_after=None
[2026-06-30T08:38:43.732+0000] {processor.py:183} INFO - Processing /home/airflow/.local/lib/python3.12/site-packages/airflow/example_dags/example_sensors.py took 0.059 seconds
[2026-06-30T08:39:14.243+0000] {processor.py:161} INFO - Started process (PID=24108) to work on /home/airflow/.local/lib/python3.12/site-packages/airflow/example_dags/example_sensors.py
[2026-06-30T08:39:14.244+0000] {processor.py:830} INFO - Processing file /home/airflow/.local/lib/python3.12/site-packages/airflow/example_dags/example_sensors.py for tasks to queue
[2026-06-30T08:39:14.245+0000] {logging_mixin.py:188} INFO - [2026-06-30T08:39:14.244+0000] {dagbag.py:545} INFO - Filling up the DagBag from /home/airflow/.local/lib/python3.12/site-packages/airflow/example_dags/example_sensors.py
[2026-06-30T08:39:14.252+0000] {processor.py:840} INFO - DAG(s) 'example_sensors' retrieved from /home/airflow/.local/lib/python3.12/site-packages/airflow/example_dags/example_sensors.py
[2026-06-30T08:39:14.270+0000] {logging_mixin.py:188} INFO - [2026-06-30T08:39:14.270+0000] {dag.py:3096} INFO - Sync 1 DAGs
[2026-06-30T08:39:14.279+0000] {logging_mixin.py:188} INFO - [2026-06-30T08:39:14.279+0000] {dag.py:3954} INFO - Setting next_dagrun for example_sensors to None, run_after=None
[2026-06-30T08:39:14.292+0000] {processor.py:183} INFO - Processing /home/airflow/.local/lib/python3.12/site-packages/airflow/example_dags/example_sensors.py took 0.054 seconds
[2026-06-30T08:39:44.821+0000] {processor.py:161} INFO - Started process (PID=24166) to work on /home/airflow/.local/lib/python3.12/site-packages/airflow/example_dags/example_sensors.py
[2026-06-30T08:39:44.822+0000] {processor.py:830} INFO - Processing file /home/airflow/.local/lib/python3.12/site-packages/airflow/example_dags/example_sensors.py for tasks to queue
[2026-06-30T08:39:44.823+0000] {logging_mixin.py:188} INFO - [2026-06-30T08:39:44.822+0000] {dagbag.py:545} INFO - Filling up the DagBag from /home/airflow/.local/lib/python3.12/site-packages/airflow/example_dags/example_sensors.py
[2026-06-30T08:39:44.830+0000] {processor.py:840} INFO - DAG(s) 'example_sensors' retrieved from /home/airflow/.local/lib/python3.12/site-packages/airflow/example_dags/example_sensors.py
[2026-06-30T08:39:44.849+0000] {logging_mixin.py:188} INFO - [2026-06-30T08:39:44.849+0000] {dag.py:3096} INFO - Sync 1 DAGs
[2026-06-30T08:39:44.859+0000] {logging_mixin.py:188} INFO - [2026-06-30T08:39:44.859+0000] {dag.py:3954} INFO - Setting next_dagrun for example_sensors to None, run_after=None
[2026-06-30T08:39:44.872+0000] {processor.py:183} INFO - Processing /home/airflow/.local/lib/python3.12/site-packages/airflow/example_dags/example_sensors.py took 0.056 seconds
[2026-06-30T08:40:15.281+0000] {processor.py:161} INFO - Started process (PID=24224) to work on /home/airflow/.local/lib/python3.12/site-packages/airflow/example_dags/example_sensors.py
[2026-06-30T08:40:15.282+0000] {processor.py:830} INFO - Processing file /home/airflow/.local/lib/python3.12/site-packages/airflow/example_dags/example_sensors.py for tasks to queue
[2026-06-30T08:40:15.283+0000] {logging_mixin.py:188} INFO - [2026-06-30T08:40:15.283+0000] {dagbag.py:545} INFO - Filling up the DagBag from /home/airflow/.local/lib/python3.12/site-packages/airflow/example_dags/example_sensors.py
[2026-06-30T08:40:15.290+0000] {processor.py:840} INFO - DAG(s) 'example_sensors' retrieved from /home/airflow/.local/lib/python3.12/site-packages/airflow/example_dags/example_sensors.py
[2026-06-30T08:40:15.308+0000] {logging_mixin.py:188} INFO - [2026-06-30T08:40:15.308+0000] {dag.py:3096} INFO - Sync 1 DAGs
[2026-06-30T08:40:15.318+0000] {logging_mixin.py:188} INFO - [2026-06-30T08:40:15.318+0000] {dag.py:3954} INFO - Setting next_dagrun for example_sensors to None, run_after=None
[2026-06-30T08:40:15.331+0000] {processor.py:183} INFO - Processing /home/airflow/.local/lib/python3.12/site-packages/airflow/example_dags/example_sensors.py took 0.054 seconds
[2026-06-30T08:40:45.867+0000] {processor.py:161} INFO - Started process (PID=24282) to work on /home/airflow/.local/lib/python3.12/site-packages/airflow/example_dags/example_sensors.py
[2026-06-30T08:40:45.868+0000] {processor.py:830} INFO - Processing file /home/airflow/.local/lib/python3.12/site-packages/airflow/example_dags/example_sensors.py for tasks to queue
[2026-06-30T08:40:45.869+0000] {logging_mixin.py:188} INFO - [2026-06-30T08:40:45.868+0000] {dagbag.py:545} INFO - Filling up the DagBag from /home/airflow/.local/lib/python3.12/site-packages/airflow/example_dags/example_sensors.py
[2026-06-30T08:40:45.876+0000] {processor.py:840} INFO - DAG(s) 'example_sensors' retrieved from /home/airflow/.local/lib/python3.12/site-packages/airflow/example_dags/example_sensors.py
[2026-06-30T08:40:45.894+0000] {logging_mixin.py:188} INFO - [2026-06-30T08:40:45.893+0000] {dag.py:3096} INFO - Sync 1 DAGs
[2026-06-30T08:40:45.902+0000] {logging_mixin.py:188} INFO - [2026-06-30T08:40:45.902+0000] {dag.py:3954} INFO - Setting next_dagrun for example_sensors to None, run_after=None
[2026-06-30T08:40:45.916+0000] {processor.py:183} INFO - Processing /home/airflow/.local/lib/python3.12/site-packages/airflow/example_dags/example_sensors.py took 0.053 seconds
[2026-06-30T08:41:16.510+0000] {processor.py:161} INFO - Started process (PID=24340) to work on /home/airflow/.local/lib/python3.12/site-packages/airflow/example_dags/example_sensors.py
[2026-06-30T08:41:16.517+0000] {processor.py:830} INFO - Processing file /home/airflow/.local/lib/python3.12/site-packages/airflow/example_dags/example_sensors.py for tasks to queue
[2026-06-30T08:41:16.520+0000] {logging_mixin.py:188} INFO - [2026-06-30T08:41:16.520+0000] {dagbag.py:545} INFO - Filling up the DagBag from /home/airflow/.local/lib/python3.12/site-packages/airflow/example_dags/example_sensors.py
[2026-06-30T08:41:16.527+0000] {processor.py:840} INFO - DAG(s) 'example_sensors' retrieved from /home/airflow/.local/lib/python3.12/site-packages/airflow/example_dags/example_sensors.py
[2026-06-30T08:41:16.544+0000] {logging_mixin.py:188} INFO - [2026-06-30T08:41:16.544+0000] {dag.py:3096} INFO - Sync 1 DAGs
[2026-06-30T08:41:16.552+0000] {logging_mixin.py:188} INFO - [2026-06-30T08:41:16.552+0000] {dag.py:3954} INFO - Setting next_dagrun for example_sensors to None, run_after=None
[2026-06-30T08:41:16.565+0000] {processor.py:183} INFO - Processing /home/airflow/.local/lib/python3.12/site-packages/airflow/example_dags/example_sensors.py took 0.059 seconds
[2026-06-30T08:41:47.017+0000] {processor.py:161} INFO - Started process (PID=24398) to work on /home/airflow/.local/lib/python3.12/site-packages/airflow/example_dags/example_sensors.py
[2026-06-30T08:41:47.018+0000] {processor.py:830} INFO - Processing file /home/airflow/.local/lib/python3.12/site-packages/airflow/example_dags/example_sensors.py for tasks to queue
[2026-06-30T08:41:47.018+0000] {logging_mixin.py:188} INFO - [2026-06-30T08:41:47.018+0000] {dagbag.py:545} INFO - Filling up the DagBag from /home/airflow/.local/lib/python3.12/site-packages/airflow/example_dags/example_sensors.py
[2026-06-30T08:41:47.026+0000] {processor.py:840} INFO - DAG(s) 'example_sensors' retrieved from /home/airflow/.local/lib/python3.12/site-packages/airflow/example_dags/example_sensors.py
[2026-06-30T08:41:47.042+0000] {logging_mixin.py:188} INFO - [2026-06-30T08:41:47.042+0000] {dag.py:3096} INFO - Sync 1 DAGs
[2026-06-30T08:41:47.050+0000] {logging_mixin.py:188} INFO - [2026-06-30T08:41:47.050+0000] {dag.py:3954} INFO - Setting next_dagrun for example_sensors to None, run_after=None
[2026-06-30T08:41:47.063+0000] {processor.py:183} INFO - Processing /home/airflow/.local/lib/python3.12/site-packages/airflow/example_dags/example_sensors.py took 0.050 seconds
[2026-06-30T08:42:17.517+0000] {processor.py:161} INFO - Started process (PID=24456) to work on /home/airflow/.local/lib/python3.12/site-packages/airflow/example_dags/example_sensors.py
[2026-06-30T08:42:17.518+0000] {processor.py:830} INFO - Processing file /home/airflow/.local/lib/python3.12/site-packages/airflow/example_dags/example_sensors.py for tasks to queue
[2026-06-30T08:42:17.519+0000] {logging_mixin.py:188} INFO - [2026-06-30T08:42:17.518+0000] {dagbag.py:545} INFO - Filling up the DagBag from /home/airflow/.local/lib/python3.12/site-packages/airflow/example_dags/example_sensors.py
[2026-06-30T08:42:17.529+0000] {processor.py:840} INFO - DAG(s) 'example_sensors' retrieved from /home/airflow/.local/lib/python3.12/site-packages/airflow/example_dags/example_sensors.py
[2026-06-30T08:42:17.557+0000] {logging_mixin.py:188} INFO - [2026-06-30T08:42:17.557+0000] {dag.py:3096} INFO - Sync 1 DAGs
[2026-06-30T08:42:17.572+0000] {logging_mixin.py:188} INFO - [2026-06-30T08:42:17.572+0000] {dag.py:3954} INFO - Setting next_dagrun for example_sensors to None, run_after=None
[2026-06-30T08:42:17.591+0000] {processor.py:183} INFO - Processing /home/airflow/.local/lib/python3.12/site-packages/airflow/example_dags/example_sensors.py took 0.079 seconds
[2026-06-30T08:42:48.277+0000] {processor.py:161} INFO - Started process (PID=24514) to work on /home/airflow/.local/lib/python3.12/site-packages/airflow/example_dags/example_sensors.py
[2026-06-30T08:42:48.278+0000] {processor.py:830} INFO - Processing file /home/airflow/.local/lib/python3.12/site-packages/airflow/example_dags/example_sensors.py for tasks to queue
[2026-06-30T08:42:48.279+0000] {logging_mixin.py:188} INFO - [2026-06-30T08:42:48.279+0000] {dagbag.py:545} INFO - Filling up the DagBag from /home/airflow/.local/lib/python3.12/site-packages/airflow/example_dags/example_sensors.py
[2026-06-30T08:42:48.288+0000] {processor.py:840} INFO - DAG(s) 'example_sensors' retrieved from /home/airflow/.local/lib/python3.12/site-packages/airflow/example_dags/example_sensors.py
[2026-06-30T08:42:48.309+0000] {logging_mixin.py:188} INFO - [2026-06-30T08:42:48.309+0000] {dag.py:3096} INFO - Sync 1 DAGs
[2026-06-30T08:42:48.320+0000] {logging_mixin.py:188} INFO - [2026-06-30T08:42:48.320+0000] {dag.py:3954} INFO - Setting next_dagrun for example_sensors to None, run_after=None
[2026-06-30T08:42:48.336+0000] {processor.py:183} INFO - Processing /home/airflow/.local/lib/python3.12/site-packages/airflow/example_dags/example_sensors.py took 0.064 seconds
[2026-06-30T08:43:18.394+0000] {processor.py:161} INFO - Started process (PID=24572) to work on /home/airflow/.local/lib/python3.12/site-packages/airflow/example_dags/example_sensors.py
[2026-06-30T08:43:18.395+0000] {processor.py:830} INFO - Processing file /home/airflow/.local/lib/python3.12/site-packages/airflow/example_dags/example_sensors.py for tasks to queue
[2026-06-30T08:43:18.396+0000] {logging_mixin.py:188} INFO - [2026-06-30T08:43:18.395+0000] {dagbag.py:545} INFO - Filling up the DagBag from /home/airflow/.local/lib/python3.12/site-packages/airflow/example_dags/example_sensors.py
[2026-06-30T08:43:18.403+0000] {processor.py:840} INFO - DAG(s) 'example_sensors' retrieved from /home/airflow/.local/lib/python3.12/site-packages/airflow/example_dags/example_sensors.py
[2026-06-30T08:43:18.420+0000] {logging_mixin.py:188} INFO - [2026-06-30T08:43:18.420+0000] {dag.py:3096} INFO - Sync 1 DAGs
[2026-06-30T08:43:18.429+0000] {logging_mixin.py:188} INFO - [2026-06-30T08:43:18.429+0000] {dag.py:3954} INFO - Setting next_dagrun for example_sensors to None, run_after=None
[2026-06-30T08:43:18.442+0000] {processor.py:183} INFO - Processing /home/airflow/.local/lib/python3.12/site-packages/airflow/example_dags/example_sensors.py took 0.054 seconds
[2026-06-30T08:43:48.748+0000] {processor.py:161} INFO - Started process (PID=24630) to work on /home/airflow/.local/lib/python3.12/site-packages/airflow/example_dags/example_sensors.py
[2026-06-30T08:43:48.750+0000] {processor.py:830} INFO - Processing file /home/airflow/.local/lib/python3.12/site-packages/airflow/example_dags/example_sensors.py for tasks to queue
[2026-06-30T08:43:48.751+0000] {logging_mixin.py:188} INFO - [2026-06-30T08:43:48.751+0000] {dagbag.py:545} INFO - Filling up the DagBag from /home/airflow/.local/lib/python3.12/site-packages/airflow/example_dags/example_sensors.py
[2026-06-30T08:43:48.761+0000] {processor.py:840} INFO - DAG(s) 'example_sensors' retrieved from /home/airflow/.local/lib/python3.12/site-packages/airflow/example_dags/example_sensors.py
[2026-06-30T08:43:48.782+0000] {logging_mixin.py:188} INFO - [2026-06-30T08:43:48.782+0000] {dag.py:3096} INFO - Sync 1 DAGs
[2026-06-30T08:43:48.792+0000] {logging_mixin.py:188} INFO - [2026-06-30T08:43:48.792+0000] {dag.py:3954} INFO - Setting next_dagrun for example_sensors to None, run_after=None
[2026-06-30T08:43:48.806+0000] {processor.py:183} INFO - Processing /home/airflow/.local/lib/python3.12/site-packages/airflow/example_dags/example_sensors.py took 0.064 seconds
[2026-06-30T08:44:19.106+0000] {processor.py:161} INFO - Started process (PID=24688) to work on /home/airflow/.local/lib/python3.12/site-packages/airflow/example_dags/example_sensors.py
[2026-06-30T08:44:19.108+0000] {processor.py:830} INFO - Processing file /home/airflow/.local/lib/python3.12/site-packages/airflow/example_dags/example_sensors.py for tasks to queue
[2026-06-30T08:44:19.109+0000] {logging_mixin.py:188} INFO - [2026-06-30T08:44:19.108+0000] {dagbag.py:545} INFO - Filling up the DagBag from /home/airflow/.local/lib/python3.12/site-packages/airflow/example_dags/example_sensors.py
[2026-06-30T08:44:19.117+0000] {processor.py:840} INFO - DAG(s) 'example_sensors' retrieved from /home/airflow/.local/lib/python3.12/site-packages/airflow/example_dags/example_sensors.py
[2026-06-30T08:44:19.137+0000] {logging_mixin.py:188} INFO - [2026-06-30T08:44:19.137+0000] {dag.py:3096} INFO - Sync 1 DAGs
[2026-06-30T08:44:19.145+0000] {logging_mixin.py:188} INFO - [2026-06-30T08:44:19.145+0000] {dag.py:3954} INFO - Setting next_dagrun for example_sensors to None, run_after=None
[2026-06-30T08:44:19.160+0000] {processor.py:183} INFO - Processing /home/airflow/.local/lib/python3.12/site-packages/airflow/example_dags/example_sensors.py took 0.058 seconds
[2026-06-30T08:44:49.557+0000] {processor.py:161} INFO - Started process (PID=24746) to work on /home/airflow/.local/lib/python3.12/site-packages/airflow/example_dags/example_sensors.py
[2026-06-30T08:44:49.558+0000] {processor.py:830} INFO - Processing file /home/airflow/.local/lib/python3.12/site-packages/airflow/example_dags/example_sensors.py for tasks to queue
[2026-06-30T08:44:49.559+0000] {logging_mixin.py:188} INFO - [2026-06-30T08:44:49.559+0000] {dagbag.py:545} INFO - Filling up the DagBag from /home/airflow/.local/lib/python3.12/site-packages/airflow/example_dags/example_sensors.py
[2026-06-30T08:44:49.567+0000] {processor.py:840} INFO - DAG(s) 'example_sensors' retrieved from /home/airflow/.local/lib/python3.12/site-packages/airflow/example_dags/example_sensors.py
[2026-06-30T08:44:49.590+0000] {logging_mixin.py:188} INFO - [2026-06-30T08:44:49.589+0000] {dag.py:3096} INFO - Sync 1 DAGs
[2026-06-30T08:44:49.599+0000] {logging_mixin.py:188} INFO - [2026-06-30T08:44:49.599+0000] {dag.py:3954} INFO - Setting next_dagrun for example_sensors to None, run_after=None
[2026-06-30T08:44:49.615+0000] {processor.py:183} INFO - Processing /home/airflow/.local/lib/python3.12/site-packages/airflow/example_dags/example_sensors.py took 0.064 seconds
[2026-06-30T08:45:20.122+0000] {processor.py:161} INFO - Started process (PID=24804) to work on /home/airflow/.local/lib/python3.12/site-packages/airflow/example_dags/example_sensors.py
[2026-06-30T08:45:20.123+0000] {processor.py:830} INFO - Processing file /home/airflow/.local/lib/python3.12/site-packages/airflow/example_dags/example_sensors.py for tasks to queue
[2026-06-30T08:45:20.124+0000] {logging_mixin.py:188} INFO - [2026-06-30T08:45:20.124+0000] {dagbag.py:545} INFO - Filling up the DagBag from /home/airflow/.local/lib/python3.12/site-packages/airflow/example_dags/example_sensors.py
[2026-06-30T08:45:20.133+0000] {processor.py:840} INFO - DAG(s) 'example_sensors' retrieved from /home/airflow/.local/lib/python3.12/site-packages/airflow/example_dags/example_sensors.py
[2026-06-30T08:45:20.160+0000] {logging_mixin.py:188} INFO - [2026-06-30T08:45:20.159+0000] {dag.py:3096} INFO - Sync 1 DAGs
[2026-06-30T08:45:20.172+0000] {logging_mixin.py:188} INFO - [2026-06-30T08:45:20.171+0000] {dag.py:3954} INFO - Setting next_dagrun for example_sensors to None, run_after=None
[2026-06-30T08:45:20.191+0000] {processor.py:183} INFO - Processing /home/airflow/.local/lib/python3.12/site-packages/airflow/example_dags/example_sensors.py took 0.075 seconds
[2026-06-30T08:45:50.794+0000] {processor.py:161} INFO - Started process (PID=24862) to work on /home/airflow/.local/lib/python3.12/site-packages/airflow/example_dags/example_sensors.py
[2026-06-30T08:45:50.795+0000] {processor.py:830} INFO - Processing file /home/airflow/.local/lib/python3.12/site-packages/airflow/example_dags/example_sensors.py for tasks to queue
[2026-06-30T08:45:50.797+0000] {logging_mixin.py:188} INFO - [2026-06-30T08:45:50.796+0000] {dagbag.py:545} INFO - Filling up the DagBag from /home/airflow/.local/lib/python3.12/site-packages/airflow/example_dags/example_sensors.py
[2026-06-30T08:45:50.807+0000] {processor.py:840} INFO - DAG(s) 'example_sensors' retrieved from /home/airflow/.local/lib/python3.12/site-packages/airflow/example_dags/example_sensors.py
[2026-06-30T08:45:50.833+0000] {logging_mixin.py:188} INFO - [2026-06-30T08:45:50.832+0000] {dag.py:3096} INFO - Sync 1 DAGs
[2026-06-30T08:45:50.847+0000] {logging_mixin.py:188} INFO - [2026-06-30T08:45:50.847+0000] {dag.py:3954} INFO - Setting next_dagrun for example_sensors to None, run_after=None
[2026-06-30T08:45:50.872+0000] {processor.py:183} INFO - Processing /home/airflow/.local/lib/python3.12/site-packages/airflow/example_dags/example_sensors.py took 0.084 seconds
[2026-06-30T08:46:21.348+0000] {processor.py:161} INFO - Started process (PID=24920) to work on /home/airflow/.local/lib/python3.12/site-packages/airflow/example_dags/example_sensors.py
[2026-06-30T08:46:21.350+0000] {processor.py:830} INFO - Processing file /home/airflow/.local/lib/python3.12/site-packages/airflow/example_dags/example_sensors.py for tasks to queue
[2026-06-30T08:46:21.351+0000] {logging_mixin.py:188} INFO - [2026-06-30T08:46:21.351+0000] {dagbag.py:545} INFO - Filling up the DagBag from /home/airflow/.local/lib/python3.12/site-packages/airflow/example_dags/example_sensors.py
[2026-06-30T08:46:21.362+0000] {processor.py:840} INFO - DAG(s) 'example_sensors' retrieved from /home/airflow/.local/lib/python3.12/site-packages/airflow/example_dags/example_sensors.py
[2026-06-30T08:46:21.383+0000] {logging_mixin.py:188} INFO - [2026-06-30T08:46:21.383+0000] {dag.py:3096} INFO - Sync 1 DAGs
[2026-06-30T08:46:21.394+0000] {logging_mixin.py:188} INFO - [2026-06-30T08:46:21.394+0000] {dag.py:3954} INFO - Setting next_dagrun for example_sensors to None, run_after=None
[2026-06-30T08:46:21.412+0000] {processor.py:183} INFO - Processing /home/airflow/.local/lib/python3.12/site-packages/airflow/example_dags/example_sensors.py took 0.070 seconds
[2026-06-30T08:46:51.918+0000] {processor.py:161} INFO - Started process (PID=24978) to work on /home/airflow/.local/lib/python3.12/site-packages/airflow/example_dags/example_sensors.py
[2026-06-30T08:46:51.919+0000] {processor.py:830} INFO - Processing file /home/airflow/.local/lib/python3.12/site-packages/airflow/example_dags/example_sensors.py for tasks to queue
[2026-06-30T08:46:51.920+0000] {logging_mixin.py:188} INFO - [2026-06-30T08:46:51.920+0000] {dagbag.py:545} INFO - Filling up the DagBag from /home/airflow/.local/lib/python3.12/site-packages/airflow/example_dags/example_sensors.py
[2026-06-30T08:46:51.927+0000] {processor.py:840} INFO - DAG(s) 'example_sensors' retrieved from /home/airflow/.local/lib/python3.12/site-packages/airflow/example_dags/example_sensors.py
[2026-06-30T08:46:51.944+0000] {logging_mixin.py:188} INFO - [2026-06-30T08:46:51.944+0000] {dag.py:3096} INFO - Sync 1 DAGs
[2026-06-30T08:46:51.952+0000] {logging_mixin.py:188} INFO - [2026-06-30T08:46:51.952+0000] {dag.py:3954} INFO - Setting next_dagrun for example_sensors to None, run_after=None
[2026-06-30T08:46:51.964+0000] {processor.py:183} INFO - Processing /home/airflow/.local/lib/python3.12/site-packages/airflow/example_dags/example_sensors.py took 0.050 seconds
[2026-06-30T08:47:22.406+0000] {processor.py:161} INFO - Started process (PID=25036) to work on /home/airflow/.local/lib/python3.12/site-packages/airflow/example_dags/example_sensors.py
[2026-06-30T08:47:22.407+0000] {processor.py:830} INFO - Processing file /home/airflow/.local/lib/python3.12/site-packages/airflow/example_dags/example_sensors.py for tasks to queue
[2026-06-30T08:47:22.408+0000] {logging_mixin.py:188} INFO - [2026-06-30T08:47:22.407+0000] {dagbag.py:545} INFO - Filling up the DagBag from /home/airflow/.local/lib/python3.12/site-packages/airflow/example_dags/example_sensors.py
[2026-06-30T08:47:22.415+0000] {processor.py:840} INFO - DAG(s) 'example_sensors' retrieved from /home/airflow/.local/lib/python3.12/site-packages/airflow/example_dags/example_sensors.py
[2026-06-30T08:47:22.432+0000] {logging_mixin.py:188} INFO - [2026-06-30T08:47:22.431+0000] {dag.py:3096} INFO - Sync 1 DAGs
[2026-06-30T08:47:22.440+0000] {logging_mixin.py:188} INFO - [2026-06-30T08:47:22.440+0000] {dag.py:3954} INFO - Setting next_dagrun for example_sensors to None, run_after=None
[2026-06-30T08:47:22.456+0000] {processor.py:183} INFO - Processing /home/airflow/.local/lib/python3.12/site-packages/airflow/example_dags/example_sensors.py took 0.054 seconds
[2026-06-30T08:47:52.937+0000] {processor.py:161} INFO - Started process (PID=25094) to work on /home/airflow/.local/lib/python3.12/site-packages/airflow/example_dags/example_sensors.py
[2026-06-30T08:47:52.938+0000] {processor.py:830} INFO - Processing file /home/airflow/.local/lib/python3.12/site-packages/airflow/example_dags/example_sensors.py for tasks to queue
[2026-06-30T08:47:52.939+0000] {logging_mixin.py:188} INFO - [2026-06-30T08:47:52.939+0000] {dagbag.py:545} INFO - Filling up the DagBag from /home/airflow/.local/lib/python3.12/site-packages/airflow/example_dags/example_sensors.py
[2026-06-30T08:47:52.946+0000] {processor.py:840} INFO - DAG(s) 'example_sensors' retrieved from /home/airflow/.local/lib/python3.12/site-packages/airflow/example_dags/example_sensors.py
[2026-06-30T08:47:52.965+0000] {logging_mixin.py:188} INFO - [2026-06-30T08:47:52.965+0000] {dag.py:3096} INFO - Sync 1 DAGs
[2026-06-30T08:47:52.974+0000] {logging_mixin.py:188} INFO - [2026-06-30T08:47:52.974+0000] {dag.py:3954} INFO - Setting next_dagrun for example_sensors to None, run_after=None
[2026-06-30T08:47:52.988+0000] {processor.py:183} INFO - Processing /home/airflow/.local/lib/python3.12/site-packages/airflow/example_dags/example_sensors.py took 0.056 seconds
[2026-06-30T08:48:23.542+0000] {processor.py:161} INFO - Started process (PID=25152) to work on /home/airflow/.local/lib/python3.12/site-packages/airflow/example_dags/example_sensors.py
[2026-06-30T08:48:23.542+0000] {processor.py:830} INFO - Processing file /home/airflow/.local/lib/python3.12/site-packages/airflow/example_dags/example_sensors.py for tasks to queue
[2026-06-30T08:48:23.543+0000] {logging_mixin.py:188} INFO - [2026-06-30T08:48:23.543+0000] {dagbag.py:545} INFO - Filling up the DagBag from /home/airflow/.local/lib/python3.12/site-packages/airflow/example_dags/example_sensors.py
[2026-06-30T08:48:23.550+0000] {processor.py:840} INFO - DAG(s) 'example_sensors' retrieved from /home/airflow/.local/lib/python3.12/site-packages/airflow/example_dags/example_sensors.py
[2026-06-30T08:48:23.568+0000] {logging_mixin.py:188} INFO - [2026-06-30T08:48:23.568+0000] {dag.py:3096} INFO - Sync 1 DAGs
[2026-06-30T08:48:23.578+0000] {logging_mixin.py:188} INFO - [2026-06-30T08:48:23.578+0000] {dag.py:3954} INFO - Setting next_dagrun for example_sensors to None, run_after=None
[2026-06-30T08:48:23.594+0000] {processor.py:183} INFO - Processing /home/airflow/.local/lib/python3.12/site-packages/airflow/example_dags/example_sensors.py took 0.057 seconds
[2026-06-30T08:48:54.090+0000] {processor.py:161} INFO - Started process (PID=25210) to work on /home/airflow/.local/lib/python3.12/site-packages/airflow/example_dags/example_sensors.py
[2026-06-30T08:48:54.091+0000] {processor.py:830} INFO - Processing file /home/airflow/.local/lib/python3.12/site-packages/airflow/example_dags/example_sensors.py for tasks to queue
[2026-06-30T08:48:54.092+0000] {logging_mixin.py:188} INFO - [2026-06-30T08:48:54.092+0000] {dagbag.py:545} INFO - Filling up the DagBag from /home/airflow/.local/lib/python3.12/site-packages/airflow/example_dags/example_sensors.py
[2026-06-30T08:48:54.099+0000] {processor.py:840} INFO - DAG(s) 'example_sensors' retrieved from /home/airflow/.local/lib/python3.12/site-packages/airflow/example_dags/example_sensors.py
[2026-06-30T08:48:54.116+0000] {logging_mixin.py:188} INFO - [2026-06-30T08:48:54.116+0000] {dag.py:3096} INFO - Sync 1 DAGs
[2026-06-30T08:48:54.125+0000] {logging_mixin.py:188} INFO - [2026-06-30T08:48:54.125+0000] {dag.py:3954} INFO - Setting next_dagrun for example_sensors to None, run_after=None
[2026-06-30T08:48:54.138+0000] {processor.py:183} INFO - Processing /home/airflow/.local/lib/python3.12/site-packages/airflow/example_dags/example_sensors.py took 0.052 seconds
[2026-06-30T08:49:24.573+0000] {processor.py:161} INFO - Started process (PID=25268) to work on /home/airflow/.local/lib/python3.12/site-packages/airflow/example_dags/example_sensors.py
[2026-06-30T08:49:24.581+0000] {processor.py:830} INFO - Processing file /home/airflow/.local/lib/python3.12/site-packages/airflow/example_dags/example_sensors.py for tasks to queue
[2026-06-30T08:49:24.582+0000] {logging_mixin.py:188} INFO - [2026-06-30T08:49:24.582+0000] {dagbag.py:545} INFO - Filling up the DagBag from /home/airflow/.local/lib/python3.12/site-packages/airflow/example_dags/example_sensors.py
[2026-06-30T08:49:24.590+0000] {processor.py:840} INFO - DAG(s) 'example_sensors' retrieved from /home/airflow/.local/lib/python3.12/site-packages/airflow/example_dags/example_sensors.py
[2026-06-30T08:49:24.608+0000] {logging_mixin.py:188} INFO - [2026-06-30T08:49:24.608+0000] {dag.py:3096} INFO - Sync 1 DAGs
[2026-06-30T08:49:24.621+0000] {logging_mixin.py:188} INFO - [2026-06-30T08:49:24.621+0000] {dag.py:3954} INFO - Setting next_dagrun for example_sensors to None, run_after=None
[2026-06-30T08:49:24.634+0000] {processor.py:183} INFO - Processing /home/airflow/.local/lib/python3.12/site-packages/airflow/example_dags/example_sensors.py took 0.065 seconds
[2026-06-30T08:49:55.256+0000] {processor.py:161} INFO - Started process (PID=25325) to work on /home/airflow/.local/lib/python3.12/site-packages/airflow/example_dags/example_sensors.py
[2026-06-30T08:49:55.257+0000] {processor.py:830} INFO - Processing file /home/airflow/.local/lib/python3.12/site-packages/airflow/example_dags/example_sensors.py for tasks to queue
[2026-06-30T08:49:55.257+0000] {logging_mixin.py:188} INFO - [2026-06-30T08:49:55.257+0000] {dagbag.py:545} INFO - Filling up the DagBag from /home/airflow/.local/lib/python3.12/site-packages/airflow/example_dags/example_sensors.py
[2026-06-30T08:49:55.267+0000] {processor.py:840} INFO - DAG(s) 'example_sensors' retrieved from /home/airflow/.local/lib/python3.12/site-packages/airflow/example_dags/example_sensors.py
[2026-06-30T08:49:55.286+0000] {logging_mixin.py:188} INFO - [2026-06-30T08:49:55.286+0000] {dag.py:3096} INFO - Sync 1 DAGs
[2026-06-30T08:49:55.295+0000] {logging_mixin.py:188} INFO - [2026-06-30T08:49:55.295+0000] {dag.py:3954} INFO - Setting next_dagrun for example_sensors to None, run_after=None
[2026-06-30T08:49:55.308+0000] {processor.py:183} INFO - Processing /home/airflow/.local/lib/python3.12/site-packages/airflow/example_dags/example_sensors.py took 0.057 seconds
[2026-06-30T08:50:25.718+0000] {processor.py:161} INFO - Started process (PID=25383) to work on /home/airflow/.local/lib/python3.12/site-packages/airflow/example_dags/example_sensors.py
[2026-06-30T08:50:25.719+0000] {processor.py:830} INFO - Processing file /home/airflow/.local/lib/python3.12/site-packages/airflow/example_dags/example_sensors.py for tasks to queue
[2026-06-30T08:50:25.720+0000] {logging_mixin.py:188} INFO - [2026-06-30T08:50:25.720+0000] {dagbag.py:545} INFO - Filling up the DagBag from /home/airflow/.local/lib/python3.12/site-packages/airflow/example_dags/example_sensors.py
[2026-06-30T08:50:25.728+0000] {processor.py:840} INFO - DAG(s) 'example_sensors' retrieved from /home/airflow/.local/lib/python3.12/site-packages/airflow/example_dags/example_sensors.py
[2026-06-30T08:50:25.751+0000] {logging_mixin.py:188} INFO - [2026-06-30T08:50:25.751+0000] {dag.py:3096} INFO - Sync 1 DAGs
[2026-06-30T08:50:25.761+0000] {logging_mixin.py:188} INFO - [2026-06-30T08:50:25.761+0000] {dag.py:3954} INFO - Setting next_dagrun for example_sensors to None, run_after=None
[2026-06-30T08:50:25.777+0000] {processor.py:183} INFO - Processing /home/airflow/.local/lib/python3.12/site-packages/airflow/example_dags/example_sensors.py took 0.065 seconds
[2026-06-30T08:50:56.112+0000] {processor.py:161} INFO - Started process (PID=25441) to work on /home/airflow/.local/lib/python3.12/site-packages/airflow/example_dags/example_sensors.py
[2026-06-30T08:50:56.113+0000] {processor.py:830} INFO - Processing file /home/airflow/.local/lib/python3.12/site-packages/airflow/example_dags/example_sensors.py for tasks to queue
[2026-06-30T08:50:56.114+0000] {logging_mixin.py:188} INFO - [2026-06-30T08:50:56.113+0000] {dagbag.py:545} INFO - Filling up the DagBag from /home/airflow/.local/lib/python3.12/site-packages/airflow/example_dags/example_sensors.py
[2026-06-30T08:50:56.121+0000] {processor.py:840} INFO - DAG(s) 'example_sensors' retrieved from /home/airflow/.local/lib/python3.12/site-packages/airflow/example_dags/example_sensors.py
[2026-06-30T08:50:56.137+0000] {logging_mixin.py:188} INFO - [2026-06-30T08:50:56.137+0000] {dag.py:3096} INFO - Sync 1 DAGs
[2026-06-30T08:50:56.146+0000] {logging_mixin.py:188} INFO - [2026-06-30T08:50:56.146+0000] {dag.py:3954} INFO - Setting next_dagrun for example_sensors to None, run_after=None
[2026-06-30T08:50:56.159+0000] {processor.py:183} INFO - Processing /home/airflow/.local/lib/python3.12/site-packages/airflow/example_dags/example_sensors.py took 0.051 seconds
[2026-06-30T08:51:26.860+0000] {processor.py:161} INFO - Started process (PID=25499) to work on /home/airflow/.local/lib/python3.12/site-packages/airflow/example_dags/example_sensors.py
[2026-06-30T08:51:26.861+0000] {processor.py:830} INFO - Processing file /home/airflow/.local/lib/python3.12/site-packages/airflow/example_dags/example_sensors.py for tasks to queue
[2026-06-30T08:51:26.861+0000] {logging_mixin.py:188} INFO - [2026-06-30T08:51:26.861+0000] {dagbag.py:545} INFO - Filling up the DagBag from /home/airflow/.local/lib/python3.12/site-packages/airflow/example_dags/example_sensors.py
[2026-06-30T08:51:26.868+0000] {processor.py:840} INFO - DAG(s) 'example_sensors' retrieved from /home/airflow/.local/lib/python3.12/site-packages/airflow/example_dags/example_sensors.py
[2026-06-30T08:51:26.887+0000] {logging_mixin.py:188} INFO - [2026-06-30T08:51:26.886+0000] {dag.py:3096} INFO - Sync 1 DAGs
[2026-06-30T08:51:26.895+0000] {logging_mixin.py:188} INFO - [2026-06-30T08:51:26.895+0000] {dag.py:3954} INFO - Setting next_dagrun for example_sensors to None, run_after=None
[2026-06-30T08:51:26.907+0000] {processor.py:183} INFO - Processing /home/airflow/.local/lib/python3.12/site-packages/airflow/example_dags/example_sensors.py took 0.052 seconds
[2026-06-30T08:51:57.868+0000] {processor.py:161} INFO - Started process (PID=25556) to work on /home/airflow/.local/lib/python3.12/site-packages/airflow/example_dags/example_sensors.py
[2026-06-30T08:51:57.870+0000] {processor.py:830} INFO - Processing file /home/airflow/.local/lib/python3.12/site-packages/airflow/example_dags/example_sensors.py for tasks to queue
[2026-06-30T08:51:57.871+0000] {logging_mixin.py:188} INFO - [2026-06-30T08:51:57.871+0000] {dagbag.py:545} INFO - Filling up the DagBag from /home/airflow/.local/lib/python3.12/site-packages/airflow/example_dags/example_sensors.py
[2026-06-30T08:51:57.885+0000] {processor.py:840} INFO - DAG(s) 'example_sensors' retrieved from /home/airflow/.local/lib/python3.12/site-packages/airflow/example_dags/example_sensors.py
[2026-06-30T08:51:57.920+0000] {logging_mixin.py:188} INFO - [2026-06-30T08:51:57.919+0000] {dag.py:3096} INFO - Sync 1 DAGs
[2026-06-30T08:51:57.937+0000] {logging_mixin.py:188} INFO - [2026-06-30T08:51:57.937+0000] {dag.py:3954} INFO - Setting next_dagrun for example_sensors to None, run_after=None
[2026-06-30T08:51:57.965+0000] {processor.py:183} INFO - Processing /home/airflow/.local/lib/python3.12/site-packages/airflow/example_dags/example_sensors.py took 0.105 seconds
[2026-06-30T08:52:29.137+0000] {processor.py:161} INFO - Started process (PID=25614) to work on /home/airflow/.local/lib/python3.12/site-packages/airflow/example_dags/example_sensors.py
[2026-06-30T08:52:29.138+0000] {processor.py:830} INFO - Processing file /home/airflow/.local/lib/python3.12/site-packages/airflow/example_dags/example_sensors.py for tasks to queue
[2026-06-30T08:52:29.139+0000] {logging_mixin.py:188} INFO - [2026-06-30T08:52:29.139+0000] {dagbag.py:545} INFO - Filling up the DagBag from /home/airflow/.local/lib/python3.12/site-packages/airflow/example_dags/example_sensors.py
[2026-06-30T08:52:29.147+0000] {processor.py:840} INFO - DAG(s) 'example_sensors' retrieved from /home/airflow/.local/lib/python3.12/site-packages/airflow/example_dags/example_sensors.py
[2026-06-30T08:52:29.167+0000] {logging_mixin.py:188} INFO - [2026-06-30T08:52:29.167+0000] {dag.py:3096} INFO - Sync 1 DAGs
[2026-06-30T08:52:29.177+0000] {logging_mixin.py:188} INFO - [2026-06-30T08:52:29.177+0000] {dag.py:3954} INFO - Setting next_dagrun for example_sensors to None, run_after=None
[2026-06-30T08:52:29.293+0000] {processor.py:183} INFO - Processing /home/airflow/.local/lib/python3.12/site-packages/airflow/example_dags/example_sensors.py took 0.160 seconds
[2026-06-30T08:53:00.129+0000] {processor.py:161} INFO - Started process (PID=25672) to work on /home/airflow/.local/lib/python3.12/site-packages/airflow/example_dags/example_sensors.py
[2026-06-30T08:53:00.131+0000] {processor.py:830} INFO - Processing file /home/airflow/.local/lib/python3.12/site-packages/airflow/example_dags/example_sensors.py for tasks to queue
[2026-06-30T08:53:00.132+0000] {logging_mixin.py:188} INFO - [2026-06-30T08:53:00.132+0000] {dagbag.py:545} INFO - Filling up the DagBag from /home/airflow/.local/lib/python3.12/site-packages/airflow/example_dags/example_sensors.py
[2026-06-30T08:53:00.141+0000] {processor.py:840} INFO - DAG(s) 'example_sensors' retrieved from /home/airflow/.local/lib/python3.12/site-packages/airflow/example_dags/example_sensors.py
[2026-06-30T08:53:00.164+0000] {logging_mixin.py:188} INFO - [2026-06-30T08:53:00.164+0000] {dag.py:3096} INFO - Sync 1 DAGs
[2026-06-30T08:53:00.174+0000] {logging_mixin.py:188} INFO - [2026-06-30T08:53:00.174+0000] {dag.py:3954} INFO - Setting next_dagrun for example_sensors to None, run_after=None
[2026-06-30T08:53:00.191+0000] {processor.py:183} INFO - Processing /home/airflow/.local/lib/python3.12/site-packages/airflow/example_dags/example_sensors.py took 0.068 seconds
