[2026-06-30T08:18:53.193+0000] {processor.py:161} INFO - Started process (PID=21782) to work on /home/airflow/.local/lib/python3.12/site-packages/airflow/example_dags/example_params_trigger_ui.py
[2026-06-30T08:18:53.195+0000] {processor.py:830} INFO - Processing file /home/airflow/.local/lib/python3.12/site-packages/airflow/example_dags/example_params_trigger_ui.py for tasks to queue
[2026-06-30T08:18:53.195+0000] {logging_mixin.py:188} INFO - [2026-06-30T08:18:53.195+0000] {dagbag.py:545} INFO - Filling up the DagBag from /home/airflow/.local/lib/python3.12/site-packages/airflow/example_dags/example_params_trigger_ui.py
[2026-06-30T08:18:53.208+0000] {processor.py:840} INFO - DAG(s) 'example_params_trigger_ui' retrieved from /home/airflow/.local/lib/python3.12/site-packages/airflow/example_dags/example_params_trigger_ui.py
[2026-06-30T08:18:53.247+0000] {logging_mixin.py:188} INFO - [2026-06-30T08:18:53.247+0000] {dag.py:3096} INFO - Sync 1 DAGs
[2026-06-30T08:18:53.256+0000] {logging_mixin.py:188} INFO - [2026-06-30T08:18:53.255+0000] {dag.py:3954} INFO - Setting next_dagrun for example_params_trigger_ui to None, run_after=None
[2026-06-30T08:18:53.268+0000] {processor.py:183} INFO - Processing /home/airflow/.local/lib/python3.12/site-packages/airflow/example_dags/example_params_trigger_ui.py took 0.081 seconds
[2026-06-30T08:19:23.562+0000] {processor.py:161} INFO - Started process (PID=21840) to work on /home/airflow/.local/lib/python3.12/site-packages/airflow/example_dags/example_params_trigger_ui.py
[2026-06-30T08:19:23.563+0000] {processor.py:830} INFO - Processing file /home/airflow/.local/lib/python3.12/site-packages/airflow/example_dags/example_params_trigger_ui.py for tasks to queue
[2026-06-30T08:19:23.564+0000] {logging_mixin.py:188} INFO - [2026-06-30T08:19:23.563+0000] {dagbag.py:545} INFO - Filling up the DagBag from /home/airflow/.local/lib/python3.12/site-packages/airflow/example_dags/example_params_trigger_ui.py
[2026-06-30T08:19:23.574+0000] {processor.py:840} INFO - DAG(s) 'example_params_trigger_ui' retrieved from /home/airflow/.local/lib/python3.12/site-packages/airflow/example_dags/example_params_trigger_ui.py
[2026-06-30T08:19:23.604+0000] {logging_mixin.py:188} INFO - [2026-06-30T08:19:23.604+0000] {dag.py:3096} INFO - Sync 1 DAGs
[2026-06-30T08:19:23.614+0000] {logging_mixin.py:188} INFO - [2026-06-30T08:19:23.613+0000] {dag.py:3954} INFO - Setting next_dagrun for example_params_trigger_ui to None, run_after=None
[2026-06-30T08:19:23.629+0000] {processor.py:183} INFO - Processing /home/airflow/.local/lib/python3.12/site-packages/airflow/example_dags/example_params_trigger_ui.py took 0.071 seconds
[2026-06-30T08:19:53.773+0000] {processor.py:161} INFO - Started process (PID=21896) to work on /home/airflow/.local/lib/python3.12/site-packages/airflow/example_dags/example_params_trigger_ui.py
[2026-06-30T08:19:53.774+0000] {processor.py:830} INFO - Processing file /home/airflow/.local/lib/python3.12/site-packages/airflow/example_dags/example_params_trigger_ui.py for tasks to queue
[2026-06-30T08:19:53.774+0000] {logging_mixin.py:188} INFO - [2026-06-30T08:19:53.774+0000] {dagbag.py:545} INFO - Filling up the DagBag from /home/airflow/.local/lib/python3.12/site-packages/airflow/example_dags/example_params_trigger_ui.py
[2026-06-30T08:19:53.785+0000] {processor.py:840} INFO - DAG(s) 'example_params_trigger_ui' retrieved from /home/airflow/.local/lib/python3.12/site-packages/airflow/example_dags/example_params_trigger_ui.py
[2026-06-30T08:19:53.812+0000] {logging_mixin.py:188} INFO - [2026-06-30T08:19:53.812+0000] {dag.py:3096} INFO - Sync 1 DAGs
[2026-06-30T08:19:53.821+0000] {logging_mixin.py:188} INFO - [2026-06-30T08:19:53.820+0000] {dag.py:3954} INFO - Setting next_dagrun for example_params_trigger_ui to None, run_after=None
[2026-06-30T08:19:53.833+0000] {processor.py:183} INFO - Processing /home/airflow/.local/lib/python3.12/site-packages/airflow/example_dags/example_params_trigger_ui.py took 0.064 seconds
[2026-06-30T08:20:24.047+0000] {processor.py:161} INFO - Started process (PID=21954) to work on /home/airflow/.local/lib/python3.12/site-packages/airflow/example_dags/example_params_trigger_ui.py
[2026-06-30T08:20:24.048+0000] {processor.py:830} INFO - Processing file /home/airflow/.local/lib/python3.12/site-packages/airflow/example_dags/example_params_trigger_ui.py for tasks to queue
[2026-06-30T08:20:24.049+0000] {logging_mixin.py:188} INFO - [2026-06-30T08:20:24.048+0000] {dagbag.py:545} INFO - Filling up the DagBag from /home/airflow/.local/lib/python3.12/site-packages/airflow/example_dags/example_params_trigger_ui.py
[2026-06-30T08:20:24.059+0000] {processor.py:840} INFO - DAG(s) 'example_params_trigger_ui' retrieved from /home/airflow/.local/lib/python3.12/site-packages/airflow/example_dags/example_params_trigger_ui.py
[2026-06-30T08:20:24.086+0000] {logging_mixin.py:188} INFO - [2026-06-30T08:20:24.086+0000] {dag.py:3096} INFO - Sync 1 DAGs
[2026-06-30T08:20:24.094+0000] {logging_mixin.py:188} INFO - [2026-06-30T08:20:24.094+0000] {dag.py:3954} INFO - Setting next_dagrun for example_params_trigger_ui to None, run_after=None
[2026-06-30T08:20:24.106+0000] {processor.py:183} INFO - Processing /home/airflow/.local/lib/python3.12/site-packages/airflow/example_dags/example_params_trigger_ui.py took 0.064 seconds
[2026-06-30T08:20:54.528+0000] {processor.py:161} INFO - Started process (PID=22012) to work on /home/airflow/.local/lib/python3.12/site-packages/airflow/example_dags/example_params_trigger_ui.py
[2026-06-30T08:20:54.529+0000] {processor.py:830} INFO - Processing file /home/airflow/.local/lib/python3.12/site-packages/airflow/example_dags/example_params_trigger_ui.py for tasks to queue
[2026-06-30T08:20:54.530+0000] {logging_mixin.py:188} INFO - [2026-06-30T08:20:54.529+0000] {dagbag.py:545} INFO - Filling up the DagBag from /home/airflow/.local/lib/python3.12/site-packages/airflow/example_dags/example_params_trigger_ui.py
[2026-06-30T08:20:54.540+0000] {processor.py:840} INFO - DAG(s) 'example_params_trigger_ui' retrieved from /home/airflow/.local/lib/python3.12/site-packages/airflow/example_dags/example_params_trigger_ui.py
[2026-06-30T08:20:54.567+0000] {logging_mixin.py:188} INFO - [2026-06-30T08:20:54.567+0000] {dag.py:3096} INFO - Sync 1 DAGs
[2026-06-30T08:20:54.574+0000] {logging_mixin.py:188} INFO - [2026-06-30T08:20:54.574+0000] {dag.py:3954} INFO - Setting next_dagrun for example_params_trigger_ui to None, run_after=None
[2026-06-30T08:20:54.586+0000] {processor.py:183} INFO - Processing /home/airflow/.local/lib/python3.12/site-packages/airflow/example_dags/example_params_trigger_ui.py took 0.062 seconds
[2026-06-30T08:21:24.755+0000] {processor.py:161} INFO - Started process (PID=22069) to work on /home/airflow/.local/lib/python3.12/site-packages/airflow/example_dags/example_params_trigger_ui.py
[2026-06-30T08:21:24.756+0000] {processor.py:830} INFO - Processing file /home/airflow/.local/lib/python3.12/site-packages/airflow/example_dags/example_params_trigger_ui.py for tasks to queue
[2026-06-30T08:21:24.757+0000] {logging_mixin.py:188} INFO - [2026-06-30T08:21:24.756+0000] {dagbag.py:545} INFO - Filling up the DagBag from /home/airflow/.local/lib/python3.12/site-packages/airflow/example_dags/example_params_trigger_ui.py
[2026-06-30T08:21:24.767+0000] {processor.py:840} INFO - DAG(s) 'example_params_trigger_ui' retrieved from /home/airflow/.local/lib/python3.12/site-packages/airflow/example_dags/example_params_trigger_ui.py
[2026-06-30T08:21:24.794+0000] {logging_mixin.py:188} INFO - [2026-06-30T08:21:24.793+0000] {dag.py:3096} INFO - Sync 1 DAGs
[2026-06-30T08:21:24.803+0000] {logging_mixin.py:188} INFO - [2026-06-30T08:21:24.803+0000] {dag.py:3954} INFO - Setting next_dagrun for example_params_trigger_ui to None, run_after=None
[2026-06-30T08:21:24.816+0000] {processor.py:183} INFO - Processing /home/airflow/.local/lib/python3.12/site-packages/airflow/example_dags/example_params_trigger_ui.py took 0.065 seconds
[2026-06-30T08:21:54.985+0000] {processor.py:161} INFO - Started process (PID=22126) to work on /home/airflow/.local/lib/python3.12/site-packages/airflow/example_dags/example_params_trigger_ui.py
[2026-06-30T08:21:54.986+0000] {processor.py:830} INFO - Processing file /home/airflow/.local/lib/python3.12/site-packages/airflow/example_dags/example_params_trigger_ui.py for tasks to queue
[2026-06-30T08:21:54.987+0000] {logging_mixin.py:188} INFO - [2026-06-30T08:21:54.987+0000] {dagbag.py:545} INFO - Filling up the DagBag from /home/airflow/.local/lib/python3.12/site-packages/airflow/example_dags/example_params_trigger_ui.py
[2026-06-30T08:21:54.997+0000] {processor.py:840} INFO - DAG(s) 'example_params_trigger_ui' retrieved from /home/airflow/.local/lib/python3.12/site-packages/airflow/example_dags/example_params_trigger_ui.py
[2026-06-30T08:21:55.026+0000] {logging_mixin.py:188} INFO - [2026-06-30T08:21:55.025+0000] {dag.py:3096} INFO - Sync 1 DAGs
[2026-06-30T08:21:55.035+0000] {logging_mixin.py:188} INFO - [2026-06-30T08:21:55.034+0000] {dag.py:3954} INFO - Setting next_dagrun for example_params_trigger_ui to None, run_after=None
[2026-06-30T08:21:55.048+0000] {processor.py:183} INFO - Processing /home/airflow/.local/lib/python3.12/site-packages/airflow/example_dags/example_params_trigger_ui.py took 0.067 seconds
[2026-06-30T08:22:25.424+0000] {processor.py:161} INFO - Started process (PID=22184) to work on /home/airflow/.local/lib/python3.12/site-packages/airflow/example_dags/example_params_trigger_ui.py
[2026-06-30T08:22:25.424+0000] {processor.py:830} INFO - Processing file /home/airflow/.local/lib/python3.12/site-packages/airflow/example_dags/example_params_trigger_ui.py for tasks to queue
[2026-06-30T08:22:25.425+0000] {logging_mixin.py:188} INFO - [2026-06-30T08:22:25.425+0000] {dagbag.py:545} INFO - Filling up the DagBag from /home/airflow/.local/lib/python3.12/site-packages/airflow/example_dags/example_params_trigger_ui.py
[2026-06-30T08:22:25.436+0000] {processor.py:840} INFO - DAG(s) 'example_params_trigger_ui' retrieved from /home/airflow/.local/lib/python3.12/site-packages/airflow/example_dags/example_params_trigger_ui.py
[2026-06-30T08:22:25.462+0000] {logging_mixin.py:188} INFO - [2026-06-30T08:22:25.462+0000] {dag.py:3096} INFO - Sync 1 DAGs
[2026-06-30T08:22:25.472+0000] {logging_mixin.py:188} INFO - [2026-06-30T08:22:25.471+0000] {dag.py:3954} INFO - Setting next_dagrun for example_params_trigger_ui to None, run_after=None
[2026-06-30T08:22:25.484+0000] {processor.py:183} INFO - Processing /home/airflow/.local/lib/python3.12/site-packages/airflow/example_dags/example_params_trigger_ui.py took 0.065 seconds
[2026-06-30T08:22:56.031+0000] {processor.py:161} INFO - Started process (PID=22242) to work on /home/airflow/.local/lib/python3.12/site-packages/airflow/example_dags/example_params_trigger_ui.py
[2026-06-30T08:22:56.032+0000] {processor.py:830} INFO - Processing file /home/airflow/.local/lib/python3.12/site-packages/airflow/example_dags/example_params_trigger_ui.py for tasks to queue
[2026-06-30T08:22:56.033+0000] {logging_mixin.py:188} INFO - [2026-06-30T08:22:56.032+0000] {dagbag.py:545} INFO - Filling up the DagBag from /home/airflow/.local/lib/python3.12/site-packages/airflow/example_dags/example_params_trigger_ui.py
[2026-06-30T08:22:56.043+0000] {processor.py:840} INFO - DAG(s) 'example_params_trigger_ui' retrieved from /home/airflow/.local/lib/python3.12/site-packages/airflow/example_dags/example_params_trigger_ui.py
[2026-06-30T08:22:56.069+0000] {logging_mixin.py:188} INFO - [2026-06-30T08:22:56.069+0000] {dag.py:3096} INFO - Sync 1 DAGs
[2026-06-30T08:22:56.077+0000] {logging_mixin.py:188} INFO - [2026-06-30T08:22:56.077+0000] {dag.py:3954} INFO - Setting next_dagrun for example_params_trigger_ui to None, run_after=None
[2026-06-30T08:22:56.089+0000] {processor.py:183} INFO - Processing /home/airflow/.local/lib/python3.12/site-packages/airflow/example_dags/example_params_trigger_ui.py took 0.062 seconds
[2026-06-30T08:23:26.376+0000] {processor.py:161} INFO - Started process (PID=22300) to work on /home/airflow/.local/lib/python3.12/site-packages/airflow/example_dags/example_params_trigger_ui.py
[2026-06-30T08:23:26.377+0000] {processor.py:830} INFO - Processing file /home/airflow/.local/lib/python3.12/site-packages/airflow/example_dags/example_params_trigger_ui.py for tasks to queue
[2026-06-30T08:23:26.378+0000] {logging_mixin.py:188} INFO - [2026-06-30T08:23:26.377+0000] {dagbag.py:545} INFO - Filling up the DagBag from /home/airflow/.local/lib/python3.12/site-packages/airflow/example_dags/example_params_trigger_ui.py
[2026-06-30T08:23:26.387+0000] {processor.py:840} INFO - DAG(s) 'example_params_trigger_ui' retrieved from /home/airflow/.local/lib/python3.12/site-packages/airflow/example_dags/example_params_trigger_ui.py
[2026-06-30T08:23:26.414+0000] {logging_mixin.py:188} INFO - [2026-06-30T08:23:26.414+0000] {dag.py:3096} INFO - Sync 1 DAGs
[2026-06-30T08:23:26.422+0000] {logging_mixin.py:188} INFO - [2026-06-30T08:23:26.422+0000] {dag.py:3954} INFO - Setting next_dagrun for example_params_trigger_ui to None, run_after=None
[2026-06-30T08:23:26.435+0000] {processor.py:183} INFO - Processing /home/airflow/.local/lib/python3.12/site-packages/airflow/example_dags/example_params_trigger_ui.py took 0.063 seconds
[2026-06-30T08:23:56.559+0000] {processor.py:161} INFO - Started process (PID=22353) to work on /home/airflow/.local/lib/python3.12/site-packages/airflow/example_dags/example_params_trigger_ui.py
[2026-06-30T08:23:56.560+0000] {processor.py:830} INFO - Processing file /home/airflow/.local/lib/python3.12/site-packages/airflow/example_dags/example_params_trigger_ui.py for tasks to queue
[2026-06-30T08:23:56.561+0000] {logging_mixin.py:188} INFO - [2026-06-30T08:23:56.561+0000] {dagbag.py:545} INFO - Filling up the DagBag from /home/airflow/.local/lib/python3.12/site-packages/airflow/example_dags/example_params_trigger_ui.py
[2026-06-30T08:23:56.571+0000] {processor.py:840} INFO - DAG(s) 'example_params_trigger_ui' retrieved from /home/airflow/.local/lib/python3.12/site-packages/airflow/example_dags/example_params_trigger_ui.py
[2026-06-30T08:23:56.597+0000] {logging_mixin.py:188} INFO - [2026-06-30T08:23:56.597+0000] {dag.py:3096} INFO - Sync 1 DAGs
[2026-06-30T08:23:56.606+0000] {logging_mixin.py:188} INFO - [2026-06-30T08:23:56.606+0000] {dag.py:3954} INFO - Setting next_dagrun for example_params_trigger_ui to None, run_after=None
[2026-06-30T08:23:56.618+0000] {processor.py:183} INFO - Processing /home/airflow/.local/lib/python3.12/site-packages/airflow/example_dags/example_params_trigger_ui.py took 0.063 seconds
[2026-06-30T08:24:27.158+0000] {processor.py:161} INFO - Started process (PID=22411) to work on /home/airflow/.local/lib/python3.12/site-packages/airflow/example_dags/example_params_trigger_ui.py
[2026-06-30T08:24:27.159+0000] {processor.py:830} INFO - Processing file /home/airflow/.local/lib/python3.12/site-packages/airflow/example_dags/example_params_trigger_ui.py for tasks to queue
[2026-06-30T08:24:27.160+0000] {logging_mixin.py:188} INFO - [2026-06-30T08:24:27.160+0000] {dagbag.py:545} INFO - Filling up the DagBag from /home/airflow/.local/lib/python3.12/site-packages/airflow/example_dags/example_params_trigger_ui.py
[2026-06-30T08:24:27.170+0000] {processor.py:840} INFO - DAG(s) 'example_params_trigger_ui' retrieved from /home/airflow/.local/lib/python3.12/site-packages/airflow/example_dags/example_params_trigger_ui.py
[2026-06-30T08:24:27.200+0000] {logging_mixin.py:188} INFO - [2026-06-30T08:24:27.200+0000] {dag.py:3096} INFO - Sync 1 DAGs
[2026-06-30T08:24:27.211+0000] {logging_mixin.py:188} INFO - [2026-06-30T08:24:27.211+0000] {dag.py:3954} INFO - Setting next_dagrun for example_params_trigger_ui to None, run_after=None
[2026-06-30T08:24:27.226+0000] {processor.py:183} INFO - Processing /home/airflow/.local/lib/python3.12/site-packages/airflow/example_dags/example_params_trigger_ui.py took 0.072 seconds
[2026-06-30T08:24:57.673+0000] {processor.py:161} INFO - Started process (PID=22466) to work on /home/airflow/.local/lib/python3.12/site-packages/airflow/example_dags/example_params_trigger_ui.py
[2026-06-30T08:24:57.674+0000] {processor.py:830} INFO - Processing file /home/airflow/.local/lib/python3.12/site-packages/airflow/example_dags/example_params_trigger_ui.py for tasks to queue
[2026-06-30T08:24:57.675+0000] {logging_mixin.py:188} INFO - [2026-06-30T08:24:57.675+0000] {dagbag.py:545} INFO - Filling up the DagBag from /home/airflow/.local/lib/python3.12/site-packages/airflow/example_dags/example_params_trigger_ui.py
[2026-06-30T08:24:57.686+0000] {processor.py:840} INFO - DAG(s) 'example_params_trigger_ui' retrieved from /home/airflow/.local/lib/python3.12/site-packages/airflow/example_dags/example_params_trigger_ui.py
[2026-06-30T08:24:57.716+0000] {logging_mixin.py:188} INFO - [2026-06-30T08:24:57.716+0000] {dag.py:3096} INFO - Sync 1 DAGs
[2026-06-30T08:24:57.726+0000] {logging_mixin.py:188} INFO - [2026-06-30T08:24:57.726+0000] {dag.py:3954} INFO - Setting next_dagrun for example_params_trigger_ui to None, run_after=None
[2026-06-30T08:24:57.738+0000] {processor.py:183} INFO - Processing /home/airflow/.local/lib/python3.12/site-packages/airflow/example_dags/example_params_trigger_ui.py took 0.070 seconds
[2026-06-30T08:25:28.202+0000] {processor.py:161} INFO - Started process (PID=22524) to work on /home/airflow/.local/lib/python3.12/site-packages/airflow/example_dags/example_params_trigger_ui.py
[2026-06-30T08:25:28.203+0000] {processor.py:830} INFO - Processing file /home/airflow/.local/lib/python3.12/site-packages/airflow/example_dags/example_params_trigger_ui.py for tasks to queue
[2026-06-30T08:25:28.204+0000] {logging_mixin.py:188} INFO - [2026-06-30T08:25:28.204+0000] {dagbag.py:545} INFO - Filling up the DagBag from /home/airflow/.local/lib/python3.12/site-packages/airflow/example_dags/example_params_trigger_ui.py
[2026-06-30T08:25:28.214+0000] {processor.py:840} INFO - DAG(s) 'example_params_trigger_ui' retrieved from /home/airflow/.local/lib/python3.12/site-packages/airflow/example_dags/example_params_trigger_ui.py
[2026-06-30T08:25:28.240+0000] {logging_mixin.py:188} INFO - [2026-06-30T08:25:28.240+0000] {dag.py:3096} INFO - Sync 1 DAGs
[2026-06-30T08:25:28.248+0000] {logging_mixin.py:188} INFO - [2026-06-30T08:25:28.248+0000] {dag.py:3954} INFO - Setting next_dagrun for example_params_trigger_ui to None, run_after=None
[2026-06-30T08:25:28.261+0000] {processor.py:183} INFO - Processing /home/airflow/.local/lib/python3.12/site-packages/airflow/example_dags/example_params_trigger_ui.py took 0.063 seconds
[2026-06-30T08:25:58.537+0000] {processor.py:161} INFO - Started process (PID=22582) to work on /home/airflow/.local/lib/python3.12/site-packages/airflow/example_dags/example_params_trigger_ui.py
[2026-06-30T08:25:58.538+0000] {processor.py:830} INFO - Processing file /home/airflow/.local/lib/python3.12/site-packages/airflow/example_dags/example_params_trigger_ui.py for tasks to queue
[2026-06-30T08:25:58.539+0000] {logging_mixin.py:188} INFO - [2026-06-30T08:25:58.539+0000] {dagbag.py:545} INFO - Filling up the DagBag from /home/airflow/.local/lib/python3.12/site-packages/airflow/example_dags/example_params_trigger_ui.py
[2026-06-30T08:25:58.553+0000] {processor.py:840} INFO - DAG(s) 'example_params_trigger_ui' retrieved from /home/airflow/.local/lib/python3.12/site-packages/airflow/example_dags/example_params_trigger_ui.py
[2026-06-30T08:25:58.587+0000] {logging_mixin.py:188} INFO - [2026-06-30T08:25:58.586+0000] {dag.py:3096} INFO - Sync 1 DAGs
[2026-06-30T08:25:58.598+0000] {logging_mixin.py:188} INFO - [2026-06-30T08:25:58.598+0000] {dag.py:3954} INFO - Setting next_dagrun for example_params_trigger_ui to None, run_after=None
[2026-06-30T08:25:58.616+0000] {processor.py:183} INFO - Processing /home/airflow/.local/lib/python3.12/site-packages/airflow/example_dags/example_params_trigger_ui.py took 0.084 seconds
[2026-06-30T08:26:29.299+0000] {processor.py:161} INFO - Started process (PID=22640) to work on /home/airflow/.local/lib/python3.12/site-packages/airflow/example_dags/example_params_trigger_ui.py
[2026-06-30T08:26:29.300+0000] {processor.py:830} INFO - Processing file /home/airflow/.local/lib/python3.12/site-packages/airflow/example_dags/example_params_trigger_ui.py for tasks to queue
[2026-06-30T08:26:29.301+0000] {logging_mixin.py:188} INFO - [2026-06-30T08:26:29.300+0000] {dagbag.py:545} INFO - Filling up the DagBag from /home/airflow/.local/lib/python3.12/site-packages/airflow/example_dags/example_params_trigger_ui.py
[2026-06-30T08:26:29.311+0000] {processor.py:840} INFO - DAG(s) 'example_params_trigger_ui' retrieved from /home/airflow/.local/lib/python3.12/site-packages/airflow/example_dags/example_params_trigger_ui.py
[2026-06-30T08:26:29.339+0000] {logging_mixin.py:188} INFO - [2026-06-30T08:26:29.338+0000] {dag.py:3096} INFO - Sync 1 DAGs
[2026-06-30T08:26:29.348+0000] {logging_mixin.py:188} INFO - [2026-06-30T08:26:29.348+0000] {dag.py:3954} INFO - Setting next_dagrun for example_params_trigger_ui to None, run_after=None
[2026-06-30T08:26:29.361+0000] {processor.py:183} INFO - Processing /home/airflow/.local/lib/python3.12/site-packages/airflow/example_dags/example_params_trigger_ui.py took 0.067 seconds
[2026-06-30T08:27:00.225+0000] {processor.py:161} INFO - Started process (PID=22698) to work on /home/airflow/.local/lib/python3.12/site-packages/airflow/example_dags/example_params_trigger_ui.py
[2026-06-30T08:27:00.226+0000] {processor.py:830} INFO - Processing file /home/airflow/.local/lib/python3.12/site-packages/airflow/example_dags/example_params_trigger_ui.py for tasks to queue
[2026-06-30T08:27:00.226+0000] {logging_mixin.py:188} INFO - [2026-06-30T08:27:00.226+0000] {dagbag.py:545} INFO - Filling up the DagBag from /home/airflow/.local/lib/python3.12/site-packages/airflow/example_dags/example_params_trigger_ui.py
[2026-06-30T08:27:00.236+0000] {processor.py:840} INFO - DAG(s) 'example_params_trigger_ui' retrieved from /home/airflow/.local/lib/python3.12/site-packages/airflow/example_dags/example_params_trigger_ui.py
[2026-06-30T08:27:00.264+0000] {logging_mixin.py:188} INFO - [2026-06-30T08:27:00.264+0000] {dag.py:3096} INFO - Sync 1 DAGs
[2026-06-30T08:27:00.273+0000] {logging_mixin.py:188} INFO - [2026-06-30T08:27:00.273+0000] {dag.py:3954} INFO - Setting next_dagrun for example_params_trigger_ui to None, run_after=None
[2026-06-30T08:27:00.285+0000] {processor.py:183} INFO - Processing /home/airflow/.local/lib/python3.12/site-packages/airflow/example_dags/example_params_trigger_ui.py took 0.066 seconds
[2026-06-30T08:27:30.721+0000] {processor.py:161} INFO - Started process (PID=22756) to work on /home/airflow/.local/lib/python3.12/site-packages/airflow/example_dags/example_params_trigger_ui.py
[2026-06-30T08:27:30.722+0000] {processor.py:830} INFO - Processing file /home/airflow/.local/lib/python3.12/site-packages/airflow/example_dags/example_params_trigger_ui.py for tasks to queue
[2026-06-30T08:27:30.723+0000] {logging_mixin.py:188} INFO - [2026-06-30T08:27:30.723+0000] {dagbag.py:545} INFO - Filling up the DagBag from /home/airflow/.local/lib/python3.12/site-packages/airflow/example_dags/example_params_trigger_ui.py
[2026-06-30T08:27:30.732+0000] {processor.py:840} INFO - DAG(s) 'example_params_trigger_ui' retrieved from /home/airflow/.local/lib/python3.12/site-packages/airflow/example_dags/example_params_trigger_ui.py
[2026-06-30T08:27:30.758+0000] {logging_mixin.py:188} INFO - [2026-06-30T08:27:30.758+0000] {dag.py:3096} INFO - Sync 1 DAGs
[2026-06-30T08:27:30.766+0000] {logging_mixin.py:188} INFO - [2026-06-30T08:27:30.766+0000] {dag.py:3954} INFO - Setting next_dagrun for example_params_trigger_ui to None, run_after=None
[2026-06-30T08:27:30.777+0000] {processor.py:183} INFO - Processing /home/airflow/.local/lib/python3.12/site-packages/airflow/example_dags/example_params_trigger_ui.py took 0.060 seconds
[2026-06-30T08:28:01.133+0000] {processor.py:161} INFO - Started process (PID=22814) to work on /home/airflow/.local/lib/python3.12/site-packages/airflow/example_dags/example_params_trigger_ui.py
[2026-06-30T08:28:01.134+0000] {processor.py:830} INFO - Processing file /home/airflow/.local/lib/python3.12/site-packages/airflow/example_dags/example_params_trigger_ui.py for tasks to queue
[2026-06-30T08:28:01.135+0000] {logging_mixin.py:188} INFO - [2026-06-30T08:28:01.135+0000] {dagbag.py:545} INFO - Filling up the DagBag from /home/airflow/.local/lib/python3.12/site-packages/airflow/example_dags/example_params_trigger_ui.py
[2026-06-30T08:28:01.146+0000] {processor.py:840} INFO - DAG(s) 'example_params_trigger_ui' retrieved from /home/airflow/.local/lib/python3.12/site-packages/airflow/example_dags/example_params_trigger_ui.py
[2026-06-30T08:28:01.178+0000] {logging_mixin.py:188} INFO - [2026-06-30T08:28:01.177+0000] {dag.py:3096} INFO - Sync 1 DAGs
[2026-06-30T08:28:01.188+0000] {logging_mixin.py:188} INFO - [2026-06-30T08:28:01.188+0000] {dag.py:3954} INFO - Setting next_dagrun for example_params_trigger_ui to None, run_after=None
[2026-06-30T08:28:01.204+0000] {processor.py:183} INFO - Processing /home/airflow/.local/lib/python3.12/site-packages/airflow/example_dags/example_params_trigger_ui.py took 0.076 seconds
[2026-06-30T08:28:31.594+0000] {processor.py:161} INFO - Started process (PID=22872) to work on /home/airflow/.local/lib/python3.12/site-packages/airflow/example_dags/example_params_trigger_ui.py
[2026-06-30T08:28:31.595+0000] {processor.py:830} INFO - Processing file /home/airflow/.local/lib/python3.12/site-packages/airflow/example_dags/example_params_trigger_ui.py for tasks to queue
[2026-06-30T08:28:31.596+0000] {logging_mixin.py:188} INFO - [2026-06-30T08:28:31.596+0000] {dagbag.py:545} INFO - Filling up the DagBag from /home/airflow/.local/lib/python3.12/site-packages/airflow/example_dags/example_params_trigger_ui.py
[2026-06-30T08:28:31.610+0000] {processor.py:840} INFO - DAG(s) 'example_params_trigger_ui' retrieved from /home/airflow/.local/lib/python3.12/site-packages/airflow/example_dags/example_params_trigger_ui.py
[2026-06-30T08:28:31.643+0000] {logging_mixin.py:188} INFO - [2026-06-30T08:28:31.643+0000] {dag.py:3096} INFO - Sync 1 DAGs
[2026-06-30T08:28:31.654+0000] {logging_mixin.py:188} INFO - [2026-06-30T08:28:31.654+0000] {dag.py:3954} INFO - Setting next_dagrun for example_params_trigger_ui to None, run_after=None
[2026-06-30T08:28:31.669+0000] {processor.py:183} INFO - Processing /home/airflow/.local/lib/python3.12/site-packages/airflow/example_dags/example_params_trigger_ui.py took 0.082 seconds
[2026-06-30T08:29:02.087+0000] {processor.py:161} INFO - Started process (PID=22930) to work on /home/airflow/.local/lib/python3.12/site-packages/airflow/example_dags/example_params_trigger_ui.py
[2026-06-30T08:29:02.088+0000] {processor.py:830} INFO - Processing file /home/airflow/.local/lib/python3.12/site-packages/airflow/example_dags/example_params_trigger_ui.py for tasks to queue
[2026-06-30T08:29:02.088+0000] {logging_mixin.py:188} INFO - [2026-06-30T08:29:02.088+0000] {dagbag.py:545} INFO - Filling up the DagBag from /home/airflow/.local/lib/python3.12/site-packages/airflow/example_dags/example_params_trigger_ui.py
[2026-06-30T08:29:02.099+0000] {processor.py:840} INFO - DAG(s) 'example_params_trigger_ui' retrieved from /home/airflow/.local/lib/python3.12/site-packages/airflow/example_dags/example_params_trigger_ui.py
[2026-06-30T08:29:02.128+0000] {logging_mixin.py:188} INFO - [2026-06-30T08:29:02.128+0000] {dag.py:3096} INFO - Sync 1 DAGs
[2026-06-30T08:29:02.137+0000] {logging_mixin.py:188} INFO - [2026-06-30T08:29:02.137+0000] {dag.py:3954} INFO - Setting next_dagrun for example_params_trigger_ui to None, run_after=None
[2026-06-30T08:29:02.150+0000] {processor.py:183} INFO - Processing /home/airflow/.local/lib/python3.12/site-packages/airflow/example_dags/example_params_trigger_ui.py took 0.068 seconds
[2026-06-30T08:29:32.601+0000] {processor.py:161} INFO - Started process (PID=22988) to work on /home/airflow/.local/lib/python3.12/site-packages/airflow/example_dags/example_params_trigger_ui.py
[2026-06-30T08:29:32.603+0000] {processor.py:830} INFO - Processing file /home/airflow/.local/lib/python3.12/site-packages/airflow/example_dags/example_params_trigger_ui.py for tasks to queue
[2026-06-30T08:29:32.603+0000] {logging_mixin.py:188} INFO - [2026-06-30T08:29:32.603+0000] {dagbag.py:545} INFO - Filling up the DagBag from /home/airflow/.local/lib/python3.12/site-packages/airflow/example_dags/example_params_trigger_ui.py
[2026-06-30T08:29:32.614+0000] {processor.py:840} INFO - DAG(s) 'example_params_trigger_ui' retrieved from /home/airflow/.local/lib/python3.12/site-packages/airflow/example_dags/example_params_trigger_ui.py
[2026-06-30T08:29:32.642+0000] {logging_mixin.py:188} INFO - [2026-06-30T08:29:32.642+0000] {dag.py:3096} INFO - Sync 1 DAGs
[2026-06-30T08:29:32.651+0000] {logging_mixin.py:188} INFO - [2026-06-30T08:29:32.651+0000] {dag.py:3954} INFO - Setting next_dagrun for example_params_trigger_ui to None, run_after=None
[2026-06-30T08:29:32.665+0000] {processor.py:183} INFO - Processing /home/airflow/.local/lib/python3.12/site-packages/airflow/example_dags/example_params_trigger_ui.py took 0.068 seconds
[2026-06-30T08:30:03.203+0000] {processor.py:161} INFO - Started process (PID=23046) to work on /home/airflow/.local/lib/python3.12/site-packages/airflow/example_dags/example_params_trigger_ui.py
[2026-06-30T08:30:03.205+0000] {processor.py:830} INFO - Processing file /home/airflow/.local/lib/python3.12/site-packages/airflow/example_dags/example_params_trigger_ui.py for tasks to queue
[2026-06-30T08:30:03.205+0000] {logging_mixin.py:188} INFO - [2026-06-30T08:30:03.205+0000] {dagbag.py:545} INFO - Filling up the DagBag from /home/airflow/.local/lib/python3.12/site-packages/airflow/example_dags/example_params_trigger_ui.py
[2026-06-30T08:30:03.218+0000] {processor.py:840} INFO - DAG(s) 'example_params_trigger_ui' retrieved from /home/airflow/.local/lib/python3.12/site-packages/airflow/example_dags/example_params_trigger_ui.py
[2026-06-30T08:30:03.254+0000] {logging_mixin.py:188} INFO - [2026-06-30T08:30:03.254+0000] {dag.py:3096} INFO - Sync 1 DAGs
[2026-06-30T08:30:03.265+0000] {logging_mixin.py:188} INFO - [2026-06-30T08:30:03.264+0000] {dag.py:3954} INFO - Setting next_dagrun for example_params_trigger_ui to None, run_after=None
[2026-06-30T08:30:03.280+0000] {processor.py:183} INFO - Processing /home/airflow/.local/lib/python3.12/site-packages/airflow/example_dags/example_params_trigger_ui.py took 0.082 seconds
[2026-06-30T08:30:33.721+0000] {processor.py:161} INFO - Started process (PID=23104) to work on /home/airflow/.local/lib/python3.12/site-packages/airflow/example_dags/example_params_trigger_ui.py
[2026-06-30T08:30:33.722+0000] {processor.py:830} INFO - Processing file /home/airflow/.local/lib/python3.12/site-packages/airflow/example_dags/example_params_trigger_ui.py for tasks to queue
[2026-06-30T08:30:33.722+0000] {logging_mixin.py:188} INFO - [2026-06-30T08:30:33.722+0000] {dagbag.py:545} INFO - Filling up the DagBag from /home/airflow/.local/lib/python3.12/site-packages/airflow/example_dags/example_params_trigger_ui.py
[2026-06-30T08:30:33.733+0000] {processor.py:840} INFO - DAG(s) 'example_params_trigger_ui' retrieved from /home/airflow/.local/lib/python3.12/site-packages/airflow/example_dags/example_params_trigger_ui.py
[2026-06-30T08:30:33.760+0000] {logging_mixin.py:188} INFO - [2026-06-30T08:30:33.760+0000] {dag.py:3096} INFO - Sync 1 DAGs
[2026-06-30T08:30:33.769+0000] {logging_mixin.py:188} INFO - [2026-06-30T08:30:33.769+0000] {dag.py:3954} INFO - Setting next_dagrun for example_params_trigger_ui to None, run_after=None
[2026-06-30T08:30:33.782+0000] {processor.py:183} INFO - Processing /home/airflow/.local/lib/python3.12/site-packages/airflow/example_dags/example_params_trigger_ui.py took 0.066 seconds
[2026-06-30T08:31:04.458+0000] {processor.py:161} INFO - Started process (PID=23162) to work on /home/airflow/.local/lib/python3.12/site-packages/airflow/example_dags/example_params_trigger_ui.py
[2026-06-30T08:31:04.458+0000] {processor.py:830} INFO - Processing file /home/airflow/.local/lib/python3.12/site-packages/airflow/example_dags/example_params_trigger_ui.py for tasks to queue
[2026-06-30T08:31:04.459+0000] {logging_mixin.py:188} INFO - [2026-06-30T08:31:04.459+0000] {dagbag.py:545} INFO - Filling up the DagBag from /home/airflow/.local/lib/python3.12/site-packages/airflow/example_dags/example_params_trigger_ui.py
[2026-06-30T08:31:04.470+0000] {processor.py:840} INFO - DAG(s) 'example_params_trigger_ui' retrieved from /home/airflow/.local/lib/python3.12/site-packages/airflow/example_dags/example_params_trigger_ui.py
[2026-06-30T08:31:04.499+0000] {logging_mixin.py:188} INFO - [2026-06-30T08:31:04.499+0000] {dag.py:3096} INFO - Sync 1 DAGs
[2026-06-30T08:31:04.508+0000] {logging_mixin.py:188} INFO - [2026-06-30T08:31:04.508+0000] {dag.py:3954} INFO - Setting next_dagrun for example_params_trigger_ui to None, run_after=None
[2026-06-30T08:31:04.521+0000] {processor.py:183} INFO - Processing /home/airflow/.local/lib/python3.12/site-packages/airflow/example_dags/example_params_trigger_ui.py took 0.068 seconds
[2026-06-30T08:31:35.313+0000] {processor.py:161} INFO - Started process (PID=23220) to work on /home/airflow/.local/lib/python3.12/site-packages/airflow/example_dags/example_params_trigger_ui.py
[2026-06-30T08:31:35.315+0000] {processor.py:830} INFO - Processing file /home/airflow/.local/lib/python3.12/site-packages/airflow/example_dags/example_params_trigger_ui.py for tasks to queue
[2026-06-30T08:31:35.315+0000] {logging_mixin.py:188} INFO - [2026-06-30T08:31:35.315+0000] {dagbag.py:545} INFO - Filling up the DagBag from /home/airflow/.local/lib/python3.12/site-packages/airflow/example_dags/example_params_trigger_ui.py
[2026-06-30T08:31:35.327+0000] {processor.py:840} INFO - DAG(s) 'example_params_trigger_ui' retrieved from /home/airflow/.local/lib/python3.12/site-packages/airflow/example_dags/example_params_trigger_ui.py
[2026-06-30T08:31:35.356+0000] {logging_mixin.py:188} INFO - [2026-06-30T08:31:35.355+0000] {dag.py:3096} INFO - Sync 1 DAGs
[2026-06-30T08:31:35.366+0000] {logging_mixin.py:188} INFO - [2026-06-30T08:31:35.365+0000] {dag.py:3954} INFO - Setting next_dagrun for example_params_trigger_ui to None, run_after=None
[2026-06-30T08:31:35.378+0000] {processor.py:183} INFO - Processing /home/airflow/.local/lib/python3.12/site-packages/airflow/example_dags/example_params_trigger_ui.py took 0.070 seconds
[2026-06-30T08:32:05.854+0000] {processor.py:161} INFO - Started process (PID=23278) to work on /home/airflow/.local/lib/python3.12/site-packages/airflow/example_dags/example_params_trigger_ui.py
[2026-06-30T08:32:05.855+0000] {processor.py:830} INFO - Processing file /home/airflow/.local/lib/python3.12/site-packages/airflow/example_dags/example_params_trigger_ui.py for tasks to queue
[2026-06-30T08:32:05.856+0000] {logging_mixin.py:188} INFO - [2026-06-30T08:32:05.856+0000] {dagbag.py:545} INFO - Filling up the DagBag from /home/airflow/.local/lib/python3.12/site-packages/airflow/example_dags/example_params_trigger_ui.py
[2026-06-30T08:32:05.867+0000] {processor.py:840} INFO - DAG(s) 'example_params_trigger_ui' retrieved from /home/airflow/.local/lib/python3.12/site-packages/airflow/example_dags/example_params_trigger_ui.py
[2026-06-30T08:32:05.895+0000] {logging_mixin.py:188} INFO - [2026-06-30T08:32:05.895+0000] {dag.py:3096} INFO - Sync 1 DAGs
[2026-06-30T08:32:05.905+0000] {logging_mixin.py:188} INFO - [2026-06-30T08:32:05.905+0000] {dag.py:3954} INFO - Setting next_dagrun for example_params_trigger_ui to None, run_after=None
[2026-06-30T08:32:05.918+0000] {processor.py:183} INFO - Processing /home/airflow/.local/lib/python3.12/site-packages/airflow/example_dags/example_params_trigger_ui.py took 0.069 seconds
[2026-06-30T08:32:36.675+0000] {processor.py:161} INFO - Started process (PID=23336) to work on /home/airflow/.local/lib/python3.12/site-packages/airflow/example_dags/example_params_trigger_ui.py
[2026-06-30T08:32:36.676+0000] {processor.py:830} INFO - Processing file /home/airflow/.local/lib/python3.12/site-packages/airflow/example_dags/example_params_trigger_ui.py for tasks to queue
[2026-06-30T08:32:36.677+0000] {logging_mixin.py:188} INFO - [2026-06-30T08:32:36.677+0000] {dagbag.py:545} INFO - Filling up the DagBag from /home/airflow/.local/lib/python3.12/site-packages/airflow/example_dags/example_params_trigger_ui.py
[2026-06-30T08:32:36.687+0000] {processor.py:840} INFO - DAG(s) 'example_params_trigger_ui' retrieved from /home/airflow/.local/lib/python3.12/site-packages/airflow/example_dags/example_params_trigger_ui.py
[2026-06-30T08:32:36.714+0000] {logging_mixin.py:188} INFO - [2026-06-30T08:32:36.714+0000] {dag.py:3096} INFO - Sync 1 DAGs
[2026-06-30T08:32:36.723+0000] {logging_mixin.py:188} INFO - [2026-06-30T08:32:36.723+0000] {dag.py:3954} INFO - Setting next_dagrun for example_params_trigger_ui to None, run_after=None
[2026-06-30T08:32:36.734+0000] {processor.py:183} INFO - Processing /home/airflow/.local/lib/python3.12/site-packages/airflow/example_dags/example_params_trigger_ui.py took 0.064 seconds
[2026-06-30T08:33:07.505+0000] {processor.py:161} INFO - Started process (PID=23394) to work on /home/airflow/.local/lib/python3.12/site-packages/airflow/example_dags/example_params_trigger_ui.py
[2026-06-30T08:33:07.506+0000] {processor.py:830} INFO - Processing file /home/airflow/.local/lib/python3.12/site-packages/airflow/example_dags/example_params_trigger_ui.py for tasks to queue
[2026-06-30T08:33:07.507+0000] {logging_mixin.py:188} INFO - [2026-06-30T08:33:07.507+0000] {dagbag.py:545} INFO - Filling up the DagBag from /home/airflow/.local/lib/python3.12/site-packages/airflow/example_dags/example_params_trigger_ui.py
[2026-06-30T08:33:07.522+0000] {processor.py:840} INFO - DAG(s) 'example_params_trigger_ui' retrieved from /home/airflow/.local/lib/python3.12/site-packages/airflow/example_dags/example_params_trigger_ui.py
[2026-06-30T08:33:07.553+0000] {logging_mixin.py:188} INFO - [2026-06-30T08:33:07.553+0000] {dag.py:3096} INFO - Sync 1 DAGs
[2026-06-30T08:33:07.564+0000] {logging_mixin.py:188} INFO - [2026-06-30T08:33:07.563+0000] {dag.py:3954} INFO - Setting next_dagrun for example_params_trigger_ui to None, run_after=None
[2026-06-30T08:33:07.581+0000] {processor.py:183} INFO - Processing /home/airflow/.local/lib/python3.12/site-packages/airflow/example_dags/example_params_trigger_ui.py took 0.081 seconds
[2026-06-30T08:33:38.327+0000] {processor.py:161} INFO - Started process (PID=23452) to work on /home/airflow/.local/lib/python3.12/site-packages/airflow/example_dags/example_params_trigger_ui.py
[2026-06-30T08:33:38.328+0000] {processor.py:830} INFO - Processing file /home/airflow/.local/lib/python3.12/site-packages/airflow/example_dags/example_params_trigger_ui.py for tasks to queue
[2026-06-30T08:33:38.329+0000] {logging_mixin.py:188} INFO - [2026-06-30T08:33:38.329+0000] {dagbag.py:545} INFO - Filling up the DagBag from /home/airflow/.local/lib/python3.12/site-packages/airflow/example_dags/example_params_trigger_ui.py
[2026-06-30T08:33:38.342+0000] {processor.py:840} INFO - DAG(s) 'example_params_trigger_ui' retrieved from /home/airflow/.local/lib/python3.12/site-packages/airflow/example_dags/example_params_trigger_ui.py
[2026-06-30T08:33:38.373+0000] {logging_mixin.py:188} INFO - [2026-06-30T08:33:38.373+0000] {dag.py:3096} INFO - Sync 1 DAGs
[2026-06-30T08:33:38.382+0000] {logging_mixin.py:188} INFO - [2026-06-30T08:33:38.382+0000] {dag.py:3954} INFO - Setting next_dagrun for example_params_trigger_ui to None, run_after=None
[2026-06-30T08:33:38.396+0000] {processor.py:183} INFO - Processing /home/airflow/.local/lib/python3.12/site-packages/airflow/example_dags/example_params_trigger_ui.py took 0.073 seconds
[2026-06-30T08:34:09.271+0000] {processor.py:161} INFO - Started process (PID=23510) to work on /home/airflow/.local/lib/python3.12/site-packages/airflow/example_dags/example_params_trigger_ui.py
[2026-06-30T08:34:09.273+0000] {processor.py:830} INFO - Processing file /home/airflow/.local/lib/python3.12/site-packages/airflow/example_dags/example_params_trigger_ui.py for tasks to queue
[2026-06-30T08:34:09.276+0000] {logging_mixin.py:188} INFO - [2026-06-30T08:34:09.276+0000] {dagbag.py:545} INFO - Filling up the DagBag from /home/airflow/.local/lib/python3.12/site-packages/airflow/example_dags/example_params_trigger_ui.py
[2026-06-30T08:34:09.291+0000] {processor.py:840} INFO - DAG(s) 'example_params_trigger_ui' retrieved from /home/airflow/.local/lib/python3.12/site-packages/airflow/example_dags/example_params_trigger_ui.py
[2026-06-30T08:34:09.320+0000] {logging_mixin.py:188} INFO - [2026-06-30T08:34:09.320+0000] {dag.py:3096} INFO - Sync 1 DAGs
[2026-06-30T08:34:09.330+0000] {logging_mixin.py:188} INFO - [2026-06-30T08:34:09.330+0000] {dag.py:3954} INFO - Setting next_dagrun for example_params_trigger_ui to None, run_after=None
[2026-06-30T08:34:09.344+0000] {processor.py:183} INFO - Processing /home/airflow/.local/lib/python3.12/site-packages/airflow/example_dags/example_params_trigger_ui.py took 0.079 seconds
[2026-06-30T08:34:39.945+0000] {processor.py:161} INFO - Started process (PID=23568) to work on /home/airflow/.local/lib/python3.12/site-packages/airflow/example_dags/example_params_trigger_ui.py
[2026-06-30T08:34:39.946+0000] {processor.py:830} INFO - Processing file /home/airflow/.local/lib/python3.12/site-packages/airflow/example_dags/example_params_trigger_ui.py for tasks to queue
[2026-06-30T08:34:39.947+0000] {logging_mixin.py:188} INFO - [2026-06-30T08:34:39.947+0000] {dagbag.py:545} INFO - Filling up the DagBag from /home/airflow/.local/lib/python3.12/site-packages/airflow/example_dags/example_params_trigger_ui.py
[2026-06-30T08:34:39.957+0000] {processor.py:840} INFO - DAG(s) 'example_params_trigger_ui' retrieved from /home/airflow/.local/lib/python3.12/site-packages/airflow/example_dags/example_params_trigger_ui.py
[2026-06-30T08:34:39.983+0000] {logging_mixin.py:188} INFO - [2026-06-30T08:34:39.983+0000] {dag.py:3096} INFO - Sync 1 DAGs
[2026-06-30T08:34:39.992+0000] {logging_mixin.py:188} INFO - [2026-06-30T08:34:39.991+0000] {dag.py:3954} INFO - Setting next_dagrun for example_params_trigger_ui to None, run_after=None
[2026-06-30T08:34:40.005+0000] {processor.py:183} INFO - Processing /home/airflow/.local/lib/python3.12/site-packages/airflow/example_dags/example_params_trigger_ui.py took 0.064 seconds
[2026-06-30T08:35:10.242+0000] {processor.py:161} INFO - Started process (PID=23626) to work on /home/airflow/.local/lib/python3.12/site-packages/airflow/example_dags/example_params_trigger_ui.py
[2026-06-30T08:35:10.243+0000] {processor.py:830} INFO - Processing file /home/airflow/.local/lib/python3.12/site-packages/airflow/example_dags/example_params_trigger_ui.py for tasks to queue
[2026-06-30T08:35:10.244+0000] {logging_mixin.py:188} INFO - [2026-06-30T08:35:10.243+0000] {dagbag.py:545} INFO - Filling up the DagBag from /home/airflow/.local/lib/python3.12/site-packages/airflow/example_dags/example_params_trigger_ui.py
[2026-06-30T08:35:10.255+0000] {processor.py:840} INFO - DAG(s) 'example_params_trigger_ui' retrieved from /home/airflow/.local/lib/python3.12/site-packages/airflow/example_dags/example_params_trigger_ui.py
[2026-06-30T08:35:10.284+0000] {logging_mixin.py:188} INFO - [2026-06-30T08:35:10.284+0000] {dag.py:3096} INFO - Sync 1 DAGs
[2026-06-30T08:35:10.294+0000] {logging_mixin.py:188} INFO - [2026-06-30T08:35:10.294+0000] {dag.py:3954} INFO - Setting next_dagrun for example_params_trigger_ui to None, run_after=None
[2026-06-30T08:35:10.307+0000] {processor.py:183} INFO - Processing /home/airflow/.local/lib/python3.12/site-packages/airflow/example_dags/example_params_trigger_ui.py took 0.070 seconds
[2026-06-30T08:35:40.715+0000] {processor.py:161} INFO - Started process (PID=23684) to work on /home/airflow/.local/lib/python3.12/site-packages/airflow/example_dags/example_params_trigger_ui.py
[2026-06-30T08:35:40.716+0000] {processor.py:830} INFO - Processing file /home/airflow/.local/lib/python3.12/site-packages/airflow/example_dags/example_params_trigger_ui.py for tasks to queue
[2026-06-30T08:35:40.716+0000] {logging_mixin.py:188} INFO - [2026-06-30T08:35:40.716+0000] {dagbag.py:545} INFO - Filling up the DagBag from /home/airflow/.local/lib/python3.12/site-packages/airflow/example_dags/example_params_trigger_ui.py
[2026-06-30T08:35:40.726+0000] {processor.py:840} INFO - DAG(s) 'example_params_trigger_ui' retrieved from /home/airflow/.local/lib/python3.12/site-packages/airflow/example_dags/example_params_trigger_ui.py
[2026-06-30T08:35:40.753+0000] {logging_mixin.py:188} INFO - [2026-06-30T08:35:40.752+0000] {dag.py:3096} INFO - Sync 1 DAGs
[2026-06-30T08:35:40.761+0000] {logging_mixin.py:188} INFO - [2026-06-30T08:35:40.761+0000] {dag.py:3954} INFO - Setting next_dagrun for example_params_trigger_ui to None, run_after=None
[2026-06-30T08:35:40.773+0000] {processor.py:183} INFO - Processing /home/airflow/.local/lib/python3.12/site-packages/airflow/example_dags/example_params_trigger_ui.py took 0.062 seconds
[2026-06-30T08:36:10.974+0000] {processor.py:161} INFO - Started process (PID=23742) to work on /home/airflow/.local/lib/python3.12/site-packages/airflow/example_dags/example_params_trigger_ui.py
[2026-06-30T08:36:10.975+0000] {processor.py:830} INFO - Processing file /home/airflow/.local/lib/python3.12/site-packages/airflow/example_dags/example_params_trigger_ui.py for tasks to queue
[2026-06-30T08:36:10.975+0000] {logging_mixin.py:188} INFO - [2026-06-30T08:36:10.975+0000] {dagbag.py:545} INFO - Filling up the DagBag from /home/airflow/.local/lib/python3.12/site-packages/airflow/example_dags/example_params_trigger_ui.py
[2026-06-30T08:36:10.986+0000] {processor.py:840} INFO - DAG(s) 'example_params_trigger_ui' retrieved from /home/airflow/.local/lib/python3.12/site-packages/airflow/example_dags/example_params_trigger_ui.py
[2026-06-30T08:36:11.012+0000] {logging_mixin.py:188} INFO - [2026-06-30T08:36:11.012+0000] {dag.py:3096} INFO - Sync 1 DAGs
[2026-06-30T08:36:11.021+0000] {logging_mixin.py:188} INFO - [2026-06-30T08:36:11.021+0000] {dag.py:3954} INFO - Setting next_dagrun for example_params_trigger_ui to None, run_after=None
[2026-06-30T08:36:11.034+0000] {processor.py:183} INFO - Processing /home/airflow/.local/lib/python3.12/site-packages/airflow/example_dags/example_params_trigger_ui.py took 0.064 seconds
[2026-06-30T08:36:41.547+0000] {processor.py:161} INFO - Started process (PID=23800) to work on /home/airflow/.local/lib/python3.12/site-packages/airflow/example_dags/example_params_trigger_ui.py
[2026-06-30T08:36:41.548+0000] {processor.py:830} INFO - Processing file /home/airflow/.local/lib/python3.12/site-packages/airflow/example_dags/example_params_trigger_ui.py for tasks to queue
[2026-06-30T08:36:41.548+0000] {logging_mixin.py:188} INFO - [2026-06-30T08:36:41.548+0000] {dagbag.py:545} INFO - Filling up the DagBag from /home/airflow/.local/lib/python3.12/site-packages/airflow/example_dags/example_params_trigger_ui.py
[2026-06-30T08:36:41.559+0000] {processor.py:840} INFO - DAG(s) 'example_params_trigger_ui' retrieved from /home/airflow/.local/lib/python3.12/site-packages/airflow/example_dags/example_params_trigger_ui.py
[2026-06-30T08:36:41.585+0000] {logging_mixin.py:188} INFO - [2026-06-30T08:36:41.584+0000] {dag.py:3096} INFO - Sync 1 DAGs
[2026-06-30T08:36:41.593+0000] {logging_mixin.py:188} INFO - [2026-06-30T08:36:41.592+0000] {dag.py:3954} INFO - Setting next_dagrun for example_params_trigger_ui to None, run_after=None
[2026-06-30T08:36:41.605+0000] {processor.py:183} INFO - Processing /home/airflow/.local/lib/python3.12/site-packages/airflow/example_dags/example_params_trigger_ui.py took 0.062 seconds
[2026-06-30T08:37:11.832+0000] {processor.py:161} INFO - Started process (PID=23860) to work on /home/airflow/.local/lib/python3.12/site-packages/airflow/example_dags/example_params_trigger_ui.py
[2026-06-30T08:37:11.833+0000] {processor.py:830} INFO - Processing file /home/airflow/.local/lib/python3.12/site-packages/airflow/example_dags/example_params_trigger_ui.py for tasks to queue
[2026-06-30T08:37:11.834+0000] {logging_mixin.py:188} INFO - [2026-06-30T08:37:11.834+0000] {dagbag.py:545} INFO - Filling up the DagBag from /home/airflow/.local/lib/python3.12/site-packages/airflow/example_dags/example_params_trigger_ui.py
[2026-06-30T08:37:11.845+0000] {processor.py:840} INFO - DAG(s) 'example_params_trigger_ui' retrieved from /home/airflow/.local/lib/python3.12/site-packages/airflow/example_dags/example_params_trigger_ui.py
[2026-06-30T08:37:11.877+0000] {logging_mixin.py:188} INFO - [2026-06-30T08:37:11.876+0000] {dag.py:3096} INFO - Sync 1 DAGs
[2026-06-30T08:37:11.886+0000] {logging_mixin.py:188} INFO - [2026-06-30T08:37:11.885+0000] {dag.py:3954} INFO - Setting next_dagrun for example_params_trigger_ui to None, run_after=None
[2026-06-30T08:37:11.898+0000] {processor.py:183} INFO - Processing /home/airflow/.local/lib/python3.12/site-packages/airflow/example_dags/example_params_trigger_ui.py took 0.070 seconds
[2026-06-30T08:37:42.209+0000] {processor.py:161} INFO - Started process (PID=23923) to work on /home/airflow/.local/lib/python3.12/site-packages/airflow/example_dags/example_params_trigger_ui.py
[2026-06-30T08:37:42.210+0000] {processor.py:830} INFO - Processing file /home/airflow/.local/lib/python3.12/site-packages/airflow/example_dags/example_params_trigger_ui.py for tasks to queue
[2026-06-30T08:37:42.211+0000] {logging_mixin.py:188} INFO - [2026-06-30T08:37:42.211+0000] {dagbag.py:545} INFO - Filling up the DagBag from /home/airflow/.local/lib/python3.12/site-packages/airflow/example_dags/example_params_trigger_ui.py
[2026-06-30T08:37:42.221+0000] {processor.py:840} INFO - DAG(s) 'example_params_trigger_ui' retrieved from /home/airflow/.local/lib/python3.12/site-packages/airflow/example_dags/example_params_trigger_ui.py
[2026-06-30T08:37:42.247+0000] {logging_mixin.py:188} INFO - [2026-06-30T08:37:42.247+0000] {dag.py:3096} INFO - Sync 1 DAGs
[2026-06-30T08:37:42.255+0000] {logging_mixin.py:188} INFO - [2026-06-30T08:37:42.255+0000] {dag.py:3954} INFO - Setting next_dagrun for example_params_trigger_ui to None, run_after=None
[2026-06-30T08:37:42.266+0000] {processor.py:183} INFO - Processing /home/airflow/.local/lib/python3.12/site-packages/airflow/example_dags/example_params_trigger_ui.py took 0.061 seconds
[2026-06-30T08:38:12.650+0000] {processor.py:161} INFO - Started process (PID=23981) to work on /home/airflow/.local/lib/python3.12/site-packages/airflow/example_dags/example_params_trigger_ui.py
[2026-06-30T08:38:12.651+0000] {processor.py:830} INFO - Processing file /home/airflow/.local/lib/python3.12/site-packages/airflow/example_dags/example_params_trigger_ui.py for tasks to queue
[2026-06-30T08:38:12.652+0000] {logging_mixin.py:188} INFO - [2026-06-30T08:38:12.652+0000] {dagbag.py:545} INFO - Filling up the DagBag from /home/airflow/.local/lib/python3.12/site-packages/airflow/example_dags/example_params_trigger_ui.py
[2026-06-30T08:38:12.665+0000] {processor.py:840} INFO - DAG(s) 'example_params_trigger_ui' retrieved from /home/airflow/.local/lib/python3.12/site-packages/airflow/example_dags/example_params_trigger_ui.py
[2026-06-30T08:38:12.698+0000] {logging_mixin.py:188} INFO - [2026-06-30T08:38:12.698+0000] {dag.py:3096} INFO - Sync 1 DAGs
[2026-06-30T08:38:12.709+0000] {logging_mixin.py:188} INFO - [2026-06-30T08:38:12.708+0000] {dag.py:3954} INFO - Setting next_dagrun for example_params_trigger_ui to None, run_after=None
[2026-06-30T08:38:12.726+0000] {processor.py:183} INFO - Processing /home/airflow/.local/lib/python3.12/site-packages/airflow/example_dags/example_params_trigger_ui.py took 0.081 seconds
[2026-06-30T08:38:43.200+0000] {processor.py:161} INFO - Started process (PID=24039) to work on /home/airflow/.local/lib/python3.12/site-packages/airflow/example_dags/example_params_trigger_ui.py
[2026-06-30T08:38:43.200+0000] {processor.py:830} INFO - Processing file /home/airflow/.local/lib/python3.12/site-packages/airflow/example_dags/example_params_trigger_ui.py for tasks to queue
[2026-06-30T08:38:43.201+0000] {logging_mixin.py:188} INFO - [2026-06-30T08:38:43.201+0000] {dagbag.py:545} INFO - Filling up the DagBag from /home/airflow/.local/lib/python3.12/site-packages/airflow/example_dags/example_params_trigger_ui.py
[2026-06-30T08:38:43.212+0000] {processor.py:840} INFO - DAG(s) 'example_params_trigger_ui' retrieved from /home/airflow/.local/lib/python3.12/site-packages/airflow/example_dags/example_params_trigger_ui.py
[2026-06-30T08:38:43.239+0000] {logging_mixin.py:188} INFO - [2026-06-30T08:38:43.239+0000] {dag.py:3096} INFO - Sync 1 DAGs
[2026-06-30T08:38:43.248+0000] {logging_mixin.py:188} INFO - [2026-06-30T08:38:43.248+0000] {dag.py:3954} INFO - Setting next_dagrun for example_params_trigger_ui to None, run_after=None
[2026-06-30T08:38:43.263+0000] {processor.py:183} INFO - Processing /home/airflow/.local/lib/python3.12/site-packages/airflow/example_dags/example_params_trigger_ui.py took 0.067 seconds
[2026-06-30T08:39:13.731+0000] {processor.py:161} INFO - Started process (PID=24097) to work on /home/airflow/.local/lib/python3.12/site-packages/airflow/example_dags/example_params_trigger_ui.py
[2026-06-30T08:39:13.732+0000] {processor.py:830} INFO - Processing file /home/airflow/.local/lib/python3.12/site-packages/airflow/example_dags/example_params_trigger_ui.py for tasks to queue
[2026-06-30T08:39:13.733+0000] {logging_mixin.py:188} INFO - [2026-06-30T08:39:13.732+0000] {dagbag.py:545} INFO - Filling up the DagBag from /home/airflow/.local/lib/python3.12/site-packages/airflow/example_dags/example_params_trigger_ui.py
[2026-06-30T08:39:13.743+0000] {processor.py:840} INFO - DAG(s) 'example_params_trigger_ui' retrieved from /home/airflow/.local/lib/python3.12/site-packages/airflow/example_dags/example_params_trigger_ui.py
[2026-06-30T08:39:13.771+0000] {logging_mixin.py:188} INFO - [2026-06-30T08:39:13.771+0000] {dag.py:3096} INFO - Sync 1 DAGs
[2026-06-30T08:39:13.780+0000] {logging_mixin.py:188} INFO - [2026-06-30T08:39:13.780+0000] {dag.py:3954} INFO - Setting next_dagrun for example_params_trigger_ui to None, run_after=None
[2026-06-30T08:39:13.794+0000] {processor.py:183} INFO - Processing /home/airflow/.local/lib/python3.12/site-packages/airflow/example_dags/example_params_trigger_ui.py took 0.067 seconds
[2026-06-30T08:39:44.305+0000] {processor.py:161} INFO - Started process (PID=24155) to work on /home/airflow/.local/lib/python3.12/site-packages/airflow/example_dags/example_params_trigger_ui.py
[2026-06-30T08:39:44.306+0000] {processor.py:830} INFO - Processing file /home/airflow/.local/lib/python3.12/site-packages/airflow/example_dags/example_params_trigger_ui.py for tasks to queue
[2026-06-30T08:39:44.307+0000] {logging_mixin.py:188} INFO - [2026-06-30T08:39:44.307+0000] {dagbag.py:545} INFO - Filling up the DagBag from /home/airflow/.local/lib/python3.12/site-packages/airflow/example_dags/example_params_trigger_ui.py
[2026-06-30T08:39:44.318+0000] {processor.py:840} INFO - DAG(s) 'example_params_trigger_ui' retrieved from /home/airflow/.local/lib/python3.12/site-packages/airflow/example_dags/example_params_trigger_ui.py
[2026-06-30T08:39:44.348+0000] {logging_mixin.py:188} INFO - [2026-06-30T08:39:44.348+0000] {dag.py:3096} INFO - Sync 1 DAGs
[2026-06-30T08:39:44.359+0000] {logging_mixin.py:188} INFO - [2026-06-30T08:39:44.359+0000] {dag.py:3954} INFO - Setting next_dagrun for example_params_trigger_ui to None, run_after=None
[2026-06-30T08:39:44.374+0000] {processor.py:183} INFO - Processing /home/airflow/.local/lib/python3.12/site-packages/airflow/example_dags/example_params_trigger_ui.py took 0.074 seconds
[2026-06-30T08:40:14.784+0000] {processor.py:161} INFO - Started process (PID=24213) to work on /home/airflow/.local/lib/python3.12/site-packages/airflow/example_dags/example_params_trigger_ui.py
[2026-06-30T08:40:14.785+0000] {processor.py:830} INFO - Processing file /home/airflow/.local/lib/python3.12/site-packages/airflow/example_dags/example_params_trigger_ui.py for tasks to queue
[2026-06-30T08:40:14.786+0000] {logging_mixin.py:188} INFO - [2026-06-30T08:40:14.786+0000] {dagbag.py:545} INFO - Filling up the DagBag from /home/airflow/.local/lib/python3.12/site-packages/airflow/example_dags/example_params_trigger_ui.py
[2026-06-30T08:40:14.797+0000] {processor.py:840} INFO - DAG(s) 'example_params_trigger_ui' retrieved from /home/airflow/.local/lib/python3.12/site-packages/airflow/example_dags/example_params_trigger_ui.py
[2026-06-30T08:40:14.829+0000] {logging_mixin.py:188} INFO - [2026-06-30T08:40:14.829+0000] {dag.py:3096} INFO - Sync 1 DAGs
[2026-06-30T08:40:14.838+0000] {logging_mixin.py:188} INFO - [2026-06-30T08:40:14.838+0000] {dag.py:3954} INFO - Setting next_dagrun for example_params_trigger_ui to None, run_after=None
[2026-06-30T08:40:14.851+0000] {processor.py:183} INFO - Processing /home/airflow/.local/lib/python3.12/site-packages/airflow/example_dags/example_params_trigger_ui.py took 0.071 seconds
[2026-06-30T08:40:45.376+0000] {processor.py:161} INFO - Started process (PID=24271) to work on /home/airflow/.local/lib/python3.12/site-packages/airflow/example_dags/example_params_trigger_ui.py
[2026-06-30T08:40:45.377+0000] {processor.py:830} INFO - Processing file /home/airflow/.local/lib/python3.12/site-packages/airflow/example_dags/example_params_trigger_ui.py for tasks to queue
[2026-06-30T08:40:45.378+0000] {logging_mixin.py:188} INFO - [2026-06-30T08:40:45.378+0000] {dagbag.py:545} INFO - Filling up the DagBag from /home/airflow/.local/lib/python3.12/site-packages/airflow/example_dags/example_params_trigger_ui.py
[2026-06-30T08:40:45.388+0000] {processor.py:840} INFO - DAG(s) 'example_params_trigger_ui' retrieved from /home/airflow/.local/lib/python3.12/site-packages/airflow/example_dags/example_params_trigger_ui.py
[2026-06-30T08:40:45.415+0000] {logging_mixin.py:188} INFO - [2026-06-30T08:40:45.415+0000] {dag.py:3096} INFO - Sync 1 DAGs
[2026-06-30T08:40:45.423+0000] {logging_mixin.py:188} INFO - [2026-06-30T08:40:45.423+0000] {dag.py:3954} INFO - Setting next_dagrun for example_params_trigger_ui to None, run_after=None
[2026-06-30T08:40:45.436+0000] {processor.py:183} INFO - Processing /home/airflow/.local/lib/python3.12/site-packages/airflow/example_dags/example_params_trigger_ui.py took 0.064 seconds
[2026-06-30T08:41:16.056+0000] {processor.py:161} INFO - Started process (PID=24329) to work on /home/airflow/.local/lib/python3.12/site-packages/airflow/example_dags/example_params_trigger_ui.py
[2026-06-30T08:41:16.056+0000] {processor.py:830} INFO - Processing file /home/airflow/.local/lib/python3.12/site-packages/airflow/example_dags/example_params_trigger_ui.py for tasks to queue
[2026-06-30T08:41:16.057+0000] {logging_mixin.py:188} INFO - [2026-06-30T08:41:16.057+0000] {dagbag.py:545} INFO - Filling up the DagBag from /home/airflow/.local/lib/python3.12/site-packages/airflow/example_dags/example_params_trigger_ui.py
[2026-06-30T08:41:16.068+0000] {processor.py:840} INFO - DAG(s) 'example_params_trigger_ui' retrieved from /home/airflow/.local/lib/python3.12/site-packages/airflow/example_dags/example_params_trigger_ui.py
[2026-06-30T08:41:16.096+0000] {logging_mixin.py:188} INFO - [2026-06-30T08:41:16.095+0000] {dag.py:3096} INFO - Sync 1 DAGs
[2026-06-30T08:41:16.103+0000] {logging_mixin.py:188} INFO - [2026-06-30T08:41:16.103+0000] {dag.py:3954} INFO - Setting next_dagrun for example_params_trigger_ui to None, run_after=None
[2026-06-30T08:41:16.116+0000] {processor.py:183} INFO - Processing /home/airflow/.local/lib/python3.12/site-packages/airflow/example_dags/example_params_trigger_ui.py took 0.064 seconds
[2026-06-30T08:41:46.563+0000] {processor.py:161} INFO - Started process (PID=24387) to work on /home/airflow/.local/lib/python3.12/site-packages/airflow/example_dags/example_params_trigger_ui.py
[2026-06-30T08:41:46.563+0000] {processor.py:830} INFO - Processing file /home/airflow/.local/lib/python3.12/site-packages/airflow/example_dags/example_params_trigger_ui.py for tasks to queue
[2026-06-30T08:41:46.565+0000] {logging_mixin.py:188} INFO - [2026-06-30T08:41:46.564+0000] {dagbag.py:545} INFO - Filling up the DagBag from /home/airflow/.local/lib/python3.12/site-packages/airflow/example_dags/example_params_trigger_ui.py
[2026-06-30T08:41:46.574+0000] {processor.py:840} INFO - DAG(s) 'example_params_trigger_ui' retrieved from /home/airflow/.local/lib/python3.12/site-packages/airflow/example_dags/example_params_trigger_ui.py
[2026-06-30T08:41:46.600+0000] {logging_mixin.py:188} INFO - [2026-06-30T08:41:46.600+0000] {dag.py:3096} INFO - Sync 1 DAGs
[2026-06-30T08:41:46.608+0000] {logging_mixin.py:188} INFO - [2026-06-30T08:41:46.608+0000] {dag.py:3954} INFO - Setting next_dagrun for example_params_trigger_ui to None, run_after=None
[2026-06-30T08:41:46.619+0000] {processor.py:183} INFO - Processing /home/airflow/.local/lib/python3.12/site-packages/airflow/example_dags/example_params_trigger_ui.py took 0.061 seconds
[2026-06-30T08:42:17.035+0000] {processor.py:161} INFO - Started process (PID=24445) to work on /home/airflow/.local/lib/python3.12/site-packages/airflow/example_dags/example_params_trigger_ui.py
[2026-06-30T08:42:17.035+0000] {processor.py:830} INFO - Processing file /home/airflow/.local/lib/python3.12/site-packages/airflow/example_dags/example_params_trigger_ui.py for tasks to queue
[2026-06-30T08:42:17.036+0000] {logging_mixin.py:188} INFO - [2026-06-30T08:42:17.036+0000] {dagbag.py:545} INFO - Filling up the DagBag from /home/airflow/.local/lib/python3.12/site-packages/airflow/example_dags/example_params_trigger_ui.py
[2026-06-30T08:42:17.046+0000] {processor.py:840} INFO - DAG(s) 'example_params_trigger_ui' retrieved from /home/airflow/.local/lib/python3.12/site-packages/airflow/example_dags/example_params_trigger_ui.py
[2026-06-30T08:42:17.072+0000] {logging_mixin.py:188} INFO - [2026-06-30T08:42:17.072+0000] {dag.py:3096} INFO - Sync 1 DAGs
[2026-06-30T08:42:17.081+0000] {logging_mixin.py:188} INFO - [2026-06-30T08:42:17.081+0000] {dag.py:3954} INFO - Setting next_dagrun for example_params_trigger_ui to None, run_after=None
[2026-06-30T08:42:17.094+0000] {processor.py:183} INFO - Processing /home/airflow/.local/lib/python3.12/site-packages/airflow/example_dags/example_params_trigger_ui.py took 0.063 seconds
[2026-06-30T08:42:47.498+0000] {processor.py:161} INFO - Started process (PID=24503) to work on /home/airflow/.local/lib/python3.12/site-packages/airflow/example_dags/example_params_trigger_ui.py
[2026-06-30T08:42:47.499+0000] {processor.py:830} INFO - Processing file /home/airflow/.local/lib/python3.12/site-packages/airflow/example_dags/example_params_trigger_ui.py for tasks to queue
[2026-06-30T08:42:47.500+0000] {logging_mixin.py:188} INFO - [2026-06-30T08:42:47.500+0000] {dagbag.py:545} INFO - Filling up the DagBag from /home/airflow/.local/lib/python3.12/site-packages/airflow/example_dags/example_params_trigger_ui.py
[2026-06-30T08:42:47.511+0000] {processor.py:840} INFO - DAG(s) 'example_params_trigger_ui' retrieved from /home/airflow/.local/lib/python3.12/site-packages/airflow/example_dags/example_params_trigger_ui.py
[2026-06-30T08:42:47.559+0000] {logging_mixin.py:188} INFO - [2026-06-30T08:42:47.558+0000] {dag.py:3096} INFO - Sync 1 DAGs
[2026-06-30T08:42:47.580+0000] {logging_mixin.py:188} INFO - [2026-06-30T08:42:47.579+0000] {dag.py:3954} INFO - Setting next_dagrun for example_params_trigger_ui to None, run_after=None
[2026-06-30T08:42:47.637+0000] {processor.py:183} INFO - Processing /home/airflow/.local/lib/python3.12/site-packages/airflow/example_dags/example_params_trigger_ui.py took 0.145 seconds
[2026-06-30T08:43:17.729+0000] {processor.py:161} INFO - Started process (PID=24561) to work on /home/airflow/.local/lib/python3.12/site-packages/airflow/example_dags/example_params_trigger_ui.py
[2026-06-30T08:43:17.731+0000] {processor.py:830} INFO - Processing file /home/airflow/.local/lib/python3.12/site-packages/airflow/example_dags/example_params_trigger_ui.py for tasks to queue
[2026-06-30T08:43:17.733+0000] {logging_mixin.py:188} INFO - [2026-06-30T08:43:17.732+0000] {dagbag.py:545} INFO - Filling up the DagBag from /home/airflow/.local/lib/python3.12/site-packages/airflow/example_dags/example_params_trigger_ui.py
[2026-06-30T08:43:17.751+0000] {processor.py:840} INFO - DAG(s) 'example_params_trigger_ui' retrieved from /home/airflow/.local/lib/python3.12/site-packages/airflow/example_dags/example_params_trigger_ui.py
[2026-06-30T08:43:17.799+0000] {logging_mixin.py:188} INFO - [2026-06-30T08:43:17.798+0000] {dag.py:3096} INFO - Sync 1 DAGs
[2026-06-30T08:43:17.810+0000] {logging_mixin.py:188} INFO - [2026-06-30T08:43:17.810+0000] {dag.py:3954} INFO - Setting next_dagrun for example_params_trigger_ui to None, run_after=None
[2026-06-30T08:43:17.827+0000] {processor.py:183} INFO - Processing /home/airflow/.local/lib/python3.12/site-packages/airflow/example_dags/example_params_trigger_ui.py took 0.105 seconds
[2026-06-30T08:43:48.233+0000] {processor.py:161} INFO - Started process (PID=24619) to work on /home/airflow/.local/lib/python3.12/site-packages/airflow/example_dags/example_params_trigger_ui.py
[2026-06-30T08:43:48.234+0000] {processor.py:830} INFO - Processing file /home/airflow/.local/lib/python3.12/site-packages/airflow/example_dags/example_params_trigger_ui.py for tasks to queue
[2026-06-30T08:43:48.235+0000] {logging_mixin.py:188} INFO - [2026-06-30T08:43:48.235+0000] {dagbag.py:545} INFO - Filling up the DagBag from /home/airflow/.local/lib/python3.12/site-packages/airflow/example_dags/example_params_trigger_ui.py
[2026-06-30T08:43:48.245+0000] {processor.py:840} INFO - DAG(s) 'example_params_trigger_ui' retrieved from /home/airflow/.local/lib/python3.12/site-packages/airflow/example_dags/example_params_trigger_ui.py
[2026-06-30T08:43:48.271+0000] {logging_mixin.py:188} INFO - [2026-06-30T08:43:48.271+0000] {dag.py:3096} INFO - Sync 1 DAGs
[2026-06-30T08:43:48.279+0000] {logging_mixin.py:188} INFO - [2026-06-30T08:43:48.279+0000] {dag.py:3954} INFO - Setting next_dagrun for example_params_trigger_ui to None, run_after=None
[2026-06-30T08:43:48.290+0000] {processor.py:183} INFO - Processing /home/airflow/.local/lib/python3.12/site-packages/airflow/example_dags/example_params_trigger_ui.py took 0.061 seconds
[2026-06-30T08:44:18.605+0000] {processor.py:161} INFO - Started process (PID=24677) to work on /home/airflow/.local/lib/python3.12/site-packages/airflow/example_dags/example_params_trigger_ui.py
[2026-06-30T08:44:18.606+0000] {processor.py:830} INFO - Processing file /home/airflow/.local/lib/python3.12/site-packages/airflow/example_dags/example_params_trigger_ui.py for tasks to queue
[2026-06-30T08:44:18.607+0000] {logging_mixin.py:188} INFO - [2026-06-30T08:44:18.606+0000] {dagbag.py:545} INFO - Filling up the DagBag from /home/airflow/.local/lib/python3.12/site-packages/airflow/example_dags/example_params_trigger_ui.py
[2026-06-30T08:44:18.619+0000] {processor.py:840} INFO - DAG(s) 'example_params_trigger_ui' retrieved from /home/airflow/.local/lib/python3.12/site-packages/airflow/example_dags/example_params_trigger_ui.py
[2026-06-30T08:44:18.647+0000] {logging_mixin.py:188} INFO - [2026-06-30T08:44:18.647+0000] {dag.py:3096} INFO - Sync 1 DAGs
[2026-06-30T08:44:18.656+0000] {logging_mixin.py:188} INFO - [2026-06-30T08:44:18.655+0000] {dag.py:3954} INFO - Setting next_dagrun for example_params_trigger_ui to None, run_after=None
[2026-06-30T08:44:18.668+0000] {processor.py:183} INFO - Processing /home/airflow/.local/lib/python3.12/site-packages/airflow/example_dags/example_params_trigger_ui.py took 0.068 seconds
[2026-06-30T08:44:49.004+0000] {processor.py:161} INFO - Started process (PID=24735) to work on /home/airflow/.local/lib/python3.12/site-packages/airflow/example_dags/example_params_trigger_ui.py
[2026-06-30T08:44:49.005+0000] {processor.py:830} INFO - Processing file /home/airflow/.local/lib/python3.12/site-packages/airflow/example_dags/example_params_trigger_ui.py for tasks to queue
[2026-06-30T08:44:49.005+0000] {logging_mixin.py:188} INFO - [2026-06-30T08:44:49.005+0000] {dagbag.py:545} INFO - Filling up the DagBag from /home/airflow/.local/lib/python3.12/site-packages/airflow/example_dags/example_params_trigger_ui.py
[2026-06-30T08:44:49.016+0000] {processor.py:840} INFO - DAG(s) 'example_params_trigger_ui' retrieved from /home/airflow/.local/lib/python3.12/site-packages/airflow/example_dags/example_params_trigger_ui.py
[2026-06-30T08:44:49.043+0000] {logging_mixin.py:188} INFO - [2026-06-30T08:44:49.043+0000] {dag.py:3096} INFO - Sync 1 DAGs
[2026-06-30T08:44:49.053+0000] {logging_mixin.py:188} INFO - [2026-06-30T08:44:49.053+0000] {dag.py:3954} INFO - Setting next_dagrun for example_params_trigger_ui to None, run_after=None
[2026-06-30T08:44:49.067+0000] {processor.py:183} INFO - Processing /home/airflow/.local/lib/python3.12/site-packages/airflow/example_dags/example_params_trigger_ui.py took 0.068 seconds
[2026-06-30T08:45:19.481+0000] {processor.py:161} INFO - Started process (PID=24793) to work on /home/airflow/.local/lib/python3.12/site-packages/airflow/example_dags/example_params_trigger_ui.py
[2026-06-30T08:45:19.482+0000] {processor.py:830} INFO - Processing file /home/airflow/.local/lib/python3.12/site-packages/airflow/example_dags/example_params_trigger_ui.py for tasks to queue
[2026-06-30T08:45:19.484+0000] {logging_mixin.py:188} INFO - [2026-06-30T08:45:19.483+0000] {dagbag.py:545} INFO - Filling up the DagBag from /home/airflow/.local/lib/python3.12/site-packages/airflow/example_dags/example_params_trigger_ui.py
[2026-06-30T08:45:19.497+0000] {processor.py:840} INFO - DAG(s) 'example_params_trigger_ui' retrieved from /home/airflow/.local/lib/python3.12/site-packages/airflow/example_dags/example_params_trigger_ui.py
[2026-06-30T08:45:19.532+0000] {logging_mixin.py:188} INFO - [2026-06-30T08:45:19.532+0000] {dag.py:3096} INFO - Sync 1 DAGs
[2026-06-30T08:45:19.543+0000] {logging_mixin.py:188} INFO - [2026-06-30T08:45:19.542+0000] {dag.py:3954} INFO - Setting next_dagrun for example_params_trigger_ui to None, run_after=None
[2026-06-30T08:45:19.559+0000] {processor.py:183} INFO - Processing /home/airflow/.local/lib/python3.12/site-packages/airflow/example_dags/example_params_trigger_ui.py took 0.083 seconds
[2026-06-30T08:45:50.194+0000] {processor.py:161} INFO - Started process (PID=24851) to work on /home/airflow/.local/lib/python3.12/site-packages/airflow/example_dags/example_params_trigger_ui.py
[2026-06-30T08:45:50.195+0000] {processor.py:830} INFO - Processing file /home/airflow/.local/lib/python3.12/site-packages/airflow/example_dags/example_params_trigger_ui.py for tasks to queue
[2026-06-30T08:45:50.196+0000] {logging_mixin.py:188} INFO - [2026-06-30T08:45:50.196+0000] {dagbag.py:545} INFO - Filling up the DagBag from /home/airflow/.local/lib/python3.12/site-packages/airflow/example_dags/example_params_trigger_ui.py
[2026-06-30T08:45:50.209+0000] {processor.py:840} INFO - DAG(s) 'example_params_trigger_ui' retrieved from /home/airflow/.local/lib/python3.12/site-packages/airflow/example_dags/example_params_trigger_ui.py
[2026-06-30T08:45:50.245+0000] {logging_mixin.py:188} INFO - [2026-06-30T08:45:50.245+0000] {dag.py:3096} INFO - Sync 1 DAGs
[2026-06-30T08:45:50.259+0000] {logging_mixin.py:188} INFO - [2026-06-30T08:45:50.259+0000] {dag.py:3954} INFO - Setting next_dagrun for example_params_trigger_ui to None, run_after=None
[2026-06-30T08:45:50.274+0000] {processor.py:183} INFO - Processing /home/airflow/.local/lib/python3.12/site-packages/airflow/example_dags/example_params_trigger_ui.py took 0.085 seconds
[2026-06-30T08:46:20.809+0000] {processor.py:161} INFO - Started process (PID=24909) to work on /home/airflow/.local/lib/python3.12/site-packages/airflow/example_dags/example_params_trigger_ui.py
[2026-06-30T08:46:20.810+0000] {processor.py:830} INFO - Processing file /home/airflow/.local/lib/python3.12/site-packages/airflow/example_dags/example_params_trigger_ui.py for tasks to queue
[2026-06-30T08:46:20.811+0000] {logging_mixin.py:188} INFO - [2026-06-30T08:46:20.811+0000] {dagbag.py:545} INFO - Filling up the DagBag from /home/airflow/.local/lib/python3.12/site-packages/airflow/example_dags/example_params_trigger_ui.py
[2026-06-30T08:46:20.822+0000] {processor.py:840} INFO - DAG(s) 'example_params_trigger_ui' retrieved from /home/airflow/.local/lib/python3.12/site-packages/airflow/example_dags/example_params_trigger_ui.py
[2026-06-30T08:46:20.851+0000] {logging_mixin.py:188} INFO - [2026-06-30T08:46:20.851+0000] {dag.py:3096} INFO - Sync 1 DAGs
[2026-06-30T08:46:20.861+0000] {logging_mixin.py:188} INFO - [2026-06-30T08:46:20.861+0000] {dag.py:3954} INFO - Setting next_dagrun for example_params_trigger_ui to None, run_after=None
[2026-06-30T08:46:20.875+0000] {processor.py:183} INFO - Processing /home/airflow/.local/lib/python3.12/site-packages/airflow/example_dags/example_params_trigger_ui.py took 0.072 seconds
[2026-06-30T08:46:51.399+0000] {processor.py:161} INFO - Started process (PID=24967) to work on /home/airflow/.local/lib/python3.12/site-packages/airflow/example_dags/example_params_trigger_ui.py
[2026-06-30T08:46:51.400+0000] {processor.py:830} INFO - Processing file /home/airflow/.local/lib/python3.12/site-packages/airflow/example_dags/example_params_trigger_ui.py for tasks to queue
[2026-06-30T08:46:51.400+0000] {logging_mixin.py:188} INFO - [2026-06-30T08:46:51.400+0000] {dagbag.py:545} INFO - Filling up the DagBag from /home/airflow/.local/lib/python3.12/site-packages/airflow/example_dags/example_params_trigger_ui.py
[2026-06-30T08:46:51.412+0000] {processor.py:840} INFO - DAG(s) 'example_params_trigger_ui' retrieved from /home/airflow/.local/lib/python3.12/site-packages/airflow/example_dags/example_params_trigger_ui.py
[2026-06-30T08:46:51.447+0000] {logging_mixin.py:188} INFO - [2026-06-30T08:46:51.446+0000] {dag.py:3096} INFO - Sync 1 DAGs
[2026-06-30T08:46:51.455+0000] {logging_mixin.py:188} INFO - [2026-06-30T08:46:51.455+0000] {dag.py:3954} INFO - Setting next_dagrun for example_params_trigger_ui to None, run_after=None
[2026-06-30T08:46:51.469+0000] {processor.py:183} INFO - Processing /home/airflow/.local/lib/python3.12/site-packages/airflow/example_dags/example_params_trigger_ui.py took 0.074 seconds
[2026-06-30T08:47:21.889+0000] {processor.py:161} INFO - Started process (PID=25025) to work on /home/airflow/.local/lib/python3.12/site-packages/airflow/example_dags/example_params_trigger_ui.py
[2026-06-30T08:47:21.890+0000] {processor.py:830} INFO - Processing file /home/airflow/.local/lib/python3.12/site-packages/airflow/example_dags/example_params_trigger_ui.py for tasks to queue
[2026-06-30T08:47:21.890+0000] {logging_mixin.py:188} INFO - [2026-06-30T08:47:21.890+0000] {dagbag.py:545} INFO - Filling up the DagBag from /home/airflow/.local/lib/python3.12/site-packages/airflow/example_dags/example_params_trigger_ui.py
[2026-06-30T08:47:21.901+0000] {processor.py:840} INFO - DAG(s) 'example_params_trigger_ui' retrieved from /home/airflow/.local/lib/python3.12/site-packages/airflow/example_dags/example_params_trigger_ui.py
[2026-06-30T08:47:21.929+0000] {logging_mixin.py:188} INFO - [2026-06-30T08:47:21.929+0000] {dag.py:3096} INFO - Sync 1 DAGs
[2026-06-30T08:47:21.938+0000] {logging_mixin.py:188} INFO - [2026-06-30T08:47:21.938+0000] {dag.py:3954} INFO - Setting next_dagrun for example_params_trigger_ui to None, run_after=None
[2026-06-30T08:47:21.950+0000] {processor.py:183} INFO - Processing /home/airflow/.local/lib/python3.12/site-packages/airflow/example_dags/example_params_trigger_ui.py took 0.066 seconds
[2026-06-30T08:47:52.421+0000] {processor.py:161} INFO - Started process (PID=25083) to work on /home/airflow/.local/lib/python3.12/site-packages/airflow/example_dags/example_params_trigger_ui.py
[2026-06-30T08:47:52.421+0000] {processor.py:830} INFO - Processing file /home/airflow/.local/lib/python3.12/site-packages/airflow/example_dags/example_params_trigger_ui.py for tasks to queue
[2026-06-30T08:47:52.422+0000] {logging_mixin.py:188} INFO - [2026-06-30T08:47:52.422+0000] {dagbag.py:545} INFO - Filling up the DagBag from /home/airflow/.local/lib/python3.12/site-packages/airflow/example_dags/example_params_trigger_ui.py
[2026-06-30T08:47:52.432+0000] {processor.py:840} INFO - DAG(s) 'example_params_trigger_ui' retrieved from /home/airflow/.local/lib/python3.12/site-packages/airflow/example_dags/example_params_trigger_ui.py
[2026-06-30T08:47:52.461+0000] {logging_mixin.py:188} INFO - [2026-06-30T08:47:52.461+0000] {dag.py:3096} INFO - Sync 1 DAGs
[2026-06-30T08:47:52.470+0000] {logging_mixin.py:188} INFO - [2026-06-30T08:47:52.470+0000] {dag.py:3954} INFO - Setting next_dagrun for example_params_trigger_ui to None, run_after=None
[2026-06-30T08:47:52.485+0000] {processor.py:183} INFO - Processing /home/airflow/.local/lib/python3.12/site-packages/airflow/example_dags/example_params_trigger_ui.py took 0.068 seconds
[2026-06-30T08:48:23.054+0000] {processor.py:161} INFO - Started process (PID=25141) to work on /home/airflow/.local/lib/python3.12/site-packages/airflow/example_dags/example_params_trigger_ui.py
[2026-06-30T08:48:23.055+0000] {processor.py:830} INFO - Processing file /home/airflow/.local/lib/python3.12/site-packages/airflow/example_dags/example_params_trigger_ui.py for tasks to queue
[2026-06-30T08:48:23.056+0000] {logging_mixin.py:188} INFO - [2026-06-30T08:48:23.056+0000] {dagbag.py:545} INFO - Filling up the DagBag from /home/airflow/.local/lib/python3.12/site-packages/airflow/example_dags/example_params_trigger_ui.py
[2026-06-30T08:48:23.066+0000] {processor.py:840} INFO - DAG(s) 'example_params_trigger_ui' retrieved from /home/airflow/.local/lib/python3.12/site-packages/airflow/example_dags/example_params_trigger_ui.py
[2026-06-30T08:48:23.093+0000] {logging_mixin.py:188} INFO - [2026-06-30T08:48:23.093+0000] {dag.py:3096} INFO - Sync 1 DAGs
[2026-06-30T08:48:23.102+0000] {logging_mixin.py:188} INFO - [2026-06-30T08:48:23.102+0000] {dag.py:3954} INFO - Setting next_dagrun for example_params_trigger_ui to None, run_after=None
[2026-06-30T08:48:23.115+0000] {processor.py:183} INFO - Processing /home/airflow/.local/lib/python3.12/site-packages/airflow/example_dags/example_params_trigger_ui.py took 0.065 seconds
[2026-06-30T08:48:53.532+0000] {processor.py:161} INFO - Started process (PID=25199) to work on /home/airflow/.local/lib/python3.12/site-packages/airflow/example_dags/example_params_trigger_ui.py
[2026-06-30T08:48:53.533+0000] {processor.py:830} INFO - Processing file /home/airflow/.local/lib/python3.12/site-packages/airflow/example_dags/example_params_trigger_ui.py for tasks to queue
[2026-06-30T08:48:53.533+0000] {logging_mixin.py:188} INFO - [2026-06-30T08:48:53.533+0000] {dagbag.py:545} INFO - Filling up the DagBag from /home/airflow/.local/lib/python3.12/site-packages/airflow/example_dags/example_params_trigger_ui.py
[2026-06-30T08:48:53.544+0000] {processor.py:840} INFO - DAG(s) 'example_params_trigger_ui' retrieved from /home/airflow/.local/lib/python3.12/site-packages/airflow/example_dags/example_params_trigger_ui.py
[2026-06-30T08:48:53.572+0000] {logging_mixin.py:188} INFO - [2026-06-30T08:48:53.571+0000] {dag.py:3096} INFO - Sync 1 DAGs
[2026-06-30T08:48:53.580+0000] {logging_mixin.py:188} INFO - [2026-06-30T08:48:53.580+0000] {dag.py:3954} INFO - Setting next_dagrun for example_params_trigger_ui to None, run_after=None
[2026-06-30T08:48:53.594+0000] {processor.py:183} INFO - Processing /home/airflow/.local/lib/python3.12/site-packages/airflow/example_dags/example_params_trigger_ui.py took 0.066 seconds
[2026-06-30T08:49:24.024+0000] {processor.py:161} INFO - Started process (PID=25257) to work on /home/airflow/.local/lib/python3.12/site-packages/airflow/example_dags/example_params_trigger_ui.py
[2026-06-30T08:49:24.026+0000] {processor.py:830} INFO - Processing file /home/airflow/.local/lib/python3.12/site-packages/airflow/example_dags/example_params_trigger_ui.py for tasks to queue
[2026-06-30T08:49:24.027+0000] {logging_mixin.py:188} INFO - [2026-06-30T08:49:24.027+0000] {dagbag.py:545} INFO - Filling up the DagBag from /home/airflow/.local/lib/python3.12/site-packages/airflow/example_dags/example_params_trigger_ui.py
[2026-06-30T08:49:24.038+0000] {processor.py:840} INFO - DAG(s) 'example_params_trigger_ui' retrieved from /home/airflow/.local/lib/python3.12/site-packages/airflow/example_dags/example_params_trigger_ui.py
[2026-06-30T08:49:24.071+0000] {logging_mixin.py:188} INFO - [2026-06-30T08:49:24.070+0000] {dag.py:3096} INFO - Sync 1 DAGs
[2026-06-30T08:49:24.082+0000] {logging_mixin.py:188} INFO - [2026-06-30T08:49:24.082+0000] {dag.py:3954} INFO - Setting next_dagrun for example_params_trigger_ui to None, run_after=None
[2026-06-30T08:49:24.098+0000] {processor.py:183} INFO - Processing /home/airflow/.local/lib/python3.12/site-packages/airflow/example_dags/example_params_trigger_ui.py took 0.078 seconds
[2026-06-30T08:49:54.774+0000] {processor.py:161} INFO - Started process (PID=25314) to work on /home/airflow/.local/lib/python3.12/site-packages/airflow/example_dags/example_params_trigger_ui.py
[2026-06-30T08:49:54.775+0000] {processor.py:830} INFO - Processing file /home/airflow/.local/lib/python3.12/site-packages/airflow/example_dags/example_params_trigger_ui.py for tasks to queue
[2026-06-30T08:49:54.776+0000] {logging_mixin.py:188} INFO - [2026-06-30T08:49:54.776+0000] {dagbag.py:545} INFO - Filling up the DagBag from /home/airflow/.local/lib/python3.12/site-packages/airflow/example_dags/example_params_trigger_ui.py
[2026-06-30T08:49:54.786+0000] {processor.py:840} INFO - DAG(s) 'example_params_trigger_ui' retrieved from /home/airflow/.local/lib/python3.12/site-packages/airflow/example_dags/example_params_trigger_ui.py
[2026-06-30T08:49:54.816+0000] {logging_mixin.py:188} INFO - [2026-06-30T08:49:54.816+0000] {dag.py:3096} INFO - Sync 1 DAGs
[2026-06-30T08:49:54.824+0000] {logging_mixin.py:188} INFO - [2026-06-30T08:49:54.824+0000] {dag.py:3954} INFO - Setting next_dagrun for example_params_trigger_ui to None, run_after=None
[2026-06-30T08:49:54.837+0000] {processor.py:183} INFO - Processing /home/airflow/.local/lib/python3.12/site-packages/airflow/example_dags/example_params_trigger_ui.py took 0.068 seconds
[2026-06-30T08:50:25.217+0000] {processor.py:161} INFO - Started process (PID=25372) to work on /home/airflow/.local/lib/python3.12/site-packages/airflow/example_dags/example_params_trigger_ui.py
[2026-06-30T08:50:25.218+0000] {processor.py:830} INFO - Processing file /home/airflow/.local/lib/python3.12/site-packages/airflow/example_dags/example_params_trigger_ui.py for tasks to queue
[2026-06-30T08:50:25.219+0000] {logging_mixin.py:188} INFO - [2026-06-30T08:50:25.218+0000] {dagbag.py:545} INFO - Filling up the DagBag from /home/airflow/.local/lib/python3.12/site-packages/airflow/example_dags/example_params_trigger_ui.py
[2026-06-30T08:50:25.229+0000] {processor.py:840} INFO - DAG(s) 'example_params_trigger_ui' retrieved from /home/airflow/.local/lib/python3.12/site-packages/airflow/example_dags/example_params_trigger_ui.py
[2026-06-30T08:50:25.254+0000] {logging_mixin.py:188} INFO - [2026-06-30T08:50:25.254+0000] {dag.py:3096} INFO - Sync 1 DAGs
[2026-06-30T08:50:25.263+0000] {logging_mixin.py:188} INFO - [2026-06-30T08:50:25.262+0000] {dag.py:3954} INFO - Setting next_dagrun for example_params_trigger_ui to None, run_after=None
[2026-06-30T08:50:25.278+0000] {processor.py:183} INFO - Processing /home/airflow/.local/lib/python3.12/site-packages/airflow/example_dags/example_params_trigger_ui.py took 0.065 seconds
[2026-06-30T08:50:55.629+0000] {processor.py:161} INFO - Started process (PID=25430) to work on /home/airflow/.local/lib/python3.12/site-packages/airflow/example_dags/example_params_trigger_ui.py
[2026-06-30T08:50:55.630+0000] {processor.py:830} INFO - Processing file /home/airflow/.local/lib/python3.12/site-packages/airflow/example_dags/example_params_trigger_ui.py for tasks to queue
[2026-06-30T08:50:55.630+0000] {logging_mixin.py:188} INFO - [2026-06-30T08:50:55.630+0000] {dagbag.py:545} INFO - Filling up the DagBag from /home/airflow/.local/lib/python3.12/site-packages/airflow/example_dags/example_params_trigger_ui.py
[2026-06-30T08:50:55.642+0000] {processor.py:840} INFO - DAG(s) 'example_params_trigger_ui' retrieved from /home/airflow/.local/lib/python3.12/site-packages/airflow/example_dags/example_params_trigger_ui.py
[2026-06-30T08:50:55.672+0000] {logging_mixin.py:188} INFO - [2026-06-30T08:50:55.671+0000] {dag.py:3096} INFO - Sync 1 DAGs
[2026-06-30T08:50:55.680+0000] {logging_mixin.py:188} INFO - [2026-06-30T08:50:55.680+0000] {dag.py:3954} INFO - Setting next_dagrun for example_params_trigger_ui to None, run_after=None
[2026-06-30T08:50:55.691+0000] {processor.py:183} INFO - Processing /home/airflow/.local/lib/python3.12/site-packages/airflow/example_dags/example_params_trigger_ui.py took 0.067 seconds
[2026-06-30T08:51:26.399+0000] {processor.py:161} INFO - Started process (PID=25488) to work on /home/airflow/.local/lib/python3.12/site-packages/airflow/example_dags/example_params_trigger_ui.py
[2026-06-30T08:51:26.399+0000] {processor.py:830} INFO - Processing file /home/airflow/.local/lib/python3.12/site-packages/airflow/example_dags/example_params_trigger_ui.py for tasks to queue
[2026-06-30T08:51:26.400+0000] {logging_mixin.py:188} INFO - [2026-06-30T08:51:26.400+0000] {dagbag.py:545} INFO - Filling up the DagBag from /home/airflow/.local/lib/python3.12/site-packages/airflow/example_dags/example_params_trigger_ui.py
[2026-06-30T08:51:26.411+0000] {processor.py:840} INFO - DAG(s) 'example_params_trigger_ui' retrieved from /home/airflow/.local/lib/python3.12/site-packages/airflow/example_dags/example_params_trigger_ui.py
[2026-06-30T08:51:26.439+0000] {logging_mixin.py:188} INFO - [2026-06-30T08:51:26.439+0000] {dag.py:3096} INFO - Sync 1 DAGs
[2026-06-30T08:51:26.449+0000] {logging_mixin.py:188} INFO - [2026-06-30T08:51:26.449+0000] {dag.py:3954} INFO - Setting next_dagrun for example_params_trigger_ui to None, run_after=None
[2026-06-30T08:51:26.461+0000] {processor.py:183} INFO - Processing /home/airflow/.local/lib/python3.12/site-packages/airflow/example_dags/example_params_trigger_ui.py took 0.067 seconds
[2026-06-30T08:51:57.182+0000] {processor.py:161} INFO - Started process (PID=25545) to work on /home/airflow/.local/lib/python3.12/site-packages/airflow/example_dags/example_params_trigger_ui.py
[2026-06-30T08:51:57.183+0000] {processor.py:830} INFO - Processing file /home/airflow/.local/lib/python3.12/site-packages/airflow/example_dags/example_params_trigger_ui.py for tasks to queue
[2026-06-30T08:51:57.184+0000] {logging_mixin.py:188} INFO - [2026-06-30T08:51:57.184+0000] {dagbag.py:545} INFO - Filling up the DagBag from /home/airflow/.local/lib/python3.12/site-packages/airflow/example_dags/example_params_trigger_ui.py
[2026-06-30T08:51:57.197+0000] {processor.py:840} INFO - DAG(s) 'example_params_trigger_ui' retrieved from /home/airflow/.local/lib/python3.12/site-packages/airflow/example_dags/example_params_trigger_ui.py
[2026-06-30T08:51:57.238+0000] {logging_mixin.py:188} INFO - [2026-06-30T08:51:57.237+0000] {dag.py:3096} INFO - Sync 1 DAGs
[2026-06-30T08:51:57.249+0000] {logging_mixin.py:188} INFO - [2026-06-30T08:51:57.249+0000] {dag.py:3954} INFO - Setting next_dagrun for example_params_trigger_ui to None, run_after=None
[2026-06-30T08:51:57.265+0000] {processor.py:183} INFO - Processing /home/airflow/.local/lib/python3.12/site-packages/airflow/example_dags/example_params_trigger_ui.py took 0.088 seconds
[2026-06-30T08:52:28.148+0000] {processor.py:161} INFO - Started process (PID=25603) to work on /home/airflow/.local/lib/python3.12/site-packages/airflow/example_dags/example_params_trigger_ui.py
[2026-06-30T08:52:28.150+0000] {processor.py:830} INFO - Processing file /home/airflow/.local/lib/python3.12/site-packages/airflow/example_dags/example_params_trigger_ui.py for tasks to queue
[2026-06-30T08:52:28.151+0000] {logging_mixin.py:188} INFO - [2026-06-30T08:52:28.150+0000] {dagbag.py:545} INFO - Filling up the DagBag from /home/airflow/.local/lib/python3.12/site-packages/airflow/example_dags/example_params_trigger_ui.py
[2026-06-30T08:52:28.165+0000] {processor.py:840} INFO - DAG(s) 'example_params_trigger_ui' retrieved from /home/airflow/.local/lib/python3.12/site-packages/airflow/example_dags/example_params_trigger_ui.py
[2026-06-30T08:52:28.202+0000] {logging_mixin.py:188} INFO - [2026-06-30T08:52:28.202+0000] {dag.py:3096} INFO - Sync 1 DAGs
[2026-06-30T08:52:28.215+0000] {logging_mixin.py:188} INFO - [2026-06-30T08:52:28.214+0000] {dag.py:3954} INFO - Setting next_dagrun for example_params_trigger_ui to None, run_after=None
[2026-06-30T08:52:28.340+0000] {processor.py:183} INFO - Processing /home/airflow/.local/lib/python3.12/site-packages/airflow/example_dags/example_params_trigger_ui.py took 0.199 seconds
[2026-06-30T08:52:58.537+0000] {processor.py:161} INFO - Started process (PID=25661) to work on /home/airflow/.local/lib/python3.12/site-packages/airflow/example_dags/example_params_trigger_ui.py
[2026-06-30T08:52:58.538+0000] {processor.py:830} INFO - Processing file /home/airflow/.local/lib/python3.12/site-packages/airflow/example_dags/example_params_trigger_ui.py for tasks to queue
[2026-06-30T08:52:58.539+0000] {logging_mixin.py:188} INFO - [2026-06-30T08:52:58.539+0000] {dagbag.py:545} INFO - Filling up the DagBag from /home/airflow/.local/lib/python3.12/site-packages/airflow/example_dags/example_params_trigger_ui.py
[2026-06-30T08:52:58.551+0000] {processor.py:840} INFO - DAG(s) 'example_params_trigger_ui' retrieved from /home/airflow/.local/lib/python3.12/site-packages/airflow/example_dags/example_params_trigger_ui.py
[2026-06-30T08:52:58.586+0000] {logging_mixin.py:188} INFO - [2026-06-30T08:52:58.586+0000] {dag.py:3096} INFO - Sync 1 DAGs
[2026-06-30T08:52:58.597+0000] {logging_mixin.py:188} INFO - [2026-06-30T08:52:58.597+0000] {dag.py:3954} INFO - Setting next_dagrun for example_params_trigger_ui to None, run_after=None
[2026-06-30T08:52:58.612+0000] {processor.py:183} INFO - Processing /home/airflow/.local/lib/python3.12/site-packages/airflow/example_dags/example_params_trigger_ui.py took 0.081 seconds
