[2026-06-30T08:18:52.165+0000] {processor.py:161} INFO - Started process (PID=21767) to work on /home/airflow/.local/lib/python3.12/site-packages/airflow/example_dags/example_complex.py
[2026-06-30T08:18:52.167+0000] {processor.py:830} INFO - Processing file /home/airflow/.local/lib/python3.12/site-packages/airflow/example_dags/example_complex.py for tasks to queue
[2026-06-30T08:18:52.168+0000] {logging_mixin.py:188} INFO - [2026-06-30T08:18:52.168+0000] {dagbag.py:545} INFO - Filling up the DagBag from /home/airflow/.local/lib/python3.12/site-packages/airflow/example_dags/example_complex.py
[2026-06-30T08:18:52.180+0000] {processor.py:840} INFO - DAG(s) 'example_complex' retrieved from /home/airflow/.local/lib/python3.12/site-packages/airflow/example_dags/example_complex.py
[2026-06-30T08:18:52.218+0000] {logging_mixin.py:188} INFO - [2026-06-30T08:18:52.218+0000] {dag.py:3096} INFO - Sync 1 DAGs
[2026-06-30T08:18:52.237+0000] {logging_mixin.py:188} INFO - [2026-06-30T08:18:52.237+0000] {dag.py:3954} INFO - Setting next_dagrun for example_complex to None, run_after=None
[2026-06-30T08:18:52.258+0000] {processor.py:183} INFO - Processing /home/airflow/.local/lib/python3.12/site-packages/airflow/example_dags/example_complex.py took 0.101 seconds
[2026-06-30T08:19:22.868+0000] {processor.py:161} INFO - Started process (PID=21825) to work on /home/airflow/.local/lib/python3.12/site-packages/airflow/example_dags/example_complex.py
[2026-06-30T08:19:22.869+0000] {processor.py:830} INFO - Processing file /home/airflow/.local/lib/python3.12/site-packages/airflow/example_dags/example_complex.py for tasks to queue
[2026-06-30T08:19:22.870+0000] {logging_mixin.py:188} INFO - [2026-06-30T08:19:22.869+0000] {dagbag.py:545} INFO - Filling up the DagBag from /home/airflow/.local/lib/python3.12/site-packages/airflow/example_dags/example_complex.py
[2026-06-30T08:19:22.877+0000] {processor.py:840} INFO - DAG(s) 'example_complex' retrieved from /home/airflow/.local/lib/python3.12/site-packages/airflow/example_dags/example_complex.py
[2026-06-30T08:19:22.897+0000] {logging_mixin.py:188} INFO - [2026-06-30T08:19:22.896+0000] {dag.py:3096} INFO - Sync 1 DAGs
[2026-06-30T08:19:22.905+0000] {logging_mixin.py:188} INFO - [2026-06-30T08:19:22.904+0000] {dag.py:3954} INFO - Setting next_dagrun for example_complex to None, run_after=None
[2026-06-30T08:19:22.918+0000] {processor.py:183} INFO - Processing /home/airflow/.local/lib/python3.12/site-packages/airflow/example_dags/example_complex.py took 0.054 seconds
[2026-06-30T08:19:53.302+0000] {processor.py:161} INFO - Started process (PID=21883) to work on /home/airflow/.local/lib/python3.12/site-packages/airflow/example_dags/example_complex.py
[2026-06-30T08:19:53.302+0000] {processor.py:830} INFO - Processing file /home/airflow/.local/lib/python3.12/site-packages/airflow/example_dags/example_complex.py for tasks to queue
[2026-06-30T08:19:53.303+0000] {logging_mixin.py:188} INFO - [2026-06-30T08:19:53.303+0000] {dagbag.py:545} INFO - Filling up the DagBag from /home/airflow/.local/lib/python3.12/site-packages/airflow/example_dags/example_complex.py
[2026-06-30T08:19:53.310+0000] {processor.py:840} INFO - DAG(s) 'example_complex' retrieved from /home/airflow/.local/lib/python3.12/site-packages/airflow/example_dags/example_complex.py
[2026-06-30T08:19:53.330+0000] {logging_mixin.py:188} INFO - [2026-06-30T08:19:53.330+0000] {dag.py:3096} INFO - Sync 1 DAGs
[2026-06-30T08:19:53.338+0000] {logging_mixin.py:188} INFO - [2026-06-30T08:19:53.338+0000] {dag.py:3954} INFO - Setting next_dagrun for example_complex to None, run_after=None
[2026-06-30T08:19:53.351+0000] {processor.py:183} INFO - Processing /home/airflow/.local/lib/python3.12/site-packages/airflow/example_dags/example_complex.py took 0.054 seconds
[2026-06-30T08:20:23.543+0000] {processor.py:161} INFO - Started process (PID=21940) to work on /home/airflow/.local/lib/python3.12/site-packages/airflow/example_dags/example_complex.py
[2026-06-30T08:20:23.544+0000] {processor.py:830} INFO - Processing file /home/airflow/.local/lib/python3.12/site-packages/airflow/example_dags/example_complex.py for tasks to queue
[2026-06-30T08:20:23.545+0000] {logging_mixin.py:188} INFO - [2026-06-30T08:20:23.545+0000] {dagbag.py:545} INFO - Filling up the DagBag from /home/airflow/.local/lib/python3.12/site-packages/airflow/example_dags/example_complex.py
[2026-06-30T08:20:23.552+0000] {processor.py:840} INFO - DAG(s) 'example_complex' retrieved from /home/airflow/.local/lib/python3.12/site-packages/airflow/example_dags/example_complex.py
[2026-06-30T08:20:23.571+0000] {logging_mixin.py:188} INFO - [2026-06-30T08:20:23.571+0000] {dag.py:3096} INFO - Sync 1 DAGs
[2026-06-30T08:20:23.579+0000] {logging_mixin.py:188} INFO - [2026-06-30T08:20:23.579+0000] {dag.py:3954} INFO - Setting next_dagrun for example_complex to None, run_after=None
[2026-06-30T08:20:23.592+0000] {processor.py:183} INFO - Processing /home/airflow/.local/lib/python3.12/site-packages/airflow/example_dags/example_complex.py took 0.053 seconds
[2026-06-30T08:20:53.885+0000] {processor.py:161} INFO - Started process (PID=21999) to work on /home/airflow/.local/lib/python3.12/site-packages/airflow/example_dags/example_complex.py
[2026-06-30T08:20:53.886+0000] {processor.py:830} INFO - Processing file /home/airflow/.local/lib/python3.12/site-packages/airflow/example_dags/example_complex.py for tasks to queue
[2026-06-30T08:20:53.887+0000] {logging_mixin.py:188} INFO - [2026-06-30T08:20:53.886+0000] {dagbag.py:545} INFO - Filling up the DagBag from /home/airflow/.local/lib/python3.12/site-packages/airflow/example_dags/example_complex.py
[2026-06-30T08:20:53.893+0000] {processor.py:840} INFO - DAG(s) 'example_complex' retrieved from /home/airflow/.local/lib/python3.12/site-packages/airflow/example_dags/example_complex.py
[2026-06-30T08:20:53.914+0000] {logging_mixin.py:188} INFO - [2026-06-30T08:20:53.914+0000] {dag.py:3096} INFO - Sync 1 DAGs
[2026-06-30T08:20:53.923+0000] {logging_mixin.py:188} INFO - [2026-06-30T08:20:53.923+0000] {dag.py:3954} INFO - Setting next_dagrun for example_complex to None, run_after=None
[2026-06-30T08:20:53.936+0000] {processor.py:183} INFO - Processing /home/airflow/.local/lib/python3.12/site-packages/airflow/example_dags/example_complex.py took 0.056 seconds
[2026-06-30T08:21:24.232+0000] {processor.py:161} INFO - Started process (PID=22057) to work on /home/airflow/.local/lib/python3.12/site-packages/airflow/example_dags/example_complex.py
[2026-06-30T08:21:24.232+0000] {processor.py:830} INFO - Processing file /home/airflow/.local/lib/python3.12/site-packages/airflow/example_dags/example_complex.py for tasks to queue
[2026-06-30T08:21:24.234+0000] {logging_mixin.py:188} INFO - [2026-06-30T08:21:24.233+0000] {dagbag.py:545} INFO - Filling up the DagBag from /home/airflow/.local/lib/python3.12/site-packages/airflow/example_dags/example_complex.py
[2026-06-30T08:21:24.241+0000] {processor.py:840} INFO - DAG(s) 'example_complex' retrieved from /home/airflow/.local/lib/python3.12/site-packages/airflow/example_dags/example_complex.py
[2026-06-30T08:21:24.261+0000] {logging_mixin.py:188} INFO - [2026-06-30T08:21:24.261+0000] {dag.py:3096} INFO - Sync 1 DAGs
[2026-06-30T08:21:24.269+0000] {logging_mixin.py:188} INFO - [2026-06-30T08:21:24.269+0000] {dag.py:3954} INFO - Setting next_dagrun for example_complex to None, run_after=None
[2026-06-30T08:21:24.282+0000] {processor.py:183} INFO - Processing /home/airflow/.local/lib/python3.12/site-packages/airflow/example_dags/example_complex.py took 0.055 seconds
[2026-06-30T08:21:54.617+0000] {processor.py:161} INFO - Started process (PID=22115) to work on /home/airflow/.local/lib/python3.12/site-packages/airflow/example_dags/example_complex.py
[2026-06-30T08:21:54.618+0000] {processor.py:830} INFO - Processing file /home/airflow/.local/lib/python3.12/site-packages/airflow/example_dags/example_complex.py for tasks to queue
[2026-06-30T08:21:54.619+0000] {logging_mixin.py:188} INFO - [2026-06-30T08:21:54.619+0000] {dagbag.py:545} INFO - Filling up the DagBag from /home/airflow/.local/lib/python3.12/site-packages/airflow/example_dags/example_complex.py
[2026-06-30T08:21:54.626+0000] {processor.py:840} INFO - DAG(s) 'example_complex' retrieved from /home/airflow/.local/lib/python3.12/site-packages/airflow/example_dags/example_complex.py
[2026-06-30T08:21:54.646+0000] {logging_mixin.py:188} INFO - [2026-06-30T08:21:54.645+0000] {dag.py:3096} INFO - Sync 1 DAGs
[2026-06-30T08:21:54.654+0000] {logging_mixin.py:188} INFO - [2026-06-30T08:21:54.653+0000] {dag.py:3954} INFO - Setting next_dagrun for example_complex to None, run_after=None
[2026-06-30T08:21:54.665+0000] {processor.py:183} INFO - Processing /home/airflow/.local/lib/python3.12/site-packages/airflow/example_dags/example_complex.py took 0.052 seconds
[2026-06-30T08:22:25.078+0000] {processor.py:161} INFO - Started process (PID=22176) to work on /home/airflow/.local/lib/python3.12/site-packages/airflow/example_dags/example_complex.py
[2026-06-30T08:22:25.079+0000] {processor.py:830} INFO - Processing file /home/airflow/.local/lib/python3.12/site-packages/airflow/example_dags/example_complex.py for tasks to queue
[2026-06-30T08:22:25.079+0000] {logging_mixin.py:188} INFO - [2026-06-30T08:22:25.079+0000] {dagbag.py:545} INFO - Filling up the DagBag from /home/airflow/.local/lib/python3.12/site-packages/airflow/example_dags/example_complex.py
[2026-06-30T08:22:25.085+0000] {processor.py:840} INFO - DAG(s) 'example_complex' retrieved from /home/airflow/.local/lib/python3.12/site-packages/airflow/example_dags/example_complex.py
[2026-06-30T08:22:25.105+0000] {logging_mixin.py:188} INFO - [2026-06-30T08:22:25.105+0000] {dag.py:3096} INFO - Sync 1 DAGs
[2026-06-30T08:22:25.114+0000] {logging_mixin.py:188} INFO - [2026-06-30T08:22:25.114+0000] {dag.py:3954} INFO - Setting next_dagrun for example_complex to None, run_after=None
[2026-06-30T08:22:25.126+0000] {processor.py:183} INFO - Processing /home/airflow/.local/lib/python3.12/site-packages/airflow/example_dags/example_complex.py took 0.052 seconds
[2026-06-30T08:22:55.764+0000] {processor.py:161} INFO - Started process (PID=22234) to work on /home/airflow/.local/lib/python3.12/site-packages/airflow/example_dags/example_complex.py
[2026-06-30T08:22:55.765+0000] {processor.py:830} INFO - Processing file /home/airflow/.local/lib/python3.12/site-packages/airflow/example_dags/example_complex.py for tasks to queue
[2026-06-30T08:22:55.766+0000] {logging_mixin.py:188} INFO - [2026-06-30T08:22:55.766+0000] {dagbag.py:545} INFO - Filling up the DagBag from /home/airflow/.local/lib/python3.12/site-packages/airflow/example_dags/example_complex.py
[2026-06-30T08:22:55.773+0000] {processor.py:840} INFO - DAG(s) 'example_complex' retrieved from /home/airflow/.local/lib/python3.12/site-packages/airflow/example_dags/example_complex.py
[2026-06-30T08:22:55.794+0000] {logging_mixin.py:188} INFO - [2026-06-30T08:22:55.794+0000] {dag.py:3096} INFO - Sync 1 DAGs
[2026-06-30T08:22:55.807+0000] {logging_mixin.py:188} INFO - [2026-06-30T08:22:55.807+0000] {dag.py:3954} INFO - Setting next_dagrun for example_complex to None, run_after=None
[2026-06-30T08:22:55.820+0000] {processor.py:183} INFO - Processing /home/airflow/.local/lib/python3.12/site-packages/airflow/example_dags/example_complex.py took 0.059 seconds
[2026-06-30T08:23:26.100+0000] {processor.py:161} INFO - Started process (PID=22294) to work on /home/airflow/.local/lib/python3.12/site-packages/airflow/example_dags/example_complex.py
[2026-06-30T08:23:26.101+0000] {processor.py:830} INFO - Processing file /home/airflow/.local/lib/python3.12/site-packages/airflow/example_dags/example_complex.py for tasks to queue
[2026-06-30T08:23:26.102+0000] {logging_mixin.py:188} INFO - [2026-06-30T08:23:26.101+0000] {dagbag.py:545} INFO - Filling up the DagBag from /home/airflow/.local/lib/python3.12/site-packages/airflow/example_dags/example_complex.py
[2026-06-30T08:23:26.109+0000] {processor.py:840} INFO - DAG(s) 'example_complex' retrieved from /home/airflow/.local/lib/python3.12/site-packages/airflow/example_dags/example_complex.py
[2026-06-30T08:23:26.132+0000] {logging_mixin.py:188} INFO - [2026-06-30T08:23:26.131+0000] {dag.py:3096} INFO - Sync 1 DAGs
[2026-06-30T08:23:26.140+0000] {logging_mixin.py:188} INFO - [2026-06-30T08:23:26.140+0000] {dag.py:3954} INFO - Setting next_dagrun for example_complex to None, run_after=None
[2026-06-30T08:23:26.153+0000] {processor.py:183} INFO - Processing /home/airflow/.local/lib/python3.12/site-packages/airflow/example_dags/example_complex.py took 0.057 seconds
[2026-06-30T08:23:56.645+0000] {processor.py:161} INFO - Started process (PID=22355) to work on /home/airflow/.local/lib/python3.12/site-packages/airflow/example_dags/example_complex.py
[2026-06-30T08:23:56.646+0000] {processor.py:830} INFO - Processing file /home/airflow/.local/lib/python3.12/site-packages/airflow/example_dags/example_complex.py for tasks to queue
[2026-06-30T08:23:56.647+0000] {logging_mixin.py:188} INFO - [2026-06-30T08:23:56.647+0000] {dagbag.py:545} INFO - Filling up the DagBag from /home/airflow/.local/lib/python3.12/site-packages/airflow/example_dags/example_complex.py
[2026-06-30T08:23:56.654+0000] {processor.py:840} INFO - DAG(s) 'example_complex' retrieved from /home/airflow/.local/lib/python3.12/site-packages/airflow/example_dags/example_complex.py
[2026-06-30T08:23:56.675+0000] {logging_mixin.py:188} INFO - [2026-06-30T08:23:56.675+0000] {dag.py:3096} INFO - Sync 1 DAGs
[2026-06-30T08:23:56.685+0000] {logging_mixin.py:188} INFO - [2026-06-30T08:23:56.685+0000] {dag.py:3954} INFO - Setting next_dagrun for example_complex to None, run_after=None
[2026-06-30T08:23:56.699+0000] {processor.py:183} INFO - Processing /home/airflow/.local/lib/python3.12/site-packages/airflow/example_dags/example_complex.py took 0.058 seconds
[2026-06-30T08:24:27.545+0000] {processor.py:161} INFO - Started process (PID=22418) to work on /home/airflow/.local/lib/python3.12/site-packages/airflow/example_dags/example_complex.py
[2026-06-30T08:24:27.546+0000] {processor.py:830} INFO - Processing file /home/airflow/.local/lib/python3.12/site-packages/airflow/example_dags/example_complex.py for tasks to queue
[2026-06-30T08:24:27.547+0000] {logging_mixin.py:188} INFO - [2026-06-30T08:24:27.547+0000] {dagbag.py:545} INFO - Filling up the DagBag from /home/airflow/.local/lib/python3.12/site-packages/airflow/example_dags/example_complex.py
[2026-06-30T08:24:27.555+0000] {processor.py:840} INFO - DAG(s) 'example_complex' retrieved from /home/airflow/.local/lib/python3.12/site-packages/airflow/example_dags/example_complex.py
[2026-06-30T08:24:27.579+0000] {logging_mixin.py:188} INFO - [2026-06-30T08:24:27.579+0000] {dag.py:3096} INFO - Sync 1 DAGs
[2026-06-30T08:24:27.590+0000] {logging_mixin.py:188} INFO - [2026-06-30T08:24:27.590+0000] {dag.py:3954} INFO - Setting next_dagrun for example_complex to None, run_after=None
[2026-06-30T08:24:27.609+0000] {processor.py:183} INFO - Processing /home/airflow/.local/lib/python3.12/site-packages/airflow/example_dags/example_complex.py took 0.073 seconds
[2026-06-30T08:24:58.506+0000] {processor.py:161} INFO - Started process (PID=22483) to work on /home/airflow/.local/lib/python3.12/site-packages/airflow/example_dags/example_complex.py
[2026-06-30T08:24:58.506+0000] {processor.py:830} INFO - Processing file /home/airflow/.local/lib/python3.12/site-packages/airflow/example_dags/example_complex.py for tasks to queue
[2026-06-30T08:24:58.507+0000] {logging_mixin.py:188} INFO - [2026-06-30T08:24:58.507+0000] {dagbag.py:545} INFO - Filling up the DagBag from /home/airflow/.local/lib/python3.12/site-packages/airflow/example_dags/example_complex.py
[2026-06-30T08:24:58.516+0000] {processor.py:840} INFO - DAG(s) 'example_complex' retrieved from /home/airflow/.local/lib/python3.12/site-packages/airflow/example_dags/example_complex.py
[2026-06-30T08:24:58.540+0000] {logging_mixin.py:188} INFO - [2026-06-30T08:24:58.540+0000] {dag.py:3096} INFO - Sync 1 DAGs
[2026-06-30T08:24:58.551+0000] {logging_mixin.py:188} INFO - [2026-06-30T08:24:58.551+0000] {dag.py:3954} INFO - Setting next_dagrun for example_complex to None, run_after=None
[2026-06-30T08:24:58.567+0000] {processor.py:183} INFO - Processing /home/airflow/.local/lib/python3.12/site-packages/airflow/example_dags/example_complex.py took 0.066 seconds
[2026-06-30T08:25:28.916+0000] {processor.py:161} INFO - Started process (PID=22541) to work on /home/airflow/.local/lib/python3.12/site-packages/airflow/example_dags/example_complex.py
[2026-06-30T08:25:28.916+0000] {processor.py:830} INFO - Processing file /home/airflow/.local/lib/python3.12/site-packages/airflow/example_dags/example_complex.py for tasks to queue
[2026-06-30T08:25:28.917+0000] {logging_mixin.py:188} INFO - [2026-06-30T08:25:28.917+0000] {dagbag.py:545} INFO - Filling up the DagBag from /home/airflow/.local/lib/python3.12/site-packages/airflow/example_dags/example_complex.py
[2026-06-30T08:25:28.924+0000] {processor.py:840} INFO - DAG(s) 'example_complex' retrieved from /home/airflow/.local/lib/python3.12/site-packages/airflow/example_dags/example_complex.py
[2026-06-30T08:25:28.945+0000] {logging_mixin.py:188} INFO - [2026-06-30T08:25:28.944+0000] {dag.py:3096} INFO - Sync 1 DAGs
[2026-06-30T08:25:28.953+0000] {logging_mixin.py:188} INFO - [2026-06-30T08:25:28.953+0000] {dag.py:3954} INFO - Setting next_dagrun for example_complex to None, run_after=None
[2026-06-30T08:25:28.969+0000] {processor.py:183} INFO - Processing /home/airflow/.local/lib/python3.12/site-packages/airflow/example_dags/example_complex.py took 0.057 seconds
[2026-06-30T08:25:59.507+0000] {processor.py:161} INFO - Started process (PID=22600) to work on /home/airflow/.local/lib/python3.12/site-packages/airflow/example_dags/example_complex.py
[2026-06-30T08:25:59.508+0000] {processor.py:830} INFO - Processing file /home/airflow/.local/lib/python3.12/site-packages/airflow/example_dags/example_complex.py for tasks to queue
[2026-06-30T08:25:59.510+0000] {logging_mixin.py:188} INFO - [2026-06-30T08:25:59.509+0000] {dagbag.py:545} INFO - Filling up the DagBag from /home/airflow/.local/lib/python3.12/site-packages/airflow/example_dags/example_complex.py
[2026-06-30T08:25:59.521+0000] {processor.py:840} INFO - DAG(s) 'example_complex' retrieved from /home/airflow/.local/lib/python3.12/site-packages/airflow/example_dags/example_complex.py
[2026-06-30T08:25:59.565+0000] {logging_mixin.py:188} INFO - [2026-06-30T08:25:59.565+0000] {dag.py:3096} INFO - Sync 1 DAGs
[2026-06-30T08:25:59.579+0000] {logging_mixin.py:188} INFO - [2026-06-30T08:25:59.578+0000] {dag.py:3954} INFO - Setting next_dagrun for example_complex to None, run_after=None
[2026-06-30T08:25:59.600+0000] {processor.py:183} INFO - Processing /home/airflow/.local/lib/python3.12/site-packages/airflow/example_dags/example_complex.py took 0.104 seconds
[2026-06-30T08:26:30.327+0000] {processor.py:161} INFO - Started process (PID=22658) to work on /home/airflow/.local/lib/python3.12/site-packages/airflow/example_dags/example_complex.py
[2026-06-30T08:26:30.328+0000] {processor.py:830} INFO - Processing file /home/airflow/.local/lib/python3.12/site-packages/airflow/example_dags/example_complex.py for tasks to queue
[2026-06-30T08:26:30.329+0000] {logging_mixin.py:188} INFO - [2026-06-30T08:26:30.328+0000] {dagbag.py:545} INFO - Filling up the DagBag from /home/airflow/.local/lib/python3.12/site-packages/airflow/example_dags/example_complex.py
[2026-06-30T08:26:30.337+0000] {processor.py:840} INFO - DAG(s) 'example_complex' retrieved from /home/airflow/.local/lib/python3.12/site-packages/airflow/example_dags/example_complex.py
[2026-06-30T08:26:30.369+0000] {logging_mixin.py:188} INFO - [2026-06-30T08:26:30.369+0000] {dag.py:3096} INFO - Sync 1 DAGs
[2026-06-30T08:26:30.378+0000] {logging_mixin.py:188} INFO - [2026-06-30T08:26:30.378+0000] {dag.py:3954} INFO - Setting next_dagrun for example_complex to None, run_after=None
[2026-06-30T08:26:30.395+0000] {processor.py:183} INFO - Processing /home/airflow/.local/lib/python3.12/site-packages/airflow/example_dags/example_complex.py took 0.073 seconds
[2026-06-30T08:27:00.951+0000] {processor.py:161} INFO - Started process (PID=22716) to work on /home/airflow/.local/lib/python3.12/site-packages/airflow/example_dags/example_complex.py
[2026-06-30T08:27:00.952+0000] {processor.py:830} INFO - Processing file /home/airflow/.local/lib/python3.12/site-packages/airflow/example_dags/example_complex.py for tasks to queue
[2026-06-30T08:27:00.953+0000] {logging_mixin.py:188} INFO - [2026-06-30T08:27:00.953+0000] {dagbag.py:545} INFO - Filling up the DagBag from /home/airflow/.local/lib/python3.12/site-packages/airflow/example_dags/example_complex.py
[2026-06-30T08:27:00.961+0000] {processor.py:840} INFO - DAG(s) 'example_complex' retrieved from /home/airflow/.local/lib/python3.12/site-packages/airflow/example_dags/example_complex.py
[2026-06-30T08:27:00.985+0000] {logging_mixin.py:188} INFO - [2026-06-30T08:27:00.985+0000] {dag.py:3096} INFO - Sync 1 DAGs
[2026-06-30T08:27:00.995+0000] {logging_mixin.py:188} INFO - [2026-06-30T08:27:00.995+0000] {dag.py:3954} INFO - Setting next_dagrun for example_complex to None, run_after=None
[2026-06-30T08:27:01.017+0000] {processor.py:183} INFO - Processing /home/airflow/.local/lib/python3.12/site-packages/airflow/example_dags/example_complex.py took 0.071 seconds
[2026-06-30T08:27:31.599+0000] {processor.py:161} INFO - Started process (PID=22774) to work on /home/airflow/.local/lib/python3.12/site-packages/airflow/example_dags/example_complex.py
[2026-06-30T08:27:31.600+0000] {processor.py:830} INFO - Processing file /home/airflow/.local/lib/python3.12/site-packages/airflow/example_dags/example_complex.py for tasks to queue
[2026-06-30T08:27:31.600+0000] {logging_mixin.py:188} INFO - [2026-06-30T08:27:31.600+0000] {dagbag.py:545} INFO - Filling up the DagBag from /home/airflow/.local/lib/python3.12/site-packages/airflow/example_dags/example_complex.py
[2026-06-30T08:27:31.608+0000] {processor.py:840} INFO - DAG(s) 'example_complex' retrieved from /home/airflow/.local/lib/python3.12/site-packages/airflow/example_dags/example_complex.py
[2026-06-30T08:27:31.632+0000] {logging_mixin.py:188} INFO - [2026-06-30T08:27:31.632+0000] {dag.py:3096} INFO - Sync 1 DAGs
[2026-06-30T08:27:31.644+0000] {logging_mixin.py:188} INFO - [2026-06-30T08:27:31.643+0000] {dag.py:3954} INFO - Setting next_dagrun for example_complex to None, run_after=None
[2026-06-30T08:27:31.657+0000] {processor.py:183} INFO - Processing /home/airflow/.local/lib/python3.12/site-packages/airflow/example_dags/example_complex.py took 0.062 seconds
[2026-06-30T08:28:01.935+0000] {processor.py:161} INFO - Started process (PID=22832) to work on /home/airflow/.local/lib/python3.12/site-packages/airflow/example_dags/example_complex.py
[2026-06-30T08:28:01.936+0000] {processor.py:830} INFO - Processing file /home/airflow/.local/lib/python3.12/site-packages/airflow/example_dags/example_complex.py for tasks to queue
[2026-06-30T08:28:01.937+0000] {logging_mixin.py:188} INFO - [2026-06-30T08:28:01.937+0000] {dagbag.py:545} INFO - Filling up the DagBag from /home/airflow/.local/lib/python3.12/site-packages/airflow/example_dags/example_complex.py
[2026-06-30T08:28:01.945+0000] {processor.py:840} INFO - DAG(s) 'example_complex' retrieved from /home/airflow/.local/lib/python3.12/site-packages/airflow/example_dags/example_complex.py
[2026-06-30T08:28:01.971+0000] {logging_mixin.py:188} INFO - [2026-06-30T08:28:01.971+0000] {dag.py:3096} INFO - Sync 1 DAGs
[2026-06-30T08:28:01.981+0000] {logging_mixin.py:188} INFO - [2026-06-30T08:28:01.981+0000] {dag.py:3954} INFO - Setting next_dagrun for example_complex to None, run_after=None
[2026-06-30T08:28:02.000+0000] {processor.py:183} INFO - Processing /home/airflow/.local/lib/python3.12/site-packages/airflow/example_dags/example_complex.py took 0.071 seconds
[2026-06-30T08:28:32.518+0000] {processor.py:161} INFO - Started process (PID=22890) to work on /home/airflow/.local/lib/python3.12/site-packages/airflow/example_dags/example_complex.py
[2026-06-30T08:28:32.519+0000] {processor.py:830} INFO - Processing file /home/airflow/.local/lib/python3.12/site-packages/airflow/example_dags/example_complex.py for tasks to queue
[2026-06-30T08:28:32.520+0000] {logging_mixin.py:188} INFO - [2026-06-30T08:28:32.520+0000] {dagbag.py:545} INFO - Filling up the DagBag from /home/airflow/.local/lib/python3.12/site-packages/airflow/example_dags/example_complex.py
[2026-06-30T08:28:32.528+0000] {processor.py:840} INFO - DAG(s) 'example_complex' retrieved from /home/airflow/.local/lib/python3.12/site-packages/airflow/example_dags/example_complex.py
[2026-06-30T08:28:32.556+0000] {logging_mixin.py:188} INFO - [2026-06-30T08:28:32.556+0000] {dag.py:3096} INFO - Sync 1 DAGs
[2026-06-30T08:28:32.568+0000] {logging_mixin.py:188} INFO - [2026-06-30T08:28:32.568+0000] {dag.py:3954} INFO - Setting next_dagrun for example_complex to None, run_after=None
[2026-06-30T08:28:32.589+0000] {processor.py:183} INFO - Processing /home/airflow/.local/lib/python3.12/site-packages/airflow/example_dags/example_complex.py took 0.076 seconds
[2026-06-30T08:29:03.010+0000] {processor.py:161} INFO - Started process (PID=22948) to work on /home/airflow/.local/lib/python3.12/site-packages/airflow/example_dags/example_complex.py
[2026-06-30T08:29:03.010+0000] {processor.py:830} INFO - Processing file /home/airflow/.local/lib/python3.12/site-packages/airflow/example_dags/example_complex.py for tasks to queue
[2026-06-30T08:29:03.011+0000] {logging_mixin.py:188} INFO - [2026-06-30T08:29:03.011+0000] {dagbag.py:545} INFO - Filling up the DagBag from /home/airflow/.local/lib/python3.12/site-packages/airflow/example_dags/example_complex.py
[2026-06-30T08:29:03.019+0000] {processor.py:840} INFO - DAG(s) 'example_complex' retrieved from /home/airflow/.local/lib/python3.12/site-packages/airflow/example_dags/example_complex.py
[2026-06-30T08:29:03.040+0000] {logging_mixin.py:188} INFO - [2026-06-30T08:29:03.040+0000] {dag.py:3096} INFO - Sync 1 DAGs
[2026-06-30T08:29:03.049+0000] {logging_mixin.py:188} INFO - [2026-06-30T08:29:03.049+0000] {dag.py:3954} INFO - Setting next_dagrun for example_complex to None, run_after=None
[2026-06-30T08:29:03.063+0000] {processor.py:183} INFO - Processing /home/airflow/.local/lib/python3.12/site-packages/airflow/example_dags/example_complex.py took 0.058 seconds
[2026-06-30T08:29:33.539+0000] {processor.py:161} INFO - Started process (PID=23006) to work on /home/airflow/.local/lib/python3.12/site-packages/airflow/example_dags/example_complex.py
[2026-06-30T08:29:33.540+0000] {processor.py:830} INFO - Processing file /home/airflow/.local/lib/python3.12/site-packages/airflow/example_dags/example_complex.py for tasks to queue
[2026-06-30T08:29:33.541+0000] {logging_mixin.py:188} INFO - [2026-06-30T08:29:33.541+0000] {dagbag.py:545} INFO - Filling up the DagBag from /home/airflow/.local/lib/python3.12/site-packages/airflow/example_dags/example_complex.py
[2026-06-30T08:29:33.549+0000] {processor.py:840} INFO - DAG(s) 'example_complex' retrieved from /home/airflow/.local/lib/python3.12/site-packages/airflow/example_dags/example_complex.py
[2026-06-30T08:29:33.573+0000] {logging_mixin.py:188} INFO - [2026-06-30T08:29:33.573+0000] {dag.py:3096} INFO - Sync 1 DAGs
[2026-06-30T08:29:33.584+0000] {logging_mixin.py:188} INFO - [2026-06-30T08:29:33.584+0000] {dag.py:3954} INFO - Setting next_dagrun for example_complex to None, run_after=None
[2026-06-30T08:29:33.600+0000] {processor.py:183} INFO - Processing /home/airflow/.local/lib/python3.12/site-packages/airflow/example_dags/example_complex.py took 0.066 seconds
[2026-06-30T08:30:04.117+0000] {processor.py:161} INFO - Started process (PID=23064) to work on /home/airflow/.local/lib/python3.12/site-packages/airflow/example_dags/example_complex.py
[2026-06-30T08:30:04.118+0000] {processor.py:830} INFO - Processing file /home/airflow/.local/lib/python3.12/site-packages/airflow/example_dags/example_complex.py for tasks to queue
[2026-06-30T08:30:04.119+0000] {logging_mixin.py:188} INFO - [2026-06-30T08:30:04.118+0000] {dagbag.py:545} INFO - Filling up the DagBag from /home/airflow/.local/lib/python3.12/site-packages/airflow/example_dags/example_complex.py
[2026-06-30T08:30:04.128+0000] {processor.py:840} INFO - DAG(s) 'example_complex' retrieved from /home/airflow/.local/lib/python3.12/site-packages/airflow/example_dags/example_complex.py
[2026-06-30T08:30:04.152+0000] {logging_mixin.py:188} INFO - [2026-06-30T08:30:04.152+0000] {dag.py:3096} INFO - Sync 1 DAGs
[2026-06-30T08:30:04.164+0000] {logging_mixin.py:188} INFO - [2026-06-30T08:30:04.163+0000] {dag.py:3954} INFO - Setting next_dagrun for example_complex to None, run_after=None
[2026-06-30T08:30:04.180+0000] {processor.py:183} INFO - Processing /home/airflow/.local/lib/python3.12/site-packages/airflow/example_dags/example_complex.py took 0.068 seconds
[2026-06-30T08:30:34.612+0000] {processor.py:161} INFO - Started process (PID=23122) to work on /home/airflow/.local/lib/python3.12/site-packages/airflow/example_dags/example_complex.py
[2026-06-30T08:30:34.612+0000] {processor.py:830} INFO - Processing file /home/airflow/.local/lib/python3.12/site-packages/airflow/example_dags/example_complex.py for tasks to queue
[2026-06-30T08:30:34.613+0000] {logging_mixin.py:188} INFO - [2026-06-30T08:30:34.613+0000] {dagbag.py:545} INFO - Filling up the DagBag from /home/airflow/.local/lib/python3.12/site-packages/airflow/example_dags/example_complex.py
[2026-06-30T08:30:34.620+0000] {processor.py:840} INFO - DAG(s) 'example_complex' retrieved from /home/airflow/.local/lib/python3.12/site-packages/airflow/example_dags/example_complex.py
[2026-06-30T08:30:34.642+0000] {logging_mixin.py:188} INFO - [2026-06-30T08:30:34.642+0000] {dag.py:3096} INFO - Sync 1 DAGs
[2026-06-30T08:30:34.651+0000] {logging_mixin.py:188} INFO - [2026-06-30T08:30:34.651+0000] {dag.py:3954} INFO - Setting next_dagrun for example_complex to None, run_after=None
[2026-06-30T08:30:34.666+0000] {processor.py:183} INFO - Processing /home/airflow/.local/lib/python3.12/site-packages/airflow/example_dags/example_complex.py took 0.059 seconds
[2026-06-30T08:31:05.248+0000] {processor.py:161} INFO - Started process (PID=23179) to work on /home/airflow/.local/lib/python3.12/site-packages/airflow/example_dags/example_complex.py
[2026-06-30T08:31:05.249+0000] {processor.py:830} INFO - Processing file /home/airflow/.local/lib/python3.12/site-packages/airflow/example_dags/example_complex.py for tasks to queue
[2026-06-30T08:31:05.250+0000] {logging_mixin.py:188} INFO - [2026-06-30T08:31:05.250+0000] {dagbag.py:545} INFO - Filling up the DagBag from /home/airflow/.local/lib/python3.12/site-packages/airflow/example_dags/example_complex.py
[2026-06-30T08:31:05.258+0000] {processor.py:840} INFO - DAG(s) 'example_complex' retrieved from /home/airflow/.local/lib/python3.12/site-packages/airflow/example_dags/example_complex.py
[2026-06-30T08:31:05.281+0000] {logging_mixin.py:188} INFO - [2026-06-30T08:31:05.281+0000] {dag.py:3096} INFO - Sync 1 DAGs
[2026-06-30T08:31:05.291+0000] {logging_mixin.py:188} INFO - [2026-06-30T08:31:05.291+0000] {dag.py:3954} INFO - Setting next_dagrun for example_complex to None, run_after=None
[2026-06-30T08:31:05.305+0000] {processor.py:183} INFO - Processing /home/airflow/.local/lib/python3.12/site-packages/airflow/example_dags/example_complex.py took 0.061 seconds
[2026-06-30T08:31:36.113+0000] {processor.py:161} INFO - Started process (PID=23238) to work on /home/airflow/.local/lib/python3.12/site-packages/airflow/example_dags/example_complex.py
[2026-06-30T08:31:36.114+0000] {processor.py:830} INFO - Processing file /home/airflow/.local/lib/python3.12/site-packages/airflow/example_dags/example_complex.py for tasks to queue
[2026-06-30T08:31:36.115+0000] {logging_mixin.py:188} INFO - [2026-06-30T08:31:36.114+0000] {dagbag.py:545} INFO - Filling up the DagBag from /home/airflow/.local/lib/python3.12/site-packages/airflow/example_dags/example_complex.py
[2026-06-30T08:31:36.122+0000] {processor.py:840} INFO - DAG(s) 'example_complex' retrieved from /home/airflow/.local/lib/python3.12/site-packages/airflow/example_dags/example_complex.py
[2026-06-30T08:31:36.146+0000] {logging_mixin.py:188} INFO - [2026-06-30T08:31:36.146+0000] {dag.py:3096} INFO - Sync 1 DAGs
[2026-06-30T08:31:36.155+0000] {logging_mixin.py:188} INFO - [2026-06-30T08:31:36.155+0000] {dag.py:3954} INFO - Setting next_dagrun for example_complex to None, run_after=None
[2026-06-30T08:31:36.169+0000] {processor.py:183} INFO - Processing /home/airflow/.local/lib/python3.12/site-packages/airflow/example_dags/example_complex.py took 0.061 seconds
[2026-06-30T08:32:06.777+0000] {processor.py:161} INFO - Started process (PID=23296) to work on /home/airflow/.local/lib/python3.12/site-packages/airflow/example_dags/example_complex.py
[2026-06-30T08:32:06.778+0000] {processor.py:830} INFO - Processing file /home/airflow/.local/lib/python3.12/site-packages/airflow/example_dags/example_complex.py for tasks to queue
[2026-06-30T08:32:06.779+0000] {logging_mixin.py:188} INFO - [2026-06-30T08:32:06.778+0000] {dagbag.py:545} INFO - Filling up the DagBag from /home/airflow/.local/lib/python3.12/site-packages/airflow/example_dags/example_complex.py
[2026-06-30T08:32:06.786+0000] {processor.py:840} INFO - DAG(s) 'example_complex' retrieved from /home/airflow/.local/lib/python3.12/site-packages/airflow/example_dags/example_complex.py
[2026-06-30T08:32:06.810+0000] {logging_mixin.py:188} INFO - [2026-06-30T08:32:06.810+0000] {dag.py:3096} INFO - Sync 1 DAGs
[2026-06-30T08:32:06.821+0000] {logging_mixin.py:188} INFO - [2026-06-30T08:32:06.821+0000] {dag.py:3954} INFO - Setting next_dagrun for example_complex to None, run_after=None
[2026-06-30T08:32:06.838+0000] {processor.py:183} INFO - Processing /home/airflow/.local/lib/python3.12/site-packages/airflow/example_dags/example_complex.py took 0.066 seconds
[2026-06-30T08:32:37.544+0000] {processor.py:161} INFO - Started process (PID=23354) to work on /home/airflow/.local/lib/python3.12/site-packages/airflow/example_dags/example_complex.py
[2026-06-30T08:32:37.545+0000] {processor.py:830} INFO - Processing file /home/airflow/.local/lib/python3.12/site-packages/airflow/example_dags/example_complex.py for tasks to queue
[2026-06-30T08:32:37.546+0000] {logging_mixin.py:188} INFO - [2026-06-30T08:32:37.546+0000] {dagbag.py:545} INFO - Filling up the DagBag from /home/airflow/.local/lib/python3.12/site-packages/airflow/example_dags/example_complex.py
[2026-06-30T08:32:37.553+0000] {processor.py:840} INFO - DAG(s) 'example_complex' retrieved from /home/airflow/.local/lib/python3.12/site-packages/airflow/example_dags/example_complex.py
[2026-06-30T08:32:37.577+0000] {logging_mixin.py:188} INFO - [2026-06-30T08:32:37.577+0000] {dag.py:3096} INFO - Sync 1 DAGs
[2026-06-30T08:32:37.588+0000] {logging_mixin.py:188} INFO - [2026-06-30T08:32:37.588+0000] {dag.py:3954} INFO - Setting next_dagrun for example_complex to None, run_after=None
[2026-06-30T08:32:37.602+0000] {processor.py:183} INFO - Processing /home/airflow/.local/lib/python3.12/site-packages/airflow/example_dags/example_complex.py took 0.063 seconds
[2026-06-30T08:33:08.401+0000] {processor.py:161} INFO - Started process (PID=23412) to work on /home/airflow/.local/lib/python3.12/site-packages/airflow/example_dags/example_complex.py
[2026-06-30T08:33:08.403+0000] {processor.py:830} INFO - Processing file /home/airflow/.local/lib/python3.12/site-packages/airflow/example_dags/example_complex.py for tasks to queue
[2026-06-30T08:33:08.404+0000] {logging_mixin.py:188} INFO - [2026-06-30T08:33:08.403+0000] {dagbag.py:545} INFO - Filling up the DagBag from /home/airflow/.local/lib/python3.12/site-packages/airflow/example_dags/example_complex.py
[2026-06-30T08:33:08.412+0000] {processor.py:840} INFO - DAG(s) 'example_complex' retrieved from /home/airflow/.local/lib/python3.12/site-packages/airflow/example_dags/example_complex.py
[2026-06-30T08:33:08.438+0000] {logging_mixin.py:188} INFO - [2026-06-30T08:33:08.438+0000] {dag.py:3096} INFO - Sync 1 DAGs
[2026-06-30T08:33:08.452+0000] {logging_mixin.py:188} INFO - [2026-06-30T08:33:08.452+0000] {dag.py:3954} INFO - Setting next_dagrun for example_complex to None, run_after=None
[2026-06-30T08:33:08.481+0000] {processor.py:183} INFO - Processing /home/airflow/.local/lib/python3.12/site-packages/airflow/example_dags/example_complex.py took 0.084 seconds
[2026-06-30T08:33:39.304+0000] {processor.py:161} INFO - Started process (PID=23470) to work on /home/airflow/.local/lib/python3.12/site-packages/airflow/example_dags/example_complex.py
[2026-06-30T08:33:39.305+0000] {processor.py:830} INFO - Processing file /home/airflow/.local/lib/python3.12/site-packages/airflow/example_dags/example_complex.py for tasks to queue
[2026-06-30T08:33:39.306+0000] {logging_mixin.py:188} INFO - [2026-06-30T08:33:39.306+0000] {dagbag.py:545} INFO - Filling up the DagBag from /home/airflow/.local/lib/python3.12/site-packages/airflow/example_dags/example_complex.py
[2026-06-30T08:33:39.314+0000] {processor.py:840} INFO - DAG(s) 'example_complex' retrieved from /home/airflow/.local/lib/python3.12/site-packages/airflow/example_dags/example_complex.py
[2026-06-30T08:33:39.340+0000] {logging_mixin.py:188} INFO - [2026-06-30T08:33:39.340+0000] {dag.py:3096} INFO - Sync 1 DAGs
[2026-06-30T08:33:39.352+0000] {logging_mixin.py:188} INFO - [2026-06-30T08:33:39.352+0000] {dag.py:3954} INFO - Setting next_dagrun for example_complex to None, run_after=None
[2026-06-30T08:33:39.376+0000] {processor.py:183} INFO - Processing /home/airflow/.local/lib/python3.12/site-packages/airflow/example_dags/example_complex.py took 0.078 seconds
[2026-06-30T08:34:10.146+0000] {processor.py:161} INFO - Started process (PID=23528) to work on /home/airflow/.local/lib/python3.12/site-packages/airflow/example_dags/example_complex.py
[2026-06-30T08:34:10.147+0000] {processor.py:830} INFO - Processing file /home/airflow/.local/lib/python3.12/site-packages/airflow/example_dags/example_complex.py for tasks to queue
[2026-06-30T08:34:10.148+0000] {logging_mixin.py:188} INFO - [2026-06-30T08:34:10.147+0000] {dagbag.py:545} INFO - Filling up the DagBag from /home/airflow/.local/lib/python3.12/site-packages/airflow/example_dags/example_complex.py
[2026-06-30T08:34:10.154+0000] {processor.py:840} INFO - DAG(s) 'example_complex' retrieved from /home/airflow/.local/lib/python3.12/site-packages/airflow/example_dags/example_complex.py
[2026-06-30T08:34:10.177+0000] {logging_mixin.py:188} INFO - [2026-06-30T08:34:10.176+0000] {dag.py:3096} INFO - Sync 1 DAGs
[2026-06-30T08:34:10.186+0000] {logging_mixin.py:188} INFO - [2026-06-30T08:34:10.186+0000] {dag.py:3954} INFO - Setting next_dagrun for example_complex to None, run_after=None
[2026-06-30T08:34:10.199+0000] {processor.py:183} INFO - Processing /home/airflow/.local/lib/python3.12/site-packages/airflow/example_dags/example_complex.py took 0.058 seconds
[2026-06-30T08:34:40.696+0000] {processor.py:161} INFO - Started process (PID=23586) to work on /home/airflow/.local/lib/python3.12/site-packages/airflow/example_dags/example_complex.py
[2026-06-30T08:34:40.696+0000] {processor.py:830} INFO - Processing file /home/airflow/.local/lib/python3.12/site-packages/airflow/example_dags/example_complex.py for tasks to queue
[2026-06-30T08:34:40.697+0000] {logging_mixin.py:188} INFO - [2026-06-30T08:34:40.697+0000] {dagbag.py:545} INFO - Filling up the DagBag from /home/airflow/.local/lib/python3.12/site-packages/airflow/example_dags/example_complex.py
[2026-06-30T08:34:40.704+0000] {processor.py:840} INFO - DAG(s) 'example_complex' retrieved from /home/airflow/.local/lib/python3.12/site-packages/airflow/example_dags/example_complex.py
[2026-06-30T08:34:40.727+0000] {logging_mixin.py:188} INFO - [2026-06-30T08:34:40.726+0000] {dag.py:3096} INFO - Sync 1 DAGs
[2026-06-30T08:34:40.736+0000] {logging_mixin.py:188} INFO - [2026-06-30T08:34:40.735+0000] {dag.py:3954} INFO - Setting next_dagrun for example_complex to None, run_after=None
[2026-06-30T08:34:40.749+0000] {processor.py:183} INFO - Processing /home/airflow/.local/lib/python3.12/site-packages/airflow/example_dags/example_complex.py took 0.058 seconds
[2026-06-30T08:35:11.252+0000] {processor.py:161} INFO - Started process (PID=23644) to work on /home/airflow/.local/lib/python3.12/site-packages/airflow/example_dags/example_complex.py
[2026-06-30T08:35:11.253+0000] {processor.py:830} INFO - Processing file /home/airflow/.local/lib/python3.12/site-packages/airflow/example_dags/example_complex.py for tasks to queue
[2026-06-30T08:35:11.254+0000] {logging_mixin.py:188} INFO - [2026-06-30T08:35:11.254+0000] {dagbag.py:545} INFO - Filling up the DagBag from /home/airflow/.local/lib/python3.12/site-packages/airflow/example_dags/example_complex.py
[2026-06-30T08:35:11.262+0000] {processor.py:840} INFO - DAG(s) 'example_complex' retrieved from /home/airflow/.local/lib/python3.12/site-packages/airflow/example_dags/example_complex.py
[2026-06-30T08:35:11.283+0000] {logging_mixin.py:188} INFO - [2026-06-30T08:35:11.283+0000] {dag.py:3096} INFO - Sync 1 DAGs
[2026-06-30T08:35:11.291+0000] {logging_mixin.py:188} INFO - [2026-06-30T08:35:11.291+0000] {dag.py:3954} INFO - Setting next_dagrun for example_complex to None, run_after=None
[2026-06-30T08:35:11.304+0000] {processor.py:183} INFO - Processing /home/airflow/.local/lib/python3.12/site-packages/airflow/example_dags/example_complex.py took 0.056 seconds
[2026-06-30T08:35:41.466+0000] {processor.py:161} INFO - Started process (PID=23702) to work on /home/airflow/.local/lib/python3.12/site-packages/airflow/example_dags/example_complex.py
[2026-06-30T08:35:41.467+0000] {processor.py:830} INFO - Processing file /home/airflow/.local/lib/python3.12/site-packages/airflow/example_dags/example_complex.py for tasks to queue
[2026-06-30T08:35:41.468+0000] {logging_mixin.py:188} INFO - [2026-06-30T08:35:41.467+0000] {dagbag.py:545} INFO - Filling up the DagBag from /home/airflow/.local/lib/python3.12/site-packages/airflow/example_dags/example_complex.py
[2026-06-30T08:35:41.474+0000] {processor.py:840} INFO - DAG(s) 'example_complex' retrieved from /home/airflow/.local/lib/python3.12/site-packages/airflow/example_dags/example_complex.py
[2026-06-30T08:35:41.495+0000] {logging_mixin.py:188} INFO - [2026-06-30T08:35:41.494+0000] {dag.py:3096} INFO - Sync 1 DAGs
[2026-06-30T08:35:41.503+0000] {logging_mixin.py:188} INFO - [2026-06-30T08:35:41.503+0000] {dag.py:3954} INFO - Setting next_dagrun for example_complex to None, run_after=None
[2026-06-30T08:35:41.515+0000] {processor.py:183} INFO - Processing /home/airflow/.local/lib/python3.12/site-packages/airflow/example_dags/example_complex.py took 0.053 seconds
[2026-06-30T08:36:11.745+0000] {processor.py:161} INFO - Started process (PID=23766) to work on /home/airflow/.local/lib/python3.12/site-packages/airflow/example_dags/example_complex.py
[2026-06-30T08:36:11.746+0000] {processor.py:830} INFO - Processing file /home/airflow/.local/lib/python3.12/site-packages/airflow/example_dags/example_complex.py for tasks to queue
[2026-06-30T08:36:11.747+0000] {logging_mixin.py:188} INFO - [2026-06-30T08:36:11.747+0000] {dagbag.py:545} INFO - Filling up the DagBag from /home/airflow/.local/lib/python3.12/site-packages/airflow/example_dags/example_complex.py
[2026-06-30T08:36:11.757+0000] {processor.py:840} INFO - DAG(s) 'example_complex' retrieved from /home/airflow/.local/lib/python3.12/site-packages/airflow/example_dags/example_complex.py
[2026-06-30T08:36:11.782+0000] {logging_mixin.py:188} INFO - [2026-06-30T08:36:11.782+0000] {dag.py:3096} INFO - Sync 1 DAGs
[2026-06-30T08:36:11.793+0000] {logging_mixin.py:188} INFO - [2026-06-30T08:36:11.792+0000] {dag.py:3954} INFO - Setting next_dagrun for example_complex to None, run_after=None
[2026-06-30T08:36:11.806+0000] {processor.py:183} INFO - Processing /home/airflow/.local/lib/python3.12/site-packages/airflow/example_dags/example_complex.py took 0.066 seconds
[2026-06-30T08:36:42.275+0000] {processor.py:161} INFO - Started process (PID=23825) to work on /home/airflow/.local/lib/python3.12/site-packages/airflow/example_dags/example_complex.py
[2026-06-30T08:36:42.276+0000] {processor.py:830} INFO - Processing file /home/airflow/.local/lib/python3.12/site-packages/airflow/example_dags/example_complex.py for tasks to queue
[2026-06-30T08:36:42.277+0000] {logging_mixin.py:188} INFO - [2026-06-30T08:36:42.276+0000] {dagbag.py:545} INFO - Filling up the DagBag from /home/airflow/.local/lib/python3.12/site-packages/airflow/example_dags/example_complex.py
[2026-06-30T08:36:42.283+0000] {processor.py:840} INFO - DAG(s) 'example_complex' retrieved from /home/airflow/.local/lib/python3.12/site-packages/airflow/example_dags/example_complex.py
[2026-06-30T08:36:42.304+0000] {logging_mixin.py:188} INFO - [2026-06-30T08:36:42.304+0000] {dag.py:3096} INFO - Sync 1 DAGs
[2026-06-30T08:36:42.313+0000] {logging_mixin.py:188} INFO - [2026-06-30T08:36:42.313+0000] {dag.py:3954} INFO - Setting next_dagrun for example_complex to None, run_after=None
[2026-06-30T08:36:42.326+0000] {processor.py:183} INFO - Processing /home/airflow/.local/lib/python3.12/site-packages/airflow/example_dags/example_complex.py took 0.056 seconds
[2026-06-30T08:37:12.577+0000] {processor.py:161} INFO - Started process (PID=23883) to work on /home/airflow/.local/lib/python3.12/site-packages/airflow/example_dags/example_complex.py
[2026-06-30T08:37:12.578+0000] {processor.py:830} INFO - Processing file /home/airflow/.local/lib/python3.12/site-packages/airflow/example_dags/example_complex.py for tasks to queue
[2026-06-30T08:37:12.578+0000] {logging_mixin.py:188} INFO - [2026-06-30T08:37:12.578+0000] {dagbag.py:545} INFO - Filling up the DagBag from /home/airflow/.local/lib/python3.12/site-packages/airflow/example_dags/example_complex.py
[2026-06-30T08:37:12.586+0000] {processor.py:840} INFO - DAG(s) 'example_complex' retrieved from /home/airflow/.local/lib/python3.12/site-packages/airflow/example_dags/example_complex.py
[2026-06-30T08:37:12.608+0000] {logging_mixin.py:188} INFO - [2026-06-30T08:37:12.608+0000] {dag.py:3096} INFO - Sync 1 DAGs
[2026-06-30T08:37:12.617+0000] {logging_mixin.py:188} INFO - [2026-06-30T08:37:12.617+0000] {dag.py:3954} INFO - Setting next_dagrun for example_complex to None, run_after=None
[2026-06-30T08:37:12.635+0000] {processor.py:183} INFO - Processing /home/airflow/.local/lib/python3.12/site-packages/airflow/example_dags/example_complex.py took 0.062 seconds
[2026-06-30T08:37:42.974+0000] {processor.py:161} INFO - Started process (PID=23941) to work on /home/airflow/.local/lib/python3.12/site-packages/airflow/example_dags/example_complex.py
[2026-06-30T08:37:42.975+0000] {processor.py:830} INFO - Processing file /home/airflow/.local/lib/python3.12/site-packages/airflow/example_dags/example_complex.py for tasks to queue
[2026-06-30T08:37:42.976+0000] {logging_mixin.py:188} INFO - [2026-06-30T08:37:42.976+0000] {dagbag.py:545} INFO - Filling up the DagBag from /home/airflow/.local/lib/python3.12/site-packages/airflow/example_dags/example_complex.py
[2026-06-30T08:37:42.983+0000] {processor.py:840} INFO - DAG(s) 'example_complex' retrieved from /home/airflow/.local/lib/python3.12/site-packages/airflow/example_dags/example_complex.py
[2026-06-30T08:37:43.004+0000] {logging_mixin.py:188} INFO - [2026-06-30T08:37:43.004+0000] {dag.py:3096} INFO - Sync 1 DAGs
[2026-06-30T08:37:43.012+0000] {logging_mixin.py:188} INFO - [2026-06-30T08:37:43.012+0000] {dag.py:3954} INFO - Setting next_dagrun for example_complex to None, run_after=None
[2026-06-30T08:37:43.026+0000] {processor.py:183} INFO - Processing /home/airflow/.local/lib/python3.12/site-packages/airflow/example_dags/example_complex.py took 0.055 seconds
[2026-06-30T08:38:13.627+0000] {processor.py:161} INFO - Started process (PID=23999) to work on /home/airflow/.local/lib/python3.12/site-packages/airflow/example_dags/example_complex.py
[2026-06-30T08:38:13.628+0000] {processor.py:830} INFO - Processing file /home/airflow/.local/lib/python3.12/site-packages/airflow/example_dags/example_complex.py for tasks to queue
[2026-06-30T08:38:13.629+0000] {logging_mixin.py:188} INFO - [2026-06-30T08:38:13.629+0000] {dagbag.py:545} INFO - Filling up the DagBag from /home/airflow/.local/lib/python3.12/site-packages/airflow/example_dags/example_complex.py
[2026-06-30T08:38:13.637+0000] {processor.py:840} INFO - DAG(s) 'example_complex' retrieved from /home/airflow/.local/lib/python3.12/site-packages/airflow/example_dags/example_complex.py
[2026-06-30T08:38:13.660+0000] {logging_mixin.py:188} INFO - [2026-06-30T08:38:13.660+0000] {dag.py:3096} INFO - Sync 1 DAGs
[2026-06-30T08:38:13.669+0000] {logging_mixin.py:188} INFO - [2026-06-30T08:38:13.668+0000] {dag.py:3954} INFO - Setting next_dagrun for example_complex to None, run_after=None
[2026-06-30T08:38:13.683+0000] {processor.py:183} INFO - Processing /home/airflow/.local/lib/python3.12/site-packages/airflow/example_dags/example_complex.py took 0.060 seconds
[2026-06-30T08:38:44.033+0000] {processor.py:161} INFO - Started process (PID=24057) to work on /home/airflow/.local/lib/python3.12/site-packages/airflow/example_dags/example_complex.py
[2026-06-30T08:38:44.034+0000] {processor.py:830} INFO - Processing file /home/airflow/.local/lib/python3.12/site-packages/airflow/example_dags/example_complex.py for tasks to queue
[2026-06-30T08:38:44.035+0000] {logging_mixin.py:188} INFO - [2026-06-30T08:38:44.035+0000] {dagbag.py:545} INFO - Filling up the DagBag from /home/airflow/.local/lib/python3.12/site-packages/airflow/example_dags/example_complex.py
[2026-06-30T08:38:44.043+0000] {processor.py:840} INFO - DAG(s) 'example_complex' retrieved from /home/airflow/.local/lib/python3.12/site-packages/airflow/example_dags/example_complex.py
[2026-06-30T08:38:44.071+0000] {logging_mixin.py:188} INFO - [2026-06-30T08:38:44.071+0000] {dag.py:3096} INFO - Sync 1 DAGs
[2026-06-30T08:38:44.083+0000] {logging_mixin.py:188} INFO - [2026-06-30T08:38:44.082+0000] {dag.py:3954} INFO - Setting next_dagrun for example_complex to None, run_after=None
[2026-06-30T08:38:44.097+0000] {processor.py:183} INFO - Processing /home/airflow/.local/lib/python3.12/site-packages/airflow/example_dags/example_complex.py took 0.068 seconds
[2026-06-30T08:39:14.606+0000] {processor.py:161} INFO - Started process (PID=24115) to work on /home/airflow/.local/lib/python3.12/site-packages/airflow/example_dags/example_complex.py
[2026-06-30T08:39:14.607+0000] {processor.py:830} INFO - Processing file /home/airflow/.local/lib/python3.12/site-packages/airflow/example_dags/example_complex.py for tasks to queue
[2026-06-30T08:39:14.607+0000] {logging_mixin.py:188} INFO - [2026-06-30T08:39:14.607+0000] {dagbag.py:545} INFO - Filling up the DagBag from /home/airflow/.local/lib/python3.12/site-packages/airflow/example_dags/example_complex.py
[2026-06-30T08:39:14.614+0000] {processor.py:840} INFO - DAG(s) 'example_complex' retrieved from /home/airflow/.local/lib/python3.12/site-packages/airflow/example_dags/example_complex.py
[2026-06-30T08:39:14.635+0000] {logging_mixin.py:188} INFO - [2026-06-30T08:39:14.635+0000] {dag.py:3096} INFO - Sync 1 DAGs
[2026-06-30T08:39:14.644+0000] {logging_mixin.py:188} INFO - [2026-06-30T08:39:14.644+0000] {dag.py:3954} INFO - Setting next_dagrun for example_complex to None, run_after=None
[2026-06-30T08:39:14.657+0000] {processor.py:183} INFO - Processing /home/airflow/.local/lib/python3.12/site-packages/airflow/example_dags/example_complex.py took 0.056 seconds
[2026-06-30T08:39:45.102+0000] {processor.py:161} INFO - Started process (PID=24173) to work on /home/airflow/.local/lib/python3.12/site-packages/airflow/example_dags/example_complex.py
[2026-06-30T08:39:45.103+0000] {processor.py:830} INFO - Processing file /home/airflow/.local/lib/python3.12/site-packages/airflow/example_dags/example_complex.py for tasks to queue
[2026-06-30T08:39:45.104+0000] {logging_mixin.py:188} INFO - [2026-06-30T08:39:45.103+0000] {dagbag.py:545} INFO - Filling up the DagBag from /home/airflow/.local/lib/python3.12/site-packages/airflow/example_dags/example_complex.py
[2026-06-30T08:39:45.111+0000] {processor.py:840} INFO - DAG(s) 'example_complex' retrieved from /home/airflow/.local/lib/python3.12/site-packages/airflow/example_dags/example_complex.py
[2026-06-30T08:39:45.133+0000] {logging_mixin.py:188} INFO - [2026-06-30T08:39:45.133+0000] {dag.py:3096} INFO - Sync 1 DAGs
[2026-06-30T08:39:45.143+0000] {logging_mixin.py:188} INFO - [2026-06-30T08:39:45.142+0000] {dag.py:3954} INFO - Setting next_dagrun for example_complex to None, run_after=None
[2026-06-30T08:39:45.158+0000] {processor.py:183} INFO - Processing /home/airflow/.local/lib/python3.12/site-packages/airflow/example_dags/example_complex.py took 0.061 seconds
[2026-06-30T08:40:15.693+0000] {processor.py:161} INFO - Started process (PID=24230) to work on /home/airflow/.local/lib/python3.12/site-packages/airflow/example_dags/example_complex.py
[2026-06-30T08:40:15.694+0000] {processor.py:830} INFO - Processing file /home/airflow/.local/lib/python3.12/site-packages/airflow/example_dags/example_complex.py for tasks to queue
[2026-06-30T08:40:15.695+0000] {logging_mixin.py:188} INFO - [2026-06-30T08:40:15.695+0000] {dagbag.py:545} INFO - Filling up the DagBag from /home/airflow/.local/lib/python3.12/site-packages/airflow/example_dags/example_complex.py
[2026-06-30T08:40:15.703+0000] {processor.py:840} INFO - DAG(s) 'example_complex' retrieved from /home/airflow/.local/lib/python3.12/site-packages/airflow/example_dags/example_complex.py
[2026-06-30T08:40:15.729+0000] {logging_mixin.py:188} INFO - [2026-06-30T08:40:15.729+0000] {dag.py:3096} INFO - Sync 1 DAGs
[2026-06-30T08:40:15.740+0000] {logging_mixin.py:188} INFO - [2026-06-30T08:40:15.740+0000] {dag.py:3954} INFO - Setting next_dagrun for example_complex to None, run_after=None
[2026-06-30T08:40:15.759+0000] {processor.py:183} INFO - Processing /home/airflow/.local/lib/python3.12/site-packages/airflow/example_dags/example_complex.py took 0.072 seconds
[2026-06-30T08:40:46.333+0000] {processor.py:161} INFO - Started process (PID=24289) to work on /home/airflow/.local/lib/python3.12/site-packages/airflow/example_dags/example_complex.py
[2026-06-30T08:40:46.334+0000] {processor.py:830} INFO - Processing file /home/airflow/.local/lib/python3.12/site-packages/airflow/example_dags/example_complex.py for tasks to queue
[2026-06-30T08:40:46.335+0000] {logging_mixin.py:188} INFO - [2026-06-30T08:40:46.334+0000] {dagbag.py:545} INFO - Filling up the DagBag from /home/airflow/.local/lib/python3.12/site-packages/airflow/example_dags/example_complex.py
[2026-06-30T08:40:46.341+0000] {processor.py:840} INFO - DAG(s) 'example_complex' retrieved from /home/airflow/.local/lib/python3.12/site-packages/airflow/example_dags/example_complex.py
[2026-06-30T08:40:46.363+0000] {logging_mixin.py:188} INFO - [2026-06-30T08:40:46.363+0000] {dag.py:3096} INFO - Sync 1 DAGs
[2026-06-30T08:40:46.372+0000] {logging_mixin.py:188} INFO - [2026-06-30T08:40:46.372+0000] {dag.py:3954} INFO - Setting next_dagrun for example_complex to None, run_after=None
[2026-06-30T08:40:46.389+0000] {processor.py:183} INFO - Processing /home/airflow/.local/lib/python3.12/site-packages/airflow/example_dags/example_complex.py took 0.060 seconds
[2026-06-30T08:41:16.788+0000] {processor.py:161} INFO - Started process (PID=24347) to work on /home/airflow/.local/lib/python3.12/site-packages/airflow/example_dags/example_complex.py
[2026-06-30T08:41:16.789+0000] {processor.py:830} INFO - Processing file /home/airflow/.local/lib/python3.12/site-packages/airflow/example_dags/example_complex.py for tasks to queue
[2026-06-30T08:41:16.790+0000] {logging_mixin.py:188} INFO - [2026-06-30T08:41:16.789+0000] {dagbag.py:545} INFO - Filling up the DagBag from /home/airflow/.local/lib/python3.12/site-packages/airflow/example_dags/example_complex.py
[2026-06-30T08:41:16.797+0000] {processor.py:840} INFO - DAG(s) 'example_complex' retrieved from /home/airflow/.local/lib/python3.12/site-packages/airflow/example_dags/example_complex.py
[2026-06-30T08:41:16.818+0000] {logging_mixin.py:188} INFO - [2026-06-30T08:41:16.817+0000] {dag.py:3096} INFO - Sync 1 DAGs
[2026-06-30T08:41:16.826+0000] {logging_mixin.py:188} INFO - [2026-06-30T08:41:16.826+0000] {dag.py:3954} INFO - Setting next_dagrun for example_complex to None, run_after=None
[2026-06-30T08:41:16.838+0000] {processor.py:183} INFO - Processing /home/airflow/.local/lib/python3.12/site-packages/airflow/example_dags/example_complex.py took 0.054 seconds
[2026-06-30T08:41:47.308+0000] {processor.py:161} INFO - Started process (PID=24405) to work on /home/airflow/.local/lib/python3.12/site-packages/airflow/example_dags/example_complex.py
[2026-06-30T08:41:47.309+0000] {processor.py:830} INFO - Processing file /home/airflow/.local/lib/python3.12/site-packages/airflow/example_dags/example_complex.py for tasks to queue
[2026-06-30T08:41:47.310+0000] {logging_mixin.py:188} INFO - [2026-06-30T08:41:47.310+0000] {dagbag.py:545} INFO - Filling up the DagBag from /home/airflow/.local/lib/python3.12/site-packages/airflow/example_dags/example_complex.py
[2026-06-30T08:41:47.317+0000] {processor.py:840} INFO - DAG(s) 'example_complex' retrieved from /home/airflow/.local/lib/python3.12/site-packages/airflow/example_dags/example_complex.py
[2026-06-30T08:41:47.338+0000] {logging_mixin.py:188} INFO - [2026-06-30T08:41:47.338+0000] {dag.py:3096} INFO - Sync 1 DAGs
[2026-06-30T08:41:47.348+0000] {logging_mixin.py:188} INFO - [2026-06-30T08:41:47.348+0000] {dag.py:3954} INFO - Setting next_dagrun for example_complex to None, run_after=None
[2026-06-30T08:41:47.362+0000] {processor.py:183} INFO - Processing /home/airflow/.local/lib/python3.12/site-packages/airflow/example_dags/example_complex.py took 0.058 seconds
[2026-06-30T08:42:17.914+0000] {processor.py:161} INFO - Started process (PID=24463) to work on /home/airflow/.local/lib/python3.12/site-packages/airflow/example_dags/example_complex.py
[2026-06-30T08:42:17.915+0000] {processor.py:830} INFO - Processing file /home/airflow/.local/lib/python3.12/site-packages/airflow/example_dags/example_complex.py for tasks to queue
[2026-06-30T08:42:17.916+0000] {logging_mixin.py:188} INFO - [2026-06-30T08:42:17.915+0000] {dagbag.py:545} INFO - Filling up the DagBag from /home/airflow/.local/lib/python3.12/site-packages/airflow/example_dags/example_complex.py
[2026-06-30T08:42:17.923+0000] {processor.py:840} INFO - DAG(s) 'example_complex' retrieved from /home/airflow/.local/lib/python3.12/site-packages/airflow/example_dags/example_complex.py
[2026-06-30T08:42:17.947+0000] {logging_mixin.py:188} INFO - [2026-06-30T08:42:17.946+0000] {dag.py:3096} INFO - Sync 1 DAGs
[2026-06-30T08:42:17.956+0000] {logging_mixin.py:188} INFO - [2026-06-30T08:42:17.956+0000] {dag.py:3954} INFO - Setting next_dagrun for example_complex to None, run_after=None
[2026-06-30T08:42:17.972+0000] {processor.py:183} INFO - Processing /home/airflow/.local/lib/python3.12/site-packages/airflow/example_dags/example_complex.py took 0.063 seconds
[2026-06-30T08:42:48.783+0000] {processor.py:161} INFO - Started process (PID=24521) to work on /home/airflow/.local/lib/python3.12/site-packages/airflow/example_dags/example_complex.py
[2026-06-30T08:42:48.784+0000] {processor.py:830} INFO - Processing file /home/airflow/.local/lib/python3.12/site-packages/airflow/example_dags/example_complex.py for tasks to queue
[2026-06-30T08:42:48.785+0000] {logging_mixin.py:188} INFO - [2026-06-30T08:42:48.785+0000] {dagbag.py:545} INFO - Filling up the DagBag from /home/airflow/.local/lib/python3.12/site-packages/airflow/example_dags/example_complex.py
[2026-06-30T08:42:48.792+0000] {processor.py:840} INFO - DAG(s) 'example_complex' retrieved from /home/airflow/.local/lib/python3.12/site-packages/airflow/example_dags/example_complex.py
[2026-06-30T08:42:48.815+0000] {logging_mixin.py:188} INFO - [2026-06-30T08:42:48.815+0000] {dag.py:3096} INFO - Sync 1 DAGs
[2026-06-30T08:42:48.824+0000] {logging_mixin.py:188} INFO - [2026-06-30T08:42:48.824+0000] {dag.py:3954} INFO - Setting next_dagrun for example_complex to None, run_after=None
[2026-06-30T08:42:48.839+0000] {processor.py:183} INFO - Processing /home/airflow/.local/lib/python3.12/site-packages/airflow/example_dags/example_complex.py took 0.060 seconds
[2026-06-30T08:43:19.724+0000] {processor.py:161} INFO - Started process (PID=24579) to work on /home/airflow/.local/lib/python3.12/site-packages/airflow/example_dags/example_complex.py
[2026-06-30T08:43:19.725+0000] {processor.py:830} INFO - Processing file /home/airflow/.local/lib/python3.12/site-packages/airflow/example_dags/example_complex.py for tasks to queue
[2026-06-30T08:43:19.726+0000] {logging_mixin.py:188} INFO - [2026-06-30T08:43:19.725+0000] {dagbag.py:545} INFO - Filling up the DagBag from /home/airflow/.local/lib/python3.12/site-packages/airflow/example_dags/example_complex.py
[2026-06-30T08:43:19.734+0000] {processor.py:840} INFO - DAG(s) 'example_complex' retrieved from /home/airflow/.local/lib/python3.12/site-packages/airflow/example_dags/example_complex.py
[2026-06-30T08:43:19.762+0000] {logging_mixin.py:188} INFO - [2026-06-30T08:43:19.762+0000] {dag.py:3096} INFO - Sync 1 DAGs
[2026-06-30T08:43:19.772+0000] {logging_mixin.py:188} INFO - [2026-06-30T08:43:19.772+0000] {dag.py:3954} INFO - Setting next_dagrun for example_complex to None, run_after=None
[2026-06-30T08:43:19.802+0000] {processor.py:183} INFO - Processing /home/airflow/.local/lib/python3.12/site-packages/airflow/example_dags/example_complex.py took 0.082 seconds
[2026-06-30T08:43:50.005+0000] {processor.py:161} INFO - Started process (PID=24637) to work on /home/airflow/.local/lib/python3.12/site-packages/airflow/example_dags/example_complex.py
[2026-06-30T08:43:50.006+0000] {processor.py:830} INFO - Processing file /home/airflow/.local/lib/python3.12/site-packages/airflow/example_dags/example_complex.py for tasks to queue
[2026-06-30T08:43:50.007+0000] {logging_mixin.py:188} INFO - [2026-06-30T08:43:50.007+0000] {dagbag.py:545} INFO - Filling up the DagBag from /home/airflow/.local/lib/python3.12/site-packages/airflow/example_dags/example_complex.py
[2026-06-30T08:43:50.015+0000] {processor.py:840} INFO - DAG(s) 'example_complex' retrieved from /home/airflow/.local/lib/python3.12/site-packages/airflow/example_dags/example_complex.py
[2026-06-30T08:43:50.038+0000] {logging_mixin.py:188} INFO - [2026-06-30T08:43:50.038+0000] {dag.py:3096} INFO - Sync 1 DAGs
[2026-06-30T08:43:50.046+0000] {logging_mixin.py:188} INFO - [2026-06-30T08:43:50.046+0000] {dag.py:3954} INFO - Setting next_dagrun for example_complex to None, run_after=None
[2026-06-30T08:43:50.060+0000] {processor.py:183} INFO - Processing /home/airflow/.local/lib/python3.12/site-packages/airflow/example_dags/example_complex.py took 0.060 seconds
[2026-06-30T08:44:20.373+0000] {processor.py:161} INFO - Started process (PID=24695) to work on /home/airflow/.local/lib/python3.12/site-packages/airflow/example_dags/example_complex.py
[2026-06-30T08:44:20.374+0000] {processor.py:830} INFO - Processing file /home/airflow/.local/lib/python3.12/site-packages/airflow/example_dags/example_complex.py for tasks to queue
[2026-06-30T08:44:20.375+0000] {logging_mixin.py:188} INFO - [2026-06-30T08:44:20.375+0000] {dagbag.py:545} INFO - Filling up the DagBag from /home/airflow/.local/lib/python3.12/site-packages/airflow/example_dags/example_complex.py
[2026-06-30T08:44:20.381+0000] {processor.py:840} INFO - DAG(s) 'example_complex' retrieved from /home/airflow/.local/lib/python3.12/site-packages/airflow/example_dags/example_complex.py
[2026-06-30T08:44:20.402+0000] {logging_mixin.py:188} INFO - [2026-06-30T08:44:20.401+0000] {dag.py:3096} INFO - Sync 1 DAGs
[2026-06-30T08:44:20.410+0000] {logging_mixin.py:188} INFO - [2026-06-30T08:44:20.409+0000] {dag.py:3954} INFO - Setting next_dagrun for example_complex to None, run_after=None
[2026-06-30T08:44:20.422+0000] {processor.py:183} INFO - Processing /home/airflow/.local/lib/python3.12/site-packages/airflow/example_dags/example_complex.py took 0.053 seconds
[2026-06-30T08:44:50.901+0000] {processor.py:161} INFO - Started process (PID=24753) to work on /home/airflow/.local/lib/python3.12/site-packages/airflow/example_dags/example_complex.py
[2026-06-30T08:44:50.903+0000] {processor.py:830} INFO - Processing file /home/airflow/.local/lib/python3.12/site-packages/airflow/example_dags/example_complex.py for tasks to queue
[2026-06-30T08:44:50.904+0000] {logging_mixin.py:188} INFO - [2026-06-30T08:44:50.904+0000] {dagbag.py:545} INFO - Filling up the DagBag from /home/airflow/.local/lib/python3.12/site-packages/airflow/example_dags/example_complex.py
[2026-06-30T08:44:50.914+0000] {processor.py:840} INFO - DAG(s) 'example_complex' retrieved from /home/airflow/.local/lib/python3.12/site-packages/airflow/example_dags/example_complex.py
[2026-06-30T08:44:50.946+0000] {logging_mixin.py:188} INFO - [2026-06-30T08:44:50.945+0000] {dag.py:3096} INFO - Sync 1 DAGs
[2026-06-30T08:44:50.959+0000] {logging_mixin.py:188} INFO - [2026-06-30T08:44:50.959+0000] {dag.py:3954} INFO - Setting next_dagrun for example_complex to None, run_after=None
[2026-06-30T08:44:50.989+0000] {processor.py:183} INFO - Processing /home/airflow/.local/lib/python3.12/site-packages/airflow/example_dags/example_complex.py took 0.093 seconds
[2026-06-30T08:45:21.463+0000] {processor.py:161} INFO - Started process (PID=24811) to work on /home/airflow/.local/lib/python3.12/site-packages/airflow/example_dags/example_complex.py
[2026-06-30T08:45:21.464+0000] {processor.py:830} INFO - Processing file /home/airflow/.local/lib/python3.12/site-packages/airflow/example_dags/example_complex.py for tasks to queue
[2026-06-30T08:45:21.465+0000] {logging_mixin.py:188} INFO - [2026-06-30T08:45:21.465+0000] {dagbag.py:545} INFO - Filling up the DagBag from /home/airflow/.local/lib/python3.12/site-packages/airflow/example_dags/example_complex.py
[2026-06-30T08:45:21.472+0000] {processor.py:840} INFO - DAG(s) 'example_complex' retrieved from /home/airflow/.local/lib/python3.12/site-packages/airflow/example_dags/example_complex.py
[2026-06-30T08:45:21.493+0000] {logging_mixin.py:188} INFO - [2026-06-30T08:45:21.493+0000] {dag.py:3096} INFO - Sync 1 DAGs
[2026-06-30T08:45:21.502+0000] {logging_mixin.py:188} INFO - [2026-06-30T08:45:21.502+0000] {dag.py:3954} INFO - Setting next_dagrun for example_complex to None, run_after=None
[2026-06-30T08:45:21.514+0000] {processor.py:183} INFO - Processing /home/airflow/.local/lib/python3.12/site-packages/airflow/example_dags/example_complex.py took 0.056 seconds
[2026-06-30T08:45:52.094+0000] {processor.py:161} INFO - Started process (PID=24869) to work on /home/airflow/.local/lib/python3.12/site-packages/airflow/example_dags/example_complex.py
[2026-06-30T08:45:52.095+0000] {processor.py:830} INFO - Processing file /home/airflow/.local/lib/python3.12/site-packages/airflow/example_dags/example_complex.py for tasks to queue
[2026-06-30T08:45:52.096+0000] {logging_mixin.py:188} INFO - [2026-06-30T08:45:52.096+0000] {dagbag.py:545} INFO - Filling up the DagBag from /home/airflow/.local/lib/python3.12/site-packages/airflow/example_dags/example_complex.py
[2026-06-30T08:45:52.103+0000] {processor.py:840} INFO - DAG(s) 'example_complex' retrieved from /home/airflow/.local/lib/python3.12/site-packages/airflow/example_dags/example_complex.py
[2026-06-30T08:45:52.125+0000] {logging_mixin.py:188} INFO - [2026-06-30T08:45:52.125+0000] {dag.py:3096} INFO - Sync 1 DAGs
[2026-06-30T08:45:52.134+0000] {logging_mixin.py:188} INFO - [2026-06-30T08:45:52.134+0000] {dag.py:3954} INFO - Setting next_dagrun for example_complex to None, run_after=None
[2026-06-30T08:45:52.148+0000] {processor.py:183} INFO - Processing /home/airflow/.local/lib/python3.12/site-packages/airflow/example_dags/example_complex.py took 0.059 seconds
[2026-06-30T08:46:22.679+0000] {processor.py:161} INFO - Started process (PID=24927) to work on /home/airflow/.local/lib/python3.12/site-packages/airflow/example_dags/example_complex.py
[2026-06-30T08:46:22.680+0000] {processor.py:830} INFO - Processing file /home/airflow/.local/lib/python3.12/site-packages/airflow/example_dags/example_complex.py for tasks to queue
[2026-06-30T08:46:22.681+0000] {logging_mixin.py:188} INFO - [2026-06-30T08:46:22.681+0000] {dagbag.py:545} INFO - Filling up the DagBag from /home/airflow/.local/lib/python3.12/site-packages/airflow/example_dags/example_complex.py
[2026-06-30T08:46:22.690+0000] {processor.py:840} INFO - DAG(s) 'example_complex' retrieved from /home/airflow/.local/lib/python3.12/site-packages/airflow/example_dags/example_complex.py
[2026-06-30T08:46:22.717+0000] {logging_mixin.py:188} INFO - [2026-06-30T08:46:22.717+0000] {dag.py:3096} INFO - Sync 1 DAGs
[2026-06-30T08:46:22.729+0000] {logging_mixin.py:188} INFO - [2026-06-30T08:46:22.729+0000] {dag.py:3954} INFO - Setting next_dagrun for example_complex to None, run_after=None
[2026-06-30T08:46:22.752+0000] {processor.py:183} INFO - Processing /home/airflow/.local/lib/python3.12/site-packages/airflow/example_dags/example_complex.py took 0.079 seconds
[2026-06-30T08:46:53.173+0000] {processor.py:161} INFO - Started process (PID=24985) to work on /home/airflow/.local/lib/python3.12/site-packages/airflow/example_dags/example_complex.py
[2026-06-30T08:46:53.174+0000] {processor.py:830} INFO - Processing file /home/airflow/.local/lib/python3.12/site-packages/airflow/example_dags/example_complex.py for tasks to queue
[2026-06-30T08:46:53.175+0000] {logging_mixin.py:188} INFO - [2026-06-30T08:46:53.175+0000] {dagbag.py:545} INFO - Filling up the DagBag from /home/airflow/.local/lib/python3.12/site-packages/airflow/example_dags/example_complex.py
[2026-06-30T08:46:53.188+0000] {processor.py:840} INFO - DAG(s) 'example_complex' retrieved from /home/airflow/.local/lib/python3.12/site-packages/airflow/example_dags/example_complex.py
[2026-06-30T08:46:53.216+0000] {logging_mixin.py:188} INFO - [2026-06-30T08:46:53.216+0000] {dag.py:3096} INFO - Sync 1 DAGs
[2026-06-30T08:46:53.226+0000] {logging_mixin.py:188} INFO - [2026-06-30T08:46:53.226+0000] {dag.py:3954} INFO - Setting next_dagrun for example_complex to None, run_after=None
[2026-06-30T08:46:53.255+0000] {processor.py:183} INFO - Processing /home/airflow/.local/lib/python3.12/site-packages/airflow/example_dags/example_complex.py took 0.086 seconds
[2026-06-30T08:47:23.691+0000] {processor.py:161} INFO - Started process (PID=25043) to work on /home/airflow/.local/lib/python3.12/site-packages/airflow/example_dags/example_complex.py
[2026-06-30T08:47:23.692+0000] {processor.py:830} INFO - Processing file /home/airflow/.local/lib/python3.12/site-packages/airflow/example_dags/example_complex.py for tasks to queue
[2026-06-30T08:47:23.692+0000] {logging_mixin.py:188} INFO - [2026-06-30T08:47:23.692+0000] {dagbag.py:545} INFO - Filling up the DagBag from /home/airflow/.local/lib/python3.12/site-packages/airflow/example_dags/example_complex.py
[2026-06-30T08:47:23.699+0000] {processor.py:840} INFO - DAG(s) 'example_complex' retrieved from /home/airflow/.local/lib/python3.12/site-packages/airflow/example_dags/example_complex.py
[2026-06-30T08:47:23.721+0000] {logging_mixin.py:188} INFO - [2026-06-30T08:47:23.720+0000] {dag.py:3096} INFO - Sync 1 DAGs
[2026-06-30T08:47:23.730+0000] {logging_mixin.py:188} INFO - [2026-06-30T08:47:23.729+0000] {dag.py:3954} INFO - Setting next_dagrun for example_complex to None, run_after=None
[2026-06-30T08:47:23.751+0000] {processor.py:183} INFO - Processing /home/airflow/.local/lib/python3.12/site-packages/airflow/example_dags/example_complex.py took 0.065 seconds
[2026-06-30T08:47:54.215+0000] {processor.py:161} INFO - Started process (PID=25101) to work on /home/airflow/.local/lib/python3.12/site-packages/airflow/example_dags/example_complex.py
[2026-06-30T08:47:54.216+0000] {processor.py:830} INFO - Processing file /home/airflow/.local/lib/python3.12/site-packages/airflow/example_dags/example_complex.py for tasks to queue
[2026-06-30T08:47:54.217+0000] {logging_mixin.py:188} INFO - [2026-06-30T08:47:54.216+0000] {dagbag.py:545} INFO - Filling up the DagBag from /home/airflow/.local/lib/python3.12/site-packages/airflow/example_dags/example_complex.py
[2026-06-30T08:47:54.224+0000] {processor.py:840} INFO - DAG(s) 'example_complex' retrieved from /home/airflow/.local/lib/python3.12/site-packages/airflow/example_dags/example_complex.py
[2026-06-30T08:47:54.252+0000] {logging_mixin.py:188} INFO - [2026-06-30T08:47:54.252+0000] {dag.py:3096} INFO - Sync 1 DAGs
[2026-06-30T08:47:54.264+0000] {logging_mixin.py:188} INFO - [2026-06-30T08:47:54.264+0000] {dag.py:3954} INFO - Setting next_dagrun for example_complex to None, run_after=None
[2026-06-30T08:47:54.282+0000] {processor.py:183} INFO - Processing /home/airflow/.local/lib/python3.12/site-packages/airflow/example_dags/example_complex.py took 0.072 seconds
[2026-06-30T08:48:24.819+0000] {processor.py:161} INFO - Started process (PID=25159) to work on /home/airflow/.local/lib/python3.12/site-packages/airflow/example_dags/example_complex.py
[2026-06-30T08:48:24.820+0000] {processor.py:830} INFO - Processing file /home/airflow/.local/lib/python3.12/site-packages/airflow/example_dags/example_complex.py for tasks to queue
[2026-06-30T08:48:24.821+0000] {logging_mixin.py:188} INFO - [2026-06-30T08:48:24.821+0000] {dagbag.py:545} INFO - Filling up the DagBag from /home/airflow/.local/lib/python3.12/site-packages/airflow/example_dags/example_complex.py
[2026-06-30T08:48:24.828+0000] {processor.py:840} INFO - DAG(s) 'example_complex' retrieved from /home/airflow/.local/lib/python3.12/site-packages/airflow/example_dags/example_complex.py
[2026-06-30T08:48:24.850+0000] {logging_mixin.py:188} INFO - [2026-06-30T08:48:24.850+0000] {dag.py:3096} INFO - Sync 1 DAGs
[2026-06-30T08:48:24.859+0000] {logging_mixin.py:188} INFO - [2026-06-30T08:48:24.859+0000] {dag.py:3954} INFO - Setting next_dagrun for example_complex to None, run_after=None
[2026-06-30T08:48:24.872+0000] {processor.py:183} INFO - Processing /home/airflow/.local/lib/python3.12/site-packages/airflow/example_dags/example_complex.py took 0.058 seconds
[2026-06-30T08:48:55.343+0000] {processor.py:161} INFO - Started process (PID=25217) to work on /home/airflow/.local/lib/python3.12/site-packages/airflow/example_dags/example_complex.py
[2026-06-30T08:48:55.344+0000] {processor.py:830} INFO - Processing file /home/airflow/.local/lib/python3.12/site-packages/airflow/example_dags/example_complex.py for tasks to queue
[2026-06-30T08:48:55.344+0000] {logging_mixin.py:188} INFO - [2026-06-30T08:48:55.344+0000] {dagbag.py:545} INFO - Filling up the DagBag from /home/airflow/.local/lib/python3.12/site-packages/airflow/example_dags/example_complex.py
[2026-06-30T08:48:55.351+0000] {processor.py:840} INFO - DAG(s) 'example_complex' retrieved from /home/airflow/.local/lib/python3.12/site-packages/airflow/example_dags/example_complex.py
[2026-06-30T08:48:55.372+0000] {logging_mixin.py:188} INFO - [2026-06-30T08:48:55.372+0000] {dag.py:3096} INFO - Sync 1 DAGs
[2026-06-30T08:48:55.381+0000] {logging_mixin.py:188} INFO - [2026-06-30T08:48:55.381+0000] {dag.py:3954} INFO - Setting next_dagrun for example_complex to None, run_after=None
[2026-06-30T08:48:55.395+0000] {processor.py:183} INFO - Processing /home/airflow/.local/lib/python3.12/site-packages/airflow/example_dags/example_complex.py took 0.055 seconds
[2026-06-30T08:49:25.884+0000] {processor.py:161} INFO - Started process (PID=25275) to work on /home/airflow/.local/lib/python3.12/site-packages/airflow/example_dags/example_complex.py
[2026-06-30T08:49:25.885+0000] {processor.py:830} INFO - Processing file /home/airflow/.local/lib/python3.12/site-packages/airflow/example_dags/example_complex.py for tasks to queue
[2026-06-30T08:49:25.886+0000] {logging_mixin.py:188} INFO - [2026-06-30T08:49:25.885+0000] {dagbag.py:545} INFO - Filling up the DagBag from /home/airflow/.local/lib/python3.12/site-packages/airflow/example_dags/example_complex.py
[2026-06-30T08:49:25.894+0000] {processor.py:840} INFO - DAG(s) 'example_complex' retrieved from /home/airflow/.local/lib/python3.12/site-packages/airflow/example_dags/example_complex.py
[2026-06-30T08:49:25.927+0000] {logging_mixin.py:188} INFO - [2026-06-30T08:49:25.927+0000] {dag.py:3096} INFO - Sync 1 DAGs
[2026-06-30T08:49:25.940+0000] {logging_mixin.py:188} INFO - [2026-06-30T08:49:25.940+0000] {dag.py:3954} INFO - Setting next_dagrun for example_complex to None, run_after=None
[2026-06-30T08:49:25.960+0000] {processor.py:183} INFO - Processing /home/airflow/.local/lib/python3.12/site-packages/airflow/example_dags/example_complex.py took 0.081 seconds
[2026-06-30T08:49:56.492+0000] {processor.py:161} INFO - Started process (PID=25332) to work on /home/airflow/.local/lib/python3.12/site-packages/airflow/example_dags/example_complex.py
[2026-06-30T08:49:56.492+0000] {processor.py:830} INFO - Processing file /home/airflow/.local/lib/python3.12/site-packages/airflow/example_dags/example_complex.py for tasks to queue
[2026-06-30T08:49:56.493+0000] {logging_mixin.py:188} INFO - [2026-06-30T08:49:56.493+0000] {dagbag.py:545} INFO - Filling up the DagBag from /home/airflow/.local/lib/python3.12/site-packages/airflow/example_dags/example_complex.py
[2026-06-30T08:49:56.500+0000] {processor.py:840} INFO - DAG(s) 'example_complex' retrieved from /home/airflow/.local/lib/python3.12/site-packages/airflow/example_dags/example_complex.py
[2026-06-30T08:49:56.527+0000] {logging_mixin.py:188} INFO - [2026-06-30T08:49:56.527+0000] {dag.py:3096} INFO - Sync 1 DAGs
[2026-06-30T08:49:56.538+0000] {logging_mixin.py:188} INFO - [2026-06-30T08:49:56.538+0000] {dag.py:3954} INFO - Setting next_dagrun for example_complex to None, run_after=None
[2026-06-30T08:49:56.552+0000] {processor.py:183} INFO - Processing /home/airflow/.local/lib/python3.12/site-packages/airflow/example_dags/example_complex.py took 0.065 seconds
[2026-06-30T08:50:26.995+0000] {processor.py:161} INFO - Started process (PID=25390) to work on /home/airflow/.local/lib/python3.12/site-packages/airflow/example_dags/example_complex.py
[2026-06-30T08:50:26.996+0000] {processor.py:830} INFO - Processing file /home/airflow/.local/lib/python3.12/site-packages/airflow/example_dags/example_complex.py for tasks to queue
[2026-06-30T08:50:26.997+0000] {logging_mixin.py:188} INFO - [2026-06-30T08:50:26.996+0000] {dagbag.py:545} INFO - Filling up the DagBag from /home/airflow/.local/lib/python3.12/site-packages/airflow/example_dags/example_complex.py
[2026-06-30T08:50:27.004+0000] {processor.py:840} INFO - DAG(s) 'example_complex' retrieved from /home/airflow/.local/lib/python3.12/site-packages/airflow/example_dags/example_complex.py
[2026-06-30T08:50:27.026+0000] {logging_mixin.py:188} INFO - [2026-06-30T08:50:27.025+0000] {dag.py:3096} INFO - Sync 1 DAGs
[2026-06-30T08:50:27.034+0000] {logging_mixin.py:188} INFO - [2026-06-30T08:50:27.034+0000] {dag.py:3954} INFO - Setting next_dagrun for example_complex to None, run_after=None
[2026-06-30T08:50:27.050+0000] {processor.py:183} INFO - Processing /home/airflow/.local/lib/python3.12/site-packages/airflow/example_dags/example_complex.py took 0.059 seconds
[2026-06-30T08:50:57.387+0000] {processor.py:161} INFO - Started process (PID=25448) to work on /home/airflow/.local/lib/python3.12/site-packages/airflow/example_dags/example_complex.py
[2026-06-30T08:50:57.388+0000] {processor.py:830} INFO - Processing file /home/airflow/.local/lib/python3.12/site-packages/airflow/example_dags/example_complex.py for tasks to queue
[2026-06-30T08:50:57.389+0000] {logging_mixin.py:188} INFO - [2026-06-30T08:50:57.389+0000] {dagbag.py:545} INFO - Filling up the DagBag from /home/airflow/.local/lib/python3.12/site-packages/airflow/example_dags/example_complex.py
[2026-06-30T08:50:57.396+0000] {processor.py:840} INFO - DAG(s) 'example_complex' retrieved from /home/airflow/.local/lib/python3.12/site-packages/airflow/example_dags/example_complex.py
[2026-06-30T08:50:57.419+0000] {logging_mixin.py:188} INFO - [2026-06-30T08:50:57.419+0000] {dag.py:3096} INFO - Sync 1 DAGs
[2026-06-30T08:50:57.428+0000] {logging_mixin.py:188} INFO - [2026-06-30T08:50:57.428+0000] {dag.py:3954} INFO - Setting next_dagrun for example_complex to None, run_after=None
[2026-06-30T08:50:57.457+0000] {processor.py:183} INFO - Processing /home/airflow/.local/lib/python3.12/site-packages/airflow/example_dags/example_complex.py took 0.074 seconds
[2026-06-30T08:51:28.115+0000] {processor.py:161} INFO - Started process (PID=25506) to work on /home/airflow/.local/lib/python3.12/site-packages/airflow/example_dags/example_complex.py
[2026-06-30T08:51:28.116+0000] {processor.py:830} INFO - Processing file /home/airflow/.local/lib/python3.12/site-packages/airflow/example_dags/example_complex.py for tasks to queue
[2026-06-30T08:51:28.117+0000] {logging_mixin.py:188} INFO - [2026-06-30T08:51:28.117+0000] {dagbag.py:545} INFO - Filling up the DagBag from /home/airflow/.local/lib/python3.12/site-packages/airflow/example_dags/example_complex.py
[2026-06-30T08:51:28.125+0000] {processor.py:840} INFO - DAG(s) 'example_complex' retrieved from /home/airflow/.local/lib/python3.12/site-packages/airflow/example_dags/example_complex.py
[2026-06-30T08:51:28.147+0000] {logging_mixin.py:188} INFO - [2026-06-30T08:51:28.147+0000] {dag.py:3096} INFO - Sync 1 DAGs
[2026-06-30T08:51:28.156+0000] {logging_mixin.py:188} INFO - [2026-06-30T08:51:28.156+0000] {dag.py:3954} INFO - Setting next_dagrun for example_complex to None, run_after=None
[2026-06-30T08:51:28.170+0000] {processor.py:183} INFO - Processing /home/airflow/.local/lib/python3.12/site-packages/airflow/example_dags/example_complex.py took 0.060 seconds
[2026-06-30T08:51:58.340+0000] {processor.py:161} INFO - Started process (PID=25563) to work on /home/airflow/.local/lib/python3.12/site-packages/airflow/example_dags/example_complex.py
[2026-06-30T08:51:58.341+0000] {processor.py:830} INFO - Processing file /home/airflow/.local/lib/python3.12/site-packages/airflow/example_dags/example_complex.py for tasks to queue
[2026-06-30T08:51:58.342+0000] {logging_mixin.py:188} INFO - [2026-06-30T08:51:58.341+0000] {dagbag.py:545} INFO - Filling up the DagBag from /home/airflow/.local/lib/python3.12/site-packages/airflow/example_dags/example_complex.py
[2026-06-30T08:51:58.350+0000] {processor.py:840} INFO - DAG(s) 'example_complex' retrieved from /home/airflow/.local/lib/python3.12/site-packages/airflow/example_dags/example_complex.py
[2026-06-30T08:51:58.372+0000] {logging_mixin.py:188} INFO - [2026-06-30T08:51:58.372+0000] {dag.py:3096} INFO - Sync 1 DAGs
[2026-06-30T08:51:58.381+0000] {logging_mixin.py:188} INFO - [2026-06-30T08:51:58.381+0000] {dag.py:3954} INFO - Setting next_dagrun for example_complex to None, run_after=None
[2026-06-30T08:51:58.395+0000] {processor.py:183} INFO - Processing /home/airflow/.local/lib/python3.12/site-packages/airflow/example_dags/example_complex.py took 0.060 seconds
[2026-06-30T08:52:29.878+0000] {processor.py:161} INFO - Started process (PID=25621) to work on /home/airflow/.local/lib/python3.12/site-packages/airflow/example_dags/example_complex.py
[2026-06-30T08:52:29.878+0000] {processor.py:830} INFO - Processing file /home/airflow/.local/lib/python3.12/site-packages/airflow/example_dags/example_complex.py for tasks to queue
[2026-06-30T08:52:29.879+0000] {logging_mixin.py:188} INFO - [2026-06-30T08:52:29.879+0000] {dagbag.py:545} INFO - Filling up the DagBag from /home/airflow/.local/lib/python3.12/site-packages/airflow/example_dags/example_complex.py
[2026-06-30T08:52:29.886+0000] {processor.py:840} INFO - DAG(s) 'example_complex' retrieved from /home/airflow/.local/lib/python3.12/site-packages/airflow/example_dags/example_complex.py
[2026-06-30T08:52:29.907+0000] {logging_mixin.py:188} INFO - [2026-06-30T08:52:29.907+0000] {dag.py:3096} INFO - Sync 1 DAGs
[2026-06-30T08:52:29.915+0000] {logging_mixin.py:188} INFO - [2026-06-30T08:52:29.915+0000] {dag.py:3954} INFO - Setting next_dagrun for example_complex to None, run_after=None
[2026-06-30T08:52:29.929+0000] {processor.py:183} INFO - Processing /home/airflow/.local/lib/python3.12/site-packages/airflow/example_dags/example_complex.py took 0.055 seconds
[2026-06-30T08:53:01.275+0000] {processor.py:161} INFO - Started process (PID=25681) to work on /home/airflow/.local/lib/python3.12/site-packages/airflow/example_dags/example_complex.py
[2026-06-30T08:53:01.276+0000] {processor.py:830} INFO - Processing file /home/airflow/.local/lib/python3.12/site-packages/airflow/example_dags/example_complex.py for tasks to queue
[2026-06-30T08:53:01.277+0000] {logging_mixin.py:188} INFO - [2026-06-30T08:53:01.277+0000] {dagbag.py:545} INFO - Filling up the DagBag from /home/airflow/.local/lib/python3.12/site-packages/airflow/example_dags/example_complex.py
[2026-06-30T08:53:01.284+0000] {processor.py:840} INFO - DAG(s) 'example_complex' retrieved from /home/airflow/.local/lib/python3.12/site-packages/airflow/example_dags/example_complex.py
[2026-06-30T08:53:01.308+0000] {logging_mixin.py:188} INFO - [2026-06-30T08:53:01.308+0000] {dag.py:3096} INFO - Sync 1 DAGs
[2026-06-30T08:53:01.433+0000] {logging_mixin.py:188} INFO - [2026-06-30T08:53:01.433+0000] {dag.py:3954} INFO - Setting next_dagrun for example_complex to None, run_after=None
[2026-06-30T08:53:01.447+0000] {processor.py:183} INFO - Processing /home/airflow/.local/lib/python3.12/site-packages/airflow/example_dags/example_complex.py took 0.177 seconds
