[2026-06-30T08:05:47.903+0000] {processor.py:161} INFO - Started process (PID=21750) to work on /home/airflow/.local/lib/python3.12/site-packages/airflow/example_dags/example_latest_only_with_trigger.py
[2026-06-30T08:05:47.905+0000] {processor.py:830} INFO - Processing file /home/airflow/.local/lib/python3.12/site-packages/airflow/example_dags/example_latest_only_with_trigger.py for tasks to queue
[2026-06-30T08:05:47.906+0000] {logging_mixin.py:188} INFO - [2026-06-30T08:05:47.906+0000] {dagbag.py:545} INFO - Filling up the DagBag from /home/airflow/.local/lib/python3.12/site-packages/airflow/example_dags/example_latest_only_with_trigger.py
[2026-06-30T08:05:47.914+0000] {processor.py:840} INFO - DAG(s) 'latest_only_with_trigger' retrieved from /home/airflow/.local/lib/python3.12/site-packages/airflow/example_dags/example_latest_only_with_trigger.py
[2026-06-30T08:05:47.941+0000] {logging_mixin.py:188} INFO - [2026-06-30T08:05:47.940+0000] {dag.py:3096} INFO - Sync 1 DAGs
[2026-06-30T08:05:47.970+0000] {logging_mixin.py:188} INFO - [2026-06-30T08:05:47.970+0000] {dag.py:3954} INFO - Setting next_dagrun for latest_only_with_trigger to 2026-06-30 04:00:00+00:00, run_after=2026-06-30 08:00:00+00:00
[2026-06-30T08:05:47.989+0000] {processor.py:183} INFO - Processing /home/airflow/.local/lib/python3.12/site-packages/airflow/example_dags/example_latest_only_with_trigger.py took 0.094 seconds
[2026-06-30T08:18:54.670+0000] {processor.py:161} INFO - Started process (PID=21802) to work on /home/airflow/.local/lib/python3.12/site-packages/airflow/example_dags/example_latest_only_with_trigger.py
[2026-06-30T08:18:54.672+0000] {processor.py:830} INFO - Processing file /home/airflow/.local/lib/python3.12/site-packages/airflow/example_dags/example_latest_only_with_trigger.py for tasks to queue
[2026-06-30T08:18:54.673+0000] {logging_mixin.py:188} INFO - [2026-06-30T08:18:54.673+0000] {dagbag.py:545} INFO - Filling up the DagBag from /home/airflow/.local/lib/python3.12/site-packages/airflow/example_dags/example_latest_only_with_trigger.py
[2026-06-30T08:18:54.681+0000] {processor.py:840} INFO - DAG(s) 'latest_only_with_trigger' retrieved from /home/airflow/.local/lib/python3.12/site-packages/airflow/example_dags/example_latest_only_with_trigger.py
[2026-06-30T08:18:54.704+0000] {logging_mixin.py:188} INFO - [2026-06-30T08:18:54.703+0000] {dag.py:3096} INFO - Sync 1 DAGs
[2026-06-30T08:18:54.722+0000] {logging_mixin.py:188} INFO - [2026-06-30T08:18:54.722+0000] {dag.py:3954} INFO - Setting next_dagrun for latest_only_with_trigger to 2026-06-30 04:00:00+00:00, run_after=2026-06-30 08:00:00+00:00
[2026-06-30T08:18:54.742+0000] {processor.py:183} INFO - Processing /home/airflow/.local/lib/python3.12/site-packages/airflow/example_dags/example_latest_only_with_trigger.py took 0.078 seconds
[2026-06-30T08:19:25.545+0000] {processor.py:161} INFO - Started process (PID=21860) to work on /home/airflow/.local/lib/python3.12/site-packages/airflow/example_dags/example_latest_only_with_trigger.py
[2026-06-30T08:19:25.546+0000] {processor.py:830} INFO - Processing file /home/airflow/.local/lib/python3.12/site-packages/airflow/example_dags/example_latest_only_with_trigger.py for tasks to queue
[2026-06-30T08:19:25.547+0000] {logging_mixin.py:188} INFO - [2026-06-30T08:19:25.547+0000] {dagbag.py:545} INFO - Filling up the DagBag from /home/airflow/.local/lib/python3.12/site-packages/airflow/example_dags/example_latest_only_with_trigger.py
[2026-06-30T08:19:25.552+0000] {processor.py:840} INFO - DAG(s) 'latest_only_with_trigger' retrieved from /home/airflow/.local/lib/python3.12/site-packages/airflow/example_dags/example_latest_only_with_trigger.py
[2026-06-30T08:19:25.568+0000] {logging_mixin.py:188} INFO - [2026-06-30T08:19:25.567+0000] {dag.py:3096} INFO - Sync 1 DAGs
[2026-06-30T08:19:25.582+0000] {logging_mixin.py:188} INFO - [2026-06-30T08:19:25.582+0000] {dag.py:3954} INFO - Setting next_dagrun for latest_only_with_trigger to 2026-06-30 04:00:00+00:00, run_after=2026-06-30 08:00:00+00:00
[2026-06-30T08:19:25.596+0000] {processor.py:183} INFO - Processing /home/airflow/.local/lib/python3.12/site-packages/airflow/example_dags/example_latest_only_with_trigger.py took 0.055 seconds
[2026-06-30T08:19:55.751+0000] {processor.py:161} INFO - Started process (PID=21918) to work on /home/airflow/.local/lib/python3.12/site-packages/airflow/example_dags/example_latest_only_with_trigger.py
[2026-06-30T08:19:55.752+0000] {processor.py:830} INFO - Processing file /home/airflow/.local/lib/python3.12/site-packages/airflow/example_dags/example_latest_only_with_trigger.py for tasks to queue
[2026-06-30T08:19:55.753+0000] {logging_mixin.py:188} INFO - [2026-06-30T08:19:55.753+0000] {dagbag.py:545} INFO - Filling up the DagBag from /home/airflow/.local/lib/python3.12/site-packages/airflow/example_dags/example_latest_only_with_trigger.py
[2026-06-30T08:19:55.758+0000] {processor.py:840} INFO - DAG(s) 'latest_only_with_trigger' retrieved from /home/airflow/.local/lib/python3.12/site-packages/airflow/example_dags/example_latest_only_with_trigger.py
[2026-06-30T08:19:55.774+0000] {logging_mixin.py:188} INFO - [2026-06-30T08:19:55.774+0000] {dag.py:3096} INFO - Sync 1 DAGs
[2026-06-30T08:19:55.790+0000] {logging_mixin.py:188} INFO - [2026-06-30T08:19:55.790+0000] {dag.py:3954} INFO - Setting next_dagrun for latest_only_with_trigger to 2026-06-30 04:00:00+00:00, run_after=2026-06-30 08:00:00+00:00
[2026-06-30T08:19:55.803+0000] {processor.py:183} INFO - Processing /home/airflow/.local/lib/python3.12/site-packages/airflow/example_dags/example_latest_only_with_trigger.py took 0.055 seconds
[2026-06-30T08:20:26.040+0000] {processor.py:161} INFO - Started process (PID=21976) to work on /home/airflow/.local/lib/python3.12/site-packages/airflow/example_dags/example_latest_only_with_trigger.py
[2026-06-30T08:20:26.041+0000] {processor.py:830} INFO - Processing file /home/airflow/.local/lib/python3.12/site-packages/airflow/example_dags/example_latest_only_with_trigger.py for tasks to queue
[2026-06-30T08:20:26.042+0000] {logging_mixin.py:188} INFO - [2026-06-30T08:20:26.042+0000] {dagbag.py:545} INFO - Filling up the DagBag from /home/airflow/.local/lib/python3.12/site-packages/airflow/example_dags/example_latest_only_with_trigger.py
[2026-06-30T08:20:26.047+0000] {processor.py:840} INFO - DAG(s) 'latest_only_with_trigger' retrieved from /home/airflow/.local/lib/python3.12/site-packages/airflow/example_dags/example_latest_only_with_trigger.py
[2026-06-30T08:20:26.061+0000] {logging_mixin.py:188} INFO - [2026-06-30T08:20:26.061+0000] {dag.py:3096} INFO - Sync 1 DAGs
[2026-06-30T08:20:26.075+0000] {logging_mixin.py:188} INFO - [2026-06-30T08:20:26.074+0000] {dag.py:3954} INFO - Setting next_dagrun for latest_only_with_trigger to 2026-06-30 04:00:00+00:00, run_after=2026-06-30 08:00:00+00:00
[2026-06-30T08:20:26.086+0000] {processor.py:183} INFO - Processing /home/airflow/.local/lib/python3.12/site-packages/airflow/example_dags/example_latest_only_with_trigger.py took 0.050 seconds
[2026-06-30T08:20:56.397+0000] {processor.py:161} INFO - Started process (PID=22034) to work on /home/airflow/.local/lib/python3.12/site-packages/airflow/example_dags/example_latest_only_with_trigger.py
[2026-06-30T08:20:56.398+0000] {processor.py:830} INFO - Processing file /home/airflow/.local/lib/python3.12/site-packages/airflow/example_dags/example_latest_only_with_trigger.py for tasks to queue
[2026-06-30T08:20:56.399+0000] {logging_mixin.py:188} INFO - [2026-06-30T08:20:56.399+0000] {dagbag.py:545} INFO - Filling up the DagBag from /home/airflow/.local/lib/python3.12/site-packages/airflow/example_dags/example_latest_only_with_trigger.py
[2026-06-30T08:20:56.404+0000] {processor.py:840} INFO - DAG(s) 'latest_only_with_trigger' retrieved from /home/airflow/.local/lib/python3.12/site-packages/airflow/example_dags/example_latest_only_with_trigger.py
[2026-06-30T08:20:56.423+0000] {logging_mixin.py:188} INFO - [2026-06-30T08:20:56.423+0000] {dag.py:3096} INFO - Sync 1 DAGs
[2026-06-30T08:20:56.438+0000] {logging_mixin.py:188} INFO - [2026-06-30T08:20:56.438+0000] {dag.py:3954} INFO - Setting next_dagrun for latest_only_with_trigger to 2026-06-30 04:00:00+00:00, run_after=2026-06-30 08:00:00+00:00
[2026-06-30T08:20:56.451+0000] {processor.py:183} INFO - Processing /home/airflow/.local/lib/python3.12/site-packages/airflow/example_dags/example_latest_only_with_trigger.py took 0.058 seconds
[2026-06-30T08:21:26.755+0000] {processor.py:161} INFO - Started process (PID=22092) to work on /home/airflow/.local/lib/python3.12/site-packages/airflow/example_dags/example_latest_only_with_trigger.py
[2026-06-30T08:21:26.756+0000] {processor.py:830} INFO - Processing file /home/airflow/.local/lib/python3.12/site-packages/airflow/example_dags/example_latest_only_with_trigger.py for tasks to queue
[2026-06-30T08:21:26.757+0000] {logging_mixin.py:188} INFO - [2026-06-30T08:21:26.757+0000] {dagbag.py:545} INFO - Filling up the DagBag from /home/airflow/.local/lib/python3.12/site-packages/airflow/example_dags/example_latest_only_with_trigger.py
[2026-06-30T08:21:26.763+0000] {processor.py:840} INFO - DAG(s) 'latest_only_with_trigger' retrieved from /home/airflow/.local/lib/python3.12/site-packages/airflow/example_dags/example_latest_only_with_trigger.py
[2026-06-30T08:21:26.786+0000] {logging_mixin.py:188} INFO - [2026-06-30T08:21:26.785+0000] {dag.py:3096} INFO - Sync 1 DAGs
[2026-06-30T08:21:26.805+0000] {logging_mixin.py:188} INFO - [2026-06-30T08:21:26.805+0000] {dag.py:3954} INFO - Setting next_dagrun for latest_only_with_trigger to 2026-06-30 04:00:00+00:00, run_after=2026-06-30 08:00:00+00:00
[2026-06-30T08:21:26.826+0000] {processor.py:183} INFO - Processing /home/airflow/.local/lib/python3.12/site-packages/airflow/example_dags/example_latest_only_with_trigger.py took 0.076 seconds
[2026-06-30T08:21:57.037+0000] {processor.py:161} INFO - Started process (PID=22150) to work on /home/airflow/.local/lib/python3.12/site-packages/airflow/example_dags/example_latest_only_with_trigger.py
[2026-06-30T08:21:57.038+0000] {processor.py:830} INFO - Processing file /home/airflow/.local/lib/python3.12/site-packages/airflow/example_dags/example_latest_only_with_trigger.py for tasks to queue
[2026-06-30T08:21:57.039+0000] {logging_mixin.py:188} INFO - [2026-06-30T08:21:57.039+0000] {dagbag.py:545} INFO - Filling up the DagBag from /home/airflow/.local/lib/python3.12/site-packages/airflow/example_dags/example_latest_only_with_trigger.py
[2026-06-30T08:21:57.044+0000] {processor.py:840} INFO - DAG(s) 'latest_only_with_trigger' retrieved from /home/airflow/.local/lib/python3.12/site-packages/airflow/example_dags/example_latest_only_with_trigger.py
[2026-06-30T08:21:57.060+0000] {logging_mixin.py:188} INFO - [2026-06-30T08:21:57.060+0000] {dag.py:3096} INFO - Sync 1 DAGs
[2026-06-30T08:21:57.075+0000] {logging_mixin.py:188} INFO - [2026-06-30T08:21:57.075+0000] {dag.py:3954} INFO - Setting next_dagrun for latest_only_with_trigger to 2026-06-30 04:00:00+00:00, run_after=2026-06-30 08:00:00+00:00
[2026-06-30T08:21:57.088+0000] {processor.py:183} INFO - Processing /home/airflow/.local/lib/python3.12/site-packages/airflow/example_dags/example_latest_only_with_trigger.py took 0.055 seconds
[2026-06-30T08:22:27.580+0000] {processor.py:161} INFO - Started process (PID=22208) to work on /home/airflow/.local/lib/python3.12/site-packages/airflow/example_dags/example_latest_only_with_trigger.py
[2026-06-30T08:22:27.581+0000] {processor.py:830} INFO - Processing file /home/airflow/.local/lib/python3.12/site-packages/airflow/example_dags/example_latest_only_with_trigger.py for tasks to queue
[2026-06-30T08:22:27.582+0000] {logging_mixin.py:188} INFO - [2026-06-30T08:22:27.581+0000] {dagbag.py:545} INFO - Filling up the DagBag from /home/airflow/.local/lib/python3.12/site-packages/airflow/example_dags/example_latest_only_with_trigger.py
[2026-06-30T08:22:27.587+0000] {processor.py:840} INFO - DAG(s) 'latest_only_with_trigger' retrieved from /home/airflow/.local/lib/python3.12/site-packages/airflow/example_dags/example_latest_only_with_trigger.py
[2026-06-30T08:22:27.601+0000] {logging_mixin.py:188} INFO - [2026-06-30T08:22:27.601+0000] {dag.py:3096} INFO - Sync 1 DAGs
[2026-06-30T08:22:27.616+0000] {logging_mixin.py:188} INFO - [2026-06-30T08:22:27.616+0000] {dag.py:3954} INFO - Setting next_dagrun for latest_only_with_trigger to 2026-06-30 04:00:00+00:00, run_after=2026-06-30 08:00:00+00:00
[2026-06-30T08:22:27.629+0000] {processor.py:183} INFO - Processing /home/airflow/.local/lib/python3.12/site-packages/airflow/example_dags/example_latest_only_with_trigger.py took 0.054 seconds
[2026-06-30T08:22:58.083+0000] {processor.py:161} INFO - Started process (PID=22266) to work on /home/airflow/.local/lib/python3.12/site-packages/airflow/example_dags/example_latest_only_with_trigger.py
[2026-06-30T08:22:58.083+0000] {processor.py:830} INFO - Processing file /home/airflow/.local/lib/python3.12/site-packages/airflow/example_dags/example_latest_only_with_trigger.py for tasks to queue
[2026-06-30T08:22:58.084+0000] {logging_mixin.py:188} INFO - [2026-06-30T08:22:58.084+0000] {dagbag.py:545} INFO - Filling up the DagBag from /home/airflow/.local/lib/python3.12/site-packages/airflow/example_dags/example_latest_only_with_trigger.py
[2026-06-30T08:22:58.089+0000] {processor.py:840} INFO - DAG(s) 'latest_only_with_trigger' retrieved from /home/airflow/.local/lib/python3.12/site-packages/airflow/example_dags/example_latest_only_with_trigger.py
[2026-06-30T08:22:58.103+0000] {logging_mixin.py:188} INFO - [2026-06-30T08:22:58.103+0000] {dag.py:3096} INFO - Sync 1 DAGs
[2026-06-30T08:22:58.118+0000] {logging_mixin.py:188} INFO - [2026-06-30T08:22:58.118+0000] {dag.py:3954} INFO - Setting next_dagrun for latest_only_with_trigger to 2026-06-30 04:00:00+00:00, run_after=2026-06-30 08:00:00+00:00
[2026-06-30T08:22:58.130+0000] {processor.py:183} INFO - Processing /home/airflow/.local/lib/python3.12/site-packages/airflow/example_dags/example_latest_only_with_trigger.py took 0.053 seconds
[2026-06-30T08:23:28.448+0000] {processor.py:161} INFO - Started process (PID=22324) to work on /home/airflow/.local/lib/python3.12/site-packages/airflow/example_dags/example_latest_only_with_trigger.py
[2026-06-30T08:23:28.449+0000] {processor.py:830} INFO - Processing file /home/airflow/.local/lib/python3.12/site-packages/airflow/example_dags/example_latest_only_with_trigger.py for tasks to queue
[2026-06-30T08:23:28.450+0000] {logging_mixin.py:188} INFO - [2026-06-30T08:23:28.450+0000] {dagbag.py:545} INFO - Filling up the DagBag from /home/airflow/.local/lib/python3.12/site-packages/airflow/example_dags/example_latest_only_with_trigger.py
[2026-06-30T08:23:28.454+0000] {processor.py:840} INFO - DAG(s) 'latest_only_with_trigger' retrieved from /home/airflow/.local/lib/python3.12/site-packages/airflow/example_dags/example_latest_only_with_trigger.py
[2026-06-30T08:23:28.470+0000] {logging_mixin.py:188} INFO - [2026-06-30T08:23:28.470+0000] {dag.py:3096} INFO - Sync 1 DAGs
[2026-06-30T08:23:28.487+0000] {logging_mixin.py:188} INFO - [2026-06-30T08:23:28.487+0000] {dag.py:3954} INFO - Setting next_dagrun for latest_only_with_trigger to 2026-06-30 04:00:00+00:00, run_after=2026-06-30 08:00:00+00:00
[2026-06-30T08:23:28.499+0000] {processor.py:183} INFO - Processing /home/airflow/.local/lib/python3.12/site-packages/airflow/example_dags/example_latest_only_with_trigger.py took 0.055 seconds
[2026-06-30T08:23:58.946+0000] {processor.py:161} INFO - Started process (PID=22382) to work on /home/airflow/.local/lib/python3.12/site-packages/airflow/example_dags/example_latest_only_with_trigger.py
[2026-06-30T08:23:58.947+0000] {processor.py:830} INFO - Processing file /home/airflow/.local/lib/python3.12/site-packages/airflow/example_dags/example_latest_only_with_trigger.py for tasks to queue
[2026-06-30T08:23:58.948+0000] {logging_mixin.py:188} INFO - [2026-06-30T08:23:58.947+0000] {dagbag.py:545} INFO - Filling up the DagBag from /home/airflow/.local/lib/python3.12/site-packages/airflow/example_dags/example_latest_only_with_trigger.py
[2026-06-30T08:23:58.952+0000] {processor.py:840} INFO - DAG(s) 'latest_only_with_trigger' retrieved from /home/airflow/.local/lib/python3.12/site-packages/airflow/example_dags/example_latest_only_with_trigger.py
[2026-06-30T08:23:58.967+0000] {logging_mixin.py:188} INFO - [2026-06-30T08:23:58.967+0000] {dag.py:3096} INFO - Sync 1 DAGs
[2026-06-30T08:23:58.999+0000] {logging_mixin.py:188} INFO - [2026-06-30T08:23:58.999+0000] {dag.py:3954} INFO - Setting next_dagrun for latest_only_with_trigger to 2026-06-30 04:00:00+00:00, run_after=2026-06-30 08:00:00+00:00
[2026-06-30T08:23:59.014+0000] {processor.py:183} INFO - Processing /home/airflow/.local/lib/python3.12/site-packages/airflow/example_dags/example_latest_only_with_trigger.py took 0.072 seconds
[2026-06-30T08:24:29.623+0000] {processor.py:161} INFO - Started process (PID=22440) to work on /home/airflow/.local/lib/python3.12/site-packages/airflow/example_dags/example_latest_only_with_trigger.py
[2026-06-30T08:24:29.624+0000] {processor.py:830} INFO - Processing file /home/airflow/.local/lib/python3.12/site-packages/airflow/example_dags/example_latest_only_with_trigger.py for tasks to queue
[2026-06-30T08:24:29.629+0000] {logging_mixin.py:188} INFO - [2026-06-30T08:24:29.628+0000] {dagbag.py:545} INFO - Filling up the DagBag from /home/airflow/.local/lib/python3.12/site-packages/airflow/example_dags/example_latest_only_with_trigger.py
[2026-06-30T08:24:29.634+0000] {processor.py:840} INFO - DAG(s) 'latest_only_with_trigger' retrieved from /home/airflow/.local/lib/python3.12/site-packages/airflow/example_dags/example_latest_only_with_trigger.py
[2026-06-30T08:24:29.652+0000] {logging_mixin.py:188} INFO - [2026-06-30T08:24:29.652+0000] {dag.py:3096} INFO - Sync 1 DAGs
[2026-06-30T08:24:29.667+0000] {logging_mixin.py:188} INFO - [2026-06-30T08:24:29.667+0000] {dag.py:3954} INFO - Setting next_dagrun for latest_only_with_trigger to 2026-06-30 04:00:00+00:00, run_after=2026-06-30 08:00:00+00:00
[2026-06-30T08:24:29.681+0000] {processor.py:183} INFO - Processing /home/airflow/.local/lib/python3.12/site-packages/airflow/example_dags/example_latest_only_with_trigger.py took 0.063 seconds
[2026-06-30T08:25:00.276+0000] {processor.py:161} INFO - Started process (PID=22499) to work on /home/airflow/.local/lib/python3.12/site-packages/airflow/example_dags/example_latest_only_with_trigger.py
[2026-06-30T08:25:00.276+0000] {processor.py:830} INFO - Processing file /home/airflow/.local/lib/python3.12/site-packages/airflow/example_dags/example_latest_only_with_trigger.py for tasks to queue
[2026-06-30T08:25:00.277+0000] {logging_mixin.py:188} INFO - [2026-06-30T08:25:00.277+0000] {dagbag.py:545} INFO - Filling up the DagBag from /home/airflow/.local/lib/python3.12/site-packages/airflow/example_dags/example_latest_only_with_trigger.py
[2026-06-30T08:25:00.282+0000] {processor.py:840} INFO - DAG(s) 'latest_only_with_trigger' retrieved from /home/airflow/.local/lib/python3.12/site-packages/airflow/example_dags/example_latest_only_with_trigger.py
[2026-06-30T08:25:00.297+0000] {logging_mixin.py:188} INFO - [2026-06-30T08:25:00.297+0000] {dag.py:3096} INFO - Sync 1 DAGs
[2026-06-30T08:25:00.312+0000] {logging_mixin.py:188} INFO - [2026-06-30T08:25:00.312+0000] {dag.py:3954} INFO - Setting next_dagrun for latest_only_with_trigger to 2026-06-30 04:00:00+00:00, run_after=2026-06-30 08:00:00+00:00
[2026-06-30T08:25:00.325+0000] {processor.py:183} INFO - Processing /home/airflow/.local/lib/python3.12/site-packages/airflow/example_dags/example_latest_only_with_trigger.py took 0.053 seconds
[2026-06-30T08:25:30.546+0000] {processor.py:161} INFO - Started process (PID=22557) to work on /home/airflow/.local/lib/python3.12/site-packages/airflow/example_dags/example_latest_only_with_trigger.py
[2026-06-30T08:25:30.547+0000] {processor.py:830} INFO - Processing file /home/airflow/.local/lib/python3.12/site-packages/airflow/example_dags/example_latest_only_with_trigger.py for tasks to queue
[2026-06-30T08:25:30.548+0000] {logging_mixin.py:188} INFO - [2026-06-30T08:25:30.548+0000] {dagbag.py:545} INFO - Filling up the DagBag from /home/airflow/.local/lib/python3.12/site-packages/airflow/example_dags/example_latest_only_with_trigger.py
[2026-06-30T08:25:30.553+0000] {processor.py:840} INFO - DAG(s) 'latest_only_with_trigger' retrieved from /home/airflow/.local/lib/python3.12/site-packages/airflow/example_dags/example_latest_only_with_trigger.py
[2026-06-30T08:25:30.570+0000] {logging_mixin.py:188} INFO - [2026-06-30T08:25:30.570+0000] {dag.py:3096} INFO - Sync 1 DAGs
[2026-06-30T08:25:30.587+0000] {logging_mixin.py:188} INFO - [2026-06-30T08:25:30.587+0000] {dag.py:3954} INFO - Setting next_dagrun for latest_only_with_trigger to 2026-06-30 04:00:00+00:00, run_after=2026-06-30 08:00:00+00:00
[2026-06-30T08:25:30.602+0000] {processor.py:183} INFO - Processing /home/airflow/.local/lib/python3.12/site-packages/airflow/example_dags/example_latest_only_with_trigger.py took 0.060 seconds
[2026-06-30T08:26:01.358+0000] {processor.py:161} INFO - Started process (PID=22615) to work on /home/airflow/.local/lib/python3.12/site-packages/airflow/example_dags/example_latest_only_with_trigger.py
[2026-06-30T08:26:01.359+0000] {processor.py:830} INFO - Processing file /home/airflow/.local/lib/python3.12/site-packages/airflow/example_dags/example_latest_only_with_trigger.py for tasks to queue
[2026-06-30T08:26:01.360+0000] {logging_mixin.py:188} INFO - [2026-06-30T08:26:01.360+0000] {dagbag.py:545} INFO - Filling up the DagBag from /home/airflow/.local/lib/python3.12/site-packages/airflow/example_dags/example_latest_only_with_trigger.py
[2026-06-30T08:26:01.366+0000] {processor.py:840} INFO - DAG(s) 'latest_only_with_trigger' retrieved from /home/airflow/.local/lib/python3.12/site-packages/airflow/example_dags/example_latest_only_with_trigger.py
[2026-06-30T08:26:01.384+0000] {logging_mixin.py:188} INFO - [2026-06-30T08:26:01.384+0000] {dag.py:3096} INFO - Sync 1 DAGs
[2026-06-30T08:26:01.404+0000] {logging_mixin.py:188} INFO - [2026-06-30T08:26:01.404+0000] {dag.py:3954} INFO - Setting next_dagrun for latest_only_with_trigger to 2026-06-30 04:00:00+00:00, run_after=2026-06-30 08:00:00+00:00
[2026-06-30T08:26:01.419+0000] {processor.py:183} INFO - Processing /home/airflow/.local/lib/python3.12/site-packages/airflow/example_dags/example_latest_only_with_trigger.py took 0.065 seconds
[2026-06-30T08:26:32.244+0000] {processor.py:161} INFO - Started process (PID=22673) to work on /home/airflow/.local/lib/python3.12/site-packages/airflow/example_dags/example_latest_only_with_trigger.py
[2026-06-30T08:26:32.245+0000] {processor.py:830} INFO - Processing file /home/airflow/.local/lib/python3.12/site-packages/airflow/example_dags/example_latest_only_with_trigger.py for tasks to queue
[2026-06-30T08:26:32.246+0000] {logging_mixin.py:188} INFO - [2026-06-30T08:26:32.245+0000] {dagbag.py:545} INFO - Filling up the DagBag from /home/airflow/.local/lib/python3.12/site-packages/airflow/example_dags/example_latest_only_with_trigger.py
[2026-06-30T08:26:32.250+0000] {processor.py:840} INFO - DAG(s) 'latest_only_with_trigger' retrieved from /home/airflow/.local/lib/python3.12/site-packages/airflow/example_dags/example_latest_only_with_trigger.py
[2026-06-30T08:26:32.270+0000] {logging_mixin.py:188} INFO - [2026-06-30T08:26:32.270+0000] {dag.py:3096} INFO - Sync 1 DAGs
[2026-06-30T08:26:32.291+0000] {logging_mixin.py:188} INFO - [2026-06-30T08:26:32.291+0000] {dag.py:3954} INFO - Setting next_dagrun for latest_only_with_trigger to 2026-06-30 04:00:00+00:00, run_after=2026-06-30 08:00:00+00:00
[2026-06-30T08:26:32.307+0000] {processor.py:183} INFO - Processing /home/airflow/.local/lib/python3.12/site-packages/airflow/example_dags/example_latest_only_with_trigger.py took 0.067 seconds
[2026-06-30T08:27:02.740+0000] {processor.py:161} INFO - Started process (PID=22731) to work on /home/airflow/.local/lib/python3.12/site-packages/airflow/example_dags/example_latest_only_with_trigger.py
[2026-06-30T08:27:02.741+0000] {processor.py:830} INFO - Processing file /home/airflow/.local/lib/python3.12/site-packages/airflow/example_dags/example_latest_only_with_trigger.py for tasks to queue
[2026-06-30T08:27:02.742+0000] {logging_mixin.py:188} INFO - [2026-06-30T08:27:02.742+0000] {dagbag.py:545} INFO - Filling up the DagBag from /home/airflow/.local/lib/python3.12/site-packages/airflow/example_dags/example_latest_only_with_trigger.py
[2026-06-30T08:27:02.748+0000] {processor.py:840} INFO - DAG(s) 'latest_only_with_trigger' retrieved from /home/airflow/.local/lib/python3.12/site-packages/airflow/example_dags/example_latest_only_with_trigger.py
[2026-06-30T08:27:02.768+0000] {logging_mixin.py:188} INFO - [2026-06-30T08:27:02.768+0000] {dag.py:3096} INFO - Sync 1 DAGs
[2026-06-30T08:27:02.785+0000] {logging_mixin.py:188} INFO - [2026-06-30T08:27:02.785+0000] {dag.py:3954} INFO - Setting next_dagrun for latest_only_with_trigger to 2026-06-30 04:00:00+00:00, run_after=2026-06-30 08:00:00+00:00
[2026-06-30T08:27:02.800+0000] {processor.py:183} INFO - Processing /home/airflow/.local/lib/python3.12/site-packages/airflow/example_dags/example_latest_only_with_trigger.py took 0.065 seconds
[2026-06-30T08:27:33.211+0000] {processor.py:161} INFO - Started process (PID=22789) to work on /home/airflow/.local/lib/python3.12/site-packages/airflow/example_dags/example_latest_only_with_trigger.py
[2026-06-30T08:27:33.212+0000] {processor.py:830} INFO - Processing file /home/airflow/.local/lib/python3.12/site-packages/airflow/example_dags/example_latest_only_with_trigger.py for tasks to queue
[2026-06-30T08:27:33.213+0000] {logging_mixin.py:188} INFO - [2026-06-30T08:27:33.213+0000] {dagbag.py:545} INFO - Filling up the DagBag from /home/airflow/.local/lib/python3.12/site-packages/airflow/example_dags/example_latest_only_with_trigger.py
[2026-06-30T08:27:33.218+0000] {processor.py:840} INFO - DAG(s) 'latest_only_with_trigger' retrieved from /home/airflow/.local/lib/python3.12/site-packages/airflow/example_dags/example_latest_only_with_trigger.py
[2026-06-30T08:27:33.233+0000] {logging_mixin.py:188} INFO - [2026-06-30T08:27:33.232+0000] {dag.py:3096} INFO - Sync 1 DAGs
[2026-06-30T08:27:33.247+0000] {logging_mixin.py:188} INFO - [2026-06-30T08:27:33.247+0000] {dag.py:3954} INFO - Setting next_dagrun for latest_only_with_trigger to 2026-06-30 04:00:00+00:00, run_after=2026-06-30 08:00:00+00:00
[2026-06-30T08:27:33.260+0000] {processor.py:183} INFO - Processing /home/airflow/.local/lib/python3.12/site-packages/airflow/example_dags/example_latest_only_with_trigger.py took 0.053 seconds
[2026-06-30T08:28:03.611+0000] {processor.py:161} INFO - Started process (PID=22847) to work on /home/airflow/.local/lib/python3.12/site-packages/airflow/example_dags/example_latest_only_with_trigger.py
[2026-06-30T08:28:03.612+0000] {processor.py:830} INFO - Processing file /home/airflow/.local/lib/python3.12/site-packages/airflow/example_dags/example_latest_only_with_trigger.py for tasks to queue
[2026-06-30T08:28:03.615+0000] {logging_mixin.py:188} INFO - [2026-06-30T08:28:03.614+0000] {dagbag.py:545} INFO - Filling up the DagBag from /home/airflow/.local/lib/python3.12/site-packages/airflow/example_dags/example_latest_only_with_trigger.py
[2026-06-30T08:28:03.621+0000] {processor.py:840} INFO - DAG(s) 'latest_only_with_trigger' retrieved from /home/airflow/.local/lib/python3.12/site-packages/airflow/example_dags/example_latest_only_with_trigger.py
[2026-06-30T08:28:03.637+0000] {logging_mixin.py:188} INFO - [2026-06-30T08:28:03.637+0000] {dag.py:3096} INFO - Sync 1 DAGs
[2026-06-30T08:28:03.655+0000] {logging_mixin.py:188} INFO - [2026-06-30T08:28:03.655+0000] {dag.py:3954} INFO - Setting next_dagrun for latest_only_with_trigger to 2026-06-30 04:00:00+00:00, run_after=2026-06-30 08:00:00+00:00
[2026-06-30T08:28:03.670+0000] {processor.py:183} INFO - Processing /home/airflow/.local/lib/python3.12/site-packages/airflow/example_dags/example_latest_only_with_trigger.py took 0.064 seconds
[2026-06-30T08:28:34.100+0000] {processor.py:161} INFO - Started process (PID=22905) to work on /home/airflow/.local/lib/python3.12/site-packages/airflow/example_dags/example_latest_only_with_trigger.py
[2026-06-30T08:28:34.101+0000] {processor.py:830} INFO - Processing file /home/airflow/.local/lib/python3.12/site-packages/airflow/example_dags/example_latest_only_with_trigger.py for tasks to queue
[2026-06-30T08:28:34.102+0000] {logging_mixin.py:188} INFO - [2026-06-30T08:28:34.101+0000] {dagbag.py:545} INFO - Filling up the DagBag from /home/airflow/.local/lib/python3.12/site-packages/airflow/example_dags/example_latest_only_with_trigger.py
[2026-06-30T08:28:34.106+0000] {processor.py:840} INFO - DAG(s) 'latest_only_with_trigger' retrieved from /home/airflow/.local/lib/python3.12/site-packages/airflow/example_dags/example_latest_only_with_trigger.py
[2026-06-30T08:28:34.122+0000] {logging_mixin.py:188} INFO - [2026-06-30T08:28:34.122+0000] {dag.py:3096} INFO - Sync 1 DAGs
[2026-06-30T08:28:34.137+0000] {logging_mixin.py:188} INFO - [2026-06-30T08:28:34.137+0000] {dag.py:3954} INFO - Setting next_dagrun for latest_only_with_trigger to 2026-06-30 04:00:00+00:00, run_after=2026-06-30 08:00:00+00:00
[2026-06-30T08:28:34.150+0000] {processor.py:183} INFO - Processing /home/airflow/.local/lib/python3.12/site-packages/airflow/example_dags/example_latest_only_with_trigger.py took 0.054 seconds
[2026-06-30T08:29:04.575+0000] {processor.py:161} INFO - Started process (PID=22963) to work on /home/airflow/.local/lib/python3.12/site-packages/airflow/example_dags/example_latest_only_with_trigger.py
[2026-06-30T08:29:04.576+0000] {processor.py:830} INFO - Processing file /home/airflow/.local/lib/python3.12/site-packages/airflow/example_dags/example_latest_only_with_trigger.py for tasks to queue
[2026-06-30T08:29:04.577+0000] {logging_mixin.py:188} INFO - [2026-06-30T08:29:04.576+0000] {dagbag.py:545} INFO - Filling up the DagBag from /home/airflow/.local/lib/python3.12/site-packages/airflow/example_dags/example_latest_only_with_trigger.py
[2026-06-30T08:29:04.582+0000] {processor.py:840} INFO - DAG(s) 'latest_only_with_trigger' retrieved from /home/airflow/.local/lib/python3.12/site-packages/airflow/example_dags/example_latest_only_with_trigger.py
[2026-06-30T08:29:04.597+0000] {logging_mixin.py:188} INFO - [2026-06-30T08:29:04.597+0000] {dag.py:3096} INFO - Sync 1 DAGs
[2026-06-30T08:29:04.612+0000] {logging_mixin.py:188} INFO - [2026-06-30T08:29:04.612+0000] {dag.py:3954} INFO - Setting next_dagrun for latest_only_with_trigger to 2026-06-30 04:00:00+00:00, run_after=2026-06-30 08:00:00+00:00
[2026-06-30T08:29:04.626+0000] {processor.py:183} INFO - Processing /home/airflow/.local/lib/python3.12/site-packages/airflow/example_dags/example_latest_only_with_trigger.py took 0.055 seconds
[2026-06-30T08:29:35.167+0000] {processor.py:161} INFO - Started process (PID=23021) to work on /home/airflow/.local/lib/python3.12/site-packages/airflow/example_dags/example_latest_only_with_trigger.py
[2026-06-30T08:29:35.168+0000] {processor.py:830} INFO - Processing file /home/airflow/.local/lib/python3.12/site-packages/airflow/example_dags/example_latest_only_with_trigger.py for tasks to queue
[2026-06-30T08:29:35.169+0000] {logging_mixin.py:188} INFO - [2026-06-30T08:29:35.168+0000] {dagbag.py:545} INFO - Filling up the DagBag from /home/airflow/.local/lib/python3.12/site-packages/airflow/example_dags/example_latest_only_with_trigger.py
[2026-06-30T08:29:35.173+0000] {processor.py:840} INFO - DAG(s) 'latest_only_with_trigger' retrieved from /home/airflow/.local/lib/python3.12/site-packages/airflow/example_dags/example_latest_only_with_trigger.py
[2026-06-30T08:29:35.190+0000] {logging_mixin.py:188} INFO - [2026-06-30T08:29:35.190+0000] {dag.py:3096} INFO - Sync 1 DAGs
[2026-06-30T08:29:35.205+0000] {logging_mixin.py:188} INFO - [2026-06-30T08:29:35.205+0000] {dag.py:3954} INFO - Setting next_dagrun for latest_only_with_trigger to 2026-06-30 04:00:00+00:00, run_after=2026-06-30 08:00:00+00:00
[2026-06-30T08:29:35.218+0000] {processor.py:183} INFO - Processing /home/airflow/.local/lib/python3.12/site-packages/airflow/example_dags/example_latest_only_with_trigger.py took 0.056 seconds
[2026-06-30T08:30:05.745+0000] {processor.py:161} INFO - Started process (PID=23079) to work on /home/airflow/.local/lib/python3.12/site-packages/airflow/example_dags/example_latest_only_with_trigger.py
[2026-06-30T08:30:05.747+0000] {processor.py:830} INFO - Processing file /home/airflow/.local/lib/python3.12/site-packages/airflow/example_dags/example_latest_only_with_trigger.py for tasks to queue
[2026-06-30T08:30:05.748+0000] {logging_mixin.py:188} INFO - [2026-06-30T08:30:05.748+0000] {dagbag.py:545} INFO - Filling up the DagBag from /home/airflow/.local/lib/python3.12/site-packages/airflow/example_dags/example_latest_only_with_trigger.py
[2026-06-30T08:30:05.756+0000] {processor.py:840} INFO - DAG(s) 'latest_only_with_trigger' retrieved from /home/airflow/.local/lib/python3.12/site-packages/airflow/example_dags/example_latest_only_with_trigger.py
[2026-06-30T08:30:05.773+0000] {logging_mixin.py:188} INFO - [2026-06-30T08:30:05.773+0000] {dag.py:3096} INFO - Sync 1 DAGs
[2026-06-30T08:30:05.789+0000] {logging_mixin.py:188} INFO - [2026-06-30T08:30:05.789+0000] {dag.py:3954} INFO - Setting next_dagrun for latest_only_with_trigger to 2026-06-30 04:00:00+00:00, run_after=2026-06-30 08:00:00+00:00
[2026-06-30T08:30:05.802+0000] {processor.py:183} INFO - Processing /home/airflow/.local/lib/python3.12/site-packages/airflow/example_dags/example_latest_only_with_trigger.py took 0.062 seconds
[2026-06-30T08:30:36.480+0000] {processor.py:161} INFO - Started process (PID=23137) to work on /home/airflow/.local/lib/python3.12/site-packages/airflow/example_dags/example_latest_only_with_trigger.py
[2026-06-30T08:30:36.482+0000] {processor.py:830} INFO - Processing file /home/airflow/.local/lib/python3.12/site-packages/airflow/example_dags/example_latest_only_with_trigger.py for tasks to queue
[2026-06-30T08:30:36.483+0000] {logging_mixin.py:188} INFO - [2026-06-30T08:30:36.482+0000] {dagbag.py:545} INFO - Filling up the DagBag from /home/airflow/.local/lib/python3.12/site-packages/airflow/example_dags/example_latest_only_with_trigger.py
[2026-06-30T08:30:36.487+0000] {processor.py:840} INFO - DAG(s) 'latest_only_with_trigger' retrieved from /home/airflow/.local/lib/python3.12/site-packages/airflow/example_dags/example_latest_only_with_trigger.py
[2026-06-30T08:30:36.504+0000] {logging_mixin.py:188} INFO - [2026-06-30T08:30:36.504+0000] {dag.py:3096} INFO - Sync 1 DAGs
[2026-06-30T08:30:36.520+0000] {logging_mixin.py:188} INFO - [2026-06-30T08:30:36.520+0000] {dag.py:3954} INFO - Setting next_dagrun for latest_only_with_trigger to 2026-06-30 04:00:00+00:00, run_after=2026-06-30 08:00:00+00:00
[2026-06-30T08:30:36.534+0000] {processor.py:183} INFO - Processing /home/airflow/.local/lib/python3.12/site-packages/airflow/example_dags/example_latest_only_with_trigger.py took 0.059 seconds
[2026-06-30T08:31:07.262+0000] {processor.py:161} INFO - Started process (PID=23195) to work on /home/airflow/.local/lib/python3.12/site-packages/airflow/example_dags/example_latest_only_with_trigger.py
[2026-06-30T08:31:07.263+0000] {processor.py:830} INFO - Processing file /home/airflow/.local/lib/python3.12/site-packages/airflow/example_dags/example_latest_only_with_trigger.py for tasks to queue
[2026-06-30T08:31:07.265+0000] {logging_mixin.py:188} INFO - [2026-06-30T08:31:07.265+0000] {dagbag.py:545} INFO - Filling up the DagBag from /home/airflow/.local/lib/python3.12/site-packages/airflow/example_dags/example_latest_only_with_trigger.py
[2026-06-30T08:31:07.275+0000] {processor.py:840} INFO - DAG(s) 'latest_only_with_trigger' retrieved from /home/airflow/.local/lib/python3.12/site-packages/airflow/example_dags/example_latest_only_with_trigger.py
[2026-06-30T08:31:07.306+0000] {logging_mixin.py:188} INFO - [2026-06-30T08:31:07.305+0000] {dag.py:3096} INFO - Sync 1 DAGs
[2026-06-30T08:31:07.336+0000] {logging_mixin.py:188} INFO - [2026-06-30T08:31:07.336+0000] {dag.py:3954} INFO - Setting next_dagrun for latest_only_with_trigger to 2026-06-30 04:00:00+00:00, run_after=2026-06-30 08:00:00+00:00
[2026-06-30T08:31:07.357+0000] {processor.py:183} INFO - Processing /home/airflow/.local/lib/python3.12/site-packages/airflow/example_dags/example_latest_only_with_trigger.py took 0.104 seconds
[2026-06-30T08:31:37.849+0000] {processor.py:161} INFO - Started process (PID=23253) to work on /home/airflow/.local/lib/python3.12/site-packages/airflow/example_dags/example_latest_only_with_trigger.py
[2026-06-30T08:31:37.850+0000] {processor.py:830} INFO - Processing file /home/airflow/.local/lib/python3.12/site-packages/airflow/example_dags/example_latest_only_with_trigger.py for tasks to queue
[2026-06-30T08:31:37.851+0000] {logging_mixin.py:188} INFO - [2026-06-30T08:31:37.851+0000] {dagbag.py:545} INFO - Filling up the DagBag from /home/airflow/.local/lib/python3.12/site-packages/airflow/example_dags/example_latest_only_with_trigger.py
[2026-06-30T08:31:37.857+0000] {processor.py:840} INFO - DAG(s) 'latest_only_with_trigger' retrieved from /home/airflow/.local/lib/python3.12/site-packages/airflow/example_dags/example_latest_only_with_trigger.py
[2026-06-30T08:31:37.874+0000] {logging_mixin.py:188} INFO - [2026-06-30T08:31:37.874+0000] {dag.py:3096} INFO - Sync 1 DAGs
[2026-06-30T08:31:37.890+0000] {logging_mixin.py:188} INFO - [2026-06-30T08:31:37.890+0000] {dag.py:3954} INFO - Setting next_dagrun for latest_only_with_trigger to 2026-06-30 04:00:00+00:00, run_after=2026-06-30 08:00:00+00:00
[2026-06-30T08:31:37.905+0000] {processor.py:183} INFO - Processing /home/airflow/.local/lib/python3.12/site-packages/airflow/example_dags/example_latest_only_with_trigger.py took 0.061 seconds
[2026-06-30T08:32:08.576+0000] {processor.py:161} INFO - Started process (PID=23311) to work on /home/airflow/.local/lib/python3.12/site-packages/airflow/example_dags/example_latest_only_with_trigger.py
[2026-06-30T08:32:08.577+0000] {processor.py:830} INFO - Processing file /home/airflow/.local/lib/python3.12/site-packages/airflow/example_dags/example_latest_only_with_trigger.py for tasks to queue
[2026-06-30T08:32:08.578+0000] {logging_mixin.py:188} INFO - [2026-06-30T08:32:08.578+0000] {dagbag.py:545} INFO - Filling up the DagBag from /home/airflow/.local/lib/python3.12/site-packages/airflow/example_dags/example_latest_only_with_trigger.py
[2026-06-30T08:32:08.583+0000] {processor.py:840} INFO - DAG(s) 'latest_only_with_trigger' retrieved from /home/airflow/.local/lib/python3.12/site-packages/airflow/example_dags/example_latest_only_with_trigger.py
[2026-06-30T08:32:08.600+0000] {logging_mixin.py:188} INFO - [2026-06-30T08:32:08.600+0000] {dag.py:3096} INFO - Sync 1 DAGs
[2026-06-30T08:32:08.617+0000] {logging_mixin.py:188} INFO - [2026-06-30T08:32:08.617+0000] {dag.py:3954} INFO - Setting next_dagrun for latest_only_with_trigger to 2026-06-30 04:00:00+00:00, run_after=2026-06-30 08:00:00+00:00
[2026-06-30T08:32:08.631+0000] {processor.py:183} INFO - Processing /home/airflow/.local/lib/python3.12/site-packages/airflow/example_dags/example_latest_only_with_trigger.py took 0.059 seconds
[2026-06-30T08:32:39.307+0000] {processor.py:161} INFO - Started process (PID=23369) to work on /home/airflow/.local/lib/python3.12/site-packages/airflow/example_dags/example_latest_only_with_trigger.py
[2026-06-30T08:32:39.309+0000] {processor.py:830} INFO - Processing file /home/airflow/.local/lib/python3.12/site-packages/airflow/example_dags/example_latest_only_with_trigger.py for tasks to queue
[2026-06-30T08:32:39.310+0000] {logging_mixin.py:188} INFO - [2026-06-30T08:32:39.309+0000] {dagbag.py:545} INFO - Filling up the DagBag from /home/airflow/.local/lib/python3.12/site-packages/airflow/example_dags/example_latest_only_with_trigger.py
[2026-06-30T08:32:39.319+0000] {processor.py:840} INFO - DAG(s) 'latest_only_with_trigger' retrieved from /home/airflow/.local/lib/python3.12/site-packages/airflow/example_dags/example_latest_only_with_trigger.py
[2026-06-30T08:32:39.341+0000] {logging_mixin.py:188} INFO - [2026-06-30T08:32:39.341+0000] {dag.py:3096} INFO - Sync 1 DAGs
[2026-06-30T08:32:39.360+0000] {logging_mixin.py:188} INFO - [2026-06-30T08:32:39.360+0000] {dag.py:3954} INFO - Setting next_dagrun for latest_only_with_trigger to 2026-06-30 04:00:00+00:00, run_after=2026-06-30 08:00:00+00:00
[2026-06-30T08:32:39.374+0000] {processor.py:183} INFO - Processing /home/airflow/.local/lib/python3.12/site-packages/airflow/example_dags/example_latest_only_with_trigger.py took 0.071 seconds
[2026-06-30T08:33:10.245+0000] {processor.py:161} INFO - Started process (PID=23427) to work on /home/airflow/.local/lib/python3.12/site-packages/airflow/example_dags/example_latest_only_with_trigger.py
[2026-06-30T08:33:10.246+0000] {processor.py:830} INFO - Processing file /home/airflow/.local/lib/python3.12/site-packages/airflow/example_dags/example_latest_only_with_trigger.py for tasks to queue
[2026-06-30T08:33:10.248+0000] {logging_mixin.py:188} INFO - [2026-06-30T08:33:10.247+0000] {dagbag.py:545} INFO - Filling up the DagBag from /home/airflow/.local/lib/python3.12/site-packages/airflow/example_dags/example_latest_only_with_trigger.py
[2026-06-30T08:33:10.254+0000] {processor.py:840} INFO - DAG(s) 'latest_only_with_trigger' retrieved from /home/airflow/.local/lib/python3.12/site-packages/airflow/example_dags/example_latest_only_with_trigger.py
[2026-06-30T08:33:10.275+0000] {logging_mixin.py:188} INFO - [2026-06-30T08:33:10.275+0000] {dag.py:3096} INFO - Sync 1 DAGs
[2026-06-30T08:33:10.293+0000] {logging_mixin.py:188} INFO - [2026-06-30T08:33:10.293+0000] {dag.py:3954} INFO - Setting next_dagrun for latest_only_with_trigger to 2026-06-30 04:00:00+00:00, run_after=2026-06-30 08:00:00+00:00
[2026-06-30T08:33:10.308+0000] {processor.py:183} INFO - Processing /home/airflow/.local/lib/python3.12/site-packages/airflow/example_dags/example_latest_only_with_trigger.py took 0.069 seconds
[2026-06-30T08:33:42.145+0000] {processor.py:161} INFO - Started process (PID=23491) to work on /home/airflow/.local/lib/python3.12/site-packages/airflow/example_dags/example_latest_only_with_trigger.py
[2026-06-30T08:33:42.146+0000] {processor.py:830} INFO - Processing file /home/airflow/.local/lib/python3.12/site-packages/airflow/example_dags/example_latest_only_with_trigger.py for tasks to queue
[2026-06-30T08:33:42.147+0000] {logging_mixin.py:188} INFO - [2026-06-30T08:33:42.147+0000] {dagbag.py:545} INFO - Filling up the DagBag from /home/airflow/.local/lib/python3.12/site-packages/airflow/example_dags/example_latest_only_with_trigger.py
[2026-06-30T08:33:42.152+0000] {processor.py:840} INFO - DAG(s) 'latest_only_with_trigger' retrieved from /home/airflow/.local/lib/python3.12/site-packages/airflow/example_dags/example_latest_only_with_trigger.py
[2026-06-30T08:33:42.169+0000] {logging_mixin.py:188} INFO - [2026-06-30T08:33:42.169+0000] {dag.py:3096} INFO - Sync 1 DAGs
[2026-06-30T08:33:42.185+0000] {logging_mixin.py:188} INFO - [2026-06-30T08:33:42.185+0000] {dag.py:3954} INFO - Setting next_dagrun for latest_only_with_trigger to 2026-06-30 04:00:00+00:00, run_after=2026-06-30 08:00:00+00:00
[2026-06-30T08:33:42.200+0000] {processor.py:183} INFO - Processing /home/airflow/.local/lib/python3.12/site-packages/airflow/example_dags/example_latest_only_with_trigger.py took 0.060 seconds
[2026-06-30T08:34:12.968+0000] {processor.py:161} INFO - Started process (PID=23549) to work on /home/airflow/.local/lib/python3.12/site-packages/airflow/example_dags/example_latest_only_with_trigger.py
[2026-06-30T08:34:12.969+0000] {processor.py:830} INFO - Processing file /home/airflow/.local/lib/python3.12/site-packages/airflow/example_dags/example_latest_only_with_trigger.py for tasks to queue
[2026-06-30T08:34:12.970+0000] {logging_mixin.py:188} INFO - [2026-06-30T08:34:12.970+0000] {dagbag.py:545} INFO - Filling up the DagBag from /home/airflow/.local/lib/python3.12/site-packages/airflow/example_dags/example_latest_only_with_trigger.py
[2026-06-30T08:34:12.975+0000] {processor.py:840} INFO - DAG(s) 'latest_only_with_trigger' retrieved from /home/airflow/.local/lib/python3.12/site-packages/airflow/example_dags/example_latest_only_with_trigger.py
[2026-06-30T08:34:12.991+0000] {logging_mixin.py:188} INFO - [2026-06-30T08:34:12.991+0000] {dag.py:3096} INFO - Sync 1 DAGs
[2026-06-30T08:34:13.008+0000] {logging_mixin.py:188} INFO - [2026-06-30T08:34:13.007+0000] {dag.py:3954} INFO - Setting next_dagrun for latest_only_with_trigger to 2026-06-30 04:00:00+00:00, run_after=2026-06-30 08:00:00+00:00
[2026-06-30T08:34:13.021+0000] {processor.py:183} INFO - Processing /home/airflow/.local/lib/python3.12/site-packages/airflow/example_dags/example_latest_only_with_trigger.py took 0.058 seconds
[2026-06-30T08:34:43.245+0000] {processor.py:161} INFO - Started process (PID=23607) to work on /home/airflow/.local/lib/python3.12/site-packages/airflow/example_dags/example_latest_only_with_trigger.py
[2026-06-30T08:34:43.246+0000] {processor.py:830} INFO - Processing file /home/airflow/.local/lib/python3.12/site-packages/airflow/example_dags/example_latest_only_with_trigger.py for tasks to queue
[2026-06-30T08:34:43.247+0000] {logging_mixin.py:188} INFO - [2026-06-30T08:34:43.247+0000] {dagbag.py:545} INFO - Filling up the DagBag from /home/airflow/.local/lib/python3.12/site-packages/airflow/example_dags/example_latest_only_with_trigger.py
[2026-06-30T08:34:43.252+0000] {processor.py:840} INFO - DAG(s) 'latest_only_with_trigger' retrieved from /home/airflow/.local/lib/python3.12/site-packages/airflow/example_dags/example_latest_only_with_trigger.py
[2026-06-30T08:34:43.267+0000] {logging_mixin.py:188} INFO - [2026-06-30T08:34:43.267+0000] {dag.py:3096} INFO - Sync 1 DAGs
[2026-06-30T08:34:43.283+0000] {logging_mixin.py:188} INFO - [2026-06-30T08:34:43.283+0000] {dag.py:3954} INFO - Setting next_dagrun for latest_only_with_trigger to 2026-06-30 04:00:00+00:00, run_after=2026-06-30 08:00:00+00:00
[2026-06-30T08:34:43.295+0000] {processor.py:183} INFO - Processing /home/airflow/.local/lib/python3.12/site-packages/airflow/example_dags/example_latest_only_with_trigger.py took 0.055 seconds
[2026-06-30T08:35:13.713+0000] {processor.py:161} INFO - Started process (PID=23665) to work on /home/airflow/.local/lib/python3.12/site-packages/airflow/example_dags/example_latest_only_with_trigger.py
[2026-06-30T08:35:13.714+0000] {processor.py:830} INFO - Processing file /home/airflow/.local/lib/python3.12/site-packages/airflow/example_dags/example_latest_only_with_trigger.py for tasks to queue
[2026-06-30T08:35:13.714+0000] {logging_mixin.py:188} INFO - [2026-06-30T08:35:13.714+0000] {dagbag.py:545} INFO - Filling up the DagBag from /home/airflow/.local/lib/python3.12/site-packages/airflow/example_dags/example_latest_only_with_trigger.py
[2026-06-30T08:35:13.719+0000] {processor.py:840} INFO - DAG(s) 'latest_only_with_trigger' retrieved from /home/airflow/.local/lib/python3.12/site-packages/airflow/example_dags/example_latest_only_with_trigger.py
[2026-06-30T08:35:13.734+0000] {logging_mixin.py:188} INFO - [2026-06-30T08:35:13.734+0000] {dag.py:3096} INFO - Sync 1 DAGs
[2026-06-30T08:35:13.748+0000] {logging_mixin.py:188} INFO - [2026-06-30T08:35:13.747+0000] {dag.py:3954} INFO - Setting next_dagrun for latest_only_with_trigger to 2026-06-30 04:00:00+00:00, run_after=2026-06-30 08:00:00+00:00
[2026-06-30T08:35:13.761+0000] {processor.py:183} INFO - Processing /home/airflow/.local/lib/python3.12/site-packages/airflow/example_dags/example_latest_only_with_trigger.py took 0.054 seconds
[2026-06-30T08:35:44.031+0000] {processor.py:161} INFO - Started process (PID=23723) to work on /home/airflow/.local/lib/python3.12/site-packages/airflow/example_dags/example_latest_only_with_trigger.py
[2026-06-30T08:35:44.031+0000] {processor.py:830} INFO - Processing file /home/airflow/.local/lib/python3.12/site-packages/airflow/example_dags/example_latest_only_with_trigger.py for tasks to queue
[2026-06-30T08:35:44.032+0000] {logging_mixin.py:188} INFO - [2026-06-30T08:35:44.032+0000] {dagbag.py:545} INFO - Filling up the DagBag from /home/airflow/.local/lib/python3.12/site-packages/airflow/example_dags/example_latest_only_with_trigger.py
[2026-06-30T08:35:44.037+0000] {processor.py:840} INFO - DAG(s) 'latest_only_with_trigger' retrieved from /home/airflow/.local/lib/python3.12/site-packages/airflow/example_dags/example_latest_only_with_trigger.py
[2026-06-30T08:35:44.051+0000] {logging_mixin.py:188} INFO - [2026-06-30T08:35:44.051+0000] {dag.py:3096} INFO - Sync 1 DAGs
[2026-06-30T08:35:44.065+0000] {logging_mixin.py:188} INFO - [2026-06-30T08:35:44.064+0000] {dag.py:3954} INFO - Setting next_dagrun for latest_only_with_trigger to 2026-06-30 04:00:00+00:00, run_after=2026-06-30 08:00:00+00:00
[2026-06-30T08:35:44.077+0000] {processor.py:183} INFO - Processing /home/airflow/.local/lib/python3.12/site-packages/airflow/example_dags/example_latest_only_with_trigger.py took 0.051 seconds
[2026-06-30T08:36:14.557+0000] {processor.py:161} INFO - Started process (PID=23781) to work on /home/airflow/.local/lib/python3.12/site-packages/airflow/example_dags/example_latest_only_with_trigger.py
[2026-06-30T08:36:14.558+0000] {processor.py:830} INFO - Processing file /home/airflow/.local/lib/python3.12/site-packages/airflow/example_dags/example_latest_only_with_trigger.py for tasks to queue
[2026-06-30T08:36:14.559+0000] {logging_mixin.py:188} INFO - [2026-06-30T08:36:14.559+0000] {dagbag.py:545} INFO - Filling up the DagBag from /home/airflow/.local/lib/python3.12/site-packages/airflow/example_dags/example_latest_only_with_trigger.py
[2026-06-30T08:36:14.564+0000] {processor.py:840} INFO - DAG(s) 'latest_only_with_trigger' retrieved from /home/airflow/.local/lib/python3.12/site-packages/airflow/example_dags/example_latest_only_with_trigger.py
[2026-06-30T08:36:14.581+0000] {logging_mixin.py:188} INFO - [2026-06-30T08:36:14.581+0000] {dag.py:3096} INFO - Sync 1 DAGs
[2026-06-30T08:36:14.598+0000] {logging_mixin.py:188} INFO - [2026-06-30T08:36:14.598+0000] {dag.py:3954} INFO - Setting next_dagrun for latest_only_with_trigger to 2026-06-30 04:00:00+00:00, run_after=2026-06-30 08:00:00+00:00
[2026-06-30T08:36:14.617+0000] {processor.py:183} INFO - Processing /home/airflow/.local/lib/python3.12/site-packages/airflow/example_dags/example_latest_only_with_trigger.py took 0.065 seconds
[2026-06-30T08:36:44.884+0000] {processor.py:161} INFO - Started process (PID=23840) to work on /home/airflow/.local/lib/python3.12/site-packages/airflow/example_dags/example_latest_only_with_trigger.py
[2026-06-30T08:36:44.885+0000] {processor.py:830} INFO - Processing file /home/airflow/.local/lib/python3.12/site-packages/airflow/example_dags/example_latest_only_with_trigger.py for tasks to queue
[2026-06-30T08:36:44.886+0000] {logging_mixin.py:188} INFO - [2026-06-30T08:36:44.886+0000] {dagbag.py:545} INFO - Filling up the DagBag from /home/airflow/.local/lib/python3.12/site-packages/airflow/example_dags/example_latest_only_with_trigger.py
[2026-06-30T08:36:44.891+0000] {processor.py:840} INFO - DAG(s) 'latest_only_with_trigger' retrieved from /home/airflow/.local/lib/python3.12/site-packages/airflow/example_dags/example_latest_only_with_trigger.py
[2026-06-30T08:36:44.905+0000] {logging_mixin.py:188} INFO - [2026-06-30T08:36:44.905+0000] {dag.py:3096} INFO - Sync 1 DAGs
[2026-06-30T08:36:44.920+0000] {logging_mixin.py:188} INFO - [2026-06-30T08:36:44.920+0000] {dag.py:3954} INFO - Setting next_dagrun for latest_only_with_trigger to 2026-06-30 04:00:00+00:00, run_after=2026-06-30 08:00:00+00:00
[2026-06-30T08:36:44.934+0000] {processor.py:183} INFO - Processing /home/airflow/.local/lib/python3.12/site-packages/airflow/example_dags/example_latest_only_with_trigger.py took 0.054 seconds
[2026-06-30T08:37:15.064+0000] {processor.py:161} INFO - Started process (PID=23896) to work on /home/airflow/.local/lib/python3.12/site-packages/airflow/example_dags/example_latest_only_with_trigger.py
[2026-06-30T08:37:15.065+0000] {processor.py:830} INFO - Processing file /home/airflow/.local/lib/python3.12/site-packages/airflow/example_dags/example_latest_only_with_trigger.py for tasks to queue
[2026-06-30T08:37:15.066+0000] {logging_mixin.py:188} INFO - [2026-06-30T08:37:15.065+0000] {dagbag.py:545} INFO - Filling up the DagBag from /home/airflow/.local/lib/python3.12/site-packages/airflow/example_dags/example_latest_only_with_trigger.py
[2026-06-30T08:37:15.070+0000] {processor.py:840} INFO - DAG(s) 'latest_only_with_trigger' retrieved from /home/airflow/.local/lib/python3.12/site-packages/airflow/example_dags/example_latest_only_with_trigger.py
[2026-06-30T08:37:15.084+0000] {logging_mixin.py:188} INFO - [2026-06-30T08:37:15.084+0000] {dag.py:3096} INFO - Sync 1 DAGs
[2026-06-30T08:37:15.098+0000] {logging_mixin.py:188} INFO - [2026-06-30T08:37:15.098+0000] {dag.py:3954} INFO - Setting next_dagrun for latest_only_with_trigger to 2026-06-30 04:00:00+00:00, run_after=2026-06-30 08:00:00+00:00
[2026-06-30T08:37:15.110+0000] {processor.py:183} INFO - Processing /home/airflow/.local/lib/python3.12/site-packages/airflow/example_dags/example_latest_only_with_trigger.py took 0.050 seconds
[2026-06-30T08:37:45.441+0000] {processor.py:161} INFO - Started process (PID=23954) to work on /home/airflow/.local/lib/python3.12/site-packages/airflow/example_dags/example_latest_only_with_trigger.py
[2026-06-30T08:37:45.442+0000] {processor.py:830} INFO - Processing file /home/airflow/.local/lib/python3.12/site-packages/airflow/example_dags/example_latest_only_with_trigger.py for tasks to queue
[2026-06-30T08:37:45.442+0000] {logging_mixin.py:188} INFO - [2026-06-30T08:37:45.442+0000] {dagbag.py:545} INFO - Filling up the DagBag from /home/airflow/.local/lib/python3.12/site-packages/airflow/example_dags/example_latest_only_with_trigger.py
[2026-06-30T08:37:45.447+0000] {processor.py:840} INFO - DAG(s) 'latest_only_with_trigger' retrieved from /home/airflow/.local/lib/python3.12/site-packages/airflow/example_dags/example_latest_only_with_trigger.py
[2026-06-30T08:37:45.462+0000] {logging_mixin.py:188} INFO - [2026-06-30T08:37:45.462+0000] {dag.py:3096} INFO - Sync 1 DAGs
[2026-06-30T08:37:45.476+0000] {logging_mixin.py:188} INFO - [2026-06-30T08:37:45.476+0000] {dag.py:3954} INFO - Setting next_dagrun for latest_only_with_trigger to 2026-06-30 04:00:00+00:00, run_after=2026-06-30 08:00:00+00:00
[2026-06-30T08:37:45.489+0000] {processor.py:183} INFO - Processing /home/airflow/.local/lib/python3.12/site-packages/airflow/example_dags/example_latest_only_with_trigger.py took 0.052 seconds
[2026-06-30T08:38:16.125+0000] {processor.py:161} INFO - Started process (PID=24012) to work on /home/airflow/.local/lib/python3.12/site-packages/airflow/example_dags/example_latest_only_with_trigger.py
[2026-06-30T08:38:16.127+0000] {processor.py:830} INFO - Processing file /home/airflow/.local/lib/python3.12/site-packages/airflow/example_dags/example_latest_only_with_trigger.py for tasks to queue
[2026-06-30T08:38:16.129+0000] {logging_mixin.py:188} INFO - [2026-06-30T08:38:16.129+0000] {dagbag.py:545} INFO - Filling up the DagBag from /home/airflow/.local/lib/python3.12/site-packages/airflow/example_dags/example_latest_only_with_trigger.py
[2026-06-30T08:38:16.134+0000] {processor.py:840} INFO - DAG(s) 'latest_only_with_trigger' retrieved from /home/airflow/.local/lib/python3.12/site-packages/airflow/example_dags/example_latest_only_with_trigger.py
[2026-06-30T08:38:16.150+0000] {logging_mixin.py:188} INFO - [2026-06-30T08:38:16.150+0000] {dag.py:3096} INFO - Sync 1 DAGs
[2026-06-30T08:38:16.167+0000] {logging_mixin.py:188} INFO - [2026-06-30T08:38:16.167+0000] {dag.py:3954} INFO - Setting next_dagrun for latest_only_with_trigger to 2026-06-30 04:00:00+00:00, run_after=2026-06-30 08:00:00+00:00
[2026-06-30T08:38:16.180+0000] {processor.py:183} INFO - Processing /home/airflow/.local/lib/python3.12/site-packages/airflow/example_dags/example_latest_only_with_trigger.py took 0.060 seconds
[2026-06-30T08:38:46.492+0000] {processor.py:161} INFO - Started process (PID=24070) to work on /home/airflow/.local/lib/python3.12/site-packages/airflow/example_dags/example_latest_only_with_trigger.py
[2026-06-30T08:38:46.492+0000] {processor.py:830} INFO - Processing file /home/airflow/.local/lib/python3.12/site-packages/airflow/example_dags/example_latest_only_with_trigger.py for tasks to queue
[2026-06-30T08:38:46.493+0000] {logging_mixin.py:188} INFO - [2026-06-30T08:38:46.493+0000] {dagbag.py:545} INFO - Filling up the DagBag from /home/airflow/.local/lib/python3.12/site-packages/airflow/example_dags/example_latest_only_with_trigger.py
[2026-06-30T08:38:46.498+0000] {processor.py:840} INFO - DAG(s) 'latest_only_with_trigger' retrieved from /home/airflow/.local/lib/python3.12/site-packages/airflow/example_dags/example_latest_only_with_trigger.py
[2026-06-30T08:38:46.514+0000] {logging_mixin.py:188} INFO - [2026-06-30T08:38:46.514+0000] {dag.py:3096} INFO - Sync 1 DAGs
[2026-06-30T08:38:46.531+0000] {logging_mixin.py:188} INFO - [2026-06-30T08:38:46.530+0000] {dag.py:3954} INFO - Setting next_dagrun for latest_only_with_trigger to 2026-06-30 04:00:00+00:00, run_after=2026-06-30 08:00:00+00:00
[2026-06-30T08:38:46.547+0000] {processor.py:183} INFO - Processing /home/airflow/.local/lib/python3.12/site-packages/airflow/example_dags/example_latest_only_with_trigger.py took 0.061 seconds
[2026-06-30T08:39:17.156+0000] {processor.py:161} INFO - Started process (PID=24128) to work on /home/airflow/.local/lib/python3.12/site-packages/airflow/example_dags/example_latest_only_with_trigger.py
[2026-06-30T08:39:17.156+0000] {processor.py:830} INFO - Processing file /home/airflow/.local/lib/python3.12/site-packages/airflow/example_dags/example_latest_only_with_trigger.py for tasks to queue
[2026-06-30T08:39:17.157+0000] {logging_mixin.py:188} INFO - [2026-06-30T08:39:17.157+0000] {dagbag.py:545} INFO - Filling up the DagBag from /home/airflow/.local/lib/python3.12/site-packages/airflow/example_dags/example_latest_only_with_trigger.py
[2026-06-30T08:39:17.161+0000] {processor.py:840} INFO - DAG(s) 'latest_only_with_trigger' retrieved from /home/airflow/.local/lib/python3.12/site-packages/airflow/example_dags/example_latest_only_with_trigger.py
[2026-06-30T08:39:17.178+0000] {logging_mixin.py:188} INFO - [2026-06-30T08:39:17.178+0000] {dag.py:3096} INFO - Sync 1 DAGs
[2026-06-30T08:39:17.193+0000] {logging_mixin.py:188} INFO - [2026-06-30T08:39:17.193+0000] {dag.py:3954} INFO - Setting next_dagrun for latest_only_with_trigger to 2026-06-30 04:00:00+00:00, run_after=2026-06-30 08:00:00+00:00
[2026-06-30T08:39:17.206+0000] {processor.py:183} INFO - Processing /home/airflow/.local/lib/python3.12/site-packages/airflow/example_dags/example_latest_only_with_trigger.py took 0.055 seconds
[2026-06-30T08:39:47.770+0000] {processor.py:161} INFO - Started process (PID=24186) to work on /home/airflow/.local/lib/python3.12/site-packages/airflow/example_dags/example_latest_only_with_trigger.py
[2026-06-30T08:39:47.771+0000] {processor.py:830} INFO - Processing file /home/airflow/.local/lib/python3.12/site-packages/airflow/example_dags/example_latest_only_with_trigger.py for tasks to queue
[2026-06-30T08:39:47.772+0000] {logging_mixin.py:188} INFO - [2026-06-30T08:39:47.772+0000] {dagbag.py:545} INFO - Filling up the DagBag from /home/airflow/.local/lib/python3.12/site-packages/airflow/example_dags/example_latest_only_with_trigger.py
[2026-06-30T08:39:47.777+0000] {processor.py:840} INFO - DAG(s) 'latest_only_with_trigger' retrieved from /home/airflow/.local/lib/python3.12/site-packages/airflow/example_dags/example_latest_only_with_trigger.py
[2026-06-30T08:39:47.793+0000] {logging_mixin.py:188} INFO - [2026-06-30T08:39:47.793+0000] {dag.py:3096} INFO - Sync 1 DAGs
[2026-06-30T08:39:47.808+0000] {logging_mixin.py:188} INFO - [2026-06-30T08:39:47.808+0000] {dag.py:3954} INFO - Setting next_dagrun for latest_only_with_trigger to 2026-06-30 04:00:00+00:00, run_after=2026-06-30 08:00:00+00:00
[2026-06-30T08:39:47.821+0000] {processor.py:183} INFO - Processing /home/airflow/.local/lib/python3.12/site-packages/airflow/example_dags/example_latest_only_with_trigger.py took 0.056 seconds
[2026-06-30T08:40:18.375+0000] {processor.py:161} INFO - Started process (PID=24244) to work on /home/airflow/.local/lib/python3.12/site-packages/airflow/example_dags/example_latest_only_with_trigger.py
[2026-06-30T08:40:18.376+0000] {processor.py:830} INFO - Processing file /home/airflow/.local/lib/python3.12/site-packages/airflow/example_dags/example_latest_only_with_trigger.py for tasks to queue
[2026-06-30T08:40:18.379+0000] {logging_mixin.py:188} INFO - [2026-06-30T08:40:18.378+0000] {dagbag.py:545} INFO - Filling up the DagBag from /home/airflow/.local/lib/python3.12/site-packages/airflow/example_dags/example_latest_only_with_trigger.py
[2026-06-30T08:40:18.383+0000] {processor.py:840} INFO - DAG(s) 'latest_only_with_trigger' retrieved from /home/airflow/.local/lib/python3.12/site-packages/airflow/example_dags/example_latest_only_with_trigger.py
[2026-06-30T08:40:18.398+0000] {logging_mixin.py:188} INFO - [2026-06-30T08:40:18.398+0000] {dag.py:3096} INFO - Sync 1 DAGs
[2026-06-30T08:40:18.412+0000] {logging_mixin.py:188} INFO - [2026-06-30T08:40:18.412+0000] {dag.py:3954} INFO - Setting next_dagrun for latest_only_with_trigger to 2026-06-30 04:00:00+00:00, run_after=2026-06-30 08:00:00+00:00
[2026-06-30T08:40:18.424+0000] {processor.py:183} INFO - Processing /home/airflow/.local/lib/python3.12/site-packages/airflow/example_dags/example_latest_only_with_trigger.py took 0.054 seconds
[2026-06-30T08:40:48.901+0000] {processor.py:161} INFO - Started process (PID=24302) to work on /home/airflow/.local/lib/python3.12/site-packages/airflow/example_dags/example_latest_only_with_trigger.py
[2026-06-30T08:40:48.903+0000] {processor.py:830} INFO - Processing file /home/airflow/.local/lib/python3.12/site-packages/airflow/example_dags/example_latest_only_with_trigger.py for tasks to queue
[2026-06-30T08:40:48.903+0000] {logging_mixin.py:188} INFO - [2026-06-30T08:40:48.903+0000] {dagbag.py:545} INFO - Filling up the DagBag from /home/airflow/.local/lib/python3.12/site-packages/airflow/example_dags/example_latest_only_with_trigger.py
[2026-06-30T08:40:48.911+0000] {processor.py:840} INFO - DAG(s) 'latest_only_with_trigger' retrieved from /home/airflow/.local/lib/python3.12/site-packages/airflow/example_dags/example_latest_only_with_trigger.py
[2026-06-30T08:40:48.930+0000] {logging_mixin.py:188} INFO - [2026-06-30T08:40:48.930+0000] {dag.py:3096} INFO - Sync 1 DAGs
[2026-06-30T08:40:48.951+0000] {logging_mixin.py:188} INFO - [2026-06-30T08:40:48.951+0000] {dag.py:3954} INFO - Setting next_dagrun for latest_only_with_trigger to 2026-06-30 04:00:00+00:00, run_after=2026-06-30 08:00:00+00:00
[2026-06-30T08:40:48.968+0000] {processor.py:183} INFO - Processing /home/airflow/.local/lib/python3.12/site-packages/airflow/example_dags/example_latest_only_with_trigger.py took 0.073 seconds
[2026-06-30T08:41:19.828+0000] {processor.py:161} INFO - Started process (PID=24360) to work on /home/airflow/.local/lib/python3.12/site-packages/airflow/example_dags/example_latest_only_with_trigger.py
[2026-06-30T08:41:19.830+0000] {processor.py:830} INFO - Processing file /home/airflow/.local/lib/python3.12/site-packages/airflow/example_dags/example_latest_only_with_trigger.py for tasks to queue
[2026-06-30T08:41:19.836+0000] {logging_mixin.py:188} INFO - [2026-06-30T08:41:19.835+0000] {dagbag.py:545} INFO - Filling up the DagBag from /home/airflow/.local/lib/python3.12/site-packages/airflow/example_dags/example_latest_only_with_trigger.py
[2026-06-30T08:41:19.846+0000] {processor.py:840} INFO - DAG(s) 'latest_only_with_trigger' retrieved from /home/airflow/.local/lib/python3.12/site-packages/airflow/example_dags/example_latest_only_with_trigger.py
[2026-06-30T08:41:19.909+0000] {logging_mixin.py:188} INFO - [2026-06-30T08:41:19.899+0000] {dag.py:3096} INFO - Sync 1 DAGs
[2026-06-30T08:41:19.972+0000] {logging_mixin.py:188} INFO - [2026-06-30T08:41:19.964+0000] {dag.py:3954} INFO - Setting next_dagrun for latest_only_with_trigger to 2026-06-30 04:00:00+00:00, run_after=2026-06-30 08:00:00+00:00
[2026-06-30T08:41:20.044+0000] {processor.py:183} INFO - Processing /home/airflow/.local/lib/python3.12/site-packages/airflow/example_dags/example_latest_only_with_trigger.py took 0.232 seconds
[2026-06-30T08:41:50.795+0000] {processor.py:161} INFO - Started process (PID=24418) to work on /home/airflow/.local/lib/python3.12/site-packages/airflow/example_dags/example_latest_only_with_trigger.py
[2026-06-30T08:41:50.796+0000] {processor.py:830} INFO - Processing file /home/airflow/.local/lib/python3.12/site-packages/airflow/example_dags/example_latest_only_with_trigger.py for tasks to queue
[2026-06-30T08:41:50.796+0000] {logging_mixin.py:188} INFO - [2026-06-30T08:41:50.796+0000] {dagbag.py:545} INFO - Filling up the DagBag from /home/airflow/.local/lib/python3.12/site-packages/airflow/example_dags/example_latest_only_with_trigger.py
[2026-06-30T08:41:50.801+0000] {processor.py:840} INFO - DAG(s) 'latest_only_with_trigger' retrieved from /home/airflow/.local/lib/python3.12/site-packages/airflow/example_dags/example_latest_only_with_trigger.py
[2026-06-30T08:41:50.815+0000] {logging_mixin.py:188} INFO - [2026-06-30T08:41:50.815+0000] {dag.py:3096} INFO - Sync 1 DAGs
[2026-06-30T08:41:50.829+0000] {logging_mixin.py:188} INFO - [2026-06-30T08:41:50.829+0000] {dag.py:3954} INFO - Setting next_dagrun for latest_only_with_trigger to 2026-06-30 04:00:00+00:00, run_after=2026-06-30 08:00:00+00:00
[2026-06-30T08:41:50.873+0000] {processor.py:183} INFO - Processing /home/airflow/.local/lib/python3.12/site-packages/airflow/example_dags/example_latest_only_with_trigger.py took 0.082 seconds
[2026-06-30T08:42:21.463+0000] {processor.py:161} INFO - Started process (PID=24476) to work on /home/airflow/.local/lib/python3.12/site-packages/airflow/example_dags/example_latest_only_with_trigger.py
[2026-06-30T08:42:21.464+0000] {processor.py:830} INFO - Processing file /home/airflow/.local/lib/python3.12/site-packages/airflow/example_dags/example_latest_only_with_trigger.py for tasks to queue
[2026-06-30T08:42:21.465+0000] {logging_mixin.py:188} INFO - [2026-06-30T08:42:21.464+0000] {dagbag.py:545} INFO - Filling up the DagBag from /home/airflow/.local/lib/python3.12/site-packages/airflow/example_dags/example_latest_only_with_trigger.py
[2026-06-30T08:42:21.469+0000] {processor.py:840} INFO - DAG(s) 'latest_only_with_trigger' retrieved from /home/airflow/.local/lib/python3.12/site-packages/airflow/example_dags/example_latest_only_with_trigger.py
[2026-06-30T08:42:21.484+0000] {logging_mixin.py:188} INFO - [2026-06-30T08:42:21.483+0000] {dag.py:3096} INFO - Sync 1 DAGs
[2026-06-30T08:42:21.497+0000] {logging_mixin.py:188} INFO - [2026-06-30T08:42:21.497+0000] {dag.py:3954} INFO - Setting next_dagrun for latest_only_with_trigger to 2026-06-30 04:00:00+00:00, run_after=2026-06-30 08:00:00+00:00
[2026-06-30T08:42:21.521+0000] {processor.py:183} INFO - Processing /home/airflow/.local/lib/python3.12/site-packages/airflow/example_dags/example_latest_only_with_trigger.py took 0.062 seconds
[2026-06-30T08:42:52.295+0000] {processor.py:161} INFO - Started process (PID=24534) to work on /home/airflow/.local/lib/python3.12/site-packages/airflow/example_dags/example_latest_only_with_trigger.py
[2026-06-30T08:42:52.296+0000] {processor.py:830} INFO - Processing file /home/airflow/.local/lib/python3.12/site-packages/airflow/example_dags/example_latest_only_with_trigger.py for tasks to queue
[2026-06-30T08:42:52.297+0000] {logging_mixin.py:188} INFO - [2026-06-30T08:42:52.296+0000] {dagbag.py:545} INFO - Filling up the DagBag from /home/airflow/.local/lib/python3.12/site-packages/airflow/example_dags/example_latest_only_with_trigger.py
[2026-06-30T08:42:52.301+0000] {processor.py:840} INFO - DAG(s) 'latest_only_with_trigger' retrieved from /home/airflow/.local/lib/python3.12/site-packages/airflow/example_dags/example_latest_only_with_trigger.py
[2026-06-30T08:42:52.317+0000] {logging_mixin.py:188} INFO - [2026-06-30T08:42:52.316+0000] {dag.py:3096} INFO - Sync 1 DAGs
[2026-06-30T08:42:52.332+0000] {logging_mixin.py:188} INFO - [2026-06-30T08:42:52.332+0000] {dag.py:3954} INFO - Setting next_dagrun for latest_only_with_trigger to 2026-06-30 04:00:00+00:00, run_after=2026-06-30 08:00:00+00:00
[2026-06-30T08:42:52.350+0000] {processor.py:183} INFO - Processing /home/airflow/.local/lib/python3.12/site-packages/airflow/example_dags/example_latest_only_with_trigger.py took 0.059 seconds
[2026-06-30T08:43:23.256+0000] {processor.py:161} INFO - Started process (PID=24592) to work on /home/airflow/.local/lib/python3.12/site-packages/airflow/example_dags/example_latest_only_with_trigger.py
[2026-06-30T08:43:23.257+0000] {processor.py:830} INFO - Processing file /home/airflow/.local/lib/python3.12/site-packages/airflow/example_dags/example_latest_only_with_trigger.py for tasks to queue
[2026-06-30T08:43:23.258+0000] {logging_mixin.py:188} INFO - [2026-06-30T08:43:23.258+0000] {dagbag.py:545} INFO - Filling up the DagBag from /home/airflow/.local/lib/python3.12/site-packages/airflow/example_dags/example_latest_only_with_trigger.py
[2026-06-30T08:43:23.264+0000] {processor.py:840} INFO - DAG(s) 'latest_only_with_trigger' retrieved from /home/airflow/.local/lib/python3.12/site-packages/airflow/example_dags/example_latest_only_with_trigger.py
[2026-06-30T08:43:23.281+0000] {logging_mixin.py:188} INFO - [2026-06-30T08:43:23.281+0000] {dag.py:3096} INFO - Sync 1 DAGs
[2026-06-30T08:43:23.298+0000] {logging_mixin.py:188} INFO - [2026-06-30T08:43:23.297+0000] {dag.py:3954} INFO - Setting next_dagrun for latest_only_with_trigger to 2026-06-30 04:00:00+00:00, run_after=2026-06-30 08:00:00+00:00
[2026-06-30T08:43:23.312+0000] {processor.py:183} INFO - Processing /home/airflow/.local/lib/python3.12/site-packages/airflow/example_dags/example_latest_only_with_trigger.py took 0.061 seconds
[2026-06-30T08:43:53.547+0000] {processor.py:161} INFO - Started process (PID=24650) to work on /home/airflow/.local/lib/python3.12/site-packages/airflow/example_dags/example_latest_only_with_trigger.py
[2026-06-30T08:43:53.548+0000] {processor.py:830} INFO - Processing file /home/airflow/.local/lib/python3.12/site-packages/airflow/example_dags/example_latest_only_with_trigger.py for tasks to queue
[2026-06-30T08:43:53.549+0000] {logging_mixin.py:188} INFO - [2026-06-30T08:43:53.549+0000] {dagbag.py:545} INFO - Filling up the DagBag from /home/airflow/.local/lib/python3.12/site-packages/airflow/example_dags/example_latest_only_with_trigger.py
[2026-06-30T08:43:53.553+0000] {processor.py:840} INFO - DAG(s) 'latest_only_with_trigger' retrieved from /home/airflow/.local/lib/python3.12/site-packages/airflow/example_dags/example_latest_only_with_trigger.py
[2026-06-30T08:43:53.569+0000] {logging_mixin.py:188} INFO - [2026-06-30T08:43:53.568+0000] {dag.py:3096} INFO - Sync 1 DAGs
[2026-06-30T08:43:53.583+0000] {logging_mixin.py:188} INFO - [2026-06-30T08:43:53.583+0000] {dag.py:3954} INFO - Setting next_dagrun for latest_only_with_trigger to 2026-06-30 04:00:00+00:00, run_after=2026-06-30 08:00:00+00:00
[2026-06-30T08:43:53.598+0000] {processor.py:183} INFO - Processing /home/airflow/.local/lib/python3.12/site-packages/airflow/example_dags/example_latest_only_with_trigger.py took 0.054 seconds
[2026-06-30T08:44:23.860+0000] {processor.py:161} INFO - Started process (PID=24708) to work on /home/airflow/.local/lib/python3.12/site-packages/airflow/example_dags/example_latest_only_with_trigger.py
[2026-06-30T08:44:23.861+0000] {processor.py:830} INFO - Processing file /home/airflow/.local/lib/python3.12/site-packages/airflow/example_dags/example_latest_only_with_trigger.py for tasks to queue
[2026-06-30T08:44:23.862+0000] {logging_mixin.py:188} INFO - [2026-06-30T08:44:23.862+0000] {dagbag.py:545} INFO - Filling up the DagBag from /home/airflow/.local/lib/python3.12/site-packages/airflow/example_dags/example_latest_only_with_trigger.py
[2026-06-30T08:44:23.866+0000] {processor.py:840} INFO - DAG(s) 'latest_only_with_trigger' retrieved from /home/airflow/.local/lib/python3.12/site-packages/airflow/example_dags/example_latest_only_with_trigger.py
[2026-06-30T08:44:23.881+0000] {logging_mixin.py:188} INFO - [2026-06-30T08:44:23.881+0000] {dag.py:3096} INFO - Sync 1 DAGs
[2026-06-30T08:44:23.897+0000] {logging_mixin.py:188} INFO - [2026-06-30T08:44:23.897+0000] {dag.py:3954} INFO - Setting next_dagrun for latest_only_with_trigger to 2026-06-30 04:00:00+00:00, run_after=2026-06-30 08:00:00+00:00
[2026-06-30T08:44:23.921+0000] {processor.py:183} INFO - Processing /home/airflow/.local/lib/python3.12/site-packages/airflow/example_dags/example_latest_only_with_trigger.py took 0.065 seconds
[2026-06-30T08:44:54.405+0000] {processor.py:161} INFO - Started process (PID=24766) to work on /home/airflow/.local/lib/python3.12/site-packages/airflow/example_dags/example_latest_only_with_trigger.py
[2026-06-30T08:44:54.406+0000] {processor.py:830} INFO - Processing file /home/airflow/.local/lib/python3.12/site-packages/airflow/example_dags/example_latest_only_with_trigger.py for tasks to queue
[2026-06-30T08:44:54.408+0000] {logging_mixin.py:188} INFO - [2026-06-30T08:44:54.408+0000] {dagbag.py:545} INFO - Filling up the DagBag from /home/airflow/.local/lib/python3.12/site-packages/airflow/example_dags/example_latest_only_with_trigger.py
[2026-06-30T08:44:54.413+0000] {processor.py:840} INFO - DAG(s) 'latest_only_with_trigger' retrieved from /home/airflow/.local/lib/python3.12/site-packages/airflow/example_dags/example_latest_only_with_trigger.py
[2026-06-30T08:44:54.429+0000] {logging_mixin.py:188} INFO - [2026-06-30T08:44:54.428+0000] {dag.py:3096} INFO - Sync 1 DAGs
[2026-06-30T08:44:54.443+0000] {logging_mixin.py:188} INFO - [2026-06-30T08:44:54.443+0000] {dag.py:3954} INFO - Setting next_dagrun for latest_only_with_trigger to 2026-06-30 04:00:00+00:00, run_after=2026-06-30 08:00:00+00:00
[2026-06-30T08:44:54.458+0000] {processor.py:183} INFO - Processing /home/airflow/.local/lib/python3.12/site-packages/airflow/example_dags/example_latest_only_with_trigger.py took 0.057 seconds
[2026-06-30T08:45:24.993+0000] {processor.py:161} INFO - Started process (PID=24824) to work on /home/airflow/.local/lib/python3.12/site-packages/airflow/example_dags/example_latest_only_with_trigger.py
[2026-06-30T08:45:24.994+0000] {processor.py:830} INFO - Processing file /home/airflow/.local/lib/python3.12/site-packages/airflow/example_dags/example_latest_only_with_trigger.py for tasks to queue
[2026-06-30T08:45:24.995+0000] {logging_mixin.py:188} INFO - [2026-06-30T08:45:24.994+0000] {dagbag.py:545} INFO - Filling up the DagBag from /home/airflow/.local/lib/python3.12/site-packages/airflow/example_dags/example_latest_only_with_trigger.py
[2026-06-30T08:45:24.999+0000] {processor.py:840} INFO - DAG(s) 'latest_only_with_trigger' retrieved from /home/airflow/.local/lib/python3.12/site-packages/airflow/example_dags/example_latest_only_with_trigger.py
[2026-06-30T08:45:25.013+0000] {logging_mixin.py:188} INFO - [2026-06-30T08:45:25.013+0000] {dag.py:3096} INFO - Sync 1 DAGs
[2026-06-30T08:45:25.027+0000] {logging_mixin.py:188} INFO - [2026-06-30T08:45:25.027+0000] {dag.py:3954} INFO - Setting next_dagrun for latest_only_with_trigger to 2026-06-30 04:00:00+00:00, run_after=2026-06-30 08:00:00+00:00
[2026-06-30T08:45:25.070+0000] {processor.py:183} INFO - Processing /home/airflow/.local/lib/python3.12/site-packages/airflow/example_dags/example_latest_only_with_trigger.py took 0.081 seconds
[2026-06-30T08:45:55.743+0000] {processor.py:161} INFO - Started process (PID=24882) to work on /home/airflow/.local/lib/python3.12/site-packages/airflow/example_dags/example_latest_only_with_trigger.py
[2026-06-30T08:45:55.744+0000] {processor.py:830} INFO - Processing file /home/airflow/.local/lib/python3.12/site-packages/airflow/example_dags/example_latest_only_with_trigger.py for tasks to queue
[2026-06-30T08:45:55.745+0000] {logging_mixin.py:188} INFO - [2026-06-30T08:45:55.745+0000] {dagbag.py:545} INFO - Filling up the DagBag from /home/airflow/.local/lib/python3.12/site-packages/airflow/example_dags/example_latest_only_with_trigger.py
[2026-06-30T08:45:55.752+0000] {processor.py:840} INFO - DAG(s) 'latest_only_with_trigger' retrieved from /home/airflow/.local/lib/python3.12/site-packages/airflow/example_dags/example_latest_only_with_trigger.py
[2026-06-30T08:45:55.776+0000] {logging_mixin.py:188} INFO - [2026-06-30T08:45:55.775+0000] {dag.py:3096} INFO - Sync 1 DAGs
[2026-06-30T08:45:55.795+0000] {logging_mixin.py:188} INFO - [2026-06-30T08:45:55.795+0000] {dag.py:3954} INFO - Setting next_dagrun for latest_only_with_trigger to 2026-06-30 04:00:00+00:00, run_after=2026-06-30 08:00:00+00:00
[2026-06-30T08:45:55.813+0000] {processor.py:183} INFO - Processing /home/airflow/.local/lib/python3.12/site-packages/airflow/example_dags/example_latest_only_with_trigger.py took 0.074 seconds
[2026-06-30T08:46:26.267+0000] {processor.py:161} INFO - Started process (PID=24940) to work on /home/airflow/.local/lib/python3.12/site-packages/airflow/example_dags/example_latest_only_with_trigger.py
[2026-06-30T08:46:26.268+0000] {processor.py:830} INFO - Processing file /home/airflow/.local/lib/python3.12/site-packages/airflow/example_dags/example_latest_only_with_trigger.py for tasks to queue
[2026-06-30T08:46:26.269+0000] {logging_mixin.py:188} INFO - [2026-06-30T08:46:26.269+0000] {dagbag.py:545} INFO - Filling up the DagBag from /home/airflow/.local/lib/python3.12/site-packages/airflow/example_dags/example_latest_only_with_trigger.py
[2026-06-30T08:46:26.277+0000] {processor.py:840} INFO - DAG(s) 'latest_only_with_trigger' retrieved from /home/airflow/.local/lib/python3.12/site-packages/airflow/example_dags/example_latest_only_with_trigger.py
[2026-06-30T08:46:26.305+0000] {logging_mixin.py:188} INFO - [2026-06-30T08:46:26.304+0000] {dag.py:3096} INFO - Sync 1 DAGs
[2026-06-30T08:46:26.327+0000] {logging_mixin.py:188} INFO - [2026-06-30T08:46:26.327+0000] {dag.py:3954} INFO - Setting next_dagrun for latest_only_with_trigger to 2026-06-30 04:00:00+00:00, run_after=2026-06-30 08:00:00+00:00
[2026-06-30T08:46:26.370+0000] {processor.py:183} INFO - Processing /home/airflow/.local/lib/python3.12/site-packages/airflow/example_dags/example_latest_only_with_trigger.py took 0.108 seconds
[2026-06-30T08:46:56.819+0000] {processor.py:161} INFO - Started process (PID=24998) to work on /home/airflow/.local/lib/python3.12/site-packages/airflow/example_dags/example_latest_only_with_trigger.py
[2026-06-30T08:46:56.820+0000] {processor.py:830} INFO - Processing file /home/airflow/.local/lib/python3.12/site-packages/airflow/example_dags/example_latest_only_with_trigger.py for tasks to queue
[2026-06-30T08:46:56.822+0000] {logging_mixin.py:188} INFO - [2026-06-30T08:46:56.821+0000] {dagbag.py:545} INFO - Filling up the DagBag from /home/airflow/.local/lib/python3.12/site-packages/airflow/example_dags/example_latest_only_with_trigger.py
[2026-06-30T08:46:56.830+0000] {processor.py:840} INFO - DAG(s) 'latest_only_with_trigger' retrieved from /home/airflow/.local/lib/python3.12/site-packages/airflow/example_dags/example_latest_only_with_trigger.py
[2026-06-30T08:46:56.850+0000] {logging_mixin.py:188} INFO - [2026-06-30T08:46:56.849+0000] {dag.py:3096} INFO - Sync 1 DAGs
[2026-06-30T08:46:56.868+0000] {logging_mixin.py:188} INFO - [2026-06-30T08:46:56.868+0000] {dag.py:3954} INFO - Setting next_dagrun for latest_only_with_trigger to 2026-06-30 04:00:00+00:00, run_after=2026-06-30 08:00:00+00:00
[2026-06-30T08:46:56.883+0000] {processor.py:183} INFO - Processing /home/airflow/.local/lib/python3.12/site-packages/airflow/example_dags/example_latest_only_with_trigger.py took 0.071 seconds
[2026-06-30T08:47:27.212+0000] {processor.py:161} INFO - Started process (PID=25056) to work on /home/airflow/.local/lib/python3.12/site-packages/airflow/example_dags/example_latest_only_with_trigger.py
[2026-06-30T08:47:27.213+0000] {processor.py:830} INFO - Processing file /home/airflow/.local/lib/python3.12/site-packages/airflow/example_dags/example_latest_only_with_trigger.py for tasks to queue
[2026-06-30T08:47:27.214+0000] {logging_mixin.py:188} INFO - [2026-06-30T08:47:27.214+0000] {dagbag.py:545} INFO - Filling up the DagBag from /home/airflow/.local/lib/python3.12/site-packages/airflow/example_dags/example_latest_only_with_trigger.py
[2026-06-30T08:47:27.219+0000] {processor.py:840} INFO - DAG(s) 'latest_only_with_trigger' retrieved from /home/airflow/.local/lib/python3.12/site-packages/airflow/example_dags/example_latest_only_with_trigger.py
[2026-06-30T08:47:27.236+0000] {logging_mixin.py:188} INFO - [2026-06-30T08:47:27.236+0000] {dag.py:3096} INFO - Sync 1 DAGs
[2026-06-30T08:47:27.252+0000] {logging_mixin.py:188} INFO - [2026-06-30T08:47:27.252+0000] {dag.py:3954} INFO - Setting next_dagrun for latest_only_with_trigger to 2026-06-30 04:00:00+00:00, run_after=2026-06-30 08:00:00+00:00
[2026-06-30T08:47:27.272+0000] {processor.py:183} INFO - Processing /home/airflow/.local/lib/python3.12/site-packages/airflow/example_dags/example_latest_only_with_trigger.py took 0.064 seconds
[2026-06-30T08:47:57.874+0000] {processor.py:161} INFO - Started process (PID=25114) to work on /home/airflow/.local/lib/python3.12/site-packages/airflow/example_dags/example_latest_only_with_trigger.py
[2026-06-30T08:47:57.876+0000] {processor.py:830} INFO - Processing file /home/airflow/.local/lib/python3.12/site-packages/airflow/example_dags/example_latest_only_with_trigger.py for tasks to queue
[2026-06-30T08:47:57.878+0000] {logging_mixin.py:188} INFO - [2026-06-30T08:47:57.878+0000] {dagbag.py:545} INFO - Filling up the DagBag from /home/airflow/.local/lib/python3.12/site-packages/airflow/example_dags/example_latest_only_with_trigger.py
[2026-06-30T08:47:57.891+0000] {processor.py:840} INFO - DAG(s) 'latest_only_with_trigger' retrieved from /home/airflow/.local/lib/python3.12/site-packages/airflow/example_dags/example_latest_only_with_trigger.py
[2026-06-30T08:47:57.930+0000] {logging_mixin.py:188} INFO - [2026-06-30T08:47:57.930+0000] {dag.py:3096} INFO - Sync 1 DAGs
[2026-06-30T08:47:57.960+0000] {logging_mixin.py:188} INFO - [2026-06-30T08:47:57.959+0000] {dag.py:3954} INFO - Setting next_dagrun for latest_only_with_trigger to 2026-06-30 04:00:00+00:00, run_after=2026-06-30 08:00:00+00:00
[2026-06-30T08:47:57.983+0000] {processor.py:183} INFO - Processing /home/airflow/.local/lib/python3.12/site-packages/airflow/example_dags/example_latest_only_with_trigger.py took 0.118 seconds
[2026-06-30T08:48:28.403+0000] {processor.py:161} INFO - Started process (PID=25172) to work on /home/airflow/.local/lib/python3.12/site-packages/airflow/example_dags/example_latest_only_with_trigger.py
[2026-06-30T08:48:28.403+0000] {processor.py:830} INFO - Processing file /home/airflow/.local/lib/python3.12/site-packages/airflow/example_dags/example_latest_only_with_trigger.py for tasks to queue
[2026-06-30T08:48:28.404+0000] {logging_mixin.py:188} INFO - [2026-06-30T08:48:28.404+0000] {dagbag.py:545} INFO - Filling up the DagBag from /home/airflow/.local/lib/python3.12/site-packages/airflow/example_dags/example_latest_only_with_trigger.py
[2026-06-30T08:48:28.409+0000] {processor.py:840} INFO - DAG(s) 'latest_only_with_trigger' retrieved from /home/airflow/.local/lib/python3.12/site-packages/airflow/example_dags/example_latest_only_with_trigger.py
[2026-06-30T08:48:28.424+0000] {logging_mixin.py:188} INFO - [2026-06-30T08:48:28.424+0000] {dag.py:3096} INFO - Sync 1 DAGs
[2026-06-30T08:48:28.440+0000] {logging_mixin.py:188} INFO - [2026-06-30T08:48:28.440+0000] {dag.py:3954} INFO - Setting next_dagrun for latest_only_with_trigger to 2026-06-30 04:00:00+00:00, run_after=2026-06-30 08:00:00+00:00
[2026-06-30T08:48:28.455+0000] {processor.py:183} INFO - Processing /home/airflow/.local/lib/python3.12/site-packages/airflow/example_dags/example_latest_only_with_trigger.py took 0.057 seconds
[2026-06-30T08:48:58.970+0000] {processor.py:161} INFO - Started process (PID=25230) to work on /home/airflow/.local/lib/python3.12/site-packages/airflow/example_dags/example_latest_only_with_trigger.py
[2026-06-30T08:48:58.971+0000] {processor.py:830} INFO - Processing file /home/airflow/.local/lib/python3.12/site-packages/airflow/example_dags/example_latest_only_with_trigger.py for tasks to queue
[2026-06-30T08:48:58.972+0000] {logging_mixin.py:188} INFO - [2026-06-30T08:48:58.971+0000] {dagbag.py:545} INFO - Filling up the DagBag from /home/airflow/.local/lib/python3.12/site-packages/airflow/example_dags/example_latest_only_with_trigger.py
[2026-06-30T08:48:58.976+0000] {processor.py:840} INFO - DAG(s) 'latest_only_with_trigger' retrieved from /home/airflow/.local/lib/python3.12/site-packages/airflow/example_dags/example_latest_only_with_trigger.py
[2026-06-30T08:48:58.993+0000] {logging_mixin.py:188} INFO - [2026-06-30T08:48:58.993+0000] {dag.py:3096} INFO - Sync 1 DAGs
[2026-06-30T08:48:59.008+0000] {logging_mixin.py:188} INFO - [2026-06-30T08:48:59.008+0000] {dag.py:3954} INFO - Setting next_dagrun for latest_only_with_trigger to 2026-06-30 04:00:00+00:00, run_after=2026-06-30 08:00:00+00:00
[2026-06-30T08:48:59.053+0000] {processor.py:183} INFO - Processing /home/airflow/.local/lib/python3.12/site-packages/airflow/example_dags/example_latest_only_with_trigger.py took 0.087 seconds
[2026-06-30T08:49:29.551+0000] {processor.py:161} INFO - Started process (PID=25288) to work on /home/airflow/.local/lib/python3.12/site-packages/airflow/example_dags/example_latest_only_with_trigger.py
[2026-06-30T08:49:29.557+0000] {processor.py:830} INFO - Processing file /home/airflow/.local/lib/python3.12/site-packages/airflow/example_dags/example_latest_only_with_trigger.py for tasks to queue
[2026-06-30T08:49:29.560+0000] {logging_mixin.py:188} INFO - [2026-06-30T08:49:29.560+0000] {dagbag.py:545} INFO - Filling up the DagBag from /home/airflow/.local/lib/python3.12/site-packages/airflow/example_dags/example_latest_only_with_trigger.py
[2026-06-30T08:49:29.566+0000] {processor.py:840} INFO - DAG(s) 'latest_only_with_trigger' retrieved from /home/airflow/.local/lib/python3.12/site-packages/airflow/example_dags/example_latest_only_with_trigger.py
[2026-06-30T08:49:29.583+0000] {logging_mixin.py:188} INFO - [2026-06-30T08:49:29.583+0000] {dag.py:3096} INFO - Sync 1 DAGs
[2026-06-30T08:49:29.601+0000] {logging_mixin.py:188} INFO - [2026-06-30T08:49:29.601+0000] {dag.py:3954} INFO - Setting next_dagrun for latest_only_with_trigger to 2026-06-30 04:00:00+00:00, run_after=2026-06-30 08:00:00+00:00
[2026-06-30T08:49:29.615+0000] {processor.py:183} INFO - Processing /home/airflow/.local/lib/python3.12/site-packages/airflow/example_dags/example_latest_only_with_trigger.py took 0.068 seconds
[2026-06-30T08:50:00.101+0000] {processor.py:161} INFO - Started process (PID=25345) to work on /home/airflow/.local/lib/python3.12/site-packages/airflow/example_dags/example_latest_only_with_trigger.py
[2026-06-30T08:50:00.102+0000] {processor.py:830} INFO - Processing file /home/airflow/.local/lib/python3.12/site-packages/airflow/example_dags/example_latest_only_with_trigger.py for tasks to queue
[2026-06-30T08:50:00.103+0000] {logging_mixin.py:188} INFO - [2026-06-30T08:50:00.103+0000] {dagbag.py:545} INFO - Filling up the DagBag from /home/airflow/.local/lib/python3.12/site-packages/airflow/example_dags/example_latest_only_with_trigger.py
[2026-06-30T08:50:00.107+0000] {processor.py:840} INFO - DAG(s) 'latest_only_with_trigger' retrieved from /home/airflow/.local/lib/python3.12/site-packages/airflow/example_dags/example_latest_only_with_trigger.py
[2026-06-30T08:50:00.122+0000] {logging_mixin.py:188} INFO - [2026-06-30T08:50:00.122+0000] {dag.py:3096} INFO - Sync 1 DAGs
[2026-06-30T08:50:00.137+0000] {logging_mixin.py:188} INFO - [2026-06-30T08:50:00.137+0000] {dag.py:3954} INFO - Setting next_dagrun for latest_only_with_trigger to 2026-06-30 04:00:00+00:00, run_after=2026-06-30 08:00:00+00:00
[2026-06-30T08:50:00.159+0000] {processor.py:183} INFO - Processing /home/airflow/.local/lib/python3.12/site-packages/airflow/example_dags/example_latest_only_with_trigger.py took 0.063 seconds
[2026-06-30T08:50:30.688+0000] {processor.py:161} INFO - Started process (PID=25403) to work on /home/airflow/.local/lib/python3.12/site-packages/airflow/example_dags/example_latest_only_with_trigger.py
[2026-06-30T08:50:30.689+0000] {processor.py:830} INFO - Processing file /home/airflow/.local/lib/python3.12/site-packages/airflow/example_dags/example_latest_only_with_trigger.py for tasks to queue
[2026-06-30T08:50:30.689+0000] {logging_mixin.py:188} INFO - [2026-06-30T08:50:30.689+0000] {dagbag.py:545} INFO - Filling up the DagBag from /home/airflow/.local/lib/python3.12/site-packages/airflow/example_dags/example_latest_only_with_trigger.py
[2026-06-30T08:50:30.695+0000] {processor.py:840} INFO - DAG(s) 'latest_only_with_trigger' retrieved from /home/airflow/.local/lib/python3.12/site-packages/airflow/example_dags/example_latest_only_with_trigger.py
[2026-06-30T08:50:30.713+0000] {logging_mixin.py:188} INFO - [2026-06-30T08:50:30.712+0000] {dag.py:3096} INFO - Sync 1 DAGs
[2026-06-30T08:50:30.730+0000] {logging_mixin.py:188} INFO - [2026-06-30T08:50:30.729+0000] {dag.py:3954} INFO - Setting next_dagrun for latest_only_with_trigger to 2026-06-30 04:00:00+00:00, run_after=2026-06-30 08:00:00+00:00
[2026-06-30T08:50:30.744+0000] {processor.py:183} INFO - Processing /home/airflow/.local/lib/python3.12/site-packages/airflow/example_dags/example_latest_only_with_trigger.py took 0.061 seconds
[2026-06-30T08:51:00.886+0000] {processor.py:161} INFO - Started process (PID=25461) to work on /home/airflow/.local/lib/python3.12/site-packages/airflow/example_dags/example_latest_only_with_trigger.py
[2026-06-30T08:51:00.887+0000] {processor.py:830} INFO - Processing file /home/airflow/.local/lib/python3.12/site-packages/airflow/example_dags/example_latest_only_with_trigger.py for tasks to queue
[2026-06-30T08:51:00.888+0000] {logging_mixin.py:188} INFO - [2026-06-30T08:51:00.887+0000] {dagbag.py:545} INFO - Filling up the DagBag from /home/airflow/.local/lib/python3.12/site-packages/airflow/example_dags/example_latest_only_with_trigger.py
[2026-06-30T08:51:00.892+0000] {processor.py:840} INFO - DAG(s) 'latest_only_with_trigger' retrieved from /home/airflow/.local/lib/python3.12/site-packages/airflow/example_dags/example_latest_only_with_trigger.py
[2026-06-30T08:51:00.908+0000] {logging_mixin.py:188} INFO - [2026-06-30T08:51:00.908+0000] {dag.py:3096} INFO - Sync 1 DAGs
[2026-06-30T08:51:00.922+0000] {logging_mixin.py:188} INFO - [2026-06-30T08:51:00.922+0000] {dag.py:3954} INFO - Setting next_dagrun for latest_only_with_trigger to 2026-06-30 04:00:00+00:00, run_after=2026-06-30 08:00:00+00:00
[2026-06-30T08:51:01.054+0000] {processor.py:183} INFO - Processing /home/airflow/.local/lib/python3.12/site-packages/airflow/example_dags/example_latest_only_with_trigger.py took 0.172 seconds
[2026-06-30T08:51:31.631+0000] {processor.py:161} INFO - Started process (PID=25519) to work on /home/airflow/.local/lib/python3.12/site-packages/airflow/example_dags/example_latest_only_with_trigger.py
[2026-06-30T08:51:31.632+0000] {processor.py:830} INFO - Processing file /home/airflow/.local/lib/python3.12/site-packages/airflow/example_dags/example_latest_only_with_trigger.py for tasks to queue
[2026-06-30T08:51:31.634+0000] {logging_mixin.py:188} INFO - [2026-06-30T08:51:31.633+0000] {dagbag.py:545} INFO - Filling up the DagBag from /home/airflow/.local/lib/python3.12/site-packages/airflow/example_dags/example_latest_only_with_trigger.py
[2026-06-30T08:51:31.641+0000] {processor.py:840} INFO - DAG(s) 'latest_only_with_trigger' retrieved from /home/airflow/.local/lib/python3.12/site-packages/airflow/example_dags/example_latest_only_with_trigger.py
[2026-06-30T08:51:31.659+0000] {logging_mixin.py:188} INFO - [2026-06-30T08:51:31.659+0000] {dag.py:3096} INFO - Sync 1 DAGs
[2026-06-30T08:51:31.674+0000] {logging_mixin.py:188} INFO - [2026-06-30T08:51:31.674+0000] {dag.py:3954} INFO - Setting next_dagrun for latest_only_with_trigger to 2026-06-30 04:00:00+00:00, run_after=2026-06-30 08:00:00+00:00
[2026-06-30T08:51:31.687+0000] {processor.py:183} INFO - Processing /home/airflow/.local/lib/python3.12/site-packages/airflow/example_dags/example_latest_only_with_trigger.py took 0.062 seconds
[2026-06-30T08:52:01.770+0000] {processor.py:161} INFO - Started process (PID=25576) to work on /home/airflow/.local/lib/python3.12/site-packages/airflow/example_dags/example_latest_only_with_trigger.py
[2026-06-30T08:52:01.770+0000] {processor.py:830} INFO - Processing file /home/airflow/.local/lib/python3.12/site-packages/airflow/example_dags/example_latest_only_with_trigger.py for tasks to queue
[2026-06-30T08:52:01.771+0000] {logging_mixin.py:188} INFO - [2026-06-30T08:52:01.771+0000] {dagbag.py:545} INFO - Filling up the DagBag from /home/airflow/.local/lib/python3.12/site-packages/airflow/example_dags/example_latest_only_with_trigger.py
[2026-06-30T08:52:01.775+0000] {processor.py:840} INFO - DAG(s) 'latest_only_with_trigger' retrieved from /home/airflow/.local/lib/python3.12/site-packages/airflow/example_dags/example_latest_only_with_trigger.py
[2026-06-30T08:52:01.791+0000] {logging_mixin.py:188} INFO - [2026-06-30T08:52:01.791+0000] {dag.py:3096} INFO - Sync 1 DAGs
[2026-06-30T08:52:01.806+0000] {logging_mixin.py:188} INFO - [2026-06-30T08:52:01.806+0000] {dag.py:3954} INFO - Setting next_dagrun for latest_only_with_trigger to 2026-06-30 04:00:00+00:00, run_after=2026-06-30 08:00:00+00:00
[2026-06-30T08:52:01.819+0000] {processor.py:183} INFO - Processing /home/airflow/.local/lib/python3.12/site-packages/airflow/example_dags/example_latest_only_with_trigger.py took 0.053 seconds
[2026-06-30T08:52:32.497+0000] {processor.py:161} INFO - Started process (PID=25634) to work on /home/airflow/.local/lib/python3.12/site-packages/airflow/example_dags/example_latest_only_with_trigger.py
[2026-06-30T08:52:32.498+0000] {processor.py:830} INFO - Processing file /home/airflow/.local/lib/python3.12/site-packages/airflow/example_dags/example_latest_only_with_trigger.py for tasks to queue
[2026-06-30T08:52:32.499+0000] {logging_mixin.py:188} INFO - [2026-06-30T08:52:32.498+0000] {dagbag.py:545} INFO - Filling up the DagBag from /home/airflow/.local/lib/python3.12/site-packages/airflow/example_dags/example_latest_only_with_trigger.py
[2026-06-30T08:52:32.503+0000] {processor.py:840} INFO - DAG(s) 'latest_only_with_trigger' retrieved from /home/airflow/.local/lib/python3.12/site-packages/airflow/example_dags/example_latest_only_with_trigger.py
[2026-06-30T08:52:32.519+0000] {logging_mixin.py:188} INFO - [2026-06-30T08:52:32.519+0000] {dag.py:3096} INFO - Sync 1 DAGs
[2026-06-30T08:52:32.535+0000] {logging_mixin.py:188} INFO - [2026-06-30T08:52:32.534+0000] {dag.py:3954} INFO - Setting next_dagrun for latest_only_with_trigger to 2026-06-30 04:00:00+00:00, run_after=2026-06-30 08:00:00+00:00
[2026-06-30T08:52:32.548+0000] {processor.py:183} INFO - Processing /home/airflow/.local/lib/python3.12/site-packages/airflow/example_dags/example_latest_only_with_trigger.py took 0.055 seconds
[2026-06-30T08:53:03.133+0000] {processor.py:161} INFO - Started process (PID=25692) to work on /home/airflow/.local/lib/python3.12/site-packages/airflow/example_dags/example_latest_only_with_trigger.py
[2026-06-30T08:53:03.134+0000] {processor.py:830} INFO - Processing file /home/airflow/.local/lib/python3.12/site-packages/airflow/example_dags/example_latest_only_with_trigger.py for tasks to queue
[2026-06-30T08:53:03.135+0000] {logging_mixin.py:188} INFO - [2026-06-30T08:53:03.135+0000] {dagbag.py:545} INFO - Filling up the DagBag from /home/airflow/.local/lib/python3.12/site-packages/airflow/example_dags/example_latest_only_with_trigger.py
[2026-06-30T08:53:03.140+0000] {processor.py:840} INFO - DAG(s) 'latest_only_with_trigger' retrieved from /home/airflow/.local/lib/python3.12/site-packages/airflow/example_dags/example_latest_only_with_trigger.py
[2026-06-30T08:53:03.291+0000] {logging_mixin.py:188} INFO - [2026-06-30T08:53:03.291+0000] {dag.py:3096} INFO - Sync 1 DAGs
[2026-06-30T08:53:03.307+0000] {logging_mixin.py:188} INFO - [2026-06-30T08:53:03.306+0000] {dag.py:3954} INFO - Setting next_dagrun for latest_only_with_trigger to 2026-06-30 04:00:00+00:00, run_after=2026-06-30 08:00:00+00:00
[2026-06-30T08:53:03.320+0000] {processor.py:183} INFO - Processing /home/airflow/.local/lib/python3.12/site-packages/airflow/example_dags/example_latest_only_with_trigger.py took 0.192 seconds
