[2026-06-30T08:05:48.496+0000] {processor.py:161} INFO - Started process (PID=21759) to work on /home/airflow/.local/lib/python3.12/site-packages/airflow/example_dags/example_xcom.py
[2026-06-30T08:05:48.510+0000] {processor.py:830} INFO - Processing file /home/airflow/.local/lib/python3.12/site-packages/airflow/example_dags/example_xcom.py for tasks to queue
[2026-06-30T08:05:48.514+0000] {logging_mixin.py:188} INFO - [2026-06-30T08:05:48.513+0000] {dagbag.py:545} INFO - Filling up the DagBag from /home/airflow/.local/lib/python3.12/site-packages/airflow/example_dags/example_xcom.py
[2026-06-30T08:05:48.524+0000] {processor.py:840} INFO - DAG(s) 'example_xcom' retrieved from /home/airflow/.local/lib/python3.12/site-packages/airflow/example_dags/example_xcom.py
[2026-06-30T08:05:48.552+0000] {logging_mixin.py:188} INFO - [2026-06-30T08:05:48.552+0000] {dag.py:3096} INFO - Sync 1 DAGs
[2026-06-30T08:05:48.583+0000] {logging_mixin.py:188} INFO - [2026-06-30T08:05:48.582+0000] {dag.py:3954} INFO - Setting next_dagrun for example_xcom to 2021-01-01 00:00:00+00:00, run_after=2021-01-01 00:00:00+00:00
[2026-06-30T08:05:48.605+0000] {processor.py:183} INFO - Processing /home/airflow/.local/lib/python3.12/site-packages/airflow/example_dags/example_xcom.py took 0.119 seconds
[2026-06-30T08:18:55.568+0000] {processor.py:161} INFO - Started process (PID=21811) to work on /home/airflow/.local/lib/python3.12/site-packages/airflow/example_dags/example_xcom.py
[2026-06-30T08:18:55.572+0000] {processor.py:830} INFO - Processing file /home/airflow/.local/lib/python3.12/site-packages/airflow/example_dags/example_xcom.py for tasks to queue
[2026-06-30T08:18:55.574+0000] {logging_mixin.py:188} INFO - [2026-06-30T08:18:55.574+0000] {dagbag.py:545} INFO - Filling up the DagBag from /home/airflow/.local/lib/python3.12/site-packages/airflow/example_dags/example_xcom.py
[2026-06-30T08:18:55.583+0000] {processor.py:840} INFO - DAG(s) 'example_xcom' retrieved from /home/airflow/.local/lib/python3.12/site-packages/airflow/example_dags/example_xcom.py
[2026-06-30T08:18:55.602+0000] {logging_mixin.py:188} INFO - [2026-06-30T08:18:55.602+0000] {dag.py:3096} INFO - Sync 1 DAGs
[2026-06-30T08:18:55.620+0000] {logging_mixin.py:188} INFO - [2026-06-30T08:18:55.619+0000] {dag.py:3954} INFO - Setting next_dagrun for example_xcom to 2021-01-01 00:00:00+00:00, run_after=2021-01-01 00:00:00+00:00
[2026-06-30T08:18:55.633+0000] {processor.py:183} INFO - Processing /home/airflow/.local/lib/python3.12/site-packages/airflow/example_dags/example_xcom.py took 0.079 seconds
[2026-06-30T08:19:25.863+0000] {processor.py:161} INFO - Started process (PID=21869) to work on /home/airflow/.local/lib/python3.12/site-packages/airflow/example_dags/example_xcom.py
[2026-06-30T08:19:25.863+0000] {processor.py:830} INFO - Processing file /home/airflow/.local/lib/python3.12/site-packages/airflow/example_dags/example_xcom.py for tasks to queue
[2026-06-30T08:19:25.864+0000] {logging_mixin.py:188} INFO - [2026-06-30T08:19:25.864+0000] {dagbag.py:545} INFO - Filling up the DagBag from /home/airflow/.local/lib/python3.12/site-packages/airflow/example_dags/example_xcom.py
[2026-06-30T08:19:25.869+0000] {processor.py:840} INFO - DAG(s) 'example_xcom' retrieved from /home/airflow/.local/lib/python3.12/site-packages/airflow/example_dags/example_xcom.py
[2026-06-30T08:19:25.884+0000] {logging_mixin.py:188} INFO - [2026-06-30T08:19:25.884+0000] {dag.py:3096} INFO - Sync 1 DAGs
[2026-06-30T08:19:25.897+0000] {logging_mixin.py:188} INFO - [2026-06-30T08:19:25.896+0000] {dag.py:3954} INFO - Setting next_dagrun for example_xcom to 2021-01-01 00:00:00+00:00, run_after=2021-01-01 00:00:00+00:00
[2026-06-30T08:19:25.909+0000] {processor.py:183} INFO - Processing /home/airflow/.local/lib/python3.12/site-packages/airflow/example_dags/example_xcom.py took 0.052 seconds
[2026-06-30T08:19:56.089+0000] {processor.py:161} INFO - Started process (PID=21927) to work on /home/airflow/.local/lib/python3.12/site-packages/airflow/example_dags/example_xcom.py
[2026-06-30T08:19:56.089+0000] {processor.py:830} INFO - Processing file /home/airflow/.local/lib/python3.12/site-packages/airflow/example_dags/example_xcom.py for tasks to queue
[2026-06-30T08:19:56.090+0000] {logging_mixin.py:188} INFO - [2026-06-30T08:19:56.090+0000] {dagbag.py:545} INFO - Filling up the DagBag from /home/airflow/.local/lib/python3.12/site-packages/airflow/example_dags/example_xcom.py
[2026-06-30T08:19:56.096+0000] {processor.py:840} INFO - DAG(s) 'example_xcom' retrieved from /home/airflow/.local/lib/python3.12/site-packages/airflow/example_dags/example_xcom.py
[2026-06-30T08:19:56.111+0000] {logging_mixin.py:188} INFO - [2026-06-30T08:19:56.111+0000] {dag.py:3096} INFO - Sync 1 DAGs
[2026-06-30T08:19:56.127+0000] {logging_mixin.py:188} INFO - [2026-06-30T08:19:56.127+0000] {dag.py:3954} INFO - Setting next_dagrun for example_xcom to 2021-01-01 00:00:00+00:00, run_after=2021-01-01 00:00:00+00:00
[2026-06-30T08:19:56.139+0000] {processor.py:183} INFO - Processing /home/airflow/.local/lib/python3.12/site-packages/airflow/example_dags/example_xcom.py took 0.055 seconds
[2026-06-30T08:20:26.402+0000] {processor.py:161} INFO - Started process (PID=21985) to work on /home/airflow/.local/lib/python3.12/site-packages/airflow/example_dags/example_xcom.py
[2026-06-30T08:20:26.403+0000] {processor.py:830} INFO - Processing file /home/airflow/.local/lib/python3.12/site-packages/airflow/example_dags/example_xcom.py for tasks to queue
[2026-06-30T08:20:26.404+0000] {logging_mixin.py:188} INFO - [2026-06-30T08:20:26.403+0000] {dagbag.py:545} INFO - Filling up the DagBag from /home/airflow/.local/lib/python3.12/site-packages/airflow/example_dags/example_xcom.py
[2026-06-30T08:20:26.409+0000] {processor.py:840} INFO - DAG(s) 'example_xcom' retrieved from /home/airflow/.local/lib/python3.12/site-packages/airflow/example_dags/example_xcom.py
[2026-06-30T08:20:26.428+0000] {logging_mixin.py:188} INFO - [2026-06-30T08:20:26.427+0000] {dag.py:3096} INFO - Sync 1 DAGs
[2026-06-30T08:20:26.442+0000] {logging_mixin.py:188} INFO - [2026-06-30T08:20:26.442+0000] {dag.py:3954} INFO - Setting next_dagrun for example_xcom to 2021-01-01 00:00:00+00:00, run_after=2021-01-01 00:00:00+00:00
[2026-06-30T08:20:26.454+0000] {processor.py:183} INFO - Processing /home/airflow/.local/lib/python3.12/site-packages/airflow/example_dags/example_xcom.py took 0.056 seconds
[2026-06-30T08:20:56.750+0000] {processor.py:161} INFO - Started process (PID=22043) to work on /home/airflow/.local/lib/python3.12/site-packages/airflow/example_dags/example_xcom.py
[2026-06-30T08:20:56.751+0000] {processor.py:830} INFO - Processing file /home/airflow/.local/lib/python3.12/site-packages/airflow/example_dags/example_xcom.py for tasks to queue
[2026-06-30T08:20:56.753+0000] {logging_mixin.py:188} INFO - [2026-06-30T08:20:56.752+0000] {dagbag.py:545} INFO - Filling up the DagBag from /home/airflow/.local/lib/python3.12/site-packages/airflow/example_dags/example_xcom.py
[2026-06-30T08:20:56.761+0000] {processor.py:840} INFO - DAG(s) 'example_xcom' retrieved from /home/airflow/.local/lib/python3.12/site-packages/airflow/example_dags/example_xcom.py
[2026-06-30T08:20:56.786+0000] {logging_mixin.py:188} INFO - [2026-06-30T08:20:56.785+0000] {dag.py:3096} INFO - Sync 1 DAGs
[2026-06-30T08:20:56.808+0000] {logging_mixin.py:188} INFO - [2026-06-30T08:20:56.807+0000] {dag.py:3954} INFO - Setting next_dagrun for example_xcom to 2021-01-01 00:00:00+00:00, run_after=2021-01-01 00:00:00+00:00
[2026-06-30T08:20:56.828+0000] {processor.py:183} INFO - Processing /home/airflow/.local/lib/python3.12/site-packages/airflow/example_dags/example_xcom.py took 0.084 seconds
[2026-06-30T08:21:27.188+0000] {processor.py:161} INFO - Started process (PID=22101) to work on /home/airflow/.local/lib/python3.12/site-packages/airflow/example_dags/example_xcom.py
[2026-06-30T08:21:27.189+0000] {processor.py:830} INFO - Processing file /home/airflow/.local/lib/python3.12/site-packages/airflow/example_dags/example_xcom.py for tasks to queue
[2026-06-30T08:21:27.190+0000] {logging_mixin.py:188} INFO - [2026-06-30T08:21:27.189+0000] {dagbag.py:545} INFO - Filling up the DagBag from /home/airflow/.local/lib/python3.12/site-packages/airflow/example_dags/example_xcom.py
[2026-06-30T08:21:27.195+0000] {processor.py:840} INFO - DAG(s) 'example_xcom' retrieved from /home/airflow/.local/lib/python3.12/site-packages/airflow/example_dags/example_xcom.py
[2026-06-30T08:21:27.211+0000] {logging_mixin.py:188} INFO - [2026-06-30T08:21:27.210+0000] {dag.py:3096} INFO - Sync 1 DAGs
[2026-06-30T08:21:27.225+0000] {logging_mixin.py:188} INFO - [2026-06-30T08:21:27.225+0000] {dag.py:3954} INFO - Setting next_dagrun for example_xcom to 2021-01-01 00:00:00+00:00, run_after=2021-01-01 00:00:00+00:00
[2026-06-30T08:21:27.239+0000] {processor.py:183} INFO - Processing /home/airflow/.local/lib/python3.12/site-packages/airflow/example_dags/example_xcom.py took 0.055 seconds
[2026-06-30T08:21:57.346+0000] {processor.py:161} INFO - Started process (PID=22158) to work on /home/airflow/.local/lib/python3.12/site-packages/airflow/example_dags/example_xcom.py
[2026-06-30T08:21:57.347+0000] {processor.py:830} INFO - Processing file /home/airflow/.local/lib/python3.12/site-packages/airflow/example_dags/example_xcom.py for tasks to queue
[2026-06-30T08:21:57.348+0000] {logging_mixin.py:188} INFO - [2026-06-30T08:21:57.348+0000] {dagbag.py:545} INFO - Filling up the DagBag from /home/airflow/.local/lib/python3.12/site-packages/airflow/example_dags/example_xcom.py
[2026-06-30T08:21:57.354+0000] {processor.py:840} INFO - DAG(s) 'example_xcom' retrieved from /home/airflow/.local/lib/python3.12/site-packages/airflow/example_dags/example_xcom.py
[2026-06-30T08:21:57.369+0000] {logging_mixin.py:188} INFO - [2026-06-30T08:21:57.369+0000] {dag.py:3096} INFO - Sync 1 DAGs
[2026-06-30T08:21:57.383+0000] {logging_mixin.py:188} INFO - [2026-06-30T08:21:57.383+0000] {dag.py:3954} INFO - Setting next_dagrun for example_xcom to 2021-01-01 00:00:00+00:00, run_after=2021-01-01 00:00:00+00:00
[2026-06-30T08:21:57.395+0000] {processor.py:183} INFO - Processing /home/airflow/.local/lib/python3.12/site-packages/airflow/example_dags/example_xcom.py took 0.054 seconds
[2026-06-30T08:22:28.043+0000] {processor.py:161} INFO - Started process (PID=22217) to work on /home/airflow/.local/lib/python3.12/site-packages/airflow/example_dags/example_xcom.py
[2026-06-30T08:22:28.044+0000] {processor.py:830} INFO - Processing file /home/airflow/.local/lib/python3.12/site-packages/airflow/example_dags/example_xcom.py for tasks to queue
[2026-06-30T08:22:28.045+0000] {logging_mixin.py:188} INFO - [2026-06-30T08:22:28.044+0000] {dagbag.py:545} INFO - Filling up the DagBag from /home/airflow/.local/lib/python3.12/site-packages/airflow/example_dags/example_xcom.py
[2026-06-30T08:22:28.050+0000] {processor.py:840} INFO - DAG(s) 'example_xcom' retrieved from /home/airflow/.local/lib/python3.12/site-packages/airflow/example_dags/example_xcom.py
[2026-06-30T08:22:28.064+0000] {logging_mixin.py:188} INFO - [2026-06-30T08:22:28.064+0000] {dag.py:3096} INFO - Sync 1 DAGs
[2026-06-30T08:22:28.078+0000] {logging_mixin.py:188} INFO - [2026-06-30T08:22:28.078+0000] {dag.py:3954} INFO - Setting next_dagrun for example_xcom to 2021-01-01 00:00:00+00:00, run_after=2021-01-01 00:00:00+00:00
[2026-06-30T08:22:28.090+0000] {processor.py:183} INFO - Processing /home/airflow/.local/lib/python3.12/site-packages/airflow/example_dags/example_xcom.py took 0.051 seconds
[2026-06-30T08:22:58.404+0000] {processor.py:161} INFO - Started process (PID=22275) to work on /home/airflow/.local/lib/python3.12/site-packages/airflow/example_dags/example_xcom.py
[2026-06-30T08:22:58.405+0000] {processor.py:830} INFO - Processing file /home/airflow/.local/lib/python3.12/site-packages/airflow/example_dags/example_xcom.py for tasks to queue
[2026-06-30T08:22:58.406+0000] {logging_mixin.py:188} INFO - [2026-06-30T08:22:58.405+0000] {dagbag.py:545} INFO - Filling up the DagBag from /home/airflow/.local/lib/python3.12/site-packages/airflow/example_dags/example_xcom.py
[2026-06-30T08:22:58.411+0000] {processor.py:840} INFO - DAG(s) 'example_xcom' retrieved from /home/airflow/.local/lib/python3.12/site-packages/airflow/example_dags/example_xcom.py
[2026-06-30T08:22:58.426+0000] {logging_mixin.py:188} INFO - [2026-06-30T08:22:58.426+0000] {dag.py:3096} INFO - Sync 1 DAGs
[2026-06-30T08:22:58.441+0000] {logging_mixin.py:188} INFO - [2026-06-30T08:22:58.440+0000] {dag.py:3954} INFO - Setting next_dagrun for example_xcom to 2021-01-01 00:00:00+00:00, run_after=2021-01-01 00:00:00+00:00
[2026-06-30T08:22:58.453+0000] {processor.py:183} INFO - Processing /home/airflow/.local/lib/python3.12/site-packages/airflow/example_dags/example_xcom.py took 0.053 seconds
[2026-06-30T08:23:28.775+0000] {processor.py:161} INFO - Started process (PID=22333) to work on /home/airflow/.local/lib/python3.12/site-packages/airflow/example_dags/example_xcom.py
[2026-06-30T08:23:28.776+0000] {processor.py:830} INFO - Processing file /home/airflow/.local/lib/python3.12/site-packages/airflow/example_dags/example_xcom.py for tasks to queue
[2026-06-30T08:23:28.777+0000] {logging_mixin.py:188} INFO - [2026-06-30T08:23:28.777+0000] {dagbag.py:545} INFO - Filling up the DagBag from /home/airflow/.local/lib/python3.12/site-packages/airflow/example_dags/example_xcom.py
[2026-06-30T08:23:28.784+0000] {processor.py:840} INFO - DAG(s) 'example_xcom' retrieved from /home/airflow/.local/lib/python3.12/site-packages/airflow/example_dags/example_xcom.py
[2026-06-30T08:23:28.800+0000] {logging_mixin.py:188} INFO - [2026-06-30T08:23:28.799+0000] {dag.py:3096} INFO - Sync 1 DAGs
[2026-06-30T08:23:28.814+0000] {logging_mixin.py:188} INFO - [2026-06-30T08:23:28.813+0000] {dag.py:3954} INFO - Setting next_dagrun for example_xcom to 2021-01-01 00:00:00+00:00, run_after=2021-01-01 00:00:00+00:00
[2026-06-30T08:23:28.825+0000] {processor.py:183} INFO - Processing /home/airflow/.local/lib/python3.12/site-packages/airflow/example_dags/example_xcom.py took 0.054 seconds
[2026-06-30T08:23:59.292+0000] {processor.py:161} INFO - Started process (PID=22391) to work on /home/airflow/.local/lib/python3.12/site-packages/airflow/example_dags/example_xcom.py
[2026-06-30T08:23:59.293+0000] {processor.py:830} INFO - Processing file /home/airflow/.local/lib/python3.12/site-packages/airflow/example_dags/example_xcom.py for tasks to queue
[2026-06-30T08:23:59.293+0000] {logging_mixin.py:188} INFO - [2026-06-30T08:23:59.293+0000] {dagbag.py:545} INFO - Filling up the DagBag from /home/airflow/.local/lib/python3.12/site-packages/airflow/example_dags/example_xcom.py
[2026-06-30T08:23:59.301+0000] {processor.py:840} INFO - DAG(s) 'example_xcom' retrieved from /home/airflow/.local/lib/python3.12/site-packages/airflow/example_dags/example_xcom.py
[2026-06-30T08:23:59.318+0000] {logging_mixin.py:188} INFO - [2026-06-30T08:23:59.318+0000] {dag.py:3096} INFO - Sync 1 DAGs
[2026-06-30T08:23:59.334+0000] {logging_mixin.py:188} INFO - [2026-06-30T08:23:59.334+0000] {dag.py:3954} INFO - Setting next_dagrun for example_xcom to 2021-01-01 00:00:00+00:00, run_after=2021-01-01 00:00:00+00:00
[2026-06-30T08:23:59.345+0000] {processor.py:183} INFO - Processing /home/airflow/.local/lib/python3.12/site-packages/airflow/example_dags/example_xcom.py took 0.059 seconds
[2026-06-30T08:24:30.029+0000] {processor.py:161} INFO - Started process (PID=22449) to work on /home/airflow/.local/lib/python3.12/site-packages/airflow/example_dags/example_xcom.py
[2026-06-30T08:24:30.030+0000] {processor.py:830} INFO - Processing file /home/airflow/.local/lib/python3.12/site-packages/airflow/example_dags/example_xcom.py for tasks to queue
[2026-06-30T08:24:30.031+0000] {logging_mixin.py:188} INFO - [2026-06-30T08:24:30.031+0000] {dagbag.py:545} INFO - Filling up the DagBag from /home/airflow/.local/lib/python3.12/site-packages/airflow/example_dags/example_xcom.py
[2026-06-30T08:24:30.037+0000] {processor.py:840} INFO - DAG(s) 'example_xcom' retrieved from /home/airflow/.local/lib/python3.12/site-packages/airflow/example_dags/example_xcom.py
[2026-06-30T08:24:30.052+0000] {logging_mixin.py:188} INFO - [2026-06-30T08:24:30.052+0000] {dag.py:3096} INFO - Sync 1 DAGs
[2026-06-30T08:24:30.067+0000] {logging_mixin.py:188} INFO - [2026-06-30T08:24:30.067+0000] {dag.py:3954} INFO - Setting next_dagrun for example_xcom to 2021-01-01 00:00:00+00:00, run_after=2021-01-01 00:00:00+00:00
[2026-06-30T08:24:30.080+0000] {processor.py:183} INFO - Processing /home/airflow/.local/lib/python3.12/site-packages/airflow/example_dags/example_xcom.py took 0.055 seconds
[2026-06-30T08:25:00.598+0000] {processor.py:161} INFO - Started process (PID=22508) to work on /home/airflow/.local/lib/python3.12/site-packages/airflow/example_dags/example_xcom.py
[2026-06-30T08:25:00.598+0000] {processor.py:830} INFO - Processing file /home/airflow/.local/lib/python3.12/site-packages/airflow/example_dags/example_xcom.py for tasks to queue
[2026-06-30T08:25:00.599+0000] {logging_mixin.py:188} INFO - [2026-06-30T08:25:00.599+0000] {dagbag.py:545} INFO - Filling up the DagBag from /home/airflow/.local/lib/python3.12/site-packages/airflow/example_dags/example_xcom.py
[2026-06-30T08:25:00.605+0000] {processor.py:840} INFO - DAG(s) 'example_xcom' retrieved from /home/airflow/.local/lib/python3.12/site-packages/airflow/example_dags/example_xcom.py
[2026-06-30T08:25:00.620+0000] {logging_mixin.py:188} INFO - [2026-06-30T08:25:00.620+0000] {dag.py:3096} INFO - Sync 1 DAGs
[2026-06-30T08:25:00.635+0000] {logging_mixin.py:188} INFO - [2026-06-30T08:25:00.635+0000] {dag.py:3954} INFO - Setting next_dagrun for example_xcom to 2021-01-01 00:00:00+00:00, run_after=2021-01-01 00:00:00+00:00
[2026-06-30T08:25:00.647+0000] {processor.py:183} INFO - Processing /home/airflow/.local/lib/python3.12/site-packages/airflow/example_dags/example_xcom.py took 0.054 seconds
[2026-06-30T08:25:30.870+0000] {processor.py:161} INFO - Started process (PID=22566) to work on /home/airflow/.local/lib/python3.12/site-packages/airflow/example_dags/example_xcom.py
[2026-06-30T08:25:30.871+0000] {processor.py:830} INFO - Processing file /home/airflow/.local/lib/python3.12/site-packages/airflow/example_dags/example_xcom.py for tasks to queue
[2026-06-30T08:25:30.872+0000] {logging_mixin.py:188} INFO - [2026-06-30T08:25:30.872+0000] {dagbag.py:545} INFO - Filling up the DagBag from /home/airflow/.local/lib/python3.12/site-packages/airflow/example_dags/example_xcom.py
[2026-06-30T08:25:30.877+0000] {processor.py:840} INFO - DAG(s) 'example_xcom' retrieved from /home/airflow/.local/lib/python3.12/site-packages/airflow/example_dags/example_xcom.py
[2026-06-30T08:25:30.892+0000] {logging_mixin.py:188} INFO - [2026-06-30T08:25:30.892+0000] {dag.py:3096} INFO - Sync 1 DAGs
[2026-06-30T08:25:30.907+0000] {logging_mixin.py:188} INFO - [2026-06-30T08:25:30.907+0000] {dag.py:3954} INFO - Setting next_dagrun for example_xcom to 2021-01-01 00:00:00+00:00, run_after=2021-01-01 00:00:00+00:00
[2026-06-30T08:25:30.920+0000] {processor.py:183} INFO - Processing /home/airflow/.local/lib/python3.12/site-packages/airflow/example_dags/example_xcom.py took 0.054 seconds
[2026-06-30T08:26:01.722+0000] {processor.py:161} INFO - Started process (PID=22624) to work on /home/airflow/.local/lib/python3.12/site-packages/airflow/example_dags/example_xcom.py
[2026-06-30T08:26:01.722+0000] {processor.py:830} INFO - Processing file /home/airflow/.local/lib/python3.12/site-packages/airflow/example_dags/example_xcom.py for tasks to queue
[2026-06-30T08:26:01.723+0000] {logging_mixin.py:188} INFO - [2026-06-30T08:26:01.723+0000] {dagbag.py:545} INFO - Filling up the DagBag from /home/airflow/.local/lib/python3.12/site-packages/airflow/example_dags/example_xcom.py
[2026-06-30T08:26:01.730+0000] {processor.py:840} INFO - DAG(s) 'example_xcom' retrieved from /home/airflow/.local/lib/python3.12/site-packages/airflow/example_dags/example_xcom.py
[2026-06-30T08:26:01.750+0000] {logging_mixin.py:188} INFO - [2026-06-30T08:26:01.749+0000] {dag.py:3096} INFO - Sync 1 DAGs
[2026-06-30T08:26:01.766+0000] {logging_mixin.py:188} INFO - [2026-06-30T08:26:01.766+0000] {dag.py:3954} INFO - Setting next_dagrun for example_xcom to 2021-01-01 00:00:00+00:00, run_after=2021-01-01 00:00:00+00:00
[2026-06-30T08:26:01.780+0000] {processor.py:183} INFO - Processing /home/airflow/.local/lib/python3.12/site-packages/airflow/example_dags/example_xcom.py took 0.063 seconds
[2026-06-30T08:26:32.610+0000] {processor.py:161} INFO - Started process (PID=22682) to work on /home/airflow/.local/lib/python3.12/site-packages/airflow/example_dags/example_xcom.py
[2026-06-30T08:26:32.611+0000] {processor.py:830} INFO - Processing file /home/airflow/.local/lib/python3.12/site-packages/airflow/example_dags/example_xcom.py for tasks to queue
[2026-06-30T08:26:32.612+0000] {logging_mixin.py:188} INFO - [2026-06-30T08:26:32.612+0000] {dagbag.py:545} INFO - Filling up the DagBag from /home/airflow/.local/lib/python3.12/site-packages/airflow/example_dags/example_xcom.py
[2026-06-30T08:26:32.618+0000] {processor.py:840} INFO - DAG(s) 'example_xcom' retrieved from /home/airflow/.local/lib/python3.12/site-packages/airflow/example_dags/example_xcom.py
[2026-06-30T08:26:32.634+0000] {logging_mixin.py:188} INFO - [2026-06-30T08:26:32.633+0000] {dag.py:3096} INFO - Sync 1 DAGs
[2026-06-30T08:26:32.650+0000] {logging_mixin.py:188} INFO - [2026-06-30T08:26:32.649+0000] {dag.py:3954} INFO - Setting next_dagrun for example_xcom to 2021-01-01 00:00:00+00:00, run_after=2021-01-01 00:00:00+00:00
[2026-06-30T08:26:32.664+0000] {processor.py:183} INFO - Processing /home/airflow/.local/lib/python3.12/site-packages/airflow/example_dags/example_xcom.py took 0.059 seconds
[2026-06-30T08:27:03.130+0000] {processor.py:161} INFO - Started process (PID=22740) to work on /home/airflow/.local/lib/python3.12/site-packages/airflow/example_dags/example_xcom.py
[2026-06-30T08:27:03.131+0000] {processor.py:830} INFO - Processing file /home/airflow/.local/lib/python3.12/site-packages/airflow/example_dags/example_xcom.py for tasks to queue
[2026-06-30T08:27:03.132+0000] {logging_mixin.py:188} INFO - [2026-06-30T08:27:03.132+0000] {dagbag.py:545} INFO - Filling up the DagBag from /home/airflow/.local/lib/python3.12/site-packages/airflow/example_dags/example_xcom.py
[2026-06-30T08:27:03.139+0000] {processor.py:840} INFO - DAG(s) 'example_xcom' retrieved from /home/airflow/.local/lib/python3.12/site-packages/airflow/example_dags/example_xcom.py
[2026-06-30T08:27:03.159+0000] {logging_mixin.py:188} INFO - [2026-06-30T08:27:03.159+0000] {dag.py:3096} INFO - Sync 1 DAGs
[2026-06-30T08:27:03.176+0000] {logging_mixin.py:188} INFO - [2026-06-30T08:27:03.176+0000] {dag.py:3954} INFO - Setting next_dagrun for example_xcom to 2021-01-01 00:00:00+00:00, run_after=2021-01-01 00:00:00+00:00
[2026-06-30T08:27:03.192+0000] {processor.py:183} INFO - Processing /home/airflow/.local/lib/python3.12/site-packages/airflow/example_dags/example_xcom.py took 0.067 seconds
[2026-06-30T08:27:33.524+0000] {processor.py:161} INFO - Started process (PID=22798) to work on /home/airflow/.local/lib/python3.12/site-packages/airflow/example_dags/example_xcom.py
[2026-06-30T08:27:33.524+0000] {processor.py:830} INFO - Processing file /home/airflow/.local/lib/python3.12/site-packages/airflow/example_dags/example_xcom.py for tasks to queue
[2026-06-30T08:27:33.525+0000] {logging_mixin.py:188} INFO - [2026-06-30T08:27:33.525+0000] {dagbag.py:545} INFO - Filling up the DagBag from /home/airflow/.local/lib/python3.12/site-packages/airflow/example_dags/example_xcom.py
[2026-06-30T08:27:33.531+0000] {processor.py:840} INFO - DAG(s) 'example_xcom' retrieved from /home/airflow/.local/lib/python3.12/site-packages/airflow/example_dags/example_xcom.py
[2026-06-30T08:27:33.547+0000] {logging_mixin.py:188} INFO - [2026-06-30T08:27:33.547+0000] {dag.py:3096} INFO - Sync 1 DAGs
[2026-06-30T08:27:33.563+0000] {logging_mixin.py:188} INFO - [2026-06-30T08:27:33.563+0000] {dag.py:3954} INFO - Setting next_dagrun for example_xcom to 2021-01-01 00:00:00+00:00, run_after=2021-01-01 00:00:00+00:00
[2026-06-30T08:27:33.575+0000] {processor.py:183} INFO - Processing /home/airflow/.local/lib/python3.12/site-packages/airflow/example_dags/example_xcom.py took 0.056 seconds
[2026-06-30T08:28:04.046+0000] {processor.py:161} INFO - Started process (PID=22856) to work on /home/airflow/.local/lib/python3.12/site-packages/airflow/example_dags/example_xcom.py
[2026-06-30T08:28:04.047+0000] {processor.py:830} INFO - Processing file /home/airflow/.local/lib/python3.12/site-packages/airflow/example_dags/example_xcom.py for tasks to queue
[2026-06-30T08:28:04.047+0000] {logging_mixin.py:188} INFO - [2026-06-30T08:28:04.047+0000] {dagbag.py:545} INFO - Filling up the DagBag from /home/airflow/.local/lib/python3.12/site-packages/airflow/example_dags/example_xcom.py
[2026-06-30T08:28:04.054+0000] {processor.py:840} INFO - DAG(s) 'example_xcom' retrieved from /home/airflow/.local/lib/python3.12/site-packages/airflow/example_dags/example_xcom.py
[2026-06-30T08:28:04.072+0000] {logging_mixin.py:188} INFO - [2026-06-30T08:28:04.072+0000] {dag.py:3096} INFO - Sync 1 DAGs
[2026-06-30T08:28:04.090+0000] {logging_mixin.py:188} INFO - [2026-06-30T08:28:04.090+0000] {dag.py:3954} INFO - Setting next_dagrun for example_xcom to 2021-01-01 00:00:00+00:00, run_after=2021-01-01 00:00:00+00:00
[2026-06-30T08:28:04.103+0000] {processor.py:183} INFO - Processing /home/airflow/.local/lib/python3.12/site-packages/airflow/example_dags/example_xcom.py took 0.062 seconds
[2026-06-30T08:28:34.418+0000] {processor.py:161} INFO - Started process (PID=22914) to work on /home/airflow/.local/lib/python3.12/site-packages/airflow/example_dags/example_xcom.py
[2026-06-30T08:28:34.419+0000] {processor.py:830} INFO - Processing file /home/airflow/.local/lib/python3.12/site-packages/airflow/example_dags/example_xcom.py for tasks to queue
[2026-06-30T08:28:34.419+0000] {logging_mixin.py:188} INFO - [2026-06-30T08:28:34.419+0000] {dagbag.py:545} INFO - Filling up the DagBag from /home/airflow/.local/lib/python3.12/site-packages/airflow/example_dags/example_xcom.py
[2026-06-30T08:28:34.425+0000] {processor.py:840} INFO - DAG(s) 'example_xcom' retrieved from /home/airflow/.local/lib/python3.12/site-packages/airflow/example_dags/example_xcom.py
[2026-06-30T08:28:34.440+0000] {logging_mixin.py:188} INFO - [2026-06-30T08:28:34.439+0000] {dag.py:3096} INFO - Sync 1 DAGs
[2026-06-30T08:28:34.453+0000] {logging_mixin.py:188} INFO - [2026-06-30T08:28:34.453+0000] {dag.py:3954} INFO - Setting next_dagrun for example_xcom to 2021-01-01 00:00:00+00:00, run_after=2021-01-01 00:00:00+00:00
[2026-06-30T08:28:34.465+0000] {processor.py:183} INFO - Processing /home/airflow/.local/lib/python3.12/site-packages/airflow/example_dags/example_xcom.py took 0.051 seconds
[2026-06-30T08:29:04.978+0000] {processor.py:161} INFO - Started process (PID=22972) to work on /home/airflow/.local/lib/python3.12/site-packages/airflow/example_dags/example_xcom.py
[2026-06-30T08:29:04.978+0000] {processor.py:830} INFO - Processing file /home/airflow/.local/lib/python3.12/site-packages/airflow/example_dags/example_xcom.py for tasks to queue
[2026-06-30T08:29:04.979+0000] {logging_mixin.py:188} INFO - [2026-06-30T08:29:04.979+0000] {dagbag.py:545} INFO - Filling up the DagBag from /home/airflow/.local/lib/python3.12/site-packages/airflow/example_dags/example_xcom.py
[2026-06-30T08:29:04.985+0000] {processor.py:840} INFO - DAG(s) 'example_xcom' retrieved from /home/airflow/.local/lib/python3.12/site-packages/airflow/example_dags/example_xcom.py
[2026-06-30T08:29:05.003+0000] {logging_mixin.py:188} INFO - [2026-06-30T08:29:05.003+0000] {dag.py:3096} INFO - Sync 1 DAGs
[2026-06-30T08:29:05.018+0000] {logging_mixin.py:188} INFO - [2026-06-30T08:29:05.018+0000] {dag.py:3954} INFO - Setting next_dagrun for example_xcom to 2021-01-01 00:00:00+00:00, run_after=2021-01-01 00:00:00+00:00
[2026-06-30T08:29:05.032+0000] {processor.py:183} INFO - Processing /home/airflow/.local/lib/python3.12/site-packages/airflow/example_dags/example_xcom.py took 0.059 seconds
[2026-06-30T08:29:35.584+0000] {processor.py:161} INFO - Started process (PID=23030) to work on /home/airflow/.local/lib/python3.12/site-packages/airflow/example_dags/example_xcom.py
[2026-06-30T08:29:35.584+0000] {processor.py:830} INFO - Processing file /home/airflow/.local/lib/python3.12/site-packages/airflow/example_dags/example_xcom.py for tasks to queue
[2026-06-30T08:29:35.585+0000] {logging_mixin.py:188} INFO - [2026-06-30T08:29:35.585+0000] {dagbag.py:545} INFO - Filling up the DagBag from /home/airflow/.local/lib/python3.12/site-packages/airflow/example_dags/example_xcom.py
[2026-06-30T08:29:35.590+0000] {processor.py:840} INFO - DAG(s) 'example_xcom' retrieved from /home/airflow/.local/lib/python3.12/site-packages/airflow/example_dags/example_xcom.py
[2026-06-30T08:29:35.606+0000] {logging_mixin.py:188} INFO - [2026-06-30T08:29:35.606+0000] {dag.py:3096} INFO - Sync 1 DAGs
[2026-06-30T08:29:35.619+0000] {logging_mixin.py:188} INFO - [2026-06-30T08:29:35.619+0000] {dag.py:3954} INFO - Setting next_dagrun for example_xcom to 2021-01-01 00:00:00+00:00, run_after=2021-01-01 00:00:00+00:00
[2026-06-30T08:29:35.631+0000] {processor.py:183} INFO - Processing /home/airflow/.local/lib/python3.12/site-packages/airflow/example_dags/example_xcom.py took 0.052 seconds
[2026-06-30T08:30:06.178+0000] {processor.py:161} INFO - Started process (PID=23088) to work on /home/airflow/.local/lib/python3.12/site-packages/airflow/example_dags/example_xcom.py
[2026-06-30T08:30:06.179+0000] {processor.py:830} INFO - Processing file /home/airflow/.local/lib/python3.12/site-packages/airflow/example_dags/example_xcom.py for tasks to queue
[2026-06-30T08:30:06.180+0000] {logging_mixin.py:188} INFO - [2026-06-30T08:30:06.179+0000] {dagbag.py:545} INFO - Filling up the DagBag from /home/airflow/.local/lib/python3.12/site-packages/airflow/example_dags/example_xcom.py
[2026-06-30T08:30:06.186+0000] {processor.py:840} INFO - DAG(s) 'example_xcom' retrieved from /home/airflow/.local/lib/python3.12/site-packages/airflow/example_dags/example_xcom.py
[2026-06-30T08:30:06.204+0000] {logging_mixin.py:188} INFO - [2026-06-30T08:30:06.203+0000] {dag.py:3096} INFO - Sync 1 DAGs
[2026-06-30T08:30:06.218+0000] {logging_mixin.py:188} INFO - [2026-06-30T08:30:06.218+0000] {dag.py:3954} INFO - Setting next_dagrun for example_xcom to 2021-01-01 00:00:00+00:00, run_after=2021-01-01 00:00:00+00:00
[2026-06-30T08:30:06.231+0000] {processor.py:183} INFO - Processing /home/airflow/.local/lib/python3.12/site-packages/airflow/example_dags/example_xcom.py took 0.058 seconds
[2026-06-30T08:30:36.862+0000] {processor.py:161} INFO - Started process (PID=23146) to work on /home/airflow/.local/lib/python3.12/site-packages/airflow/example_dags/example_xcom.py
[2026-06-30T08:30:36.863+0000] {processor.py:830} INFO - Processing file /home/airflow/.local/lib/python3.12/site-packages/airflow/example_dags/example_xcom.py for tasks to queue
[2026-06-30T08:30:36.864+0000] {logging_mixin.py:188} INFO - [2026-06-30T08:30:36.864+0000] {dagbag.py:545} INFO - Filling up the DagBag from /home/airflow/.local/lib/python3.12/site-packages/airflow/example_dags/example_xcom.py
[2026-06-30T08:30:36.871+0000] {processor.py:840} INFO - DAG(s) 'example_xcom' retrieved from /home/airflow/.local/lib/python3.12/site-packages/airflow/example_dags/example_xcom.py
[2026-06-30T08:30:36.908+0000] {logging_mixin.py:188} INFO - [2026-06-30T08:30:36.908+0000] {dag.py:3096} INFO - Sync 1 DAGs
[2026-06-30T08:30:36.938+0000] {logging_mixin.py:188} INFO - [2026-06-30T08:30:36.938+0000] {dag.py:3954} INFO - Setting next_dagrun for example_xcom to 2021-01-01 00:00:00+00:00, run_after=2021-01-01 00:00:00+00:00
[2026-06-30T08:30:36.960+0000] {processor.py:183} INFO - Processing /home/airflow/.local/lib/python3.12/site-packages/airflow/example_dags/example_xcom.py took 0.103 seconds
[2026-06-30T08:31:07.667+0000] {processor.py:161} INFO - Started process (PID=23204) to work on /home/airflow/.local/lib/python3.12/site-packages/airflow/example_dags/example_xcom.py
[2026-06-30T08:31:07.668+0000] {processor.py:830} INFO - Processing file /home/airflow/.local/lib/python3.12/site-packages/airflow/example_dags/example_xcom.py for tasks to queue
[2026-06-30T08:31:07.669+0000] {logging_mixin.py:188} INFO - [2026-06-30T08:31:07.669+0000] {dagbag.py:545} INFO - Filling up the DagBag from /home/airflow/.local/lib/python3.12/site-packages/airflow/example_dags/example_xcom.py
[2026-06-30T08:31:07.676+0000] {processor.py:840} INFO - DAG(s) 'example_xcom' retrieved from /home/airflow/.local/lib/python3.12/site-packages/airflow/example_dags/example_xcom.py
[2026-06-30T08:31:07.695+0000] {logging_mixin.py:188} INFO - [2026-06-30T08:31:07.695+0000] {dag.py:3096} INFO - Sync 1 DAGs
[2026-06-30T08:31:07.711+0000] {logging_mixin.py:188} INFO - [2026-06-30T08:31:07.710+0000] {dag.py:3954} INFO - Setting next_dagrun for example_xcom to 2021-01-01 00:00:00+00:00, run_after=2021-01-01 00:00:00+00:00
[2026-06-30T08:31:07.728+0000] {processor.py:183} INFO - Processing /home/airflow/.local/lib/python3.12/site-packages/airflow/example_dags/example_xcom.py took 0.066 seconds
[2026-06-30T08:31:38.203+0000] {processor.py:161} INFO - Started process (PID=23262) to work on /home/airflow/.local/lib/python3.12/site-packages/airflow/example_dags/example_xcom.py
[2026-06-30T08:31:38.204+0000] {processor.py:830} INFO - Processing file /home/airflow/.local/lib/python3.12/site-packages/airflow/example_dags/example_xcom.py for tasks to queue
[2026-06-30T08:31:38.205+0000] {logging_mixin.py:188} INFO - [2026-06-30T08:31:38.204+0000] {dagbag.py:545} INFO - Filling up the DagBag from /home/airflow/.local/lib/python3.12/site-packages/airflow/example_dags/example_xcom.py
[2026-06-30T08:31:38.210+0000] {processor.py:840} INFO - DAG(s) 'example_xcom' retrieved from /home/airflow/.local/lib/python3.12/site-packages/airflow/example_dags/example_xcom.py
[2026-06-30T08:31:38.228+0000] {logging_mixin.py:188} INFO - [2026-06-30T08:31:38.228+0000] {dag.py:3096} INFO - Sync 1 DAGs
[2026-06-30T08:31:38.245+0000] {logging_mixin.py:188} INFO - [2026-06-30T08:31:38.244+0000] {dag.py:3954} INFO - Setting next_dagrun for example_xcom to 2021-01-01 00:00:00+00:00, run_after=2021-01-01 00:00:00+00:00
[2026-06-30T08:31:38.259+0000] {processor.py:183} INFO - Processing /home/airflow/.local/lib/python3.12/site-packages/airflow/example_dags/example_xcom.py took 0.060 seconds
[2026-06-30T08:32:09.089+0000] {processor.py:161} INFO - Started process (PID=23320) to work on /home/airflow/.local/lib/python3.12/site-packages/airflow/example_dags/example_xcom.py
[2026-06-30T08:32:09.090+0000] {processor.py:830} INFO - Processing file /home/airflow/.local/lib/python3.12/site-packages/airflow/example_dags/example_xcom.py for tasks to queue
[2026-06-30T08:32:09.091+0000] {logging_mixin.py:188} INFO - [2026-06-30T08:32:09.091+0000] {dagbag.py:545} INFO - Filling up the DagBag from /home/airflow/.local/lib/python3.12/site-packages/airflow/example_dags/example_xcom.py
[2026-06-30T08:32:09.097+0000] {processor.py:840} INFO - DAG(s) 'example_xcom' retrieved from /home/airflow/.local/lib/python3.12/site-packages/airflow/example_dags/example_xcom.py
[2026-06-30T08:32:09.113+0000] {logging_mixin.py:188} INFO - [2026-06-30T08:32:09.112+0000] {dag.py:3096} INFO - Sync 1 DAGs
[2026-06-30T08:32:09.126+0000] {logging_mixin.py:188} INFO - [2026-06-30T08:32:09.126+0000] {dag.py:3954} INFO - Setting next_dagrun for example_xcom to 2021-01-01 00:00:00+00:00, run_after=2021-01-01 00:00:00+00:00
[2026-06-30T08:32:09.138+0000] {processor.py:183} INFO - Processing /home/airflow/.local/lib/python3.12/site-packages/airflow/example_dags/example_xcom.py took 0.053 seconds
[2026-06-30T08:32:39.689+0000] {processor.py:161} INFO - Started process (PID=23378) to work on /home/airflow/.local/lib/python3.12/site-packages/airflow/example_dags/example_xcom.py
[2026-06-30T08:32:39.690+0000] {processor.py:830} INFO - Processing file /home/airflow/.local/lib/python3.12/site-packages/airflow/example_dags/example_xcom.py for tasks to queue
[2026-06-30T08:32:39.691+0000] {logging_mixin.py:188} INFO - [2026-06-30T08:32:39.691+0000] {dagbag.py:545} INFO - Filling up the DagBag from /home/airflow/.local/lib/python3.12/site-packages/airflow/example_dags/example_xcom.py
[2026-06-30T08:32:39.700+0000] {processor.py:840} INFO - DAG(s) 'example_xcom' retrieved from /home/airflow/.local/lib/python3.12/site-packages/airflow/example_dags/example_xcom.py
[2026-06-30T08:32:39.722+0000] {logging_mixin.py:188} INFO - [2026-06-30T08:32:39.721+0000] {dag.py:3096} INFO - Sync 1 DAGs
[2026-06-30T08:32:39.742+0000] {logging_mixin.py:188} INFO - [2026-06-30T08:32:39.742+0000] {dag.py:3954} INFO - Setting next_dagrun for example_xcom to 2021-01-01 00:00:00+00:00, run_after=2021-01-01 00:00:00+00:00
[2026-06-30T08:32:39.765+0000] {processor.py:183} INFO - Processing /home/airflow/.local/lib/python3.12/site-packages/airflow/example_dags/example_xcom.py took 0.082 seconds
[2026-06-30T08:33:10.706+0000] {processor.py:161} INFO - Started process (PID=23436) to work on /home/airflow/.local/lib/python3.12/site-packages/airflow/example_dags/example_xcom.py
[2026-06-30T08:33:10.708+0000] {processor.py:830} INFO - Processing file /home/airflow/.local/lib/python3.12/site-packages/airflow/example_dags/example_xcom.py for tasks to queue
[2026-06-30T08:33:10.709+0000] {logging_mixin.py:188} INFO - [2026-06-30T08:33:10.708+0000] {dagbag.py:545} INFO - Filling up the DagBag from /home/airflow/.local/lib/python3.12/site-packages/airflow/example_dags/example_xcom.py
[2026-06-30T08:33:10.716+0000] {processor.py:840} INFO - DAG(s) 'example_xcom' retrieved from /home/airflow/.local/lib/python3.12/site-packages/airflow/example_dags/example_xcom.py
[2026-06-30T08:33:10.734+0000] {logging_mixin.py:188} INFO - [2026-06-30T08:33:10.734+0000] {dag.py:3096} INFO - Sync 1 DAGs
[2026-06-30T08:33:10.750+0000] {logging_mixin.py:188} INFO - [2026-06-30T08:33:10.750+0000] {dag.py:3954} INFO - Setting next_dagrun for example_xcom to 2021-01-01 00:00:00+00:00, run_after=2021-01-01 00:00:00+00:00
[2026-06-30T08:33:10.764+0000] {processor.py:183} INFO - Processing /home/airflow/.local/lib/python3.12/site-packages/airflow/example_dags/example_xcom.py took 0.064 seconds
[2026-06-30T08:33:42.515+0000] {processor.py:161} INFO - Started process (PID=23500) to work on /home/airflow/.local/lib/python3.12/site-packages/airflow/example_dags/example_xcom.py
[2026-06-30T08:33:42.516+0000] {processor.py:830} INFO - Processing file /home/airflow/.local/lib/python3.12/site-packages/airflow/example_dags/example_xcom.py for tasks to queue
[2026-06-30T08:33:42.517+0000] {logging_mixin.py:188} INFO - [2026-06-30T08:33:42.517+0000] {dagbag.py:545} INFO - Filling up the DagBag from /home/airflow/.local/lib/python3.12/site-packages/airflow/example_dags/example_xcom.py
[2026-06-30T08:33:42.523+0000] {processor.py:840} INFO - DAG(s) 'example_xcom' retrieved from /home/airflow/.local/lib/python3.12/site-packages/airflow/example_dags/example_xcom.py
[2026-06-30T08:33:42.541+0000] {logging_mixin.py:188} INFO - [2026-06-30T08:33:42.541+0000] {dag.py:3096} INFO - Sync 1 DAGs
[2026-06-30T08:33:42.556+0000] {logging_mixin.py:188} INFO - [2026-06-30T08:33:42.556+0000] {dag.py:3954} INFO - Setting next_dagrun for example_xcom to 2021-01-01 00:00:00+00:00, run_after=2021-01-01 00:00:00+00:00
[2026-06-30T08:33:42.570+0000] {processor.py:183} INFO - Processing /home/airflow/.local/lib/python3.12/site-packages/airflow/example_dags/example_xcom.py took 0.060 seconds
[2026-06-30T08:34:13.386+0000] {processor.py:161} INFO - Started process (PID=23558) to work on /home/airflow/.local/lib/python3.12/site-packages/airflow/example_dags/example_xcom.py
[2026-06-30T08:34:13.387+0000] {processor.py:830} INFO - Processing file /home/airflow/.local/lib/python3.12/site-packages/airflow/example_dags/example_xcom.py for tasks to queue
[2026-06-30T08:34:13.387+0000] {logging_mixin.py:188} INFO - [2026-06-30T08:34:13.387+0000] {dagbag.py:545} INFO - Filling up the DagBag from /home/airflow/.local/lib/python3.12/site-packages/airflow/example_dags/example_xcom.py
[2026-06-30T08:34:13.393+0000] {processor.py:840} INFO - DAG(s) 'example_xcom' retrieved from /home/airflow/.local/lib/python3.12/site-packages/airflow/example_dags/example_xcom.py
[2026-06-30T08:34:13.409+0000] {logging_mixin.py:188} INFO - [2026-06-30T08:34:13.409+0000] {dag.py:3096} INFO - Sync 1 DAGs
[2026-06-30T08:34:13.422+0000] {logging_mixin.py:188} INFO - [2026-06-30T08:34:13.422+0000] {dag.py:3954} INFO - Setting next_dagrun for example_xcom to 2021-01-01 00:00:00+00:00, run_after=2021-01-01 00:00:00+00:00
[2026-06-30T08:34:13.435+0000] {processor.py:183} INFO - Processing /home/airflow/.local/lib/python3.12/site-packages/airflow/example_dags/example_xcom.py took 0.054 seconds
[2026-06-30T08:34:43.660+0000] {processor.py:161} INFO - Started process (PID=23616) to work on /home/airflow/.local/lib/python3.12/site-packages/airflow/example_dags/example_xcom.py
[2026-06-30T08:34:43.662+0000] {processor.py:830} INFO - Processing file /home/airflow/.local/lib/python3.12/site-packages/airflow/example_dags/example_xcom.py for tasks to queue
[2026-06-30T08:34:43.662+0000] {logging_mixin.py:188} INFO - [2026-06-30T08:34:43.662+0000] {dagbag.py:545} INFO - Filling up the DagBag from /home/airflow/.local/lib/python3.12/site-packages/airflow/example_dags/example_xcom.py
[2026-06-30T08:34:43.668+0000] {processor.py:840} INFO - DAG(s) 'example_xcom' retrieved from /home/airflow/.local/lib/python3.12/site-packages/airflow/example_dags/example_xcom.py
[2026-06-30T08:34:43.685+0000] {logging_mixin.py:188} INFO - [2026-06-30T08:34:43.684+0000] {dag.py:3096} INFO - Sync 1 DAGs
[2026-06-30T08:34:43.698+0000] {logging_mixin.py:188} INFO - [2026-06-30T08:34:43.698+0000] {dag.py:3954} INFO - Setting next_dagrun for example_xcom to 2021-01-01 00:00:00+00:00, run_after=2021-01-01 00:00:00+00:00
[2026-06-30T08:34:43.712+0000] {processor.py:183} INFO - Processing /home/airflow/.local/lib/python3.12/site-packages/airflow/example_dags/example_xcom.py took 0.056 seconds
[2026-06-30T08:35:14.136+0000] {processor.py:161} INFO - Started process (PID=23674) to work on /home/airflow/.local/lib/python3.12/site-packages/airflow/example_dags/example_xcom.py
[2026-06-30T08:35:14.136+0000] {processor.py:830} INFO - Processing file /home/airflow/.local/lib/python3.12/site-packages/airflow/example_dags/example_xcom.py for tasks to queue
[2026-06-30T08:35:14.137+0000] {logging_mixin.py:188} INFO - [2026-06-30T08:35:14.137+0000] {dagbag.py:545} INFO - Filling up the DagBag from /home/airflow/.local/lib/python3.12/site-packages/airflow/example_dags/example_xcom.py
[2026-06-30T08:35:14.143+0000] {processor.py:840} INFO - DAG(s) 'example_xcom' retrieved from /home/airflow/.local/lib/python3.12/site-packages/airflow/example_dags/example_xcom.py
[2026-06-30T08:35:14.158+0000] {logging_mixin.py:188} INFO - [2026-06-30T08:35:14.158+0000] {dag.py:3096} INFO - Sync 1 DAGs
[2026-06-30T08:35:14.172+0000] {logging_mixin.py:188} INFO - [2026-06-30T08:35:14.171+0000] {dag.py:3954} INFO - Setting next_dagrun for example_xcom to 2021-01-01 00:00:00+00:00, run_after=2021-01-01 00:00:00+00:00
[2026-06-30T08:35:14.184+0000] {processor.py:183} INFO - Processing /home/airflow/.local/lib/python3.12/site-packages/airflow/example_dags/example_xcom.py took 0.053 seconds
[2026-06-30T08:35:44.424+0000] {processor.py:161} INFO - Started process (PID=23732) to work on /home/airflow/.local/lib/python3.12/site-packages/airflow/example_dags/example_xcom.py
[2026-06-30T08:35:44.425+0000] {processor.py:830} INFO - Processing file /home/airflow/.local/lib/python3.12/site-packages/airflow/example_dags/example_xcom.py for tasks to queue
[2026-06-30T08:35:44.426+0000] {logging_mixin.py:188} INFO - [2026-06-30T08:35:44.425+0000] {dagbag.py:545} INFO - Filling up the DagBag from /home/airflow/.local/lib/python3.12/site-packages/airflow/example_dags/example_xcom.py
[2026-06-30T08:35:44.431+0000] {processor.py:840} INFO - DAG(s) 'example_xcom' retrieved from /home/airflow/.local/lib/python3.12/site-packages/airflow/example_dags/example_xcom.py
[2026-06-30T08:35:44.445+0000] {logging_mixin.py:188} INFO - [2026-06-30T08:35:44.445+0000] {dag.py:3096} INFO - Sync 1 DAGs
[2026-06-30T08:35:44.459+0000] {logging_mixin.py:188} INFO - [2026-06-30T08:35:44.459+0000] {dag.py:3954} INFO - Setting next_dagrun for example_xcom to 2021-01-01 00:00:00+00:00, run_after=2021-01-01 00:00:00+00:00
[2026-06-30T08:35:44.478+0000] {processor.py:183} INFO - Processing /home/airflow/.local/lib/python3.12/site-packages/airflow/example_dags/example_xcom.py took 0.058 seconds
[2026-06-30T08:36:14.968+0000] {processor.py:161} INFO - Started process (PID=23790) to work on /home/airflow/.local/lib/python3.12/site-packages/airflow/example_dags/example_xcom.py
[2026-06-30T08:36:14.969+0000] {processor.py:830} INFO - Processing file /home/airflow/.local/lib/python3.12/site-packages/airflow/example_dags/example_xcom.py for tasks to queue
[2026-06-30T08:36:14.970+0000] {logging_mixin.py:188} INFO - [2026-06-30T08:36:14.970+0000] {dagbag.py:545} INFO - Filling up the DagBag from /home/airflow/.local/lib/python3.12/site-packages/airflow/example_dags/example_xcom.py
[2026-06-30T08:36:14.978+0000] {processor.py:840} INFO - DAG(s) 'example_xcom' retrieved from /home/airflow/.local/lib/python3.12/site-packages/airflow/example_dags/example_xcom.py
[2026-06-30T08:36:14.993+0000] {logging_mixin.py:188} INFO - [2026-06-30T08:36:14.993+0000] {dag.py:3096} INFO - Sync 1 DAGs
[2026-06-30T08:36:15.008+0000] {logging_mixin.py:188} INFO - [2026-06-30T08:36:15.008+0000] {dag.py:3954} INFO - Setting next_dagrun for example_xcom to 2021-01-01 00:00:00+00:00, run_after=2021-01-01 00:00:00+00:00
[2026-06-30T08:36:15.022+0000] {processor.py:183} INFO - Processing /home/airflow/.local/lib/python3.12/site-packages/airflow/example_dags/example_xcom.py took 0.057 seconds
[2026-06-30T08:36:45.278+0000] {processor.py:161} INFO - Started process (PID=23849) to work on /home/airflow/.local/lib/python3.12/site-packages/airflow/example_dags/example_xcom.py
[2026-06-30T08:36:45.279+0000] {processor.py:830} INFO - Processing file /home/airflow/.local/lib/python3.12/site-packages/airflow/example_dags/example_xcom.py for tasks to queue
[2026-06-30T08:36:45.280+0000] {logging_mixin.py:188} INFO - [2026-06-30T08:36:45.280+0000] {dagbag.py:545} INFO - Filling up the DagBag from /home/airflow/.local/lib/python3.12/site-packages/airflow/example_dags/example_xcom.py
[2026-06-30T08:36:45.286+0000] {processor.py:840} INFO - DAG(s) 'example_xcom' retrieved from /home/airflow/.local/lib/python3.12/site-packages/airflow/example_dags/example_xcom.py
[2026-06-30T08:36:45.305+0000] {logging_mixin.py:188} INFO - [2026-06-30T08:36:45.304+0000] {dag.py:3096} INFO - Sync 1 DAGs
[2026-06-30T08:36:45.319+0000] {logging_mixin.py:188} INFO - [2026-06-30T08:36:45.318+0000] {dag.py:3954} INFO - Setting next_dagrun for example_xcom to 2021-01-01 00:00:00+00:00, run_after=2021-01-01 00:00:00+00:00
[2026-06-30T08:36:45.331+0000] {processor.py:183} INFO - Processing /home/airflow/.local/lib/python3.12/site-packages/airflow/example_dags/example_xcom.py took 0.058 seconds
[2026-06-30T08:37:15.670+0000] {processor.py:161} INFO - Started process (PID=23907) to work on /home/airflow/.local/lib/python3.12/site-packages/airflow/example_dags/example_xcom.py
[2026-06-30T08:37:15.671+0000] {processor.py:830} INFO - Processing file /home/airflow/.local/lib/python3.12/site-packages/airflow/example_dags/example_xcom.py for tasks to queue
[2026-06-30T08:37:15.672+0000] {logging_mixin.py:188} INFO - [2026-06-30T08:37:15.671+0000] {dagbag.py:545} INFO - Filling up the DagBag from /home/airflow/.local/lib/python3.12/site-packages/airflow/example_dags/example_xcom.py
[2026-06-30T08:37:15.677+0000] {processor.py:840} INFO - DAG(s) 'example_xcom' retrieved from /home/airflow/.local/lib/python3.12/site-packages/airflow/example_dags/example_xcom.py
[2026-06-30T08:37:15.692+0000] {logging_mixin.py:188} INFO - [2026-06-30T08:37:15.692+0000] {dag.py:3096} INFO - Sync 1 DAGs
[2026-06-30T08:37:15.706+0000] {logging_mixin.py:188} INFO - [2026-06-30T08:37:15.706+0000] {dag.py:3954} INFO - Setting next_dagrun for example_xcom to 2021-01-01 00:00:00+00:00, run_after=2021-01-01 00:00:00+00:00
[2026-06-30T08:37:15.718+0000] {processor.py:183} INFO - Processing /home/airflow/.local/lib/python3.12/site-packages/airflow/example_dags/example_xcom.py took 0.053 seconds
[2026-06-30T08:37:46.097+0000] {processor.py:161} INFO - Started process (PID=23965) to work on /home/airflow/.local/lib/python3.12/site-packages/airflow/example_dags/example_xcom.py
[2026-06-30T08:37:46.098+0000] {processor.py:830} INFO - Processing file /home/airflow/.local/lib/python3.12/site-packages/airflow/example_dags/example_xcom.py for tasks to queue
[2026-06-30T08:37:46.099+0000] {logging_mixin.py:188} INFO - [2026-06-30T08:37:46.098+0000] {dagbag.py:545} INFO - Filling up the DagBag from /home/airflow/.local/lib/python3.12/site-packages/airflow/example_dags/example_xcom.py
[2026-06-30T08:37:46.104+0000] {processor.py:840} INFO - DAG(s) 'example_xcom' retrieved from /home/airflow/.local/lib/python3.12/site-packages/airflow/example_dags/example_xcom.py
[2026-06-30T08:37:46.119+0000] {logging_mixin.py:188} INFO - [2026-06-30T08:37:46.118+0000] {dag.py:3096} INFO - Sync 1 DAGs
[2026-06-30T08:37:46.131+0000] {logging_mixin.py:188} INFO - [2026-06-30T08:37:46.131+0000] {dag.py:3954} INFO - Setting next_dagrun for example_xcom to 2021-01-01 00:00:00+00:00, run_after=2021-01-01 00:00:00+00:00
[2026-06-30T08:37:46.144+0000] {processor.py:183} INFO - Processing /home/airflow/.local/lib/python3.12/site-packages/airflow/example_dags/example_xcom.py took 0.051 seconds
[2026-06-30T08:38:16.581+0000] {processor.py:161} INFO - Started process (PID=24021) to work on /home/airflow/.local/lib/python3.12/site-packages/airflow/example_dags/example_xcom.py
[2026-06-30T08:38:16.581+0000] {processor.py:830} INFO - Processing file /home/airflow/.local/lib/python3.12/site-packages/airflow/example_dags/example_xcom.py for tasks to queue
[2026-06-30T08:38:16.582+0000] {logging_mixin.py:188} INFO - [2026-06-30T08:38:16.582+0000] {dagbag.py:545} INFO - Filling up the DagBag from /home/airflow/.local/lib/python3.12/site-packages/airflow/example_dags/example_xcom.py
[2026-06-30T08:38:16.587+0000] {processor.py:840} INFO - DAG(s) 'example_xcom' retrieved from /home/airflow/.local/lib/python3.12/site-packages/airflow/example_dags/example_xcom.py
[2026-06-30T08:38:16.602+0000] {logging_mixin.py:188} INFO - [2026-06-30T08:38:16.602+0000] {dag.py:3096} INFO - Sync 1 DAGs
[2026-06-30T08:38:16.616+0000] {logging_mixin.py:188} INFO - [2026-06-30T08:38:16.616+0000] {dag.py:3954} INFO - Setting next_dagrun for example_xcom to 2021-01-01 00:00:00+00:00, run_after=2021-01-01 00:00:00+00:00
[2026-06-30T08:38:16.628+0000] {processor.py:183} INFO - Processing /home/airflow/.local/lib/python3.12/site-packages/airflow/example_dags/example_xcom.py took 0.051 seconds
[2026-06-30T08:38:46.967+0000] {processor.py:161} INFO - Started process (PID=24079) to work on /home/airflow/.local/lib/python3.12/site-packages/airflow/example_dags/example_xcom.py
[2026-06-30T08:38:46.968+0000] {processor.py:830} INFO - Processing file /home/airflow/.local/lib/python3.12/site-packages/airflow/example_dags/example_xcom.py for tasks to queue
[2026-06-30T08:38:46.969+0000] {logging_mixin.py:188} INFO - [2026-06-30T08:38:46.969+0000] {dagbag.py:545} INFO - Filling up the DagBag from /home/airflow/.local/lib/python3.12/site-packages/airflow/example_dags/example_xcom.py
[2026-06-30T08:38:46.975+0000] {processor.py:840} INFO - DAG(s) 'example_xcom' retrieved from /home/airflow/.local/lib/python3.12/site-packages/airflow/example_dags/example_xcom.py
[2026-06-30T08:38:46.992+0000] {logging_mixin.py:188} INFO - [2026-06-30T08:38:46.991+0000] {dag.py:3096} INFO - Sync 1 DAGs
[2026-06-30T08:38:47.007+0000] {logging_mixin.py:188} INFO - [2026-06-30T08:38:47.007+0000] {dag.py:3954} INFO - Setting next_dagrun for example_xcom to 2021-01-01 00:00:00+00:00, run_after=2021-01-01 00:00:00+00:00
[2026-06-30T08:38:47.021+0000] {processor.py:183} INFO - Processing /home/airflow/.local/lib/python3.12/site-packages/airflow/example_dags/example_xcom.py took 0.059 seconds
[2026-06-30T08:39:17.628+0000] {processor.py:161} INFO - Started process (PID=24137) to work on /home/airflow/.local/lib/python3.12/site-packages/airflow/example_dags/example_xcom.py
[2026-06-30T08:39:17.629+0000] {processor.py:830} INFO - Processing file /home/airflow/.local/lib/python3.12/site-packages/airflow/example_dags/example_xcom.py for tasks to queue
[2026-06-30T08:39:17.630+0000] {logging_mixin.py:188} INFO - [2026-06-30T08:39:17.630+0000] {dagbag.py:545} INFO - Filling up the DagBag from /home/airflow/.local/lib/python3.12/site-packages/airflow/example_dags/example_xcom.py
[2026-06-30T08:39:17.637+0000] {processor.py:840} INFO - DAG(s) 'example_xcom' retrieved from /home/airflow/.local/lib/python3.12/site-packages/airflow/example_dags/example_xcom.py
[2026-06-30T08:39:17.655+0000] {logging_mixin.py:188} INFO - [2026-06-30T08:39:17.655+0000] {dag.py:3096} INFO - Sync 1 DAGs
[2026-06-30T08:39:17.671+0000] {logging_mixin.py:188} INFO - [2026-06-30T08:39:17.671+0000] {dag.py:3954} INFO - Setting next_dagrun for example_xcom to 2021-01-01 00:00:00+00:00, run_after=2021-01-01 00:00:00+00:00
[2026-06-30T08:39:17.685+0000] {processor.py:183} INFO - Processing /home/airflow/.local/lib/python3.12/site-packages/airflow/example_dags/example_xcom.py took 0.061 seconds
[2026-06-30T08:39:48.099+0000] {processor.py:161} INFO - Started process (PID=24195) to work on /home/airflow/.local/lib/python3.12/site-packages/airflow/example_dags/example_xcom.py
[2026-06-30T08:39:48.100+0000] {processor.py:830} INFO - Processing file /home/airflow/.local/lib/python3.12/site-packages/airflow/example_dags/example_xcom.py for tasks to queue
[2026-06-30T08:39:48.101+0000] {logging_mixin.py:188} INFO - [2026-06-30T08:39:48.101+0000] {dagbag.py:545} INFO - Filling up the DagBag from /home/airflow/.local/lib/python3.12/site-packages/airflow/example_dags/example_xcom.py
[2026-06-30T08:39:48.107+0000] {processor.py:840} INFO - DAG(s) 'example_xcom' retrieved from /home/airflow/.local/lib/python3.12/site-packages/airflow/example_dags/example_xcom.py
[2026-06-30T08:39:48.121+0000] {logging_mixin.py:188} INFO - [2026-06-30T08:39:48.121+0000] {dag.py:3096} INFO - Sync 1 DAGs
[2026-06-30T08:39:48.134+0000] {logging_mixin.py:188} INFO - [2026-06-30T08:39:48.134+0000] {dag.py:3954} INFO - Setting next_dagrun for example_xcom to 2021-01-01 00:00:00+00:00, run_after=2021-01-01 00:00:00+00:00
[2026-06-30T08:39:48.146+0000] {processor.py:183} INFO - Processing /home/airflow/.local/lib/python3.12/site-packages/airflow/example_dags/example_xcom.py took 0.051 seconds
[2026-06-30T08:40:18.771+0000] {processor.py:161} INFO - Started process (PID=24253) to work on /home/airflow/.local/lib/python3.12/site-packages/airflow/example_dags/example_xcom.py
[2026-06-30T08:40:18.771+0000] {processor.py:830} INFO - Processing file /home/airflow/.local/lib/python3.12/site-packages/airflow/example_dags/example_xcom.py for tasks to queue
[2026-06-30T08:40:18.772+0000] {logging_mixin.py:188} INFO - [2026-06-30T08:40:18.772+0000] {dagbag.py:545} INFO - Filling up the DagBag from /home/airflow/.local/lib/python3.12/site-packages/airflow/example_dags/example_xcom.py
[2026-06-30T08:40:18.777+0000] {processor.py:840} INFO - DAG(s) 'example_xcom' retrieved from /home/airflow/.local/lib/python3.12/site-packages/airflow/example_dags/example_xcom.py
[2026-06-30T08:40:18.793+0000] {logging_mixin.py:188} INFO - [2026-06-30T08:40:18.793+0000] {dag.py:3096} INFO - Sync 1 DAGs
[2026-06-30T08:40:18.806+0000] {logging_mixin.py:188} INFO - [2026-06-30T08:40:18.806+0000] {dag.py:3954} INFO - Setting next_dagrun for example_xcom to 2021-01-01 00:00:00+00:00, run_after=2021-01-01 00:00:00+00:00
[2026-06-30T08:40:18.819+0000] {processor.py:183} INFO - Processing /home/airflow/.local/lib/python3.12/site-packages/airflow/example_dags/example_xcom.py took 0.052 seconds
[2026-06-30T08:40:49.394+0000] {processor.py:161} INFO - Started process (PID=24311) to work on /home/airflow/.local/lib/python3.12/site-packages/airflow/example_dags/example_xcom.py
[2026-06-30T08:40:49.395+0000] {processor.py:830} INFO - Processing file /home/airflow/.local/lib/python3.12/site-packages/airflow/example_dags/example_xcom.py for tasks to queue
[2026-06-30T08:40:49.396+0000] {logging_mixin.py:188} INFO - [2026-06-30T08:40:49.396+0000] {dagbag.py:545} INFO - Filling up the DagBag from /home/airflow/.local/lib/python3.12/site-packages/airflow/example_dags/example_xcom.py
[2026-06-30T08:40:49.402+0000] {processor.py:840} INFO - DAG(s) 'example_xcom' retrieved from /home/airflow/.local/lib/python3.12/site-packages/airflow/example_dags/example_xcom.py
[2026-06-30T08:40:49.419+0000] {logging_mixin.py:188} INFO - [2026-06-30T08:40:49.419+0000] {dag.py:3096} INFO - Sync 1 DAGs
[2026-06-30T08:40:49.434+0000] {logging_mixin.py:188} INFO - [2026-06-30T08:40:49.434+0000] {dag.py:3954} INFO - Setting next_dagrun for example_xcom to 2021-01-01 00:00:00+00:00, run_after=2021-01-01 00:00:00+00:00
[2026-06-30T08:40:49.446+0000] {processor.py:183} INFO - Processing /home/airflow/.local/lib/python3.12/site-packages/airflow/example_dags/example_xcom.py took 0.058 seconds
[2026-06-30T08:41:21.129+0000] {processor.py:161} INFO - Started process (PID=24369) to work on /home/airflow/.local/lib/python3.12/site-packages/airflow/example_dags/example_xcom.py
[2026-06-30T08:41:21.133+0000] {processor.py:830} INFO - Processing file /home/airflow/.local/lib/python3.12/site-packages/airflow/example_dags/example_xcom.py for tasks to queue
[2026-06-30T08:41:21.135+0000] {logging_mixin.py:188} INFO - [2026-06-30T08:41:21.135+0000] {dagbag.py:545} INFO - Filling up the DagBag from /home/airflow/.local/lib/python3.12/site-packages/airflow/example_dags/example_xcom.py
[2026-06-30T08:41:21.148+0000] {processor.py:840} INFO - DAG(s) 'example_xcom' retrieved from /home/airflow/.local/lib/python3.12/site-packages/airflow/example_dags/example_xcom.py
[2026-06-30T08:41:21.196+0000] {logging_mixin.py:188} INFO - [2026-06-30T08:41:21.196+0000] {dag.py:3096} INFO - Sync 1 DAGs
[2026-06-30T08:41:21.257+0000] {logging_mixin.py:188} INFO - [2026-06-30T08:41:21.257+0000] {dag.py:3954} INFO - Setting next_dagrun for example_xcom to 2021-01-01 00:00:00+00:00, run_after=2021-01-01 00:00:00+00:00
[2026-06-30T08:41:21.292+0000] {processor.py:183} INFO - Processing /home/airflow/.local/lib/python3.12/site-packages/airflow/example_dags/example_xcom.py took 0.170 seconds
[2026-06-30T08:41:51.356+0000] {processor.py:161} INFO - Started process (PID=24427) to work on /home/airflow/.local/lib/python3.12/site-packages/airflow/example_dags/example_xcom.py
[2026-06-30T08:41:51.357+0000] {processor.py:830} INFO - Processing file /home/airflow/.local/lib/python3.12/site-packages/airflow/example_dags/example_xcom.py for tasks to queue
[2026-06-30T08:41:51.357+0000] {logging_mixin.py:188} INFO - [2026-06-30T08:41:51.357+0000] {dagbag.py:545} INFO - Filling up the DagBag from /home/airflow/.local/lib/python3.12/site-packages/airflow/example_dags/example_xcom.py
[2026-06-30T08:41:51.363+0000] {processor.py:840} INFO - DAG(s) 'example_xcom' retrieved from /home/airflow/.local/lib/python3.12/site-packages/airflow/example_dags/example_xcom.py
[2026-06-30T08:41:51.377+0000] {logging_mixin.py:188} INFO - [2026-06-30T08:41:51.377+0000] {dag.py:3096} INFO - Sync 1 DAGs
[2026-06-30T08:41:51.393+0000] {logging_mixin.py:188} INFO - [2026-06-30T08:41:51.392+0000] {dag.py:3954} INFO - Setting next_dagrun for example_xcom to 2021-01-01 00:00:00+00:00, run_after=2021-01-01 00:00:00+00:00
[2026-06-30T08:41:51.406+0000] {processor.py:183} INFO - Processing /home/airflow/.local/lib/python3.12/site-packages/airflow/example_dags/example_xcom.py took 0.054 seconds
[2026-06-30T08:42:21.871+0000] {processor.py:161} INFO - Started process (PID=24485) to work on /home/airflow/.local/lib/python3.12/site-packages/airflow/example_dags/example_xcom.py
[2026-06-30T08:42:21.872+0000] {processor.py:830} INFO - Processing file /home/airflow/.local/lib/python3.12/site-packages/airflow/example_dags/example_xcom.py for tasks to queue
[2026-06-30T08:42:21.873+0000] {logging_mixin.py:188} INFO - [2026-06-30T08:42:21.872+0000] {dagbag.py:545} INFO - Filling up the DagBag from /home/airflow/.local/lib/python3.12/site-packages/airflow/example_dags/example_xcom.py
[2026-06-30T08:42:21.878+0000] {processor.py:840} INFO - DAG(s) 'example_xcom' retrieved from /home/airflow/.local/lib/python3.12/site-packages/airflow/example_dags/example_xcom.py
[2026-06-30T08:42:21.893+0000] {logging_mixin.py:188} INFO - [2026-06-30T08:42:21.892+0000] {dag.py:3096} INFO - Sync 1 DAGs
[2026-06-30T08:42:21.908+0000] {logging_mixin.py:188} INFO - [2026-06-30T08:42:21.908+0000] {dag.py:3954} INFO - Setting next_dagrun for example_xcom to 2021-01-01 00:00:00+00:00, run_after=2021-01-01 00:00:00+00:00
[2026-06-30T08:42:21.919+0000] {processor.py:183} INFO - Processing /home/airflow/.local/lib/python3.12/site-packages/airflow/example_dags/example_xcom.py took 0.052 seconds
[2026-06-30T08:42:52.755+0000] {processor.py:161} INFO - Started process (PID=24543) to work on /home/airflow/.local/lib/python3.12/site-packages/airflow/example_dags/example_xcom.py
[2026-06-30T08:42:52.756+0000] {processor.py:830} INFO - Processing file /home/airflow/.local/lib/python3.12/site-packages/airflow/example_dags/example_xcom.py for tasks to queue
[2026-06-30T08:42:52.757+0000] {logging_mixin.py:188} INFO - [2026-06-30T08:42:52.757+0000] {dagbag.py:545} INFO - Filling up the DagBag from /home/airflow/.local/lib/python3.12/site-packages/airflow/example_dags/example_xcom.py
[2026-06-30T08:42:52.765+0000] {processor.py:840} INFO - DAG(s) 'example_xcom' retrieved from /home/airflow/.local/lib/python3.12/site-packages/airflow/example_dags/example_xcom.py
[2026-06-30T08:42:52.785+0000] {logging_mixin.py:188} INFO - [2026-06-30T08:42:52.784+0000] {dag.py:3096} INFO - Sync 1 DAGs
[2026-06-30T08:42:52.803+0000] {logging_mixin.py:188} INFO - [2026-06-30T08:42:52.803+0000] {dag.py:3954} INFO - Setting next_dagrun for example_xcom to 2021-01-01 00:00:00+00:00, run_after=2021-01-01 00:00:00+00:00
[2026-06-30T08:42:52.817+0000] {processor.py:183} INFO - Processing /home/airflow/.local/lib/python3.12/site-packages/airflow/example_dags/example_xcom.py took 0.067 seconds
[2026-06-30T08:43:23.669+0000] {processor.py:161} INFO - Started process (PID=24601) to work on /home/airflow/.local/lib/python3.12/site-packages/airflow/example_dags/example_xcom.py
[2026-06-30T08:43:23.670+0000] {processor.py:830} INFO - Processing file /home/airflow/.local/lib/python3.12/site-packages/airflow/example_dags/example_xcom.py for tasks to queue
[2026-06-30T08:43:23.672+0000] {logging_mixin.py:188} INFO - [2026-06-30T08:43:23.671+0000] {dagbag.py:545} INFO - Filling up the DagBag from /home/airflow/.local/lib/python3.12/site-packages/airflow/example_dags/example_xcom.py
[2026-06-30T08:43:23.678+0000] {processor.py:840} INFO - DAG(s) 'example_xcom' retrieved from /home/airflow/.local/lib/python3.12/site-packages/airflow/example_dags/example_xcom.py
[2026-06-30T08:43:23.694+0000] {logging_mixin.py:188} INFO - [2026-06-30T08:43:23.694+0000] {dag.py:3096} INFO - Sync 1 DAGs
[2026-06-30T08:43:23.708+0000] {logging_mixin.py:188} INFO - [2026-06-30T08:43:23.708+0000] {dag.py:3954} INFO - Setting next_dagrun for example_xcom to 2021-01-01 00:00:00+00:00, run_after=2021-01-01 00:00:00+00:00
[2026-06-30T08:43:23.721+0000] {processor.py:183} INFO - Processing /home/airflow/.local/lib/python3.12/site-packages/airflow/example_dags/example_xcom.py took 0.058 seconds
[2026-06-30T08:43:53.929+0000] {processor.py:161} INFO - Started process (PID=24659) to work on /home/airflow/.local/lib/python3.12/site-packages/airflow/example_dags/example_xcom.py
[2026-06-30T08:43:53.929+0000] {processor.py:830} INFO - Processing file /home/airflow/.local/lib/python3.12/site-packages/airflow/example_dags/example_xcom.py for tasks to queue
[2026-06-30T08:43:53.930+0000] {logging_mixin.py:188} INFO - [2026-06-30T08:43:53.930+0000] {dagbag.py:545} INFO - Filling up the DagBag from /home/airflow/.local/lib/python3.12/site-packages/airflow/example_dags/example_xcom.py
[2026-06-30T08:43:53.936+0000] {processor.py:840} INFO - DAG(s) 'example_xcom' retrieved from /home/airflow/.local/lib/python3.12/site-packages/airflow/example_dags/example_xcom.py
[2026-06-30T08:43:53.952+0000] {logging_mixin.py:188} INFO - [2026-06-30T08:43:53.952+0000] {dag.py:3096} INFO - Sync 1 DAGs
[2026-06-30T08:43:53.966+0000] {logging_mixin.py:188} INFO - [2026-06-30T08:43:53.966+0000] {dag.py:3954} INFO - Setting next_dagrun for example_xcom to 2021-01-01 00:00:00+00:00, run_after=2021-01-01 00:00:00+00:00
[2026-06-30T08:43:53.978+0000] {processor.py:183} INFO - Processing /home/airflow/.local/lib/python3.12/site-packages/airflow/example_dags/example_xcom.py took 0.054 seconds
[2026-06-30T08:44:24.375+0000] {processor.py:161} INFO - Started process (PID=24717) to work on /home/airflow/.local/lib/python3.12/site-packages/airflow/example_dags/example_xcom.py
[2026-06-30T08:44:24.376+0000] {processor.py:830} INFO - Processing file /home/airflow/.local/lib/python3.12/site-packages/airflow/example_dags/example_xcom.py for tasks to queue
[2026-06-30T08:44:24.377+0000] {logging_mixin.py:188} INFO - [2026-06-30T08:44:24.377+0000] {dagbag.py:545} INFO - Filling up the DagBag from /home/airflow/.local/lib/python3.12/site-packages/airflow/example_dags/example_xcom.py
[2026-06-30T08:44:24.383+0000] {processor.py:840} INFO - DAG(s) 'example_xcom' retrieved from /home/airflow/.local/lib/python3.12/site-packages/airflow/example_dags/example_xcom.py
[2026-06-30T08:44:24.401+0000] {logging_mixin.py:188} INFO - [2026-06-30T08:44:24.401+0000] {dag.py:3096} INFO - Sync 1 DAGs
[2026-06-30T08:44:24.417+0000] {logging_mixin.py:188} INFO - [2026-06-30T08:44:24.417+0000] {dag.py:3954} INFO - Setting next_dagrun for example_xcom to 2021-01-01 00:00:00+00:00, run_after=2021-01-01 00:00:00+00:00
[2026-06-30T08:44:24.432+0000] {processor.py:183} INFO - Processing /home/airflow/.local/lib/python3.12/site-packages/airflow/example_dags/example_xcom.py took 0.061 seconds
[2026-06-30T08:44:54.797+0000] {processor.py:161} INFO - Started process (PID=24775) to work on /home/airflow/.local/lib/python3.12/site-packages/airflow/example_dags/example_xcom.py
[2026-06-30T08:44:54.798+0000] {processor.py:830} INFO - Processing file /home/airflow/.local/lib/python3.12/site-packages/airflow/example_dags/example_xcom.py for tasks to queue
[2026-06-30T08:44:54.799+0000] {logging_mixin.py:188} INFO - [2026-06-30T08:44:54.799+0000] {dagbag.py:545} INFO - Filling up the DagBag from /home/airflow/.local/lib/python3.12/site-packages/airflow/example_dags/example_xcom.py
[2026-06-30T08:44:54.806+0000] {processor.py:840} INFO - DAG(s) 'example_xcom' retrieved from /home/airflow/.local/lib/python3.12/site-packages/airflow/example_dags/example_xcom.py
[2026-06-30T08:44:54.825+0000] {logging_mixin.py:188} INFO - [2026-06-30T08:44:54.824+0000] {dag.py:3096} INFO - Sync 1 DAGs
[2026-06-30T08:44:54.839+0000] {logging_mixin.py:188} INFO - [2026-06-30T08:44:54.839+0000] {dag.py:3954} INFO - Setting next_dagrun for example_xcom to 2021-01-01 00:00:00+00:00, run_after=2021-01-01 00:00:00+00:00
[2026-06-30T08:44:54.851+0000] {processor.py:183} INFO - Processing /home/airflow/.local/lib/python3.12/site-packages/airflow/example_dags/example_xcom.py took 0.059 seconds
[2026-06-30T08:45:25.505+0000] {processor.py:161} INFO - Started process (PID=24833) to work on /home/airflow/.local/lib/python3.12/site-packages/airflow/example_dags/example_xcom.py
[2026-06-30T08:45:25.506+0000] {processor.py:830} INFO - Processing file /home/airflow/.local/lib/python3.12/site-packages/airflow/example_dags/example_xcom.py for tasks to queue
[2026-06-30T08:45:25.507+0000] {logging_mixin.py:188} INFO - [2026-06-30T08:45:25.507+0000] {dagbag.py:545} INFO - Filling up the DagBag from /home/airflow/.local/lib/python3.12/site-packages/airflow/example_dags/example_xcom.py
[2026-06-30T08:45:25.513+0000] {processor.py:840} INFO - DAG(s) 'example_xcom' retrieved from /home/airflow/.local/lib/python3.12/site-packages/airflow/example_dags/example_xcom.py
[2026-06-30T08:45:25.529+0000] {logging_mixin.py:188} INFO - [2026-06-30T08:45:25.529+0000] {dag.py:3096} INFO - Sync 1 DAGs
[2026-06-30T08:45:25.543+0000] {logging_mixin.py:188} INFO - [2026-06-30T08:45:25.543+0000] {dag.py:3954} INFO - Setting next_dagrun for example_xcom to 2021-01-01 00:00:00+00:00, run_after=2021-01-01 00:00:00+00:00
[2026-06-30T08:45:25.556+0000] {processor.py:183} INFO - Processing /home/airflow/.local/lib/python3.12/site-packages/airflow/example_dags/example_xcom.py took 0.055 seconds
[2026-06-30T08:45:56.185+0000] {processor.py:161} INFO - Started process (PID=24891) to work on /home/airflow/.local/lib/python3.12/site-packages/airflow/example_dags/example_xcom.py
[2026-06-30T08:45:56.186+0000] {processor.py:830} INFO - Processing file /home/airflow/.local/lib/python3.12/site-packages/airflow/example_dags/example_xcom.py for tasks to queue
[2026-06-30T08:45:56.189+0000] {logging_mixin.py:188} INFO - [2026-06-30T08:45:56.188+0000] {dagbag.py:545} INFO - Filling up the DagBag from /home/airflow/.local/lib/python3.12/site-packages/airflow/example_dags/example_xcom.py
[2026-06-30T08:45:56.196+0000] {processor.py:840} INFO - DAG(s) 'example_xcom' retrieved from /home/airflow/.local/lib/python3.12/site-packages/airflow/example_dags/example_xcom.py
[2026-06-30T08:45:56.215+0000] {logging_mixin.py:188} INFO - [2026-06-30T08:45:56.215+0000] {dag.py:3096} INFO - Sync 1 DAGs
[2026-06-30T08:45:56.234+0000] {logging_mixin.py:188} INFO - [2026-06-30T08:45:56.233+0000] {dag.py:3954} INFO - Setting next_dagrun for example_xcom to 2021-01-01 00:00:00+00:00, run_after=2021-01-01 00:00:00+00:00
[2026-06-30T08:45:56.248+0000] {processor.py:183} INFO - Processing /home/airflow/.local/lib/python3.12/site-packages/airflow/example_dags/example_xcom.py took 0.069 seconds
[2026-06-30T08:46:26.844+0000] {processor.py:161} INFO - Started process (PID=24949) to work on /home/airflow/.local/lib/python3.12/site-packages/airflow/example_dags/example_xcom.py
[2026-06-30T08:46:26.845+0000] {processor.py:830} INFO - Processing file /home/airflow/.local/lib/python3.12/site-packages/airflow/example_dags/example_xcom.py for tasks to queue
[2026-06-30T08:46:26.846+0000] {logging_mixin.py:188} INFO - [2026-06-30T08:46:26.846+0000] {dagbag.py:545} INFO - Filling up the DagBag from /home/airflow/.local/lib/python3.12/site-packages/airflow/example_dags/example_xcom.py
[2026-06-30T08:46:26.852+0000] {processor.py:840} INFO - DAG(s) 'example_xcom' retrieved from /home/airflow/.local/lib/python3.12/site-packages/airflow/example_dags/example_xcom.py
[2026-06-30T08:46:26.870+0000] {logging_mixin.py:188} INFO - [2026-06-30T08:46:26.870+0000] {dag.py:3096} INFO - Sync 1 DAGs
[2026-06-30T08:46:26.887+0000] {logging_mixin.py:188} INFO - [2026-06-30T08:46:26.887+0000] {dag.py:3954} INFO - Setting next_dagrun for example_xcom to 2021-01-01 00:00:00+00:00, run_after=2021-01-01 00:00:00+00:00
[2026-06-30T08:46:26.901+0000] {processor.py:183} INFO - Processing /home/airflow/.local/lib/python3.12/site-packages/airflow/example_dags/example_xcom.py took 0.062 seconds
[2026-06-30T08:46:57.265+0000] {processor.py:161} INFO - Started process (PID=25007) to work on /home/airflow/.local/lib/python3.12/site-packages/airflow/example_dags/example_xcom.py
[2026-06-30T08:46:57.266+0000] {processor.py:830} INFO - Processing file /home/airflow/.local/lib/python3.12/site-packages/airflow/example_dags/example_xcom.py for tasks to queue
[2026-06-30T08:46:57.267+0000] {logging_mixin.py:188} INFO - [2026-06-30T08:46:57.267+0000] {dagbag.py:545} INFO - Filling up the DagBag from /home/airflow/.local/lib/python3.12/site-packages/airflow/example_dags/example_xcom.py
[2026-06-30T08:46:57.275+0000] {processor.py:840} INFO - DAG(s) 'example_xcom' retrieved from /home/airflow/.local/lib/python3.12/site-packages/airflow/example_dags/example_xcom.py
[2026-06-30T08:46:57.294+0000] {logging_mixin.py:188} INFO - [2026-06-30T08:46:57.294+0000] {dag.py:3096} INFO - Sync 1 DAGs
[2026-06-30T08:46:57.310+0000] {logging_mixin.py:188} INFO - [2026-06-30T08:46:57.310+0000] {dag.py:3954} INFO - Setting next_dagrun for example_xcom to 2021-01-01 00:00:00+00:00, run_after=2021-01-01 00:00:00+00:00
[2026-06-30T08:46:57.327+0000] {processor.py:183} INFO - Processing /home/airflow/.local/lib/python3.12/site-packages/airflow/example_dags/example_xcom.py took 0.071 seconds
[2026-06-30T08:47:27.764+0000] {processor.py:161} INFO - Started process (PID=25065) to work on /home/airflow/.local/lib/python3.12/site-packages/airflow/example_dags/example_xcom.py
[2026-06-30T08:47:27.766+0000] {processor.py:830} INFO - Processing file /home/airflow/.local/lib/python3.12/site-packages/airflow/example_dags/example_xcom.py for tasks to queue
[2026-06-30T08:47:27.768+0000] {logging_mixin.py:188} INFO - [2026-06-30T08:47:27.767+0000] {dagbag.py:545} INFO - Filling up the DagBag from /home/airflow/.local/lib/python3.12/site-packages/airflow/example_dags/example_xcom.py
[2026-06-30T08:47:27.779+0000] {processor.py:840} INFO - DAG(s) 'example_xcom' retrieved from /home/airflow/.local/lib/python3.12/site-packages/airflow/example_dags/example_xcom.py
[2026-06-30T08:47:27.809+0000] {logging_mixin.py:188} INFO - [2026-06-30T08:47:27.809+0000] {dag.py:3096} INFO - Sync 1 DAGs
[2026-06-30T08:47:27.830+0000] {logging_mixin.py:188} INFO - [2026-06-30T08:47:27.829+0000] {dag.py:3954} INFO - Setting next_dagrun for example_xcom to 2021-01-01 00:00:00+00:00, run_after=2021-01-01 00:00:00+00:00
[2026-06-30T08:47:27.854+0000] {processor.py:183} INFO - Processing /home/airflow/.local/lib/python3.12/site-packages/airflow/example_dags/example_xcom.py took 0.098 seconds
[2026-06-30T08:47:58.402+0000] {processor.py:161} INFO - Started process (PID=25123) to work on /home/airflow/.local/lib/python3.12/site-packages/airflow/example_dags/example_xcom.py
[2026-06-30T08:47:58.403+0000] {processor.py:830} INFO - Processing file /home/airflow/.local/lib/python3.12/site-packages/airflow/example_dags/example_xcom.py for tasks to queue
[2026-06-30T08:47:58.404+0000] {logging_mixin.py:188} INFO - [2026-06-30T08:47:58.404+0000] {dagbag.py:545} INFO - Filling up the DagBag from /home/airflow/.local/lib/python3.12/site-packages/airflow/example_dags/example_xcom.py
[2026-06-30T08:47:58.410+0000] {processor.py:840} INFO - DAG(s) 'example_xcom' retrieved from /home/airflow/.local/lib/python3.12/site-packages/airflow/example_dags/example_xcom.py
[2026-06-30T08:47:58.427+0000] {logging_mixin.py:188} INFO - [2026-06-30T08:47:58.427+0000] {dag.py:3096} INFO - Sync 1 DAGs
[2026-06-30T08:47:58.441+0000] {logging_mixin.py:188} INFO - [2026-06-30T08:47:58.441+0000] {dag.py:3954} INFO - Setting next_dagrun for example_xcom to 2021-01-01 00:00:00+00:00, run_after=2021-01-01 00:00:00+00:00
[2026-06-30T08:47:58.454+0000] {processor.py:183} INFO - Processing /home/airflow/.local/lib/python3.12/site-packages/airflow/example_dags/example_xcom.py took 0.055 seconds
[2026-06-30T08:48:28.965+0000] {processor.py:161} INFO - Started process (PID=25181) to work on /home/airflow/.local/lib/python3.12/site-packages/airflow/example_dags/example_xcom.py
[2026-06-30T08:48:28.966+0000] {processor.py:830} INFO - Processing file /home/airflow/.local/lib/python3.12/site-packages/airflow/example_dags/example_xcom.py for tasks to queue
[2026-06-30T08:48:28.967+0000] {logging_mixin.py:188} INFO - [2026-06-30T08:48:28.967+0000] {dagbag.py:545} INFO - Filling up the DagBag from /home/airflow/.local/lib/python3.12/site-packages/airflow/example_dags/example_xcom.py
[2026-06-30T08:48:28.973+0000] {processor.py:840} INFO - DAG(s) 'example_xcom' retrieved from /home/airflow/.local/lib/python3.12/site-packages/airflow/example_dags/example_xcom.py
[2026-06-30T08:48:28.989+0000] {logging_mixin.py:188} INFO - [2026-06-30T08:48:28.989+0000] {dag.py:3096} INFO - Sync 1 DAGs
[2026-06-30T08:48:29.004+0000] {logging_mixin.py:188} INFO - [2026-06-30T08:48:29.004+0000] {dag.py:3954} INFO - Setting next_dagrun for example_xcom to 2021-01-01 00:00:00+00:00, run_after=2021-01-01 00:00:00+00:00
[2026-06-30T08:48:29.018+0000] {processor.py:183} INFO - Processing /home/airflow/.local/lib/python3.12/site-packages/airflow/example_dags/example_xcom.py took 0.057 seconds
[2026-06-30T08:48:59.382+0000] {processor.py:161} INFO - Started process (PID=25239) to work on /home/airflow/.local/lib/python3.12/site-packages/airflow/example_dags/example_xcom.py
[2026-06-30T08:48:59.383+0000] {processor.py:830} INFO - Processing file /home/airflow/.local/lib/python3.12/site-packages/airflow/example_dags/example_xcom.py for tasks to queue
[2026-06-30T08:48:59.384+0000] {logging_mixin.py:188} INFO - [2026-06-30T08:48:59.384+0000] {dagbag.py:545} INFO - Filling up the DagBag from /home/airflow/.local/lib/python3.12/site-packages/airflow/example_dags/example_xcom.py
[2026-06-30T08:48:59.390+0000] {processor.py:840} INFO - DAG(s) 'example_xcom' retrieved from /home/airflow/.local/lib/python3.12/site-packages/airflow/example_dags/example_xcom.py
[2026-06-30T08:48:59.406+0000] {logging_mixin.py:188} INFO - [2026-06-30T08:48:59.406+0000] {dag.py:3096} INFO - Sync 1 DAGs
[2026-06-30T08:48:59.420+0000] {logging_mixin.py:188} INFO - [2026-06-30T08:48:59.420+0000] {dag.py:3954} INFO - Setting next_dagrun for example_xcom to 2021-01-01 00:00:00+00:00, run_after=2021-01-01 00:00:00+00:00
[2026-06-30T08:48:59.431+0000] {processor.py:183} INFO - Processing /home/airflow/.local/lib/python3.12/site-packages/airflow/example_dags/example_xcom.py took 0.053 seconds
[2026-06-30T08:49:30.070+0000] {processor.py:161} INFO - Started process (PID=25297) to work on /home/airflow/.local/lib/python3.12/site-packages/airflow/example_dags/example_xcom.py
[2026-06-30T08:49:30.072+0000] {processor.py:830} INFO - Processing file /home/airflow/.local/lib/python3.12/site-packages/airflow/example_dags/example_xcom.py for tasks to queue
[2026-06-30T08:49:30.074+0000] {logging_mixin.py:188} INFO - [2026-06-30T08:49:30.074+0000] {dagbag.py:545} INFO - Filling up the DagBag from /home/airflow/.local/lib/python3.12/site-packages/airflow/example_dags/example_xcom.py
[2026-06-30T08:49:30.080+0000] {processor.py:840} INFO - DAG(s) 'example_xcom' retrieved from /home/airflow/.local/lib/python3.12/site-packages/airflow/example_dags/example_xcom.py
[2026-06-30T08:49:30.096+0000] {logging_mixin.py:188} INFO - [2026-06-30T08:49:30.096+0000] {dag.py:3096} INFO - Sync 1 DAGs
[2026-06-30T08:49:30.111+0000] {logging_mixin.py:188} INFO - [2026-06-30T08:49:30.111+0000] {dag.py:3954} INFO - Setting next_dagrun for example_xcom to 2021-01-01 00:00:00+00:00, run_after=2021-01-01 00:00:00+00:00
[2026-06-30T08:49:30.123+0000] {processor.py:183} INFO - Processing /home/airflow/.local/lib/python3.12/site-packages/airflow/example_dags/example_xcom.py took 0.058 seconds
[2026-06-30T08:50:00.612+0000] {processor.py:161} INFO - Started process (PID=25354) to work on /home/airflow/.local/lib/python3.12/site-packages/airflow/example_dags/example_xcom.py
[2026-06-30T08:50:00.613+0000] {processor.py:830} INFO - Processing file /home/airflow/.local/lib/python3.12/site-packages/airflow/example_dags/example_xcom.py for tasks to queue
[2026-06-30T08:50:00.614+0000] {logging_mixin.py:188} INFO - [2026-06-30T08:50:00.613+0000] {dagbag.py:545} INFO - Filling up the DagBag from /home/airflow/.local/lib/python3.12/site-packages/airflow/example_dags/example_xcom.py
[2026-06-30T08:50:00.619+0000] {processor.py:840} INFO - DAG(s) 'example_xcom' retrieved from /home/airflow/.local/lib/python3.12/site-packages/airflow/example_dags/example_xcom.py
[2026-06-30T08:50:00.635+0000] {logging_mixin.py:188} INFO - [2026-06-30T08:50:00.635+0000] {dag.py:3096} INFO - Sync 1 DAGs
[2026-06-30T08:50:00.649+0000] {logging_mixin.py:188} INFO - [2026-06-30T08:50:00.649+0000] {dag.py:3954} INFO - Setting next_dagrun for example_xcom to 2021-01-01 00:00:00+00:00, run_after=2021-01-01 00:00:00+00:00
[2026-06-30T08:50:00.661+0000] {processor.py:183} INFO - Processing /home/airflow/.local/lib/python3.12/site-packages/airflow/example_dags/example_xcom.py took 0.053 seconds
[2026-06-30T08:50:31.089+0000] {processor.py:161} INFO - Started process (PID=25412) to work on /home/airflow/.local/lib/python3.12/site-packages/airflow/example_dags/example_xcom.py
[2026-06-30T08:50:31.090+0000] {processor.py:830} INFO - Processing file /home/airflow/.local/lib/python3.12/site-packages/airflow/example_dags/example_xcom.py for tasks to queue
[2026-06-30T08:50:31.091+0000] {logging_mixin.py:188} INFO - [2026-06-30T08:50:31.091+0000] {dagbag.py:545} INFO - Filling up the DagBag from /home/airflow/.local/lib/python3.12/site-packages/airflow/example_dags/example_xcom.py
[2026-06-30T08:50:31.098+0000] {processor.py:840} INFO - DAG(s) 'example_xcom' retrieved from /home/airflow/.local/lib/python3.12/site-packages/airflow/example_dags/example_xcom.py
[2026-06-30T08:50:31.115+0000] {logging_mixin.py:188} INFO - [2026-06-30T08:50:31.115+0000] {dag.py:3096} INFO - Sync 1 DAGs
[2026-06-30T08:50:31.135+0000] {logging_mixin.py:188} INFO - [2026-06-30T08:50:31.134+0000] {dag.py:3954} INFO - Setting next_dagrun for example_xcom to 2021-01-01 00:00:00+00:00, run_after=2021-01-01 00:00:00+00:00
[2026-06-30T08:50:31.150+0000] {processor.py:183} INFO - Processing /home/airflow/.local/lib/python3.12/site-packages/airflow/example_dags/example_xcom.py took 0.067 seconds
[2026-06-30T08:51:01.676+0000] {processor.py:161} INFO - Started process (PID=25470) to work on /home/airflow/.local/lib/python3.12/site-packages/airflow/example_dags/example_xcom.py
[2026-06-30T08:51:01.677+0000] {processor.py:830} INFO - Processing file /home/airflow/.local/lib/python3.12/site-packages/airflow/example_dags/example_xcom.py for tasks to queue
[2026-06-30T08:51:01.678+0000] {logging_mixin.py:188} INFO - [2026-06-30T08:51:01.678+0000] {dagbag.py:545} INFO - Filling up the DagBag from /home/airflow/.local/lib/python3.12/site-packages/airflow/example_dags/example_xcom.py
[2026-06-30T08:51:01.684+0000] {processor.py:840} INFO - DAG(s) 'example_xcom' retrieved from /home/airflow/.local/lib/python3.12/site-packages/airflow/example_dags/example_xcom.py
[2026-06-30T08:51:01.698+0000] {logging_mixin.py:188} INFO - [2026-06-30T08:51:01.698+0000] {dag.py:3096} INFO - Sync 1 DAGs
[2026-06-30T08:51:01.713+0000] {logging_mixin.py:188} INFO - [2026-06-30T08:51:01.712+0000] {dag.py:3954} INFO - Setting next_dagrun for example_xcom to 2021-01-01 00:00:00+00:00, run_after=2021-01-01 00:00:00+00:00
[2026-06-30T08:51:01.835+0000] {processor.py:183} INFO - Processing /home/airflow/.local/lib/python3.12/site-packages/airflow/example_dags/example_xcom.py took 0.163 seconds
[2026-06-30T08:51:32.043+0000] {processor.py:161} INFO - Started process (PID=25528) to work on /home/airflow/.local/lib/python3.12/site-packages/airflow/example_dags/example_xcom.py
[2026-06-30T08:51:32.044+0000] {processor.py:830} INFO - Processing file /home/airflow/.local/lib/python3.12/site-packages/airflow/example_dags/example_xcom.py for tasks to queue
[2026-06-30T08:51:32.045+0000] {logging_mixin.py:188} INFO - [2026-06-30T08:51:32.045+0000] {dagbag.py:545} INFO - Filling up the DagBag from /home/airflow/.local/lib/python3.12/site-packages/airflow/example_dags/example_xcom.py
[2026-06-30T08:51:32.051+0000] {processor.py:840} INFO - DAG(s) 'example_xcom' retrieved from /home/airflow/.local/lib/python3.12/site-packages/airflow/example_dags/example_xcom.py
[2026-06-30T08:51:32.065+0000] {logging_mixin.py:188} INFO - [2026-06-30T08:51:32.065+0000] {dag.py:3096} INFO - Sync 1 DAGs
[2026-06-30T08:51:32.079+0000] {logging_mixin.py:188} INFO - [2026-06-30T08:51:32.079+0000] {dag.py:3954} INFO - Setting next_dagrun for example_xcom to 2021-01-01 00:00:00+00:00, run_after=2021-01-01 00:00:00+00:00
[2026-06-30T08:51:32.090+0000] {processor.py:183} INFO - Processing /home/airflow/.local/lib/python3.12/site-packages/airflow/example_dags/example_xcom.py took 0.051 seconds
[2026-06-30T08:52:02.155+0000] {processor.py:161} INFO - Started process (PID=25585) to work on /home/airflow/.local/lib/python3.12/site-packages/airflow/example_dags/example_xcom.py
[2026-06-30T08:52:02.156+0000] {processor.py:830} INFO - Processing file /home/airflow/.local/lib/python3.12/site-packages/airflow/example_dags/example_xcom.py for tasks to queue
[2026-06-30T08:52:02.157+0000] {logging_mixin.py:188} INFO - [2026-06-30T08:52:02.156+0000] {dagbag.py:545} INFO - Filling up the DagBag from /home/airflow/.local/lib/python3.12/site-packages/airflow/example_dags/example_xcom.py
[2026-06-30T08:52:02.163+0000] {processor.py:840} INFO - DAG(s) 'example_xcom' retrieved from /home/airflow/.local/lib/python3.12/site-packages/airflow/example_dags/example_xcom.py
[2026-06-30T08:52:02.180+0000] {logging_mixin.py:188} INFO - [2026-06-30T08:52:02.180+0000] {dag.py:3096} INFO - Sync 1 DAGs
[2026-06-30T08:52:02.198+0000] {logging_mixin.py:188} INFO - [2026-06-30T08:52:02.198+0000] {dag.py:3954} INFO - Setting next_dagrun for example_xcom to 2021-01-01 00:00:00+00:00, run_after=2021-01-01 00:00:00+00:00
[2026-06-30T08:52:02.211+0000] {processor.py:183} INFO - Processing /home/airflow/.local/lib/python3.12/site-packages/airflow/example_dags/example_xcom.py took 0.060 seconds
[2026-06-30T08:52:32.913+0000] {processor.py:161} INFO - Started process (PID=25643) to work on /home/airflow/.local/lib/python3.12/site-packages/airflow/example_dags/example_xcom.py
[2026-06-30T08:52:32.914+0000] {processor.py:830} INFO - Processing file /home/airflow/.local/lib/python3.12/site-packages/airflow/example_dags/example_xcom.py for tasks to queue
[2026-06-30T08:52:32.915+0000] {logging_mixin.py:188} INFO - [2026-06-30T08:52:32.915+0000] {dagbag.py:545} INFO - Filling up the DagBag from /home/airflow/.local/lib/python3.12/site-packages/airflow/example_dags/example_xcom.py
[2026-06-30T08:52:32.921+0000] {processor.py:840} INFO - DAG(s) 'example_xcom' retrieved from /home/airflow/.local/lib/python3.12/site-packages/airflow/example_dags/example_xcom.py
[2026-06-30T08:52:32.935+0000] {logging_mixin.py:188} INFO - [2026-06-30T08:52:32.935+0000] {dag.py:3096} INFO - Sync 1 DAGs
[2026-06-30T08:52:32.950+0000] {logging_mixin.py:188} INFO - [2026-06-30T08:52:32.950+0000] {dag.py:3954} INFO - Setting next_dagrun for example_xcom to 2021-01-01 00:00:00+00:00, run_after=2021-01-01 00:00:00+00:00
[2026-06-30T08:52:32.962+0000] {processor.py:183} INFO - Processing /home/airflow/.local/lib/python3.12/site-packages/airflow/example_dags/example_xcom.py took 0.053 seconds
[2026-06-30T08:53:04.182+0000] {processor.py:161} INFO - Started process (PID=25701) to work on /home/airflow/.local/lib/python3.12/site-packages/airflow/example_dags/example_xcom.py
[2026-06-30T08:53:04.182+0000] {processor.py:830} INFO - Processing file /home/airflow/.local/lib/python3.12/site-packages/airflow/example_dags/example_xcom.py for tasks to queue
[2026-06-30T08:53:04.183+0000] {logging_mixin.py:188} INFO - [2026-06-30T08:53:04.183+0000] {dagbag.py:545} INFO - Filling up the DagBag from /home/airflow/.local/lib/python3.12/site-packages/airflow/example_dags/example_xcom.py
[2026-06-30T08:53:04.190+0000] {processor.py:840} INFO - DAG(s) 'example_xcom' retrieved from /home/airflow/.local/lib/python3.12/site-packages/airflow/example_dags/example_xcom.py
[2026-06-30T08:53:04.310+0000] {logging_mixin.py:188} INFO - [2026-06-30T08:53:04.310+0000] {dag.py:3096} INFO - Sync 1 DAGs
[2026-06-30T08:53:04.322+0000] {logging_mixin.py:188} INFO - [2026-06-30T08:53:04.322+0000] {dag.py:3954} INFO - Setting next_dagrun for example_xcom to 2021-01-01 00:00:00+00:00, run_after=2021-01-01 00:00:00+00:00
[2026-06-30T08:53:04.336+0000] {processor.py:183} INFO - Processing /home/airflow/.local/lib/python3.12/site-packages/airflow/example_dags/example_xcom.py took 0.159 seconds
