[2026-06-30T08:05:47.519+0000] {processor.py:161} INFO - Started process (PID=21746) to work on /home/airflow/.local/lib/python3.12/site-packages/airflow/example_dags/example_bash_operator.py
[2026-06-30T08:05:47.525+0000] {processor.py:830} INFO - Processing file /home/airflow/.local/lib/python3.12/site-packages/airflow/example_dags/example_bash_operator.py for tasks to queue
[2026-06-30T08:05:47.529+0000] {logging_mixin.py:188} INFO - [2026-06-30T08:05:47.529+0000] {dagbag.py:545} INFO - Filling up the DagBag from /home/airflow/.local/lib/python3.12/site-packages/airflow/example_dags/example_bash_operator.py
[2026-06-30T08:05:47.543+0000] {processor.py:840} INFO - DAG(s) 'example_bash_operator' retrieved from /home/airflow/.local/lib/python3.12/site-packages/airflow/example_dags/example_bash_operator.py
[2026-06-30T08:05:47.570+0000] {logging_mixin.py:188} INFO - [2026-06-30T08:05:47.570+0000] {dag.py:3096} INFO - Sync 1 DAGs
[2026-06-30T08:05:47.598+0000] {logging_mixin.py:188} INFO - [2026-06-30T08:05:47.598+0000] {dag.py:3954} INFO - Setting next_dagrun for example_bash_operator to 2026-06-29 00:00:00+00:00, run_after=2026-06-30 00:00:00+00:00
[2026-06-30T08:05:47.624+0000] {processor.py:183} INFO - Processing /home/airflow/.local/lib/python3.12/site-packages/airflow/example_dags/example_bash_operator.py took 0.111 seconds
[2026-06-30T08:18:54.320+0000] {processor.py:161} INFO - Started process (PID=21798) to work on /home/airflow/.local/lib/python3.12/site-packages/airflow/example_dags/example_bash_operator.py
[2026-06-30T08:18:54.321+0000] {processor.py:830} INFO - Processing file /home/airflow/.local/lib/python3.12/site-packages/airflow/example_dags/example_bash_operator.py for tasks to queue
[2026-06-30T08:18:54.322+0000] {logging_mixin.py:188} INFO - [2026-06-30T08:18:54.322+0000] {dagbag.py:545} INFO - Filling up the DagBag from /home/airflow/.local/lib/python3.12/site-packages/airflow/example_dags/example_bash_operator.py
[2026-06-30T08:18:54.334+0000] {processor.py:840} INFO - DAG(s) 'example_bash_operator' retrieved from /home/airflow/.local/lib/python3.12/site-packages/airflow/example_dags/example_bash_operator.py
[2026-06-30T08:18:54.357+0000] {logging_mixin.py:188} INFO - [2026-06-30T08:18:54.357+0000] {dag.py:3096} INFO - Sync 1 DAGs
[2026-06-30T08:18:54.375+0000] {logging_mixin.py:188} INFO - [2026-06-30T08:18:54.375+0000] {dag.py:3954} INFO - Setting next_dagrun for example_bash_operator to 2026-06-29 00:00:00+00:00, run_after=2026-06-30 00:00:00+00:00
[2026-06-30T08:18:54.391+0000] {processor.py:183} INFO - Processing /home/airflow/.local/lib/python3.12/site-packages/airflow/example_dags/example_bash_operator.py took 0.078 seconds
[2026-06-30T08:19:25.390+0000] {processor.py:161} INFO - Started process (PID=21856) to work on /home/airflow/.local/lib/python3.12/site-packages/airflow/example_dags/example_bash_operator.py
[2026-06-30T08:19:25.391+0000] {processor.py:830} INFO - Processing file /home/airflow/.local/lib/python3.12/site-packages/airflow/example_dags/example_bash_operator.py for tasks to queue
[2026-06-30T08:19:25.392+0000] {logging_mixin.py:188} INFO - [2026-06-30T08:19:25.392+0000] {dagbag.py:545} INFO - Filling up the DagBag from /home/airflow/.local/lib/python3.12/site-packages/airflow/example_dags/example_bash_operator.py
[2026-06-30T08:19:25.401+0000] {processor.py:840} INFO - DAG(s) 'example_bash_operator' retrieved from /home/airflow/.local/lib/python3.12/site-packages/airflow/example_dags/example_bash_operator.py
[2026-06-30T08:19:25.420+0000] {logging_mixin.py:188} INFO - [2026-06-30T08:19:25.420+0000] {dag.py:3096} INFO - Sync 1 DAGs
[2026-06-30T08:19:25.438+0000] {logging_mixin.py:188} INFO - [2026-06-30T08:19:25.437+0000] {dag.py:3954} INFO - Setting next_dagrun for example_bash_operator to 2026-06-29 00:00:00+00:00, run_after=2026-06-30 00:00:00+00:00
[2026-06-30T08:19:25.454+0000] {processor.py:183} INFO - Processing /home/airflow/.local/lib/python3.12/site-packages/airflow/example_dags/example_bash_operator.py took 0.068 seconds
[2026-06-30T08:19:55.604+0000] {processor.py:161} INFO - Started process (PID=21914) to work on /home/airflow/.local/lib/python3.12/site-packages/airflow/example_dags/example_bash_operator.py
[2026-06-30T08:19:55.605+0000] {processor.py:830} INFO - Processing file /home/airflow/.local/lib/python3.12/site-packages/airflow/example_dags/example_bash_operator.py for tasks to queue
[2026-06-30T08:19:55.605+0000] {logging_mixin.py:188} INFO - [2026-06-30T08:19:55.605+0000] {dagbag.py:545} INFO - Filling up the DagBag from /home/airflow/.local/lib/python3.12/site-packages/airflow/example_dags/example_bash_operator.py
[2026-06-30T08:19:55.613+0000] {processor.py:840} INFO - DAG(s) 'example_bash_operator' retrieved from /home/airflow/.local/lib/python3.12/site-packages/airflow/example_dags/example_bash_operator.py
[2026-06-30T08:19:55.633+0000] {logging_mixin.py:188} INFO - [2026-06-30T08:19:55.633+0000] {dag.py:3096} INFO - Sync 1 DAGs
[2026-06-30T08:19:55.650+0000] {logging_mixin.py:188} INFO - [2026-06-30T08:19:55.650+0000] {dag.py:3954} INFO - Setting next_dagrun for example_bash_operator to 2026-06-29 00:00:00+00:00, run_after=2026-06-30 00:00:00+00:00
[2026-06-30T08:19:55.662+0000] {processor.py:183} INFO - Processing /home/airflow/.local/lib/python3.12/site-packages/airflow/example_dags/example_bash_operator.py took 0.063 seconds
[2026-06-30T08:20:25.824+0000] {processor.py:161} INFO - Started process (PID=21972) to work on /home/airflow/.local/lib/python3.12/site-packages/airflow/example_dags/example_bash_operator.py
[2026-06-30T08:20:25.825+0000] {processor.py:830} INFO - Processing file /home/airflow/.local/lib/python3.12/site-packages/airflow/example_dags/example_bash_operator.py for tasks to queue
[2026-06-30T08:20:25.826+0000] {logging_mixin.py:188} INFO - [2026-06-30T08:20:25.826+0000] {dagbag.py:545} INFO - Filling up the DagBag from /home/airflow/.local/lib/python3.12/site-packages/airflow/example_dags/example_bash_operator.py
[2026-06-30T08:20:25.834+0000] {processor.py:840} INFO - DAG(s) 'example_bash_operator' retrieved from /home/airflow/.local/lib/python3.12/site-packages/airflow/example_dags/example_bash_operator.py
[2026-06-30T08:20:25.852+0000] {logging_mixin.py:188} INFO - [2026-06-30T08:20:25.852+0000] {dag.py:3096} INFO - Sync 1 DAGs
[2026-06-30T08:20:25.866+0000] {logging_mixin.py:188} INFO - [2026-06-30T08:20:25.866+0000] {dag.py:3954} INFO - Setting next_dagrun for example_bash_operator to 2026-06-29 00:00:00+00:00, run_after=2026-06-30 00:00:00+00:00
[2026-06-30T08:20:25.878+0000] {processor.py:183} INFO - Processing /home/airflow/.local/lib/python3.12/site-packages/airflow/example_dags/example_bash_operator.py took 0.058 seconds
[2026-06-30T08:20:56.248+0000] {processor.py:161} INFO - Started process (PID=22030) to work on /home/airflow/.local/lib/python3.12/site-packages/airflow/example_dags/example_bash_operator.py
[2026-06-30T08:20:56.249+0000] {processor.py:830} INFO - Processing file /home/airflow/.local/lib/python3.12/site-packages/airflow/example_dags/example_bash_operator.py for tasks to queue
[2026-06-30T08:20:56.250+0000] {logging_mixin.py:188} INFO - [2026-06-30T08:20:56.249+0000] {dagbag.py:545} INFO - Filling up the DagBag from /home/airflow/.local/lib/python3.12/site-packages/airflow/example_dags/example_bash_operator.py
[2026-06-30T08:20:56.258+0000] {processor.py:840} INFO - DAG(s) 'example_bash_operator' retrieved from /home/airflow/.local/lib/python3.12/site-packages/airflow/example_dags/example_bash_operator.py
[2026-06-30T08:20:56.275+0000] {logging_mixin.py:188} INFO - [2026-06-30T08:20:56.274+0000] {dag.py:3096} INFO - Sync 1 DAGs
[2026-06-30T08:20:56.289+0000] {logging_mixin.py:188} INFO - [2026-06-30T08:20:56.288+0000] {dag.py:3954} INFO - Setting next_dagrun for example_bash_operator to 2026-06-29 00:00:00+00:00, run_after=2026-06-30 00:00:00+00:00
[2026-06-30T08:20:56.303+0000] {processor.py:183} INFO - Processing /home/airflow/.local/lib/python3.12/site-packages/airflow/example_dags/example_bash_operator.py took 0.060 seconds
[2026-06-30T08:21:26.562+0000] {processor.py:161} INFO - Started process (PID=22089) to work on /home/airflow/.local/lib/python3.12/site-packages/airflow/example_dags/example_bash_operator.py
[2026-06-30T08:21:26.563+0000] {processor.py:830} INFO - Processing file /home/airflow/.local/lib/python3.12/site-packages/airflow/example_dags/example_bash_operator.py for tasks to queue
[2026-06-30T08:21:26.563+0000] {logging_mixin.py:188} INFO - [2026-06-30T08:21:26.563+0000] {dagbag.py:545} INFO - Filling up the DagBag from /home/airflow/.local/lib/python3.12/site-packages/airflow/example_dags/example_bash_operator.py
[2026-06-30T08:21:26.571+0000] {processor.py:840} INFO - DAG(s) 'example_bash_operator' retrieved from /home/airflow/.local/lib/python3.12/site-packages/airflow/example_dags/example_bash_operator.py
[2026-06-30T08:21:26.589+0000] {logging_mixin.py:188} INFO - [2026-06-30T08:21:26.589+0000] {dag.py:3096} INFO - Sync 1 DAGs
[2026-06-30T08:21:26.603+0000] {logging_mixin.py:188} INFO - [2026-06-30T08:21:26.602+0000] {dag.py:3954} INFO - Setting next_dagrun for example_bash_operator to 2026-06-29 00:00:00+00:00, run_after=2026-06-30 00:00:00+00:00
[2026-06-30T08:21:26.614+0000] {processor.py:183} INFO - Processing /home/airflow/.local/lib/python3.12/site-packages/airflow/example_dags/example_bash_operator.py took 0.056 seconds
[2026-06-30T08:21:56.877+0000] {processor.py:161} INFO - Started process (PID=22146) to work on /home/airflow/.local/lib/python3.12/site-packages/airflow/example_dags/example_bash_operator.py
[2026-06-30T08:21:56.878+0000] {processor.py:830} INFO - Processing file /home/airflow/.local/lib/python3.12/site-packages/airflow/example_dags/example_bash_operator.py for tasks to queue
[2026-06-30T08:21:56.880+0000] {logging_mixin.py:188} INFO - [2026-06-30T08:21:56.879+0000] {dagbag.py:545} INFO - Filling up the DagBag from /home/airflow/.local/lib/python3.12/site-packages/airflow/example_dags/example_bash_operator.py
[2026-06-30T08:21:56.892+0000] {processor.py:840} INFO - DAG(s) 'example_bash_operator' retrieved from /home/airflow/.local/lib/python3.12/site-packages/airflow/example_dags/example_bash_operator.py
[2026-06-30T08:21:56.916+0000] {logging_mixin.py:188} INFO - [2026-06-30T08:21:56.916+0000] {dag.py:3096} INFO - Sync 1 DAGs
[2026-06-30T08:21:56.935+0000] {logging_mixin.py:188} INFO - [2026-06-30T08:21:56.935+0000] {dag.py:3954} INFO - Setting next_dagrun for example_bash_operator to 2026-06-29 00:00:00+00:00, run_after=2026-06-30 00:00:00+00:00
[2026-06-30T08:21:56.951+0000] {processor.py:183} INFO - Processing /home/airflow/.local/lib/python3.12/site-packages/airflow/example_dags/example_bash_operator.py took 0.080 seconds
[2026-06-30T08:22:27.343+0000] {processor.py:161} INFO - Started process (PID=22204) to work on /home/airflow/.local/lib/python3.12/site-packages/airflow/example_dags/example_bash_operator.py
[2026-06-30T08:22:27.344+0000] {processor.py:830} INFO - Processing file /home/airflow/.local/lib/python3.12/site-packages/airflow/example_dags/example_bash_operator.py for tasks to queue
[2026-06-30T08:22:27.345+0000] {logging_mixin.py:188} INFO - [2026-06-30T08:22:27.345+0000] {dagbag.py:545} INFO - Filling up the DagBag from /home/airflow/.local/lib/python3.12/site-packages/airflow/example_dags/example_bash_operator.py
[2026-06-30T08:22:27.352+0000] {processor.py:840} INFO - DAG(s) 'example_bash_operator' retrieved from /home/airflow/.local/lib/python3.12/site-packages/airflow/example_dags/example_bash_operator.py
[2026-06-30T08:22:27.370+0000] {logging_mixin.py:188} INFO - [2026-06-30T08:22:27.370+0000] {dag.py:3096} INFO - Sync 1 DAGs
[2026-06-30T08:22:27.384+0000] {logging_mixin.py:188} INFO - [2026-06-30T08:22:27.384+0000] {dag.py:3954} INFO - Setting next_dagrun for example_bash_operator to 2026-06-29 00:00:00+00:00, run_after=2026-06-30 00:00:00+00:00
[2026-06-30T08:22:27.398+0000] {processor.py:183} INFO - Processing /home/airflow/.local/lib/python3.12/site-packages/airflow/example_dags/example_bash_operator.py took 0.058 seconds
[2026-06-30T08:22:57.942+0000] {processor.py:161} INFO - Started process (PID=22262) to work on /home/airflow/.local/lib/python3.12/site-packages/airflow/example_dags/example_bash_operator.py
[2026-06-30T08:22:57.944+0000] {processor.py:830} INFO - Processing file /home/airflow/.local/lib/python3.12/site-packages/airflow/example_dags/example_bash_operator.py for tasks to queue
[2026-06-30T08:22:57.944+0000] {logging_mixin.py:188} INFO - [2026-06-30T08:22:57.944+0000] {dagbag.py:545} INFO - Filling up the DagBag from /home/airflow/.local/lib/python3.12/site-packages/airflow/example_dags/example_bash_operator.py
[2026-06-30T08:22:57.953+0000] {processor.py:840} INFO - DAG(s) 'example_bash_operator' retrieved from /home/airflow/.local/lib/python3.12/site-packages/airflow/example_dags/example_bash_operator.py
[2026-06-30T08:22:57.972+0000] {logging_mixin.py:188} INFO - [2026-06-30T08:22:57.972+0000] {dag.py:3096} INFO - Sync 1 DAGs
[2026-06-30T08:22:57.990+0000] {logging_mixin.py:188} INFO - [2026-06-30T08:22:57.990+0000] {dag.py:3954} INFO - Setting next_dagrun for example_bash_operator to 2026-06-29 00:00:00+00:00, run_after=2026-06-30 00:00:00+00:00
[2026-06-30T08:22:58.005+0000] {processor.py:183} INFO - Processing /home/airflow/.local/lib/python3.12/site-packages/airflow/example_dags/example_bash_operator.py took 0.067 seconds
[2026-06-30T08:23:28.314+0000] {processor.py:161} INFO - Started process (PID=22320) to work on /home/airflow/.local/lib/python3.12/site-packages/airflow/example_dags/example_bash_operator.py
[2026-06-30T08:23:28.315+0000] {processor.py:830} INFO - Processing file /home/airflow/.local/lib/python3.12/site-packages/airflow/example_dags/example_bash_operator.py for tasks to queue
[2026-06-30T08:23:28.316+0000] {logging_mixin.py:188} INFO - [2026-06-30T08:23:28.315+0000] {dagbag.py:545} INFO - Filling up the DagBag from /home/airflow/.local/lib/python3.12/site-packages/airflow/example_dags/example_bash_operator.py
[2026-06-30T08:23:28.324+0000] {processor.py:840} INFO - DAG(s) 'example_bash_operator' retrieved from /home/airflow/.local/lib/python3.12/site-packages/airflow/example_dags/example_bash_operator.py
[2026-06-30T08:23:28.341+0000] {logging_mixin.py:188} INFO - [2026-06-30T08:23:28.341+0000] {dag.py:3096} INFO - Sync 1 DAGs
[2026-06-30T08:23:28.355+0000] {logging_mixin.py:188} INFO - [2026-06-30T08:23:28.355+0000] {dag.py:3954} INFO - Setting next_dagrun for example_bash_operator to 2026-06-29 00:00:00+00:00, run_after=2026-06-30 00:00:00+00:00
[2026-06-30T08:23:28.367+0000] {processor.py:183} INFO - Processing /home/airflow/.local/lib/python3.12/site-packages/airflow/example_dags/example_bash_operator.py took 0.057 seconds
[2026-06-30T08:23:58.797+0000] {processor.py:161} INFO - Started process (PID=22378) to work on /home/airflow/.local/lib/python3.12/site-packages/airflow/example_dags/example_bash_operator.py
[2026-06-30T08:23:58.798+0000] {processor.py:830} INFO - Processing file /home/airflow/.local/lib/python3.12/site-packages/airflow/example_dags/example_bash_operator.py for tasks to queue
[2026-06-30T08:23:58.798+0000] {logging_mixin.py:188} INFO - [2026-06-30T08:23:58.798+0000] {dagbag.py:545} INFO - Filling up the DagBag from /home/airflow/.local/lib/python3.12/site-packages/airflow/example_dags/example_bash_operator.py
[2026-06-30T08:23:58.806+0000] {processor.py:840} INFO - DAG(s) 'example_bash_operator' retrieved from /home/airflow/.local/lib/python3.12/site-packages/airflow/example_dags/example_bash_operator.py
[2026-06-30T08:23:58.823+0000] {logging_mixin.py:188} INFO - [2026-06-30T08:23:58.823+0000] {dag.py:3096} INFO - Sync 1 DAGs
[2026-06-30T08:23:58.838+0000] {logging_mixin.py:188} INFO - [2026-06-30T08:23:58.838+0000] {dag.py:3954} INFO - Setting next_dagrun for example_bash_operator to 2026-06-29 00:00:00+00:00, run_after=2026-06-30 00:00:00+00:00
[2026-06-30T08:23:58.856+0000] {processor.py:183} INFO - Processing /home/airflow/.local/lib/python3.12/site-packages/airflow/example_dags/example_bash_operator.py took 0.063 seconds
[2026-06-30T08:24:29.396+0000] {processor.py:161} INFO - Started process (PID=22436) to work on /home/airflow/.local/lib/python3.12/site-packages/airflow/example_dags/example_bash_operator.py
[2026-06-30T08:24:29.397+0000] {processor.py:830} INFO - Processing file /home/airflow/.local/lib/python3.12/site-packages/airflow/example_dags/example_bash_operator.py for tasks to queue
[2026-06-30T08:24:29.397+0000] {logging_mixin.py:188} INFO - [2026-06-30T08:24:29.397+0000] {dagbag.py:545} INFO - Filling up the DagBag from /home/airflow/.local/lib/python3.12/site-packages/airflow/example_dags/example_bash_operator.py
[2026-06-30T08:24:29.405+0000] {processor.py:840} INFO - DAG(s) 'example_bash_operator' retrieved from /home/airflow/.local/lib/python3.12/site-packages/airflow/example_dags/example_bash_operator.py
[2026-06-30T08:24:29.426+0000] {logging_mixin.py:188} INFO - [2026-06-30T08:24:29.425+0000] {dag.py:3096} INFO - Sync 1 DAGs
[2026-06-30T08:24:29.440+0000] {logging_mixin.py:188} INFO - [2026-06-30T08:24:29.440+0000] {dag.py:3954} INFO - Setting next_dagrun for example_bash_operator to 2026-06-29 00:00:00+00:00, run_after=2026-06-30 00:00:00+00:00
[2026-06-30T08:24:29.453+0000] {processor.py:183} INFO - Processing /home/airflow/.local/lib/python3.12/site-packages/airflow/example_dags/example_bash_operator.py took 0.062 seconds
[2026-06-30T08:25:00.129+0000] {processor.py:161} INFO - Started process (PID=22495) to work on /home/airflow/.local/lib/python3.12/site-packages/airflow/example_dags/example_bash_operator.py
[2026-06-30T08:25:00.130+0000] {processor.py:830} INFO - Processing file /home/airflow/.local/lib/python3.12/site-packages/airflow/example_dags/example_bash_operator.py for tasks to queue
[2026-06-30T08:25:00.130+0000] {logging_mixin.py:188} INFO - [2026-06-30T08:25:00.130+0000] {dagbag.py:545} INFO - Filling up the DagBag from /home/airflow/.local/lib/python3.12/site-packages/airflow/example_dags/example_bash_operator.py
[2026-06-30T08:25:00.139+0000] {processor.py:840} INFO - DAG(s) 'example_bash_operator' retrieved from /home/airflow/.local/lib/python3.12/site-packages/airflow/example_dags/example_bash_operator.py
[2026-06-30T08:25:00.157+0000] {logging_mixin.py:188} INFO - [2026-06-30T08:25:00.157+0000] {dag.py:3096} INFO - Sync 1 DAGs
[2026-06-30T08:25:00.172+0000] {logging_mixin.py:188} INFO - [2026-06-30T08:25:00.172+0000] {dag.py:3954} INFO - Setting next_dagrun for example_bash_operator to 2026-06-29 00:00:00+00:00, run_after=2026-06-30 00:00:00+00:00
[2026-06-30T08:25:00.185+0000] {processor.py:183} INFO - Processing /home/airflow/.local/lib/python3.12/site-packages/airflow/example_dags/example_bash_operator.py took 0.061 seconds
[2026-06-30T08:25:30.327+0000] {processor.py:161} INFO - Started process (PID=22553) to work on /home/airflow/.local/lib/python3.12/site-packages/airflow/example_dags/example_bash_operator.py
[2026-06-30T08:25:30.328+0000] {processor.py:830} INFO - Processing file /home/airflow/.local/lib/python3.12/site-packages/airflow/example_dags/example_bash_operator.py for tasks to queue
[2026-06-30T08:25:30.328+0000] {logging_mixin.py:188} INFO - [2026-06-30T08:25:30.328+0000] {dagbag.py:545} INFO - Filling up the DagBag from /home/airflow/.local/lib/python3.12/site-packages/airflow/example_dags/example_bash_operator.py
[2026-06-30T08:25:30.336+0000] {processor.py:840} INFO - DAG(s) 'example_bash_operator' retrieved from /home/airflow/.local/lib/python3.12/site-packages/airflow/example_dags/example_bash_operator.py
[2026-06-30T08:25:30.354+0000] {logging_mixin.py:188} INFO - [2026-06-30T08:25:30.353+0000] {dag.py:3096} INFO - Sync 1 DAGs
[2026-06-30T08:25:30.367+0000] {logging_mixin.py:188} INFO - [2026-06-30T08:25:30.367+0000] {dag.py:3954} INFO - Setting next_dagrun for example_bash_operator to 2026-06-29 00:00:00+00:00, run_after=2026-06-30 00:00:00+00:00
[2026-06-30T08:25:30.379+0000] {processor.py:183} INFO - Processing /home/airflow/.local/lib/python3.12/site-packages/airflow/example_dags/example_bash_operator.py took 0.056 seconds
[2026-06-30T08:26:01.196+0000] {processor.py:161} INFO - Started process (PID=22611) to work on /home/airflow/.local/lib/python3.12/site-packages/airflow/example_dags/example_bash_operator.py
[2026-06-30T08:26:01.197+0000] {processor.py:830} INFO - Processing file /home/airflow/.local/lib/python3.12/site-packages/airflow/example_dags/example_bash_operator.py for tasks to queue
[2026-06-30T08:26:01.198+0000] {logging_mixin.py:188} INFO - [2026-06-30T08:26:01.198+0000] {dagbag.py:545} INFO - Filling up the DagBag from /home/airflow/.local/lib/python3.12/site-packages/airflow/example_dags/example_bash_operator.py
[2026-06-30T08:26:01.209+0000] {processor.py:840} INFO - DAG(s) 'example_bash_operator' retrieved from /home/airflow/.local/lib/python3.12/site-packages/airflow/example_dags/example_bash_operator.py
[2026-06-30T08:26:01.231+0000] {logging_mixin.py:188} INFO - [2026-06-30T08:26:01.230+0000] {dag.py:3096} INFO - Sync 1 DAGs
[2026-06-30T08:26:01.246+0000] {logging_mixin.py:188} INFO - [2026-06-30T08:26:01.246+0000] {dag.py:3954} INFO - Setting next_dagrun for example_bash_operator to 2026-06-29 00:00:00+00:00, run_after=2026-06-30 00:00:00+00:00
[2026-06-30T08:26:01.260+0000] {processor.py:183} INFO - Processing /home/airflow/.local/lib/python3.12/site-packages/airflow/example_dags/example_bash_operator.py took 0.069 seconds
[2026-06-30T08:26:32.093+0000] {processor.py:161} INFO - Started process (PID=22669) to work on /home/airflow/.local/lib/python3.12/site-packages/airflow/example_dags/example_bash_operator.py
[2026-06-30T08:26:32.093+0000] {processor.py:830} INFO - Processing file /home/airflow/.local/lib/python3.12/site-packages/airflow/example_dags/example_bash_operator.py for tasks to queue
[2026-06-30T08:26:32.094+0000] {logging_mixin.py:188} INFO - [2026-06-30T08:26:32.094+0000] {dagbag.py:545} INFO - Filling up the DagBag from /home/airflow/.local/lib/python3.12/site-packages/airflow/example_dags/example_bash_operator.py
[2026-06-30T08:26:32.102+0000] {processor.py:840} INFO - DAG(s) 'example_bash_operator' retrieved from /home/airflow/.local/lib/python3.12/site-packages/airflow/example_dags/example_bash_operator.py
[2026-06-30T08:26:32.121+0000] {logging_mixin.py:188} INFO - [2026-06-30T08:26:32.121+0000] {dag.py:3096} INFO - Sync 1 DAGs
[2026-06-30T08:26:32.137+0000] {logging_mixin.py:188} INFO - [2026-06-30T08:26:32.136+0000] {dag.py:3954} INFO - Setting next_dagrun for example_bash_operator to 2026-06-29 00:00:00+00:00, run_after=2026-06-30 00:00:00+00:00
[2026-06-30T08:26:32.151+0000] {processor.py:183} INFO - Processing /home/airflow/.local/lib/python3.12/site-packages/airflow/example_dags/example_bash_operator.py took 0.063 seconds
[2026-06-30T08:27:02.564+0000] {processor.py:161} INFO - Started process (PID=22727) to work on /home/airflow/.local/lib/python3.12/site-packages/airflow/example_dags/example_bash_operator.py
[2026-06-30T08:27:02.565+0000] {processor.py:830} INFO - Processing file /home/airflow/.local/lib/python3.12/site-packages/airflow/example_dags/example_bash_operator.py for tasks to queue
[2026-06-30T08:27:02.566+0000] {logging_mixin.py:188} INFO - [2026-06-30T08:27:02.566+0000] {dagbag.py:545} INFO - Filling up the DagBag from /home/airflow/.local/lib/python3.12/site-packages/airflow/example_dags/example_bash_operator.py
[2026-06-30T08:27:02.575+0000] {processor.py:840} INFO - DAG(s) 'example_bash_operator' retrieved from /home/airflow/.local/lib/python3.12/site-packages/airflow/example_dags/example_bash_operator.py
[2026-06-30T08:27:02.598+0000] {logging_mixin.py:188} INFO - [2026-06-30T08:27:02.598+0000] {dag.py:3096} INFO - Sync 1 DAGs
[2026-06-30T08:27:02.618+0000] {logging_mixin.py:188} INFO - [2026-06-30T08:27:02.618+0000] {dag.py:3954} INFO - Setting next_dagrun for example_bash_operator to 2026-06-29 00:00:00+00:00, run_after=2026-06-30 00:00:00+00:00
[2026-06-30T08:27:02.634+0000] {processor.py:183} INFO - Processing /home/airflow/.local/lib/python3.12/site-packages/airflow/example_dags/example_bash_operator.py took 0.074 seconds
[2026-06-30T08:27:33.078+0000] {processor.py:161} INFO - Started process (PID=22785) to work on /home/airflow/.local/lib/python3.12/site-packages/airflow/example_dags/example_bash_operator.py
[2026-06-30T08:27:33.079+0000] {processor.py:830} INFO - Processing file /home/airflow/.local/lib/python3.12/site-packages/airflow/example_dags/example_bash_operator.py for tasks to queue
[2026-06-30T08:27:33.080+0000] {logging_mixin.py:188} INFO - [2026-06-30T08:27:33.080+0000] {dagbag.py:545} INFO - Filling up the DagBag from /home/airflow/.local/lib/python3.12/site-packages/airflow/example_dags/example_bash_operator.py
[2026-06-30T08:27:33.090+0000] {processor.py:840} INFO - DAG(s) 'example_bash_operator' retrieved from /home/airflow/.local/lib/python3.12/site-packages/airflow/example_dags/example_bash_operator.py
[2026-06-30T08:27:33.108+0000] {logging_mixin.py:188} INFO - [2026-06-30T08:27:33.108+0000] {dag.py:3096} INFO - Sync 1 DAGs
[2026-06-30T08:27:33.124+0000] {logging_mixin.py:188} INFO - [2026-06-30T08:27:33.124+0000] {dag.py:3954} INFO - Setting next_dagrun for example_bash_operator to 2026-06-29 00:00:00+00:00, run_after=2026-06-30 00:00:00+00:00
[2026-06-30T08:27:33.136+0000] {processor.py:183} INFO - Processing /home/airflow/.local/lib/python3.12/site-packages/airflow/example_dags/example_bash_operator.py took 0.063 seconds
[2026-06-30T08:28:03.400+0000] {processor.py:161} INFO - Started process (PID=22843) to work on /home/airflow/.local/lib/python3.12/site-packages/airflow/example_dags/example_bash_operator.py
[2026-06-30T08:28:03.401+0000] {processor.py:830} INFO - Processing file /home/airflow/.local/lib/python3.12/site-packages/airflow/example_dags/example_bash_operator.py for tasks to queue
[2026-06-30T08:28:03.402+0000] {logging_mixin.py:188} INFO - [2026-06-30T08:28:03.401+0000] {dagbag.py:545} INFO - Filling up the DagBag from /home/airflow/.local/lib/python3.12/site-packages/airflow/example_dags/example_bash_operator.py
[2026-06-30T08:28:03.409+0000] {processor.py:840} INFO - DAG(s) 'example_bash_operator' retrieved from /home/airflow/.local/lib/python3.12/site-packages/airflow/example_dags/example_bash_operator.py
[2026-06-30T08:28:03.427+0000] {logging_mixin.py:188} INFO - [2026-06-30T08:28:03.427+0000] {dag.py:3096} INFO - Sync 1 DAGs
[2026-06-30T08:28:03.441+0000] {logging_mixin.py:188} INFO - [2026-06-30T08:28:03.441+0000] {dag.py:3954} INFO - Setting next_dagrun for example_bash_operator to 2026-06-29 00:00:00+00:00, run_after=2026-06-30 00:00:00+00:00
[2026-06-30T08:28:03.454+0000] {processor.py:183} INFO - Processing /home/airflow/.local/lib/python3.12/site-packages/airflow/example_dags/example_bash_operator.py took 0.058 seconds
[2026-06-30T08:28:33.890+0000] {processor.py:161} INFO - Started process (PID=22901) to work on /home/airflow/.local/lib/python3.12/site-packages/airflow/example_dags/example_bash_operator.py
[2026-06-30T08:28:33.891+0000] {processor.py:830} INFO - Processing file /home/airflow/.local/lib/python3.12/site-packages/airflow/example_dags/example_bash_operator.py for tasks to queue
[2026-06-30T08:28:33.891+0000] {logging_mixin.py:188} INFO - [2026-06-30T08:28:33.891+0000] {dagbag.py:545} INFO - Filling up the DagBag from /home/airflow/.local/lib/python3.12/site-packages/airflow/example_dags/example_bash_operator.py
[2026-06-30T08:28:33.899+0000] {processor.py:840} INFO - DAG(s) 'example_bash_operator' retrieved from /home/airflow/.local/lib/python3.12/site-packages/airflow/example_dags/example_bash_operator.py
[2026-06-30T08:28:33.916+0000] {logging_mixin.py:188} INFO - [2026-06-30T08:28:33.916+0000] {dag.py:3096} INFO - Sync 1 DAGs
[2026-06-30T08:28:33.930+0000] {logging_mixin.py:188} INFO - [2026-06-30T08:28:33.930+0000] {dag.py:3954} INFO - Setting next_dagrun for example_bash_operator to 2026-06-29 00:00:00+00:00, run_after=2026-06-30 00:00:00+00:00
[2026-06-30T08:28:33.942+0000] {processor.py:183} INFO - Processing /home/airflow/.local/lib/python3.12/site-packages/airflow/example_dags/example_bash_operator.py took 0.057 seconds
[2026-06-30T08:29:04.352+0000] {processor.py:161} INFO - Started process (PID=22959) to work on /home/airflow/.local/lib/python3.12/site-packages/airflow/example_dags/example_bash_operator.py
[2026-06-30T08:29:04.353+0000] {processor.py:830} INFO - Processing file /home/airflow/.local/lib/python3.12/site-packages/airflow/example_dags/example_bash_operator.py for tasks to queue
[2026-06-30T08:29:04.354+0000] {logging_mixin.py:188} INFO - [2026-06-30T08:29:04.354+0000] {dagbag.py:545} INFO - Filling up the DagBag from /home/airflow/.local/lib/python3.12/site-packages/airflow/example_dags/example_bash_operator.py
[2026-06-30T08:29:04.362+0000] {processor.py:840} INFO - DAG(s) 'example_bash_operator' retrieved from /home/airflow/.local/lib/python3.12/site-packages/airflow/example_dags/example_bash_operator.py
[2026-06-30T08:29:04.381+0000] {logging_mixin.py:188} INFO - [2026-06-30T08:29:04.381+0000] {dag.py:3096} INFO - Sync 1 DAGs
[2026-06-30T08:29:04.397+0000] {logging_mixin.py:188} INFO - [2026-06-30T08:29:04.397+0000] {dag.py:3954} INFO - Setting next_dagrun for example_bash_operator to 2026-06-29 00:00:00+00:00, run_after=2026-06-30 00:00:00+00:00
[2026-06-30T08:29:04.410+0000] {processor.py:183} INFO - Processing /home/airflow/.local/lib/python3.12/site-packages/airflow/example_dags/example_bash_operator.py took 0.062 seconds
[2026-06-30T08:29:34.916+0000] {processor.py:161} INFO - Started process (PID=23017) to work on /home/airflow/.local/lib/python3.12/site-packages/airflow/example_dags/example_bash_operator.py
[2026-06-30T08:29:34.917+0000] {processor.py:830} INFO - Processing file /home/airflow/.local/lib/python3.12/site-packages/airflow/example_dags/example_bash_operator.py for tasks to queue
[2026-06-30T08:29:34.918+0000] {logging_mixin.py:188} INFO - [2026-06-30T08:29:34.917+0000] {dagbag.py:545} INFO - Filling up the DagBag from /home/airflow/.local/lib/python3.12/site-packages/airflow/example_dags/example_bash_operator.py
[2026-06-30T08:29:34.927+0000] {processor.py:840} INFO - DAG(s) 'example_bash_operator' retrieved from /home/airflow/.local/lib/python3.12/site-packages/airflow/example_dags/example_bash_operator.py
[2026-06-30T08:29:34.946+0000] {logging_mixin.py:188} INFO - [2026-06-30T08:29:34.946+0000] {dag.py:3096} INFO - Sync 1 DAGs
[2026-06-30T08:29:34.960+0000] {logging_mixin.py:188} INFO - [2026-06-30T08:29:34.960+0000] {dag.py:3954} INFO - Setting next_dagrun for example_bash_operator to 2026-06-29 00:00:00+00:00, run_after=2026-06-30 00:00:00+00:00
[2026-06-30T08:29:34.974+0000] {processor.py:183} INFO - Processing /home/airflow/.local/lib/python3.12/site-packages/airflow/example_dags/example_bash_operator.py took 0.063 seconds
[2026-06-30T08:30:05.509+0000] {processor.py:161} INFO - Started process (PID=23075) to work on /home/airflow/.local/lib/python3.12/site-packages/airflow/example_dags/example_bash_operator.py
[2026-06-30T08:30:05.510+0000] {processor.py:830} INFO - Processing file /home/airflow/.local/lib/python3.12/site-packages/airflow/example_dags/example_bash_operator.py for tasks to queue
[2026-06-30T08:30:05.510+0000] {logging_mixin.py:188} INFO - [2026-06-30T08:30:05.510+0000] {dagbag.py:545} INFO - Filling up the DagBag from /home/airflow/.local/lib/python3.12/site-packages/airflow/example_dags/example_bash_operator.py
[2026-06-30T08:30:05.519+0000] {processor.py:840} INFO - DAG(s) 'example_bash_operator' retrieved from /home/airflow/.local/lib/python3.12/site-packages/airflow/example_dags/example_bash_operator.py
[2026-06-30T08:30:05.538+0000] {logging_mixin.py:188} INFO - [2026-06-30T08:30:05.538+0000] {dag.py:3096} INFO - Sync 1 DAGs
[2026-06-30T08:30:05.553+0000] {logging_mixin.py:188} INFO - [2026-06-30T08:30:05.553+0000] {dag.py:3954} INFO - Setting next_dagrun for example_bash_operator to 2026-06-29 00:00:00+00:00, run_after=2026-06-30 00:00:00+00:00
[2026-06-30T08:30:05.566+0000] {processor.py:183} INFO - Processing /home/airflow/.local/lib/python3.12/site-packages/airflow/example_dags/example_bash_operator.py took 0.062 seconds
[2026-06-30T08:30:36.307+0000] {processor.py:161} INFO - Started process (PID=23133) to work on /home/airflow/.local/lib/python3.12/site-packages/airflow/example_dags/example_bash_operator.py
[2026-06-30T08:30:36.309+0000] {processor.py:830} INFO - Processing file /home/airflow/.local/lib/python3.12/site-packages/airflow/example_dags/example_bash_operator.py for tasks to queue
[2026-06-30T08:30:36.310+0000] {logging_mixin.py:188} INFO - [2026-06-30T08:30:36.309+0000] {dagbag.py:545} INFO - Filling up the DagBag from /home/airflow/.local/lib/python3.12/site-packages/airflow/example_dags/example_bash_operator.py
[2026-06-30T08:30:36.319+0000] {processor.py:840} INFO - DAG(s) 'example_bash_operator' retrieved from /home/airflow/.local/lib/python3.12/site-packages/airflow/example_dags/example_bash_operator.py
[2026-06-30T08:30:36.341+0000] {logging_mixin.py:188} INFO - [2026-06-30T08:30:36.341+0000] {dag.py:3096} INFO - Sync 1 DAGs
[2026-06-30T08:30:36.362+0000] {logging_mixin.py:188} INFO - [2026-06-30T08:30:36.362+0000] {dag.py:3954} INFO - Setting next_dagrun for example_bash_operator to 2026-06-29 00:00:00+00:00, run_after=2026-06-30 00:00:00+00:00
[2026-06-30T08:30:36.381+0000] {processor.py:183} INFO - Processing /home/airflow/.local/lib/python3.12/site-packages/airflow/example_dags/example_bash_operator.py took 0.079 seconds
[2026-06-30T08:31:06.877+0000] {processor.py:161} INFO - Started process (PID=23191) to work on /home/airflow/.local/lib/python3.12/site-packages/airflow/example_dags/example_bash_operator.py
[2026-06-30T08:31:06.879+0000] {processor.py:830} INFO - Processing file /home/airflow/.local/lib/python3.12/site-packages/airflow/example_dags/example_bash_operator.py for tasks to queue
[2026-06-30T08:31:06.880+0000] {logging_mixin.py:188} INFO - [2026-06-30T08:31:06.879+0000] {dagbag.py:545} INFO - Filling up the DagBag from /home/airflow/.local/lib/python3.12/site-packages/airflow/example_dags/example_bash_operator.py
[2026-06-30T08:31:06.890+0000] {processor.py:840} INFO - DAG(s) 'example_bash_operator' retrieved from /home/airflow/.local/lib/python3.12/site-packages/airflow/example_dags/example_bash_operator.py
[2026-06-30T08:31:06.914+0000] {logging_mixin.py:188} INFO - [2026-06-30T08:31:06.914+0000] {dag.py:3096} INFO - Sync 1 DAGs
[2026-06-30T08:31:06.941+0000] {logging_mixin.py:188} INFO - [2026-06-30T08:31:06.941+0000] {dag.py:3954} INFO - Setting next_dagrun for example_bash_operator to 2026-06-29 00:00:00+00:00, run_after=2026-06-30 00:00:00+00:00
[2026-06-30T08:31:06.961+0000] {processor.py:183} INFO - Processing /home/airflow/.local/lib/python3.12/site-packages/airflow/example_dags/example_bash_operator.py took 0.089 seconds
[2026-06-30T08:31:37.613+0000] {processor.py:161} INFO - Started process (PID=23249) to work on /home/airflow/.local/lib/python3.12/site-packages/airflow/example_dags/example_bash_operator.py
[2026-06-30T08:31:37.614+0000] {processor.py:830} INFO - Processing file /home/airflow/.local/lib/python3.12/site-packages/airflow/example_dags/example_bash_operator.py for tasks to queue
[2026-06-30T08:31:37.614+0000] {logging_mixin.py:188} INFO - [2026-06-30T08:31:37.614+0000] {dagbag.py:545} INFO - Filling up the DagBag from /home/airflow/.local/lib/python3.12/site-packages/airflow/example_dags/example_bash_operator.py
[2026-06-30T08:31:37.622+0000] {processor.py:840} INFO - DAG(s) 'example_bash_operator' retrieved from /home/airflow/.local/lib/python3.12/site-packages/airflow/example_dags/example_bash_operator.py
[2026-06-30T08:31:37.640+0000] {logging_mixin.py:188} INFO - [2026-06-30T08:31:37.640+0000] {dag.py:3096} INFO - Sync 1 DAGs
[2026-06-30T08:31:37.655+0000] {logging_mixin.py:188} INFO - [2026-06-30T08:31:37.655+0000] {dag.py:3954} INFO - Setting next_dagrun for example_bash_operator to 2026-06-29 00:00:00+00:00, run_after=2026-06-30 00:00:00+00:00
[2026-06-30T08:31:37.668+0000] {processor.py:183} INFO - Processing /home/airflow/.local/lib/python3.12/site-packages/airflow/example_dags/example_bash_operator.py took 0.060 seconds
[2026-06-30T08:32:08.381+0000] {processor.py:161} INFO - Started process (PID=23307) to work on /home/airflow/.local/lib/python3.12/site-packages/airflow/example_dags/example_bash_operator.py
[2026-06-30T08:32:08.382+0000] {processor.py:830} INFO - Processing file /home/airflow/.local/lib/python3.12/site-packages/airflow/example_dags/example_bash_operator.py for tasks to queue
[2026-06-30T08:32:08.383+0000] {logging_mixin.py:188} INFO - [2026-06-30T08:32:08.383+0000] {dagbag.py:545} INFO - Filling up the DagBag from /home/airflow/.local/lib/python3.12/site-packages/airflow/example_dags/example_bash_operator.py
[2026-06-30T08:32:08.392+0000] {processor.py:840} INFO - DAG(s) 'example_bash_operator' retrieved from /home/airflow/.local/lib/python3.12/site-packages/airflow/example_dags/example_bash_operator.py
[2026-06-30T08:32:08.413+0000] {logging_mixin.py:188} INFO - [2026-06-30T08:32:08.413+0000] {dag.py:3096} INFO - Sync 1 DAGs
[2026-06-30T08:32:08.430+0000] {logging_mixin.py:188} INFO - [2026-06-30T08:32:08.430+0000] {dag.py:3954} INFO - Setting next_dagrun for example_bash_operator to 2026-06-29 00:00:00+00:00, run_after=2026-06-30 00:00:00+00:00
[2026-06-30T08:32:08.444+0000] {processor.py:183} INFO - Processing /home/airflow/.local/lib/python3.12/site-packages/airflow/example_dags/example_bash_operator.py took 0.068 seconds
[2026-06-30T08:32:39.071+0000] {processor.py:161} INFO - Started process (PID=23365) to work on /home/airflow/.local/lib/python3.12/site-packages/airflow/example_dags/example_bash_operator.py
[2026-06-30T08:32:39.073+0000] {processor.py:830} INFO - Processing file /home/airflow/.local/lib/python3.12/site-packages/airflow/example_dags/example_bash_operator.py for tasks to queue
[2026-06-30T08:32:39.074+0000] {logging_mixin.py:188} INFO - [2026-06-30T08:32:39.073+0000] {dagbag.py:545} INFO - Filling up the DagBag from /home/airflow/.local/lib/python3.12/site-packages/airflow/example_dags/example_bash_operator.py
[2026-06-30T08:32:39.082+0000] {processor.py:840} INFO - DAG(s) 'example_bash_operator' retrieved from /home/airflow/.local/lib/python3.12/site-packages/airflow/example_dags/example_bash_operator.py
[2026-06-30T08:32:39.100+0000] {logging_mixin.py:188} INFO - [2026-06-30T08:32:39.100+0000] {dag.py:3096} INFO - Sync 1 DAGs
[2026-06-30T08:32:39.115+0000] {logging_mixin.py:188} INFO - [2026-06-30T08:32:39.115+0000] {dag.py:3954} INFO - Setting next_dagrun for example_bash_operator to 2026-06-29 00:00:00+00:00, run_after=2026-06-30 00:00:00+00:00
[2026-06-30T08:32:39.128+0000] {processor.py:183} INFO - Processing /home/airflow/.local/lib/python3.12/site-packages/airflow/example_dags/example_bash_operator.py took 0.060 seconds
[2026-06-30T08:33:10.060+0000] {processor.py:161} INFO - Started process (PID=23423) to work on /home/airflow/.local/lib/python3.12/site-packages/airflow/example_dags/example_bash_operator.py
[2026-06-30T08:33:10.061+0000] {processor.py:830} INFO - Processing file /home/airflow/.local/lib/python3.12/site-packages/airflow/example_dags/example_bash_operator.py for tasks to queue
[2026-06-30T08:33:10.062+0000] {logging_mixin.py:188} INFO - [2026-06-30T08:33:10.062+0000] {dagbag.py:545} INFO - Filling up the DagBag from /home/airflow/.local/lib/python3.12/site-packages/airflow/example_dags/example_bash_operator.py
[2026-06-30T08:33:10.071+0000] {processor.py:840} INFO - DAG(s) 'example_bash_operator' retrieved from /home/airflow/.local/lib/python3.12/site-packages/airflow/example_dags/example_bash_operator.py
[2026-06-30T08:33:10.093+0000] {logging_mixin.py:188} INFO - [2026-06-30T08:33:10.093+0000] {dag.py:3096} INFO - Sync 1 DAGs
[2026-06-30T08:33:10.110+0000] {logging_mixin.py:188} INFO - [2026-06-30T08:33:10.110+0000] {dag.py:3954} INFO - Setting next_dagrun for example_bash_operator to 2026-06-29 00:00:00+00:00, run_after=2026-06-30 00:00:00+00:00
[2026-06-30T08:33:10.128+0000] {processor.py:183} INFO - Processing /home/airflow/.local/lib/python3.12/site-packages/airflow/example_dags/example_bash_operator.py took 0.072 seconds
[2026-06-30T08:33:41.835+0000] {processor.py:161} INFO - Started process (PID=23487) to work on /home/airflow/.local/lib/python3.12/site-packages/airflow/example_dags/example_bash_operator.py
[2026-06-30T08:33:41.836+0000] {processor.py:830} INFO - Processing file /home/airflow/.local/lib/python3.12/site-packages/airflow/example_dags/example_bash_operator.py for tasks to queue
[2026-06-30T08:33:41.837+0000] {logging_mixin.py:188} INFO - [2026-06-30T08:33:41.837+0000] {dagbag.py:545} INFO - Filling up the DagBag from /home/airflow/.local/lib/python3.12/site-packages/airflow/example_dags/example_bash_operator.py
[2026-06-30T08:33:41.846+0000] {processor.py:840} INFO - DAG(s) 'example_bash_operator' retrieved from /home/airflow/.local/lib/python3.12/site-packages/airflow/example_dags/example_bash_operator.py
[2026-06-30T08:33:41.868+0000] {logging_mixin.py:188} INFO - [2026-06-30T08:33:41.868+0000] {dag.py:3096} INFO - Sync 1 DAGs
[2026-06-30T08:33:41.884+0000] {logging_mixin.py:188} INFO - [2026-06-30T08:33:41.884+0000] {dag.py:3954} INFO - Setting next_dagrun for example_bash_operator to 2026-06-29 00:00:00+00:00, run_after=2026-06-30 00:00:00+00:00
[2026-06-30T08:33:41.900+0000] {processor.py:183} INFO - Processing /home/airflow/.local/lib/python3.12/site-packages/airflow/example_dags/example_bash_operator.py took 0.070 seconds
[2026-06-30T08:34:12.675+0000] {processor.py:161} INFO - Started process (PID=23545) to work on /home/airflow/.local/lib/python3.12/site-packages/airflow/example_dags/example_bash_operator.py
[2026-06-30T08:34:12.676+0000] {processor.py:830} INFO - Processing file /home/airflow/.local/lib/python3.12/site-packages/airflow/example_dags/example_bash_operator.py for tasks to queue
[2026-06-30T08:34:12.677+0000] {logging_mixin.py:188} INFO - [2026-06-30T08:34:12.677+0000] {dagbag.py:545} INFO - Filling up the DagBag from /home/airflow/.local/lib/python3.12/site-packages/airflow/example_dags/example_bash_operator.py
[2026-06-30T08:34:12.687+0000] {processor.py:840} INFO - DAG(s) 'example_bash_operator' retrieved from /home/airflow/.local/lib/python3.12/site-packages/airflow/example_dags/example_bash_operator.py
[2026-06-30T08:34:12.710+0000] {logging_mixin.py:188} INFO - [2026-06-30T08:34:12.709+0000] {dag.py:3096} INFO - Sync 1 DAGs
[2026-06-30T08:34:12.728+0000] {logging_mixin.py:188} INFO - [2026-06-30T08:34:12.727+0000] {dag.py:3954} INFO - Setting next_dagrun for example_bash_operator to 2026-06-29 00:00:00+00:00, run_after=2026-06-30 00:00:00+00:00
[2026-06-30T08:34:12.744+0000] {processor.py:183} INFO - Processing /home/airflow/.local/lib/python3.12/site-packages/airflow/example_dags/example_bash_operator.py took 0.074 seconds
[2026-06-30T08:34:42.972+0000] {processor.py:161} INFO - Started process (PID=23603) to work on /home/airflow/.local/lib/python3.12/site-packages/airflow/example_dags/example_bash_operator.py
[2026-06-30T08:34:42.973+0000] {processor.py:830} INFO - Processing file /home/airflow/.local/lib/python3.12/site-packages/airflow/example_dags/example_bash_operator.py for tasks to queue
[2026-06-30T08:34:42.974+0000] {logging_mixin.py:188} INFO - [2026-06-30T08:34:42.974+0000] {dagbag.py:545} INFO - Filling up the DagBag from /home/airflow/.local/lib/python3.12/site-packages/airflow/example_dags/example_bash_operator.py
[2026-06-30T08:34:42.982+0000] {processor.py:840} INFO - DAG(s) 'example_bash_operator' retrieved from /home/airflow/.local/lib/python3.12/site-packages/airflow/example_dags/example_bash_operator.py
[2026-06-30T08:34:42.999+0000] {logging_mixin.py:188} INFO - [2026-06-30T08:34:42.999+0000] {dag.py:3096} INFO - Sync 1 DAGs
[2026-06-30T08:34:43.017+0000] {logging_mixin.py:188} INFO - [2026-06-30T08:34:43.017+0000] {dag.py:3954} INFO - Setting next_dagrun for example_bash_operator to 2026-06-29 00:00:00+00:00, run_after=2026-06-30 00:00:00+00:00
[2026-06-30T08:34:43.035+0000] {processor.py:183} INFO - Processing /home/airflow/.local/lib/python3.12/site-packages/airflow/example_dags/example_bash_operator.py took 0.067 seconds
[2026-06-30T08:35:13.491+0000] {processor.py:161} INFO - Started process (PID=23661) to work on /home/airflow/.local/lib/python3.12/site-packages/airflow/example_dags/example_bash_operator.py
[2026-06-30T08:35:13.491+0000] {processor.py:830} INFO - Processing file /home/airflow/.local/lib/python3.12/site-packages/airflow/example_dags/example_bash_operator.py for tasks to queue
[2026-06-30T08:35:13.492+0000] {logging_mixin.py:188} INFO - [2026-06-30T08:35:13.492+0000] {dagbag.py:545} INFO - Filling up the DagBag from /home/airflow/.local/lib/python3.12/site-packages/airflow/example_dags/example_bash_operator.py
[2026-06-30T08:35:13.500+0000] {processor.py:840} INFO - DAG(s) 'example_bash_operator' retrieved from /home/airflow/.local/lib/python3.12/site-packages/airflow/example_dags/example_bash_operator.py
[2026-06-30T08:35:13.518+0000] {logging_mixin.py:188} INFO - [2026-06-30T08:35:13.518+0000] {dag.py:3096} INFO - Sync 1 DAGs
[2026-06-30T08:35:13.533+0000] {logging_mixin.py:188} INFO - [2026-06-30T08:35:13.533+0000] {dag.py:3954} INFO - Setting next_dagrun for example_bash_operator to 2026-06-29 00:00:00+00:00, run_after=2026-06-30 00:00:00+00:00
[2026-06-30T08:35:13.545+0000] {processor.py:183} INFO - Processing /home/airflow/.local/lib/python3.12/site-packages/airflow/example_dags/example_bash_operator.py took 0.059 seconds
[2026-06-30T08:35:43.794+0000] {processor.py:161} INFO - Started process (PID=23719) to work on /home/airflow/.local/lib/python3.12/site-packages/airflow/example_dags/example_bash_operator.py
[2026-06-30T08:35:43.795+0000] {processor.py:830} INFO - Processing file /home/airflow/.local/lib/python3.12/site-packages/airflow/example_dags/example_bash_operator.py for tasks to queue
[2026-06-30T08:35:43.796+0000] {logging_mixin.py:188} INFO - [2026-06-30T08:35:43.795+0000] {dagbag.py:545} INFO - Filling up the DagBag from /home/airflow/.local/lib/python3.12/site-packages/airflow/example_dags/example_bash_operator.py
[2026-06-30T08:35:43.803+0000] {processor.py:840} INFO - DAG(s) 'example_bash_operator' retrieved from /home/airflow/.local/lib/python3.12/site-packages/airflow/example_dags/example_bash_operator.py
[2026-06-30T08:35:43.820+0000] {logging_mixin.py:188} INFO - [2026-06-30T08:35:43.820+0000] {dag.py:3096} INFO - Sync 1 DAGs
[2026-06-30T08:35:43.834+0000] {logging_mixin.py:188} INFO - [2026-06-30T08:35:43.834+0000] {dag.py:3954} INFO - Setting next_dagrun for example_bash_operator to 2026-06-29 00:00:00+00:00, run_after=2026-06-30 00:00:00+00:00
[2026-06-30T08:35:43.847+0000] {processor.py:183} INFO - Processing /home/airflow/.local/lib/python3.12/site-packages/airflow/example_dags/example_bash_operator.py took 0.057 seconds
[2026-06-30T08:36:13.977+0000] {processor.py:161} INFO - Started process (PID=23775) to work on /home/airflow/.local/lib/python3.12/site-packages/airflow/example_dags/example_bash_operator.py
[2026-06-30T08:36:13.980+0000] {processor.py:830} INFO - Processing file /home/airflow/.local/lib/python3.12/site-packages/airflow/example_dags/example_bash_operator.py for tasks to queue
[2026-06-30T08:36:13.982+0000] {logging_mixin.py:188} INFO - [2026-06-30T08:36:13.982+0000] {dagbag.py:545} INFO - Filling up the DagBag from /home/airflow/.local/lib/python3.12/site-packages/airflow/example_dags/example_bash_operator.py
[2026-06-30T08:36:13.990+0000] {processor.py:840} INFO - DAG(s) 'example_bash_operator' retrieved from /home/airflow/.local/lib/python3.12/site-packages/airflow/example_dags/example_bash_operator.py
[2026-06-30T08:36:14.007+0000] {logging_mixin.py:188} INFO - [2026-06-30T08:36:14.007+0000] {dag.py:3096} INFO - Sync 1 DAGs
[2026-06-30T08:36:14.021+0000] {logging_mixin.py:188} INFO - [2026-06-30T08:36:14.021+0000] {dag.py:3954} INFO - Setting next_dagrun for example_bash_operator to 2026-06-29 00:00:00+00:00, run_after=2026-06-30 00:00:00+00:00
[2026-06-30T08:36:14.033+0000] {processor.py:183} INFO - Processing /home/airflow/.local/lib/python3.12/site-packages/airflow/example_dags/example_bash_operator.py took 0.059 seconds
[2026-06-30T08:36:44.555+0000] {processor.py:161} INFO - Started process (PID=23834) to work on /home/airflow/.local/lib/python3.12/site-packages/airflow/example_dags/example_bash_operator.py
[2026-06-30T08:36:44.555+0000] {processor.py:830} INFO - Processing file /home/airflow/.local/lib/python3.12/site-packages/airflow/example_dags/example_bash_operator.py for tasks to queue
[2026-06-30T08:36:44.556+0000] {logging_mixin.py:188} INFO - [2026-06-30T08:36:44.556+0000] {dagbag.py:545} INFO - Filling up the DagBag from /home/airflow/.local/lib/python3.12/site-packages/airflow/example_dags/example_bash_operator.py
[2026-06-30T08:36:44.564+0000] {processor.py:840} INFO - DAG(s) 'example_bash_operator' retrieved from /home/airflow/.local/lib/python3.12/site-packages/airflow/example_dags/example_bash_operator.py
[2026-06-30T08:36:44.581+0000] {logging_mixin.py:188} INFO - [2026-06-30T08:36:44.581+0000] {dag.py:3096} INFO - Sync 1 DAGs
[2026-06-30T08:36:44.595+0000] {logging_mixin.py:188} INFO - [2026-06-30T08:36:44.595+0000] {dag.py:3954} INFO - Setting next_dagrun for example_bash_operator to 2026-06-29 00:00:00+00:00, run_after=2026-06-30 00:00:00+00:00
[2026-06-30T08:36:44.608+0000] {processor.py:183} INFO - Processing /home/airflow/.local/lib/python3.12/site-packages/airflow/example_dags/example_bash_operator.py took 0.058 seconds
[2026-06-30T08:37:14.841+0000] {processor.py:161} INFO - Started process (PID=23892) to work on /home/airflow/.local/lib/python3.12/site-packages/airflow/example_dags/example_bash_operator.py
[2026-06-30T08:37:14.842+0000] {processor.py:830} INFO - Processing file /home/airflow/.local/lib/python3.12/site-packages/airflow/example_dags/example_bash_operator.py for tasks to queue
[2026-06-30T08:37:14.843+0000] {logging_mixin.py:188} INFO - [2026-06-30T08:37:14.843+0000] {dagbag.py:545} INFO - Filling up the DagBag from /home/airflow/.local/lib/python3.12/site-packages/airflow/example_dags/example_bash_operator.py
[2026-06-30T08:37:14.851+0000] {processor.py:840} INFO - DAG(s) 'example_bash_operator' retrieved from /home/airflow/.local/lib/python3.12/site-packages/airflow/example_dags/example_bash_operator.py
[2026-06-30T08:37:14.871+0000] {logging_mixin.py:188} INFO - [2026-06-30T08:37:14.871+0000] {dag.py:3096} INFO - Sync 1 DAGs
[2026-06-30T08:37:14.885+0000] {logging_mixin.py:188} INFO - [2026-06-30T08:37:14.884+0000] {dag.py:3954} INFO - Setting next_dagrun for example_bash_operator to 2026-06-29 00:00:00+00:00, run_after=2026-06-30 00:00:00+00:00
[2026-06-30T08:37:14.898+0000] {processor.py:183} INFO - Processing /home/airflow/.local/lib/python3.12/site-packages/airflow/example_dags/example_bash_operator.py took 0.061 seconds
[2026-06-30T08:37:45.207+0000] {processor.py:161} INFO - Started process (PID=23950) to work on /home/airflow/.local/lib/python3.12/site-packages/airflow/example_dags/example_bash_operator.py
[2026-06-30T08:37:45.208+0000] {processor.py:830} INFO - Processing file /home/airflow/.local/lib/python3.12/site-packages/airflow/example_dags/example_bash_operator.py for tasks to queue
[2026-06-30T08:37:45.208+0000] {logging_mixin.py:188} INFO - [2026-06-30T08:37:45.208+0000] {dagbag.py:545} INFO - Filling up the DagBag from /home/airflow/.local/lib/python3.12/site-packages/airflow/example_dags/example_bash_operator.py
[2026-06-30T08:37:45.216+0000] {processor.py:840} INFO - DAG(s) 'example_bash_operator' retrieved from /home/airflow/.local/lib/python3.12/site-packages/airflow/example_dags/example_bash_operator.py
[2026-06-30T08:37:45.233+0000] {logging_mixin.py:188} INFO - [2026-06-30T08:37:45.233+0000] {dag.py:3096} INFO - Sync 1 DAGs
[2026-06-30T08:37:45.247+0000] {logging_mixin.py:188} INFO - [2026-06-30T08:37:45.247+0000] {dag.py:3954} INFO - Setting next_dagrun for example_bash_operator to 2026-06-29 00:00:00+00:00, run_after=2026-06-30 00:00:00+00:00
[2026-06-30T08:37:45.259+0000] {processor.py:183} INFO - Processing /home/airflow/.local/lib/python3.12/site-packages/airflow/example_dags/example_bash_operator.py took 0.055 seconds
[2026-06-30T08:38:15.872+0000] {processor.py:161} INFO - Started process (PID=24008) to work on /home/airflow/.local/lib/python3.12/site-packages/airflow/example_dags/example_bash_operator.py
[2026-06-30T08:38:15.872+0000] {processor.py:830} INFO - Processing file /home/airflow/.local/lib/python3.12/site-packages/airflow/example_dags/example_bash_operator.py for tasks to queue
[2026-06-30T08:38:15.873+0000] {logging_mixin.py:188} INFO - [2026-06-30T08:38:15.873+0000] {dagbag.py:545} INFO - Filling up the DagBag from /home/airflow/.local/lib/python3.12/site-packages/airflow/example_dags/example_bash_operator.py
[2026-06-30T08:38:15.882+0000] {processor.py:840} INFO - DAG(s) 'example_bash_operator' retrieved from /home/airflow/.local/lib/python3.12/site-packages/airflow/example_dags/example_bash_operator.py
[2026-06-30T08:38:15.902+0000] {logging_mixin.py:188} INFO - [2026-06-30T08:38:15.902+0000] {dag.py:3096} INFO - Sync 1 DAGs
[2026-06-30T08:38:15.918+0000] {logging_mixin.py:188} INFO - [2026-06-30T08:38:15.918+0000] {dag.py:3954} INFO - Setting next_dagrun for example_bash_operator to 2026-06-29 00:00:00+00:00, run_after=2026-06-30 00:00:00+00:00
[2026-06-30T08:38:15.935+0000] {processor.py:183} INFO - Processing /home/airflow/.local/lib/python3.12/site-packages/airflow/example_dags/example_bash_operator.py took 0.068 seconds
[2026-06-30T08:38:46.234+0000] {processor.py:161} INFO - Started process (PID=24066) to work on /home/airflow/.local/lib/python3.12/site-packages/airflow/example_dags/example_bash_operator.py
[2026-06-30T08:38:46.235+0000] {processor.py:830} INFO - Processing file /home/airflow/.local/lib/python3.12/site-packages/airflow/example_dags/example_bash_operator.py for tasks to queue
[2026-06-30T08:38:46.236+0000] {logging_mixin.py:188} INFO - [2026-06-30T08:38:46.236+0000] {dagbag.py:545} INFO - Filling up the DagBag from /home/airflow/.local/lib/python3.12/site-packages/airflow/example_dags/example_bash_operator.py
[2026-06-30T08:38:46.246+0000] {processor.py:840} INFO - DAG(s) 'example_bash_operator' retrieved from /home/airflow/.local/lib/python3.12/site-packages/airflow/example_dags/example_bash_operator.py
[2026-06-30T08:38:46.270+0000] {logging_mixin.py:188} INFO - [2026-06-30T08:38:46.270+0000] {dag.py:3096} INFO - Sync 1 DAGs
[2026-06-30T08:38:46.289+0000] {logging_mixin.py:188} INFO - [2026-06-30T08:38:46.289+0000] {dag.py:3954} INFO - Setting next_dagrun for example_bash_operator to 2026-06-29 00:00:00+00:00, run_after=2026-06-30 00:00:00+00:00
[2026-06-30T08:38:46.304+0000] {processor.py:183} INFO - Processing /home/airflow/.local/lib/python3.12/site-packages/airflow/example_dags/example_bash_operator.py took 0.075 seconds
[2026-06-30T08:39:16.892+0000] {processor.py:161} INFO - Started process (PID=24124) to work on /home/airflow/.local/lib/python3.12/site-packages/airflow/example_dags/example_bash_operator.py
[2026-06-30T08:39:16.893+0000] {processor.py:830} INFO - Processing file /home/airflow/.local/lib/python3.12/site-packages/airflow/example_dags/example_bash_operator.py for tasks to queue
[2026-06-30T08:39:16.894+0000] {logging_mixin.py:188} INFO - [2026-06-30T08:39:16.894+0000] {dagbag.py:545} INFO - Filling up the DagBag from /home/airflow/.local/lib/python3.12/site-packages/airflow/example_dags/example_bash_operator.py
[2026-06-30T08:39:16.904+0000] {processor.py:840} INFO - DAG(s) 'example_bash_operator' retrieved from /home/airflow/.local/lib/python3.12/site-packages/airflow/example_dags/example_bash_operator.py
[2026-06-30T08:39:16.926+0000] {logging_mixin.py:188} INFO - [2026-06-30T08:39:16.926+0000] {dag.py:3096} INFO - Sync 1 DAGs
[2026-06-30T08:39:16.941+0000] {logging_mixin.py:188} INFO - [2026-06-30T08:39:16.941+0000] {dag.py:3954} INFO - Setting next_dagrun for example_bash_operator to 2026-06-29 00:00:00+00:00, run_after=2026-06-30 00:00:00+00:00
[2026-06-30T08:39:16.952+0000] {processor.py:183} INFO - Processing /home/airflow/.local/lib/python3.12/site-packages/airflow/example_dags/example_bash_operator.py took 0.066 seconds
[2026-06-30T08:39:47.451+0000] {processor.py:161} INFO - Started process (PID=24182) to work on /home/airflow/.local/lib/python3.12/site-packages/airflow/example_dags/example_bash_operator.py
[2026-06-30T08:39:47.452+0000] {processor.py:830} INFO - Processing file /home/airflow/.local/lib/python3.12/site-packages/airflow/example_dags/example_bash_operator.py for tasks to queue
[2026-06-30T08:39:47.454+0000] {logging_mixin.py:188} INFO - [2026-06-30T08:39:47.453+0000] {dagbag.py:545} INFO - Filling up the DagBag from /home/airflow/.local/lib/python3.12/site-packages/airflow/example_dags/example_bash_operator.py
[2026-06-30T08:39:47.468+0000] {processor.py:840} INFO - DAG(s) 'example_bash_operator' retrieved from /home/airflow/.local/lib/python3.12/site-packages/airflow/example_dags/example_bash_operator.py
[2026-06-30T08:39:47.496+0000] {logging_mixin.py:188} INFO - [2026-06-30T08:39:47.496+0000] {dag.py:3096} INFO - Sync 1 DAGs
[2026-06-30T08:39:47.524+0000] {logging_mixin.py:188} INFO - [2026-06-30T08:39:47.524+0000] {dag.py:3954} INFO - Setting next_dagrun for example_bash_operator to 2026-06-29 00:00:00+00:00, run_after=2026-06-30 00:00:00+00:00
[2026-06-30T08:39:47.554+0000] {processor.py:183} INFO - Processing /home/airflow/.local/lib/python3.12/site-packages/airflow/example_dags/example_bash_operator.py took 0.108 seconds
[2026-06-30T08:40:18.128+0000] {processor.py:161} INFO - Started process (PID=24240) to work on /home/airflow/.local/lib/python3.12/site-packages/airflow/example_dags/example_bash_operator.py
[2026-06-30T08:40:18.128+0000] {processor.py:830} INFO - Processing file /home/airflow/.local/lib/python3.12/site-packages/airflow/example_dags/example_bash_operator.py for tasks to queue
[2026-06-30T08:40:18.129+0000] {logging_mixin.py:188} INFO - [2026-06-30T08:40:18.129+0000] {dagbag.py:545} INFO - Filling up the DagBag from /home/airflow/.local/lib/python3.12/site-packages/airflow/example_dags/example_bash_operator.py
[2026-06-30T08:40:18.139+0000] {processor.py:840} INFO - DAG(s) 'example_bash_operator' retrieved from /home/airflow/.local/lib/python3.12/site-packages/airflow/example_dags/example_bash_operator.py
[2026-06-30T08:40:18.158+0000] {logging_mixin.py:188} INFO - [2026-06-30T08:40:18.158+0000] {dag.py:3096} INFO - Sync 1 DAGs
[2026-06-30T08:40:18.174+0000] {logging_mixin.py:188} INFO - [2026-06-30T08:40:18.173+0000] {dag.py:3954} INFO - Setting next_dagrun for example_bash_operator to 2026-06-29 00:00:00+00:00, run_after=2026-06-30 00:00:00+00:00
[2026-06-30T08:40:18.188+0000] {processor.py:183} INFO - Processing /home/airflow/.local/lib/python3.12/site-packages/airflow/example_dags/example_bash_operator.py took 0.065 seconds
[2026-06-30T08:40:48.587+0000] {processor.py:161} INFO - Started process (PID=24298) to work on /home/airflow/.local/lib/python3.12/site-packages/airflow/example_dags/example_bash_operator.py
[2026-06-30T08:40:48.588+0000] {processor.py:830} INFO - Processing file /home/airflow/.local/lib/python3.12/site-packages/airflow/example_dags/example_bash_operator.py for tasks to queue
[2026-06-30T08:40:48.589+0000] {logging_mixin.py:188} INFO - [2026-06-30T08:40:48.588+0000] {dagbag.py:545} INFO - Filling up the DagBag from /home/airflow/.local/lib/python3.12/site-packages/airflow/example_dags/example_bash_operator.py
[2026-06-30T08:40:48.598+0000] {processor.py:840} INFO - DAG(s) 'example_bash_operator' retrieved from /home/airflow/.local/lib/python3.12/site-packages/airflow/example_dags/example_bash_operator.py
[2026-06-30T08:40:48.621+0000] {logging_mixin.py:188} INFO - [2026-06-30T08:40:48.621+0000] {dag.py:3096} INFO - Sync 1 DAGs
[2026-06-30T08:40:48.649+0000] {logging_mixin.py:188} INFO - [2026-06-30T08:40:48.649+0000] {dag.py:3954} INFO - Setting next_dagrun for example_bash_operator to 2026-06-29 00:00:00+00:00, run_after=2026-06-30 00:00:00+00:00
[2026-06-30T08:40:48.666+0000] {processor.py:183} INFO - Processing /home/airflow/.local/lib/python3.12/site-packages/airflow/example_dags/example_bash_operator.py took 0.084 seconds
[2026-06-30T08:41:19.162+0000] {processor.py:161} INFO - Started process (PID=24356) to work on /home/airflow/.local/lib/python3.12/site-packages/airflow/example_dags/example_bash_operator.py
[2026-06-30T08:41:19.163+0000] {processor.py:830} INFO - Processing file /home/airflow/.local/lib/python3.12/site-packages/airflow/example_dags/example_bash_operator.py for tasks to queue
[2026-06-30T08:41:19.164+0000] {logging_mixin.py:188} INFO - [2026-06-30T08:41:19.164+0000] {dagbag.py:545} INFO - Filling up the DagBag from /home/airflow/.local/lib/python3.12/site-packages/airflow/example_dags/example_bash_operator.py
[2026-06-30T08:41:19.178+0000] {processor.py:840} INFO - DAG(s) 'example_bash_operator' retrieved from /home/airflow/.local/lib/python3.12/site-packages/airflow/example_dags/example_bash_operator.py
[2026-06-30T08:41:19.229+0000] {logging_mixin.py:188} INFO - [2026-06-30T08:41:19.229+0000] {dag.py:3096} INFO - Sync 1 DAGs
[2026-06-30T08:41:19.275+0000] {logging_mixin.py:188} INFO - [2026-06-30T08:41:19.274+0000] {dag.py:3954} INFO - Setting next_dagrun for example_bash_operator to 2026-06-29 00:00:00+00:00, run_after=2026-06-30 00:00:00+00:00
[2026-06-30T08:41:19.314+0000] {processor.py:183} INFO - Processing /home/airflow/.local/lib/python3.12/site-packages/airflow/example_dags/example_bash_operator.py took 0.160 seconds
[2026-06-30T08:41:49.604+0000] {processor.py:161} INFO - Started process (PID=24414) to work on /home/airflow/.local/lib/python3.12/site-packages/airflow/example_dags/example_bash_operator.py
[2026-06-30T08:41:49.604+0000] {processor.py:830} INFO - Processing file /home/airflow/.local/lib/python3.12/site-packages/airflow/example_dags/example_bash_operator.py for tasks to queue
[2026-06-30T08:41:49.605+0000] {logging_mixin.py:188} INFO - [2026-06-30T08:41:49.605+0000] {dagbag.py:545} INFO - Filling up the DagBag from /home/airflow/.local/lib/python3.12/site-packages/airflow/example_dags/example_bash_operator.py
[2026-06-30T08:41:49.613+0000] {processor.py:840} INFO - DAG(s) 'example_bash_operator' retrieved from /home/airflow/.local/lib/python3.12/site-packages/airflow/example_dags/example_bash_operator.py
[2026-06-30T08:41:49.630+0000] {logging_mixin.py:188} INFO - [2026-06-30T08:41:49.630+0000] {dag.py:3096} INFO - Sync 1 DAGs
[2026-06-30T08:41:49.644+0000] {logging_mixin.py:188} INFO - [2026-06-30T08:41:49.644+0000] {dag.py:3954} INFO - Setting next_dagrun for example_bash_operator to 2026-06-29 00:00:00+00:00, run_after=2026-06-30 00:00:00+00:00
[2026-06-30T08:41:49.668+0000] {processor.py:183} INFO - Processing /home/airflow/.local/lib/python3.12/site-packages/airflow/example_dags/example_bash_operator.py took 0.068 seconds
[2026-06-30T08:42:20.289+0000] {processor.py:161} INFO - Started process (PID=24472) to work on /home/airflow/.local/lib/python3.12/site-packages/airflow/example_dags/example_bash_operator.py
[2026-06-30T08:42:20.290+0000] {processor.py:830} INFO - Processing file /home/airflow/.local/lib/python3.12/site-packages/airflow/example_dags/example_bash_operator.py for tasks to queue
[2026-06-30T08:42:20.291+0000] {logging_mixin.py:188} INFO - [2026-06-30T08:42:20.290+0000] {dagbag.py:545} INFO - Filling up the DagBag from /home/airflow/.local/lib/python3.12/site-packages/airflow/example_dags/example_bash_operator.py
[2026-06-30T08:42:20.299+0000] {processor.py:840} INFO - DAG(s) 'example_bash_operator' retrieved from /home/airflow/.local/lib/python3.12/site-packages/airflow/example_dags/example_bash_operator.py
[2026-06-30T08:42:20.319+0000] {logging_mixin.py:188} INFO - [2026-06-30T08:42:20.318+0000] {dag.py:3096} INFO - Sync 1 DAGs
[2026-06-30T08:42:20.335+0000] {logging_mixin.py:188} INFO - [2026-06-30T08:42:20.335+0000] {dag.py:3954} INFO - Setting next_dagrun for example_bash_operator to 2026-06-29 00:00:00+00:00, run_after=2026-06-30 00:00:00+00:00
[2026-06-30T08:42:20.350+0000] {processor.py:183} INFO - Processing /home/airflow/.local/lib/python3.12/site-packages/airflow/example_dags/example_bash_operator.py took 0.065 seconds
[2026-06-30T08:42:51.037+0000] {processor.py:161} INFO - Started process (PID=24530) to work on /home/airflow/.local/lib/python3.12/site-packages/airflow/example_dags/example_bash_operator.py
[2026-06-30T08:42:51.038+0000] {processor.py:830} INFO - Processing file /home/airflow/.local/lib/python3.12/site-packages/airflow/example_dags/example_bash_operator.py for tasks to queue
[2026-06-30T08:42:51.039+0000] {logging_mixin.py:188} INFO - [2026-06-30T08:42:51.039+0000] {dagbag.py:545} INFO - Filling up the DagBag from /home/airflow/.local/lib/python3.12/site-packages/airflow/example_dags/example_bash_operator.py
[2026-06-30T08:42:51.050+0000] {processor.py:840} INFO - DAG(s) 'example_bash_operator' retrieved from /home/airflow/.local/lib/python3.12/site-packages/airflow/example_dags/example_bash_operator.py
[2026-06-30T08:42:51.071+0000] {logging_mixin.py:188} INFO - [2026-06-30T08:42:51.071+0000] {dag.py:3096} INFO - Sync 1 DAGs
[2026-06-30T08:42:51.090+0000] {logging_mixin.py:188} INFO - [2026-06-30T08:42:51.090+0000] {dag.py:3954} INFO - Setting next_dagrun for example_bash_operator to 2026-06-29 00:00:00+00:00, run_after=2026-06-30 00:00:00+00:00
[2026-06-30T08:42:51.159+0000] {processor.py:183} INFO - Processing /home/airflow/.local/lib/python3.12/site-packages/airflow/example_dags/example_bash_operator.py took 0.126 seconds
[2026-06-30T08:43:22.087+0000] {processor.py:161} INFO - Started process (PID=24588) to work on /home/airflow/.local/lib/python3.12/site-packages/airflow/example_dags/example_bash_operator.py
[2026-06-30T08:43:22.088+0000] {processor.py:830} INFO - Processing file /home/airflow/.local/lib/python3.12/site-packages/airflow/example_dags/example_bash_operator.py for tasks to queue
[2026-06-30T08:43:22.089+0000] {logging_mixin.py:188} INFO - [2026-06-30T08:43:22.088+0000] {dagbag.py:545} INFO - Filling up the DagBag from /home/airflow/.local/lib/python3.12/site-packages/airflow/example_dags/example_bash_operator.py
[2026-06-30T08:43:22.096+0000] {processor.py:840} INFO - DAG(s) 'example_bash_operator' retrieved from /home/airflow/.local/lib/python3.12/site-packages/airflow/example_dags/example_bash_operator.py
[2026-06-30T08:43:22.114+0000] {logging_mixin.py:188} INFO - [2026-06-30T08:43:22.114+0000] {dag.py:3096} INFO - Sync 1 DAGs
[2026-06-30T08:43:22.130+0000] {logging_mixin.py:188} INFO - [2026-06-30T08:43:22.129+0000] {dag.py:3954} INFO - Setting next_dagrun for example_bash_operator to 2026-06-29 00:00:00+00:00, run_after=2026-06-30 00:00:00+00:00
[2026-06-30T08:43:22.142+0000] {processor.py:183} INFO - Processing /home/airflow/.local/lib/python3.12/site-packages/airflow/example_dags/example_bash_operator.py took 0.060 seconds
[2026-06-30T08:43:52.372+0000] {processor.py:161} INFO - Started process (PID=24646) to work on /home/airflow/.local/lib/python3.12/site-packages/airflow/example_dags/example_bash_operator.py
[2026-06-30T08:43:52.373+0000] {processor.py:830} INFO - Processing file /home/airflow/.local/lib/python3.12/site-packages/airflow/example_dags/example_bash_operator.py for tasks to queue
[2026-06-30T08:43:52.373+0000] {logging_mixin.py:188} INFO - [2026-06-30T08:43:52.373+0000] {dagbag.py:545} INFO - Filling up the DagBag from /home/airflow/.local/lib/python3.12/site-packages/airflow/example_dags/example_bash_operator.py
[2026-06-30T08:43:52.381+0000] {processor.py:840} INFO - DAG(s) 'example_bash_operator' retrieved from /home/airflow/.local/lib/python3.12/site-packages/airflow/example_dags/example_bash_operator.py
[2026-06-30T08:43:52.397+0000] {logging_mixin.py:188} INFO - [2026-06-30T08:43:52.397+0000] {dag.py:3096} INFO - Sync 1 DAGs
[2026-06-30T08:43:52.411+0000] {logging_mixin.py:188} INFO - [2026-06-30T08:43:52.411+0000] {dag.py:3954} INFO - Setting next_dagrun for example_bash_operator to 2026-06-29 00:00:00+00:00, run_after=2026-06-30 00:00:00+00:00
[2026-06-30T08:43:52.431+0000] {processor.py:183} INFO - Processing /home/airflow/.local/lib/python3.12/site-packages/airflow/example_dags/example_bash_operator.py took 0.065 seconds
[2026-06-30T08:44:22.699+0000] {processor.py:161} INFO - Started process (PID=24704) to work on /home/airflow/.local/lib/python3.12/site-packages/airflow/example_dags/example_bash_operator.py
[2026-06-30T08:44:22.700+0000] {processor.py:830} INFO - Processing file /home/airflow/.local/lib/python3.12/site-packages/airflow/example_dags/example_bash_operator.py for tasks to queue
[2026-06-30T08:44:22.700+0000] {logging_mixin.py:188} INFO - [2026-06-30T08:44:22.700+0000] {dagbag.py:545} INFO - Filling up the DagBag from /home/airflow/.local/lib/python3.12/site-packages/airflow/example_dags/example_bash_operator.py
[2026-06-30T08:44:22.708+0000] {processor.py:840} INFO - DAG(s) 'example_bash_operator' retrieved from /home/airflow/.local/lib/python3.12/site-packages/airflow/example_dags/example_bash_operator.py
[2026-06-30T08:44:22.725+0000] {logging_mixin.py:188} INFO - [2026-06-30T08:44:22.725+0000] {dag.py:3096} INFO - Sync 1 DAGs
[2026-06-30T08:44:22.740+0000] {logging_mixin.py:188} INFO - [2026-06-30T08:44:22.740+0000] {dag.py:3954} INFO - Setting next_dagrun for example_bash_operator to 2026-06-29 00:00:00+00:00, run_after=2026-06-30 00:00:00+00:00
[2026-06-30T08:44:22.752+0000] {processor.py:183} INFO - Processing /home/airflow/.local/lib/python3.12/site-packages/airflow/example_dags/example_bash_operator.py took 0.058 seconds
[2026-06-30T08:44:53.279+0000] {processor.py:161} INFO - Started process (PID=24762) to work on /home/airflow/.local/lib/python3.12/site-packages/airflow/example_dags/example_bash_operator.py
[2026-06-30T08:44:53.280+0000] {processor.py:830} INFO - Processing file /home/airflow/.local/lib/python3.12/site-packages/airflow/example_dags/example_bash_operator.py for tasks to queue
[2026-06-30T08:44:53.281+0000] {logging_mixin.py:188} INFO - [2026-06-30T08:44:53.281+0000] {dagbag.py:545} INFO - Filling up the DagBag from /home/airflow/.local/lib/python3.12/site-packages/airflow/example_dags/example_bash_operator.py
[2026-06-30T08:44:53.289+0000] {processor.py:840} INFO - DAG(s) 'example_bash_operator' retrieved from /home/airflow/.local/lib/python3.12/site-packages/airflow/example_dags/example_bash_operator.py
[2026-06-30T08:44:53.308+0000] {logging_mixin.py:188} INFO - [2026-06-30T08:44:53.308+0000] {dag.py:3096} INFO - Sync 1 DAGs
[2026-06-30T08:44:53.324+0000] {logging_mixin.py:188} INFO - [2026-06-30T08:44:53.324+0000] {dag.py:3954} INFO - Setting next_dagrun for example_bash_operator to 2026-06-29 00:00:00+00:00, run_after=2026-06-30 00:00:00+00:00
[2026-06-30T08:44:53.353+0000] {processor.py:183} INFO - Processing /home/airflow/.local/lib/python3.12/site-packages/airflow/example_dags/example_bash_operator.py took 0.078 seconds
[2026-06-30T08:45:23.827+0000] {processor.py:161} INFO - Started process (PID=24820) to work on /home/airflow/.local/lib/python3.12/site-packages/airflow/example_dags/example_bash_operator.py
[2026-06-30T08:45:23.828+0000] {processor.py:830} INFO - Processing file /home/airflow/.local/lib/python3.12/site-packages/airflow/example_dags/example_bash_operator.py for tasks to queue
[2026-06-30T08:45:23.829+0000] {logging_mixin.py:188} INFO - [2026-06-30T08:45:23.828+0000] {dagbag.py:545} INFO - Filling up the DagBag from /home/airflow/.local/lib/python3.12/site-packages/airflow/example_dags/example_bash_operator.py
[2026-06-30T08:45:23.837+0000] {processor.py:840} INFO - DAG(s) 'example_bash_operator' retrieved from /home/airflow/.local/lib/python3.12/site-packages/airflow/example_dags/example_bash_operator.py
[2026-06-30T08:45:23.854+0000] {logging_mixin.py:188} INFO - [2026-06-30T08:45:23.854+0000] {dag.py:3096} INFO - Sync 1 DAGs
[2026-06-30T08:45:23.870+0000] {logging_mixin.py:188} INFO - [2026-06-30T08:45:23.869+0000] {dag.py:3954} INFO - Setting next_dagrun for example_bash_operator to 2026-06-29 00:00:00+00:00, run_after=2026-06-30 00:00:00+00:00
[2026-06-30T08:45:23.886+0000] {processor.py:183} INFO - Processing /home/airflow/.local/lib/python3.12/site-packages/airflow/example_dags/example_bash_operator.py took 0.063 seconds
[2026-06-30T08:45:54.520+0000] {processor.py:161} INFO - Started process (PID=24878) to work on /home/airflow/.local/lib/python3.12/site-packages/airflow/example_dags/example_bash_operator.py
[2026-06-30T08:45:54.521+0000] {processor.py:830} INFO - Processing file /home/airflow/.local/lib/python3.12/site-packages/airflow/example_dags/example_bash_operator.py for tasks to queue
[2026-06-30T08:45:54.522+0000] {logging_mixin.py:188} INFO - [2026-06-30T08:45:54.522+0000] {dagbag.py:545} INFO - Filling up the DagBag from /home/airflow/.local/lib/python3.12/site-packages/airflow/example_dags/example_bash_operator.py
[2026-06-30T08:45:54.534+0000] {processor.py:840} INFO - DAG(s) 'example_bash_operator' retrieved from /home/airflow/.local/lib/python3.12/site-packages/airflow/example_dags/example_bash_operator.py
[2026-06-30T08:45:54.561+0000] {logging_mixin.py:188} INFO - [2026-06-30T08:45:54.561+0000] {dag.py:3096} INFO - Sync 1 DAGs
[2026-06-30T08:45:54.584+0000] {logging_mixin.py:188} INFO - [2026-06-30T08:45:54.584+0000] {dag.py:3954} INFO - Setting next_dagrun for example_bash_operator to 2026-06-29 00:00:00+00:00, run_after=2026-06-30 00:00:00+00:00
[2026-06-30T08:45:54.604+0000] {processor.py:183} INFO - Processing /home/airflow/.local/lib/python3.12/site-packages/airflow/example_dags/example_bash_operator.py took 0.092 seconds
[2026-06-30T08:46:25.139+0000] {processor.py:161} INFO - Started process (PID=24936) to work on /home/airflow/.local/lib/python3.12/site-packages/airflow/example_dags/example_bash_operator.py
[2026-06-30T08:46:25.140+0000] {processor.py:830} INFO - Processing file /home/airflow/.local/lib/python3.12/site-packages/airflow/example_dags/example_bash_operator.py for tasks to queue
[2026-06-30T08:46:25.141+0000] {logging_mixin.py:188} INFO - [2026-06-30T08:46:25.141+0000] {dagbag.py:545} INFO - Filling up the DagBag from /home/airflow/.local/lib/python3.12/site-packages/airflow/example_dags/example_bash_operator.py
[2026-06-30T08:46:25.150+0000] {processor.py:840} INFO - DAG(s) 'example_bash_operator' retrieved from /home/airflow/.local/lib/python3.12/site-packages/airflow/example_dags/example_bash_operator.py
[2026-06-30T08:46:25.169+0000] {logging_mixin.py:188} INFO - [2026-06-30T08:46:25.169+0000] {dag.py:3096} INFO - Sync 1 DAGs
[2026-06-30T08:46:25.183+0000] {logging_mixin.py:188} INFO - [2026-06-30T08:46:25.183+0000] {dag.py:3954} INFO - Setting next_dagrun for example_bash_operator to 2026-06-29 00:00:00+00:00, run_after=2026-06-30 00:00:00+00:00
[2026-06-30T08:46:25.207+0000] {processor.py:183} INFO - Processing /home/airflow/.local/lib/python3.12/site-packages/airflow/example_dags/example_bash_operator.py took 0.072 seconds
[2026-06-30T08:46:55.616+0000] {processor.py:161} INFO - Started process (PID=24994) to work on /home/airflow/.local/lib/python3.12/site-packages/airflow/example_dags/example_bash_operator.py
[2026-06-30T08:46:55.617+0000] {processor.py:830} INFO - Processing file /home/airflow/.local/lib/python3.12/site-packages/airflow/example_dags/example_bash_operator.py for tasks to queue
[2026-06-30T08:46:55.618+0000] {logging_mixin.py:188} INFO - [2026-06-30T08:46:55.617+0000] {dagbag.py:545} INFO - Filling up the DagBag from /home/airflow/.local/lib/python3.12/site-packages/airflow/example_dags/example_bash_operator.py
[2026-06-30T08:46:55.625+0000] {processor.py:840} INFO - DAG(s) 'example_bash_operator' retrieved from /home/airflow/.local/lib/python3.12/site-packages/airflow/example_dags/example_bash_operator.py
[2026-06-30T08:46:55.641+0000] {logging_mixin.py:188} INFO - [2026-06-30T08:46:55.641+0000] {dag.py:3096} INFO - Sync 1 DAGs
[2026-06-30T08:46:55.655+0000] {logging_mixin.py:188} INFO - [2026-06-30T08:46:55.655+0000] {dag.py:3954} INFO - Setting next_dagrun for example_bash_operator to 2026-06-29 00:00:00+00:00, run_after=2026-06-30 00:00:00+00:00
[2026-06-30T08:46:55.674+0000] {processor.py:183} INFO - Processing /home/airflow/.local/lib/python3.12/site-packages/airflow/example_dags/example_bash_operator.py took 0.061 seconds
[2026-06-30T08:47:26.011+0000] {processor.py:161} INFO - Started process (PID=25052) to work on /home/airflow/.local/lib/python3.12/site-packages/airflow/example_dags/example_bash_operator.py
[2026-06-30T08:47:26.012+0000] {processor.py:830} INFO - Processing file /home/airflow/.local/lib/python3.12/site-packages/airflow/example_dags/example_bash_operator.py for tasks to queue
[2026-06-30T08:47:26.014+0000] {logging_mixin.py:188} INFO - [2026-06-30T08:47:26.013+0000] {dagbag.py:545} INFO - Filling up the DagBag from /home/airflow/.local/lib/python3.12/site-packages/airflow/example_dags/example_bash_operator.py
[2026-06-30T08:47:26.024+0000] {processor.py:840} INFO - DAG(s) 'example_bash_operator' retrieved from /home/airflow/.local/lib/python3.12/site-packages/airflow/example_dags/example_bash_operator.py
[2026-06-30T08:47:26.046+0000] {logging_mixin.py:188} INFO - [2026-06-30T08:47:26.046+0000] {dag.py:3096} INFO - Sync 1 DAGs
[2026-06-30T08:47:26.064+0000] {logging_mixin.py:188} INFO - [2026-06-30T08:47:26.063+0000] {dag.py:3954} INFO - Setting next_dagrun for example_bash_operator to 2026-06-29 00:00:00+00:00, run_after=2026-06-30 00:00:00+00:00
[2026-06-30T08:47:26.079+0000] {processor.py:183} INFO - Processing /home/airflow/.local/lib/python3.12/site-packages/airflow/example_dags/example_bash_operator.py took 0.073 seconds
[2026-06-30T08:47:56.618+0000] {processor.py:161} INFO - Started process (PID=25110) to work on /home/airflow/.local/lib/python3.12/site-packages/airflow/example_dags/example_bash_operator.py
[2026-06-30T08:47:56.619+0000] {processor.py:830} INFO - Processing file /home/airflow/.local/lib/python3.12/site-packages/airflow/example_dags/example_bash_operator.py for tasks to queue
[2026-06-30T08:47:56.620+0000] {logging_mixin.py:188} INFO - [2026-06-30T08:47:56.620+0000] {dagbag.py:545} INFO - Filling up the DagBag from /home/airflow/.local/lib/python3.12/site-packages/airflow/example_dags/example_bash_operator.py
[2026-06-30T08:47:56.630+0000] {processor.py:840} INFO - DAG(s) 'example_bash_operator' retrieved from /home/airflow/.local/lib/python3.12/site-packages/airflow/example_dags/example_bash_operator.py
[2026-06-30T08:47:56.657+0000] {logging_mixin.py:188} INFO - [2026-06-30T08:47:56.657+0000] {dag.py:3096} INFO - Sync 1 DAGs
[2026-06-30T08:47:56.677+0000] {logging_mixin.py:188} INFO - [2026-06-30T08:47:56.677+0000] {dag.py:3954} INFO - Setting next_dagrun for example_bash_operator to 2026-06-29 00:00:00+00:00, run_after=2026-06-30 00:00:00+00:00
[2026-06-30T08:47:56.698+0000] {processor.py:183} INFO - Processing /home/airflow/.local/lib/python3.12/site-packages/airflow/example_dags/example_bash_operator.py took 0.086 seconds
[2026-06-30T08:48:27.225+0000] {processor.py:161} INFO - Started process (PID=25168) to work on /home/airflow/.local/lib/python3.12/site-packages/airflow/example_dags/example_bash_operator.py
[2026-06-30T08:48:27.227+0000] {processor.py:830} INFO - Processing file /home/airflow/.local/lib/python3.12/site-packages/airflow/example_dags/example_bash_operator.py for tasks to queue
[2026-06-30T08:48:27.227+0000] {logging_mixin.py:188} INFO - [2026-06-30T08:48:27.227+0000] {dagbag.py:545} INFO - Filling up the DagBag from /home/airflow/.local/lib/python3.12/site-packages/airflow/example_dags/example_bash_operator.py
[2026-06-30T08:48:27.237+0000] {processor.py:840} INFO - DAG(s) 'example_bash_operator' retrieved from /home/airflow/.local/lib/python3.12/site-packages/airflow/example_dags/example_bash_operator.py
[2026-06-30T08:48:27.257+0000] {logging_mixin.py:188} INFO - [2026-06-30T08:48:27.257+0000] {dag.py:3096} INFO - Sync 1 DAGs
[2026-06-30T08:48:27.273+0000] {logging_mixin.py:188} INFO - [2026-06-30T08:48:27.273+0000] {dag.py:3954} INFO - Setting next_dagrun for example_bash_operator to 2026-06-29 00:00:00+00:00, run_after=2026-06-30 00:00:00+00:00
[2026-06-30T08:48:27.287+0000] {processor.py:183} INFO - Processing /home/airflow/.local/lib/python3.12/site-packages/airflow/example_dags/example_bash_operator.py took 0.067 seconds
[2026-06-30T08:48:57.726+0000] {processor.py:161} INFO - Started process (PID=25226) to work on /home/airflow/.local/lib/python3.12/site-packages/airflow/example_dags/example_bash_operator.py
[2026-06-30T08:48:57.728+0000] {processor.py:830} INFO - Processing file /home/airflow/.local/lib/python3.12/site-packages/airflow/example_dags/example_bash_operator.py for tasks to queue
[2026-06-30T08:48:57.728+0000] {logging_mixin.py:188} INFO - [2026-06-30T08:48:57.728+0000] {dagbag.py:545} INFO - Filling up the DagBag from /home/airflow/.local/lib/python3.12/site-packages/airflow/example_dags/example_bash_operator.py
[2026-06-30T08:48:57.740+0000] {processor.py:840} INFO - DAG(s) 'example_bash_operator' retrieved from /home/airflow/.local/lib/python3.12/site-packages/airflow/example_dags/example_bash_operator.py
[2026-06-30T08:48:57.770+0000] {logging_mixin.py:188} INFO - [2026-06-30T08:48:57.770+0000] {dag.py:3096} INFO - Sync 1 DAGs
[2026-06-30T08:48:57.797+0000] {logging_mixin.py:188} INFO - [2026-06-30T08:48:57.797+0000] {dag.py:3954} INFO - Setting next_dagrun for example_bash_operator to 2026-06-29 00:00:00+00:00, run_after=2026-06-30 00:00:00+00:00
[2026-06-30T08:48:57.816+0000] {processor.py:183} INFO - Processing /home/airflow/.local/lib/python3.12/site-packages/airflow/example_dags/example_bash_operator.py took 0.095 seconds
[2026-06-30T08:49:28.339+0000] {processor.py:161} INFO - Started process (PID=25284) to work on /home/airflow/.local/lib/python3.12/site-packages/airflow/example_dags/example_bash_operator.py
[2026-06-30T08:49:28.340+0000] {processor.py:830} INFO - Processing file /home/airflow/.local/lib/python3.12/site-packages/airflow/example_dags/example_bash_operator.py for tasks to queue
[2026-06-30T08:49:28.341+0000] {logging_mixin.py:188} INFO - [2026-06-30T08:49:28.341+0000] {dagbag.py:545} INFO - Filling up the DagBag from /home/airflow/.local/lib/python3.12/site-packages/airflow/example_dags/example_bash_operator.py
[2026-06-30T08:49:28.350+0000] {processor.py:840} INFO - DAG(s) 'example_bash_operator' retrieved from /home/airflow/.local/lib/python3.12/site-packages/airflow/example_dags/example_bash_operator.py
[2026-06-30T08:49:28.377+0000] {logging_mixin.py:188} INFO - [2026-06-30T08:49:28.376+0000] {dag.py:3096} INFO - Sync 1 DAGs
[2026-06-30T08:49:28.399+0000] {logging_mixin.py:188} INFO - [2026-06-30T08:49:28.399+0000] {dag.py:3954} INFO - Setting next_dagrun for example_bash_operator to 2026-06-29 00:00:00+00:00, run_after=2026-06-30 00:00:00+00:00
[2026-06-30T08:49:28.414+0000] {processor.py:183} INFO - Processing /home/airflow/.local/lib/python3.12/site-packages/airflow/example_dags/example_bash_operator.py took 0.080 seconds
[2026-06-30T08:49:58.961+0000] {processor.py:161} INFO - Started process (PID=25341) to work on /home/airflow/.local/lib/python3.12/site-packages/airflow/example_dags/example_bash_operator.py
[2026-06-30T08:49:58.962+0000] {processor.py:830} INFO - Processing file /home/airflow/.local/lib/python3.12/site-packages/airflow/example_dags/example_bash_operator.py for tasks to queue
[2026-06-30T08:49:58.963+0000] {logging_mixin.py:188} INFO - [2026-06-30T08:49:58.962+0000] {dagbag.py:545} INFO - Filling up the DagBag from /home/airflow/.local/lib/python3.12/site-packages/airflow/example_dags/example_bash_operator.py
[2026-06-30T08:49:58.971+0000] {processor.py:840} INFO - DAG(s) 'example_bash_operator' retrieved from /home/airflow/.local/lib/python3.12/site-packages/airflow/example_dags/example_bash_operator.py
[2026-06-30T08:49:58.988+0000] {logging_mixin.py:188} INFO - [2026-06-30T08:49:58.988+0000] {dag.py:3096} INFO - Sync 1 DAGs
[2026-06-30T08:49:59.003+0000] {logging_mixin.py:188} INFO - [2026-06-30T08:49:59.003+0000] {dag.py:3954} INFO - Setting next_dagrun for example_bash_operator to 2026-06-29 00:00:00+00:00, run_after=2026-06-30 00:00:00+00:00
[2026-06-30T08:49:59.046+0000] {processor.py:183} INFO - Processing /home/airflow/.local/lib/python3.12/site-packages/airflow/example_dags/example_bash_operator.py took 0.089 seconds
[2026-06-30T08:50:29.488+0000] {processor.py:161} INFO - Started process (PID=25399) to work on /home/airflow/.local/lib/python3.12/site-packages/airflow/example_dags/example_bash_operator.py
[2026-06-30T08:50:29.489+0000] {processor.py:830} INFO - Processing file /home/airflow/.local/lib/python3.12/site-packages/airflow/example_dags/example_bash_operator.py for tasks to queue
[2026-06-30T08:50:29.490+0000] {logging_mixin.py:188} INFO - [2026-06-30T08:50:29.490+0000] {dagbag.py:545} INFO - Filling up the DagBag from /home/airflow/.local/lib/python3.12/site-packages/airflow/example_dags/example_bash_operator.py
[2026-06-30T08:50:29.498+0000] {processor.py:840} INFO - DAG(s) 'example_bash_operator' retrieved from /home/airflow/.local/lib/python3.12/site-packages/airflow/example_dags/example_bash_operator.py
[2026-06-30T08:50:29.517+0000] {logging_mixin.py:188} INFO - [2026-06-30T08:50:29.517+0000] {dag.py:3096} INFO - Sync 1 DAGs
[2026-06-30T08:50:29.532+0000] {logging_mixin.py:188} INFO - [2026-06-30T08:50:29.532+0000] {dag.py:3954} INFO - Setting next_dagrun for example_bash_operator to 2026-06-29 00:00:00+00:00, run_after=2026-06-30 00:00:00+00:00
[2026-06-30T08:50:29.564+0000] {processor.py:183} INFO - Processing /home/airflow/.local/lib/python3.12/site-packages/airflow/example_dags/example_bash_operator.py took 0.081 seconds
[2026-06-30T08:50:59.707+0000] {processor.py:161} INFO - Started process (PID=25457) to work on /home/airflow/.local/lib/python3.12/site-packages/airflow/example_dags/example_bash_operator.py
[2026-06-30T08:50:59.708+0000] {processor.py:830} INFO - Processing file /home/airflow/.local/lib/python3.12/site-packages/airflow/example_dags/example_bash_operator.py for tasks to queue
[2026-06-30T08:50:59.709+0000] {logging_mixin.py:188} INFO - [2026-06-30T08:50:59.709+0000] {dagbag.py:545} INFO - Filling up the DagBag from /home/airflow/.local/lib/python3.12/site-packages/airflow/example_dags/example_bash_operator.py
[2026-06-30T08:50:59.717+0000] {processor.py:840} INFO - DAG(s) 'example_bash_operator' retrieved from /home/airflow/.local/lib/python3.12/site-packages/airflow/example_dags/example_bash_operator.py
[2026-06-30T08:50:59.736+0000] {logging_mixin.py:188} INFO - [2026-06-30T08:50:59.735+0000] {dag.py:3096} INFO - Sync 1 DAGs
[2026-06-30T08:50:59.754+0000] {logging_mixin.py:188} INFO - [2026-06-30T08:50:59.753+0000] {dag.py:3954} INFO - Setting next_dagrun for example_bash_operator to 2026-06-29 00:00:00+00:00, run_after=2026-06-30 00:00:00+00:00
[2026-06-30T08:50:59.769+0000] {processor.py:183} INFO - Processing /home/airflow/.local/lib/python3.12/site-packages/airflow/example_dags/example_bash_operator.py took 0.067 seconds
[2026-06-30T08:51:30.521+0000] {processor.py:161} INFO - Started process (PID=25515) to work on /home/airflow/.local/lib/python3.12/site-packages/airflow/example_dags/example_bash_operator.py
[2026-06-30T08:51:30.522+0000] {processor.py:830} INFO - Processing file /home/airflow/.local/lib/python3.12/site-packages/airflow/example_dags/example_bash_operator.py for tasks to queue
[2026-06-30T08:51:30.523+0000] {logging_mixin.py:188} INFO - [2026-06-30T08:51:30.523+0000] {dagbag.py:545} INFO - Filling up the DagBag from /home/airflow/.local/lib/python3.12/site-packages/airflow/example_dags/example_bash_operator.py
[2026-06-30T08:51:30.531+0000] {processor.py:840} INFO - DAG(s) 'example_bash_operator' retrieved from /home/airflow/.local/lib/python3.12/site-packages/airflow/example_dags/example_bash_operator.py
[2026-06-30T08:51:30.549+0000] {logging_mixin.py:188} INFO - [2026-06-30T08:51:30.549+0000] {dag.py:3096} INFO - Sync 1 DAGs
[2026-06-30T08:51:30.564+0000] {logging_mixin.py:188} INFO - [2026-06-30T08:51:30.564+0000] {dag.py:3954} INFO - Setting next_dagrun for example_bash_operator to 2026-06-29 00:00:00+00:00, run_after=2026-06-30 00:00:00+00:00
[2026-06-30T08:51:30.579+0000] {processor.py:183} INFO - Processing /home/airflow/.local/lib/python3.12/site-packages/airflow/example_dags/example_bash_operator.py took 0.062 seconds
[2026-06-30T08:52:00.664+0000] {processor.py:161} INFO - Started process (PID=25572) to work on /home/airflow/.local/lib/python3.12/site-packages/airflow/example_dags/example_bash_operator.py
[2026-06-30T08:52:00.664+0000] {processor.py:830} INFO - Processing file /home/airflow/.local/lib/python3.12/site-packages/airflow/example_dags/example_bash_operator.py for tasks to queue
[2026-06-30T08:52:00.665+0000] {logging_mixin.py:188} INFO - [2026-06-30T08:52:00.665+0000] {dagbag.py:545} INFO - Filling up the DagBag from /home/airflow/.local/lib/python3.12/site-packages/airflow/example_dags/example_bash_operator.py
[2026-06-30T08:52:00.673+0000] {processor.py:840} INFO - DAG(s) 'example_bash_operator' retrieved from /home/airflow/.local/lib/python3.12/site-packages/airflow/example_dags/example_bash_operator.py
[2026-06-30T08:52:00.691+0000] {logging_mixin.py:188} INFO - [2026-06-30T08:52:00.691+0000] {dag.py:3096} INFO - Sync 1 DAGs
[2026-06-30T08:52:00.705+0000] {logging_mixin.py:188} INFO - [2026-06-30T08:52:00.705+0000] {dag.py:3954} INFO - Setting next_dagrun for example_bash_operator to 2026-06-29 00:00:00+00:00, run_after=2026-06-30 00:00:00+00:00
[2026-06-30T08:52:00.719+0000] {processor.py:183} INFO - Processing /home/airflow/.local/lib/python3.12/site-packages/airflow/example_dags/example_bash_operator.py took 0.060 seconds
[2026-06-30T08:52:31.389+0000] {processor.py:161} INFO - Started process (PID=25630) to work on /home/airflow/.local/lib/python3.12/site-packages/airflow/example_dags/example_bash_operator.py
[2026-06-30T08:52:31.390+0000] {processor.py:830} INFO - Processing file /home/airflow/.local/lib/python3.12/site-packages/airflow/example_dags/example_bash_operator.py for tasks to queue
[2026-06-30T08:52:31.391+0000] {logging_mixin.py:188} INFO - [2026-06-30T08:52:31.391+0000] {dagbag.py:545} INFO - Filling up the DagBag from /home/airflow/.local/lib/python3.12/site-packages/airflow/example_dags/example_bash_operator.py
[2026-06-30T08:52:31.399+0000] {processor.py:840} INFO - DAG(s) 'example_bash_operator' retrieved from /home/airflow/.local/lib/python3.12/site-packages/airflow/example_dags/example_bash_operator.py
[2026-06-30T08:52:31.417+0000] {logging_mixin.py:188} INFO - [2026-06-30T08:52:31.417+0000] {dag.py:3096} INFO - Sync 1 DAGs
[2026-06-30T08:52:31.433+0000] {logging_mixin.py:188} INFO - [2026-06-30T08:52:31.433+0000] {dag.py:3954} INFO - Setting next_dagrun for example_bash_operator to 2026-06-29 00:00:00+00:00, run_after=2026-06-30 00:00:00+00:00
[2026-06-30T08:52:31.450+0000] {processor.py:183} INFO - Processing /home/airflow/.local/lib/python3.12/site-packages/airflow/example_dags/example_bash_operator.py took 0.065 seconds
[2026-06-30T08:53:01.829+0000] {processor.py:161} INFO - Started process (PID=25688) to work on /home/airflow/.local/lib/python3.12/site-packages/airflow/example_dags/example_bash_operator.py
[2026-06-30T08:53:01.830+0000] {processor.py:830} INFO - Processing file /home/airflow/.local/lib/python3.12/site-packages/airflow/example_dags/example_bash_operator.py for tasks to queue
[2026-06-30T08:53:01.831+0000] {logging_mixin.py:188} INFO - [2026-06-30T08:53:01.830+0000] {dagbag.py:545} INFO - Filling up the DagBag from /home/airflow/.local/lib/python3.12/site-packages/airflow/example_dags/example_bash_operator.py
[2026-06-30T08:53:01.840+0000] {processor.py:840} INFO - DAG(s) 'example_bash_operator' retrieved from /home/airflow/.local/lib/python3.12/site-packages/airflow/example_dags/example_bash_operator.py
[2026-06-30T08:53:01.979+0000] {logging_mixin.py:188} INFO - [2026-06-30T08:53:01.979+0000] {dag.py:3096} INFO - Sync 1 DAGs
[2026-06-30T08:53:01.993+0000] {logging_mixin.py:188} INFO - [2026-06-30T08:53:01.993+0000] {dag.py:3954} INFO - Setting next_dagrun for example_bash_operator to 2026-06-29 00:00:00+00:00, run_after=2026-06-30 00:00:00+00:00
[2026-06-30T08:53:02.007+0000] {processor.py:183} INFO - Processing /home/airflow/.local/lib/python3.12/site-packages/airflow/example_dags/example_bash_operator.py took 0.185 seconds
