[2026-06-30T08:05:47.897+0000] {processor.py:161} INFO - Started process (PID=21749) to work on /home/airflow/.local/lib/python3.12/site-packages/airflow/example_dags/example_params_ui_tutorial.py
[2026-06-30T08:05:47.899+0000] {processor.py:830} INFO - Processing file /home/airflow/.local/lib/python3.12/site-packages/airflow/example_dags/example_params_ui_tutorial.py for tasks to queue
[2026-06-30T08:05:47.901+0000] {logging_mixin.py:188} INFO - [2026-06-30T08:05:47.900+0000] {dagbag.py:545} INFO - Filling up the DagBag from /home/airflow/.local/lib/python3.12/site-packages/airflow/example_dags/example_params_ui_tutorial.py
[2026-06-30T08:05:47.913+0000] {processor.py:840} INFO - DAG(s) 'example_params_ui_tutorial' retrieved from /home/airflow/.local/lib/python3.12/site-packages/airflow/example_dags/example_params_ui_tutorial.py
[2026-06-30T08:05:48.051+0000] {logging_mixin.py:188} INFO - [2026-06-30T08:05:48.051+0000] {dag.py:3096} INFO - Sync 1 DAGs
[2026-06-30T08:05:48.064+0000] {logging_mixin.py:188} INFO - [2026-06-30T08:05:48.064+0000] {dag.py:3954} INFO - Setting next_dagrun for example_params_ui_tutorial to None, run_after=None
[2026-06-30T08:05:48.088+0000] {processor.py:183} INFO - Processing /home/airflow/.local/lib/python3.12/site-packages/airflow/example_dags/example_params_ui_tutorial.py took 0.201 seconds
[2026-06-30T08:18:54.560+0000] {processor.py:161} INFO - Started process (PID=21801) to work on /home/airflow/.local/lib/python3.12/site-packages/airflow/example_dags/example_params_ui_tutorial.py
[2026-06-30T08:18:54.561+0000] {processor.py:830} INFO - Processing file /home/airflow/.local/lib/python3.12/site-packages/airflow/example_dags/example_params_ui_tutorial.py for tasks to queue
[2026-06-30T08:18:54.562+0000] {logging_mixin.py:188} INFO - [2026-06-30T08:18:54.562+0000] {dagbag.py:545} INFO - Filling up the DagBag from /home/airflow/.local/lib/python3.12/site-packages/airflow/example_dags/example_params_ui_tutorial.py
[2026-06-30T08:18:54.576+0000] {processor.py:840} INFO - DAG(s) 'example_params_ui_tutorial' retrieved from /home/airflow/.local/lib/python3.12/site-packages/airflow/example_dags/example_params_ui_tutorial.py
[2026-06-30T08:18:54.618+0000] {logging_mixin.py:188} INFO - [2026-06-30T08:18:54.618+0000] {dag.py:3096} INFO - Sync 1 DAGs
[2026-06-30T08:18:54.628+0000] {logging_mixin.py:188} INFO - [2026-06-30T08:18:54.628+0000] {dag.py:3954} INFO - Setting next_dagrun for example_params_ui_tutorial to None, run_after=None
[2026-06-30T08:18:54.644+0000] {processor.py:183} INFO - Processing /home/airflow/.local/lib/python3.12/site-packages/airflow/example_dags/example_params_ui_tutorial.py took 0.091 seconds
[2026-06-30T08:19:25.485+0000] {processor.py:161} INFO - Started process (PID=21859) to work on /home/airflow/.local/lib/python3.12/site-packages/airflow/example_dags/example_params_ui_tutorial.py
[2026-06-30T08:19:25.486+0000] {processor.py:830} INFO - Processing file /home/airflow/.local/lib/python3.12/site-packages/airflow/example_dags/example_params_ui_tutorial.py for tasks to queue
[2026-06-30T08:19:25.487+0000] {logging_mixin.py:188} INFO - [2026-06-30T08:19:25.487+0000] {dagbag.py:545} INFO - Filling up the DagBag from /home/airflow/.local/lib/python3.12/site-packages/airflow/example_dags/example_params_ui_tutorial.py
[2026-06-30T08:19:25.496+0000] {processor.py:840} INFO - DAG(s) 'example_params_ui_tutorial' retrieved from /home/airflow/.local/lib/python3.12/site-packages/airflow/example_dags/example_params_ui_tutorial.py
[2026-06-30T08:19:25.530+0000] {logging_mixin.py:188} INFO - [2026-06-30T08:19:25.530+0000] {dag.py:3096} INFO - Sync 1 DAGs
[2026-06-30T08:19:25.539+0000] {logging_mixin.py:188} INFO - [2026-06-30T08:19:25.539+0000] {dag.py:3954} INFO - Setting next_dagrun for example_params_ui_tutorial to None, run_after=None
[2026-06-30T08:19:25.552+0000] {processor.py:183} INFO - Processing /home/airflow/.local/lib/python3.12/site-packages/airflow/example_dags/example_params_ui_tutorial.py took 0.072 seconds
[2026-06-30T08:19:55.686+0000] {processor.py:161} INFO - Started process (PID=21917) to work on /home/airflow/.local/lib/python3.12/site-packages/airflow/example_dags/example_params_ui_tutorial.py
[2026-06-30T08:19:55.687+0000] {processor.py:830} INFO - Processing file /home/airflow/.local/lib/python3.12/site-packages/airflow/example_dags/example_params_ui_tutorial.py for tasks to queue
[2026-06-30T08:19:55.688+0000] {logging_mixin.py:188} INFO - [2026-06-30T08:19:55.688+0000] {dagbag.py:545} INFO - Filling up the DagBag from /home/airflow/.local/lib/python3.12/site-packages/airflow/example_dags/example_params_ui_tutorial.py
[2026-06-30T08:19:55.698+0000] {processor.py:840} INFO - DAG(s) 'example_params_ui_tutorial' retrieved from /home/airflow/.local/lib/python3.12/site-packages/airflow/example_dags/example_params_ui_tutorial.py
[2026-06-30T08:19:55.731+0000] {logging_mixin.py:188} INFO - [2026-06-30T08:19:55.731+0000] {dag.py:3096} INFO - Sync 1 DAGs
[2026-06-30T08:19:55.740+0000] {logging_mixin.py:188} INFO - [2026-06-30T08:19:55.740+0000] {dag.py:3954} INFO - Setting next_dagrun for example_params_ui_tutorial to None, run_after=None
[2026-06-30T08:19:55.753+0000] {processor.py:183} INFO - Processing /home/airflow/.local/lib/python3.12/site-packages/airflow/example_dags/example_params_ui_tutorial.py took 0.071 seconds
[2026-06-30T08:20:25.976+0000] {processor.py:161} INFO - Started process (PID=21975) to work on /home/airflow/.local/lib/python3.12/site-packages/airflow/example_dags/example_params_ui_tutorial.py
[2026-06-30T08:20:25.977+0000] {processor.py:830} INFO - Processing file /home/airflow/.local/lib/python3.12/site-packages/airflow/example_dags/example_params_ui_tutorial.py for tasks to queue
[2026-06-30T08:20:25.978+0000] {logging_mixin.py:188} INFO - [2026-06-30T08:20:25.978+0000] {dagbag.py:545} INFO - Filling up the DagBag from /home/airflow/.local/lib/python3.12/site-packages/airflow/example_dags/example_params_ui_tutorial.py
[2026-06-30T08:20:25.986+0000] {processor.py:840} INFO - DAG(s) 'example_params_ui_tutorial' retrieved from /home/airflow/.local/lib/python3.12/site-packages/airflow/example_dags/example_params_ui_tutorial.py
[2026-06-30T08:20:26.017+0000] {logging_mixin.py:188} INFO - [2026-06-30T08:20:26.017+0000] {dag.py:3096} INFO - Sync 1 DAGs
[2026-06-30T08:20:26.026+0000] {logging_mixin.py:188} INFO - [2026-06-30T08:20:26.026+0000] {dag.py:3954} INFO - Setting next_dagrun for example_params_ui_tutorial to None, run_after=None
[2026-06-30T08:20:26.038+0000] {processor.py:183} INFO - Processing /home/airflow/.local/lib/python3.12/site-packages/airflow/example_dags/example_params_ui_tutorial.py took 0.066 seconds
[2026-06-30T08:20:56.335+0000] {processor.py:161} INFO - Started process (PID=22033) to work on /home/airflow/.local/lib/python3.12/site-packages/airflow/example_dags/example_params_ui_tutorial.py
[2026-06-30T08:20:56.336+0000] {processor.py:830} INFO - Processing file /home/airflow/.local/lib/python3.12/site-packages/airflow/example_dags/example_params_ui_tutorial.py for tasks to queue
[2026-06-30T08:20:56.337+0000] {logging_mixin.py:188} INFO - [2026-06-30T08:20:56.337+0000] {dagbag.py:545} INFO - Filling up the DagBag from /home/airflow/.local/lib/python3.12/site-packages/airflow/example_dags/example_params_ui_tutorial.py
[2026-06-30T08:20:56.347+0000] {processor.py:840} INFO - DAG(s) 'example_params_ui_tutorial' retrieved from /home/airflow/.local/lib/python3.12/site-packages/airflow/example_dags/example_params_ui_tutorial.py
[2026-06-30T08:20:56.380+0000] {logging_mixin.py:188} INFO - [2026-06-30T08:20:56.380+0000] {dag.py:3096} INFO - Sync 1 DAGs
[2026-06-30T08:20:56.389+0000] {logging_mixin.py:188} INFO - [2026-06-30T08:20:56.389+0000] {dag.py:3954} INFO - Setting next_dagrun for example_params_ui_tutorial to None, run_after=None
[2026-06-30T08:20:56.402+0000] {processor.py:183} INFO - Processing /home/airflow/.local/lib/python3.12/site-packages/airflow/example_dags/example_params_ui_tutorial.py took 0.072 seconds
[2026-06-30T08:21:26.638+0000] {processor.py:161} INFO - Started process (PID=22091) to work on /home/airflow/.local/lib/python3.12/site-packages/airflow/example_dags/example_params_ui_tutorial.py
[2026-06-30T08:21:26.638+0000] {processor.py:830} INFO - Processing file /home/airflow/.local/lib/python3.12/site-packages/airflow/example_dags/example_params_ui_tutorial.py for tasks to queue
[2026-06-30T08:21:26.639+0000] {logging_mixin.py:188} INFO - [2026-06-30T08:21:26.639+0000] {dagbag.py:545} INFO - Filling up the DagBag from /home/airflow/.local/lib/python3.12/site-packages/airflow/example_dags/example_params_ui_tutorial.py
[2026-06-30T08:21:26.647+0000] {processor.py:840} INFO - DAG(s) 'example_params_ui_tutorial' retrieved from /home/airflow/.local/lib/python3.12/site-packages/airflow/example_dags/example_params_ui_tutorial.py
[2026-06-30T08:21:26.681+0000] {logging_mixin.py:188} INFO - [2026-06-30T08:21:26.681+0000] {dag.py:3096} INFO - Sync 1 DAGs
[2026-06-30T08:21:26.694+0000] {logging_mixin.py:188} INFO - [2026-06-30T08:21:26.694+0000] {dag.py:3954} INFO - Setting next_dagrun for example_params_ui_tutorial to None, run_after=None
[2026-06-30T08:21:26.715+0000] {processor.py:183} INFO - Processing /home/airflow/.local/lib/python3.12/site-packages/airflow/example_dags/example_params_ui_tutorial.py took 0.081 seconds
[2026-06-30T08:21:56.977+0000] {processor.py:161} INFO - Started process (PID=22149) to work on /home/airflow/.local/lib/python3.12/site-packages/airflow/example_dags/example_params_ui_tutorial.py
[2026-06-30T08:21:56.979+0000] {processor.py:830} INFO - Processing file /home/airflow/.local/lib/python3.12/site-packages/airflow/example_dags/example_params_ui_tutorial.py for tasks to queue
[2026-06-30T08:21:56.979+0000] {logging_mixin.py:188} INFO - [2026-06-30T08:21:56.979+0000] {dagbag.py:545} INFO - Filling up the DagBag from /home/airflow/.local/lib/python3.12/site-packages/airflow/example_dags/example_params_ui_tutorial.py
[2026-06-30T08:21:56.988+0000] {processor.py:840} INFO - DAG(s) 'example_params_ui_tutorial' retrieved from /home/airflow/.local/lib/python3.12/site-packages/airflow/example_dags/example_params_ui_tutorial.py
[2026-06-30T08:21:57.020+0000] {logging_mixin.py:188} INFO - [2026-06-30T08:21:57.020+0000] {dag.py:3096} INFO - Sync 1 DAGs
[2026-06-30T08:21:57.029+0000] {logging_mixin.py:188} INFO - [2026-06-30T08:21:57.029+0000] {dag.py:3954} INFO - Setting next_dagrun for example_params_ui_tutorial to None, run_after=None
[2026-06-30T08:21:57.042+0000] {processor.py:183} INFO - Processing /home/airflow/.local/lib/python3.12/site-packages/airflow/example_dags/example_params_ui_tutorial.py took 0.069 seconds
[2026-06-30T08:22:27.503+0000] {processor.py:161} INFO - Started process (PID=22207) to work on /home/airflow/.local/lib/python3.12/site-packages/airflow/example_dags/example_params_ui_tutorial.py
[2026-06-30T08:22:27.504+0000] {processor.py:830} INFO - Processing file /home/airflow/.local/lib/python3.12/site-packages/airflow/example_dags/example_params_ui_tutorial.py for tasks to queue
[2026-06-30T08:22:27.505+0000] {logging_mixin.py:188} INFO - [2026-06-30T08:22:27.504+0000] {dagbag.py:545} INFO - Filling up the DagBag from /home/airflow/.local/lib/python3.12/site-packages/airflow/example_dags/example_params_ui_tutorial.py
[2026-06-30T08:22:27.513+0000] {processor.py:840} INFO - DAG(s) 'example_params_ui_tutorial' retrieved from /home/airflow/.local/lib/python3.12/site-packages/airflow/example_dags/example_params_ui_tutorial.py
[2026-06-30T08:22:27.544+0000] {logging_mixin.py:188} INFO - [2026-06-30T08:22:27.544+0000] {dag.py:3096} INFO - Sync 1 DAGs
[2026-06-30T08:22:27.554+0000] {logging_mixin.py:188} INFO - [2026-06-30T08:22:27.554+0000] {dag.py:3954} INFO - Setting next_dagrun for example_params_ui_tutorial to None, run_after=None
[2026-06-30T08:22:27.568+0000] {processor.py:183} INFO - Processing /home/airflow/.local/lib/python3.12/site-packages/airflow/example_dags/example_params_ui_tutorial.py took 0.069 seconds
[2026-06-30T08:22:58.030+0000] {processor.py:161} INFO - Started process (PID=22265) to work on /home/airflow/.local/lib/python3.12/site-packages/airflow/example_dags/example_params_ui_tutorial.py
[2026-06-30T08:22:58.030+0000] {processor.py:830} INFO - Processing file /home/airflow/.local/lib/python3.12/site-packages/airflow/example_dags/example_params_ui_tutorial.py for tasks to queue
[2026-06-30T08:22:58.031+0000] {logging_mixin.py:188} INFO - [2026-06-30T08:22:58.031+0000] {dagbag.py:545} INFO - Filling up the DagBag from /home/airflow/.local/lib/python3.12/site-packages/airflow/example_dags/example_params_ui_tutorial.py
[2026-06-30T08:22:58.039+0000] {processor.py:840} INFO - DAG(s) 'example_params_ui_tutorial' retrieved from /home/airflow/.local/lib/python3.12/site-packages/airflow/example_dags/example_params_ui_tutorial.py
[2026-06-30T08:22:58.073+0000] {logging_mixin.py:188} INFO - [2026-06-30T08:22:58.073+0000] {dag.py:3096} INFO - Sync 1 DAGs
[2026-06-30T08:22:58.082+0000] {logging_mixin.py:188} INFO - [2026-06-30T08:22:58.081+0000] {dag.py:3954} INFO - Setting next_dagrun for example_params_ui_tutorial to None, run_after=None
[2026-06-30T08:22:58.095+0000] {processor.py:183} INFO - Processing /home/airflow/.local/lib/python3.12/site-packages/airflow/example_dags/example_params_ui_tutorial.py took 0.070 seconds
[2026-06-30T08:23:28.392+0000] {processor.py:161} INFO - Started process (PID=22323) to work on /home/airflow/.local/lib/python3.12/site-packages/airflow/example_dags/example_params_ui_tutorial.py
[2026-06-30T08:23:28.393+0000] {processor.py:830} INFO - Processing file /home/airflow/.local/lib/python3.12/site-packages/airflow/example_dags/example_params_ui_tutorial.py for tasks to queue
[2026-06-30T08:23:28.394+0000] {logging_mixin.py:188} INFO - [2026-06-30T08:23:28.394+0000] {dagbag.py:545} INFO - Filling up the DagBag from /home/airflow/.local/lib/python3.12/site-packages/airflow/example_dags/example_params_ui_tutorial.py
[2026-06-30T08:23:28.402+0000] {processor.py:840} INFO - DAG(s) 'example_params_ui_tutorial' retrieved from /home/airflow/.local/lib/python3.12/site-packages/airflow/example_dags/example_params_ui_tutorial.py
[2026-06-30T08:23:28.434+0000] {logging_mixin.py:188} INFO - [2026-06-30T08:23:28.434+0000] {dag.py:3096} INFO - Sync 1 DAGs
[2026-06-30T08:23:28.443+0000] {logging_mixin.py:188} INFO - [2026-06-30T08:23:28.443+0000] {dag.py:3954} INFO - Setting next_dagrun for example_params_ui_tutorial to None, run_after=None
[2026-06-30T08:23:28.455+0000] {processor.py:183} INFO - Processing /home/airflow/.local/lib/python3.12/site-packages/airflow/example_dags/example_params_ui_tutorial.py took 0.067 seconds
[2026-06-30T08:23:58.881+0000] {processor.py:161} INFO - Started process (PID=22381) to work on /home/airflow/.local/lib/python3.12/site-packages/airflow/example_dags/example_params_ui_tutorial.py
[2026-06-30T08:23:58.882+0000] {processor.py:830} INFO - Processing file /home/airflow/.local/lib/python3.12/site-packages/airflow/example_dags/example_params_ui_tutorial.py for tasks to queue
[2026-06-30T08:23:58.883+0000] {logging_mixin.py:188} INFO - [2026-06-30T08:23:58.883+0000] {dagbag.py:545} INFO - Filling up the DagBag from /home/airflow/.local/lib/python3.12/site-packages/airflow/example_dags/example_params_ui_tutorial.py
[2026-06-30T08:23:58.892+0000] {processor.py:840} INFO - DAG(s) 'example_params_ui_tutorial' retrieved from /home/airflow/.local/lib/python3.12/site-packages/airflow/example_dags/example_params_ui_tutorial.py
[2026-06-30T08:23:58.929+0000] {logging_mixin.py:188} INFO - [2026-06-30T08:23:58.929+0000] {dag.py:3096} INFO - Sync 1 DAGs
[2026-06-30T08:23:58.938+0000] {logging_mixin.py:188} INFO - [2026-06-30T08:23:58.938+0000] {dag.py:3954} INFO - Setting next_dagrun for example_params_ui_tutorial to None, run_after=None
[2026-06-30T08:23:58.951+0000] {processor.py:183} INFO - Processing /home/airflow/.local/lib/python3.12/site-packages/airflow/example_dags/example_params_ui_tutorial.py took 0.074 seconds
[2026-06-30T08:24:29.553+0000] {processor.py:161} INFO - Started process (PID=22439) to work on /home/airflow/.local/lib/python3.12/site-packages/airflow/example_dags/example_params_ui_tutorial.py
[2026-06-30T08:24:29.553+0000] {processor.py:830} INFO - Processing file /home/airflow/.local/lib/python3.12/site-packages/airflow/example_dags/example_params_ui_tutorial.py for tasks to queue
[2026-06-30T08:24:29.554+0000] {logging_mixin.py:188} INFO - [2026-06-30T08:24:29.554+0000] {dagbag.py:545} INFO - Filling up the DagBag from /home/airflow/.local/lib/python3.12/site-packages/airflow/example_dags/example_params_ui_tutorial.py
[2026-06-30T08:24:29.562+0000] {processor.py:840} INFO - DAG(s) 'example_params_ui_tutorial' retrieved from /home/airflow/.local/lib/python3.12/site-packages/airflow/example_dags/example_params_ui_tutorial.py
[2026-06-30T08:24:29.594+0000] {logging_mixin.py:188} INFO - [2026-06-30T08:24:29.594+0000] {dag.py:3096} INFO - Sync 1 DAGs
[2026-06-30T08:24:29.604+0000] {logging_mixin.py:188} INFO - [2026-06-30T08:24:29.604+0000] {dag.py:3954} INFO - Setting next_dagrun for example_params_ui_tutorial to None, run_after=None
[2026-06-30T08:24:29.617+0000] {processor.py:183} INFO - Processing /home/airflow/.local/lib/python3.12/site-packages/airflow/example_dags/example_params_ui_tutorial.py took 0.069 seconds
[2026-06-30T08:25:00.213+0000] {processor.py:161} INFO - Started process (PID=22498) to work on /home/airflow/.local/lib/python3.12/site-packages/airflow/example_dags/example_params_ui_tutorial.py
[2026-06-30T08:25:00.214+0000] {processor.py:830} INFO - Processing file /home/airflow/.local/lib/python3.12/site-packages/airflow/example_dags/example_params_ui_tutorial.py for tasks to queue
[2026-06-30T08:25:00.215+0000] {logging_mixin.py:188} INFO - [2026-06-30T08:25:00.214+0000] {dagbag.py:545} INFO - Filling up the DagBag from /home/airflow/.local/lib/python3.12/site-packages/airflow/example_dags/example_params_ui_tutorial.py
[2026-06-30T08:25:00.224+0000] {processor.py:840} INFO - DAG(s) 'example_params_ui_tutorial' retrieved from /home/airflow/.local/lib/python3.12/site-packages/airflow/example_dags/example_params_ui_tutorial.py
[2026-06-30T08:25:00.259+0000] {logging_mixin.py:188} INFO - [2026-06-30T08:25:00.259+0000] {dag.py:3096} INFO - Sync 1 DAGs
[2026-06-30T08:25:00.270+0000] {logging_mixin.py:188} INFO - [2026-06-30T08:25:00.270+0000] {dag.py:3954} INFO - Setting next_dagrun for example_params_ui_tutorial to None, run_after=None
[2026-06-30T08:25:00.283+0000] {processor.py:183} INFO - Processing /home/airflow/.local/lib/python3.12/site-packages/airflow/example_dags/example_params_ui_tutorial.py took 0.075 seconds
[2026-06-30T08:25:30.477+0000] {processor.py:161} INFO - Started process (PID=22556) to work on /home/airflow/.local/lib/python3.12/site-packages/airflow/example_dags/example_params_ui_tutorial.py
[2026-06-30T08:25:30.478+0000] {processor.py:830} INFO - Processing file /home/airflow/.local/lib/python3.12/site-packages/airflow/example_dags/example_params_ui_tutorial.py for tasks to queue
[2026-06-30T08:25:30.479+0000] {logging_mixin.py:188} INFO - [2026-06-30T08:25:30.479+0000] {dagbag.py:545} INFO - Filling up the DagBag from /home/airflow/.local/lib/python3.12/site-packages/airflow/example_dags/example_params_ui_tutorial.py
[2026-06-30T08:25:30.487+0000] {processor.py:840} INFO - DAG(s) 'example_params_ui_tutorial' retrieved from /home/airflow/.local/lib/python3.12/site-packages/airflow/example_dags/example_params_ui_tutorial.py
[2026-06-30T08:25:30.519+0000] {logging_mixin.py:188} INFO - [2026-06-30T08:25:30.518+0000] {dag.py:3096} INFO - Sync 1 DAGs
[2026-06-30T08:25:30.528+0000] {logging_mixin.py:188} INFO - [2026-06-30T08:25:30.528+0000] {dag.py:3954} INFO - Setting next_dagrun for example_params_ui_tutorial to None, run_after=None
[2026-06-30T08:25:30.541+0000] {processor.py:183} INFO - Processing /home/airflow/.local/lib/python3.12/site-packages/airflow/example_dags/example_params_ui_tutorial.py took 0.068 seconds
[2026-06-30T08:26:01.287+0000] {processor.py:161} INFO - Started process (PID=22614) to work on /home/airflow/.local/lib/python3.12/site-packages/airflow/example_dags/example_params_ui_tutorial.py
[2026-06-30T08:26:01.288+0000] {processor.py:830} INFO - Processing file /home/airflow/.local/lib/python3.12/site-packages/airflow/example_dags/example_params_ui_tutorial.py for tasks to queue
[2026-06-30T08:26:01.288+0000] {logging_mixin.py:188} INFO - [2026-06-30T08:26:01.288+0000] {dagbag.py:545} INFO - Filling up the DagBag from /home/airflow/.local/lib/python3.12/site-packages/airflow/example_dags/example_params_ui_tutorial.py
[2026-06-30T08:26:01.298+0000] {processor.py:840} INFO - DAG(s) 'example_params_ui_tutorial' retrieved from /home/airflow/.local/lib/python3.12/site-packages/airflow/example_dags/example_params_ui_tutorial.py
[2026-06-30T08:26:01.334+0000] {logging_mixin.py:188} INFO - [2026-06-30T08:26:01.334+0000] {dag.py:3096} INFO - Sync 1 DAGs
[2026-06-30T08:26:01.343+0000] {logging_mixin.py:188} INFO - [2026-06-30T08:26:01.343+0000] {dag.py:3954} INFO - Setting next_dagrun for example_params_ui_tutorial to None, run_after=None
[2026-06-30T08:26:01.358+0000] {processor.py:183} INFO - Processing /home/airflow/.local/lib/python3.12/site-packages/airflow/example_dags/example_params_ui_tutorial.py took 0.076 seconds
[2026-06-30T08:26:32.178+0000] {processor.py:161} INFO - Started process (PID=22672) to work on /home/airflow/.local/lib/python3.12/site-packages/airflow/example_dags/example_params_ui_tutorial.py
[2026-06-30T08:26:32.179+0000] {processor.py:830} INFO - Processing file /home/airflow/.local/lib/python3.12/site-packages/airflow/example_dags/example_params_ui_tutorial.py for tasks to queue
[2026-06-30T08:26:32.180+0000] {logging_mixin.py:188} INFO - [2026-06-30T08:26:32.179+0000] {dagbag.py:545} INFO - Filling up the DagBag from /home/airflow/.local/lib/python3.12/site-packages/airflow/example_dags/example_params_ui_tutorial.py
[2026-06-30T08:26:32.189+0000] {processor.py:840} INFO - DAG(s) 'example_params_ui_tutorial' retrieved from /home/airflow/.local/lib/python3.12/site-packages/airflow/example_dags/example_params_ui_tutorial.py
[2026-06-30T08:26:32.223+0000] {logging_mixin.py:188} INFO - [2026-06-30T08:26:32.223+0000] {dag.py:3096} INFO - Sync 1 DAGs
[2026-06-30T08:26:32.234+0000] {logging_mixin.py:188} INFO - [2026-06-30T08:26:32.234+0000] {dag.py:3954} INFO - Setting next_dagrun for example_params_ui_tutorial to None, run_after=None
[2026-06-30T08:26:32.250+0000] {processor.py:183} INFO - Processing /home/airflow/.local/lib/python3.12/site-packages/airflow/example_dags/example_params_ui_tutorial.py took 0.076 seconds
[2026-06-30T08:27:02.662+0000] {processor.py:161} INFO - Started process (PID=22730) to work on /home/airflow/.local/lib/python3.12/site-packages/airflow/example_dags/example_params_ui_tutorial.py
[2026-06-30T08:27:02.663+0000] {processor.py:830} INFO - Processing file /home/airflow/.local/lib/python3.12/site-packages/airflow/example_dags/example_params_ui_tutorial.py for tasks to queue
[2026-06-30T08:27:02.664+0000] {logging_mixin.py:188} INFO - [2026-06-30T08:27:02.664+0000] {dagbag.py:545} INFO - Filling up the DagBag from /home/airflow/.local/lib/python3.12/site-packages/airflow/example_dags/example_params_ui_tutorial.py
[2026-06-30T08:27:02.674+0000] {processor.py:840} INFO - DAG(s) 'example_params_ui_tutorial' retrieved from /home/airflow/.local/lib/python3.12/site-packages/airflow/example_dags/example_params_ui_tutorial.py
[2026-06-30T08:27:02.717+0000] {logging_mixin.py:188} INFO - [2026-06-30T08:27:02.717+0000] {dag.py:3096} INFO - Sync 1 DAGs
[2026-06-30T08:27:02.728+0000] {logging_mixin.py:188} INFO - [2026-06-30T08:27:02.728+0000] {dag.py:3954} INFO - Setting next_dagrun for example_params_ui_tutorial to None, run_after=None
[2026-06-30T08:27:02.745+0000] {processor.py:183} INFO - Processing /home/airflow/.local/lib/python3.12/site-packages/airflow/example_dags/example_params_ui_tutorial.py took 0.088 seconds
[2026-06-30T08:27:33.160+0000] {processor.py:161} INFO - Started process (PID=22788) to work on /home/airflow/.local/lib/python3.12/site-packages/airflow/example_dags/example_params_ui_tutorial.py
[2026-06-30T08:27:33.161+0000] {processor.py:830} INFO - Processing file /home/airflow/.local/lib/python3.12/site-packages/airflow/example_dags/example_params_ui_tutorial.py for tasks to queue
[2026-06-30T08:27:33.161+0000] {logging_mixin.py:188} INFO - [2026-06-30T08:27:33.161+0000] {dagbag.py:545} INFO - Filling up the DagBag from /home/airflow/.local/lib/python3.12/site-packages/airflow/example_dags/example_params_ui_tutorial.py
[2026-06-30T08:27:33.170+0000] {processor.py:840} INFO - DAG(s) 'example_params_ui_tutorial' retrieved from /home/airflow/.local/lib/python3.12/site-packages/airflow/example_dags/example_params_ui_tutorial.py
[2026-06-30T08:27:33.203+0000] {logging_mixin.py:188} INFO - [2026-06-30T08:27:33.202+0000] {dag.py:3096} INFO - Sync 1 DAGs
[2026-06-30T08:27:33.212+0000] {logging_mixin.py:188} INFO - [2026-06-30T08:27:33.212+0000] {dag.py:3954} INFO - Setting next_dagrun for example_params_ui_tutorial to None, run_after=None
[2026-06-30T08:27:33.226+0000] {processor.py:183} INFO - Processing /home/airflow/.local/lib/python3.12/site-packages/airflow/example_dags/example_params_ui_tutorial.py took 0.070 seconds
[2026-06-30T08:28:03.542+0000] {processor.py:161} INFO - Started process (PID=22846) to work on /home/airflow/.local/lib/python3.12/site-packages/airflow/example_dags/example_params_ui_tutorial.py
[2026-06-30T08:28:03.542+0000] {processor.py:830} INFO - Processing file /home/airflow/.local/lib/python3.12/site-packages/airflow/example_dags/example_params_ui_tutorial.py for tasks to queue
[2026-06-30T08:28:03.543+0000] {logging_mixin.py:188} INFO - [2026-06-30T08:28:03.543+0000] {dagbag.py:545} INFO - Filling up the DagBag from /home/airflow/.local/lib/python3.12/site-packages/airflow/example_dags/example_params_ui_tutorial.py
[2026-06-30T08:28:03.551+0000] {processor.py:840} INFO - DAG(s) 'example_params_ui_tutorial' retrieved from /home/airflow/.local/lib/python3.12/site-packages/airflow/example_dags/example_params_ui_tutorial.py
[2026-06-30T08:28:03.583+0000] {logging_mixin.py:188} INFO - [2026-06-30T08:28:03.583+0000] {dag.py:3096} INFO - Sync 1 DAGs
[2026-06-30T08:28:03.591+0000] {logging_mixin.py:188} INFO - [2026-06-30T08:28:03.591+0000] {dag.py:3954} INFO - Setting next_dagrun for example_params_ui_tutorial to None, run_after=None
[2026-06-30T08:28:03.604+0000] {processor.py:183} INFO - Processing /home/airflow/.local/lib/python3.12/site-packages/airflow/example_dags/example_params_ui_tutorial.py took 0.066 seconds
[2026-06-30T08:28:34.035+0000] {processor.py:161} INFO - Started process (PID=22904) to work on /home/airflow/.local/lib/python3.12/site-packages/airflow/example_dags/example_params_ui_tutorial.py
[2026-06-30T08:28:34.036+0000] {processor.py:830} INFO - Processing file /home/airflow/.local/lib/python3.12/site-packages/airflow/example_dags/example_params_ui_tutorial.py for tasks to queue
[2026-06-30T08:28:34.037+0000] {logging_mixin.py:188} INFO - [2026-06-30T08:28:34.037+0000] {dagbag.py:545} INFO - Filling up the DagBag from /home/airflow/.local/lib/python3.12/site-packages/airflow/example_dags/example_params_ui_tutorial.py
[2026-06-30T08:28:34.045+0000] {processor.py:840} INFO - DAG(s) 'example_params_ui_tutorial' retrieved from /home/airflow/.local/lib/python3.12/site-packages/airflow/example_dags/example_params_ui_tutorial.py
[2026-06-30T08:28:34.075+0000] {logging_mixin.py:188} INFO - [2026-06-30T08:28:34.075+0000] {dag.py:3096} INFO - Sync 1 DAGs
[2026-06-30T08:28:34.083+0000] {logging_mixin.py:188} INFO - [2026-06-30T08:28:34.083+0000] {dag.py:3954} INFO - Setting next_dagrun for example_params_ui_tutorial to None, run_after=None
[2026-06-30T08:28:34.097+0000] {processor.py:183} INFO - Processing /home/airflow/.local/lib/python3.12/site-packages/airflow/example_dags/example_params_ui_tutorial.py took 0.066 seconds
[2026-06-30T08:29:04.509+0000] {processor.py:161} INFO - Started process (PID=22962) to work on /home/airflow/.local/lib/python3.12/site-packages/airflow/example_dags/example_params_ui_tutorial.py
[2026-06-30T08:29:04.510+0000] {processor.py:830} INFO - Processing file /home/airflow/.local/lib/python3.12/site-packages/airflow/example_dags/example_params_ui_tutorial.py for tasks to queue
[2026-06-30T08:29:04.511+0000] {logging_mixin.py:188} INFO - [2026-06-30T08:29:04.511+0000] {dagbag.py:545} INFO - Filling up the DagBag from /home/airflow/.local/lib/python3.12/site-packages/airflow/example_dags/example_params_ui_tutorial.py
[2026-06-30T08:29:04.520+0000] {processor.py:840} INFO - DAG(s) 'example_params_ui_tutorial' retrieved from /home/airflow/.local/lib/python3.12/site-packages/airflow/example_dags/example_params_ui_tutorial.py
[2026-06-30T08:29:04.551+0000] {logging_mixin.py:188} INFO - [2026-06-30T08:29:04.551+0000] {dag.py:3096} INFO - Sync 1 DAGs
[2026-06-30T08:29:04.560+0000] {logging_mixin.py:188} INFO - [2026-06-30T08:29:04.560+0000] {dag.py:3954} INFO - Setting next_dagrun for example_params_ui_tutorial to None, run_after=None
[2026-06-30T08:29:04.573+0000] {processor.py:183} INFO - Processing /home/airflow/.local/lib/python3.12/site-packages/airflow/example_dags/example_params_ui_tutorial.py took 0.068 seconds
[2026-06-30T08:29:35.079+0000] {processor.py:161} INFO - Started process (PID=23020) to work on /home/airflow/.local/lib/python3.12/site-packages/airflow/example_dags/example_params_ui_tutorial.py
[2026-06-30T08:29:35.079+0000] {processor.py:830} INFO - Processing file /home/airflow/.local/lib/python3.12/site-packages/airflow/example_dags/example_params_ui_tutorial.py for tasks to queue
[2026-06-30T08:29:35.080+0000] {logging_mixin.py:188} INFO - [2026-06-30T08:29:35.080+0000] {dagbag.py:545} INFO - Filling up the DagBag from /home/airflow/.local/lib/python3.12/site-packages/airflow/example_dags/example_params_ui_tutorial.py
[2026-06-30T08:29:35.090+0000] {processor.py:840} INFO - DAG(s) 'example_params_ui_tutorial' retrieved from /home/airflow/.local/lib/python3.12/site-packages/airflow/example_dags/example_params_ui_tutorial.py
[2026-06-30T08:29:35.125+0000] {logging_mixin.py:188} INFO - [2026-06-30T08:29:35.125+0000] {dag.py:3096} INFO - Sync 1 DAGs
[2026-06-30T08:29:35.134+0000] {logging_mixin.py:188} INFO - [2026-06-30T08:29:35.134+0000] {dag.py:3954} INFO - Setting next_dagrun for example_params_ui_tutorial to None, run_after=None
[2026-06-30T08:29:35.147+0000] {processor.py:183} INFO - Processing /home/airflow/.local/lib/python3.12/site-packages/airflow/example_dags/example_params_ui_tutorial.py took 0.073 seconds
[2026-06-30T08:30:05.668+0000] {processor.py:161} INFO - Started process (PID=23078) to work on /home/airflow/.local/lib/python3.12/site-packages/airflow/example_dags/example_params_ui_tutorial.py
[2026-06-30T08:30:05.669+0000] {processor.py:830} INFO - Processing file /home/airflow/.local/lib/python3.12/site-packages/airflow/example_dags/example_params_ui_tutorial.py for tasks to queue
[2026-06-30T08:30:05.669+0000] {logging_mixin.py:188} INFO - [2026-06-30T08:30:05.669+0000] {dagbag.py:545} INFO - Filling up the DagBag from /home/airflow/.local/lib/python3.12/site-packages/airflow/example_dags/example_params_ui_tutorial.py
[2026-06-30T08:30:05.679+0000] {processor.py:840} INFO - DAG(s) 'example_params_ui_tutorial' retrieved from /home/airflow/.local/lib/python3.12/site-packages/airflow/example_dags/example_params_ui_tutorial.py
[2026-06-30T08:30:05.712+0000] {logging_mixin.py:188} INFO - [2026-06-30T08:30:05.711+0000] {dag.py:3096} INFO - Sync 1 DAGs
[2026-06-30T08:30:05.721+0000] {logging_mixin.py:188} INFO - [2026-06-30T08:30:05.721+0000] {dag.py:3954} INFO - Setting next_dagrun for example_params_ui_tutorial to None, run_after=None
[2026-06-30T08:30:05.735+0000] {processor.py:183} INFO - Processing /home/airflow/.local/lib/python3.12/site-packages/airflow/example_dags/example_params_ui_tutorial.py took 0.072 seconds
[2026-06-30T08:30:36.412+0000] {processor.py:161} INFO - Started process (PID=23136) to work on /home/airflow/.local/lib/python3.12/site-packages/airflow/example_dags/example_params_ui_tutorial.py
[2026-06-30T08:30:36.413+0000] {processor.py:830} INFO - Processing file /home/airflow/.local/lib/python3.12/site-packages/airflow/example_dags/example_params_ui_tutorial.py for tasks to queue
[2026-06-30T08:30:36.414+0000] {logging_mixin.py:188} INFO - [2026-06-30T08:30:36.414+0000] {dagbag.py:545} INFO - Filling up the DagBag from /home/airflow/.local/lib/python3.12/site-packages/airflow/example_dags/example_params_ui_tutorial.py
[2026-06-30T08:30:36.425+0000] {processor.py:840} INFO - DAG(s) 'example_params_ui_tutorial' retrieved from /home/airflow/.local/lib/python3.12/site-packages/airflow/example_dags/example_params_ui_tutorial.py
[2026-06-30T08:30:36.462+0000] {logging_mixin.py:188} INFO - [2026-06-30T08:30:36.462+0000] {dag.py:3096} INFO - Sync 1 DAGs
[2026-06-30T08:30:36.474+0000] {logging_mixin.py:188} INFO - [2026-06-30T08:30:36.474+0000] {dag.py:3954} INFO - Setting next_dagrun for example_params_ui_tutorial to None, run_after=None
[2026-06-30T08:30:36.489+0000] {processor.py:183} INFO - Processing /home/airflow/.local/lib/python3.12/site-packages/airflow/example_dags/example_params_ui_tutorial.py took 0.081 seconds
[2026-06-30T08:31:07.110+0000] {processor.py:161} INFO - Started process (PID=23194) to work on /home/airflow/.local/lib/python3.12/site-packages/airflow/example_dags/example_params_ui_tutorial.py
[2026-06-30T08:31:07.111+0000] {processor.py:830} INFO - Processing file /home/airflow/.local/lib/python3.12/site-packages/airflow/example_dags/example_params_ui_tutorial.py for tasks to queue
[2026-06-30T08:31:07.112+0000] {logging_mixin.py:188} INFO - [2026-06-30T08:31:07.112+0000] {dagbag.py:545} INFO - Filling up the DagBag from /home/airflow/.local/lib/python3.12/site-packages/airflow/example_dags/example_params_ui_tutorial.py
[2026-06-30T08:31:07.129+0000] {processor.py:840} INFO - DAG(s) 'example_params_ui_tutorial' retrieved from /home/airflow/.local/lib/python3.12/site-packages/airflow/example_dags/example_params_ui_tutorial.py
[2026-06-30T08:31:07.207+0000] {logging_mixin.py:188} INFO - [2026-06-30T08:31:07.207+0000] {dag.py:3096} INFO - Sync 1 DAGs
[2026-06-30T08:31:07.228+0000] {logging_mixin.py:188} INFO - [2026-06-30T08:31:07.227+0000] {dag.py:3954} INFO - Setting next_dagrun for example_params_ui_tutorial to None, run_after=None
[2026-06-30T08:31:07.258+0000] {processor.py:183} INFO - Processing /home/airflow/.local/lib/python3.12/site-packages/airflow/example_dags/example_params_ui_tutorial.py took 0.158 seconds
[2026-06-30T08:31:37.774+0000] {processor.py:161} INFO - Started process (PID=23252) to work on /home/airflow/.local/lib/python3.12/site-packages/airflow/example_dags/example_params_ui_tutorial.py
[2026-06-30T08:31:37.774+0000] {processor.py:830} INFO - Processing file /home/airflow/.local/lib/python3.12/site-packages/airflow/example_dags/example_params_ui_tutorial.py for tasks to queue
[2026-06-30T08:31:37.775+0000] {logging_mixin.py:188} INFO - [2026-06-30T08:31:37.775+0000] {dagbag.py:545} INFO - Filling up the DagBag from /home/airflow/.local/lib/python3.12/site-packages/airflow/example_dags/example_params_ui_tutorial.py
[2026-06-30T08:31:37.784+0000] {processor.py:840} INFO - DAG(s) 'example_params_ui_tutorial' retrieved from /home/airflow/.local/lib/python3.12/site-packages/airflow/example_dags/example_params_ui_tutorial.py
[2026-06-30T08:31:37.818+0000] {logging_mixin.py:188} INFO - [2026-06-30T08:31:37.818+0000] {dag.py:3096} INFO - Sync 1 DAGs
[2026-06-30T08:31:37.827+0000] {logging_mixin.py:188} INFO - [2026-06-30T08:31:37.827+0000] {dag.py:3954} INFO - Setting next_dagrun for example_params_ui_tutorial to None, run_after=None
[2026-06-30T08:31:37.844+0000] {processor.py:183} INFO - Processing /home/airflow/.local/lib/python3.12/site-packages/airflow/example_dags/example_params_ui_tutorial.py took 0.075 seconds
[2026-06-30T08:32:08.473+0000] {processor.py:161} INFO - Started process (PID=23310) to work on /home/airflow/.local/lib/python3.12/site-packages/airflow/example_dags/example_params_ui_tutorial.py
[2026-06-30T08:32:08.475+0000] {processor.py:830} INFO - Processing file /home/airflow/.local/lib/python3.12/site-packages/airflow/example_dags/example_params_ui_tutorial.py for tasks to queue
[2026-06-30T08:32:08.476+0000] {logging_mixin.py:188} INFO - [2026-06-30T08:32:08.475+0000] {dagbag.py:545} INFO - Filling up the DagBag from /home/airflow/.local/lib/python3.12/site-packages/airflow/example_dags/example_params_ui_tutorial.py
[2026-06-30T08:32:08.485+0000] {processor.py:840} INFO - DAG(s) 'example_params_ui_tutorial' retrieved from /home/airflow/.local/lib/python3.12/site-packages/airflow/example_dags/example_params_ui_tutorial.py
[2026-06-30T08:32:08.520+0000] {logging_mixin.py:188} INFO - [2026-06-30T08:32:08.520+0000] {dag.py:3096} INFO - Sync 1 DAGs
[2026-06-30T08:32:08.530+0000] {logging_mixin.py:188} INFO - [2026-06-30T08:32:08.530+0000] {dag.py:3954} INFO - Setting next_dagrun for example_params_ui_tutorial to None, run_after=None
[2026-06-30T08:32:08.544+0000] {processor.py:183} INFO - Processing /home/airflow/.local/lib/python3.12/site-packages/airflow/example_dags/example_params_ui_tutorial.py took 0.075 seconds
[2026-06-30T08:32:39.233+0000] {processor.py:161} INFO - Started process (PID=23368) to work on /home/airflow/.local/lib/python3.12/site-packages/airflow/example_dags/example_params_ui_tutorial.py
[2026-06-30T08:32:39.233+0000] {processor.py:830} INFO - Processing file /home/airflow/.local/lib/python3.12/site-packages/airflow/example_dags/example_params_ui_tutorial.py for tasks to queue
[2026-06-30T08:32:39.234+0000] {logging_mixin.py:188} INFO - [2026-06-30T08:32:39.234+0000] {dagbag.py:545} INFO - Filling up the DagBag from /home/airflow/.local/lib/python3.12/site-packages/airflow/example_dags/example_params_ui_tutorial.py
[2026-06-30T08:32:39.243+0000] {processor.py:840} INFO - DAG(s) 'example_params_ui_tutorial' retrieved from /home/airflow/.local/lib/python3.12/site-packages/airflow/example_dags/example_params_ui_tutorial.py
[2026-06-30T08:32:39.275+0000] {logging_mixin.py:188} INFO - [2026-06-30T08:32:39.275+0000] {dag.py:3096} INFO - Sync 1 DAGs
[2026-06-30T08:32:39.284+0000] {logging_mixin.py:188} INFO - [2026-06-30T08:32:39.284+0000] {dag.py:3954} INFO - Setting next_dagrun for example_params_ui_tutorial to None, run_after=None
[2026-06-30T08:32:39.297+0000] {processor.py:183} INFO - Processing /home/airflow/.local/lib/python3.12/site-packages/airflow/example_dags/example_params_ui_tutorial.py took 0.069 seconds
[2026-06-30T08:33:10.166+0000] {processor.py:161} INFO - Started process (PID=23426) to work on /home/airflow/.local/lib/python3.12/site-packages/airflow/example_dags/example_params_ui_tutorial.py
[2026-06-30T08:33:10.167+0000] {processor.py:830} INFO - Processing file /home/airflow/.local/lib/python3.12/site-packages/airflow/example_dags/example_params_ui_tutorial.py for tasks to queue
[2026-06-30T08:33:10.168+0000] {logging_mixin.py:188} INFO - [2026-06-30T08:33:10.168+0000] {dagbag.py:545} INFO - Filling up the DagBag from /home/airflow/.local/lib/python3.12/site-packages/airflow/example_dags/example_params_ui_tutorial.py
[2026-06-30T08:33:10.180+0000] {processor.py:840} INFO - DAG(s) 'example_params_ui_tutorial' retrieved from /home/airflow/.local/lib/python3.12/site-packages/airflow/example_dags/example_params_ui_tutorial.py
[2026-06-30T08:33:10.226+0000] {logging_mixin.py:188} INFO - [2026-06-30T08:33:10.225+0000] {dag.py:3096} INFO - Sync 1 DAGs
[2026-06-30T08:33:10.237+0000] {logging_mixin.py:188} INFO - [2026-06-30T08:33:10.237+0000] {dag.py:3954} INFO - Setting next_dagrun for example_params_ui_tutorial to None, run_after=None
[2026-06-30T08:33:10.258+0000] {processor.py:183} INFO - Processing /home/airflow/.local/lib/python3.12/site-packages/airflow/example_dags/example_params_ui_tutorial.py took 0.099 seconds
[2026-06-30T08:33:42.029+0000] {processor.py:161} INFO - Started process (PID=23490) to work on /home/airflow/.local/lib/python3.12/site-packages/airflow/example_dags/example_params_ui_tutorial.py
[2026-06-30T08:33:42.030+0000] {processor.py:830} INFO - Processing file /home/airflow/.local/lib/python3.12/site-packages/airflow/example_dags/example_params_ui_tutorial.py for tasks to queue
[2026-06-30T08:33:42.031+0000] {logging_mixin.py:188} INFO - [2026-06-30T08:33:42.031+0000] {dagbag.py:545} INFO - Filling up the DagBag from /home/airflow/.local/lib/python3.12/site-packages/airflow/example_dags/example_params_ui_tutorial.py
[2026-06-30T08:33:42.042+0000] {processor.py:840} INFO - DAG(s) 'example_params_ui_tutorial' retrieved from /home/airflow/.local/lib/python3.12/site-packages/airflow/example_dags/example_params_ui_tutorial.py
[2026-06-30T08:33:42.082+0000] {logging_mixin.py:188} INFO - [2026-06-30T08:33:42.081+0000] {dag.py:3096} INFO - Sync 1 DAGs
[2026-06-30T08:33:42.092+0000] {logging_mixin.py:188} INFO - [2026-06-30T08:33:42.091+0000] {dag.py:3954} INFO - Setting next_dagrun for example_params_ui_tutorial to None, run_after=None
[2026-06-30T08:33:42.109+0000] {processor.py:183} INFO - Processing /home/airflow/.local/lib/python3.12/site-packages/airflow/example_dags/example_params_ui_tutorial.py took 0.084 seconds
[2026-06-30T08:34:12.857+0000] {processor.py:161} INFO - Started process (PID=23548) to work on /home/airflow/.local/lib/python3.12/site-packages/airflow/example_dags/example_params_ui_tutorial.py
[2026-06-30T08:34:12.858+0000] {processor.py:830} INFO - Processing file /home/airflow/.local/lib/python3.12/site-packages/airflow/example_dags/example_params_ui_tutorial.py for tasks to queue
[2026-06-30T08:34:12.859+0000] {logging_mixin.py:188} INFO - [2026-06-30T08:34:12.858+0000] {dagbag.py:545} INFO - Filling up the DagBag from /home/airflow/.local/lib/python3.12/site-packages/airflow/example_dags/example_params_ui_tutorial.py
[2026-06-30T08:34:12.868+0000] {processor.py:840} INFO - DAG(s) 'example_params_ui_tutorial' retrieved from /home/airflow/.local/lib/python3.12/site-packages/airflow/example_dags/example_params_ui_tutorial.py
[2026-06-30T08:34:12.902+0000] {logging_mixin.py:188} INFO - [2026-06-30T08:34:12.902+0000] {dag.py:3096} INFO - Sync 1 DAGs
[2026-06-30T08:34:12.912+0000] {logging_mixin.py:188} INFO - [2026-06-30T08:34:12.912+0000] {dag.py:3954} INFO - Setting next_dagrun for example_params_ui_tutorial to None, run_after=None
[2026-06-30T08:34:12.928+0000] {processor.py:183} INFO - Processing /home/airflow/.local/lib/python3.12/site-packages/airflow/example_dags/example_params_ui_tutorial.py took 0.076 seconds
[2026-06-30T08:34:43.157+0000] {processor.py:161} INFO - Started process (PID=23606) to work on /home/airflow/.local/lib/python3.12/site-packages/airflow/example_dags/example_params_ui_tutorial.py
[2026-06-30T08:34:43.158+0000] {processor.py:830} INFO - Processing file /home/airflow/.local/lib/python3.12/site-packages/airflow/example_dags/example_params_ui_tutorial.py for tasks to queue
[2026-06-30T08:34:43.159+0000] {logging_mixin.py:188} INFO - [2026-06-30T08:34:43.159+0000] {dagbag.py:545} INFO - Filling up the DagBag from /home/airflow/.local/lib/python3.12/site-packages/airflow/example_dags/example_params_ui_tutorial.py
[2026-06-30T08:34:43.168+0000] {processor.py:840} INFO - DAG(s) 'example_params_ui_tutorial' retrieved from /home/airflow/.local/lib/python3.12/site-packages/airflow/example_dags/example_params_ui_tutorial.py
[2026-06-30T08:34:43.201+0000] {logging_mixin.py:188} INFO - [2026-06-30T08:34:43.201+0000] {dag.py:3096} INFO - Sync 1 DAGs
[2026-06-30T08:34:43.209+0000] {logging_mixin.py:188} INFO - [2026-06-30T08:34:43.209+0000] {dag.py:3954} INFO - Setting next_dagrun for example_params_ui_tutorial to None, run_after=None
[2026-06-30T08:34:43.223+0000] {processor.py:183} INFO - Processing /home/airflow/.local/lib/python3.12/site-packages/airflow/example_dags/example_params_ui_tutorial.py took 0.071 seconds
[2026-06-30T08:35:13.642+0000] {processor.py:161} INFO - Started process (PID=23664) to work on /home/airflow/.local/lib/python3.12/site-packages/airflow/example_dags/example_params_ui_tutorial.py
[2026-06-30T08:35:13.643+0000] {processor.py:830} INFO - Processing file /home/airflow/.local/lib/python3.12/site-packages/airflow/example_dags/example_params_ui_tutorial.py for tasks to queue
[2026-06-30T08:35:13.643+0000] {logging_mixin.py:188} INFO - [2026-06-30T08:35:13.643+0000] {dagbag.py:545} INFO - Filling up the DagBag from /home/airflow/.local/lib/python3.12/site-packages/airflow/example_dags/example_params_ui_tutorial.py
[2026-06-30T08:35:13.652+0000] {processor.py:840} INFO - DAG(s) 'example_params_ui_tutorial' retrieved from /home/airflow/.local/lib/python3.12/site-packages/airflow/example_dags/example_params_ui_tutorial.py
[2026-06-30T08:35:13.683+0000] {logging_mixin.py:188} INFO - [2026-06-30T08:35:13.682+0000] {dag.py:3096} INFO - Sync 1 DAGs
[2026-06-30T08:35:13.690+0000] {logging_mixin.py:188} INFO - [2026-06-30T08:35:13.690+0000] {dag.py:3954} INFO - Setting next_dagrun for example_params_ui_tutorial to None, run_after=None
[2026-06-30T08:35:13.703+0000] {processor.py:183} INFO - Processing /home/airflow/.local/lib/python3.12/site-packages/airflow/example_dags/example_params_ui_tutorial.py took 0.065 seconds
[2026-06-30T08:35:43.960+0000] {processor.py:161} INFO - Started process (PID=23722) to work on /home/airflow/.local/lib/python3.12/site-packages/airflow/example_dags/example_params_ui_tutorial.py
[2026-06-30T08:35:43.961+0000] {processor.py:830} INFO - Processing file /home/airflow/.local/lib/python3.12/site-packages/airflow/example_dags/example_params_ui_tutorial.py for tasks to queue
[2026-06-30T08:35:43.962+0000] {logging_mixin.py:188} INFO - [2026-06-30T08:35:43.961+0000] {dagbag.py:545} INFO - Filling up the DagBag from /home/airflow/.local/lib/python3.12/site-packages/airflow/example_dags/example_params_ui_tutorial.py
[2026-06-30T08:35:43.970+0000] {processor.py:840} INFO - DAG(s) 'example_params_ui_tutorial' retrieved from /home/airflow/.local/lib/python3.12/site-packages/airflow/example_dags/example_params_ui_tutorial.py
[2026-06-30T08:35:44.001+0000] {logging_mixin.py:188} INFO - [2026-06-30T08:35:44.001+0000] {dag.py:3096} INFO - Sync 1 DAGs
[2026-06-30T08:35:44.010+0000] {logging_mixin.py:188} INFO - [2026-06-30T08:35:44.010+0000] {dag.py:3954} INFO - Setting next_dagrun for example_params_ui_tutorial to None, run_after=None
[2026-06-30T08:35:44.022+0000] {processor.py:183} INFO - Processing /home/airflow/.local/lib/python3.12/site-packages/airflow/example_dags/example_params_ui_tutorial.py took 0.066 seconds
[2026-06-30T08:36:14.461+0000] {processor.py:161} INFO - Started process (PID=23780) to work on /home/airflow/.local/lib/python3.12/site-packages/airflow/example_dags/example_params_ui_tutorial.py
[2026-06-30T08:36:14.462+0000] {processor.py:830} INFO - Processing file /home/airflow/.local/lib/python3.12/site-packages/airflow/example_dags/example_params_ui_tutorial.py for tasks to queue
[2026-06-30T08:36:14.464+0000] {logging_mixin.py:188} INFO - [2026-06-30T08:36:14.463+0000] {dagbag.py:545} INFO - Filling up the DagBag from /home/airflow/.local/lib/python3.12/site-packages/airflow/example_dags/example_params_ui_tutorial.py
[2026-06-30T08:36:14.479+0000] {processor.py:840} INFO - DAG(s) 'example_params_ui_tutorial' retrieved from /home/airflow/.local/lib/python3.12/site-packages/airflow/example_dags/example_params_ui_tutorial.py
[2026-06-30T08:36:14.519+0000] {logging_mixin.py:188} INFO - [2026-06-30T08:36:14.519+0000] {dag.py:3096} INFO - Sync 1 DAGs
[2026-06-30T08:36:14.529+0000] {logging_mixin.py:188} INFO - [2026-06-30T08:36:14.529+0000] {dag.py:3954} INFO - Setting next_dagrun for example_params_ui_tutorial to None, run_after=None
[2026-06-30T08:36:14.545+0000] {processor.py:183} INFO - Processing /home/airflow/.local/lib/python3.12/site-packages/airflow/example_dags/example_params_ui_tutorial.py took 0.091 seconds
[2026-06-30T08:36:44.791+0000] {processor.py:161} INFO - Started process (PID=23839) to work on /home/airflow/.local/lib/python3.12/site-packages/airflow/example_dags/example_params_ui_tutorial.py
[2026-06-30T08:36:44.792+0000] {processor.py:830} INFO - Processing file /home/airflow/.local/lib/python3.12/site-packages/airflow/example_dags/example_params_ui_tutorial.py for tasks to queue
[2026-06-30T08:36:44.792+0000] {logging_mixin.py:188} INFO - [2026-06-30T08:36:44.792+0000] {dagbag.py:545} INFO - Filling up the DagBag from /home/airflow/.local/lib/python3.12/site-packages/airflow/example_dags/example_params_ui_tutorial.py
[2026-06-30T08:36:44.800+0000] {processor.py:840} INFO - DAG(s) 'example_params_ui_tutorial' retrieved from /home/airflow/.local/lib/python3.12/site-packages/airflow/example_dags/example_params_ui_tutorial.py
[2026-06-30T08:36:44.833+0000] {logging_mixin.py:188} INFO - [2026-06-30T08:36:44.833+0000] {dag.py:3096} INFO - Sync 1 DAGs
[2026-06-30T08:36:44.843+0000] {logging_mixin.py:188} INFO - [2026-06-30T08:36:44.843+0000] {dag.py:3954} INFO - Setting next_dagrun for example_params_ui_tutorial to None, run_after=None
[2026-06-30T08:36:44.857+0000] {processor.py:183} INFO - Processing /home/airflow/.local/lib/python3.12/site-packages/airflow/example_dags/example_params_ui_tutorial.py took 0.070 seconds
[2026-06-30T08:37:15.063+0000] {processor.py:161} INFO - Started process (PID=23895) to work on /home/airflow/.local/lib/python3.12/site-packages/airflow/example_dags/example_params_ui_tutorial.py
[2026-06-30T08:37:15.064+0000] {processor.py:830} INFO - Processing file /home/airflow/.local/lib/python3.12/site-packages/airflow/example_dags/example_params_ui_tutorial.py for tasks to queue
[2026-06-30T08:37:15.065+0000] {logging_mixin.py:188} INFO - [2026-06-30T08:37:15.065+0000] {dagbag.py:545} INFO - Filling up the DagBag from /home/airflow/.local/lib/python3.12/site-packages/airflow/example_dags/example_params_ui_tutorial.py
[2026-06-30T08:37:15.073+0000] {processor.py:840} INFO - DAG(s) 'example_params_ui_tutorial' retrieved from /home/airflow/.local/lib/python3.12/site-packages/airflow/example_dags/example_params_ui_tutorial.py
[2026-06-30T08:37:15.103+0000] {logging_mixin.py:188} INFO - [2026-06-30T08:37:15.103+0000] {dag.py:3096} INFO - Sync 1 DAGs
[2026-06-30T08:37:15.112+0000] {logging_mixin.py:188} INFO - [2026-06-30T08:37:15.112+0000] {dag.py:3954} INFO - Setting next_dagrun for example_params_ui_tutorial to None, run_after=None
[2026-06-30T08:37:15.126+0000] {processor.py:183} INFO - Processing /home/airflow/.local/lib/python3.12/site-packages/airflow/example_dags/example_params_ui_tutorial.py took 0.066 seconds
[2026-06-30T08:37:45.374+0000] {processor.py:161} INFO - Started process (PID=23953) to work on /home/airflow/.local/lib/python3.12/site-packages/airflow/example_dags/example_params_ui_tutorial.py
[2026-06-30T08:37:45.374+0000] {processor.py:830} INFO - Processing file /home/airflow/.local/lib/python3.12/site-packages/airflow/example_dags/example_params_ui_tutorial.py for tasks to queue
[2026-06-30T08:37:45.375+0000] {logging_mixin.py:188} INFO - [2026-06-30T08:37:45.375+0000] {dagbag.py:545} INFO - Filling up the DagBag from /home/airflow/.local/lib/python3.12/site-packages/airflow/example_dags/example_params_ui_tutorial.py
[2026-06-30T08:37:45.383+0000] {processor.py:840} INFO - DAG(s) 'example_params_ui_tutorial' retrieved from /home/airflow/.local/lib/python3.12/site-packages/airflow/example_dags/example_params_ui_tutorial.py
[2026-06-30T08:37:45.414+0000] {logging_mixin.py:188} INFO - [2026-06-30T08:37:45.414+0000] {dag.py:3096} INFO - Sync 1 DAGs
[2026-06-30T08:37:45.422+0000] {logging_mixin.py:188} INFO - [2026-06-30T08:37:45.422+0000] {dag.py:3954} INFO - Setting next_dagrun for example_params_ui_tutorial to None, run_after=None
[2026-06-30T08:37:45.436+0000] {processor.py:183} INFO - Processing /home/airflow/.local/lib/python3.12/site-packages/airflow/example_dags/example_params_ui_tutorial.py took 0.066 seconds
[2026-06-30T08:38:16.045+0000] {processor.py:161} INFO - Started process (PID=24011) to work on /home/airflow/.local/lib/python3.12/site-packages/airflow/example_dags/example_params_ui_tutorial.py
[2026-06-30T08:38:16.046+0000] {processor.py:830} INFO - Processing file /home/airflow/.local/lib/python3.12/site-packages/airflow/example_dags/example_params_ui_tutorial.py for tasks to queue
[2026-06-30T08:38:16.046+0000] {logging_mixin.py:188} INFO - [2026-06-30T08:38:16.046+0000] {dagbag.py:545} INFO - Filling up the DagBag from /home/airflow/.local/lib/python3.12/site-packages/airflow/example_dags/example_params_ui_tutorial.py
[2026-06-30T08:38:16.055+0000] {processor.py:840} INFO - DAG(s) 'example_params_ui_tutorial' retrieved from /home/airflow/.local/lib/python3.12/site-packages/airflow/example_dags/example_params_ui_tutorial.py
[2026-06-30T08:38:16.087+0000] {logging_mixin.py:188} INFO - [2026-06-30T08:38:16.087+0000] {dag.py:3096} INFO - Sync 1 DAGs
[2026-06-30T08:38:16.095+0000] {logging_mixin.py:188} INFO - [2026-06-30T08:38:16.095+0000] {dag.py:3954} INFO - Setting next_dagrun for example_params_ui_tutorial to None, run_after=None
[2026-06-30T08:38:16.108+0000] {processor.py:183} INFO - Processing /home/airflow/.local/lib/python3.12/site-packages/airflow/example_dags/example_params_ui_tutorial.py took 0.068 seconds
[2026-06-30T08:38:46.409+0000] {processor.py:161} INFO - Started process (PID=24069) to work on /home/airflow/.local/lib/python3.12/site-packages/airflow/example_dags/example_params_ui_tutorial.py
[2026-06-30T08:38:46.410+0000] {processor.py:830} INFO - Processing file /home/airflow/.local/lib/python3.12/site-packages/airflow/example_dags/example_params_ui_tutorial.py for tasks to queue
[2026-06-30T08:38:46.410+0000] {logging_mixin.py:188} INFO - [2026-06-30T08:38:46.410+0000] {dagbag.py:545} INFO - Filling up the DagBag from /home/airflow/.local/lib/python3.12/site-packages/airflow/example_dags/example_params_ui_tutorial.py
[2026-06-30T08:38:46.420+0000] {processor.py:840} INFO - DAG(s) 'example_params_ui_tutorial' retrieved from /home/airflow/.local/lib/python3.12/site-packages/airflow/example_dags/example_params_ui_tutorial.py
[2026-06-30T08:38:46.456+0000] {logging_mixin.py:188} INFO - [2026-06-30T08:38:46.456+0000] {dag.py:3096} INFO - Sync 1 DAGs
[2026-06-30T08:38:46.465+0000] {logging_mixin.py:188} INFO - [2026-06-30T08:38:46.464+0000] {dag.py:3954} INFO - Setting next_dagrun for example_params_ui_tutorial to None, run_after=None
[2026-06-30T08:38:46.480+0000] {processor.py:183} INFO - Processing /home/airflow/.local/lib/python3.12/site-packages/airflow/example_dags/example_params_ui_tutorial.py took 0.076 seconds
[2026-06-30T08:39:17.063+0000] {processor.py:161} INFO - Started process (PID=24127) to work on /home/airflow/.local/lib/python3.12/site-packages/airflow/example_dags/example_params_ui_tutorial.py
[2026-06-30T08:39:17.064+0000] {processor.py:830} INFO - Processing file /home/airflow/.local/lib/python3.12/site-packages/airflow/example_dags/example_params_ui_tutorial.py for tasks to queue
[2026-06-30T08:39:17.065+0000] {logging_mixin.py:188} INFO - [2026-06-30T08:39:17.065+0000] {dagbag.py:545} INFO - Filling up the DagBag from /home/airflow/.local/lib/python3.12/site-packages/airflow/example_dags/example_params_ui_tutorial.py
[2026-06-30T08:39:17.074+0000] {processor.py:840} INFO - DAG(s) 'example_params_ui_tutorial' retrieved from /home/airflow/.local/lib/python3.12/site-packages/airflow/example_dags/example_params_ui_tutorial.py
[2026-06-30T08:39:17.107+0000] {logging_mixin.py:188} INFO - [2026-06-30T08:39:17.107+0000] {dag.py:3096} INFO - Sync 1 DAGs
[2026-06-30T08:39:17.116+0000] {logging_mixin.py:188} INFO - [2026-06-30T08:39:17.116+0000] {dag.py:3954} INFO - Setting next_dagrun for example_params_ui_tutorial to None, run_after=None
[2026-06-30T08:39:17.129+0000] {processor.py:183} INFO - Processing /home/airflow/.local/lib/python3.12/site-packages/airflow/example_dags/example_params_ui_tutorial.py took 0.070 seconds
[2026-06-30T08:39:47.693+0000] {processor.py:161} INFO - Started process (PID=24185) to work on /home/airflow/.local/lib/python3.12/site-packages/airflow/example_dags/example_params_ui_tutorial.py
[2026-06-30T08:39:47.694+0000] {processor.py:830} INFO - Processing file /home/airflow/.local/lib/python3.12/site-packages/airflow/example_dags/example_params_ui_tutorial.py for tasks to queue
[2026-06-30T08:39:47.695+0000] {logging_mixin.py:188} INFO - [2026-06-30T08:39:47.694+0000] {dagbag.py:545} INFO - Filling up the DagBag from /home/airflow/.local/lib/python3.12/site-packages/airflow/example_dags/example_params_ui_tutorial.py
[2026-06-30T08:39:47.704+0000] {processor.py:840} INFO - DAG(s) 'example_params_ui_tutorial' retrieved from /home/airflow/.local/lib/python3.12/site-packages/airflow/example_dags/example_params_ui_tutorial.py
[2026-06-30T08:39:47.742+0000] {logging_mixin.py:188} INFO - [2026-06-30T08:39:47.742+0000] {dag.py:3096} INFO - Sync 1 DAGs
[2026-06-30T08:39:47.752+0000] {logging_mixin.py:188} INFO - [2026-06-30T08:39:47.752+0000] {dag.py:3954} INFO - Setting next_dagrun for example_params_ui_tutorial to None, run_after=None
[2026-06-30T08:39:47.767+0000] {processor.py:183} INFO - Processing /home/airflow/.local/lib/python3.12/site-packages/airflow/example_dags/example_params_ui_tutorial.py took 0.079 seconds
[2026-06-30T08:40:18.291+0000] {processor.py:161} INFO - Started process (PID=24243) to work on /home/airflow/.local/lib/python3.12/site-packages/airflow/example_dags/example_params_ui_tutorial.py
[2026-06-30T08:40:18.292+0000] {processor.py:830} INFO - Processing file /home/airflow/.local/lib/python3.12/site-packages/airflow/example_dags/example_params_ui_tutorial.py for tasks to queue
[2026-06-30T08:40:18.293+0000] {logging_mixin.py:188} INFO - [2026-06-30T08:40:18.293+0000] {dagbag.py:545} INFO - Filling up the DagBag from /home/airflow/.local/lib/python3.12/site-packages/airflow/example_dags/example_params_ui_tutorial.py
[2026-06-30T08:40:18.302+0000] {processor.py:840} INFO - DAG(s) 'example_params_ui_tutorial' retrieved from /home/airflow/.local/lib/python3.12/site-packages/airflow/example_dags/example_params_ui_tutorial.py
[2026-06-30T08:40:18.335+0000] {logging_mixin.py:188} INFO - [2026-06-30T08:40:18.335+0000] {dag.py:3096} INFO - Sync 1 DAGs
[2026-06-30T08:40:18.344+0000] {logging_mixin.py:188} INFO - [2026-06-30T08:40:18.344+0000] {dag.py:3954} INFO - Setting next_dagrun for example_params_ui_tutorial to None, run_after=None
[2026-06-30T08:40:18.358+0000] {processor.py:183} INFO - Processing /home/airflow/.local/lib/python3.12/site-packages/airflow/example_dags/example_params_ui_tutorial.py took 0.071 seconds
[2026-06-30T08:40:48.806+0000] {processor.py:161} INFO - Started process (PID=24301) to work on /home/airflow/.local/lib/python3.12/site-packages/airflow/example_dags/example_params_ui_tutorial.py
[2026-06-30T08:40:48.808+0000] {processor.py:830} INFO - Processing file /home/airflow/.local/lib/python3.12/site-packages/airflow/example_dags/example_params_ui_tutorial.py for tasks to queue
[2026-06-30T08:40:48.809+0000] {logging_mixin.py:188} INFO - [2026-06-30T08:40:48.808+0000] {dagbag.py:545} INFO - Filling up the DagBag from /home/airflow/.local/lib/python3.12/site-packages/airflow/example_dags/example_params_ui_tutorial.py
[2026-06-30T08:40:48.820+0000] {processor.py:840} INFO - DAG(s) 'example_params_ui_tutorial' retrieved from /home/airflow/.local/lib/python3.12/site-packages/airflow/example_dags/example_params_ui_tutorial.py
[2026-06-30T08:40:48.861+0000] {logging_mixin.py:188} INFO - [2026-06-30T08:40:48.861+0000] {dag.py:3096} INFO - Sync 1 DAGs
[2026-06-30T08:40:48.873+0000] {logging_mixin.py:188} INFO - [2026-06-30T08:40:48.872+0000] {dag.py:3954} INFO - Setting next_dagrun for example_params_ui_tutorial to None, run_after=None
[2026-06-30T08:40:48.892+0000] {processor.py:183} INFO - Processing /home/airflow/.local/lib/python3.12/site-packages/airflow/example_dags/example_params_ui_tutorial.py took 0.091 seconds
[2026-06-30T08:41:19.804+0000] {processor.py:161} INFO - Started process (PID=24359) to work on /home/airflow/.local/lib/python3.12/site-packages/airflow/example_dags/example_params_ui_tutorial.py
[2026-06-30T08:41:19.806+0000] {processor.py:830} INFO - Processing file /home/airflow/.local/lib/python3.12/site-packages/airflow/example_dags/example_params_ui_tutorial.py for tasks to queue
[2026-06-30T08:41:19.809+0000] {logging_mixin.py:188} INFO - [2026-06-30T08:41:19.808+0000] {dagbag.py:545} INFO - Filling up the DagBag from /home/airflow/.local/lib/python3.12/site-packages/airflow/example_dags/example_params_ui_tutorial.py
[2026-06-30T08:41:19.836+0000] {processor.py:840} INFO - DAG(s) 'example_params_ui_tutorial' retrieved from /home/airflow/.local/lib/python3.12/site-packages/airflow/example_dags/example_params_ui_tutorial.py
[2026-06-30T08:41:19.967+0000] {logging_mixin.py:188} INFO - [2026-06-30T08:41:19.967+0000] {dag.py:3096} INFO - Sync 1 DAGs
[2026-06-30T08:41:19.987+0000] {logging_mixin.py:188} INFO - [2026-06-30T08:41:19.987+0000] {dag.py:3954} INFO - Setting next_dagrun for example_params_ui_tutorial to None, run_after=None
[2026-06-30T08:41:20.103+0000] {processor.py:183} INFO - Processing /home/airflow/.local/lib/python3.12/site-packages/airflow/example_dags/example_params_ui_tutorial.py took 0.306 seconds
[2026-06-30T08:41:50.795+0000] {processor.py:161} INFO - Started process (PID=24417) to work on /home/airflow/.local/lib/python3.12/site-packages/airflow/example_dags/example_params_ui_tutorial.py
[2026-06-30T08:41:50.796+0000] {processor.py:830} INFO - Processing file /home/airflow/.local/lib/python3.12/site-packages/airflow/example_dags/example_params_ui_tutorial.py for tasks to queue
[2026-06-30T08:41:50.796+0000] {logging_mixin.py:188} INFO - [2026-06-30T08:41:50.796+0000] {dagbag.py:545} INFO - Filling up the DagBag from /home/airflow/.local/lib/python3.12/site-packages/airflow/example_dags/example_params_ui_tutorial.py
[2026-06-30T08:41:50.804+0000] {processor.py:840} INFO - DAG(s) 'example_params_ui_tutorial' retrieved from /home/airflow/.local/lib/python3.12/site-packages/airflow/example_dags/example_params_ui_tutorial.py
[2026-06-30T08:41:50.836+0000] {logging_mixin.py:188} INFO - [2026-06-30T08:41:50.836+0000] {dag.py:3096} INFO - Sync 1 DAGs
[2026-06-30T08:41:50.844+0000] {logging_mixin.py:188} INFO - [2026-06-30T08:41:50.844+0000] {dag.py:3954} INFO - Setting next_dagrun for example_params_ui_tutorial to None, run_after=None
[2026-06-30T08:41:50.873+0000] {processor.py:183} INFO - Processing /home/airflow/.local/lib/python3.12/site-packages/airflow/example_dags/example_params_ui_tutorial.py took 0.082 seconds
[2026-06-30T08:42:21.462+0000] {processor.py:161} INFO - Started process (PID=24475) to work on /home/airflow/.local/lib/python3.12/site-packages/airflow/example_dags/example_params_ui_tutorial.py
[2026-06-30T08:42:21.463+0000] {processor.py:830} INFO - Processing file /home/airflow/.local/lib/python3.12/site-packages/airflow/example_dags/example_params_ui_tutorial.py for tasks to queue
[2026-06-30T08:42:21.464+0000] {logging_mixin.py:188} INFO - [2026-06-30T08:42:21.464+0000] {dagbag.py:545} INFO - Filling up the DagBag from /home/airflow/.local/lib/python3.12/site-packages/airflow/example_dags/example_params_ui_tutorial.py
[2026-06-30T08:42:21.473+0000] {processor.py:840} INFO - DAG(s) 'example_params_ui_tutorial' retrieved from /home/airflow/.local/lib/python3.12/site-packages/airflow/example_dags/example_params_ui_tutorial.py
[2026-06-30T08:42:21.504+0000] {logging_mixin.py:188} INFO - [2026-06-30T08:42:21.504+0000] {dag.py:3096} INFO - Sync 1 DAGs
[2026-06-30T08:42:21.512+0000] {logging_mixin.py:188} INFO - [2026-06-30T08:42:21.512+0000] {dag.py:3954} INFO - Setting next_dagrun for example_params_ui_tutorial to None, run_after=None
[2026-06-30T08:42:21.525+0000] {processor.py:183} INFO - Processing /home/airflow/.local/lib/python3.12/site-packages/airflow/example_dags/example_params_ui_tutorial.py took 0.067 seconds
[2026-06-30T08:42:52.294+0000] {processor.py:161} INFO - Started process (PID=24533) to work on /home/airflow/.local/lib/python3.12/site-packages/airflow/example_dags/example_params_ui_tutorial.py
[2026-06-30T08:42:52.296+0000] {processor.py:830} INFO - Processing file /home/airflow/.local/lib/python3.12/site-packages/airflow/example_dags/example_params_ui_tutorial.py for tasks to queue
[2026-06-30T08:42:52.296+0000] {logging_mixin.py:188} INFO - [2026-06-30T08:42:52.296+0000] {dagbag.py:545} INFO - Filling up the DagBag from /home/airflow/.local/lib/python3.12/site-packages/airflow/example_dags/example_params_ui_tutorial.py
[2026-06-30T08:42:52.305+0000] {processor.py:840} INFO - DAG(s) 'example_params_ui_tutorial' retrieved from /home/airflow/.local/lib/python3.12/site-packages/airflow/example_dags/example_params_ui_tutorial.py
[2026-06-30T08:42:52.338+0000] {logging_mixin.py:188} INFO - [2026-06-30T08:42:52.338+0000] {dag.py:3096} INFO - Sync 1 DAGs
[2026-06-30T08:42:52.348+0000] {logging_mixin.py:188} INFO - [2026-06-30T08:42:52.348+0000] {dag.py:3954} INFO - Setting next_dagrun for example_params_ui_tutorial to None, run_after=None
[2026-06-30T08:42:52.363+0000] {processor.py:183} INFO - Processing /home/airflow/.local/lib/python3.12/site-packages/airflow/example_dags/example_params_ui_tutorial.py took 0.073 seconds
[2026-06-30T08:43:23.255+0000] {processor.py:161} INFO - Started process (PID=24591) to work on /home/airflow/.local/lib/python3.12/site-packages/airflow/example_dags/example_params_ui_tutorial.py
[2026-06-30T08:43:23.256+0000] {processor.py:830} INFO - Processing file /home/airflow/.local/lib/python3.12/site-packages/airflow/example_dags/example_params_ui_tutorial.py for tasks to queue
[2026-06-30T08:43:23.257+0000] {logging_mixin.py:188} INFO - [2026-06-30T08:43:23.257+0000] {dagbag.py:545} INFO - Filling up the DagBag from /home/airflow/.local/lib/python3.12/site-packages/airflow/example_dags/example_params_ui_tutorial.py
[2026-06-30T08:43:23.268+0000] {processor.py:840} INFO - DAG(s) 'example_params_ui_tutorial' retrieved from /home/airflow/.local/lib/python3.12/site-packages/airflow/example_dags/example_params_ui_tutorial.py
[2026-06-30T08:43:23.302+0000] {logging_mixin.py:188} INFO - [2026-06-30T08:43:23.302+0000] {dag.py:3096} INFO - Sync 1 DAGs
[2026-06-30T08:43:23.312+0000] {logging_mixin.py:188} INFO - [2026-06-30T08:43:23.312+0000] {dag.py:3954} INFO - Setting next_dagrun for example_params_ui_tutorial to None, run_after=None
[2026-06-30T08:43:23.328+0000] {processor.py:183} INFO - Processing /home/airflow/.local/lib/python3.12/site-packages/airflow/example_dags/example_params_ui_tutorial.py took 0.078 seconds
[2026-06-30T08:43:53.547+0000] {processor.py:161} INFO - Started process (PID=24649) to work on /home/airflow/.local/lib/python3.12/site-packages/airflow/example_dags/example_params_ui_tutorial.py
[2026-06-30T08:43:53.548+0000] {processor.py:830} INFO - Processing file /home/airflow/.local/lib/python3.12/site-packages/airflow/example_dags/example_params_ui_tutorial.py for tasks to queue
[2026-06-30T08:43:53.549+0000] {logging_mixin.py:188} INFO - [2026-06-30T08:43:53.549+0000] {dagbag.py:545} INFO - Filling up the DagBag from /home/airflow/.local/lib/python3.12/site-packages/airflow/example_dags/example_params_ui_tutorial.py
[2026-06-30T08:43:53.557+0000] {processor.py:840} INFO - DAG(s) 'example_params_ui_tutorial' retrieved from /home/airflow/.local/lib/python3.12/site-packages/airflow/example_dags/example_params_ui_tutorial.py
[2026-06-30T08:43:53.589+0000] {logging_mixin.py:188} INFO - [2026-06-30T08:43:53.589+0000] {dag.py:3096} INFO - Sync 1 DAGs
[2026-06-30T08:43:53.598+0000] {logging_mixin.py:188} INFO - [2026-06-30T08:43:53.598+0000] {dag.py:3954} INFO - Setting next_dagrun for example_params_ui_tutorial to None, run_after=None
[2026-06-30T08:43:53.612+0000] {processor.py:183} INFO - Processing /home/airflow/.local/lib/python3.12/site-packages/airflow/example_dags/example_params_ui_tutorial.py took 0.069 seconds
[2026-06-30T08:44:23.859+0000] {processor.py:161} INFO - Started process (PID=24707) to work on /home/airflow/.local/lib/python3.12/site-packages/airflow/example_dags/example_params_ui_tutorial.py
[2026-06-30T08:44:23.860+0000] {processor.py:830} INFO - Processing file /home/airflow/.local/lib/python3.12/site-packages/airflow/example_dags/example_params_ui_tutorial.py for tasks to queue
[2026-06-30T08:44:23.861+0000] {logging_mixin.py:188} INFO - [2026-06-30T08:44:23.861+0000] {dagbag.py:545} INFO - Filling up the DagBag from /home/airflow/.local/lib/python3.12/site-packages/airflow/example_dags/example_params_ui_tutorial.py
[2026-06-30T08:44:23.870+0000] {processor.py:840} INFO - DAG(s) 'example_params_ui_tutorial' retrieved from /home/airflow/.local/lib/python3.12/site-packages/airflow/example_dags/example_params_ui_tutorial.py
[2026-06-30T08:44:23.903+0000] {logging_mixin.py:188} INFO - [2026-06-30T08:44:23.902+0000] {dag.py:3096} INFO - Sync 1 DAGs
[2026-06-30T08:44:23.911+0000] {logging_mixin.py:188} INFO - [2026-06-30T08:44:23.911+0000] {dag.py:3954} INFO - Setting next_dagrun for example_params_ui_tutorial to None, run_after=None
[2026-06-30T08:44:23.925+0000] {processor.py:183} INFO - Processing /home/airflow/.local/lib/python3.12/site-packages/airflow/example_dags/example_params_ui_tutorial.py took 0.070 seconds
[2026-06-30T08:44:54.405+0000] {processor.py:161} INFO - Started process (PID=24765) to work on /home/airflow/.local/lib/python3.12/site-packages/airflow/example_dags/example_params_ui_tutorial.py
[2026-06-30T08:44:54.406+0000] {processor.py:830} INFO - Processing file /home/airflow/.local/lib/python3.12/site-packages/airflow/example_dags/example_params_ui_tutorial.py for tasks to queue
[2026-06-30T08:44:54.408+0000] {logging_mixin.py:188} INFO - [2026-06-30T08:44:54.408+0000] {dagbag.py:545} INFO - Filling up the DagBag from /home/airflow/.local/lib/python3.12/site-packages/airflow/example_dags/example_params_ui_tutorial.py
[2026-06-30T08:44:54.417+0000] {processor.py:840} INFO - DAG(s) 'example_params_ui_tutorial' retrieved from /home/airflow/.local/lib/python3.12/site-packages/airflow/example_dags/example_params_ui_tutorial.py
[2026-06-30T08:44:54.451+0000] {logging_mixin.py:188} INFO - [2026-06-30T08:44:54.451+0000] {dag.py:3096} INFO - Sync 1 DAGs
[2026-06-30T08:44:54.461+0000] {logging_mixin.py:188} INFO - [2026-06-30T08:44:54.461+0000] {dag.py:3954} INFO - Setting next_dagrun for example_params_ui_tutorial to None, run_after=None
[2026-06-30T08:44:54.477+0000] {processor.py:183} INFO - Processing /home/airflow/.local/lib/python3.12/site-packages/airflow/example_dags/example_params_ui_tutorial.py took 0.076 seconds
[2026-06-30T08:45:24.993+0000] {processor.py:161} INFO - Started process (PID=24823) to work on /home/airflow/.local/lib/python3.12/site-packages/airflow/example_dags/example_params_ui_tutorial.py
[2026-06-30T08:45:24.994+0000] {processor.py:830} INFO - Processing file /home/airflow/.local/lib/python3.12/site-packages/airflow/example_dags/example_params_ui_tutorial.py for tasks to queue
[2026-06-30T08:45:24.995+0000] {logging_mixin.py:188} INFO - [2026-06-30T08:45:24.994+0000] {dagbag.py:545} INFO - Filling up the DagBag from /home/airflow/.local/lib/python3.12/site-packages/airflow/example_dags/example_params_ui_tutorial.py
[2026-06-30T08:45:25.003+0000] {processor.py:840} INFO - DAG(s) 'example_params_ui_tutorial' retrieved from /home/airflow/.local/lib/python3.12/site-packages/airflow/example_dags/example_params_ui_tutorial.py
[2026-06-30T08:45:25.033+0000] {logging_mixin.py:188} INFO - [2026-06-30T08:45:25.033+0000] {dag.py:3096} INFO - Sync 1 DAGs
[2026-06-30T08:45:25.041+0000] {logging_mixin.py:188} INFO - [2026-06-30T08:45:25.041+0000] {dag.py:3954} INFO - Setting next_dagrun for example_params_ui_tutorial to None, run_after=None
[2026-06-30T08:45:25.070+0000] {processor.py:183} INFO - Processing /home/airflow/.local/lib/python3.12/site-packages/airflow/example_dags/example_params_ui_tutorial.py took 0.081 seconds
[2026-06-30T08:45:55.742+0000] {processor.py:161} INFO - Started process (PID=24881) to work on /home/airflow/.local/lib/python3.12/site-packages/airflow/example_dags/example_params_ui_tutorial.py
[2026-06-30T08:45:55.743+0000] {processor.py:830} INFO - Processing file /home/airflow/.local/lib/python3.12/site-packages/airflow/example_dags/example_params_ui_tutorial.py for tasks to queue
[2026-06-30T08:45:55.744+0000] {logging_mixin.py:188} INFO - [2026-06-30T08:45:55.744+0000] {dagbag.py:545} INFO - Filling up the DagBag from /home/airflow/.local/lib/python3.12/site-packages/airflow/example_dags/example_params_ui_tutorial.py
[2026-06-30T08:45:55.756+0000] {processor.py:840} INFO - DAG(s) 'example_params_ui_tutorial' retrieved from /home/airflow/.local/lib/python3.12/site-packages/airflow/example_dags/example_params_ui_tutorial.py
[2026-06-30T08:45:55.799+0000] {logging_mixin.py:188} INFO - [2026-06-30T08:45:55.798+0000] {dag.py:3096} INFO - Sync 1 DAGs
[2026-06-30T08:45:55.810+0000] {logging_mixin.py:188} INFO - [2026-06-30T08:45:55.810+0000] {dag.py:3954} INFO - Setting next_dagrun for example_params_ui_tutorial to None, run_after=None
[2026-06-30T08:45:55.827+0000] {processor.py:183} INFO - Processing /home/airflow/.local/lib/python3.12/site-packages/airflow/example_dags/example_params_ui_tutorial.py took 0.090 seconds
[2026-06-30T08:46:26.267+0000] {processor.py:161} INFO - Started process (PID=24939) to work on /home/airflow/.local/lib/python3.12/site-packages/airflow/example_dags/example_params_ui_tutorial.py
[2026-06-30T08:46:26.268+0000] {processor.py:830} INFO - Processing file /home/airflow/.local/lib/python3.12/site-packages/airflow/example_dags/example_params_ui_tutorial.py for tasks to queue
[2026-06-30T08:46:26.269+0000] {logging_mixin.py:188} INFO - [2026-06-30T08:46:26.269+0000] {dagbag.py:545} INFO - Filling up the DagBag from /home/airflow/.local/lib/python3.12/site-packages/airflow/example_dags/example_params_ui_tutorial.py
[2026-06-30T08:46:26.285+0000] {processor.py:840} INFO - DAG(s) 'example_params_ui_tutorial' retrieved from /home/airflow/.local/lib/python3.12/site-packages/airflow/example_dags/example_params_ui_tutorial.py
[2026-06-30T08:46:26.333+0000] {logging_mixin.py:188} INFO - [2026-06-30T08:46:26.333+0000] {dag.py:3096} INFO - Sync 1 DAGs
[2026-06-30T08:46:26.346+0000] {logging_mixin.py:188} INFO - [2026-06-30T08:46:26.345+0000] {dag.py:3954} INFO - Setting next_dagrun for example_params_ui_tutorial to None, run_after=None
[2026-06-30T08:46:26.370+0000] {processor.py:183} INFO - Processing /home/airflow/.local/lib/python3.12/site-packages/airflow/example_dags/example_params_ui_tutorial.py took 0.109 seconds
[2026-06-30T08:46:56.818+0000] {processor.py:161} INFO - Started process (PID=24997) to work on /home/airflow/.local/lib/python3.12/site-packages/airflow/example_dags/example_params_ui_tutorial.py
[2026-06-30T08:46:56.819+0000] {processor.py:830} INFO - Processing file /home/airflow/.local/lib/python3.12/site-packages/airflow/example_dags/example_params_ui_tutorial.py for tasks to queue
[2026-06-30T08:46:56.820+0000] {logging_mixin.py:188} INFO - [2026-06-30T08:46:56.820+0000] {dagbag.py:545} INFO - Filling up the DagBag from /home/airflow/.local/lib/python3.12/site-packages/airflow/example_dags/example_params_ui_tutorial.py
[2026-06-30T08:46:56.833+0000] {processor.py:840} INFO - DAG(s) 'example_params_ui_tutorial' retrieved from /home/airflow/.local/lib/python3.12/site-packages/airflow/example_dags/example_params_ui_tutorial.py
[2026-06-30T08:46:56.873+0000] {logging_mixin.py:188} INFO - [2026-06-30T08:46:56.873+0000] {dag.py:3096} INFO - Sync 1 DAGs
[2026-06-30T08:46:56.882+0000] {logging_mixin.py:188} INFO - [2026-06-30T08:46:56.882+0000] {dag.py:3954} INFO - Setting next_dagrun for example_params_ui_tutorial to None, run_after=None
[2026-06-30T08:46:56.896+0000] {processor.py:183} INFO - Processing /home/airflow/.local/lib/python3.12/site-packages/airflow/example_dags/example_params_ui_tutorial.py took 0.085 seconds
[2026-06-30T08:47:27.213+0000] {processor.py:161} INFO - Started process (PID=25055) to work on /home/airflow/.local/lib/python3.12/site-packages/airflow/example_dags/example_params_ui_tutorial.py
[2026-06-30T08:47:27.213+0000] {processor.py:830} INFO - Processing file /home/airflow/.local/lib/python3.12/site-packages/airflow/example_dags/example_params_ui_tutorial.py for tasks to queue
[2026-06-30T08:47:27.214+0000] {logging_mixin.py:188} INFO - [2026-06-30T08:47:27.214+0000] {dagbag.py:545} INFO - Filling up the DagBag from /home/airflow/.local/lib/python3.12/site-packages/airflow/example_dags/example_params_ui_tutorial.py
[2026-06-30T08:47:27.223+0000] {processor.py:840} INFO - DAG(s) 'example_params_ui_tutorial' retrieved from /home/airflow/.local/lib/python3.12/site-packages/airflow/example_dags/example_params_ui_tutorial.py
[2026-06-30T08:47:27.258+0000] {logging_mixin.py:188} INFO - [2026-06-30T08:47:27.258+0000] {dag.py:3096} INFO - Sync 1 DAGs
[2026-06-30T08:47:27.268+0000] {logging_mixin.py:188} INFO - [2026-06-30T08:47:27.268+0000] {dag.py:3954} INFO - Setting next_dagrun for example_params_ui_tutorial to None, run_after=None
[2026-06-30T08:47:27.281+0000] {processor.py:183} INFO - Processing /home/airflow/.local/lib/python3.12/site-packages/airflow/example_dags/example_params_ui_tutorial.py took 0.073 seconds
[2026-06-30T08:47:57.874+0000] {processor.py:161} INFO - Started process (PID=25113) to work on /home/airflow/.local/lib/python3.12/site-packages/airflow/example_dags/example_params_ui_tutorial.py
[2026-06-30T08:47:57.876+0000] {processor.py:830} INFO - Processing file /home/airflow/.local/lib/python3.12/site-packages/airflow/example_dags/example_params_ui_tutorial.py for tasks to queue
[2026-06-30T08:47:57.878+0000] {logging_mixin.py:188} INFO - [2026-06-30T08:47:57.878+0000] {dagbag.py:545} INFO - Filling up the DagBag from /home/airflow/.local/lib/python3.12/site-packages/airflow/example_dags/example_params_ui_tutorial.py
[2026-06-30T08:47:57.902+0000] {processor.py:840} INFO - DAG(s) 'example_params_ui_tutorial' retrieved from /home/airflow/.local/lib/python3.12/site-packages/airflow/example_dags/example_params_ui_tutorial.py
[2026-06-30T08:47:57.971+0000] {logging_mixin.py:188} INFO - [2026-06-30T08:47:57.970+0000] {dag.py:3096} INFO - Sync 1 DAGs
[2026-06-30T08:47:57.988+0000] {logging_mixin.py:188} INFO - [2026-06-30T08:47:57.988+0000] {dag.py:3954} INFO - Setting next_dagrun for example_params_ui_tutorial to None, run_after=None
[2026-06-30T08:47:58.010+0000] {processor.py:183} INFO - Processing /home/airflow/.local/lib/python3.12/site-packages/airflow/example_dags/example_params_ui_tutorial.py took 0.146 seconds
[2026-06-30T08:48:28.402+0000] {processor.py:161} INFO - Started process (PID=25171) to work on /home/airflow/.local/lib/python3.12/site-packages/airflow/example_dags/example_params_ui_tutorial.py
[2026-06-30T08:48:28.403+0000] {processor.py:830} INFO - Processing file /home/airflow/.local/lib/python3.12/site-packages/airflow/example_dags/example_params_ui_tutorial.py for tasks to queue
[2026-06-30T08:48:28.404+0000] {logging_mixin.py:188} INFO - [2026-06-30T08:48:28.404+0000] {dagbag.py:545} INFO - Filling up the DagBag from /home/airflow/.local/lib/python3.12/site-packages/airflow/example_dags/example_params_ui_tutorial.py
[2026-06-30T08:48:28.412+0000] {processor.py:840} INFO - DAG(s) 'example_params_ui_tutorial' retrieved from /home/airflow/.local/lib/python3.12/site-packages/airflow/example_dags/example_params_ui_tutorial.py
[2026-06-30T08:48:28.447+0000] {logging_mixin.py:188} INFO - [2026-06-30T08:48:28.447+0000] {dag.py:3096} INFO - Sync 1 DAGs
[2026-06-30T08:48:28.457+0000] {logging_mixin.py:188} INFO - [2026-06-30T08:48:28.457+0000] {dag.py:3954} INFO - Setting next_dagrun for example_params_ui_tutorial to None, run_after=None
[2026-06-30T08:48:28.470+0000] {processor.py:183} INFO - Processing /home/airflow/.local/lib/python3.12/site-packages/airflow/example_dags/example_params_ui_tutorial.py took 0.072 seconds
[2026-06-30T08:48:58.970+0000] {processor.py:161} INFO - Started process (PID=25229) to work on /home/airflow/.local/lib/python3.12/site-packages/airflow/example_dags/example_params_ui_tutorial.py
[2026-06-30T08:48:58.971+0000] {processor.py:830} INFO - Processing file /home/airflow/.local/lib/python3.12/site-packages/airflow/example_dags/example_params_ui_tutorial.py for tasks to queue
[2026-06-30T08:48:58.971+0000] {logging_mixin.py:188} INFO - [2026-06-30T08:48:58.971+0000] {dagbag.py:545} INFO - Filling up the DagBag from /home/airflow/.local/lib/python3.12/site-packages/airflow/example_dags/example_params_ui_tutorial.py
[2026-06-30T08:48:58.981+0000] {processor.py:840} INFO - DAG(s) 'example_params_ui_tutorial' retrieved from /home/airflow/.local/lib/python3.12/site-packages/airflow/example_dags/example_params_ui_tutorial.py
[2026-06-30T08:48:59.061+0000] {logging_mixin.py:188} INFO - [2026-06-30T08:48:59.061+0000] {dag.py:3096} INFO - Sync 1 DAGs
[2026-06-30T08:48:59.072+0000] {logging_mixin.py:188} INFO - [2026-06-30T08:48:59.072+0000] {dag.py:3954} INFO - Setting next_dagrun for example_params_ui_tutorial to None, run_after=None
[2026-06-30T08:48:59.087+0000] {processor.py:183} INFO - Processing /home/airflow/.local/lib/python3.12/site-packages/airflow/example_dags/example_params_ui_tutorial.py took 0.122 seconds
[2026-06-30T08:49:29.549+0000] {processor.py:161} INFO - Started process (PID=25287) to work on /home/airflow/.local/lib/python3.12/site-packages/airflow/example_dags/example_params_ui_tutorial.py
[2026-06-30T08:49:29.557+0000] {processor.py:830} INFO - Processing file /home/airflow/.local/lib/python3.12/site-packages/airflow/example_dags/example_params_ui_tutorial.py for tasks to queue
[2026-06-30T08:49:29.560+0000] {logging_mixin.py:188} INFO - [2026-06-30T08:49:29.560+0000] {dagbag.py:545} INFO - Filling up the DagBag from /home/airflow/.local/lib/python3.12/site-packages/airflow/example_dags/example_params_ui_tutorial.py
[2026-06-30T08:49:29.570+0000] {processor.py:840} INFO - DAG(s) 'example_params_ui_tutorial' retrieved from /home/airflow/.local/lib/python3.12/site-packages/airflow/example_dags/example_params_ui_tutorial.py
[2026-06-30T08:49:29.606+0000] {logging_mixin.py:188} INFO - [2026-06-30T08:49:29.606+0000] {dag.py:3096} INFO - Sync 1 DAGs
[2026-06-30T08:49:29.616+0000] {logging_mixin.py:188} INFO - [2026-06-30T08:49:29.616+0000] {dag.py:3954} INFO - Setting next_dagrun for example_params_ui_tutorial to None, run_after=None
[2026-06-30T08:49:29.631+0000] {processor.py:183} INFO - Processing /home/airflow/.local/lib/python3.12/site-packages/airflow/example_dags/example_params_ui_tutorial.py took 0.085 seconds
[2026-06-30T08:50:00.101+0000] {processor.py:161} INFO - Started process (PID=25344) to work on /home/airflow/.local/lib/python3.12/site-packages/airflow/example_dags/example_params_ui_tutorial.py
[2026-06-30T08:50:00.102+0000] {processor.py:830} INFO - Processing file /home/airflow/.local/lib/python3.12/site-packages/airflow/example_dags/example_params_ui_tutorial.py for tasks to queue
[2026-06-30T08:50:00.103+0000] {logging_mixin.py:188} INFO - [2026-06-30T08:50:00.102+0000] {dagbag.py:545} INFO - Filling up the DagBag from /home/airflow/.local/lib/python3.12/site-packages/airflow/example_dags/example_params_ui_tutorial.py
[2026-06-30T08:50:00.111+0000] {processor.py:840} INFO - DAG(s) 'example_params_ui_tutorial' retrieved from /home/airflow/.local/lib/python3.12/site-packages/airflow/example_dags/example_params_ui_tutorial.py
[2026-06-30T08:50:00.144+0000] {logging_mixin.py:188} INFO - [2026-06-30T08:50:00.144+0000] {dag.py:3096} INFO - Sync 1 DAGs
[2026-06-30T08:50:00.152+0000] {logging_mixin.py:188} INFO - [2026-06-30T08:50:00.152+0000] {dag.py:3954} INFO - Setting next_dagrun for example_params_ui_tutorial to None, run_after=None
[2026-06-30T08:50:00.166+0000] {processor.py:183} INFO - Processing /home/airflow/.local/lib/python3.12/site-packages/airflow/example_dags/example_params_ui_tutorial.py took 0.069 seconds
[2026-06-30T08:50:30.688+0000] {processor.py:161} INFO - Started process (PID=25402) to work on /home/airflow/.local/lib/python3.12/site-packages/airflow/example_dags/example_params_ui_tutorial.py
[2026-06-30T08:50:30.689+0000] {processor.py:830} INFO - Processing file /home/airflow/.local/lib/python3.12/site-packages/airflow/example_dags/example_params_ui_tutorial.py for tasks to queue
[2026-06-30T08:50:30.690+0000] {logging_mixin.py:188} INFO - [2026-06-30T08:50:30.689+0000] {dagbag.py:545} INFO - Filling up the DagBag from /home/airflow/.local/lib/python3.12/site-packages/airflow/example_dags/example_params_ui_tutorial.py
[2026-06-30T08:50:30.699+0000] {processor.py:840} INFO - DAG(s) 'example_params_ui_tutorial' retrieved from /home/airflow/.local/lib/python3.12/site-packages/airflow/example_dags/example_params_ui_tutorial.py
[2026-06-30T08:50:30.736+0000] {logging_mixin.py:188} INFO - [2026-06-30T08:50:30.736+0000] {dag.py:3096} INFO - Sync 1 DAGs
[2026-06-30T08:50:30.746+0000] {logging_mixin.py:188} INFO - [2026-06-30T08:50:30.746+0000] {dag.py:3954} INFO - Setting next_dagrun for example_params_ui_tutorial to None, run_after=None
[2026-06-30T08:50:30.762+0000] {processor.py:183} INFO - Processing /home/airflow/.local/lib/python3.12/site-packages/airflow/example_dags/example_params_ui_tutorial.py took 0.079 seconds
[2026-06-30T08:51:00.885+0000] {processor.py:161} INFO - Started process (PID=25460) to work on /home/airflow/.local/lib/python3.12/site-packages/airflow/example_dags/example_params_ui_tutorial.py
[2026-06-30T08:51:00.886+0000] {processor.py:830} INFO - Processing file /home/airflow/.local/lib/python3.12/site-packages/airflow/example_dags/example_params_ui_tutorial.py for tasks to queue
[2026-06-30T08:51:00.887+0000] {logging_mixin.py:188} INFO - [2026-06-30T08:51:00.886+0000] {dagbag.py:545} INFO - Filling up the DagBag from /home/airflow/.local/lib/python3.12/site-packages/airflow/example_dags/example_params_ui_tutorial.py
[2026-06-30T08:51:00.896+0000] {processor.py:840} INFO - DAG(s) 'example_params_ui_tutorial' retrieved from /home/airflow/.local/lib/python3.12/site-packages/airflow/example_dags/example_params_ui_tutorial.py
[2026-06-30T08:51:00.928+0000] {logging_mixin.py:188} INFO - [2026-06-30T08:51:00.928+0000] {dag.py:3096} INFO - Sync 1 DAGs
[2026-06-30T08:51:00.938+0000] {logging_mixin.py:188} INFO - [2026-06-30T08:51:00.938+0000] {dag.py:3954} INFO - Setting next_dagrun for example_params_ui_tutorial to None, run_after=None
[2026-06-30T08:51:01.087+0000] {processor.py:183} INFO - Processing /home/airflow/.local/lib/python3.12/site-packages/airflow/example_dags/example_params_ui_tutorial.py took 0.206 seconds
[2026-06-30T08:51:31.629+0000] {processor.py:161} INFO - Started process (PID=25518) to work on /home/airflow/.local/lib/python3.12/site-packages/airflow/example_dags/example_params_ui_tutorial.py
[2026-06-30T08:51:31.630+0000] {processor.py:830} INFO - Processing file /home/airflow/.local/lib/python3.12/site-packages/airflow/example_dags/example_params_ui_tutorial.py for tasks to queue
[2026-06-30T08:51:31.632+0000] {logging_mixin.py:188} INFO - [2026-06-30T08:51:31.631+0000] {dagbag.py:545} INFO - Filling up the DagBag from /home/airflow/.local/lib/python3.12/site-packages/airflow/example_dags/example_params_ui_tutorial.py
[2026-06-30T08:51:31.642+0000] {processor.py:840} INFO - DAG(s) 'example_params_ui_tutorial' retrieved from /home/airflow/.local/lib/python3.12/site-packages/airflow/example_dags/example_params_ui_tutorial.py
[2026-06-30T08:51:31.679+0000] {logging_mixin.py:188} INFO - [2026-06-30T08:51:31.679+0000] {dag.py:3096} INFO - Sync 1 DAGs
[2026-06-30T08:51:31.688+0000] {logging_mixin.py:188} INFO - [2026-06-30T08:51:31.688+0000] {dag.py:3954} INFO - Setting next_dagrun for example_params_ui_tutorial to None, run_after=None
[2026-06-30T08:51:31.702+0000] {processor.py:183} INFO - Processing /home/airflow/.local/lib/python3.12/site-packages/airflow/example_dags/example_params_ui_tutorial.py took 0.077 seconds
[2026-06-30T08:52:01.769+0000] {processor.py:161} INFO - Started process (PID=25575) to work on /home/airflow/.local/lib/python3.12/site-packages/airflow/example_dags/example_params_ui_tutorial.py
[2026-06-30T08:52:01.770+0000] {processor.py:830} INFO - Processing file /home/airflow/.local/lib/python3.12/site-packages/airflow/example_dags/example_params_ui_tutorial.py for tasks to queue
[2026-06-30T08:52:01.771+0000] {logging_mixin.py:188} INFO - [2026-06-30T08:52:01.771+0000] {dagbag.py:545} INFO - Filling up the DagBag from /home/airflow/.local/lib/python3.12/site-packages/airflow/example_dags/example_params_ui_tutorial.py
[2026-06-30T08:52:01.779+0000] {processor.py:840} INFO - DAG(s) 'example_params_ui_tutorial' retrieved from /home/airflow/.local/lib/python3.12/site-packages/airflow/example_dags/example_params_ui_tutorial.py
[2026-06-30T08:52:01.817+0000] {logging_mixin.py:188} INFO - [2026-06-30T08:52:01.817+0000] {dag.py:3096} INFO - Sync 1 DAGs
[2026-06-30T08:52:01.826+0000] {logging_mixin.py:188} INFO - [2026-06-30T08:52:01.826+0000] {dag.py:3954} INFO - Setting next_dagrun for example_params_ui_tutorial to None, run_after=None
[2026-06-30T08:52:01.839+0000] {processor.py:183} INFO - Processing /home/airflow/.local/lib/python3.12/site-packages/airflow/example_dags/example_params_ui_tutorial.py took 0.074 seconds
[2026-06-30T08:52:32.497+0000] {processor.py:161} INFO - Started process (PID=25633) to work on /home/airflow/.local/lib/python3.12/site-packages/airflow/example_dags/example_params_ui_tutorial.py
[2026-06-30T08:52:32.498+0000] {processor.py:830} INFO - Processing file /home/airflow/.local/lib/python3.12/site-packages/airflow/example_dags/example_params_ui_tutorial.py for tasks to queue
[2026-06-30T08:52:32.499+0000] {logging_mixin.py:188} INFO - [2026-06-30T08:52:32.498+0000] {dagbag.py:545} INFO - Filling up the DagBag from /home/airflow/.local/lib/python3.12/site-packages/airflow/example_dags/example_params_ui_tutorial.py
[2026-06-30T08:52:32.508+0000] {processor.py:840} INFO - DAG(s) 'example_params_ui_tutorial' retrieved from /home/airflow/.local/lib/python3.12/site-packages/airflow/example_dags/example_params_ui_tutorial.py
[2026-06-30T08:52:32.540+0000] {logging_mixin.py:188} INFO - [2026-06-30T08:52:32.540+0000] {dag.py:3096} INFO - Sync 1 DAGs
[2026-06-30T08:52:32.549+0000] {logging_mixin.py:188} INFO - [2026-06-30T08:52:32.549+0000] {dag.py:3954} INFO - Setting next_dagrun for example_params_ui_tutorial to None, run_after=None
[2026-06-30T08:52:32.563+0000] {processor.py:183} INFO - Processing /home/airflow/.local/lib/python3.12/site-packages/airflow/example_dags/example_params_ui_tutorial.py took 0.071 seconds
[2026-06-30T08:53:03.133+0000] {processor.py:161} INFO - Started process (PID=25691) to work on /home/airflow/.local/lib/python3.12/site-packages/airflow/example_dags/example_params_ui_tutorial.py
[2026-06-30T08:53:03.134+0000] {processor.py:830} INFO - Processing file /home/airflow/.local/lib/python3.12/site-packages/airflow/example_dags/example_params_ui_tutorial.py for tasks to queue
[2026-06-30T08:53:03.135+0000] {logging_mixin.py:188} INFO - [2026-06-30T08:53:03.135+0000] {dagbag.py:545} INFO - Filling up the DagBag from /home/airflow/.local/lib/python3.12/site-packages/airflow/example_dags/example_params_ui_tutorial.py
[2026-06-30T08:53:03.144+0000] {processor.py:840} INFO - DAG(s) 'example_params_ui_tutorial' retrieved from /home/airflow/.local/lib/python3.12/site-packages/airflow/example_dags/example_params_ui_tutorial.py
[2026-06-30T08:53:03.312+0000] {logging_mixin.py:188} INFO - [2026-06-30T08:53:03.312+0000] {dag.py:3096} INFO - Sync 1 DAGs
[2026-06-30T08:53:03.320+0000] {logging_mixin.py:188} INFO - [2026-06-30T08:53:03.320+0000] {dag.py:3954} INFO - Setting next_dagrun for example_params_ui_tutorial to None, run_after=None
[2026-06-30T08:53:03.335+0000] {processor.py:183} INFO - Processing /home/airflow/.local/lib/python3.12/site-packages/airflow/example_dags/example_params_ui_tutorial.py took 0.206 seconds
