[2026-06-30T08:05:45.575+0000] {processor.py:161} INFO - Started process (PID=21735) to work on /home/airflow/.local/lib/python3.12/site-packages/airflow/example_dags/example_short_circuit_operator.py
[2026-06-30T08:05:45.583+0000] {processor.py:830} INFO - Processing file /home/airflow/.local/lib/python3.12/site-packages/airflow/example_dags/example_short_circuit_operator.py for tasks to queue
[2026-06-30T08:05:45.595+0000] {logging_mixin.py:188} INFO - [2026-06-30T08:05:45.595+0000] {dagbag.py:545} INFO - Filling up the DagBag from /home/airflow/.local/lib/python3.12/site-packages/airflow/example_dags/example_short_circuit_operator.py
[2026-06-30T08:05:45.614+0000] {processor.py:840} INFO - DAG(s) 'example_short_circuit_operator' retrieved from /home/airflow/.local/lib/python3.12/site-packages/airflow/example_dags/example_short_circuit_operator.py
[2026-06-30T08:05:45.645+0000] {logging_mixin.py:188} INFO - [2026-06-30T08:05:45.644+0000] {dag.py:3096} INFO - Sync 1 DAGs
[2026-06-30T08:05:45.670+0000] {logging_mixin.py:188} INFO - [2026-06-30T08:05:45.670+0000] {dag.py:3954} INFO - Setting next_dagrun for example_short_circuit_operator to 2026-06-29 00:00:00+00:00, run_after=2026-06-30 00:00:00+00:00
[2026-06-30T08:05:45.695+0000] {processor.py:183} INFO - Processing /home/airflow/.local/lib/python3.12/site-packages/airflow/example_dags/example_short_circuit_operator.py took 0.126 seconds
[2026-06-30T08:18:53.626+0000] {processor.py:161} INFO - Started process (PID=21787) to work on /home/airflow/.local/lib/python3.12/site-packages/airflow/example_dags/example_short_circuit_operator.py
[2026-06-30T08:18:53.628+0000] {processor.py:830} INFO - Processing file /home/airflow/.local/lib/python3.12/site-packages/airflow/example_dags/example_short_circuit_operator.py for tasks to queue
[2026-06-30T08:18:53.630+0000] {logging_mixin.py:188} INFO - [2026-06-30T08:18:53.630+0000] {dagbag.py:545} INFO - Filling up the DagBag from /home/airflow/.local/lib/python3.12/site-packages/airflow/example_dags/example_short_circuit_operator.py
[2026-06-30T08:18:53.637+0000] {processor.py:840} INFO - DAG(s) 'example_short_circuit_operator' retrieved from /home/airflow/.local/lib/python3.12/site-packages/airflow/example_dags/example_short_circuit_operator.py
[2026-06-30T08:18:53.658+0000] {logging_mixin.py:188} INFO - [2026-06-30T08:18:53.658+0000] {dag.py:3096} INFO - Sync 1 DAGs
[2026-06-30T08:18:53.676+0000] {logging_mixin.py:188} INFO - [2026-06-30T08:18:53.676+0000] {dag.py:3954} INFO - Setting next_dagrun for example_short_circuit_operator to 2026-06-29 00:00:00+00:00, run_after=2026-06-30 00:00:00+00:00
[2026-06-30T08:18:53.692+0000] {processor.py:183} INFO - Processing /home/airflow/.local/lib/python3.12/site-packages/airflow/example_dags/example_short_circuit_operator.py took 0.072 seconds
[2026-06-30T08:19:23.781+0000] {processor.py:161} INFO - Started process (PID=21845) to work on /home/airflow/.local/lib/python3.12/site-packages/airflow/example_dags/example_short_circuit_operator.py
[2026-06-30T08:19:23.782+0000] {processor.py:830} INFO - Processing file /home/airflow/.local/lib/python3.12/site-packages/airflow/example_dags/example_short_circuit_operator.py for tasks to queue
[2026-06-30T08:19:23.784+0000] {logging_mixin.py:188} INFO - [2026-06-30T08:19:23.783+0000] {dagbag.py:545} INFO - Filling up the DagBag from /home/airflow/.local/lib/python3.12/site-packages/airflow/example_dags/example_short_circuit_operator.py
[2026-06-30T08:19:23.790+0000] {processor.py:840} INFO - DAG(s) 'example_short_circuit_operator' retrieved from /home/airflow/.local/lib/python3.12/site-packages/airflow/example_dags/example_short_circuit_operator.py
[2026-06-30T08:19:23.808+0000] {logging_mixin.py:188} INFO - [2026-06-30T08:19:23.808+0000] {dag.py:3096} INFO - Sync 1 DAGs
[2026-06-30T08:19:23.826+0000] {logging_mixin.py:188} INFO - [2026-06-30T08:19:23.826+0000] {dag.py:3954} INFO - Setting next_dagrun for example_short_circuit_operator to 2026-06-29 00:00:00+00:00, run_after=2026-06-30 00:00:00+00:00
[2026-06-30T08:19:23.841+0000] {processor.py:183} INFO - Processing /home/airflow/.local/lib/python3.12/site-packages/airflow/example_dags/example_short_circuit_operator.py took 0.065 seconds
[2026-06-30T08:19:54.084+0000] {processor.py:161} INFO - Started process (PID=21903) to work on /home/airflow/.local/lib/python3.12/site-packages/airflow/example_dags/example_short_circuit_operator.py
[2026-06-30T08:19:54.085+0000] {processor.py:830} INFO - Processing file /home/airflow/.local/lib/python3.12/site-packages/airflow/example_dags/example_short_circuit_operator.py for tasks to queue
[2026-06-30T08:19:54.086+0000] {logging_mixin.py:188} INFO - [2026-06-30T08:19:54.085+0000] {dagbag.py:545} INFO - Filling up the DagBag from /home/airflow/.local/lib/python3.12/site-packages/airflow/example_dags/example_short_circuit_operator.py
[2026-06-30T08:19:54.091+0000] {processor.py:840} INFO - DAG(s) 'example_short_circuit_operator' retrieved from /home/airflow/.local/lib/python3.12/site-packages/airflow/example_dags/example_short_circuit_operator.py
[2026-06-30T08:19:54.108+0000] {logging_mixin.py:188} INFO - [2026-06-30T08:19:54.108+0000] {dag.py:3096} INFO - Sync 1 DAGs
[2026-06-30T08:19:54.123+0000] {logging_mixin.py:188} INFO - [2026-06-30T08:19:54.123+0000] {dag.py:3954} INFO - Setting next_dagrun for example_short_circuit_operator to 2026-06-29 00:00:00+00:00, run_after=2026-06-30 00:00:00+00:00
[2026-06-30T08:19:54.135+0000] {processor.py:183} INFO - Processing /home/airflow/.local/lib/python3.12/site-packages/airflow/example_dags/example_short_circuit_operator.py took 0.056 seconds
[2026-06-30T08:20:24.278+0000] {processor.py:161} INFO - Started process (PID=21959) to work on /home/airflow/.local/lib/python3.12/site-packages/airflow/example_dags/example_short_circuit_operator.py
[2026-06-30T08:20:24.279+0000] {processor.py:830} INFO - Processing file /home/airflow/.local/lib/python3.12/site-packages/airflow/example_dags/example_short_circuit_operator.py for tasks to queue
[2026-06-30T08:20:24.280+0000] {logging_mixin.py:188} INFO - [2026-06-30T08:20:24.279+0000] {dagbag.py:545} INFO - Filling up the DagBag from /home/airflow/.local/lib/python3.12/site-packages/airflow/example_dags/example_short_circuit_operator.py
[2026-06-30T08:20:24.286+0000] {processor.py:840} INFO - DAG(s) 'example_short_circuit_operator' retrieved from /home/airflow/.local/lib/python3.12/site-packages/airflow/example_dags/example_short_circuit_operator.py
[2026-06-30T08:20:24.301+0000] {logging_mixin.py:188} INFO - [2026-06-30T08:20:24.301+0000] {dag.py:3096} INFO - Sync 1 DAGs
[2026-06-30T08:20:24.315+0000] {logging_mixin.py:188} INFO - [2026-06-30T08:20:24.315+0000] {dag.py:3954} INFO - Setting next_dagrun for example_short_circuit_operator to 2026-06-29 00:00:00+00:00, run_after=2026-06-30 00:00:00+00:00
[2026-06-30T08:20:24.327+0000] {processor.py:183} INFO - Processing /home/airflow/.local/lib/python3.12/site-packages/airflow/example_dags/example_short_circuit_operator.py took 0.053 seconds
[2026-06-30T08:20:54.753+0000] {processor.py:161} INFO - Started process (PID=22017) to work on /home/airflow/.local/lib/python3.12/site-packages/airflow/example_dags/example_short_circuit_operator.py
[2026-06-30T08:20:54.754+0000] {processor.py:830} INFO - Processing file /home/airflow/.local/lib/python3.12/site-packages/airflow/example_dags/example_short_circuit_operator.py for tasks to queue
[2026-06-30T08:20:54.754+0000] {logging_mixin.py:188} INFO - [2026-06-30T08:20:54.754+0000] {dagbag.py:545} INFO - Filling up the DagBag from /home/airflow/.local/lib/python3.12/site-packages/airflow/example_dags/example_short_circuit_operator.py
[2026-06-30T08:20:54.760+0000] {processor.py:840} INFO - DAG(s) 'example_short_circuit_operator' retrieved from /home/airflow/.local/lib/python3.12/site-packages/airflow/example_dags/example_short_circuit_operator.py
[2026-06-30T08:20:54.777+0000] {logging_mixin.py:188} INFO - [2026-06-30T08:20:54.777+0000] {dag.py:3096} INFO - Sync 1 DAGs
[2026-06-30T08:20:54.797+0000] {logging_mixin.py:188} INFO - [2026-06-30T08:20:54.796+0000] {dag.py:3954} INFO - Setting next_dagrun for example_short_circuit_operator to 2026-06-29 00:00:00+00:00, run_after=2026-06-30 00:00:00+00:00
[2026-06-30T08:20:54.809+0000] {processor.py:183} INFO - Processing /home/airflow/.local/lib/python3.12/site-packages/airflow/example_dags/example_short_circuit_operator.py took 0.061 seconds
[2026-06-30T08:21:24.946+0000] {processor.py:161} INFO - Started process (PID=22075) to work on /home/airflow/.local/lib/python3.12/site-packages/airflow/example_dags/example_short_circuit_operator.py
[2026-06-30T08:21:24.947+0000] {processor.py:830} INFO - Processing file /home/airflow/.local/lib/python3.12/site-packages/airflow/example_dags/example_short_circuit_operator.py for tasks to queue
[2026-06-30T08:21:24.947+0000] {logging_mixin.py:188} INFO - [2026-06-30T08:21:24.947+0000] {dagbag.py:545} INFO - Filling up the DagBag from /home/airflow/.local/lib/python3.12/site-packages/airflow/example_dags/example_short_circuit_operator.py
[2026-06-30T08:21:24.953+0000] {processor.py:840} INFO - DAG(s) 'example_short_circuit_operator' retrieved from /home/airflow/.local/lib/python3.12/site-packages/airflow/example_dags/example_short_circuit_operator.py
[2026-06-30T08:21:24.968+0000] {logging_mixin.py:188} INFO - [2026-06-30T08:21:24.968+0000] {dag.py:3096} INFO - Sync 1 DAGs
[2026-06-30T08:21:24.982+0000] {logging_mixin.py:188} INFO - [2026-06-30T08:21:24.982+0000] {dag.py:3954} INFO - Setting next_dagrun for example_short_circuit_operator to 2026-06-29 00:00:00+00:00, run_after=2026-06-30 00:00:00+00:00
[2026-06-30T08:21:24.993+0000] {processor.py:183} INFO - Processing /home/airflow/.local/lib/python3.12/site-packages/airflow/example_dags/example_short_circuit_operator.py took 0.052 seconds
[2026-06-30T08:21:55.298+0000] {processor.py:161} INFO - Started process (PID=22133) to work on /home/airflow/.local/lib/python3.12/site-packages/airflow/example_dags/example_short_circuit_operator.py
[2026-06-30T08:21:55.299+0000] {processor.py:830} INFO - Processing file /home/airflow/.local/lib/python3.12/site-packages/airflow/example_dags/example_short_circuit_operator.py for tasks to queue
[2026-06-30T08:21:55.299+0000] {logging_mixin.py:188} INFO - [2026-06-30T08:21:55.299+0000] {dagbag.py:545} INFO - Filling up the DagBag from /home/airflow/.local/lib/python3.12/site-packages/airflow/example_dags/example_short_circuit_operator.py
[2026-06-30T08:21:55.305+0000] {processor.py:840} INFO - DAG(s) 'example_short_circuit_operator' retrieved from /home/airflow/.local/lib/python3.12/site-packages/airflow/example_dags/example_short_circuit_operator.py
[2026-06-30T08:21:55.321+0000] {logging_mixin.py:188} INFO - [2026-06-30T08:21:55.321+0000] {dag.py:3096} INFO - Sync 1 DAGs
[2026-06-30T08:21:55.337+0000] {logging_mixin.py:188} INFO - [2026-06-30T08:21:55.337+0000] {dag.py:3954} INFO - Setting next_dagrun for example_short_circuit_operator to 2026-06-29 00:00:00+00:00, run_after=2026-06-30 00:00:00+00:00
[2026-06-30T08:21:55.348+0000] {processor.py:183} INFO - Processing /home/airflow/.local/lib/python3.12/site-packages/airflow/example_dags/example_short_circuit_operator.py took 0.054 seconds
[2026-06-30T08:22:25.632+0000] {processor.py:161} INFO - Started process (PID=22190) to work on /home/airflow/.local/lib/python3.12/site-packages/airflow/example_dags/example_short_circuit_operator.py
[2026-06-30T08:22:25.633+0000] {processor.py:830} INFO - Processing file /home/airflow/.local/lib/python3.12/site-packages/airflow/example_dags/example_short_circuit_operator.py for tasks to queue
[2026-06-30T08:22:25.634+0000] {logging_mixin.py:188} INFO - [2026-06-30T08:22:25.634+0000] {dagbag.py:545} INFO - Filling up the DagBag from /home/airflow/.local/lib/python3.12/site-packages/airflow/example_dags/example_short_circuit_operator.py
[2026-06-30T08:22:25.640+0000] {processor.py:840} INFO - DAG(s) 'example_short_circuit_operator' retrieved from /home/airflow/.local/lib/python3.12/site-packages/airflow/example_dags/example_short_circuit_operator.py
[2026-06-30T08:22:25.656+0000] {logging_mixin.py:188} INFO - [2026-06-30T08:22:25.656+0000] {dag.py:3096} INFO - Sync 1 DAGs
[2026-06-30T08:22:25.670+0000] {logging_mixin.py:188} INFO - [2026-06-30T08:22:25.669+0000] {dag.py:3954} INFO - Setting next_dagrun for example_short_circuit_operator to 2026-06-29 00:00:00+00:00, run_after=2026-06-30 00:00:00+00:00
[2026-06-30T08:22:25.681+0000] {processor.py:183} INFO - Processing /home/airflow/.local/lib/python3.12/site-packages/airflow/example_dags/example_short_circuit_operator.py took 0.053 seconds
[2026-06-30T08:22:56.232+0000] {processor.py:161} INFO - Started process (PID=22247) to work on /home/airflow/.local/lib/python3.12/site-packages/airflow/example_dags/example_short_circuit_operator.py
[2026-06-30T08:22:56.233+0000] {processor.py:830} INFO - Processing file /home/airflow/.local/lib/python3.12/site-packages/airflow/example_dags/example_short_circuit_operator.py for tasks to queue
[2026-06-30T08:22:56.234+0000] {logging_mixin.py:188} INFO - [2026-06-30T08:22:56.234+0000] {dagbag.py:545} INFO - Filling up the DagBag from /home/airflow/.local/lib/python3.12/site-packages/airflow/example_dags/example_short_circuit_operator.py
[2026-06-30T08:22:56.240+0000] {processor.py:840} INFO - DAG(s) 'example_short_circuit_operator' retrieved from /home/airflow/.local/lib/python3.12/site-packages/airflow/example_dags/example_short_circuit_operator.py
[2026-06-30T08:22:56.255+0000] {logging_mixin.py:188} INFO - [2026-06-30T08:22:56.255+0000] {dag.py:3096} INFO - Sync 1 DAGs
[2026-06-30T08:22:56.269+0000] {logging_mixin.py:188} INFO - [2026-06-30T08:22:56.269+0000] {dag.py:3954} INFO - Setting next_dagrun for example_short_circuit_operator to 2026-06-29 00:00:00+00:00, run_after=2026-06-30 00:00:00+00:00
[2026-06-30T08:22:56.281+0000] {processor.py:183} INFO - Processing /home/airflow/.local/lib/python3.12/site-packages/airflow/example_dags/example_short_circuit_operator.py took 0.053 seconds
[2026-06-30T08:23:26.607+0000] {processor.py:161} INFO - Started process (PID=22305) to work on /home/airflow/.local/lib/python3.12/site-packages/airflow/example_dags/example_short_circuit_operator.py
[2026-06-30T08:23:26.607+0000] {processor.py:830} INFO - Processing file /home/airflow/.local/lib/python3.12/site-packages/airflow/example_dags/example_short_circuit_operator.py for tasks to queue
[2026-06-30T08:23:26.608+0000] {logging_mixin.py:188} INFO - [2026-06-30T08:23:26.608+0000] {dagbag.py:545} INFO - Filling up the DagBag from /home/airflow/.local/lib/python3.12/site-packages/airflow/example_dags/example_short_circuit_operator.py
[2026-06-30T08:23:26.614+0000] {processor.py:840} INFO - DAG(s) 'example_short_circuit_operator' retrieved from /home/airflow/.local/lib/python3.12/site-packages/airflow/example_dags/example_short_circuit_operator.py
[2026-06-30T08:23:26.632+0000] {logging_mixin.py:188} INFO - [2026-06-30T08:23:26.632+0000] {dag.py:3096} INFO - Sync 1 DAGs
[2026-06-30T08:23:26.647+0000] {logging_mixin.py:188} INFO - [2026-06-30T08:23:26.647+0000] {dag.py:3954} INFO - Setting next_dagrun for example_short_circuit_operator to 2026-06-29 00:00:00+00:00, run_after=2026-06-30 00:00:00+00:00
[2026-06-30T08:23:26.659+0000] {processor.py:183} INFO - Processing /home/airflow/.local/lib/python3.12/site-packages/airflow/example_dags/example_short_circuit_operator.py took 0.057 seconds
[2026-06-30T08:23:57.064+0000] {processor.py:161} INFO - Started process (PID=22363) to work on /home/airflow/.local/lib/python3.12/site-packages/airflow/example_dags/example_short_circuit_operator.py
[2026-06-30T08:23:57.065+0000] {processor.py:830} INFO - Processing file /home/airflow/.local/lib/python3.12/site-packages/airflow/example_dags/example_short_circuit_operator.py for tasks to queue
[2026-06-30T08:23:57.066+0000] {logging_mixin.py:188} INFO - [2026-06-30T08:23:57.065+0000] {dagbag.py:545} INFO - Filling up the DagBag from /home/airflow/.local/lib/python3.12/site-packages/airflow/example_dags/example_short_circuit_operator.py
[2026-06-30T08:23:57.073+0000] {processor.py:840} INFO - DAG(s) 'example_short_circuit_operator' retrieved from /home/airflow/.local/lib/python3.12/site-packages/airflow/example_dags/example_short_circuit_operator.py
[2026-06-30T08:23:57.090+0000] {logging_mixin.py:188} INFO - [2026-06-30T08:23:57.090+0000] {dag.py:3096} INFO - Sync 1 DAGs
[2026-06-30T08:23:57.106+0000] {logging_mixin.py:188} INFO - [2026-06-30T08:23:57.106+0000] {dag.py:3954} INFO - Setting next_dagrun for example_short_circuit_operator to 2026-06-29 00:00:00+00:00, run_after=2026-06-30 00:00:00+00:00
[2026-06-30T08:23:57.118+0000] {processor.py:183} INFO - Processing /home/airflow/.local/lib/python3.12/site-packages/airflow/example_dags/example_short_circuit_operator.py took 0.060 seconds
[2026-06-30T08:24:27.432+0000] {processor.py:161} INFO - Started process (PID=22416) to work on /home/airflow/.local/lib/python3.12/site-packages/airflow/example_dags/example_short_circuit_operator.py
[2026-06-30T08:24:27.433+0000] {processor.py:830} INFO - Processing file /home/airflow/.local/lib/python3.12/site-packages/airflow/example_dags/example_short_circuit_operator.py for tasks to queue
[2026-06-30T08:24:27.434+0000] {logging_mixin.py:188} INFO - [2026-06-30T08:24:27.434+0000] {dagbag.py:545} INFO - Filling up the DagBag from /home/airflow/.local/lib/python3.12/site-packages/airflow/example_dags/example_short_circuit_operator.py
[2026-06-30T08:24:27.440+0000] {processor.py:840} INFO - DAG(s) 'example_short_circuit_operator' retrieved from /home/airflow/.local/lib/python3.12/site-packages/airflow/example_dags/example_short_circuit_operator.py
[2026-06-30T08:24:27.458+0000] {logging_mixin.py:188} INFO - [2026-06-30T08:24:27.457+0000] {dag.py:3096} INFO - Sync 1 DAGs
[2026-06-30T08:24:27.474+0000] {logging_mixin.py:188} INFO - [2026-06-30T08:24:27.474+0000] {dag.py:3954} INFO - Setting next_dagrun for example_short_circuit_operator to 2026-06-29 00:00:00+00:00, run_after=2026-06-30 00:00:00+00:00
[2026-06-30T08:24:27.499+0000] {processor.py:183} INFO - Processing /home/airflow/.local/lib/python3.12/site-packages/airflow/example_dags/example_short_circuit_operator.py took 0.072 seconds
[2026-06-30T08:24:58.075+0000] {processor.py:161} INFO - Started process (PID=22475) to work on /home/airflow/.local/lib/python3.12/site-packages/airflow/example_dags/example_short_circuit_operator.py
[2026-06-30T08:24:58.076+0000] {processor.py:830} INFO - Processing file /home/airflow/.local/lib/python3.12/site-packages/airflow/example_dags/example_short_circuit_operator.py for tasks to queue
[2026-06-30T08:24:58.077+0000] {logging_mixin.py:188} INFO - [2026-06-30T08:24:58.077+0000] {dagbag.py:545} INFO - Filling up the DagBag from /home/airflow/.local/lib/python3.12/site-packages/airflow/example_dags/example_short_circuit_operator.py
[2026-06-30T08:24:58.082+0000] {processor.py:840} INFO - DAG(s) 'example_short_circuit_operator' retrieved from /home/airflow/.local/lib/python3.12/site-packages/airflow/example_dags/example_short_circuit_operator.py
[2026-06-30T08:24:58.097+0000] {logging_mixin.py:188} INFO - [2026-06-30T08:24:58.097+0000] {dag.py:3096} INFO - Sync 1 DAGs
[2026-06-30T08:24:58.111+0000] {logging_mixin.py:188} INFO - [2026-06-30T08:24:58.111+0000] {dag.py:3954} INFO - Setting next_dagrun for example_short_circuit_operator to 2026-06-29 00:00:00+00:00, run_after=2026-06-30 00:00:00+00:00
[2026-06-30T08:24:58.122+0000] {processor.py:183} INFO - Processing /home/airflow/.local/lib/python3.12/site-packages/airflow/example_dags/example_short_circuit_operator.py took 0.051 seconds
[2026-06-30T08:25:28.362+0000] {processor.py:161} INFO - Started process (PID=22529) to work on /home/airflow/.local/lib/python3.12/site-packages/airflow/example_dags/example_short_circuit_operator.py
[2026-06-30T08:25:28.363+0000] {processor.py:830} INFO - Processing file /home/airflow/.local/lib/python3.12/site-packages/airflow/example_dags/example_short_circuit_operator.py for tasks to queue
[2026-06-30T08:25:28.364+0000] {logging_mixin.py:188} INFO - [2026-06-30T08:25:28.364+0000] {dagbag.py:545} INFO - Filling up the DagBag from /home/airflow/.local/lib/python3.12/site-packages/airflow/example_dags/example_short_circuit_operator.py
[2026-06-30T08:25:28.370+0000] {processor.py:840} INFO - DAG(s) 'example_short_circuit_operator' retrieved from /home/airflow/.local/lib/python3.12/site-packages/airflow/example_dags/example_short_circuit_operator.py
[2026-06-30T08:25:28.387+0000] {logging_mixin.py:188} INFO - [2026-06-30T08:25:28.387+0000] {dag.py:3096} INFO - Sync 1 DAGs
[2026-06-30T08:25:28.402+0000] {logging_mixin.py:188} INFO - [2026-06-30T08:25:28.402+0000] {dag.py:3954} INFO - Setting next_dagrun for example_short_circuit_operator to 2026-06-29 00:00:00+00:00, run_after=2026-06-30 00:00:00+00:00
[2026-06-30T08:25:28.418+0000] {processor.py:183} INFO - Processing /home/airflow/.local/lib/python3.12/site-packages/airflow/example_dags/example_short_circuit_operator.py took 0.060 seconds
[2026-06-30T08:25:58.811+0000] {processor.py:161} INFO - Started process (PID=22587) to work on /home/airflow/.local/lib/python3.12/site-packages/airflow/example_dags/example_short_circuit_operator.py
[2026-06-30T08:25:58.812+0000] {processor.py:830} INFO - Processing file /home/airflow/.local/lib/python3.12/site-packages/airflow/example_dags/example_short_circuit_operator.py for tasks to queue
[2026-06-30T08:25:58.814+0000] {logging_mixin.py:188} INFO - [2026-06-30T08:25:58.813+0000] {dagbag.py:545} INFO - Filling up the DagBag from /home/airflow/.local/lib/python3.12/site-packages/airflow/example_dags/example_short_circuit_operator.py
[2026-06-30T08:25:58.821+0000] {processor.py:840} INFO - DAG(s) 'example_short_circuit_operator' retrieved from /home/airflow/.local/lib/python3.12/site-packages/airflow/example_dags/example_short_circuit_operator.py
[2026-06-30T08:25:58.845+0000] {logging_mixin.py:188} INFO - [2026-06-30T08:25:58.845+0000] {dag.py:3096} INFO - Sync 1 DAGs
[2026-06-30T08:25:58.868+0000] {logging_mixin.py:188} INFO - [2026-06-30T08:25:58.868+0000] {dag.py:3954} INFO - Setting next_dagrun for example_short_circuit_operator to 2026-06-29 00:00:00+00:00, run_after=2026-06-30 00:00:00+00:00
[2026-06-30T08:25:58.889+0000] {processor.py:183} INFO - Processing /home/airflow/.local/lib/python3.12/site-packages/airflow/example_dags/example_short_circuit_operator.py took 0.085 seconds
[2026-06-30T08:26:29.570+0000] {processor.py:161} INFO - Started process (PID=22645) to work on /home/airflow/.local/lib/python3.12/site-packages/airflow/example_dags/example_short_circuit_operator.py
[2026-06-30T08:26:29.571+0000] {processor.py:830} INFO - Processing file /home/airflow/.local/lib/python3.12/site-packages/airflow/example_dags/example_short_circuit_operator.py for tasks to queue
[2026-06-30T08:26:29.573+0000] {logging_mixin.py:188} INFO - [2026-06-30T08:26:29.572+0000] {dagbag.py:545} INFO - Filling up the DagBag from /home/airflow/.local/lib/python3.12/site-packages/airflow/example_dags/example_short_circuit_operator.py
[2026-06-30T08:26:29.584+0000] {processor.py:840} INFO - DAG(s) 'example_short_circuit_operator' retrieved from /home/airflow/.local/lib/python3.12/site-packages/airflow/example_dags/example_short_circuit_operator.py
[2026-06-30T08:26:29.616+0000] {logging_mixin.py:188} INFO - [2026-06-30T08:26:29.616+0000] {dag.py:3096} INFO - Sync 1 DAGs
[2026-06-30T08:26:29.640+0000] {logging_mixin.py:188} INFO - [2026-06-30T08:26:29.640+0000] {dag.py:3954} INFO - Setting next_dagrun for example_short_circuit_operator to 2026-06-29 00:00:00+00:00, run_after=2026-06-30 00:00:00+00:00
[2026-06-30T08:26:29.664+0000] {processor.py:183} INFO - Processing /home/airflow/.local/lib/python3.12/site-packages/airflow/example_dags/example_short_circuit_operator.py took 0.100 seconds
[2026-06-30T08:27:00.407+0000] {processor.py:161} INFO - Started process (PID=22703) to work on /home/airflow/.local/lib/python3.12/site-packages/airflow/example_dags/example_short_circuit_operator.py
[2026-06-30T08:27:00.408+0000] {processor.py:830} INFO - Processing file /home/airflow/.local/lib/python3.12/site-packages/airflow/example_dags/example_short_circuit_operator.py for tasks to queue
[2026-06-30T08:27:00.409+0000] {logging_mixin.py:188} INFO - [2026-06-30T08:27:00.409+0000] {dagbag.py:545} INFO - Filling up the DagBag from /home/airflow/.local/lib/python3.12/site-packages/airflow/example_dags/example_short_circuit_operator.py
[2026-06-30T08:27:00.415+0000] {processor.py:840} INFO - DAG(s) 'example_short_circuit_operator' retrieved from /home/airflow/.local/lib/python3.12/site-packages/airflow/example_dags/example_short_circuit_operator.py
[2026-06-30T08:27:00.432+0000] {logging_mixin.py:188} INFO - [2026-06-30T08:27:00.432+0000] {dag.py:3096} INFO - Sync 1 DAGs
[2026-06-30T08:27:00.448+0000] {logging_mixin.py:188} INFO - [2026-06-30T08:27:00.448+0000] {dag.py:3954} INFO - Setting next_dagrun for example_short_circuit_operator to 2026-06-29 00:00:00+00:00, run_after=2026-06-30 00:00:00+00:00
[2026-06-30T08:27:00.461+0000] {processor.py:183} INFO - Processing /home/airflow/.local/lib/python3.12/site-packages/airflow/example_dags/example_short_circuit_operator.py took 0.058 seconds
[2026-06-30T08:27:30.938+0000] {processor.py:161} INFO - Started process (PID=22761) to work on /home/airflow/.local/lib/python3.12/site-packages/airflow/example_dags/example_short_circuit_operator.py
[2026-06-30T08:27:30.939+0000] {processor.py:830} INFO - Processing file /home/airflow/.local/lib/python3.12/site-packages/airflow/example_dags/example_short_circuit_operator.py for tasks to queue
[2026-06-30T08:27:30.940+0000] {logging_mixin.py:188} INFO - [2026-06-30T08:27:30.940+0000] {dagbag.py:545} INFO - Filling up the DagBag from /home/airflow/.local/lib/python3.12/site-packages/airflow/example_dags/example_short_circuit_operator.py
[2026-06-30T08:27:30.946+0000] {processor.py:840} INFO - DAG(s) 'example_short_circuit_operator' retrieved from /home/airflow/.local/lib/python3.12/site-packages/airflow/example_dags/example_short_circuit_operator.py
[2026-06-30T08:27:30.963+0000] {logging_mixin.py:188} INFO - [2026-06-30T08:27:30.963+0000] {dag.py:3096} INFO - Sync 1 DAGs
[2026-06-30T08:27:30.983+0000] {logging_mixin.py:188} INFO - [2026-06-30T08:27:30.982+0000] {dag.py:3954} INFO - Setting next_dagrun for example_short_circuit_operator to 2026-06-29 00:00:00+00:00, run_after=2026-06-30 00:00:00+00:00
[2026-06-30T08:27:30.996+0000] {processor.py:183} INFO - Processing /home/airflow/.local/lib/python3.12/site-packages/airflow/example_dags/example_short_circuit_operator.py took 0.062 seconds
[2026-06-30T08:28:01.357+0000] {processor.py:161} INFO - Started process (PID=22819) to work on /home/airflow/.local/lib/python3.12/site-packages/airflow/example_dags/example_short_circuit_operator.py
[2026-06-30T08:28:01.358+0000] {processor.py:830} INFO - Processing file /home/airflow/.local/lib/python3.12/site-packages/airflow/example_dags/example_short_circuit_operator.py for tasks to queue
[2026-06-30T08:28:01.359+0000] {logging_mixin.py:188} INFO - [2026-06-30T08:28:01.359+0000] {dagbag.py:545} INFO - Filling up the DagBag from /home/airflow/.local/lib/python3.12/site-packages/airflow/example_dags/example_short_circuit_operator.py
[2026-06-30T08:28:01.367+0000] {processor.py:840} INFO - DAG(s) 'example_short_circuit_operator' retrieved from /home/airflow/.local/lib/python3.12/site-packages/airflow/example_dags/example_short_circuit_operator.py
[2026-06-30T08:28:01.386+0000] {logging_mixin.py:188} INFO - [2026-06-30T08:28:01.386+0000] {dag.py:3096} INFO - Sync 1 DAGs
[2026-06-30T08:28:01.404+0000] {logging_mixin.py:188} INFO - [2026-06-30T08:28:01.404+0000] {dag.py:3954} INFO - Setting next_dagrun for example_short_circuit_operator to 2026-06-29 00:00:00+00:00, run_after=2026-06-30 00:00:00+00:00
[2026-06-30T08:28:01.422+0000] {processor.py:183} INFO - Processing /home/airflow/.local/lib/python3.12/site-packages/airflow/example_dags/example_short_circuit_operator.py took 0.072 seconds
[2026-06-30T08:28:31.890+0000] {processor.py:161} INFO - Started process (PID=22877) to work on /home/airflow/.local/lib/python3.12/site-packages/airflow/example_dags/example_short_circuit_operator.py
[2026-06-30T08:28:31.891+0000] {processor.py:830} INFO - Processing file /home/airflow/.local/lib/python3.12/site-packages/airflow/example_dags/example_short_circuit_operator.py for tasks to queue
[2026-06-30T08:28:31.892+0000] {logging_mixin.py:188} INFO - [2026-06-30T08:28:31.892+0000] {dagbag.py:545} INFO - Filling up the DagBag from /home/airflow/.local/lib/python3.12/site-packages/airflow/example_dags/example_short_circuit_operator.py
[2026-06-30T08:28:31.898+0000] {processor.py:840} INFO - DAG(s) 'example_short_circuit_operator' retrieved from /home/airflow/.local/lib/python3.12/site-packages/airflow/example_dags/example_short_circuit_operator.py
[2026-06-30T08:28:31.915+0000] {logging_mixin.py:188} INFO - [2026-06-30T08:28:31.915+0000] {dag.py:3096} INFO - Sync 1 DAGs
[2026-06-30T08:28:31.930+0000] {logging_mixin.py:188} INFO - [2026-06-30T08:28:31.930+0000] {dag.py:3954} INFO - Setting next_dagrun for example_short_circuit_operator to 2026-06-29 00:00:00+00:00, run_after=2026-06-30 00:00:00+00:00
[2026-06-30T08:28:31.946+0000] {processor.py:183} INFO - Processing /home/airflow/.local/lib/python3.12/site-packages/airflow/example_dags/example_short_circuit_operator.py took 0.060 seconds
[2026-06-30T08:29:02.264+0000] {processor.py:161} INFO - Started process (PID=22935) to work on /home/airflow/.local/lib/python3.12/site-packages/airflow/example_dags/example_short_circuit_operator.py
[2026-06-30T08:29:02.265+0000] {processor.py:830} INFO - Processing file /home/airflow/.local/lib/python3.12/site-packages/airflow/example_dags/example_short_circuit_operator.py for tasks to queue
[2026-06-30T08:29:02.265+0000] {logging_mixin.py:188} INFO - [2026-06-30T08:29:02.265+0000] {dagbag.py:545} INFO - Filling up the DagBag from /home/airflow/.local/lib/python3.12/site-packages/airflow/example_dags/example_short_circuit_operator.py
[2026-06-30T08:29:02.273+0000] {processor.py:840} INFO - DAG(s) 'example_short_circuit_operator' retrieved from /home/airflow/.local/lib/python3.12/site-packages/airflow/example_dags/example_short_circuit_operator.py
[2026-06-30T08:29:02.290+0000] {logging_mixin.py:188} INFO - [2026-06-30T08:29:02.290+0000] {dag.py:3096} INFO - Sync 1 DAGs
[2026-06-30T08:29:02.306+0000] {logging_mixin.py:188} INFO - [2026-06-30T08:29:02.306+0000] {dag.py:3954} INFO - Setting next_dagrun for example_short_circuit_operator to 2026-06-29 00:00:00+00:00, run_after=2026-06-30 00:00:00+00:00
[2026-06-30T08:29:02.319+0000] {processor.py:183} INFO - Processing /home/airflow/.local/lib/python3.12/site-packages/airflow/example_dags/example_short_circuit_operator.py took 0.060 seconds
[2026-06-30T08:29:32.897+0000] {processor.py:161} INFO - Started process (PID=22993) to work on /home/airflow/.local/lib/python3.12/site-packages/airflow/example_dags/example_short_circuit_operator.py
[2026-06-30T08:29:32.898+0000] {processor.py:830} INFO - Processing file /home/airflow/.local/lib/python3.12/site-packages/airflow/example_dags/example_short_circuit_operator.py for tasks to queue
[2026-06-30T08:29:32.899+0000] {logging_mixin.py:188} INFO - [2026-06-30T08:29:32.899+0000] {dagbag.py:545} INFO - Filling up the DagBag from /home/airflow/.local/lib/python3.12/site-packages/airflow/example_dags/example_short_circuit_operator.py
[2026-06-30T08:29:32.905+0000] {processor.py:840} INFO - DAG(s) 'example_short_circuit_operator' retrieved from /home/airflow/.local/lib/python3.12/site-packages/airflow/example_dags/example_short_circuit_operator.py
[2026-06-30T08:29:32.923+0000] {logging_mixin.py:188} INFO - [2026-06-30T08:29:32.923+0000] {dag.py:3096} INFO - Sync 1 DAGs
[2026-06-30T08:29:32.941+0000] {logging_mixin.py:188} INFO - [2026-06-30T08:29:32.940+0000] {dag.py:3954} INFO - Setting next_dagrun for example_short_circuit_operator to 2026-06-29 00:00:00+00:00, run_after=2026-06-30 00:00:00+00:00
[2026-06-30T08:29:32.955+0000] {processor.py:183} INFO - Processing /home/airflow/.local/lib/python3.12/site-packages/airflow/example_dags/example_short_circuit_operator.py took 0.062 seconds
[2026-06-30T08:30:03.499+0000] {processor.py:161} INFO - Started process (PID=23051) to work on /home/airflow/.local/lib/python3.12/site-packages/airflow/example_dags/example_short_circuit_operator.py
[2026-06-30T08:30:03.500+0000] {processor.py:830} INFO - Processing file /home/airflow/.local/lib/python3.12/site-packages/airflow/example_dags/example_short_circuit_operator.py for tasks to queue
[2026-06-30T08:30:03.501+0000] {logging_mixin.py:188} INFO - [2026-06-30T08:30:03.501+0000] {dagbag.py:545} INFO - Filling up the DagBag from /home/airflow/.local/lib/python3.12/site-packages/airflow/example_dags/example_short_circuit_operator.py
[2026-06-30T08:30:03.509+0000] {processor.py:840} INFO - DAG(s) 'example_short_circuit_operator' retrieved from /home/airflow/.local/lib/python3.12/site-packages/airflow/example_dags/example_short_circuit_operator.py
[2026-06-30T08:30:03.526+0000] {logging_mixin.py:188} INFO - [2026-06-30T08:30:03.526+0000] {dag.py:3096} INFO - Sync 1 DAGs
[2026-06-30T08:30:03.542+0000] {logging_mixin.py:188} INFO - [2026-06-30T08:30:03.542+0000] {dag.py:3954} INFO - Setting next_dagrun for example_short_circuit_operator to 2026-06-29 00:00:00+00:00, run_after=2026-06-30 00:00:00+00:00
[2026-06-30T08:30:03.555+0000] {processor.py:183} INFO - Processing /home/airflow/.local/lib/python3.12/site-packages/airflow/example_dags/example_short_circuit_operator.py took 0.060 seconds
[2026-06-30T08:30:33.987+0000] {processor.py:161} INFO - Started process (PID=23109) to work on /home/airflow/.local/lib/python3.12/site-packages/airflow/example_dags/example_short_circuit_operator.py
[2026-06-30T08:30:33.988+0000] {processor.py:830} INFO - Processing file /home/airflow/.local/lib/python3.12/site-packages/airflow/example_dags/example_short_circuit_operator.py for tasks to queue
[2026-06-30T08:30:33.988+0000] {logging_mixin.py:188} INFO - [2026-06-30T08:30:33.988+0000] {dagbag.py:545} INFO - Filling up the DagBag from /home/airflow/.local/lib/python3.12/site-packages/airflow/example_dags/example_short_circuit_operator.py
[2026-06-30T08:30:33.995+0000] {processor.py:840} INFO - DAG(s) 'example_short_circuit_operator' retrieved from /home/airflow/.local/lib/python3.12/site-packages/airflow/example_dags/example_short_circuit_operator.py
[2026-06-30T08:30:34.014+0000] {logging_mixin.py:188} INFO - [2026-06-30T08:30:34.014+0000] {dag.py:3096} INFO - Sync 1 DAGs
[2026-06-30T08:30:34.033+0000] {logging_mixin.py:188} INFO - [2026-06-30T08:30:34.032+0000] {dag.py:3954} INFO - Setting next_dagrun for example_short_circuit_operator to 2026-06-29 00:00:00+00:00, run_after=2026-06-30 00:00:00+00:00
[2026-06-30T08:30:34.050+0000] {processor.py:183} INFO - Processing /home/airflow/.local/lib/python3.12/site-packages/airflow/example_dags/example_short_circuit_operator.py took 0.068 seconds
[2026-06-30T08:31:04.635+0000] {processor.py:161} INFO - Started process (PID=23167) to work on /home/airflow/.local/lib/python3.12/site-packages/airflow/example_dags/example_short_circuit_operator.py
[2026-06-30T08:31:04.636+0000] {processor.py:830} INFO - Processing file /home/airflow/.local/lib/python3.12/site-packages/airflow/example_dags/example_short_circuit_operator.py for tasks to queue
[2026-06-30T08:31:04.637+0000] {logging_mixin.py:188} INFO - [2026-06-30T08:31:04.636+0000] {dagbag.py:545} INFO - Filling up the DagBag from /home/airflow/.local/lib/python3.12/site-packages/airflow/example_dags/example_short_circuit_operator.py
[2026-06-30T08:31:04.643+0000] {processor.py:840} INFO - DAG(s) 'example_short_circuit_operator' retrieved from /home/airflow/.local/lib/python3.12/site-packages/airflow/example_dags/example_short_circuit_operator.py
[2026-06-30T08:31:04.658+0000] {logging_mixin.py:188} INFO - [2026-06-30T08:31:04.658+0000] {dag.py:3096} INFO - Sync 1 DAGs
[2026-06-30T08:31:04.675+0000] {logging_mixin.py:188} INFO - [2026-06-30T08:31:04.675+0000] {dag.py:3954} INFO - Setting next_dagrun for example_short_circuit_operator to 2026-06-29 00:00:00+00:00, run_after=2026-06-30 00:00:00+00:00
[2026-06-30T08:31:04.688+0000] {processor.py:183} INFO - Processing /home/airflow/.local/lib/python3.12/site-packages/airflow/example_dags/example_short_circuit_operator.py took 0.058 seconds
[2026-06-30T08:31:35.567+0000] {processor.py:161} INFO - Started process (PID=23225) to work on /home/airflow/.local/lib/python3.12/site-packages/airflow/example_dags/example_short_circuit_operator.py
[2026-06-30T08:31:35.568+0000] {processor.py:830} INFO - Processing file /home/airflow/.local/lib/python3.12/site-packages/airflow/example_dags/example_short_circuit_operator.py for tasks to queue
[2026-06-30T08:31:35.569+0000] {logging_mixin.py:188} INFO - [2026-06-30T08:31:35.569+0000] {dagbag.py:545} INFO - Filling up the DagBag from /home/airflow/.local/lib/python3.12/site-packages/airflow/example_dags/example_short_circuit_operator.py
[2026-06-30T08:31:35.576+0000] {processor.py:840} INFO - DAG(s) 'example_short_circuit_operator' retrieved from /home/airflow/.local/lib/python3.12/site-packages/airflow/example_dags/example_short_circuit_operator.py
[2026-06-30T08:31:35.593+0000] {logging_mixin.py:188} INFO - [2026-06-30T08:31:35.593+0000] {dag.py:3096} INFO - Sync 1 DAGs
[2026-06-30T08:31:35.608+0000] {logging_mixin.py:188} INFO - [2026-06-30T08:31:35.607+0000] {dag.py:3954} INFO - Setting next_dagrun for example_short_circuit_operator to 2026-06-29 00:00:00+00:00, run_after=2026-06-30 00:00:00+00:00
[2026-06-30T08:31:35.619+0000] {processor.py:183} INFO - Processing /home/airflow/.local/lib/python3.12/site-packages/airflow/example_dags/example_short_circuit_operator.py took 0.057 seconds
[2026-06-30T08:32:06.134+0000] {processor.py:161} INFO - Started process (PID=23283) to work on /home/airflow/.local/lib/python3.12/site-packages/airflow/example_dags/example_short_circuit_operator.py
[2026-06-30T08:32:06.135+0000] {processor.py:830} INFO - Processing file /home/airflow/.local/lib/python3.12/site-packages/airflow/example_dags/example_short_circuit_operator.py for tasks to queue
[2026-06-30T08:32:06.136+0000] {logging_mixin.py:188} INFO - [2026-06-30T08:32:06.136+0000] {dagbag.py:545} INFO - Filling up the DagBag from /home/airflow/.local/lib/python3.12/site-packages/airflow/example_dags/example_short_circuit_operator.py
[2026-06-30T08:32:06.143+0000] {processor.py:840} INFO - DAG(s) 'example_short_circuit_operator' retrieved from /home/airflow/.local/lib/python3.12/site-packages/airflow/example_dags/example_short_circuit_operator.py
[2026-06-30T08:32:06.160+0000] {logging_mixin.py:188} INFO - [2026-06-30T08:32:06.160+0000] {dag.py:3096} INFO - Sync 1 DAGs
[2026-06-30T08:32:06.177+0000] {logging_mixin.py:188} INFO - [2026-06-30T08:32:06.177+0000] {dag.py:3954} INFO - Setting next_dagrun for example_short_circuit_operator to 2026-06-29 00:00:00+00:00, run_after=2026-06-30 00:00:00+00:00
[2026-06-30T08:32:06.191+0000] {processor.py:183} INFO - Processing /home/airflow/.local/lib/python3.12/site-packages/airflow/example_dags/example_short_circuit_operator.py took 0.062 seconds
[2026-06-30T08:32:36.929+0000] {processor.py:161} INFO - Started process (PID=23341) to work on /home/airflow/.local/lib/python3.12/site-packages/airflow/example_dags/example_short_circuit_operator.py
[2026-06-30T08:32:36.930+0000] {processor.py:830} INFO - Processing file /home/airflow/.local/lib/python3.12/site-packages/airflow/example_dags/example_short_circuit_operator.py for tasks to queue
[2026-06-30T08:32:36.931+0000] {logging_mixin.py:188} INFO - [2026-06-30T08:32:36.931+0000] {dagbag.py:545} INFO - Filling up the DagBag from /home/airflow/.local/lib/python3.12/site-packages/airflow/example_dags/example_short_circuit_operator.py
[2026-06-30T08:32:36.937+0000] {processor.py:840} INFO - DAG(s) 'example_short_circuit_operator' retrieved from /home/airflow/.local/lib/python3.12/site-packages/airflow/example_dags/example_short_circuit_operator.py
[2026-06-30T08:32:36.955+0000] {logging_mixin.py:188} INFO - [2026-06-30T08:32:36.955+0000] {dag.py:3096} INFO - Sync 1 DAGs
[2026-06-30T08:32:36.974+0000] {logging_mixin.py:188} INFO - [2026-06-30T08:32:36.974+0000] {dag.py:3954} INFO - Setting next_dagrun for example_short_circuit_operator to 2026-06-29 00:00:00+00:00, run_after=2026-06-30 00:00:00+00:00
[2026-06-30T08:32:36.987+0000] {processor.py:183} INFO - Processing /home/airflow/.local/lib/python3.12/site-packages/airflow/example_dags/example_short_circuit_operator.py took 0.063 seconds
[2026-06-30T08:33:07.716+0000] {processor.py:161} INFO - Started process (PID=23399) to work on /home/airflow/.local/lib/python3.12/site-packages/airflow/example_dags/example_short_circuit_operator.py
[2026-06-30T08:33:07.717+0000] {processor.py:830} INFO - Processing file /home/airflow/.local/lib/python3.12/site-packages/airflow/example_dags/example_short_circuit_operator.py for tasks to queue
[2026-06-30T08:33:07.718+0000] {logging_mixin.py:188} INFO - [2026-06-30T08:33:07.718+0000] {dagbag.py:545} INFO - Filling up the DagBag from /home/airflow/.local/lib/python3.12/site-packages/airflow/example_dags/example_short_circuit_operator.py
[2026-06-30T08:33:07.725+0000] {processor.py:840} INFO - DAG(s) 'example_short_circuit_operator' retrieved from /home/airflow/.local/lib/python3.12/site-packages/airflow/example_dags/example_short_circuit_operator.py
[2026-06-30T08:33:07.746+0000] {logging_mixin.py:188} INFO - [2026-06-30T08:33:07.746+0000] {dag.py:3096} INFO - Sync 1 DAGs
[2026-06-30T08:33:07.771+0000] {logging_mixin.py:188} INFO - [2026-06-30T08:33:07.770+0000] {dag.py:3954} INFO - Setting next_dagrun for example_short_circuit_operator to 2026-06-29 00:00:00+00:00, run_after=2026-06-30 00:00:00+00:00
[2026-06-30T08:33:07.788+0000] {processor.py:183} INFO - Processing /home/airflow/.local/lib/python3.12/site-packages/airflow/example_dags/example_short_circuit_operator.py took 0.078 seconds
[2026-06-30T08:33:38.570+0000] {processor.py:161} INFO - Started process (PID=23457) to work on /home/airflow/.local/lib/python3.12/site-packages/airflow/example_dags/example_short_circuit_operator.py
[2026-06-30T08:33:38.570+0000] {processor.py:830} INFO - Processing file /home/airflow/.local/lib/python3.12/site-packages/airflow/example_dags/example_short_circuit_operator.py for tasks to queue
[2026-06-30T08:33:38.571+0000] {logging_mixin.py:188} INFO - [2026-06-30T08:33:38.571+0000] {dagbag.py:545} INFO - Filling up the DagBag from /home/airflow/.local/lib/python3.12/site-packages/airflow/example_dags/example_short_circuit_operator.py
[2026-06-30T08:33:38.577+0000] {processor.py:840} INFO - DAG(s) 'example_short_circuit_operator' retrieved from /home/airflow/.local/lib/python3.12/site-packages/airflow/example_dags/example_short_circuit_operator.py
[2026-06-30T08:33:38.594+0000] {logging_mixin.py:188} INFO - [2026-06-30T08:33:38.594+0000] {dag.py:3096} INFO - Sync 1 DAGs
[2026-06-30T08:33:38.609+0000] {logging_mixin.py:188} INFO - [2026-06-30T08:33:38.609+0000] {dag.py:3954} INFO - Setting next_dagrun for example_short_circuit_operator to 2026-06-29 00:00:00+00:00, run_after=2026-06-30 00:00:00+00:00
[2026-06-30T08:33:38.622+0000] {processor.py:183} INFO - Processing /home/airflow/.local/lib/python3.12/site-packages/airflow/example_dags/example_short_circuit_operator.py took 0.057 seconds
[2026-06-30T08:34:09.566+0000] {processor.py:161} INFO - Started process (PID=23515) to work on /home/airflow/.local/lib/python3.12/site-packages/airflow/example_dags/example_short_circuit_operator.py
[2026-06-30T08:34:09.567+0000] {processor.py:830} INFO - Processing file /home/airflow/.local/lib/python3.12/site-packages/airflow/example_dags/example_short_circuit_operator.py for tasks to queue
[2026-06-30T08:34:09.568+0000] {logging_mixin.py:188} INFO - [2026-06-30T08:34:09.568+0000] {dagbag.py:545} INFO - Filling up the DagBag from /home/airflow/.local/lib/python3.12/site-packages/airflow/example_dags/example_short_circuit_operator.py
[2026-06-30T08:34:09.575+0000] {processor.py:840} INFO - DAG(s) 'example_short_circuit_operator' retrieved from /home/airflow/.local/lib/python3.12/site-packages/airflow/example_dags/example_short_circuit_operator.py
[2026-06-30T08:34:09.593+0000] {logging_mixin.py:188} INFO - [2026-06-30T08:34:09.592+0000] {dag.py:3096} INFO - Sync 1 DAGs
[2026-06-30T08:34:09.608+0000] {logging_mixin.py:188} INFO - [2026-06-30T08:34:09.608+0000] {dag.py:3954} INFO - Setting next_dagrun for example_short_circuit_operator to 2026-06-29 00:00:00+00:00, run_after=2026-06-30 00:00:00+00:00
[2026-06-30T08:34:09.622+0000] {processor.py:183} INFO - Processing /home/airflow/.local/lib/python3.12/site-packages/airflow/example_dags/example_short_circuit_operator.py took 0.060 seconds
[2026-06-30T08:34:40.159+0000] {processor.py:161} INFO - Started process (PID=23573) to work on /home/airflow/.local/lib/python3.12/site-packages/airflow/example_dags/example_short_circuit_operator.py
[2026-06-30T08:34:40.160+0000] {processor.py:830} INFO - Processing file /home/airflow/.local/lib/python3.12/site-packages/airflow/example_dags/example_short_circuit_operator.py for tasks to queue
[2026-06-30T08:34:40.161+0000] {logging_mixin.py:188} INFO - [2026-06-30T08:34:40.161+0000] {dagbag.py:545} INFO - Filling up the DagBag from /home/airflow/.local/lib/python3.12/site-packages/airflow/example_dags/example_short_circuit_operator.py
[2026-06-30T08:34:40.167+0000] {processor.py:840} INFO - DAG(s) 'example_short_circuit_operator' retrieved from /home/airflow/.local/lib/python3.12/site-packages/airflow/example_dags/example_short_circuit_operator.py
[2026-06-30T08:34:40.182+0000] {logging_mixin.py:188} INFO - [2026-06-30T08:34:40.182+0000] {dag.py:3096} INFO - Sync 1 DAGs
[2026-06-30T08:34:40.199+0000] {logging_mixin.py:188} INFO - [2026-06-30T08:34:40.198+0000] {dag.py:3954} INFO - Setting next_dagrun for example_short_circuit_operator to 2026-06-29 00:00:00+00:00, run_after=2026-06-30 00:00:00+00:00
[2026-06-30T08:34:40.211+0000] {processor.py:183} INFO - Processing /home/airflow/.local/lib/python3.12/site-packages/airflow/example_dags/example_short_circuit_operator.py took 0.056 seconds
[2026-06-30T08:35:10.499+0000] {processor.py:161} INFO - Started process (PID=23631) to work on /home/airflow/.local/lib/python3.12/site-packages/airflow/example_dags/example_short_circuit_operator.py
[2026-06-30T08:35:10.501+0000] {processor.py:830} INFO - Processing file /home/airflow/.local/lib/python3.12/site-packages/airflow/example_dags/example_short_circuit_operator.py for tasks to queue
[2026-06-30T08:35:10.502+0000] {logging_mixin.py:188} INFO - [2026-06-30T08:35:10.501+0000] {dagbag.py:545} INFO - Filling up the DagBag from /home/airflow/.local/lib/python3.12/site-packages/airflow/example_dags/example_short_circuit_operator.py
[2026-06-30T08:35:10.509+0000] {processor.py:840} INFO - DAG(s) 'example_short_circuit_operator' retrieved from /home/airflow/.local/lib/python3.12/site-packages/airflow/example_dags/example_short_circuit_operator.py
[2026-06-30T08:35:10.530+0000] {logging_mixin.py:188} INFO - [2026-06-30T08:35:10.530+0000] {dag.py:3096} INFO - Sync 1 DAGs
[2026-06-30T08:35:10.547+0000] {logging_mixin.py:188} INFO - [2026-06-30T08:35:10.547+0000] {dag.py:3954} INFO - Setting next_dagrun for example_short_circuit_operator to 2026-06-29 00:00:00+00:00, run_after=2026-06-30 00:00:00+00:00
[2026-06-30T08:35:10.563+0000] {processor.py:183} INFO - Processing /home/airflow/.local/lib/python3.12/site-packages/airflow/example_dags/example_short_circuit_operator.py took 0.069 seconds
[2026-06-30T08:35:40.953+0000] {processor.py:161} INFO - Started process (PID=23689) to work on /home/airflow/.local/lib/python3.12/site-packages/airflow/example_dags/example_short_circuit_operator.py
[2026-06-30T08:35:40.954+0000] {processor.py:830} INFO - Processing file /home/airflow/.local/lib/python3.12/site-packages/airflow/example_dags/example_short_circuit_operator.py for tasks to queue
[2026-06-30T08:35:40.955+0000] {logging_mixin.py:188} INFO - [2026-06-30T08:35:40.955+0000] {dagbag.py:545} INFO - Filling up the DagBag from /home/airflow/.local/lib/python3.12/site-packages/airflow/example_dags/example_short_circuit_operator.py
[2026-06-30T08:35:40.962+0000] {processor.py:840} INFO - DAG(s) 'example_short_circuit_operator' retrieved from /home/airflow/.local/lib/python3.12/site-packages/airflow/example_dags/example_short_circuit_operator.py
[2026-06-30T08:35:40.980+0000] {logging_mixin.py:188} INFO - [2026-06-30T08:35:40.979+0000] {dag.py:3096} INFO - Sync 1 DAGs
[2026-06-30T08:35:40.996+0000] {logging_mixin.py:188} INFO - [2026-06-30T08:35:40.996+0000] {dag.py:3954} INFO - Setting next_dagrun for example_short_circuit_operator to 2026-06-29 00:00:00+00:00, run_after=2026-06-30 00:00:00+00:00
[2026-06-30T08:35:41.010+0000] {processor.py:183} INFO - Processing /home/airflow/.local/lib/python3.12/site-packages/airflow/example_dags/example_short_circuit_operator.py took 0.061 seconds
[2026-06-30T08:36:11.192+0000] {processor.py:161} INFO - Started process (PID=23747) to work on /home/airflow/.local/lib/python3.12/site-packages/airflow/example_dags/example_short_circuit_operator.py
[2026-06-30T08:36:11.193+0000] {processor.py:830} INFO - Processing file /home/airflow/.local/lib/python3.12/site-packages/airflow/example_dags/example_short_circuit_operator.py for tasks to queue
[2026-06-30T08:36:11.194+0000] {logging_mixin.py:188} INFO - [2026-06-30T08:36:11.194+0000] {dagbag.py:545} INFO - Filling up the DagBag from /home/airflow/.local/lib/python3.12/site-packages/airflow/example_dags/example_short_circuit_operator.py
[2026-06-30T08:36:11.201+0000] {processor.py:840} INFO - DAG(s) 'example_short_circuit_operator' retrieved from /home/airflow/.local/lib/python3.12/site-packages/airflow/example_dags/example_short_circuit_operator.py
[2026-06-30T08:36:11.219+0000] {logging_mixin.py:188} INFO - [2026-06-30T08:36:11.219+0000] {dag.py:3096} INFO - Sync 1 DAGs
[2026-06-30T08:36:11.234+0000] {logging_mixin.py:188} INFO - [2026-06-30T08:36:11.234+0000] {dag.py:3954} INFO - Setting next_dagrun for example_short_circuit_operator to 2026-06-29 00:00:00+00:00, run_after=2026-06-30 00:00:00+00:00
[2026-06-30T08:36:11.247+0000] {processor.py:183} INFO - Processing /home/airflow/.local/lib/python3.12/site-packages/airflow/example_dags/example_short_circuit_operator.py took 0.059 seconds
[2026-06-30T08:36:41.763+0000] {processor.py:161} INFO - Started process (PID=23805) to work on /home/airflow/.local/lib/python3.12/site-packages/airflow/example_dags/example_short_circuit_operator.py
[2026-06-30T08:36:41.764+0000] {processor.py:830} INFO - Processing file /home/airflow/.local/lib/python3.12/site-packages/airflow/example_dags/example_short_circuit_operator.py for tasks to queue
[2026-06-30T08:36:41.765+0000] {logging_mixin.py:188} INFO - [2026-06-30T08:36:41.765+0000] {dagbag.py:545} INFO - Filling up the DagBag from /home/airflow/.local/lib/python3.12/site-packages/airflow/example_dags/example_short_circuit_operator.py
[2026-06-30T08:36:41.772+0000] {processor.py:840} INFO - DAG(s) 'example_short_circuit_operator' retrieved from /home/airflow/.local/lib/python3.12/site-packages/airflow/example_dags/example_short_circuit_operator.py
[2026-06-30T08:36:41.789+0000] {logging_mixin.py:188} INFO - [2026-06-30T08:36:41.789+0000] {dag.py:3096} INFO - Sync 1 DAGs
[2026-06-30T08:36:41.809+0000] {logging_mixin.py:188} INFO - [2026-06-30T08:36:41.809+0000] {dag.py:3954} INFO - Setting next_dagrun for example_short_circuit_operator to 2026-06-29 00:00:00+00:00, run_after=2026-06-30 00:00:00+00:00
[2026-06-30T08:36:41.822+0000] {processor.py:183} INFO - Processing /home/airflow/.local/lib/python3.12/site-packages/airflow/example_dags/example_short_circuit_operator.py took 0.064 seconds
[2026-06-30T08:37:12.047+0000] {processor.py:161} INFO - Started process (PID=23870) to work on /home/airflow/.local/lib/python3.12/site-packages/airflow/example_dags/example_short_circuit_operator.py
[2026-06-30T08:37:12.048+0000] {processor.py:830} INFO - Processing file /home/airflow/.local/lib/python3.12/site-packages/airflow/example_dags/example_short_circuit_operator.py for tasks to queue
[2026-06-30T08:37:12.049+0000] {logging_mixin.py:188} INFO - [2026-06-30T08:37:12.049+0000] {dagbag.py:545} INFO - Filling up the DagBag from /home/airflow/.local/lib/python3.12/site-packages/airflow/example_dags/example_short_circuit_operator.py
[2026-06-30T08:37:12.054+0000] {processor.py:840} INFO - DAG(s) 'example_short_circuit_operator' retrieved from /home/airflow/.local/lib/python3.12/site-packages/airflow/example_dags/example_short_circuit_operator.py
[2026-06-30T08:37:12.071+0000] {logging_mixin.py:188} INFO - [2026-06-30T08:37:12.071+0000] {dag.py:3096} INFO - Sync 1 DAGs
[2026-06-30T08:37:12.087+0000] {logging_mixin.py:188} INFO - [2026-06-30T08:37:12.087+0000] {dag.py:3954} INFO - Setting next_dagrun for example_short_circuit_operator to 2026-06-29 00:00:00+00:00, run_after=2026-06-30 00:00:00+00:00
[2026-06-30T08:37:12.100+0000] {processor.py:183} INFO - Processing /home/airflow/.local/lib/python3.12/site-packages/airflow/example_dags/example_short_circuit_operator.py took 0.058 seconds
[2026-06-30T08:37:42.443+0000] {processor.py:161} INFO - Started process (PID=23928) to work on /home/airflow/.local/lib/python3.12/site-packages/airflow/example_dags/example_short_circuit_operator.py
[2026-06-30T08:37:42.443+0000] {processor.py:830} INFO - Processing file /home/airflow/.local/lib/python3.12/site-packages/airflow/example_dags/example_short_circuit_operator.py for tasks to queue
[2026-06-30T08:37:42.444+0000] {logging_mixin.py:188} INFO - [2026-06-30T08:37:42.444+0000] {dagbag.py:545} INFO - Filling up the DagBag from /home/airflow/.local/lib/python3.12/site-packages/airflow/example_dags/example_short_circuit_operator.py
[2026-06-30T08:37:42.451+0000] {processor.py:840} INFO - DAG(s) 'example_short_circuit_operator' retrieved from /home/airflow/.local/lib/python3.12/site-packages/airflow/example_dags/example_short_circuit_operator.py
[2026-06-30T08:37:42.469+0000] {logging_mixin.py:188} INFO - [2026-06-30T08:37:42.469+0000] {dag.py:3096} INFO - Sync 1 DAGs
[2026-06-30T08:37:42.484+0000] {logging_mixin.py:188} INFO - [2026-06-30T08:37:42.484+0000] {dag.py:3954} INFO - Setting next_dagrun for example_short_circuit_operator to 2026-06-29 00:00:00+00:00, run_after=2026-06-30 00:00:00+00:00
[2026-06-30T08:37:42.497+0000] {processor.py:183} INFO - Processing /home/airflow/.local/lib/python3.12/site-packages/airflow/example_dags/example_short_circuit_operator.py took 0.059 seconds
[2026-06-30T08:38:12.917+0000] {processor.py:161} INFO - Started process (PID=23986) to work on /home/airflow/.local/lib/python3.12/site-packages/airflow/example_dags/example_short_circuit_operator.py
[2026-06-30T08:38:12.918+0000] {processor.py:830} INFO - Processing file /home/airflow/.local/lib/python3.12/site-packages/airflow/example_dags/example_short_circuit_operator.py for tasks to queue
[2026-06-30T08:38:12.919+0000] {logging_mixin.py:188} INFO - [2026-06-30T08:38:12.919+0000] {dagbag.py:545} INFO - Filling up the DagBag from /home/airflow/.local/lib/python3.12/site-packages/airflow/example_dags/example_short_circuit_operator.py
[2026-06-30T08:38:12.928+0000] {processor.py:840} INFO - DAG(s) 'example_short_circuit_operator' retrieved from /home/airflow/.local/lib/python3.12/site-packages/airflow/example_dags/example_short_circuit_operator.py
[2026-06-30T08:38:12.950+0000] {logging_mixin.py:188} INFO - [2026-06-30T08:38:12.950+0000] {dag.py:3096} INFO - Sync 1 DAGs
[2026-06-30T08:38:12.971+0000] {logging_mixin.py:188} INFO - [2026-06-30T08:38:12.971+0000] {dag.py:3954} INFO - Setting next_dagrun for example_short_circuit_operator to 2026-06-29 00:00:00+00:00, run_after=2026-06-30 00:00:00+00:00
[2026-06-30T08:38:12.990+0000] {processor.py:183} INFO - Processing /home/airflow/.local/lib/python3.12/site-packages/airflow/example_dags/example_short_circuit_operator.py took 0.080 seconds
[2026-06-30T08:38:43.426+0000] {processor.py:161} INFO - Started process (PID=24044) to work on /home/airflow/.local/lib/python3.12/site-packages/airflow/example_dags/example_short_circuit_operator.py
[2026-06-30T08:38:43.427+0000] {processor.py:830} INFO - Processing file /home/airflow/.local/lib/python3.12/site-packages/airflow/example_dags/example_short_circuit_operator.py for tasks to queue
[2026-06-30T08:38:43.428+0000] {logging_mixin.py:188} INFO - [2026-06-30T08:38:43.427+0000] {dagbag.py:545} INFO - Filling up the DagBag from /home/airflow/.local/lib/python3.12/site-packages/airflow/example_dags/example_short_circuit_operator.py
[2026-06-30T08:38:43.434+0000] {processor.py:840} INFO - DAG(s) 'example_short_circuit_operator' retrieved from /home/airflow/.local/lib/python3.12/site-packages/airflow/example_dags/example_short_circuit_operator.py
[2026-06-30T08:38:43.449+0000] {logging_mixin.py:188} INFO - [2026-06-30T08:38:43.449+0000] {dag.py:3096} INFO - Sync 1 DAGs
[2026-06-30T08:38:43.464+0000] {logging_mixin.py:188} INFO - [2026-06-30T08:38:43.464+0000] {dag.py:3954} INFO - Setting next_dagrun for example_short_circuit_operator to 2026-06-29 00:00:00+00:00, run_after=2026-06-30 00:00:00+00:00
[2026-06-30T08:38:43.477+0000] {processor.py:183} INFO - Processing /home/airflow/.local/lib/python3.12/site-packages/airflow/example_dags/example_short_circuit_operator.py took 0.056 seconds
[2026-06-30T08:39:13.919+0000] {processor.py:161} INFO - Started process (PID=24102) to work on /home/airflow/.local/lib/python3.12/site-packages/airflow/example_dags/example_short_circuit_operator.py
[2026-06-30T08:39:13.920+0000] {processor.py:830} INFO - Processing file /home/airflow/.local/lib/python3.12/site-packages/airflow/example_dags/example_short_circuit_operator.py for tasks to queue
[2026-06-30T08:39:13.920+0000] {logging_mixin.py:188} INFO - [2026-06-30T08:39:13.920+0000] {dagbag.py:545} INFO - Filling up the DagBag from /home/airflow/.local/lib/python3.12/site-packages/airflow/example_dags/example_short_circuit_operator.py
[2026-06-30T08:39:13.927+0000] {processor.py:840} INFO - DAG(s) 'example_short_circuit_operator' retrieved from /home/airflow/.local/lib/python3.12/site-packages/airflow/example_dags/example_short_circuit_operator.py
[2026-06-30T08:39:13.943+0000] {logging_mixin.py:188} INFO - [2026-06-30T08:39:13.943+0000] {dag.py:3096} INFO - Sync 1 DAGs
[2026-06-30T08:39:13.958+0000] {logging_mixin.py:188} INFO - [2026-06-30T08:39:13.958+0000] {dag.py:3954} INFO - Setting next_dagrun for example_short_circuit_operator to 2026-06-29 00:00:00+00:00, run_after=2026-06-30 00:00:00+00:00
[2026-06-30T08:39:13.972+0000] {processor.py:183} INFO - Processing /home/airflow/.local/lib/python3.12/site-packages/airflow/example_dags/example_short_circuit_operator.py took 0.058 seconds
[2026-06-30T08:39:44.559+0000] {processor.py:161} INFO - Started process (PID=24160) to work on /home/airflow/.local/lib/python3.12/site-packages/airflow/example_dags/example_short_circuit_operator.py
[2026-06-30T08:39:44.560+0000] {processor.py:830} INFO - Processing file /home/airflow/.local/lib/python3.12/site-packages/airflow/example_dags/example_short_circuit_operator.py for tasks to queue
[2026-06-30T08:39:44.561+0000] {logging_mixin.py:188} INFO - [2026-06-30T08:39:44.560+0000] {dagbag.py:545} INFO - Filling up the DagBag from /home/airflow/.local/lib/python3.12/site-packages/airflow/example_dags/example_short_circuit_operator.py
[2026-06-30T08:39:44.567+0000] {processor.py:840} INFO - DAG(s) 'example_short_circuit_operator' retrieved from /home/airflow/.local/lib/python3.12/site-packages/airflow/example_dags/example_short_circuit_operator.py
[2026-06-30T08:39:44.582+0000] {logging_mixin.py:188} INFO - [2026-06-30T08:39:44.582+0000] {dag.py:3096} INFO - Sync 1 DAGs
[2026-06-30T08:39:44.597+0000] {logging_mixin.py:188} INFO - [2026-06-30T08:39:44.596+0000] {dag.py:3954} INFO - Setting next_dagrun for example_short_circuit_operator to 2026-06-29 00:00:00+00:00, run_after=2026-06-30 00:00:00+00:00
[2026-06-30T08:39:44.609+0000] {processor.py:183} INFO - Processing /home/airflow/.local/lib/python3.12/site-packages/airflow/example_dags/example_short_circuit_operator.py took 0.055 seconds
[2026-06-30T08:40:14.964+0000] {processor.py:161} INFO - Started process (PID=24218) to work on /home/airflow/.local/lib/python3.12/site-packages/airflow/example_dags/example_short_circuit_operator.py
[2026-06-30T08:40:14.965+0000] {processor.py:830} INFO - Processing file /home/airflow/.local/lib/python3.12/site-packages/airflow/example_dags/example_short_circuit_operator.py for tasks to queue
[2026-06-30T08:40:14.966+0000] {logging_mixin.py:188} INFO - [2026-06-30T08:40:14.966+0000] {dagbag.py:545} INFO - Filling up the DagBag from /home/airflow/.local/lib/python3.12/site-packages/airflow/example_dags/example_short_circuit_operator.py
[2026-06-30T08:40:14.972+0000] {processor.py:840} INFO - DAG(s) 'example_short_circuit_operator' retrieved from /home/airflow/.local/lib/python3.12/site-packages/airflow/example_dags/example_short_circuit_operator.py
[2026-06-30T08:40:14.991+0000] {logging_mixin.py:188} INFO - [2026-06-30T08:40:14.990+0000] {dag.py:3096} INFO - Sync 1 DAGs
[2026-06-30T08:40:15.008+0000] {logging_mixin.py:188} INFO - [2026-06-30T08:40:15.008+0000] {dag.py:3954} INFO - Setting next_dagrun for example_short_circuit_operator to 2026-06-29 00:00:00+00:00, run_after=2026-06-30 00:00:00+00:00
[2026-06-30T08:40:15.022+0000] {processor.py:183} INFO - Processing /home/airflow/.local/lib/python3.12/site-packages/airflow/example_dags/example_short_circuit_operator.py took 0.062 seconds
[2026-06-30T08:40:45.604+0000] {processor.py:161} INFO - Started process (PID=24276) to work on /home/airflow/.local/lib/python3.12/site-packages/airflow/example_dags/example_short_circuit_operator.py
[2026-06-30T08:40:45.605+0000] {processor.py:830} INFO - Processing file /home/airflow/.local/lib/python3.12/site-packages/airflow/example_dags/example_short_circuit_operator.py for tasks to queue
[2026-06-30T08:40:45.606+0000] {logging_mixin.py:188} INFO - [2026-06-30T08:40:45.605+0000] {dagbag.py:545} INFO - Filling up the DagBag from /home/airflow/.local/lib/python3.12/site-packages/airflow/example_dags/example_short_circuit_operator.py
[2026-06-30T08:40:45.612+0000] {processor.py:840} INFO - DAG(s) 'example_short_circuit_operator' retrieved from /home/airflow/.local/lib/python3.12/site-packages/airflow/example_dags/example_short_circuit_operator.py
[2026-06-30T08:40:45.628+0000] {logging_mixin.py:188} INFO - [2026-06-30T08:40:45.628+0000] {dag.py:3096} INFO - Sync 1 DAGs
[2026-06-30T08:40:45.645+0000] {logging_mixin.py:188} INFO - [2026-06-30T08:40:45.644+0000] {dag.py:3954} INFO - Setting next_dagrun for example_short_circuit_operator to 2026-06-29 00:00:00+00:00, run_after=2026-06-30 00:00:00+00:00
[2026-06-30T08:40:45.657+0000] {processor.py:183} INFO - Processing /home/airflow/.local/lib/python3.12/site-packages/airflow/example_dags/example_short_circuit_operator.py took 0.058 seconds
[2026-06-30T08:41:16.274+0000] {processor.py:161} INFO - Started process (PID=24334) to work on /home/airflow/.local/lib/python3.12/site-packages/airflow/example_dags/example_short_circuit_operator.py
[2026-06-30T08:41:16.275+0000] {processor.py:830} INFO - Processing file /home/airflow/.local/lib/python3.12/site-packages/airflow/example_dags/example_short_circuit_operator.py for tasks to queue
[2026-06-30T08:41:16.276+0000] {logging_mixin.py:188} INFO - [2026-06-30T08:41:16.275+0000] {dagbag.py:545} INFO - Filling up the DagBag from /home/airflow/.local/lib/python3.12/site-packages/airflow/example_dags/example_short_circuit_operator.py
[2026-06-30T08:41:16.281+0000] {processor.py:840} INFO - DAG(s) 'example_short_circuit_operator' retrieved from /home/airflow/.local/lib/python3.12/site-packages/airflow/example_dags/example_short_circuit_operator.py
[2026-06-30T08:41:16.298+0000] {logging_mixin.py:188} INFO - [2026-06-30T08:41:16.298+0000] {dag.py:3096} INFO - Sync 1 DAGs
[2026-06-30T08:41:16.314+0000] {logging_mixin.py:188} INFO - [2026-06-30T08:41:16.314+0000] {dag.py:3954} INFO - Setting next_dagrun for example_short_circuit_operator to 2026-06-29 00:00:00+00:00, run_after=2026-06-30 00:00:00+00:00
[2026-06-30T08:41:16.326+0000] {processor.py:183} INFO - Processing /home/airflow/.local/lib/python3.12/site-packages/airflow/example_dags/example_short_circuit_operator.py took 0.057 seconds
[2026-06-30T08:41:46.789+0000] {processor.py:161} INFO - Started process (PID=24392) to work on /home/airflow/.local/lib/python3.12/site-packages/airflow/example_dags/example_short_circuit_operator.py
[2026-06-30T08:41:46.790+0000] {processor.py:830} INFO - Processing file /home/airflow/.local/lib/python3.12/site-packages/airflow/example_dags/example_short_circuit_operator.py for tasks to queue
[2026-06-30T08:41:46.791+0000] {logging_mixin.py:188} INFO - [2026-06-30T08:41:46.790+0000] {dagbag.py:545} INFO - Filling up the DagBag from /home/airflow/.local/lib/python3.12/site-packages/airflow/example_dags/example_short_circuit_operator.py
[2026-06-30T08:41:46.797+0000] {processor.py:840} INFO - DAG(s) 'example_short_circuit_operator' retrieved from /home/airflow/.local/lib/python3.12/site-packages/airflow/example_dags/example_short_circuit_operator.py
[2026-06-30T08:41:46.814+0000] {logging_mixin.py:188} INFO - [2026-06-30T08:41:46.813+0000] {dag.py:3096} INFO - Sync 1 DAGs
[2026-06-30T08:41:46.828+0000] {logging_mixin.py:188} INFO - [2026-06-30T08:41:46.828+0000] {dag.py:3954} INFO - Setting next_dagrun for example_short_circuit_operator to 2026-06-29 00:00:00+00:00, run_after=2026-06-30 00:00:00+00:00
[2026-06-30T08:41:46.840+0000] {processor.py:183} INFO - Processing /home/airflow/.local/lib/python3.12/site-packages/airflow/example_dags/example_short_circuit_operator.py took 0.056 seconds
[2026-06-30T08:42:17.189+0000] {processor.py:161} INFO - Started process (PID=24450) to work on /home/airflow/.local/lib/python3.12/site-packages/airflow/example_dags/example_short_circuit_operator.py
[2026-06-30T08:42:17.190+0000] {processor.py:830} INFO - Processing file /home/airflow/.local/lib/python3.12/site-packages/airflow/example_dags/example_short_circuit_operator.py for tasks to queue
[2026-06-30T08:42:17.191+0000] {logging_mixin.py:188} INFO - [2026-06-30T08:42:17.190+0000] {dagbag.py:545} INFO - Filling up the DagBag from /home/airflow/.local/lib/python3.12/site-packages/airflow/example_dags/example_short_circuit_operator.py
[2026-06-30T08:42:17.196+0000] {processor.py:840} INFO - DAG(s) 'example_short_circuit_operator' retrieved from /home/airflow/.local/lib/python3.12/site-packages/airflow/example_dags/example_short_circuit_operator.py
[2026-06-30T08:42:17.214+0000] {logging_mixin.py:188} INFO - [2026-06-30T08:42:17.214+0000] {dag.py:3096} INFO - Sync 1 DAGs
[2026-06-30T08:42:17.232+0000] {logging_mixin.py:188} INFO - [2026-06-30T08:42:17.232+0000] {dag.py:3954} INFO - Setting next_dagrun for example_short_circuit_operator to 2026-06-29 00:00:00+00:00, run_after=2026-06-30 00:00:00+00:00
[2026-06-30T08:42:17.245+0000] {processor.py:183} INFO - Processing /home/airflow/.local/lib/python3.12/site-packages/airflow/example_dags/example_short_circuit_operator.py took 0.061 seconds
[2026-06-30T08:42:47.936+0000] {processor.py:161} INFO - Started process (PID=24508) to work on /home/airflow/.local/lib/python3.12/site-packages/airflow/example_dags/example_short_circuit_operator.py
[2026-06-30T08:42:47.937+0000] {processor.py:830} INFO - Processing file /home/airflow/.local/lib/python3.12/site-packages/airflow/example_dags/example_short_circuit_operator.py for tasks to queue
[2026-06-30T08:42:47.938+0000] {logging_mixin.py:188} INFO - [2026-06-30T08:42:47.938+0000] {dagbag.py:545} INFO - Filling up the DagBag from /home/airflow/.local/lib/python3.12/site-packages/airflow/example_dags/example_short_circuit_operator.py
[2026-06-30T08:42:47.944+0000] {processor.py:840} INFO - DAG(s) 'example_short_circuit_operator' retrieved from /home/airflow/.local/lib/python3.12/site-packages/airflow/example_dags/example_short_circuit_operator.py
[2026-06-30T08:42:47.962+0000] {logging_mixin.py:188} INFO - [2026-06-30T08:42:47.961+0000] {dag.py:3096} INFO - Sync 1 DAGs
[2026-06-30T08:42:47.978+0000] {logging_mixin.py:188} INFO - [2026-06-30T08:42:47.978+0000] {dag.py:3954} INFO - Setting next_dagrun for example_short_circuit_operator to 2026-06-29 00:00:00+00:00, run_after=2026-06-30 00:00:00+00:00
[2026-06-30T08:42:47.992+0000] {processor.py:183} INFO - Processing /home/airflow/.local/lib/python3.12/site-packages/airflow/example_dags/example_short_circuit_operator.py took 0.060 seconds
[2026-06-30T08:43:18.042+0000] {processor.py:161} INFO - Started process (PID=24566) to work on /home/airflow/.local/lib/python3.12/site-packages/airflow/example_dags/example_short_circuit_operator.py
[2026-06-30T08:43:18.043+0000] {processor.py:830} INFO - Processing file /home/airflow/.local/lib/python3.12/site-packages/airflow/example_dags/example_short_circuit_operator.py for tasks to queue
[2026-06-30T08:43:18.045+0000] {logging_mixin.py:188} INFO - [2026-06-30T08:43:18.044+0000] {dagbag.py:545} INFO - Filling up the DagBag from /home/airflow/.local/lib/python3.12/site-packages/airflow/example_dags/example_short_circuit_operator.py
[2026-06-30T08:43:18.056+0000] {processor.py:840} INFO - DAG(s) 'example_short_circuit_operator' retrieved from /home/airflow/.local/lib/python3.12/site-packages/airflow/example_dags/example_short_circuit_operator.py
[2026-06-30T08:43:18.084+0000] {logging_mixin.py:188} INFO - [2026-06-30T08:43:18.084+0000] {dag.py:3096} INFO - Sync 1 DAGs
[2026-06-30T08:43:18.108+0000] {logging_mixin.py:188} INFO - [2026-06-30T08:43:18.108+0000] {dag.py:3954} INFO - Setting next_dagrun for example_short_circuit_operator to 2026-06-29 00:00:00+00:00, run_after=2026-06-30 00:00:00+00:00
[2026-06-30T08:43:18.129+0000] {processor.py:183} INFO - Processing /home/airflow/.local/lib/python3.12/site-packages/airflow/example_dags/example_short_circuit_operator.py took 0.094 seconds
[2026-06-30T08:43:48.483+0000] {processor.py:161} INFO - Started process (PID=24624) to work on /home/airflow/.local/lib/python3.12/site-packages/airflow/example_dags/example_short_circuit_operator.py
[2026-06-30T08:43:48.484+0000] {processor.py:830} INFO - Processing file /home/airflow/.local/lib/python3.12/site-packages/airflow/example_dags/example_short_circuit_operator.py for tasks to queue
[2026-06-30T08:43:48.485+0000] {logging_mixin.py:188} INFO - [2026-06-30T08:43:48.485+0000] {dagbag.py:545} INFO - Filling up the DagBag from /home/airflow/.local/lib/python3.12/site-packages/airflow/example_dags/example_short_circuit_operator.py
[2026-06-30T08:43:48.491+0000] {processor.py:840} INFO - DAG(s) 'example_short_circuit_operator' retrieved from /home/airflow/.local/lib/python3.12/site-packages/airflow/example_dags/example_short_circuit_operator.py
[2026-06-30T08:43:48.509+0000] {logging_mixin.py:188} INFO - [2026-06-30T08:43:48.509+0000] {dag.py:3096} INFO - Sync 1 DAGs
[2026-06-30T08:43:48.525+0000] {logging_mixin.py:188} INFO - [2026-06-30T08:43:48.525+0000] {dag.py:3954} INFO - Setting next_dagrun for example_short_circuit_operator to 2026-06-29 00:00:00+00:00, run_after=2026-06-30 00:00:00+00:00
[2026-06-30T08:43:48.539+0000] {processor.py:183} INFO - Processing /home/airflow/.local/lib/python3.12/site-packages/airflow/example_dags/example_short_circuit_operator.py took 0.061 seconds
[2026-06-30T08:44:18.841+0000] {processor.py:161} INFO - Started process (PID=24682) to work on /home/airflow/.local/lib/python3.12/site-packages/airflow/example_dags/example_short_circuit_operator.py
[2026-06-30T08:44:18.842+0000] {processor.py:830} INFO - Processing file /home/airflow/.local/lib/python3.12/site-packages/airflow/example_dags/example_short_circuit_operator.py for tasks to queue
[2026-06-30T08:44:18.843+0000] {logging_mixin.py:188} INFO - [2026-06-30T08:44:18.843+0000] {dagbag.py:545} INFO - Filling up the DagBag from /home/airflow/.local/lib/python3.12/site-packages/airflow/example_dags/example_short_circuit_operator.py
[2026-06-30T08:44:18.850+0000] {processor.py:840} INFO - DAG(s) 'example_short_circuit_operator' retrieved from /home/airflow/.local/lib/python3.12/site-packages/airflow/example_dags/example_short_circuit_operator.py
[2026-06-30T08:44:18.867+0000] {logging_mixin.py:188} INFO - [2026-06-30T08:44:18.867+0000] {dag.py:3096} INFO - Sync 1 DAGs
[2026-06-30T08:44:18.884+0000] {logging_mixin.py:188} INFO - [2026-06-30T08:44:18.883+0000] {dag.py:3954} INFO - Setting next_dagrun for example_short_circuit_operator to 2026-06-29 00:00:00+00:00, run_after=2026-06-30 00:00:00+00:00
[2026-06-30T08:44:18.897+0000] {processor.py:183} INFO - Processing /home/airflow/.local/lib/python3.12/site-packages/airflow/example_dags/example_short_circuit_operator.py took 0.060 seconds
[2026-06-30T08:44:49.251+0000] {processor.py:161} INFO - Started process (PID=24740) to work on /home/airflow/.local/lib/python3.12/site-packages/airflow/example_dags/example_short_circuit_operator.py
[2026-06-30T08:44:49.252+0000] {processor.py:830} INFO - Processing file /home/airflow/.local/lib/python3.12/site-packages/airflow/example_dags/example_short_circuit_operator.py for tasks to queue
[2026-06-30T08:44:49.253+0000] {logging_mixin.py:188} INFO - [2026-06-30T08:44:49.253+0000] {dagbag.py:545} INFO - Filling up the DagBag from /home/airflow/.local/lib/python3.12/site-packages/airflow/example_dags/example_short_circuit_operator.py
[2026-06-30T08:44:49.261+0000] {processor.py:840} INFO - DAG(s) 'example_short_circuit_operator' retrieved from /home/airflow/.local/lib/python3.12/site-packages/airflow/example_dags/example_short_circuit_operator.py
[2026-06-30T08:44:49.281+0000] {logging_mixin.py:188} INFO - [2026-06-30T08:44:49.281+0000] {dag.py:3096} INFO - Sync 1 DAGs
[2026-06-30T08:44:49.304+0000] {logging_mixin.py:188} INFO - [2026-06-30T08:44:49.304+0000] {dag.py:3954} INFO - Setting next_dagrun for example_short_circuit_operator to 2026-06-29 00:00:00+00:00, run_after=2026-06-30 00:00:00+00:00
[2026-06-30T08:44:49.321+0000] {processor.py:183} INFO - Processing /home/airflow/.local/lib/python3.12/site-packages/airflow/example_dags/example_short_circuit_operator.py took 0.075 seconds
[2026-06-30T08:45:19.771+0000] {processor.py:161} INFO - Started process (PID=24798) to work on /home/airflow/.local/lib/python3.12/site-packages/airflow/example_dags/example_short_circuit_operator.py
[2026-06-30T08:45:19.772+0000] {processor.py:830} INFO - Processing file /home/airflow/.local/lib/python3.12/site-packages/airflow/example_dags/example_short_circuit_operator.py for tasks to queue
[2026-06-30T08:45:19.773+0000] {logging_mixin.py:188} INFO - [2026-06-30T08:45:19.773+0000] {dagbag.py:545} INFO - Filling up the DagBag from /home/airflow/.local/lib/python3.12/site-packages/airflow/example_dags/example_short_circuit_operator.py
[2026-06-30T08:45:19.781+0000] {processor.py:840} INFO - DAG(s) 'example_short_circuit_operator' retrieved from /home/airflow/.local/lib/python3.12/site-packages/airflow/example_dags/example_short_circuit_operator.py
[2026-06-30T08:45:19.817+0000] {logging_mixin.py:188} INFO - [2026-06-30T08:45:19.817+0000] {dag.py:3096} INFO - Sync 1 DAGs
[2026-06-30T08:45:19.847+0000] {logging_mixin.py:188} INFO - [2026-06-30T08:45:19.847+0000] {dag.py:3954} INFO - Setting next_dagrun for example_short_circuit_operator to 2026-06-29 00:00:00+00:00, run_after=2026-06-30 00:00:00+00:00
[2026-06-30T08:45:19.869+0000] {processor.py:183} INFO - Processing /home/airflow/.local/lib/python3.12/site-packages/airflow/example_dags/example_short_circuit_operator.py took 0.103 seconds
[2026-06-30T08:45:50.485+0000] {processor.py:161} INFO - Started process (PID=24856) to work on /home/airflow/.local/lib/python3.12/site-packages/airflow/example_dags/example_short_circuit_operator.py
[2026-06-30T08:45:50.486+0000] {processor.py:830} INFO - Processing file /home/airflow/.local/lib/python3.12/site-packages/airflow/example_dags/example_short_circuit_operator.py for tasks to queue
[2026-06-30T08:45:50.488+0000] {logging_mixin.py:188} INFO - [2026-06-30T08:45:50.487+0000] {dagbag.py:545} INFO - Filling up the DagBag from /home/airflow/.local/lib/python3.12/site-packages/airflow/example_dags/example_short_circuit_operator.py
[2026-06-30T08:45:50.494+0000] {processor.py:840} INFO - DAG(s) 'example_short_circuit_operator' retrieved from /home/airflow/.local/lib/python3.12/site-packages/airflow/example_dags/example_short_circuit_operator.py
[2026-06-30T08:45:50.515+0000] {logging_mixin.py:188} INFO - [2026-06-30T08:45:50.514+0000] {dag.py:3096} INFO - Sync 1 DAGs
[2026-06-30T08:45:50.536+0000] {logging_mixin.py:188} INFO - [2026-06-30T08:45:50.535+0000] {dag.py:3954} INFO - Setting next_dagrun for example_short_circuit_operator to 2026-06-29 00:00:00+00:00, run_after=2026-06-30 00:00:00+00:00
[2026-06-30T08:45:50.554+0000] {processor.py:183} INFO - Processing /home/airflow/.local/lib/python3.12/site-packages/airflow/example_dags/example_short_circuit_operator.py took 0.073 seconds
[2026-06-30T08:46:21.062+0000] {processor.py:161} INFO - Started process (PID=24914) to work on /home/airflow/.local/lib/python3.12/site-packages/airflow/example_dags/example_short_circuit_operator.py
[2026-06-30T08:46:21.063+0000] {processor.py:830} INFO - Processing file /home/airflow/.local/lib/python3.12/site-packages/airflow/example_dags/example_short_circuit_operator.py for tasks to queue
[2026-06-30T08:46:21.064+0000] {logging_mixin.py:188} INFO - [2026-06-30T08:46:21.064+0000] {dagbag.py:545} INFO - Filling up the DagBag from /home/airflow/.local/lib/python3.12/site-packages/airflow/example_dags/example_short_circuit_operator.py
[2026-06-30T08:46:21.071+0000] {processor.py:840} INFO - DAG(s) 'example_short_circuit_operator' retrieved from /home/airflow/.local/lib/python3.12/site-packages/airflow/example_dags/example_short_circuit_operator.py
[2026-06-30T08:46:21.090+0000] {logging_mixin.py:188} INFO - [2026-06-30T08:46:21.089+0000] {dag.py:3096} INFO - Sync 1 DAGs
[2026-06-30T08:46:21.108+0000] {logging_mixin.py:188} INFO - [2026-06-30T08:46:21.108+0000] {dag.py:3954} INFO - Setting next_dagrun for example_short_circuit_operator to 2026-06-29 00:00:00+00:00, run_after=2026-06-30 00:00:00+00:00
[2026-06-30T08:46:21.122+0000] {processor.py:183} INFO - Processing /home/airflow/.local/lib/python3.12/site-packages/airflow/example_dags/example_short_circuit_operator.py took 0.064 seconds
[2026-06-30T08:46:51.619+0000] {processor.py:161} INFO - Started process (PID=24972) to work on /home/airflow/.local/lib/python3.12/site-packages/airflow/example_dags/example_short_circuit_operator.py
[2026-06-30T08:46:51.619+0000] {processor.py:830} INFO - Processing file /home/airflow/.local/lib/python3.12/site-packages/airflow/example_dags/example_short_circuit_operator.py for tasks to queue
[2026-06-30T08:46:51.620+0000] {logging_mixin.py:188} INFO - [2026-06-30T08:46:51.620+0000] {dagbag.py:545} INFO - Filling up the DagBag from /home/airflow/.local/lib/python3.12/site-packages/airflow/example_dags/example_short_circuit_operator.py
[2026-06-30T08:46:51.626+0000] {processor.py:840} INFO - DAG(s) 'example_short_circuit_operator' retrieved from /home/airflow/.local/lib/python3.12/site-packages/airflow/example_dags/example_short_circuit_operator.py
[2026-06-30T08:46:51.641+0000] {logging_mixin.py:188} INFO - [2026-06-30T08:46:51.641+0000] {dag.py:3096} INFO - Sync 1 DAGs
[2026-06-30T08:46:51.655+0000] {logging_mixin.py:188} INFO - [2026-06-30T08:46:51.655+0000] {dag.py:3954} INFO - Setting next_dagrun for example_short_circuit_operator to 2026-06-29 00:00:00+00:00, run_after=2026-06-30 00:00:00+00:00
[2026-06-30T08:46:51.668+0000] {processor.py:183} INFO - Processing /home/airflow/.local/lib/python3.12/site-packages/airflow/example_dags/example_short_circuit_operator.py took 0.053 seconds
[2026-06-30T08:47:22.163+0000] {processor.py:161} INFO - Started process (PID=25030) to work on /home/airflow/.local/lib/python3.12/site-packages/airflow/example_dags/example_short_circuit_operator.py
[2026-06-30T08:47:22.164+0000] {processor.py:830} INFO - Processing file /home/airflow/.local/lib/python3.12/site-packages/airflow/example_dags/example_short_circuit_operator.py for tasks to queue
[2026-06-30T08:47:22.165+0000] {logging_mixin.py:188} INFO - [2026-06-30T08:47:22.165+0000] {dagbag.py:545} INFO - Filling up the DagBag from /home/airflow/.local/lib/python3.12/site-packages/airflow/example_dags/example_short_circuit_operator.py
[2026-06-30T08:47:22.171+0000] {processor.py:840} INFO - DAG(s) 'example_short_circuit_operator' retrieved from /home/airflow/.local/lib/python3.12/site-packages/airflow/example_dags/example_short_circuit_operator.py
[2026-06-30T08:47:22.189+0000] {logging_mixin.py:188} INFO - [2026-06-30T08:47:22.188+0000] {dag.py:3096} INFO - Sync 1 DAGs
[2026-06-30T08:47:22.204+0000] {logging_mixin.py:188} INFO - [2026-06-30T08:47:22.204+0000] {dag.py:3954} INFO - Setting next_dagrun for example_short_circuit_operator to 2026-06-29 00:00:00+00:00, run_after=2026-06-30 00:00:00+00:00
[2026-06-30T08:47:22.217+0000] {processor.py:183} INFO - Processing /home/airflow/.local/lib/python3.12/site-packages/airflow/example_dags/example_short_circuit_operator.py took 0.058 seconds
[2026-06-30T08:47:52.697+0000] {processor.py:161} INFO - Started process (PID=25088) to work on /home/airflow/.local/lib/python3.12/site-packages/airflow/example_dags/example_short_circuit_operator.py
[2026-06-30T08:47:52.698+0000] {processor.py:830} INFO - Processing file /home/airflow/.local/lib/python3.12/site-packages/airflow/example_dags/example_short_circuit_operator.py for tasks to queue
[2026-06-30T08:47:52.699+0000] {logging_mixin.py:188} INFO - [2026-06-30T08:47:52.699+0000] {dagbag.py:545} INFO - Filling up the DagBag from /home/airflow/.local/lib/python3.12/site-packages/airflow/example_dags/example_short_circuit_operator.py
[2026-06-30T08:47:52.706+0000] {processor.py:840} INFO - DAG(s) 'example_short_circuit_operator' retrieved from /home/airflow/.local/lib/python3.12/site-packages/airflow/example_dags/example_short_circuit_operator.py
[2026-06-30T08:47:52.722+0000] {logging_mixin.py:188} INFO - [2026-06-30T08:47:52.722+0000] {dag.py:3096} INFO - Sync 1 DAGs
[2026-06-30T08:47:52.739+0000] {logging_mixin.py:188} INFO - [2026-06-30T08:47:52.739+0000] {dag.py:3954} INFO - Setting next_dagrun for example_short_circuit_operator to 2026-06-29 00:00:00+00:00, run_after=2026-06-30 00:00:00+00:00
[2026-06-30T08:47:52.752+0000] {processor.py:183} INFO - Processing /home/airflow/.local/lib/python3.12/site-packages/airflow/example_dags/example_short_circuit_operator.py took 0.059 seconds
[2026-06-30T08:48:23.292+0000] {processor.py:161} INFO - Started process (PID=25146) to work on /home/airflow/.local/lib/python3.12/site-packages/airflow/example_dags/example_short_circuit_operator.py
[2026-06-30T08:48:23.293+0000] {processor.py:830} INFO - Processing file /home/airflow/.local/lib/python3.12/site-packages/airflow/example_dags/example_short_circuit_operator.py for tasks to queue
[2026-06-30T08:48:23.294+0000] {logging_mixin.py:188} INFO - [2026-06-30T08:48:23.293+0000] {dagbag.py:545} INFO - Filling up the DagBag from /home/airflow/.local/lib/python3.12/site-packages/airflow/example_dags/example_short_circuit_operator.py
[2026-06-30T08:48:23.302+0000] {processor.py:840} INFO - DAG(s) 'example_short_circuit_operator' retrieved from /home/airflow/.local/lib/python3.12/site-packages/airflow/example_dags/example_short_circuit_operator.py
[2026-06-30T08:48:23.324+0000] {logging_mixin.py:188} INFO - [2026-06-30T08:48:23.323+0000] {dag.py:3096} INFO - Sync 1 DAGs
[2026-06-30T08:48:23.342+0000] {logging_mixin.py:188} INFO - [2026-06-30T08:48:23.342+0000] {dag.py:3954} INFO - Setting next_dagrun for example_short_circuit_operator to 2026-06-29 00:00:00+00:00, run_after=2026-06-30 00:00:00+00:00
[2026-06-30T08:48:23.359+0000] {processor.py:183} INFO - Processing /home/airflow/.local/lib/python3.12/site-packages/airflow/example_dags/example_short_circuit_operator.py took 0.072 seconds
[2026-06-30T08:48:53.840+0000] {processor.py:161} INFO - Started process (PID=25204) to work on /home/airflow/.local/lib/python3.12/site-packages/airflow/example_dags/example_short_circuit_operator.py
[2026-06-30T08:48:53.841+0000] {processor.py:830} INFO - Processing file /home/airflow/.local/lib/python3.12/site-packages/airflow/example_dags/example_short_circuit_operator.py for tasks to queue
[2026-06-30T08:48:53.842+0000] {logging_mixin.py:188} INFO - [2026-06-30T08:48:53.842+0000] {dagbag.py:545} INFO - Filling up the DagBag from /home/airflow/.local/lib/python3.12/site-packages/airflow/example_dags/example_short_circuit_operator.py
[2026-06-30T08:48:53.850+0000] {processor.py:840} INFO - DAG(s) 'example_short_circuit_operator' retrieved from /home/airflow/.local/lib/python3.12/site-packages/airflow/example_dags/example_short_circuit_operator.py
[2026-06-30T08:48:53.871+0000] {logging_mixin.py:188} INFO - [2026-06-30T08:48:53.871+0000] {dag.py:3096} INFO - Sync 1 DAGs
[2026-06-30T08:48:53.890+0000] {logging_mixin.py:188} INFO - [2026-06-30T08:48:53.889+0000] {dag.py:3954} INFO - Setting next_dagrun for example_short_circuit_operator to 2026-06-29 00:00:00+00:00, run_after=2026-06-30 00:00:00+00:00
[2026-06-30T08:48:53.904+0000] {processor.py:183} INFO - Processing /home/airflow/.local/lib/python3.12/site-packages/airflow/example_dags/example_short_circuit_operator.py took 0.070 seconds
[2026-06-30T08:49:24.275+0000] {processor.py:161} INFO - Started process (PID=25262) to work on /home/airflow/.local/lib/python3.12/site-packages/airflow/example_dags/example_short_circuit_operator.py
[2026-06-30T08:49:24.276+0000] {processor.py:830} INFO - Processing file /home/airflow/.local/lib/python3.12/site-packages/airflow/example_dags/example_short_circuit_operator.py for tasks to queue
[2026-06-30T08:49:24.277+0000] {logging_mixin.py:188} INFO - [2026-06-30T08:49:24.277+0000] {dagbag.py:545} INFO - Filling up the DagBag from /home/airflow/.local/lib/python3.12/site-packages/airflow/example_dags/example_short_circuit_operator.py
[2026-06-30T08:49:24.284+0000] {processor.py:840} INFO - DAG(s) 'example_short_circuit_operator' retrieved from /home/airflow/.local/lib/python3.12/site-packages/airflow/example_dags/example_short_circuit_operator.py
[2026-06-30T08:49:24.302+0000] {logging_mixin.py:188} INFO - [2026-06-30T08:49:24.302+0000] {dag.py:3096} INFO - Sync 1 DAGs
[2026-06-30T08:49:24.319+0000] {logging_mixin.py:188} INFO - [2026-06-30T08:49:24.319+0000] {dag.py:3954} INFO - Setting next_dagrun for example_short_circuit_operator to 2026-06-29 00:00:00+00:00, run_after=2026-06-30 00:00:00+00:00
[2026-06-30T08:49:24.334+0000] {processor.py:183} INFO - Processing /home/airflow/.local/lib/python3.12/site-packages/airflow/example_dags/example_short_circuit_operator.py took 0.065 seconds
[2026-06-30T08:49:55.015+0000] {processor.py:161} INFO - Started process (PID=25319) to work on /home/airflow/.local/lib/python3.12/site-packages/airflow/example_dags/example_short_circuit_operator.py
[2026-06-30T08:49:55.016+0000] {processor.py:830} INFO - Processing file /home/airflow/.local/lib/python3.12/site-packages/airflow/example_dags/example_short_circuit_operator.py for tasks to queue
[2026-06-30T08:49:55.017+0000] {logging_mixin.py:188} INFO - [2026-06-30T08:49:55.017+0000] {dagbag.py:545} INFO - Filling up the DagBag from /home/airflow/.local/lib/python3.12/site-packages/airflow/example_dags/example_short_circuit_operator.py
[2026-06-30T08:49:55.022+0000] {processor.py:840} INFO - DAG(s) 'example_short_circuit_operator' retrieved from /home/airflow/.local/lib/python3.12/site-packages/airflow/example_dags/example_short_circuit_operator.py
[2026-06-30T08:49:55.039+0000] {logging_mixin.py:188} INFO - [2026-06-30T08:49:55.038+0000] {dag.py:3096} INFO - Sync 1 DAGs
[2026-06-30T08:49:55.055+0000] {logging_mixin.py:188} INFO - [2026-06-30T08:49:55.054+0000] {dag.py:3954} INFO - Setting next_dagrun for example_short_circuit_operator to 2026-06-29 00:00:00+00:00, run_after=2026-06-30 00:00:00+00:00
[2026-06-30T08:49:55.067+0000] {processor.py:183} INFO - Processing /home/airflow/.local/lib/python3.12/site-packages/airflow/example_dags/example_short_circuit_operator.py took 0.056 seconds
[2026-06-30T08:50:25.451+0000] {processor.py:161} INFO - Started process (PID=25377) to work on /home/airflow/.local/lib/python3.12/site-packages/airflow/example_dags/example_short_circuit_operator.py
[2026-06-30T08:50:25.452+0000] {processor.py:830} INFO - Processing file /home/airflow/.local/lib/python3.12/site-packages/airflow/example_dags/example_short_circuit_operator.py for tasks to queue
[2026-06-30T08:50:25.453+0000] {logging_mixin.py:188} INFO - [2026-06-30T08:50:25.453+0000] {dagbag.py:545} INFO - Filling up the DagBag from /home/airflow/.local/lib/python3.12/site-packages/airflow/example_dags/example_short_circuit_operator.py
[2026-06-30T08:50:25.459+0000] {processor.py:840} INFO - DAG(s) 'example_short_circuit_operator' retrieved from /home/airflow/.local/lib/python3.12/site-packages/airflow/example_dags/example_short_circuit_operator.py
[2026-06-30T08:50:25.478+0000] {logging_mixin.py:188} INFO - [2026-06-30T08:50:25.478+0000] {dag.py:3096} INFO - Sync 1 DAGs
[2026-06-30T08:50:25.495+0000] {logging_mixin.py:188} INFO - [2026-06-30T08:50:25.495+0000] {dag.py:3954} INFO - Setting next_dagrun for example_short_circuit_operator to 2026-06-29 00:00:00+00:00, run_after=2026-06-30 00:00:00+00:00
[2026-06-30T08:50:25.508+0000] {processor.py:183} INFO - Processing /home/airflow/.local/lib/python3.12/site-packages/airflow/example_dags/example_short_circuit_operator.py took 0.062 seconds
[2026-06-30T08:50:55.867+0000] {processor.py:161} INFO - Started process (PID=25435) to work on /home/airflow/.local/lib/python3.12/site-packages/airflow/example_dags/example_short_circuit_operator.py
[2026-06-30T08:50:55.868+0000] {processor.py:830} INFO - Processing file /home/airflow/.local/lib/python3.12/site-packages/airflow/example_dags/example_short_circuit_operator.py for tasks to queue
[2026-06-30T08:50:55.869+0000] {logging_mixin.py:188} INFO - [2026-06-30T08:50:55.868+0000] {dagbag.py:545} INFO - Filling up the DagBag from /home/airflow/.local/lib/python3.12/site-packages/airflow/example_dags/example_short_circuit_operator.py
[2026-06-30T08:50:55.875+0000] {processor.py:840} INFO - DAG(s) 'example_short_circuit_operator' retrieved from /home/airflow/.local/lib/python3.12/site-packages/airflow/example_dags/example_short_circuit_operator.py
[2026-06-30T08:50:55.891+0000] {logging_mixin.py:188} INFO - [2026-06-30T08:50:55.891+0000] {dag.py:3096} INFO - Sync 1 DAGs
[2026-06-30T08:50:55.906+0000] {logging_mixin.py:188} INFO - [2026-06-30T08:50:55.906+0000] {dag.py:3954} INFO - Setting next_dagrun for example_short_circuit_operator to 2026-06-29 00:00:00+00:00, run_after=2026-06-30 00:00:00+00:00
[2026-06-30T08:50:55.919+0000] {processor.py:183} INFO - Processing /home/airflow/.local/lib/python3.12/site-packages/airflow/example_dags/example_short_circuit_operator.py took 0.057 seconds
[2026-06-30T08:51:26.617+0000] {processor.py:161} INFO - Started process (PID=25493) to work on /home/airflow/.local/lib/python3.12/site-packages/airflow/example_dags/example_short_circuit_operator.py
[2026-06-30T08:51:26.619+0000] {processor.py:830} INFO - Processing file /home/airflow/.local/lib/python3.12/site-packages/airflow/example_dags/example_short_circuit_operator.py for tasks to queue
[2026-06-30T08:51:26.619+0000] {logging_mixin.py:188} INFO - [2026-06-30T08:51:26.619+0000] {dagbag.py:545} INFO - Filling up the DagBag from /home/airflow/.local/lib/python3.12/site-packages/airflow/example_dags/example_short_circuit_operator.py
[2026-06-30T08:51:26.626+0000] {processor.py:840} INFO - DAG(s) 'example_short_circuit_operator' retrieved from /home/airflow/.local/lib/python3.12/site-packages/airflow/example_dags/example_short_circuit_operator.py
[2026-06-30T08:51:26.645+0000] {logging_mixin.py:188} INFO - [2026-06-30T08:51:26.644+0000] {dag.py:3096} INFO - Sync 1 DAGs
[2026-06-30T08:51:26.663+0000] {logging_mixin.py:188} INFO - [2026-06-30T08:51:26.662+0000] {dag.py:3954} INFO - Setting next_dagrun for example_short_circuit_operator to 2026-06-29 00:00:00+00:00, run_after=2026-06-30 00:00:00+00:00
[2026-06-30T08:51:26.677+0000] {processor.py:183} INFO - Processing /home/airflow/.local/lib/python3.12/site-packages/airflow/example_dags/example_short_circuit_operator.py took 0.064 seconds
[2026-06-30T08:51:57.478+0000] {processor.py:161} INFO - Started process (PID=25550) to work on /home/airflow/.local/lib/python3.12/site-packages/airflow/example_dags/example_short_circuit_operator.py
[2026-06-30T08:51:57.479+0000] {processor.py:830} INFO - Processing file /home/airflow/.local/lib/python3.12/site-packages/airflow/example_dags/example_short_circuit_operator.py for tasks to queue
[2026-06-30T08:51:57.480+0000] {logging_mixin.py:188} INFO - [2026-06-30T08:51:57.480+0000] {dagbag.py:545} INFO - Filling up the DagBag from /home/airflow/.local/lib/python3.12/site-packages/airflow/example_dags/example_short_circuit_operator.py
[2026-06-30T08:51:57.487+0000] {processor.py:840} INFO - DAG(s) 'example_short_circuit_operator' retrieved from /home/airflow/.local/lib/python3.12/site-packages/airflow/example_dags/example_short_circuit_operator.py
[2026-06-30T08:51:57.505+0000] {logging_mixin.py:188} INFO - [2026-06-30T08:51:57.505+0000] {dag.py:3096} INFO - Sync 1 DAGs
[2026-06-30T08:51:57.520+0000] {logging_mixin.py:188} INFO - [2026-06-30T08:51:57.520+0000] {dag.py:3954} INFO - Setting next_dagrun for example_short_circuit_operator to 2026-06-29 00:00:00+00:00, run_after=2026-06-30 00:00:00+00:00
[2026-06-30T08:51:57.532+0000] {processor.py:183} INFO - Processing /home/airflow/.local/lib/python3.12/site-packages/airflow/example_dags/example_short_circuit_operator.py took 0.059 seconds
[2026-06-30T08:52:28.588+0000] {processor.py:161} INFO - Started process (PID=25608) to work on /home/airflow/.local/lib/python3.12/site-packages/airflow/example_dags/example_short_circuit_operator.py
[2026-06-30T08:52:28.589+0000] {processor.py:830} INFO - Processing file /home/airflow/.local/lib/python3.12/site-packages/airflow/example_dags/example_short_circuit_operator.py for tasks to queue
[2026-06-30T08:52:28.590+0000] {logging_mixin.py:188} INFO - [2026-06-30T08:52:28.589+0000] {dagbag.py:545} INFO - Filling up the DagBag from /home/airflow/.local/lib/python3.12/site-packages/airflow/example_dags/example_short_circuit_operator.py
[2026-06-30T08:52:28.596+0000] {processor.py:840} INFO - DAG(s) 'example_short_circuit_operator' retrieved from /home/airflow/.local/lib/python3.12/site-packages/airflow/example_dags/example_short_circuit_operator.py
[2026-06-30T08:52:28.615+0000] {logging_mixin.py:188} INFO - [2026-06-30T08:52:28.615+0000] {dag.py:3096} INFO - Sync 1 DAGs
[2026-06-30T08:52:28.631+0000] {logging_mixin.py:188} INFO - [2026-06-30T08:52:28.630+0000] {dag.py:3954} INFO - Setting next_dagrun for example_short_circuit_operator to 2026-06-29 00:00:00+00:00, run_after=2026-06-30 00:00:00+00:00
[2026-06-30T08:52:28.751+0000] {processor.py:183} INFO - Processing /home/airflow/.local/lib/python3.12/site-packages/airflow/example_dags/example_short_circuit_operator.py took 0.169 seconds
[2026-06-30T08:52:58.824+0000] {processor.py:161} INFO - Started process (PID=25666) to work on /home/airflow/.local/lib/python3.12/site-packages/airflow/example_dags/example_short_circuit_operator.py
[2026-06-30T08:52:58.825+0000] {processor.py:830} INFO - Processing file /home/airflow/.local/lib/python3.12/site-packages/airflow/example_dags/example_short_circuit_operator.py for tasks to queue
[2026-06-30T08:52:58.826+0000] {logging_mixin.py:188} INFO - [2026-06-30T08:52:58.826+0000] {dagbag.py:545} INFO - Filling up the DagBag from /home/airflow/.local/lib/python3.12/site-packages/airflow/example_dags/example_short_circuit_operator.py
[2026-06-30T08:52:58.832+0000] {processor.py:840} INFO - DAG(s) 'example_short_circuit_operator' retrieved from /home/airflow/.local/lib/python3.12/site-packages/airflow/example_dags/example_short_circuit_operator.py
[2026-06-30T08:52:58.851+0000] {logging_mixin.py:188} INFO - [2026-06-30T08:52:58.851+0000] {dag.py:3096} INFO - Sync 1 DAGs
[2026-06-30T08:52:58.868+0000] {logging_mixin.py:188} INFO - [2026-06-30T08:52:58.868+0000] {dag.py:3954} INFO - Setting next_dagrun for example_short_circuit_operator to 2026-06-29 00:00:00+00:00, run_after=2026-06-30 00:00:00+00:00
[2026-06-30T08:52:58.883+0000] {processor.py:183} INFO - Processing /home/airflow/.local/lib/python3.12/site-packages/airflow/example_dags/example_short_circuit_operator.py took 0.064 seconds
