[2026-06-30T08:05:45.114+0000] {processor.py:161} INFO - Started process (PID=21734) to work on /home/airflow/.local/lib/python3.12/site-packages/airflow/example_dags/example_task_group_decorator.py
[2026-06-30T08:05:45.119+0000] {processor.py:830} INFO - Processing file /home/airflow/.local/lib/python3.12/site-packages/airflow/example_dags/example_task_group_decorator.py for tasks to queue
[2026-06-30T08:05:45.136+0000] {logging_mixin.py:188} INFO - [2026-06-30T08:05:45.136+0000] {dagbag.py:545} INFO - Filling up the DagBag from /home/airflow/.local/lib/python3.12/site-packages/airflow/example_dags/example_task_group_decorator.py
[2026-06-30T08:05:45.168+0000] {processor.py:840} INFO - DAG(s) 'example_task_group_decorator' retrieved from /home/airflow/.local/lib/python3.12/site-packages/airflow/example_dags/example_task_group_decorator.py
[2026-06-30T08:05:45.227+0000] {logging_mixin.py:188} INFO - [2026-06-30T08:05:45.227+0000] {dag.py:3096} INFO - Sync 1 DAGs
[2026-06-30T08:05:45.283+0000] {logging_mixin.py:188} INFO - [2026-06-30T08:05:45.282+0000] {dag.py:3954} INFO - Setting next_dagrun for example_task_group_decorator to 2026-06-29 00:00:00+00:00, run_after=2026-06-30 00:00:00+00:00
[2026-06-30T08:05:45.343+0000] {processor.py:183} INFO - Processing /home/airflow/.local/lib/python3.12/site-packages/airflow/example_dags/example_task_group_decorator.py took 0.235 seconds
[2026-06-30T08:18:53.508+0000] {processor.py:161} INFO - Started process (PID=21786) to work on /home/airflow/.local/lib/python3.12/site-packages/airflow/example_dags/example_task_group_decorator.py
[2026-06-30T08:18:53.509+0000] {processor.py:830} INFO - Processing file /home/airflow/.local/lib/python3.12/site-packages/airflow/example_dags/example_task_group_decorator.py for tasks to queue
[2026-06-30T08:18:53.510+0000] {logging_mixin.py:188} INFO - [2026-06-30T08:18:53.510+0000] {dagbag.py:545} INFO - Filling up the DagBag from /home/airflow/.local/lib/python3.12/site-packages/airflow/example_dags/example_task_group_decorator.py
[2026-06-30T08:18:53.522+0000] {processor.py:840} INFO - DAG(s) 'example_task_group_decorator' retrieved from /home/airflow/.local/lib/python3.12/site-packages/airflow/example_dags/example_task_group_decorator.py
[2026-06-30T08:18:53.546+0000] {logging_mixin.py:188} INFO - [2026-06-30T08:18:53.546+0000] {dag.py:3096} INFO - Sync 1 DAGs
[2026-06-30T08:18:53.566+0000] {logging_mixin.py:188} INFO - [2026-06-30T08:18:53.566+0000] {dag.py:3954} INFO - Setting next_dagrun for example_task_group_decorator to 2026-06-29 00:00:00+00:00, run_after=2026-06-30 00:00:00+00:00
[2026-06-30T08:18:53.586+0000] {processor.py:183} INFO - Processing /home/airflow/.local/lib/python3.12/site-packages/airflow/example_dags/example_task_group_decorator.py took 0.083 seconds
[2026-06-30T08:19:23.752+0000] {processor.py:161} INFO - Started process (PID=21844) to work on /home/airflow/.local/lib/python3.12/site-packages/airflow/example_dags/example_task_group_decorator.py
[2026-06-30T08:19:23.752+0000] {processor.py:830} INFO - Processing file /home/airflow/.local/lib/python3.12/site-packages/airflow/example_dags/example_task_group_decorator.py for tasks to queue
[2026-06-30T08:19:23.753+0000] {logging_mixin.py:188} INFO - [2026-06-30T08:19:23.753+0000] {dagbag.py:545} INFO - Filling up the DagBag from /home/airflow/.local/lib/python3.12/site-packages/airflow/example_dags/example_task_group_decorator.py
[2026-06-30T08:19:23.764+0000] {processor.py:840} INFO - DAG(s) 'example_task_group_decorator' retrieved from /home/airflow/.local/lib/python3.12/site-packages/airflow/example_dags/example_task_group_decorator.py
[2026-06-30T08:19:23.781+0000] {logging_mixin.py:188} INFO - [2026-06-30T08:19:23.781+0000] {dag.py:3096} INFO - Sync 1 DAGs
[2026-06-30T08:19:23.797+0000] {logging_mixin.py:188} INFO - [2026-06-30T08:19:23.797+0000] {dag.py:3954} INFO - Setting next_dagrun for example_task_group_decorator to 2026-06-29 00:00:00+00:00, run_after=2026-06-30 00:00:00+00:00
[2026-06-30T08:19:23.813+0000] {processor.py:183} INFO - Processing /home/airflow/.local/lib/python3.12/site-packages/airflow/example_dags/example_task_group_decorator.py took 0.066 seconds
[2026-06-30T08:19:54.002+0000] {processor.py:161} INFO - Started process (PID=21902) to work on /home/airflow/.local/lib/python3.12/site-packages/airflow/example_dags/example_task_group_decorator.py
[2026-06-30T08:19:54.003+0000] {processor.py:830} INFO - Processing file /home/airflow/.local/lib/python3.12/site-packages/airflow/example_dags/example_task_group_decorator.py for tasks to queue
[2026-06-30T08:19:54.004+0000] {logging_mixin.py:188} INFO - [2026-06-30T08:19:54.003+0000] {dagbag.py:545} INFO - Filling up the DagBag from /home/airflow/.local/lib/python3.12/site-packages/airflow/example_dags/example_task_group_decorator.py
[2026-06-30T08:19:54.013+0000] {processor.py:840} INFO - DAG(s) 'example_task_group_decorator' retrieved from /home/airflow/.local/lib/python3.12/site-packages/airflow/example_dags/example_task_group_decorator.py
[2026-06-30T08:19:54.031+0000] {logging_mixin.py:188} INFO - [2026-06-30T08:19:54.030+0000] {dag.py:3096} INFO - Sync 1 DAGs
[2026-06-30T08:19:54.045+0000] {logging_mixin.py:188} INFO - [2026-06-30T08:19:54.045+0000] {dag.py:3954} INFO - Setting next_dagrun for example_task_group_decorator to 2026-06-29 00:00:00+00:00, run_after=2026-06-30 00:00:00+00:00
[2026-06-30T08:19:54.058+0000] {processor.py:183} INFO - Processing /home/airflow/.local/lib/python3.12/site-packages/airflow/example_dags/example_task_group_decorator.py took 0.060 seconds
[2026-06-30T08:20:24.218+0000] {processor.py:161} INFO - Started process (PID=21958) to work on /home/airflow/.local/lib/python3.12/site-packages/airflow/example_dags/example_task_group_decorator.py
[2026-06-30T08:20:24.219+0000] {processor.py:830} INFO - Processing file /home/airflow/.local/lib/python3.12/site-packages/airflow/example_dags/example_task_group_decorator.py for tasks to queue
[2026-06-30T08:20:24.220+0000] {logging_mixin.py:188} INFO - [2026-06-30T08:20:24.220+0000] {dagbag.py:545} INFO - Filling up the DagBag from /home/airflow/.local/lib/python3.12/site-packages/airflow/example_dags/example_task_group_decorator.py
[2026-06-30T08:20:24.230+0000] {processor.py:840} INFO - DAG(s) 'example_task_group_decorator' retrieved from /home/airflow/.local/lib/python3.12/site-packages/airflow/example_dags/example_task_group_decorator.py
[2026-06-30T08:20:24.245+0000] {logging_mixin.py:188} INFO - [2026-06-30T08:20:24.245+0000] {dag.py:3096} INFO - Sync 1 DAGs
[2026-06-30T08:20:24.258+0000] {logging_mixin.py:188} INFO - [2026-06-30T08:20:24.258+0000] {dag.py:3954} INFO - Setting next_dagrun for example_task_group_decorator to 2026-06-29 00:00:00+00:00, run_after=2026-06-30 00:00:00+00:00
[2026-06-30T08:20:24.272+0000] {processor.py:183} INFO - Processing /home/airflow/.local/lib/python3.12/site-packages/airflow/example_dags/example_task_group_decorator.py took 0.058 seconds
[2026-06-30T08:20:54.700+0000] {processor.py:161} INFO - Started process (PID=22016) to work on /home/airflow/.local/lib/python3.12/site-packages/airflow/example_dags/example_task_group_decorator.py
[2026-06-30T08:20:54.701+0000] {processor.py:830} INFO - Processing file /home/airflow/.local/lib/python3.12/site-packages/airflow/example_dags/example_task_group_decorator.py for tasks to queue
[2026-06-30T08:20:54.701+0000] {logging_mixin.py:188} INFO - [2026-06-30T08:20:54.701+0000] {dagbag.py:545} INFO - Filling up the DagBag from /home/airflow/.local/lib/python3.12/site-packages/airflow/example_dags/example_task_group_decorator.py
[2026-06-30T08:20:54.712+0000] {processor.py:840} INFO - DAG(s) 'example_task_group_decorator' retrieved from /home/airflow/.local/lib/python3.12/site-packages/airflow/example_dags/example_task_group_decorator.py
[2026-06-30T08:20:54.731+0000] {logging_mixin.py:188} INFO - [2026-06-30T08:20:54.731+0000] {dag.py:3096} INFO - Sync 1 DAGs
[2026-06-30T08:20:54.753+0000] {logging_mixin.py:188} INFO - [2026-06-30T08:20:54.753+0000] {dag.py:3954} INFO - Setting next_dagrun for example_task_group_decorator to 2026-06-29 00:00:00+00:00, run_after=2026-06-30 00:00:00+00:00
[2026-06-30T08:20:54.766+0000] {processor.py:183} INFO - Processing /home/airflow/.local/lib/python3.12/site-packages/airflow/example_dags/example_task_group_decorator.py took 0.071 seconds
[2026-06-30T08:21:24.931+0000] {processor.py:161} INFO - Started process (PID=22074) to work on /home/airflow/.local/lib/python3.12/site-packages/airflow/example_dags/example_task_group_decorator.py
[2026-06-30T08:21:24.932+0000] {processor.py:830} INFO - Processing file /home/airflow/.local/lib/python3.12/site-packages/airflow/example_dags/example_task_group_decorator.py for tasks to queue
[2026-06-30T08:21:24.932+0000] {logging_mixin.py:188} INFO - [2026-06-30T08:21:24.932+0000] {dagbag.py:545} INFO - Filling up the DagBag from /home/airflow/.local/lib/python3.12/site-packages/airflow/example_dags/example_task_group_decorator.py
[2026-06-30T08:21:24.943+0000] {processor.py:840} INFO - DAG(s) 'example_task_group_decorator' retrieved from /home/airflow/.local/lib/python3.12/site-packages/airflow/example_dags/example_task_group_decorator.py
[2026-06-30T08:21:24.959+0000] {logging_mixin.py:188} INFO - [2026-06-30T08:21:24.959+0000] {dag.py:3096} INFO - Sync 1 DAGs
[2026-06-30T08:21:24.973+0000] {logging_mixin.py:188} INFO - [2026-06-30T08:21:24.973+0000] {dag.py:3954} INFO - Setting next_dagrun for example_task_group_decorator to 2026-06-29 00:00:00+00:00, run_after=2026-06-30 00:00:00+00:00
[2026-06-30T08:21:24.984+0000] {processor.py:183} INFO - Processing /home/airflow/.local/lib/python3.12/site-packages/airflow/example_dags/example_task_group_decorator.py took 0.058 seconds
[2026-06-30T08:21:55.222+0000] {processor.py:161} INFO - Started process (PID=22132) to work on /home/airflow/.local/lib/python3.12/site-packages/airflow/example_dags/example_task_group_decorator.py
[2026-06-30T08:21:55.222+0000] {processor.py:830} INFO - Processing file /home/airflow/.local/lib/python3.12/site-packages/airflow/example_dags/example_task_group_decorator.py for tasks to queue
[2026-06-30T08:21:55.223+0000] {logging_mixin.py:188} INFO - [2026-06-30T08:21:55.223+0000] {dagbag.py:545} INFO - Filling up the DagBag from /home/airflow/.local/lib/python3.12/site-packages/airflow/example_dags/example_task_group_decorator.py
[2026-06-30T08:21:55.233+0000] {processor.py:840} INFO - DAG(s) 'example_task_group_decorator' retrieved from /home/airflow/.local/lib/python3.12/site-packages/airflow/example_dags/example_task_group_decorator.py
[2026-06-30T08:21:55.250+0000] {logging_mixin.py:188} INFO - [2026-06-30T08:21:55.249+0000] {dag.py:3096} INFO - Sync 1 DAGs
[2026-06-30T08:21:55.263+0000] {logging_mixin.py:188} INFO - [2026-06-30T08:21:55.263+0000] {dag.py:3954} INFO - Setting next_dagrun for example_task_group_decorator to 2026-06-29 00:00:00+00:00, run_after=2026-06-30 00:00:00+00:00
[2026-06-30T08:21:55.277+0000] {processor.py:183} INFO - Processing /home/airflow/.local/lib/python3.12/site-packages/airflow/example_dags/example_task_group_decorator.py took 0.060 seconds
[2026-06-30T08:22:25.623+0000] {processor.py:161} INFO - Started process (PID=22189) to work on /home/airflow/.local/lib/python3.12/site-packages/airflow/example_dags/example_task_group_decorator.py
[2026-06-30T08:22:25.624+0000] {processor.py:830} INFO - Processing file /home/airflow/.local/lib/python3.12/site-packages/airflow/example_dags/example_task_group_decorator.py for tasks to queue
[2026-06-30T08:22:25.625+0000] {logging_mixin.py:188} INFO - [2026-06-30T08:22:25.625+0000] {dagbag.py:545} INFO - Filling up the DagBag from /home/airflow/.local/lib/python3.12/site-packages/airflow/example_dags/example_task_group_decorator.py
[2026-06-30T08:22:25.635+0000] {processor.py:840} INFO - DAG(s) 'example_task_group_decorator' retrieved from /home/airflow/.local/lib/python3.12/site-packages/airflow/example_dags/example_task_group_decorator.py
[2026-06-30T08:22:25.652+0000] {logging_mixin.py:188} INFO - [2026-06-30T08:22:25.652+0000] {dag.py:3096} INFO - Sync 1 DAGs
[2026-06-30T08:22:25.667+0000] {logging_mixin.py:188} INFO - [2026-06-30T08:22:25.667+0000] {dag.py:3954} INFO - Setting next_dagrun for example_task_group_decorator to 2026-06-29 00:00:00+00:00, run_after=2026-06-30 00:00:00+00:00
[2026-06-30T08:22:25.679+0000] {processor.py:183} INFO - Processing /home/airflow/.local/lib/python3.12/site-packages/airflow/example_dags/example_task_group_decorator.py took 0.061 seconds
[2026-06-30T08:22:56.200+0000] {processor.py:161} INFO - Started process (PID=22246) to work on /home/airflow/.local/lib/python3.12/site-packages/airflow/example_dags/example_task_group_decorator.py
[2026-06-30T08:22:56.201+0000] {processor.py:830} INFO - Processing file /home/airflow/.local/lib/python3.12/site-packages/airflow/example_dags/example_task_group_decorator.py for tasks to queue
[2026-06-30T08:22:56.201+0000] {logging_mixin.py:188} INFO - [2026-06-30T08:22:56.201+0000] {dagbag.py:545} INFO - Filling up the DagBag from /home/airflow/.local/lib/python3.12/site-packages/airflow/example_dags/example_task_group_decorator.py
[2026-06-30T08:22:56.211+0000] {processor.py:840} INFO - DAG(s) 'example_task_group_decorator' retrieved from /home/airflow/.local/lib/python3.12/site-packages/airflow/example_dags/example_task_group_decorator.py
[2026-06-30T08:22:56.229+0000] {logging_mixin.py:188} INFO - [2026-06-30T08:22:56.228+0000] {dag.py:3096} INFO - Sync 1 DAGs
[2026-06-30T08:22:56.243+0000] {logging_mixin.py:188} INFO - [2026-06-30T08:22:56.242+0000] {dag.py:3954} INFO - Setting next_dagrun for example_task_group_decorator to 2026-06-29 00:00:00+00:00, run_after=2026-06-30 00:00:00+00:00
[2026-06-30T08:22:56.255+0000] {processor.py:183} INFO - Processing /home/airflow/.local/lib/python3.12/site-packages/airflow/example_dags/example_task_group_decorator.py took 0.059 seconds
[2026-06-30T08:23:26.550+0000] {processor.py:161} INFO - Started process (PID=22304) to work on /home/airflow/.local/lib/python3.12/site-packages/airflow/example_dags/example_task_group_decorator.py
[2026-06-30T08:23:26.551+0000] {processor.py:830} INFO - Processing file /home/airflow/.local/lib/python3.12/site-packages/airflow/example_dags/example_task_group_decorator.py for tasks to queue
[2026-06-30T08:23:26.552+0000] {logging_mixin.py:188} INFO - [2026-06-30T08:23:26.552+0000] {dagbag.py:545} INFO - Filling up the DagBag from /home/airflow/.local/lib/python3.12/site-packages/airflow/example_dags/example_task_group_decorator.py
[2026-06-30T08:23:26.561+0000] {processor.py:840} INFO - DAG(s) 'example_task_group_decorator' retrieved from /home/airflow/.local/lib/python3.12/site-packages/airflow/example_dags/example_task_group_decorator.py
[2026-06-30T08:23:26.578+0000] {logging_mixin.py:188} INFO - [2026-06-30T08:23:26.578+0000] {dag.py:3096} INFO - Sync 1 DAGs
[2026-06-30T08:23:26.594+0000] {logging_mixin.py:188} INFO - [2026-06-30T08:23:26.594+0000] {dag.py:3954} INFO - Setting next_dagrun for example_task_group_decorator to 2026-06-29 00:00:00+00:00, run_after=2026-06-30 00:00:00+00:00
[2026-06-30T08:23:26.607+0000] {processor.py:183} INFO - Processing /home/airflow/.local/lib/python3.12/site-packages/airflow/example_dags/example_task_group_decorator.py took 0.061 seconds
[2026-06-30T08:23:57.000+0000] {processor.py:161} INFO - Started process (PID=22362) to work on /home/airflow/.local/lib/python3.12/site-packages/airflow/example_dags/example_task_group_decorator.py
[2026-06-30T08:23:57.002+0000] {processor.py:830} INFO - Processing file /home/airflow/.local/lib/python3.12/site-packages/airflow/example_dags/example_task_group_decorator.py for tasks to queue
[2026-06-30T08:23:57.003+0000] {logging_mixin.py:188} INFO - [2026-06-30T08:23:57.002+0000] {dagbag.py:545} INFO - Filling up the DagBag from /home/airflow/.local/lib/python3.12/site-packages/airflow/example_dags/example_task_group_decorator.py
[2026-06-30T08:23:57.015+0000] {processor.py:840} INFO - DAG(s) 'example_task_group_decorator' retrieved from /home/airflow/.local/lib/python3.12/site-packages/airflow/example_dags/example_task_group_decorator.py
[2026-06-30T08:23:57.034+0000] {logging_mixin.py:188} INFO - [2026-06-30T08:23:57.034+0000] {dag.py:3096} INFO - Sync 1 DAGs
[2026-06-30T08:23:57.053+0000] {logging_mixin.py:188} INFO - [2026-06-30T08:23:57.052+0000] {dag.py:3954} INFO - Setting next_dagrun for example_task_group_decorator to 2026-06-29 00:00:00+00:00, run_after=2026-06-30 00:00:00+00:00
[2026-06-30T08:23:57.068+0000] {processor.py:183} INFO - Processing /home/airflow/.local/lib/python3.12/site-packages/airflow/example_dags/example_task_group_decorator.py took 0.073 seconds
[2026-06-30T08:24:27.338+0000] {processor.py:161} INFO - Started process (PID=22415) to work on /home/airflow/.local/lib/python3.12/site-packages/airflow/example_dags/example_task_group_decorator.py
[2026-06-30T08:24:27.339+0000] {processor.py:830} INFO - Processing file /home/airflow/.local/lib/python3.12/site-packages/airflow/example_dags/example_task_group_decorator.py for tasks to queue
[2026-06-30T08:24:27.340+0000] {logging_mixin.py:188} INFO - [2026-06-30T08:24:27.340+0000] {dagbag.py:545} INFO - Filling up the DagBag from /home/airflow/.local/lib/python3.12/site-packages/airflow/example_dags/example_task_group_decorator.py
[2026-06-30T08:24:27.352+0000] {processor.py:840} INFO - DAG(s) 'example_task_group_decorator' retrieved from /home/airflow/.local/lib/python3.12/site-packages/airflow/example_dags/example_task_group_decorator.py
[2026-06-30T08:24:27.374+0000] {logging_mixin.py:188} INFO - [2026-06-30T08:24:27.373+0000] {dag.py:3096} INFO - Sync 1 DAGs
[2026-06-30T08:24:27.389+0000] {logging_mixin.py:188} INFO - [2026-06-30T08:24:27.389+0000] {dag.py:3954} INFO - Setting next_dagrun for example_task_group_decorator to 2026-06-29 00:00:00+00:00, run_after=2026-06-30 00:00:00+00:00
[2026-06-30T08:24:27.403+0000] {processor.py:183} INFO - Processing /home/airflow/.local/lib/python3.12/site-packages/airflow/example_dags/example_task_group_decorator.py took 0.069 seconds
[2026-06-30T08:24:58.075+0000] {processor.py:161} INFO - Started process (PID=22474) to work on /home/airflow/.local/lib/python3.12/site-packages/airflow/example_dags/example_task_group_decorator.py
[2026-06-30T08:24:58.076+0000] {processor.py:830} INFO - Processing file /home/airflow/.local/lib/python3.12/site-packages/airflow/example_dags/example_task_group_decorator.py for tasks to queue
[2026-06-30T08:24:58.077+0000] {logging_mixin.py:188} INFO - [2026-06-30T08:24:58.077+0000] {dagbag.py:545} INFO - Filling up the DagBag from /home/airflow/.local/lib/python3.12/site-packages/airflow/example_dags/example_task_group_decorator.py
[2026-06-30T08:24:58.086+0000] {processor.py:840} INFO - DAG(s) 'example_task_group_decorator' retrieved from /home/airflow/.local/lib/python3.12/site-packages/airflow/example_dags/example_task_group_decorator.py
[2026-06-30T08:24:58.101+0000] {logging_mixin.py:188} INFO - [2026-06-30T08:24:58.101+0000] {dag.py:3096} INFO - Sync 1 DAGs
[2026-06-30T08:24:58.114+0000] {logging_mixin.py:188} INFO - [2026-06-30T08:24:58.114+0000] {dag.py:3954} INFO - Setting next_dagrun for example_task_group_decorator to 2026-06-29 00:00:00+00:00, run_after=2026-06-30 00:00:00+00:00
[2026-06-30T08:24:58.125+0000] {processor.py:183} INFO - Processing /home/airflow/.local/lib/python3.12/site-packages/airflow/example_dags/example_task_group_decorator.py took 0.055 seconds
[2026-06-30T08:25:28.351+0000] {processor.py:161} INFO - Started process (PID=22528) to work on /home/airflow/.local/lib/python3.12/site-packages/airflow/example_dags/example_task_group_decorator.py
[2026-06-30T08:25:28.352+0000] {processor.py:830} INFO - Processing file /home/airflow/.local/lib/python3.12/site-packages/airflow/example_dags/example_task_group_decorator.py for tasks to queue
[2026-06-30T08:25:28.353+0000] {logging_mixin.py:188} INFO - [2026-06-30T08:25:28.353+0000] {dagbag.py:545} INFO - Filling up the DagBag from /home/airflow/.local/lib/python3.12/site-packages/airflow/example_dags/example_task_group_decorator.py
[2026-06-30T08:25:28.363+0000] {processor.py:840} INFO - DAG(s) 'example_task_group_decorator' retrieved from /home/airflow/.local/lib/python3.12/site-packages/airflow/example_dags/example_task_group_decorator.py
[2026-06-30T08:25:28.380+0000] {logging_mixin.py:188} INFO - [2026-06-30T08:25:28.380+0000] {dag.py:3096} INFO - Sync 1 DAGs
[2026-06-30T08:25:28.395+0000] {logging_mixin.py:188} INFO - [2026-06-30T08:25:28.394+0000] {dag.py:3954} INFO - Setting next_dagrun for example_task_group_decorator to 2026-06-29 00:00:00+00:00, run_after=2026-06-30 00:00:00+00:00
[2026-06-30T08:25:28.409+0000] {processor.py:183} INFO - Processing /home/airflow/.local/lib/python3.12/site-packages/airflow/example_dags/example_task_group_decorator.py took 0.063 seconds
[2026-06-30T08:25:58.765+0000] {processor.py:161} INFO - Started process (PID=22586) to work on /home/airflow/.local/lib/python3.12/site-packages/airflow/example_dags/example_task_group_decorator.py
[2026-06-30T08:25:58.766+0000] {processor.py:830} INFO - Processing file /home/airflow/.local/lib/python3.12/site-packages/airflow/example_dags/example_task_group_decorator.py for tasks to queue
[2026-06-30T08:25:58.768+0000] {logging_mixin.py:188} INFO - [2026-06-30T08:25:58.767+0000] {dagbag.py:545} INFO - Filling up the DagBag from /home/airflow/.local/lib/python3.12/site-packages/airflow/example_dags/example_task_group_decorator.py
[2026-06-30T08:25:58.784+0000] {processor.py:840} INFO - DAG(s) 'example_task_group_decorator' retrieved from /home/airflow/.local/lib/python3.12/site-packages/airflow/example_dags/example_task_group_decorator.py
[2026-06-30T08:25:58.810+0000] {logging_mixin.py:188} INFO - [2026-06-30T08:25:58.810+0000] {dag.py:3096} INFO - Sync 1 DAGs
[2026-06-30T08:25:58.830+0000] {logging_mixin.py:188} INFO - [2026-06-30T08:25:58.830+0000] {dag.py:3954} INFO - Setting next_dagrun for example_task_group_decorator to 2026-06-29 00:00:00+00:00, run_after=2026-06-30 00:00:00+00:00
[2026-06-30T08:25:58.852+0000] {processor.py:183} INFO - Processing /home/airflow/.local/lib/python3.12/site-packages/airflow/example_dags/example_task_group_decorator.py took 0.093 seconds
[2026-06-30T08:26:29.516+0000] {processor.py:161} INFO - Started process (PID=22644) to work on /home/airflow/.local/lib/python3.12/site-packages/airflow/example_dags/example_task_group_decorator.py
[2026-06-30T08:26:29.517+0000] {processor.py:830} INFO - Processing file /home/airflow/.local/lib/python3.12/site-packages/airflow/example_dags/example_task_group_decorator.py for tasks to queue
[2026-06-30T08:26:29.518+0000] {logging_mixin.py:188} INFO - [2026-06-30T08:26:29.518+0000] {dagbag.py:545} INFO - Filling up the DagBag from /home/airflow/.local/lib/python3.12/site-packages/airflow/example_dags/example_task_group_decorator.py
[2026-06-30T08:26:29.536+0000] {processor.py:840} INFO - DAG(s) 'example_task_group_decorator' retrieved from /home/airflow/.local/lib/python3.12/site-packages/airflow/example_dags/example_task_group_decorator.py
[2026-06-30T08:26:29.568+0000] {logging_mixin.py:188} INFO - [2026-06-30T08:26:29.568+0000] {dag.py:3096} INFO - Sync 1 DAGs
[2026-06-30T08:26:29.595+0000] {logging_mixin.py:188} INFO - [2026-06-30T08:26:29.594+0000] {dag.py:3954} INFO - Setting next_dagrun for example_task_group_decorator to 2026-06-29 00:00:00+00:00, run_after=2026-06-30 00:00:00+00:00
[2026-06-30T08:26:29.621+0000] {processor.py:183} INFO - Processing /home/airflow/.local/lib/python3.12/site-packages/airflow/example_dags/example_task_group_decorator.py took 0.112 seconds
[2026-06-30T08:27:00.380+0000] {processor.py:161} INFO - Started process (PID=22702) to work on /home/airflow/.local/lib/python3.12/site-packages/airflow/example_dags/example_task_group_decorator.py
[2026-06-30T08:27:00.381+0000] {processor.py:830} INFO - Processing file /home/airflow/.local/lib/python3.12/site-packages/airflow/example_dags/example_task_group_decorator.py for tasks to queue
[2026-06-30T08:27:00.382+0000] {logging_mixin.py:188} INFO - [2026-06-30T08:27:00.381+0000] {dagbag.py:545} INFO - Filling up the DagBag from /home/airflow/.local/lib/python3.12/site-packages/airflow/example_dags/example_task_group_decorator.py
[2026-06-30T08:27:00.392+0000] {processor.py:840} INFO - DAG(s) 'example_task_group_decorator' retrieved from /home/airflow/.local/lib/python3.12/site-packages/airflow/example_dags/example_task_group_decorator.py
[2026-06-30T08:27:00.411+0000] {logging_mixin.py:188} INFO - [2026-06-30T08:27:00.411+0000] {dag.py:3096} INFO - Sync 1 DAGs
[2026-06-30T08:27:00.427+0000] {logging_mixin.py:188} INFO - [2026-06-30T08:27:00.427+0000] {dag.py:3954} INFO - Setting next_dagrun for example_task_group_decorator to 2026-06-29 00:00:00+00:00, run_after=2026-06-30 00:00:00+00:00
[2026-06-30T08:27:00.440+0000] {processor.py:183} INFO - Processing /home/airflow/.local/lib/python3.12/site-packages/airflow/example_dags/example_task_group_decorator.py took 0.065 seconds
[2026-06-30T08:27:30.886+0000] {processor.py:161} INFO - Started process (PID=22760) to work on /home/airflow/.local/lib/python3.12/site-packages/airflow/example_dags/example_task_group_decorator.py
[2026-06-30T08:27:30.887+0000] {processor.py:830} INFO - Processing file /home/airflow/.local/lib/python3.12/site-packages/airflow/example_dags/example_task_group_decorator.py for tasks to queue
[2026-06-30T08:27:30.888+0000] {logging_mixin.py:188} INFO - [2026-06-30T08:27:30.887+0000] {dagbag.py:545} INFO - Filling up the DagBag from /home/airflow/.local/lib/python3.12/site-packages/airflow/example_dags/example_task_group_decorator.py
[2026-06-30T08:27:30.897+0000] {processor.py:840} INFO - DAG(s) 'example_task_group_decorator' retrieved from /home/airflow/.local/lib/python3.12/site-packages/airflow/example_dags/example_task_group_decorator.py
[2026-06-30T08:27:30.914+0000] {logging_mixin.py:188} INFO - [2026-06-30T08:27:30.913+0000] {dag.py:3096} INFO - Sync 1 DAGs
[2026-06-30T08:27:30.929+0000] {logging_mixin.py:188} INFO - [2026-06-30T08:27:30.928+0000] {dag.py:3954} INFO - Setting next_dagrun for example_task_group_decorator to 2026-06-29 00:00:00+00:00, run_after=2026-06-30 00:00:00+00:00
[2026-06-30T08:27:30.941+0000] {processor.py:183} INFO - Processing /home/airflow/.local/lib/python3.12/site-packages/airflow/example_dags/example_task_group_decorator.py took 0.059 seconds
[2026-06-30T08:28:01.328+0000] {processor.py:161} INFO - Started process (PID=22818) to work on /home/airflow/.local/lib/python3.12/site-packages/airflow/example_dags/example_task_group_decorator.py
[2026-06-30T08:28:01.329+0000] {processor.py:830} INFO - Processing file /home/airflow/.local/lib/python3.12/site-packages/airflow/example_dags/example_task_group_decorator.py for tasks to queue
[2026-06-30T08:28:01.330+0000] {logging_mixin.py:188} INFO - [2026-06-30T08:28:01.330+0000] {dagbag.py:545} INFO - Filling up the DagBag from /home/airflow/.local/lib/python3.12/site-packages/airflow/example_dags/example_task_group_decorator.py
[2026-06-30T08:28:01.344+0000] {processor.py:840} INFO - DAG(s) 'example_task_group_decorator' retrieved from /home/airflow/.local/lib/python3.12/site-packages/airflow/example_dags/example_task_group_decorator.py
[2026-06-30T08:28:01.368+0000] {logging_mixin.py:188} INFO - [2026-06-30T08:28:01.368+0000] {dag.py:3096} INFO - Sync 1 DAGs
[2026-06-30T08:28:01.386+0000] {logging_mixin.py:188} INFO - [2026-06-30T08:28:01.385+0000] {dag.py:3954} INFO - Setting next_dagrun for example_task_group_decorator to 2026-06-29 00:00:00+00:00, run_after=2026-06-30 00:00:00+00:00
[2026-06-30T08:28:01.402+0000] {processor.py:183} INFO - Processing /home/airflow/.local/lib/python3.12/site-packages/airflow/example_dags/example_task_group_decorator.py took 0.079 seconds
[2026-06-30T08:28:31.865+0000] {processor.py:161} INFO - Started process (PID=22876) to work on /home/airflow/.local/lib/python3.12/site-packages/airflow/example_dags/example_task_group_decorator.py
[2026-06-30T08:28:31.866+0000] {processor.py:830} INFO - Processing file /home/airflow/.local/lib/python3.12/site-packages/airflow/example_dags/example_task_group_decorator.py for tasks to queue
[2026-06-30T08:28:31.867+0000] {logging_mixin.py:188} INFO - [2026-06-30T08:28:31.867+0000] {dagbag.py:545} INFO - Filling up the DagBag from /home/airflow/.local/lib/python3.12/site-packages/airflow/example_dags/example_task_group_decorator.py
[2026-06-30T08:28:31.878+0000] {processor.py:840} INFO - DAG(s) 'example_task_group_decorator' retrieved from /home/airflow/.local/lib/python3.12/site-packages/airflow/example_dags/example_task_group_decorator.py
[2026-06-30T08:28:31.897+0000] {logging_mixin.py:188} INFO - [2026-06-30T08:28:31.897+0000] {dag.py:3096} INFO - Sync 1 DAGs
[2026-06-30T08:28:31.911+0000] {logging_mixin.py:188} INFO - [2026-06-30T08:28:31.911+0000] {dag.py:3954} INFO - Setting next_dagrun for example_task_group_decorator to 2026-06-29 00:00:00+00:00, run_after=2026-06-30 00:00:00+00:00
[2026-06-30T08:28:31.927+0000] {processor.py:183} INFO - Processing /home/airflow/.local/lib/python3.12/site-packages/airflow/example_dags/example_task_group_decorator.py took 0.067 seconds
[2026-06-30T08:29:02.246+0000] {processor.py:161} INFO - Started process (PID=22934) to work on /home/airflow/.local/lib/python3.12/site-packages/airflow/example_dags/example_task_group_decorator.py
[2026-06-30T08:29:02.247+0000] {processor.py:830} INFO - Processing file /home/airflow/.local/lib/python3.12/site-packages/airflow/example_dags/example_task_group_decorator.py for tasks to queue
[2026-06-30T08:29:02.248+0000] {logging_mixin.py:188} INFO - [2026-06-30T08:29:02.248+0000] {dagbag.py:545} INFO - Filling up the DagBag from /home/airflow/.local/lib/python3.12/site-packages/airflow/example_dags/example_task_group_decorator.py
[2026-06-30T08:29:02.261+0000] {processor.py:840} INFO - DAG(s) 'example_task_group_decorator' retrieved from /home/airflow/.local/lib/python3.12/site-packages/airflow/example_dags/example_task_group_decorator.py
[2026-06-30T08:29:02.281+0000] {logging_mixin.py:188} INFO - [2026-06-30T08:29:02.281+0000] {dag.py:3096} INFO - Sync 1 DAGs
[2026-06-30T08:29:02.297+0000] {logging_mixin.py:188} INFO - [2026-06-30T08:29:02.297+0000] {dag.py:3954} INFO - Setting next_dagrun for example_task_group_decorator to 2026-06-29 00:00:00+00:00, run_after=2026-06-30 00:00:00+00:00
[2026-06-30T08:29:02.311+0000] {processor.py:183} INFO - Processing /home/airflow/.local/lib/python3.12/site-packages/airflow/example_dags/example_task_group_decorator.py took 0.071 seconds
[2026-06-30T08:29:32.869+0000] {processor.py:161} INFO - Started process (PID=22992) to work on /home/airflow/.local/lib/python3.12/site-packages/airflow/example_dags/example_task_group_decorator.py
[2026-06-30T08:29:32.870+0000] {processor.py:830} INFO - Processing file /home/airflow/.local/lib/python3.12/site-packages/airflow/example_dags/example_task_group_decorator.py for tasks to queue
[2026-06-30T08:29:32.871+0000] {logging_mixin.py:188} INFO - [2026-06-30T08:29:32.871+0000] {dagbag.py:545} INFO - Filling up the DagBag from /home/airflow/.local/lib/python3.12/site-packages/airflow/example_dags/example_task_group_decorator.py
[2026-06-30T08:29:32.883+0000] {processor.py:840} INFO - DAG(s) 'example_task_group_decorator' retrieved from /home/airflow/.local/lib/python3.12/site-packages/airflow/example_dags/example_task_group_decorator.py
[2026-06-30T08:29:32.903+0000] {logging_mixin.py:188} INFO - [2026-06-30T08:29:32.903+0000] {dag.py:3096} INFO - Sync 1 DAGs
[2026-06-30T08:29:32.919+0000] {logging_mixin.py:188} INFO - [2026-06-30T08:29:32.919+0000] {dag.py:3954} INFO - Setting next_dagrun for example_task_group_decorator to 2026-06-29 00:00:00+00:00, run_after=2026-06-30 00:00:00+00:00
[2026-06-30T08:29:32.936+0000] {processor.py:183} INFO - Processing /home/airflow/.local/lib/python3.12/site-packages/airflow/example_dags/example_task_group_decorator.py took 0.070 seconds
[2026-06-30T08:30:03.473+0000] {processor.py:161} INFO - Started process (PID=23050) to work on /home/airflow/.local/lib/python3.12/site-packages/airflow/example_dags/example_task_group_decorator.py
[2026-06-30T08:30:03.474+0000] {processor.py:830} INFO - Processing file /home/airflow/.local/lib/python3.12/site-packages/airflow/example_dags/example_task_group_decorator.py for tasks to queue
[2026-06-30T08:30:03.475+0000] {logging_mixin.py:188} INFO - [2026-06-30T08:30:03.475+0000] {dagbag.py:545} INFO - Filling up the DagBag from /home/airflow/.local/lib/python3.12/site-packages/airflow/example_dags/example_task_group_decorator.py
[2026-06-30T08:30:03.488+0000] {processor.py:840} INFO - DAG(s) 'example_task_group_decorator' retrieved from /home/airflow/.local/lib/python3.12/site-packages/airflow/example_dags/example_task_group_decorator.py
[2026-06-30T08:30:03.508+0000] {logging_mixin.py:188} INFO - [2026-06-30T08:30:03.508+0000] {dag.py:3096} INFO - Sync 1 DAGs
[2026-06-30T08:30:03.524+0000] {logging_mixin.py:188} INFO - [2026-06-30T08:30:03.524+0000] {dag.py:3954} INFO - Setting next_dagrun for example_task_group_decorator to 2026-06-29 00:00:00+00:00, run_after=2026-06-30 00:00:00+00:00
[2026-06-30T08:30:03.539+0000] {processor.py:183} INFO - Processing /home/airflow/.local/lib/python3.12/site-packages/airflow/example_dags/example_task_group_decorator.py took 0.071 seconds
[2026-06-30T08:30:33.960+0000] {processor.py:161} INFO - Started process (PID=23108) to work on /home/airflow/.local/lib/python3.12/site-packages/airflow/example_dags/example_task_group_decorator.py
[2026-06-30T08:30:33.962+0000] {processor.py:830} INFO - Processing file /home/airflow/.local/lib/python3.12/site-packages/airflow/example_dags/example_task_group_decorator.py for tasks to queue
[2026-06-30T08:30:33.963+0000] {logging_mixin.py:188} INFO - [2026-06-30T08:30:33.962+0000] {dagbag.py:545} INFO - Filling up the DagBag from /home/airflow/.local/lib/python3.12/site-packages/airflow/example_dags/example_task_group_decorator.py
[2026-06-30T08:30:33.974+0000] {processor.py:840} INFO - DAG(s) 'example_task_group_decorator' retrieved from /home/airflow/.local/lib/python3.12/site-packages/airflow/example_dags/example_task_group_decorator.py
[2026-06-30T08:30:33.994+0000] {logging_mixin.py:188} INFO - [2026-06-30T08:30:33.994+0000] {dag.py:3096} INFO - Sync 1 DAGs
[2026-06-30T08:30:34.010+0000] {logging_mixin.py:188} INFO - [2026-06-30T08:30:34.010+0000] {dag.py:3954} INFO - Setting next_dagrun for example_task_group_decorator to 2026-06-29 00:00:00+00:00, run_after=2026-06-30 00:00:00+00:00
[2026-06-30T08:30:34.026+0000] {processor.py:183} INFO - Processing /home/airflow/.local/lib/python3.12/site-packages/airflow/example_dags/example_task_group_decorator.py took 0.071 seconds
[2026-06-30T08:31:04.613+0000] {processor.py:161} INFO - Started process (PID=23166) to work on /home/airflow/.local/lib/python3.12/site-packages/airflow/example_dags/example_task_group_decorator.py
[2026-06-30T08:31:04.614+0000] {processor.py:830} INFO - Processing file /home/airflow/.local/lib/python3.12/site-packages/airflow/example_dags/example_task_group_decorator.py for tasks to queue
[2026-06-30T08:31:04.615+0000] {logging_mixin.py:188} INFO - [2026-06-30T08:31:04.615+0000] {dagbag.py:545} INFO - Filling up the DagBag from /home/airflow/.local/lib/python3.12/site-packages/airflow/example_dags/example_task_group_decorator.py
[2026-06-30T08:31:04.628+0000] {processor.py:840} INFO - DAG(s) 'example_task_group_decorator' retrieved from /home/airflow/.local/lib/python3.12/site-packages/airflow/example_dags/example_task_group_decorator.py
[2026-06-30T08:31:04.646+0000] {logging_mixin.py:188} INFO - [2026-06-30T08:31:04.646+0000] {dag.py:3096} INFO - Sync 1 DAGs
[2026-06-30T08:31:04.663+0000] {logging_mixin.py:188} INFO - [2026-06-30T08:31:04.663+0000] {dag.py:3954} INFO - Setting next_dagrun for example_task_group_decorator to 2026-06-29 00:00:00+00:00, run_after=2026-06-30 00:00:00+00:00
[2026-06-30T08:31:04.678+0000] {processor.py:183} INFO - Processing /home/airflow/.local/lib/python3.12/site-packages/airflow/example_dags/example_task_group_decorator.py took 0.070 seconds
[2026-06-30T08:31:35.515+0000] {processor.py:161} INFO - Started process (PID=23224) to work on /home/airflow/.local/lib/python3.12/site-packages/airflow/example_dags/example_task_group_decorator.py
[2026-06-30T08:31:35.516+0000] {processor.py:830} INFO - Processing file /home/airflow/.local/lib/python3.12/site-packages/airflow/example_dags/example_task_group_decorator.py for tasks to queue
[2026-06-30T08:31:35.517+0000] {logging_mixin.py:188} INFO - [2026-06-30T08:31:35.516+0000] {dagbag.py:545} INFO - Filling up the DagBag from /home/airflow/.local/lib/python3.12/site-packages/airflow/example_dags/example_task_group_decorator.py
[2026-06-30T08:31:35.528+0000] {processor.py:840} INFO - DAG(s) 'example_task_group_decorator' retrieved from /home/airflow/.local/lib/python3.12/site-packages/airflow/example_dags/example_task_group_decorator.py
[2026-06-30T08:31:35.545+0000] {logging_mixin.py:188} INFO - [2026-06-30T08:31:35.545+0000] {dag.py:3096} INFO - Sync 1 DAGs
[2026-06-30T08:31:35.560+0000] {logging_mixin.py:188} INFO - [2026-06-30T08:31:35.560+0000] {dag.py:3954} INFO - Setting next_dagrun for example_task_group_decorator to 2026-06-29 00:00:00+00:00, run_after=2026-06-30 00:00:00+00:00
[2026-06-30T08:31:35.573+0000] {processor.py:183} INFO - Processing /home/airflow/.local/lib/python3.12/site-packages/airflow/example_dags/example_task_group_decorator.py took 0.064 seconds
[2026-06-30T08:32:06.059+0000] {processor.py:161} INFO - Started process (PID=23282) to work on /home/airflow/.local/lib/python3.12/site-packages/airflow/example_dags/example_task_group_decorator.py
[2026-06-30T08:32:06.060+0000] {processor.py:830} INFO - Processing file /home/airflow/.local/lib/python3.12/site-packages/airflow/example_dags/example_task_group_decorator.py for tasks to queue
[2026-06-30T08:32:06.060+0000] {logging_mixin.py:188} INFO - [2026-06-30T08:32:06.060+0000] {dagbag.py:545} INFO - Filling up the DagBag from /home/airflow/.local/lib/python3.12/site-packages/airflow/example_dags/example_task_group_decorator.py
[2026-06-30T08:32:06.073+0000] {processor.py:840} INFO - DAG(s) 'example_task_group_decorator' retrieved from /home/airflow/.local/lib/python3.12/site-packages/airflow/example_dags/example_task_group_decorator.py
[2026-06-30T08:32:06.092+0000] {logging_mixin.py:188} INFO - [2026-06-30T08:32:06.092+0000] {dag.py:3096} INFO - Sync 1 DAGs
[2026-06-30T08:32:06.108+0000] {logging_mixin.py:188} INFO - [2026-06-30T08:32:06.108+0000] {dag.py:3954} INFO - Setting next_dagrun for example_task_group_decorator to 2026-06-29 00:00:00+00:00, run_after=2026-06-30 00:00:00+00:00
[2026-06-30T08:32:06.124+0000] {processor.py:183} INFO - Processing /home/airflow/.local/lib/python3.12/site-packages/airflow/example_dags/example_task_group_decorator.py took 0.070 seconds
[2026-06-30T08:32:36.875+0000] {processor.py:161} INFO - Started process (PID=23340) to work on /home/airflow/.local/lib/python3.12/site-packages/airflow/example_dags/example_task_group_decorator.py
[2026-06-30T08:32:36.876+0000] {processor.py:830} INFO - Processing file /home/airflow/.local/lib/python3.12/site-packages/airflow/example_dags/example_task_group_decorator.py for tasks to queue
[2026-06-30T08:32:36.877+0000] {logging_mixin.py:188} INFO - [2026-06-30T08:32:36.877+0000] {dagbag.py:545} INFO - Filling up the DagBag from /home/airflow/.local/lib/python3.12/site-packages/airflow/example_dags/example_task_group_decorator.py
[2026-06-30T08:32:36.888+0000] {processor.py:840} INFO - DAG(s) 'example_task_group_decorator' retrieved from /home/airflow/.local/lib/python3.12/site-packages/airflow/example_dags/example_task_group_decorator.py
[2026-06-30T08:32:36.908+0000] {logging_mixin.py:188} INFO - [2026-06-30T08:32:36.908+0000] {dag.py:3096} INFO - Sync 1 DAGs
[2026-06-30T08:32:36.927+0000] {logging_mixin.py:188} INFO - [2026-06-30T08:32:36.926+0000] {dag.py:3954} INFO - Setting next_dagrun for example_task_group_decorator to 2026-06-29 00:00:00+00:00, run_after=2026-06-30 00:00:00+00:00
[2026-06-30T08:32:36.941+0000] {processor.py:183} INFO - Processing /home/airflow/.local/lib/python3.12/site-packages/airflow/example_dags/example_task_group_decorator.py took 0.070 seconds
[2026-06-30T08:33:07.693+0000] {processor.py:161} INFO - Started process (PID=23398) to work on /home/airflow/.local/lib/python3.12/site-packages/airflow/example_dags/example_task_group_decorator.py
[2026-06-30T08:33:07.695+0000] {processor.py:830} INFO - Processing file /home/airflow/.local/lib/python3.12/site-packages/airflow/example_dags/example_task_group_decorator.py for tasks to queue
[2026-06-30T08:33:07.696+0000] {logging_mixin.py:188} INFO - [2026-06-30T08:33:07.696+0000] {dagbag.py:545} INFO - Filling up the DagBag from /home/airflow/.local/lib/python3.12/site-packages/airflow/example_dags/example_task_group_decorator.py
[2026-06-30T08:33:07.708+0000] {processor.py:840} INFO - DAG(s) 'example_task_group_decorator' retrieved from /home/airflow/.local/lib/python3.12/site-packages/airflow/example_dags/example_task_group_decorator.py
[2026-06-30T08:33:07.730+0000] {logging_mixin.py:188} INFO - [2026-06-30T08:33:07.729+0000] {dag.py:3096} INFO - Sync 1 DAGs
[2026-06-30T08:33:07.750+0000] {logging_mixin.py:188} INFO - [2026-06-30T08:33:07.749+0000] {dag.py:3954} INFO - Setting next_dagrun for example_task_group_decorator to 2026-06-29 00:00:00+00:00, run_after=2026-06-30 00:00:00+00:00
[2026-06-30T08:33:07.771+0000] {processor.py:183} INFO - Processing /home/airflow/.local/lib/python3.12/site-packages/airflow/example_dags/example_task_group_decorator.py took 0.083 seconds
[2026-06-30T08:33:38.521+0000] {processor.py:161} INFO - Started process (PID=23456) to work on /home/airflow/.local/lib/python3.12/site-packages/airflow/example_dags/example_task_group_decorator.py
[2026-06-30T08:33:38.522+0000] {processor.py:830} INFO - Processing file /home/airflow/.local/lib/python3.12/site-packages/airflow/example_dags/example_task_group_decorator.py for tasks to queue
[2026-06-30T08:33:38.523+0000] {logging_mixin.py:188} INFO - [2026-06-30T08:33:38.523+0000] {dagbag.py:545} INFO - Filling up the DagBag from /home/airflow/.local/lib/python3.12/site-packages/airflow/example_dags/example_task_group_decorator.py
[2026-06-30T08:33:38.535+0000] {processor.py:840} INFO - DAG(s) 'example_task_group_decorator' retrieved from /home/airflow/.local/lib/python3.12/site-packages/airflow/example_dags/example_task_group_decorator.py
[2026-06-30T08:33:38.554+0000] {logging_mixin.py:188} INFO - [2026-06-30T08:33:38.553+0000] {dag.py:3096} INFO - Sync 1 DAGs
[2026-06-30T08:33:38.569+0000] {logging_mixin.py:188} INFO - [2026-06-30T08:33:38.569+0000] {dag.py:3954} INFO - Setting next_dagrun for example_task_group_decorator to 2026-06-29 00:00:00+00:00, run_after=2026-06-30 00:00:00+00:00
[2026-06-30T08:33:38.584+0000] {processor.py:183} INFO - Processing /home/airflow/.local/lib/python3.12/site-packages/airflow/example_dags/example_task_group_decorator.py took 0.067 seconds
[2026-06-30T08:34:09.509+0000] {processor.py:161} INFO - Started process (PID=23514) to work on /home/airflow/.local/lib/python3.12/site-packages/airflow/example_dags/example_task_group_decorator.py
[2026-06-30T08:34:09.510+0000] {processor.py:830} INFO - Processing file /home/airflow/.local/lib/python3.12/site-packages/airflow/example_dags/example_task_group_decorator.py for tasks to queue
[2026-06-30T08:34:09.511+0000] {logging_mixin.py:188} INFO - [2026-06-30T08:34:09.511+0000] {dagbag.py:545} INFO - Filling up the DagBag from /home/airflow/.local/lib/python3.12/site-packages/airflow/example_dags/example_task_group_decorator.py
[2026-06-30T08:34:09.522+0000] {processor.py:840} INFO - DAG(s) 'example_task_group_decorator' retrieved from /home/airflow/.local/lib/python3.12/site-packages/airflow/example_dags/example_task_group_decorator.py
[2026-06-30T08:34:09.541+0000] {logging_mixin.py:188} INFO - [2026-06-30T08:34:09.541+0000] {dag.py:3096} INFO - Sync 1 DAGs
[2026-06-30T08:34:09.558+0000] {logging_mixin.py:188} INFO - [2026-06-30T08:34:09.558+0000] {dag.py:3954} INFO - Setting next_dagrun for example_task_group_decorator to 2026-06-29 00:00:00+00:00, run_after=2026-06-30 00:00:00+00:00
[2026-06-30T08:34:09.572+0000] {processor.py:183} INFO - Processing /home/airflow/.local/lib/python3.12/site-packages/airflow/example_dags/example_task_group_decorator.py took 0.068 seconds
[2026-06-30T08:34:40.126+0000] {processor.py:161} INFO - Started process (PID=23572) to work on /home/airflow/.local/lib/python3.12/site-packages/airflow/example_dags/example_task_group_decorator.py
[2026-06-30T08:34:40.126+0000] {processor.py:830} INFO - Processing file /home/airflow/.local/lib/python3.12/site-packages/airflow/example_dags/example_task_group_decorator.py for tasks to queue
[2026-06-30T08:34:40.127+0000] {logging_mixin.py:188} INFO - [2026-06-30T08:34:40.127+0000] {dagbag.py:545} INFO - Filling up the DagBag from /home/airflow/.local/lib/python3.12/site-packages/airflow/example_dags/example_task_group_decorator.py
[2026-06-30T08:34:40.137+0000] {processor.py:840} INFO - DAG(s) 'example_task_group_decorator' retrieved from /home/airflow/.local/lib/python3.12/site-packages/airflow/example_dags/example_task_group_decorator.py
[2026-06-30T08:34:40.156+0000] {logging_mixin.py:188} INFO - [2026-06-30T08:34:40.155+0000] {dag.py:3096} INFO - Sync 1 DAGs
[2026-06-30T08:34:40.170+0000] {logging_mixin.py:188} INFO - [2026-06-30T08:34:40.170+0000] {dag.py:3954} INFO - Setting next_dagrun for example_task_group_decorator to 2026-06-29 00:00:00+00:00, run_after=2026-06-30 00:00:00+00:00
[2026-06-30T08:34:40.183+0000] {processor.py:183} INFO - Processing /home/airflow/.local/lib/python3.12/site-packages/airflow/example_dags/example_task_group_decorator.py took 0.062 seconds
[2026-06-30T08:35:10.443+0000] {processor.py:161} INFO - Started process (PID=23630) to work on /home/airflow/.local/lib/python3.12/site-packages/airflow/example_dags/example_task_group_decorator.py
[2026-06-30T08:35:10.444+0000] {processor.py:830} INFO - Processing file /home/airflow/.local/lib/python3.12/site-packages/airflow/example_dags/example_task_group_decorator.py for tasks to queue
[2026-06-30T08:35:10.445+0000] {logging_mixin.py:188} INFO - [2026-06-30T08:35:10.445+0000] {dagbag.py:545} INFO - Filling up the DagBag from /home/airflow/.local/lib/python3.12/site-packages/airflow/example_dags/example_task_group_decorator.py
[2026-06-30T08:35:10.457+0000] {processor.py:840} INFO - DAG(s) 'example_task_group_decorator' retrieved from /home/airflow/.local/lib/python3.12/site-packages/airflow/example_dags/example_task_group_decorator.py
[2026-06-30T08:35:10.474+0000] {logging_mixin.py:188} INFO - [2026-06-30T08:35:10.474+0000] {dag.py:3096} INFO - Sync 1 DAGs
[2026-06-30T08:35:10.491+0000] {logging_mixin.py:188} INFO - [2026-06-30T08:35:10.491+0000] {dag.py:3954} INFO - Setting next_dagrun for example_task_group_decorator to 2026-06-29 00:00:00+00:00, run_after=2026-06-30 00:00:00+00:00
[2026-06-30T08:35:10.505+0000] {processor.py:183} INFO - Processing /home/airflow/.local/lib/python3.12/site-packages/airflow/example_dags/example_task_group_decorator.py took 0.068 seconds
[2026-06-30T08:35:40.900+0000] {processor.py:161} INFO - Started process (PID=23688) to work on /home/airflow/.local/lib/python3.12/site-packages/airflow/example_dags/example_task_group_decorator.py
[2026-06-30T08:35:40.901+0000] {processor.py:830} INFO - Processing file /home/airflow/.local/lib/python3.12/site-packages/airflow/example_dags/example_task_group_decorator.py for tasks to queue
[2026-06-30T08:35:40.902+0000] {logging_mixin.py:188} INFO - [2026-06-30T08:35:40.902+0000] {dagbag.py:545} INFO - Filling up the DagBag from /home/airflow/.local/lib/python3.12/site-packages/airflow/example_dags/example_task_group_decorator.py
[2026-06-30T08:35:40.912+0000] {processor.py:840} INFO - DAG(s) 'example_task_group_decorator' retrieved from /home/airflow/.local/lib/python3.12/site-packages/airflow/example_dags/example_task_group_decorator.py
[2026-06-30T08:35:40.930+0000] {logging_mixin.py:188} INFO - [2026-06-30T08:35:40.930+0000] {dag.py:3096} INFO - Sync 1 DAGs
[2026-06-30T08:35:40.945+0000] {logging_mixin.py:188} INFO - [2026-06-30T08:35:40.945+0000] {dag.py:3954} INFO - Setting next_dagrun for example_task_group_decorator to 2026-06-29 00:00:00+00:00, run_after=2026-06-30 00:00:00+00:00
[2026-06-30T08:35:40.960+0000] {processor.py:183} INFO - Processing /home/airflow/.local/lib/python3.12/site-packages/airflow/example_dags/example_task_group_decorator.py took 0.064 seconds
[2026-06-30T08:36:11.151+0000] {processor.py:161} INFO - Started process (PID=23746) to work on /home/airflow/.local/lib/python3.12/site-packages/airflow/example_dags/example_task_group_decorator.py
[2026-06-30T08:36:11.152+0000] {processor.py:830} INFO - Processing file /home/airflow/.local/lib/python3.12/site-packages/airflow/example_dags/example_task_group_decorator.py for tasks to queue
[2026-06-30T08:36:11.152+0000] {logging_mixin.py:188} INFO - [2026-06-30T08:36:11.152+0000] {dagbag.py:545} INFO - Filling up the DagBag from /home/airflow/.local/lib/python3.12/site-packages/airflow/example_dags/example_task_group_decorator.py
[2026-06-30T08:36:11.162+0000] {processor.py:840} INFO - DAG(s) 'example_task_group_decorator' retrieved from /home/airflow/.local/lib/python3.12/site-packages/airflow/example_dags/example_task_group_decorator.py
[2026-06-30T08:36:11.178+0000] {logging_mixin.py:188} INFO - [2026-06-30T08:36:11.178+0000] {dag.py:3096} INFO - Sync 1 DAGs
[2026-06-30T08:36:11.193+0000] {logging_mixin.py:188} INFO - [2026-06-30T08:36:11.193+0000] {dag.py:3954} INFO - Setting next_dagrun for example_task_group_decorator to 2026-06-29 00:00:00+00:00, run_after=2026-06-30 00:00:00+00:00
[2026-06-30T08:36:11.206+0000] {processor.py:183} INFO - Processing /home/airflow/.local/lib/python3.12/site-packages/airflow/example_dags/example_task_group_decorator.py took 0.060 seconds
[2026-06-30T08:36:41.719+0000] {processor.py:161} INFO - Started process (PID=23804) to work on /home/airflow/.local/lib/python3.12/site-packages/airflow/example_dags/example_task_group_decorator.py
[2026-06-30T08:36:41.720+0000] {processor.py:830} INFO - Processing file /home/airflow/.local/lib/python3.12/site-packages/airflow/example_dags/example_task_group_decorator.py for tasks to queue
[2026-06-30T08:36:41.720+0000] {logging_mixin.py:188} INFO - [2026-06-30T08:36:41.720+0000] {dagbag.py:545} INFO - Filling up the DagBag from /home/airflow/.local/lib/python3.12/site-packages/airflow/example_dags/example_task_group_decorator.py
[2026-06-30T08:36:41.730+0000] {processor.py:840} INFO - DAG(s) 'example_task_group_decorator' retrieved from /home/airflow/.local/lib/python3.12/site-packages/airflow/example_dags/example_task_group_decorator.py
[2026-06-30T08:36:41.748+0000] {logging_mixin.py:188} INFO - [2026-06-30T08:36:41.748+0000] {dag.py:3096} INFO - Sync 1 DAGs
[2026-06-30T08:36:41.768+0000] {logging_mixin.py:188} INFO - [2026-06-30T08:36:41.768+0000] {dag.py:3954} INFO - Setting next_dagrun for example_task_group_decorator to 2026-06-29 00:00:00+00:00, run_after=2026-06-30 00:00:00+00:00
[2026-06-30T08:36:41.783+0000] {processor.py:183} INFO - Processing /home/airflow/.local/lib/python3.12/site-packages/airflow/example_dags/example_task_group_decorator.py took 0.068 seconds
[2026-06-30T08:37:12.013+0000] {processor.py:161} INFO - Started process (PID=23869) to work on /home/airflow/.local/lib/python3.12/site-packages/airflow/example_dags/example_task_group_decorator.py
[2026-06-30T08:37:12.015+0000] {processor.py:830} INFO - Processing file /home/airflow/.local/lib/python3.12/site-packages/airflow/example_dags/example_task_group_decorator.py for tasks to queue
[2026-06-30T08:37:12.015+0000] {logging_mixin.py:188} INFO - [2026-06-30T08:37:12.015+0000] {dagbag.py:545} INFO - Filling up the DagBag from /home/airflow/.local/lib/python3.12/site-packages/airflow/example_dags/example_task_group_decorator.py
[2026-06-30T08:37:12.026+0000] {processor.py:840} INFO - DAG(s) 'example_task_group_decorator' retrieved from /home/airflow/.local/lib/python3.12/site-packages/airflow/example_dags/example_task_group_decorator.py
[2026-06-30T08:37:12.044+0000] {logging_mixin.py:188} INFO - [2026-06-30T08:37:12.044+0000] {dag.py:3096} INFO - Sync 1 DAGs
[2026-06-30T08:37:12.059+0000] {logging_mixin.py:188} INFO - [2026-06-30T08:37:12.059+0000] {dag.py:3954} INFO - Setting next_dagrun for example_task_group_decorator to 2026-06-29 00:00:00+00:00, run_after=2026-06-30 00:00:00+00:00
[2026-06-30T08:37:12.072+0000] {processor.py:183} INFO - Processing /home/airflow/.local/lib/python3.12/site-packages/airflow/example_dags/example_task_group_decorator.py took 0.062 seconds
[2026-06-30T08:37:42.382+0000] {processor.py:161} INFO - Started process (PID=23927) to work on /home/airflow/.local/lib/python3.12/site-packages/airflow/example_dags/example_task_group_decorator.py
[2026-06-30T08:37:42.383+0000] {processor.py:830} INFO - Processing file /home/airflow/.local/lib/python3.12/site-packages/airflow/example_dags/example_task_group_decorator.py for tasks to queue
[2026-06-30T08:37:42.383+0000] {logging_mixin.py:188} INFO - [2026-06-30T08:37:42.383+0000] {dagbag.py:545} INFO - Filling up the DagBag from /home/airflow/.local/lib/python3.12/site-packages/airflow/example_dags/example_task_group_decorator.py
[2026-06-30T08:37:42.394+0000] {processor.py:840} INFO - DAG(s) 'example_task_group_decorator' retrieved from /home/airflow/.local/lib/python3.12/site-packages/airflow/example_dags/example_task_group_decorator.py
[2026-06-30T08:37:42.411+0000] {logging_mixin.py:188} INFO - [2026-06-30T08:37:42.410+0000] {dag.py:3096} INFO - Sync 1 DAGs
[2026-06-30T08:37:42.426+0000] {logging_mixin.py:188} INFO - [2026-06-30T08:37:42.426+0000] {dag.py:3954} INFO - Setting next_dagrun for example_task_group_decorator to 2026-06-29 00:00:00+00:00, run_after=2026-06-30 00:00:00+00:00
[2026-06-30T08:37:42.442+0000] {processor.py:183} INFO - Processing /home/airflow/.local/lib/python3.12/site-packages/airflow/example_dags/example_task_group_decorator.py took 0.065 seconds
[2026-06-30T08:38:12.901+0000] {processor.py:161} INFO - Started process (PID=23985) to work on /home/airflow/.local/lib/python3.12/site-packages/airflow/example_dags/example_task_group_decorator.py
[2026-06-30T08:38:12.903+0000] {processor.py:830} INFO - Processing file /home/airflow/.local/lib/python3.12/site-packages/airflow/example_dags/example_task_group_decorator.py for tasks to queue
[2026-06-30T08:38:12.904+0000] {logging_mixin.py:188} INFO - [2026-06-30T08:38:12.903+0000] {dagbag.py:545} INFO - Filling up the DagBag from /home/airflow/.local/lib/python3.12/site-packages/airflow/example_dags/example_task_group_decorator.py
[2026-06-30T08:38:12.919+0000] {processor.py:840} INFO - DAG(s) 'example_task_group_decorator' retrieved from /home/airflow/.local/lib/python3.12/site-packages/airflow/example_dags/example_task_group_decorator.py
[2026-06-30T08:38:12.945+0000] {logging_mixin.py:188} INFO - [2026-06-30T08:38:12.945+0000] {dag.py:3096} INFO - Sync 1 DAGs
[2026-06-30T08:38:12.967+0000] {logging_mixin.py:188} INFO - [2026-06-30T08:38:12.967+0000] {dag.py:3954} INFO - Setting next_dagrun for example_task_group_decorator to 2026-06-29 00:00:00+00:00, run_after=2026-06-30 00:00:00+00:00
[2026-06-30T08:38:12.987+0000] {processor.py:183} INFO - Processing /home/airflow/.local/lib/python3.12/site-packages/airflow/example_dags/example_task_group_decorator.py took 0.091 seconds
[2026-06-30T08:38:43.393+0000] {processor.py:161} INFO - Started process (PID=24043) to work on /home/airflow/.local/lib/python3.12/site-packages/airflow/example_dags/example_task_group_decorator.py
[2026-06-30T08:38:43.394+0000] {processor.py:830} INFO - Processing file /home/airflow/.local/lib/python3.12/site-packages/airflow/example_dags/example_task_group_decorator.py for tasks to queue
[2026-06-30T08:38:43.395+0000] {logging_mixin.py:188} INFO - [2026-06-30T08:38:43.395+0000] {dagbag.py:545} INFO - Filling up the DagBag from /home/airflow/.local/lib/python3.12/site-packages/airflow/example_dags/example_task_group_decorator.py
[2026-06-30T08:38:43.406+0000] {processor.py:840} INFO - DAG(s) 'example_task_group_decorator' retrieved from /home/airflow/.local/lib/python3.12/site-packages/airflow/example_dags/example_task_group_decorator.py
[2026-06-30T08:38:43.428+0000] {logging_mixin.py:188} INFO - [2026-06-30T08:38:43.427+0000] {dag.py:3096} INFO - Sync 1 DAGs
[2026-06-30T08:38:43.442+0000] {logging_mixin.py:188} INFO - [2026-06-30T08:38:43.442+0000] {dag.py:3954} INFO - Setting next_dagrun for example_task_group_decorator to 2026-06-29 00:00:00+00:00, run_after=2026-06-30 00:00:00+00:00
[2026-06-30T08:38:43.456+0000] {processor.py:183} INFO - Processing /home/airflow/.local/lib/python3.12/site-packages/airflow/example_dags/example_task_group_decorator.py took 0.067 seconds
[2026-06-30T08:39:13.899+0000] {processor.py:161} INFO - Started process (PID=24101) to work on /home/airflow/.local/lib/python3.12/site-packages/airflow/example_dags/example_task_group_decorator.py
[2026-06-30T08:39:13.903+0000] {processor.py:830} INFO - Processing file /home/airflow/.local/lib/python3.12/site-packages/airflow/example_dags/example_task_group_decorator.py for tasks to queue
[2026-06-30T08:39:13.906+0000] {logging_mixin.py:188} INFO - [2026-06-30T08:39:13.905+0000] {dagbag.py:545} INFO - Filling up the DagBag from /home/airflow/.local/lib/python3.12/site-packages/airflow/example_dags/example_task_group_decorator.py
[2026-06-30T08:39:13.916+0000] {processor.py:840} INFO - DAG(s) 'example_task_group_decorator' retrieved from /home/airflow/.local/lib/python3.12/site-packages/airflow/example_dags/example_task_group_decorator.py
[2026-06-30T08:39:13.934+0000] {logging_mixin.py:188} INFO - [2026-06-30T08:39:13.934+0000] {dag.py:3096} INFO - Sync 1 DAGs
[2026-06-30T08:39:13.950+0000] {logging_mixin.py:188} INFO - [2026-06-30T08:39:13.950+0000] {dag.py:3954} INFO - Setting next_dagrun for example_task_group_decorator to 2026-06-29 00:00:00+00:00, run_after=2026-06-30 00:00:00+00:00
[2026-06-30T08:39:13.963+0000] {processor.py:183} INFO - Processing /home/airflow/.local/lib/python3.12/site-packages/airflow/example_dags/example_task_group_decorator.py took 0.069 seconds
[2026-06-30T08:39:44.501+0000] {processor.py:161} INFO - Started process (PID=24159) to work on /home/airflow/.local/lib/python3.12/site-packages/airflow/example_dags/example_task_group_decorator.py
[2026-06-30T08:39:44.502+0000] {processor.py:830} INFO - Processing file /home/airflow/.local/lib/python3.12/site-packages/airflow/example_dags/example_task_group_decorator.py for tasks to queue
[2026-06-30T08:39:44.503+0000] {logging_mixin.py:188} INFO - [2026-06-30T08:39:44.503+0000] {dagbag.py:545} INFO - Filling up the DagBag from /home/airflow/.local/lib/python3.12/site-packages/airflow/example_dags/example_task_group_decorator.py
[2026-06-30T08:39:44.513+0000] {processor.py:840} INFO - DAG(s) 'example_task_group_decorator' retrieved from /home/airflow/.local/lib/python3.12/site-packages/airflow/example_dags/example_task_group_decorator.py
[2026-06-30T08:39:44.530+0000] {logging_mixin.py:188} INFO - [2026-06-30T08:39:44.530+0000] {dag.py:3096} INFO - Sync 1 DAGs
[2026-06-30T08:39:44.544+0000] {logging_mixin.py:188} INFO - [2026-06-30T08:39:44.544+0000] {dag.py:3954} INFO - Setting next_dagrun for example_task_group_decorator to 2026-06-29 00:00:00+00:00, run_after=2026-06-30 00:00:00+00:00
[2026-06-30T08:39:44.558+0000] {processor.py:183} INFO - Processing /home/airflow/.local/lib/python3.12/site-packages/airflow/example_dags/example_task_group_decorator.py took 0.061 seconds
[2026-06-30T08:40:14.952+0000] {processor.py:161} INFO - Started process (PID=24217) to work on /home/airflow/.local/lib/python3.12/site-packages/airflow/example_dags/example_task_group_decorator.py
[2026-06-30T08:40:14.953+0000] {processor.py:830} INFO - Processing file /home/airflow/.local/lib/python3.12/site-packages/airflow/example_dags/example_task_group_decorator.py for tasks to queue
[2026-06-30T08:40:14.954+0000] {logging_mixin.py:188} INFO - [2026-06-30T08:40:14.953+0000] {dagbag.py:545} INFO - Filling up the DagBag from /home/airflow/.local/lib/python3.12/site-packages/airflow/example_dags/example_task_group_decorator.py
[2026-06-30T08:40:14.964+0000] {processor.py:840} INFO - DAG(s) 'example_task_group_decorator' retrieved from /home/airflow/.local/lib/python3.12/site-packages/airflow/example_dags/example_task_group_decorator.py
[2026-06-30T08:40:14.982+0000] {logging_mixin.py:188} INFO - [2026-06-30T08:40:14.982+0000] {dag.py:3096} INFO - Sync 1 DAGs
[2026-06-30T08:40:14.998+0000] {logging_mixin.py:188} INFO - [2026-06-30T08:40:14.998+0000] {dag.py:3954} INFO - Setting next_dagrun for example_task_group_decorator to 2026-06-29 00:00:00+00:00, run_after=2026-06-30 00:00:00+00:00
[2026-06-30T08:40:15.011+0000] {processor.py:183} INFO - Processing /home/airflow/.local/lib/python3.12/site-packages/airflow/example_dags/example_task_group_decorator.py took 0.064 seconds
[2026-06-30T08:40:45.545+0000] {processor.py:161} INFO - Started process (PID=24275) to work on /home/airflow/.local/lib/python3.12/site-packages/airflow/example_dags/example_task_group_decorator.py
[2026-06-30T08:40:45.546+0000] {processor.py:830} INFO - Processing file /home/airflow/.local/lib/python3.12/site-packages/airflow/example_dags/example_task_group_decorator.py for tasks to queue
[2026-06-30T08:40:45.547+0000] {logging_mixin.py:188} INFO - [2026-06-30T08:40:45.547+0000] {dagbag.py:545} INFO - Filling up the DagBag from /home/airflow/.local/lib/python3.12/site-packages/airflow/example_dags/example_task_group_decorator.py
[2026-06-30T08:40:45.556+0000] {processor.py:840} INFO - DAG(s) 'example_task_group_decorator' retrieved from /home/airflow/.local/lib/python3.12/site-packages/airflow/example_dags/example_task_group_decorator.py
[2026-06-30T08:40:45.575+0000] {logging_mixin.py:188} INFO - [2026-06-30T08:40:45.575+0000] {dag.py:3096} INFO - Sync 1 DAGs
[2026-06-30T08:40:45.593+0000] {logging_mixin.py:188} INFO - [2026-06-30T08:40:45.593+0000] {dag.py:3954} INFO - Setting next_dagrun for example_task_group_decorator to 2026-06-29 00:00:00+00:00, run_after=2026-06-30 00:00:00+00:00
[2026-06-30T08:40:45.608+0000] {processor.py:183} INFO - Processing /home/airflow/.local/lib/python3.12/site-packages/airflow/example_dags/example_task_group_decorator.py took 0.067 seconds
[2026-06-30T08:41:16.225+0000] {processor.py:161} INFO - Started process (PID=24333) to work on /home/airflow/.local/lib/python3.12/site-packages/airflow/example_dags/example_task_group_decorator.py
[2026-06-30T08:41:16.226+0000] {processor.py:830} INFO - Processing file /home/airflow/.local/lib/python3.12/site-packages/airflow/example_dags/example_task_group_decorator.py for tasks to queue
[2026-06-30T08:41:16.227+0000] {logging_mixin.py:188} INFO - [2026-06-30T08:41:16.226+0000] {dagbag.py:545} INFO - Filling up the DagBag from /home/airflow/.local/lib/python3.12/site-packages/airflow/example_dags/example_task_group_decorator.py
[2026-06-30T08:41:16.236+0000] {processor.py:840} INFO - DAG(s) 'example_task_group_decorator' retrieved from /home/airflow/.local/lib/python3.12/site-packages/airflow/example_dags/example_task_group_decorator.py
[2026-06-30T08:41:16.252+0000] {logging_mixin.py:188} INFO - [2026-06-30T08:41:16.252+0000] {dag.py:3096} INFO - Sync 1 DAGs
[2026-06-30T08:41:16.268+0000] {logging_mixin.py:188} INFO - [2026-06-30T08:41:16.268+0000] {dag.py:3954} INFO - Setting next_dagrun for example_task_group_decorator to 2026-06-29 00:00:00+00:00, run_after=2026-06-30 00:00:00+00:00
[2026-06-30T08:41:16.280+0000] {processor.py:183} INFO - Processing /home/airflow/.local/lib/python3.12/site-packages/airflow/example_dags/example_task_group_decorator.py took 0.059 seconds
[2026-06-30T08:41:46.738+0000] {processor.py:161} INFO - Started process (PID=24391) to work on /home/airflow/.local/lib/python3.12/site-packages/airflow/example_dags/example_task_group_decorator.py
[2026-06-30T08:41:46.739+0000] {processor.py:830} INFO - Processing file /home/airflow/.local/lib/python3.12/site-packages/airflow/example_dags/example_task_group_decorator.py for tasks to queue
[2026-06-30T08:41:46.739+0000] {logging_mixin.py:188} INFO - [2026-06-30T08:41:46.739+0000] {dagbag.py:545} INFO - Filling up the DagBag from /home/airflow/.local/lib/python3.12/site-packages/airflow/example_dags/example_task_group_decorator.py
[2026-06-30T08:41:46.749+0000] {processor.py:840} INFO - DAG(s) 'example_task_group_decorator' retrieved from /home/airflow/.local/lib/python3.12/site-packages/airflow/example_dags/example_task_group_decorator.py
[2026-06-30T08:41:46.767+0000] {logging_mixin.py:188} INFO - [2026-06-30T08:41:46.767+0000] {dag.py:3096} INFO - Sync 1 DAGs
[2026-06-30T08:41:46.783+0000] {logging_mixin.py:188} INFO - [2026-06-30T08:41:46.783+0000] {dag.py:3954} INFO - Setting next_dagrun for example_task_group_decorator to 2026-06-29 00:00:00+00:00, run_after=2026-06-30 00:00:00+00:00
[2026-06-30T08:41:46.795+0000] {processor.py:183} INFO - Processing /home/airflow/.local/lib/python3.12/site-packages/airflow/example_dags/example_task_group_decorator.py took 0.062 seconds
[2026-06-30T08:42:17.186+0000] {processor.py:161} INFO - Started process (PID=24449) to work on /home/airflow/.local/lib/python3.12/site-packages/airflow/example_dags/example_task_group_decorator.py
[2026-06-30T08:42:17.187+0000] {processor.py:830} INFO - Processing file /home/airflow/.local/lib/python3.12/site-packages/airflow/example_dags/example_task_group_decorator.py for tasks to queue
[2026-06-30T08:42:17.188+0000] {logging_mixin.py:188} INFO - [2026-06-30T08:42:17.188+0000] {dagbag.py:545} INFO - Filling up the DagBag from /home/airflow/.local/lib/python3.12/site-packages/airflow/example_dags/example_task_group_decorator.py
[2026-06-30T08:42:17.198+0000] {processor.py:840} INFO - DAG(s) 'example_task_group_decorator' retrieved from /home/airflow/.local/lib/python3.12/site-packages/airflow/example_dags/example_task_group_decorator.py
[2026-06-30T08:42:17.215+0000] {logging_mixin.py:188} INFO - [2026-06-30T08:42:17.215+0000] {dag.py:3096} INFO - Sync 1 DAGs
[2026-06-30T08:42:17.232+0000] {logging_mixin.py:188} INFO - [2026-06-30T08:42:17.232+0000] {dag.py:3954} INFO - Setting next_dagrun for example_task_group_decorator to 2026-06-29 00:00:00+00:00, run_after=2026-06-30 00:00:00+00:00
[2026-06-30T08:42:17.245+0000] {processor.py:183} INFO - Processing /home/airflow/.local/lib/python3.12/site-packages/airflow/example_dags/example_task_group_decorator.py took 0.063 seconds
[2026-06-30T08:42:47.911+0000] {processor.py:161} INFO - Started process (PID=24507) to work on /home/airflow/.local/lib/python3.12/site-packages/airflow/example_dags/example_task_group_decorator.py
[2026-06-30T08:42:47.912+0000] {processor.py:830} INFO - Processing file /home/airflow/.local/lib/python3.12/site-packages/airflow/example_dags/example_task_group_decorator.py for tasks to queue
[2026-06-30T08:42:47.913+0000] {logging_mixin.py:188} INFO - [2026-06-30T08:42:47.912+0000] {dagbag.py:545} INFO - Filling up the DagBag from /home/airflow/.local/lib/python3.12/site-packages/airflow/example_dags/example_task_group_decorator.py
[2026-06-30T08:42:47.924+0000] {processor.py:840} INFO - DAG(s) 'example_task_group_decorator' retrieved from /home/airflow/.local/lib/python3.12/site-packages/airflow/example_dags/example_task_group_decorator.py
[2026-06-30T08:42:47.945+0000] {logging_mixin.py:188} INFO - [2026-06-30T08:42:47.945+0000] {dag.py:3096} INFO - Sync 1 DAGs
[2026-06-30T08:42:47.961+0000] {logging_mixin.py:188} INFO - [2026-06-30T08:42:47.961+0000] {dag.py:3954} INFO - Setting next_dagrun for example_task_group_decorator to 2026-06-29 00:00:00+00:00, run_after=2026-06-30 00:00:00+00:00
[2026-06-30T08:42:47.975+0000] {processor.py:183} INFO - Processing /home/airflow/.local/lib/python3.12/site-packages/airflow/example_dags/example_task_group_decorator.py took 0.068 seconds
[2026-06-30T08:43:18.002+0000] {processor.py:161} INFO - Started process (PID=24565) to work on /home/airflow/.local/lib/python3.12/site-packages/airflow/example_dags/example_task_group_decorator.py
[2026-06-30T08:43:18.003+0000] {processor.py:830} INFO - Processing file /home/airflow/.local/lib/python3.12/site-packages/airflow/example_dags/example_task_group_decorator.py for tasks to queue
[2026-06-30T08:43:18.004+0000] {logging_mixin.py:188} INFO - [2026-06-30T08:43:18.003+0000] {dagbag.py:545} INFO - Filling up the DagBag from /home/airflow/.local/lib/python3.12/site-packages/airflow/example_dags/example_task_group_decorator.py
[2026-06-30T08:43:18.016+0000] {processor.py:840} INFO - DAG(s) 'example_task_group_decorator' retrieved from /home/airflow/.local/lib/python3.12/site-packages/airflow/example_dags/example_task_group_decorator.py
[2026-06-30T08:43:18.036+0000] {logging_mixin.py:188} INFO - [2026-06-30T08:43:18.035+0000] {dag.py:3096} INFO - Sync 1 DAGs
[2026-06-30T08:43:18.064+0000] {logging_mixin.py:188} INFO - [2026-06-30T08:43:18.064+0000] {dag.py:3954} INFO - Setting next_dagrun for example_task_group_decorator to 2026-06-29 00:00:00+00:00, run_after=2026-06-30 00:00:00+00:00
[2026-06-30T08:43:18.089+0000] {processor.py:183} INFO - Processing /home/airflow/.local/lib/python3.12/site-packages/airflow/example_dags/example_task_group_decorator.py took 0.092 seconds
[2026-06-30T08:43:48.429+0000] {processor.py:161} INFO - Started process (PID=24623) to work on /home/airflow/.local/lib/python3.12/site-packages/airflow/example_dags/example_task_group_decorator.py
[2026-06-30T08:43:48.430+0000] {processor.py:830} INFO - Processing file /home/airflow/.local/lib/python3.12/site-packages/airflow/example_dags/example_task_group_decorator.py for tasks to queue
[2026-06-30T08:43:48.431+0000] {logging_mixin.py:188} INFO - [2026-06-30T08:43:48.430+0000] {dagbag.py:545} INFO - Filling up the DagBag from /home/airflow/.local/lib/python3.12/site-packages/airflow/example_dags/example_task_group_decorator.py
[2026-06-30T08:43:48.444+0000] {processor.py:840} INFO - DAG(s) 'example_task_group_decorator' retrieved from /home/airflow/.local/lib/python3.12/site-packages/airflow/example_dags/example_task_group_decorator.py
[2026-06-30T08:43:48.466+0000] {logging_mixin.py:188} INFO - [2026-06-30T08:43:48.466+0000] {dag.py:3096} INFO - Sync 1 DAGs
[2026-06-30T08:43:48.482+0000] {logging_mixin.py:188} INFO - [2026-06-30T08:43:48.482+0000] {dag.py:3954} INFO - Setting next_dagrun for example_task_group_decorator to 2026-06-29 00:00:00+00:00, run_after=2026-06-30 00:00:00+00:00
[2026-06-30T08:43:48.495+0000] {processor.py:183} INFO - Processing /home/airflow/.local/lib/python3.12/site-packages/airflow/example_dags/example_task_group_decorator.py took 0.072 seconds
[2026-06-30T08:44:18.799+0000] {processor.py:161} INFO - Started process (PID=24681) to work on /home/airflow/.local/lib/python3.12/site-packages/airflow/example_dags/example_task_group_decorator.py
[2026-06-30T08:44:18.800+0000] {processor.py:830} INFO - Processing file /home/airflow/.local/lib/python3.12/site-packages/airflow/example_dags/example_task_group_decorator.py for tasks to queue
[2026-06-30T08:44:18.801+0000] {logging_mixin.py:188} INFO - [2026-06-30T08:44:18.801+0000] {dagbag.py:545} INFO - Filling up the DagBag from /home/airflow/.local/lib/python3.12/site-packages/airflow/example_dags/example_task_group_decorator.py
[2026-06-30T08:44:18.812+0000] {processor.py:840} INFO - DAG(s) 'example_task_group_decorator' retrieved from /home/airflow/.local/lib/python3.12/site-packages/airflow/example_dags/example_task_group_decorator.py
[2026-06-30T08:44:18.832+0000] {logging_mixin.py:188} INFO - [2026-06-30T08:44:18.832+0000] {dag.py:3096} INFO - Sync 1 DAGs
[2026-06-30T08:44:18.848+0000] {logging_mixin.py:188} INFO - [2026-06-30T08:44:18.848+0000] {dag.py:3954} INFO - Setting next_dagrun for example_task_group_decorator to 2026-06-29 00:00:00+00:00, run_after=2026-06-30 00:00:00+00:00
[2026-06-30T08:44:18.862+0000] {processor.py:183} INFO - Processing /home/airflow/.local/lib/python3.12/site-packages/airflow/example_dags/example_task_group_decorator.py took 0.068 seconds
[2026-06-30T08:44:49.195+0000] {processor.py:161} INFO - Started process (PID=24739) to work on /home/airflow/.local/lib/python3.12/site-packages/airflow/example_dags/example_task_group_decorator.py
[2026-06-30T08:44:49.196+0000] {processor.py:830} INFO - Processing file /home/airflow/.local/lib/python3.12/site-packages/airflow/example_dags/example_task_group_decorator.py for tasks to queue
[2026-06-30T08:44:49.197+0000] {logging_mixin.py:188} INFO - [2026-06-30T08:44:49.197+0000] {dagbag.py:545} INFO - Filling up the DagBag from /home/airflow/.local/lib/python3.12/site-packages/airflow/example_dags/example_task_group_decorator.py
[2026-06-30T08:44:49.209+0000] {processor.py:840} INFO - DAG(s) 'example_task_group_decorator' retrieved from /home/airflow/.local/lib/python3.12/site-packages/airflow/example_dags/example_task_group_decorator.py
[2026-06-30T08:44:49.230+0000] {logging_mixin.py:188} INFO - [2026-06-30T08:44:49.230+0000] {dag.py:3096} INFO - Sync 1 DAGs
[2026-06-30T08:44:49.249+0000] {logging_mixin.py:188} INFO - [2026-06-30T08:44:49.249+0000] {dag.py:3954} INFO - Setting next_dagrun for example_task_group_decorator to 2026-06-29 00:00:00+00:00, run_after=2026-06-30 00:00:00+00:00
[2026-06-30T08:44:49.265+0000] {processor.py:183} INFO - Processing /home/airflow/.local/lib/python3.12/site-packages/airflow/example_dags/example_task_group_decorator.py took 0.076 seconds
[2026-06-30T08:45:19.711+0000] {processor.py:161} INFO - Started process (PID=24797) to work on /home/airflow/.local/lib/python3.12/site-packages/airflow/example_dags/example_task_group_decorator.py
[2026-06-30T08:45:19.712+0000] {processor.py:830} INFO - Processing file /home/airflow/.local/lib/python3.12/site-packages/airflow/example_dags/example_task_group_decorator.py for tasks to queue
[2026-06-30T08:45:19.713+0000] {logging_mixin.py:188} INFO - [2026-06-30T08:45:19.713+0000] {dagbag.py:545} INFO - Filling up the DagBag from /home/airflow/.local/lib/python3.12/site-packages/airflow/example_dags/example_task_group_decorator.py
[2026-06-30T08:45:19.725+0000] {processor.py:840} INFO - DAG(s) 'example_task_group_decorator' retrieved from /home/airflow/.local/lib/python3.12/site-packages/airflow/example_dags/example_task_group_decorator.py
[2026-06-30T08:45:19.746+0000] {logging_mixin.py:188} INFO - [2026-06-30T08:45:19.745+0000] {dag.py:3096} INFO - Sync 1 DAGs
[2026-06-30T08:45:19.767+0000] {logging_mixin.py:188} INFO - [2026-06-30T08:45:19.766+0000] {dag.py:3954} INFO - Setting next_dagrun for example_task_group_decorator to 2026-06-29 00:00:00+00:00, run_after=2026-06-30 00:00:00+00:00
[2026-06-30T08:45:19.784+0000] {processor.py:183} INFO - Processing /home/airflow/.local/lib/python3.12/site-packages/airflow/example_dags/example_task_group_decorator.py took 0.079 seconds
[2026-06-30T08:45:50.421+0000] {processor.py:161} INFO - Started process (PID=24855) to work on /home/airflow/.local/lib/python3.12/site-packages/airflow/example_dags/example_task_group_decorator.py
[2026-06-30T08:45:50.422+0000] {processor.py:830} INFO - Processing file /home/airflow/.local/lib/python3.12/site-packages/airflow/example_dags/example_task_group_decorator.py for tasks to queue
[2026-06-30T08:45:50.423+0000] {logging_mixin.py:188} INFO - [2026-06-30T08:45:50.423+0000] {dagbag.py:545} INFO - Filling up the DagBag from /home/airflow/.local/lib/python3.12/site-packages/airflow/example_dags/example_task_group_decorator.py
[2026-06-30T08:45:50.438+0000] {processor.py:840} INFO - DAG(s) 'example_task_group_decorator' retrieved from /home/airflow/.local/lib/python3.12/site-packages/airflow/example_dags/example_task_group_decorator.py
[2026-06-30T08:45:50.463+0000] {logging_mixin.py:188} INFO - [2026-06-30T08:45:50.462+0000] {dag.py:3096} INFO - Sync 1 DAGs
[2026-06-30T08:45:50.484+0000] {logging_mixin.py:188} INFO - [2026-06-30T08:45:50.483+0000] {dag.py:3954} INFO - Setting next_dagrun for example_task_group_decorator to 2026-06-29 00:00:00+00:00, run_after=2026-06-30 00:00:00+00:00
[2026-06-30T08:45:50.502+0000] {processor.py:183} INFO - Processing /home/airflow/.local/lib/python3.12/site-packages/airflow/example_dags/example_task_group_decorator.py took 0.086 seconds
[2026-06-30T08:46:21.013+0000] {processor.py:161} INFO - Started process (PID=24913) to work on /home/airflow/.local/lib/python3.12/site-packages/airflow/example_dags/example_task_group_decorator.py
[2026-06-30T08:46:21.014+0000] {processor.py:830} INFO - Processing file /home/airflow/.local/lib/python3.12/site-packages/airflow/example_dags/example_task_group_decorator.py for tasks to queue
[2026-06-30T08:46:21.015+0000] {logging_mixin.py:188} INFO - [2026-06-30T08:46:21.015+0000] {dagbag.py:545} INFO - Filling up the DagBag from /home/airflow/.local/lib/python3.12/site-packages/airflow/example_dags/example_task_group_decorator.py
[2026-06-30T08:46:21.026+0000] {processor.py:840} INFO - DAG(s) 'example_task_group_decorator' retrieved from /home/airflow/.local/lib/python3.12/site-packages/airflow/example_dags/example_task_group_decorator.py
[2026-06-30T08:46:21.045+0000] {logging_mixin.py:188} INFO - [2026-06-30T08:46:21.045+0000] {dag.py:3096} INFO - Sync 1 DAGs
[2026-06-30T08:46:21.063+0000] {logging_mixin.py:188} INFO - [2026-06-30T08:46:21.063+0000] {dag.py:3954} INFO - Setting next_dagrun for example_task_group_decorator to 2026-06-29 00:00:00+00:00, run_after=2026-06-30 00:00:00+00:00
[2026-06-30T08:46:21.079+0000] {processor.py:183} INFO - Processing /home/airflow/.local/lib/python3.12/site-packages/airflow/example_dags/example_task_group_decorator.py took 0.070 seconds
[2026-06-30T08:46:51.609+0000] {processor.py:161} INFO - Started process (PID=24971) to work on /home/airflow/.local/lib/python3.12/site-packages/airflow/example_dags/example_task_group_decorator.py
[2026-06-30T08:46:51.610+0000] {processor.py:830} INFO - Processing file /home/airflow/.local/lib/python3.12/site-packages/airflow/example_dags/example_task_group_decorator.py for tasks to queue
[2026-06-30T08:46:51.611+0000] {logging_mixin.py:188} INFO - [2026-06-30T08:46:51.611+0000] {dagbag.py:545} INFO - Filling up the DagBag from /home/airflow/.local/lib/python3.12/site-packages/airflow/example_dags/example_task_group_decorator.py
[2026-06-30T08:46:51.621+0000] {processor.py:840} INFO - DAG(s) 'example_task_group_decorator' retrieved from /home/airflow/.local/lib/python3.12/site-packages/airflow/example_dags/example_task_group_decorator.py
[2026-06-30T08:46:51.638+0000] {logging_mixin.py:188} INFO - [2026-06-30T08:46:51.638+0000] {dag.py:3096} INFO - Sync 1 DAGs
[2026-06-30T08:46:51.652+0000] {logging_mixin.py:188} INFO - [2026-06-30T08:46:51.652+0000] {dag.py:3954} INFO - Setting next_dagrun for example_task_group_decorator to 2026-06-29 00:00:00+00:00, run_after=2026-06-30 00:00:00+00:00
[2026-06-30T08:46:51.665+0000] {processor.py:183} INFO - Processing /home/airflow/.local/lib/python3.12/site-packages/airflow/example_dags/example_task_group_decorator.py took 0.060 seconds
[2026-06-30T08:47:22.137+0000] {processor.py:161} INFO - Started process (PID=25029) to work on /home/airflow/.local/lib/python3.12/site-packages/airflow/example_dags/example_task_group_decorator.py
[2026-06-30T08:47:22.138+0000] {processor.py:830} INFO - Processing file /home/airflow/.local/lib/python3.12/site-packages/airflow/example_dags/example_task_group_decorator.py for tasks to queue
[2026-06-30T08:47:22.139+0000] {logging_mixin.py:188} INFO - [2026-06-30T08:47:22.139+0000] {dagbag.py:545} INFO - Filling up the DagBag from /home/airflow/.local/lib/python3.12/site-packages/airflow/example_dags/example_task_group_decorator.py
[2026-06-30T08:47:22.151+0000] {processor.py:840} INFO - DAG(s) 'example_task_group_decorator' retrieved from /home/airflow/.local/lib/python3.12/site-packages/airflow/example_dags/example_task_group_decorator.py
[2026-06-30T08:47:22.170+0000] {logging_mixin.py:188} INFO - [2026-06-30T08:47:22.170+0000] {dag.py:3096} INFO - Sync 1 DAGs
[2026-06-30T08:47:22.186+0000] {logging_mixin.py:188} INFO - [2026-06-30T08:47:22.185+0000] {dag.py:3954} INFO - Setting next_dagrun for example_task_group_decorator to 2026-06-29 00:00:00+00:00, run_after=2026-06-30 00:00:00+00:00
[2026-06-30T08:47:22.200+0000] {processor.py:183} INFO - Processing /home/airflow/.local/lib/python3.12/site-packages/airflow/example_dags/example_task_group_decorator.py took 0.068 seconds
[2026-06-30T08:47:52.670+0000] {processor.py:161} INFO - Started process (PID=25087) to work on /home/airflow/.local/lib/python3.12/site-packages/airflow/example_dags/example_task_group_decorator.py
[2026-06-30T08:47:52.671+0000] {processor.py:830} INFO - Processing file /home/airflow/.local/lib/python3.12/site-packages/airflow/example_dags/example_task_group_decorator.py for tasks to queue
[2026-06-30T08:47:52.672+0000] {logging_mixin.py:188} INFO - [2026-06-30T08:47:52.671+0000] {dagbag.py:545} INFO - Filling up the DagBag from /home/airflow/.local/lib/python3.12/site-packages/airflow/example_dags/example_task_group_decorator.py
[2026-06-30T08:47:52.683+0000] {processor.py:840} INFO - DAG(s) 'example_task_group_decorator' retrieved from /home/airflow/.local/lib/python3.12/site-packages/airflow/example_dags/example_task_group_decorator.py
[2026-06-30T08:47:52.703+0000] {logging_mixin.py:188} INFO - [2026-06-30T08:47:52.703+0000] {dag.py:3096} INFO - Sync 1 DAGs
[2026-06-30T08:47:52.718+0000] {logging_mixin.py:188} INFO - [2026-06-30T08:47:52.718+0000] {dag.py:3954} INFO - Setting next_dagrun for example_task_group_decorator to 2026-06-29 00:00:00+00:00, run_after=2026-06-30 00:00:00+00:00
[2026-06-30T08:47:52.731+0000] {processor.py:183} INFO - Processing /home/airflow/.local/lib/python3.12/site-packages/airflow/example_dags/example_task_group_decorator.py took 0.066 seconds
[2026-06-30T08:48:23.235+0000] {processor.py:161} INFO - Started process (PID=25145) to work on /home/airflow/.local/lib/python3.12/site-packages/airflow/example_dags/example_task_group_decorator.py
[2026-06-30T08:48:23.236+0000] {processor.py:830} INFO - Processing file /home/airflow/.local/lib/python3.12/site-packages/airflow/example_dags/example_task_group_decorator.py for tasks to queue
[2026-06-30T08:48:23.237+0000] {logging_mixin.py:188} INFO - [2026-06-30T08:48:23.236+0000] {dagbag.py:545} INFO - Filling up the DagBag from /home/airflow/.local/lib/python3.12/site-packages/airflow/example_dags/example_task_group_decorator.py
[2026-06-30T08:48:23.247+0000] {processor.py:840} INFO - DAG(s) 'example_task_group_decorator' retrieved from /home/airflow/.local/lib/python3.12/site-packages/airflow/example_dags/example_task_group_decorator.py
[2026-06-30T08:48:23.266+0000] {logging_mixin.py:188} INFO - [2026-06-30T08:48:23.266+0000] {dag.py:3096} INFO - Sync 1 DAGs
[2026-06-30T08:48:23.283+0000] {logging_mixin.py:188} INFO - [2026-06-30T08:48:23.283+0000] {dag.py:3954} INFO - Setting next_dagrun for example_task_group_decorator to 2026-06-29 00:00:00+00:00, run_after=2026-06-30 00:00:00+00:00
[2026-06-30T08:48:23.298+0000] {processor.py:183} INFO - Processing /home/airflow/.local/lib/python3.12/site-packages/airflow/example_dags/example_task_group_decorator.py took 0.068 seconds
[2026-06-30T08:48:53.782+0000] {processor.py:161} INFO - Started process (PID=25203) to work on /home/airflow/.local/lib/python3.12/site-packages/airflow/example_dags/example_task_group_decorator.py
[2026-06-30T08:48:53.783+0000] {processor.py:830} INFO - Processing file /home/airflow/.local/lib/python3.12/site-packages/airflow/example_dags/example_task_group_decorator.py for tasks to queue
[2026-06-30T08:48:53.784+0000] {logging_mixin.py:188} INFO - [2026-06-30T08:48:53.784+0000] {dagbag.py:545} INFO - Filling up the DagBag from /home/airflow/.local/lib/python3.12/site-packages/airflow/example_dags/example_task_group_decorator.py
[2026-06-30T08:48:53.797+0000] {processor.py:840} INFO - DAG(s) 'example_task_group_decorator' retrieved from /home/airflow/.local/lib/python3.12/site-packages/airflow/example_dags/example_task_group_decorator.py
[2026-06-30T08:48:53.820+0000] {logging_mixin.py:188} INFO - [2026-06-30T08:48:53.820+0000] {dag.py:3096} INFO - Sync 1 DAGs
[2026-06-30T08:48:53.842+0000] {logging_mixin.py:188} INFO - [2026-06-30T08:48:53.841+0000] {dag.py:3954} INFO - Setting next_dagrun for example_task_group_decorator to 2026-06-29 00:00:00+00:00, run_after=2026-06-30 00:00:00+00:00
[2026-06-30T08:48:53.860+0000] {processor.py:183} INFO - Processing /home/airflow/.local/lib/python3.12/site-packages/airflow/example_dags/example_task_group_decorator.py took 0.083 seconds
[2026-06-30T08:49:24.254+0000] {processor.py:161} INFO - Started process (PID=25261) to work on /home/airflow/.local/lib/python3.12/site-packages/airflow/example_dags/example_task_group_decorator.py
[2026-06-30T08:49:24.255+0000] {processor.py:830} INFO - Processing file /home/airflow/.local/lib/python3.12/site-packages/airflow/example_dags/example_task_group_decorator.py for tasks to queue
[2026-06-30T08:49:24.256+0000] {logging_mixin.py:188} INFO - [2026-06-30T08:49:24.256+0000] {dagbag.py:545} INFO - Filling up the DagBag from /home/airflow/.local/lib/python3.12/site-packages/airflow/example_dags/example_task_group_decorator.py
[2026-06-30T08:49:24.268+0000] {processor.py:840} INFO - DAG(s) 'example_task_group_decorator' retrieved from /home/airflow/.local/lib/python3.12/site-packages/airflow/example_dags/example_task_group_decorator.py
[2026-06-30T08:49:24.288+0000] {logging_mixin.py:188} INFO - [2026-06-30T08:49:24.288+0000] {dag.py:3096} INFO - Sync 1 DAGs
[2026-06-30T08:49:24.305+0000] {logging_mixin.py:188} INFO - [2026-06-30T08:49:24.305+0000] {dag.py:3954} INFO - Setting next_dagrun for example_task_group_decorator to 2026-06-29 00:00:00+00:00, run_after=2026-06-30 00:00:00+00:00
[2026-06-30T08:49:24.320+0000] {processor.py:183} INFO - Processing /home/airflow/.local/lib/python3.12/site-packages/airflow/example_dags/example_task_group_decorator.py took 0.073 seconds
[2026-06-30T08:49:54.966+0000] {processor.py:161} INFO - Started process (PID=25318) to work on /home/airflow/.local/lib/python3.12/site-packages/airflow/example_dags/example_task_group_decorator.py
[2026-06-30T08:49:54.966+0000] {processor.py:830} INFO - Processing file /home/airflow/.local/lib/python3.12/site-packages/airflow/example_dags/example_task_group_decorator.py for tasks to queue
[2026-06-30T08:49:54.967+0000] {logging_mixin.py:188} INFO - [2026-06-30T08:49:54.967+0000] {dagbag.py:545} INFO - Filling up the DagBag from /home/airflow/.local/lib/python3.12/site-packages/airflow/example_dags/example_task_group_decorator.py
[2026-06-30T08:49:54.978+0000] {processor.py:840} INFO - DAG(s) 'example_task_group_decorator' retrieved from /home/airflow/.local/lib/python3.12/site-packages/airflow/example_dags/example_task_group_decorator.py
[2026-06-30T08:49:54.996+0000] {logging_mixin.py:188} INFO - [2026-06-30T08:49:54.995+0000] {dag.py:3096} INFO - Sync 1 DAGs
[2026-06-30T08:49:55.013+0000] {logging_mixin.py:188} INFO - [2026-06-30T08:49:55.013+0000] {dag.py:3954} INFO - Setting next_dagrun for example_task_group_decorator to 2026-06-29 00:00:00+00:00, run_after=2026-06-30 00:00:00+00:00
[2026-06-30T08:49:55.026+0000] {processor.py:183} INFO - Processing /home/airflow/.local/lib/python3.12/site-packages/airflow/example_dags/example_task_group_decorator.py took 0.065 seconds
[2026-06-30T08:50:25.399+0000] {processor.py:161} INFO - Started process (PID=25376) to work on /home/airflow/.local/lib/python3.12/site-packages/airflow/example_dags/example_task_group_decorator.py
[2026-06-30T08:50:25.400+0000] {processor.py:830} INFO - Processing file /home/airflow/.local/lib/python3.12/site-packages/airflow/example_dags/example_task_group_decorator.py for tasks to queue
[2026-06-30T08:50:25.401+0000] {logging_mixin.py:188} INFO - [2026-06-30T08:50:25.401+0000] {dagbag.py:545} INFO - Filling up the DagBag from /home/airflow/.local/lib/python3.12/site-packages/airflow/example_dags/example_task_group_decorator.py
[2026-06-30T08:50:25.411+0000] {processor.py:840} INFO - DAG(s) 'example_task_group_decorator' retrieved from /home/airflow/.local/lib/python3.12/site-packages/airflow/example_dags/example_task_group_decorator.py
[2026-06-30T08:50:25.429+0000] {logging_mixin.py:188} INFO - [2026-06-30T08:50:25.429+0000] {dag.py:3096} INFO - Sync 1 DAGs
[2026-06-30T08:50:25.448+0000] {logging_mixin.py:188} INFO - [2026-06-30T08:50:25.447+0000] {dag.py:3954} INFO - Setting next_dagrun for example_task_group_decorator to 2026-06-29 00:00:00+00:00, run_after=2026-06-30 00:00:00+00:00
[2026-06-30T08:50:25.461+0000] {processor.py:183} INFO - Processing /home/airflow/.local/lib/python3.12/site-packages/airflow/example_dags/example_task_group_decorator.py took 0.066 seconds
[2026-06-30T08:50:55.802+0000] {processor.py:161} INFO - Started process (PID=25434) to work on /home/airflow/.local/lib/python3.12/site-packages/airflow/example_dags/example_task_group_decorator.py
[2026-06-30T08:50:55.803+0000] {processor.py:830} INFO - Processing file /home/airflow/.local/lib/python3.12/site-packages/airflow/example_dags/example_task_group_decorator.py for tasks to queue
[2026-06-30T08:50:55.804+0000] {logging_mixin.py:188} INFO - [2026-06-30T08:50:55.804+0000] {dagbag.py:545} INFO - Filling up the DagBag from /home/airflow/.local/lib/python3.12/site-packages/airflow/example_dags/example_task_group_decorator.py
[2026-06-30T08:50:55.815+0000] {processor.py:840} INFO - DAG(s) 'example_task_group_decorator' retrieved from /home/airflow/.local/lib/python3.12/site-packages/airflow/example_dags/example_task_group_decorator.py
[2026-06-30T08:50:55.831+0000] {logging_mixin.py:188} INFO - [2026-06-30T08:50:55.831+0000] {dag.py:3096} INFO - Sync 1 DAGs
[2026-06-30T08:50:55.846+0000] {logging_mixin.py:188} INFO - [2026-06-30T08:50:55.846+0000] {dag.py:3954} INFO - Setting next_dagrun for example_task_group_decorator to 2026-06-29 00:00:00+00:00, run_after=2026-06-30 00:00:00+00:00
[2026-06-30T08:50:55.862+0000] {processor.py:183} INFO - Processing /home/airflow/.local/lib/python3.12/site-packages/airflow/example_dags/example_task_group_decorator.py took 0.064 seconds
[2026-06-30T08:51:26.586+0000] {processor.py:161} INFO - Started process (PID=25492) to work on /home/airflow/.local/lib/python3.12/site-packages/airflow/example_dags/example_task_group_decorator.py
[2026-06-30T08:51:26.587+0000] {processor.py:830} INFO - Processing file /home/airflow/.local/lib/python3.12/site-packages/airflow/example_dags/example_task_group_decorator.py for tasks to queue
[2026-06-30T08:51:26.588+0000] {logging_mixin.py:188} INFO - [2026-06-30T08:51:26.587+0000] {dagbag.py:545} INFO - Filling up the DagBag from /home/airflow/.local/lib/python3.12/site-packages/airflow/example_dags/example_task_group_decorator.py
[2026-06-30T08:51:26.599+0000] {processor.py:840} INFO - DAG(s) 'example_task_group_decorator' retrieved from /home/airflow/.local/lib/python3.12/site-packages/airflow/example_dags/example_task_group_decorator.py
[2026-06-30T08:51:26.620+0000] {logging_mixin.py:188} INFO - [2026-06-30T08:51:26.619+0000] {dag.py:3096} INFO - Sync 1 DAGs
[2026-06-30T08:51:26.636+0000] {logging_mixin.py:188} INFO - [2026-06-30T08:51:26.636+0000] {dag.py:3954} INFO - Setting next_dagrun for example_task_group_decorator to 2026-06-29 00:00:00+00:00, run_after=2026-06-30 00:00:00+00:00
[2026-06-30T08:51:26.650+0000] {processor.py:183} INFO - Processing /home/airflow/.local/lib/python3.12/site-packages/airflow/example_dags/example_task_group_decorator.py took 0.070 seconds
[2026-06-30T08:51:57.467+0000] {processor.py:161} INFO - Started process (PID=25549) to work on /home/airflow/.local/lib/python3.12/site-packages/airflow/example_dags/example_task_group_decorator.py
[2026-06-30T08:51:57.468+0000] {processor.py:830} INFO - Processing file /home/airflow/.local/lib/python3.12/site-packages/airflow/example_dags/example_task_group_decorator.py for tasks to queue
[2026-06-30T08:51:57.469+0000] {logging_mixin.py:188} INFO - [2026-06-30T08:51:57.469+0000] {dagbag.py:545} INFO - Filling up the DagBag from /home/airflow/.local/lib/python3.12/site-packages/airflow/example_dags/example_task_group_decorator.py
[2026-06-30T08:51:57.480+0000] {processor.py:840} INFO - DAG(s) 'example_task_group_decorator' retrieved from /home/airflow/.local/lib/python3.12/site-packages/airflow/example_dags/example_task_group_decorator.py
[2026-06-30T08:51:57.499+0000] {logging_mixin.py:188} INFO - [2026-06-30T08:51:57.499+0000] {dag.py:3096} INFO - Sync 1 DAGs
[2026-06-30T08:51:57.515+0000] {logging_mixin.py:188} INFO - [2026-06-30T08:51:57.514+0000] {dag.py:3954} INFO - Setting next_dagrun for example_task_group_decorator to 2026-06-29 00:00:00+00:00, run_after=2026-06-30 00:00:00+00:00
[2026-06-30T08:51:57.527+0000] {processor.py:183} INFO - Processing /home/airflow/.local/lib/python3.12/site-packages/airflow/example_dags/example_task_group_decorator.py took 0.065 seconds
[2026-06-30T08:52:28.531+0000] {processor.py:161} INFO - Started process (PID=25607) to work on /home/airflow/.local/lib/python3.12/site-packages/airflow/example_dags/example_task_group_decorator.py
[2026-06-30T08:52:28.532+0000] {processor.py:830} INFO - Processing file /home/airflow/.local/lib/python3.12/site-packages/airflow/example_dags/example_task_group_decorator.py for tasks to queue
[2026-06-30T08:52:28.533+0000] {logging_mixin.py:188} INFO - [2026-06-30T08:52:28.533+0000] {dagbag.py:545} INFO - Filling up the DagBag from /home/airflow/.local/lib/python3.12/site-packages/airflow/example_dags/example_task_group_decorator.py
[2026-06-30T08:52:28.546+0000] {processor.py:840} INFO - DAG(s) 'example_task_group_decorator' retrieved from /home/airflow/.local/lib/python3.12/site-packages/airflow/example_dags/example_task_group_decorator.py
[2026-06-30T08:52:28.567+0000] {logging_mixin.py:188} INFO - [2026-06-30T08:52:28.567+0000] {dag.py:3096} INFO - Sync 1 DAGs
[2026-06-30T08:52:28.585+0000] {logging_mixin.py:188} INFO - [2026-06-30T08:52:28.585+0000] {dag.py:3954} INFO - Setting next_dagrun for example_task_group_decorator to 2026-06-29 00:00:00+00:00, run_after=2026-06-30 00:00:00+00:00
[2026-06-30T08:52:28.704+0000] {processor.py:183} INFO - Processing /home/airflow/.local/lib/python3.12/site-packages/airflow/example_dags/example_task_group_decorator.py took 0.178 seconds
[2026-06-30T08:52:58.760+0000] {processor.py:161} INFO - Started process (PID=25665) to work on /home/airflow/.local/lib/python3.12/site-packages/airflow/example_dags/example_task_group_decorator.py
[2026-06-30T08:52:58.761+0000] {processor.py:830} INFO - Processing file /home/airflow/.local/lib/python3.12/site-packages/airflow/example_dags/example_task_group_decorator.py for tasks to queue
[2026-06-30T08:52:58.762+0000] {logging_mixin.py:188} INFO - [2026-06-30T08:52:58.761+0000] {dagbag.py:545} INFO - Filling up the DagBag from /home/airflow/.local/lib/python3.12/site-packages/airflow/example_dags/example_task_group_decorator.py
[2026-06-30T08:52:58.773+0000] {processor.py:840} INFO - DAG(s) 'example_task_group_decorator' retrieved from /home/airflow/.local/lib/python3.12/site-packages/airflow/example_dags/example_task_group_decorator.py
[2026-06-30T08:52:58.794+0000] {logging_mixin.py:188} INFO - [2026-06-30T08:52:58.793+0000] {dag.py:3096} INFO - Sync 1 DAGs
[2026-06-30T08:52:58.812+0000] {logging_mixin.py:188} INFO - [2026-06-30T08:52:58.811+0000] {dag.py:3954} INFO - Setting next_dagrun for example_task_group_decorator to 2026-06-29 00:00:00+00:00, run_after=2026-06-30 00:00:00+00:00
[2026-06-30T08:52:58.830+0000] {processor.py:183} INFO - Processing /home/airflow/.local/lib/python3.12/site-packages/airflow/example_dags/example_task_group_decorator.py took 0.074 seconds
