[2026-06-30T08:18:53.322+0000] {processor.py:161} INFO - Started process (PID=21783) to work on /home/airflow/.local/lib/python3.12/site-packages/airflow/example_dags/tutorial.py
[2026-06-30T08:18:53.324+0000] {processor.py:830} INFO - Processing file /home/airflow/.local/lib/python3.12/site-packages/airflow/example_dags/tutorial.py for tasks to queue
[2026-06-30T08:18:53.325+0000] {logging_mixin.py:188} INFO - [2026-06-30T08:18:53.325+0000] {dagbag.py:545} INFO - Filling up the DagBag from /home/airflow/.local/lib/python3.12/site-packages/airflow/example_dags/tutorial.py
[2026-06-30T08:18:53.334+0000] {processor.py:840} INFO - DAG(s) 'tutorial' retrieved from /home/airflow/.local/lib/python3.12/site-packages/airflow/example_dags/tutorial.py
[2026-06-30T08:18:53.355+0000] {logging_mixin.py:188} INFO - [2026-06-30T08:18:53.354+0000] {dag.py:3096} INFO - Sync 1 DAGs
[2026-06-30T08:18:53.372+0000] {logging_mixin.py:188} INFO - [2026-06-30T08:18:53.372+0000] {dag.py:3954} INFO - Setting next_dagrun for tutorial to 2026-06-29 00:00:00+00:00, run_after=2026-06-30 00:00:00+00:00
[2026-06-30T08:18:53.388+0000] {processor.py:183} INFO - Processing /home/airflow/.local/lib/python3.12/site-packages/airflow/example_dags/tutorial.py took 0.074 seconds
[2026-06-30T08:19:23.633+0000] {processor.py:161} INFO - Started process (PID=21841) to work on /home/airflow/.local/lib/python3.12/site-packages/airflow/example_dags/tutorial.py
[2026-06-30T08:19:23.634+0000] {processor.py:830} INFO - Processing file /home/airflow/.local/lib/python3.12/site-packages/airflow/example_dags/tutorial.py for tasks to queue
[2026-06-30T08:19:23.636+0000] {logging_mixin.py:188} INFO - [2026-06-30T08:19:23.635+0000] {dagbag.py:545} INFO - Filling up the DagBag from /home/airflow/.local/lib/python3.12/site-packages/airflow/example_dags/tutorial.py
[2026-06-30T08:19:23.644+0000] {processor.py:840} INFO - DAG(s) 'tutorial' retrieved from /home/airflow/.local/lib/python3.12/site-packages/airflow/example_dags/tutorial.py
[2026-06-30T08:19:23.659+0000] {logging_mixin.py:188} INFO - [2026-06-30T08:19:23.659+0000] {dag.py:3096} INFO - Sync 1 DAGs
[2026-06-30T08:19:23.674+0000] {logging_mixin.py:188} INFO - [2026-06-30T08:19:23.674+0000] {dag.py:3954} INFO - Setting next_dagrun for tutorial to 2026-06-29 00:00:00+00:00, run_after=2026-06-30 00:00:00+00:00
[2026-06-30T08:19:23.687+0000] {processor.py:183} INFO - Processing /home/airflow/.local/lib/python3.12/site-packages/airflow/example_dags/tutorial.py took 0.059 seconds
[2026-06-30T08:19:53.820+0000] {processor.py:161} INFO - Started process (PID=21897) to work on /home/airflow/.local/lib/python3.12/site-packages/airflow/example_dags/tutorial.py
[2026-06-30T08:19:53.820+0000] {processor.py:830} INFO - Processing file /home/airflow/.local/lib/python3.12/site-packages/airflow/example_dags/tutorial.py for tasks to queue
[2026-06-30T08:19:53.821+0000] {logging_mixin.py:188} INFO - [2026-06-30T08:19:53.821+0000] {dagbag.py:545} INFO - Filling up the DagBag from /home/airflow/.local/lib/python3.12/site-packages/airflow/example_dags/tutorial.py
[2026-06-30T08:19:53.826+0000] {processor.py:840} INFO - DAG(s) 'tutorial' retrieved from /home/airflow/.local/lib/python3.12/site-packages/airflow/example_dags/tutorial.py
[2026-06-30T08:19:53.840+0000] {logging_mixin.py:188} INFO - [2026-06-30T08:19:53.840+0000] {dag.py:3096} INFO - Sync 1 DAGs
[2026-06-30T08:19:53.855+0000] {logging_mixin.py:188} INFO - [2026-06-30T08:19:53.855+0000] {dag.py:3954} INFO - Setting next_dagrun for tutorial to 2026-06-29 00:00:00+00:00, run_after=2026-06-30 00:00:00+00:00
[2026-06-30T08:19:53.867+0000] {processor.py:183} INFO - Processing /home/airflow/.local/lib/python3.12/site-packages/airflow/example_dags/tutorial.py took 0.051 seconds
[2026-06-30T08:20:24.063+0000] {processor.py:161} INFO - Started process (PID=21955) to work on /home/airflow/.local/lib/python3.12/site-packages/airflow/example_dags/tutorial.py
[2026-06-30T08:20:24.064+0000] {processor.py:830} INFO - Processing file /home/airflow/.local/lib/python3.12/site-packages/airflow/example_dags/tutorial.py for tasks to queue
[2026-06-30T08:20:24.065+0000] {logging_mixin.py:188} INFO - [2026-06-30T08:20:24.064+0000] {dagbag.py:545} INFO - Filling up the DagBag from /home/airflow/.local/lib/python3.12/site-packages/airflow/example_dags/tutorial.py
[2026-06-30T08:20:24.069+0000] {processor.py:840} INFO - DAG(s) 'tutorial' retrieved from /home/airflow/.local/lib/python3.12/site-packages/airflow/example_dags/tutorial.py
[2026-06-30T08:20:24.082+0000] {logging_mixin.py:188} INFO - [2026-06-30T08:20:24.082+0000] {dag.py:3096} INFO - Sync 1 DAGs
[2026-06-30T08:20:24.096+0000] {logging_mixin.py:188} INFO - [2026-06-30T08:20:24.096+0000] {dag.py:3954} INFO - Setting next_dagrun for tutorial to 2026-06-29 00:00:00+00:00, run_after=2026-06-30 00:00:00+00:00
[2026-06-30T08:20:24.106+0000] {processor.py:183} INFO - Processing /home/airflow/.local/lib/python3.12/site-packages/airflow/example_dags/tutorial.py took 0.048 seconds
[2026-06-30T08:20:54.616+0000] {processor.py:161} INFO - Started process (PID=22013) to work on /home/airflow/.local/lib/python3.12/site-packages/airflow/example_dags/tutorial.py
[2026-06-30T08:20:54.617+0000] {processor.py:830} INFO - Processing file /home/airflow/.local/lib/python3.12/site-packages/airflow/example_dags/tutorial.py for tasks to queue
[2026-06-30T08:20:54.617+0000] {logging_mixin.py:188} INFO - [2026-06-30T08:20:54.617+0000] {dagbag.py:545} INFO - Filling up the DagBag from /home/airflow/.local/lib/python3.12/site-packages/airflow/example_dags/tutorial.py
[2026-06-30T08:20:54.622+0000] {processor.py:840} INFO - DAG(s) 'tutorial' retrieved from /home/airflow/.local/lib/python3.12/site-packages/airflow/example_dags/tutorial.py
[2026-06-30T08:20:54.636+0000] {logging_mixin.py:188} INFO - [2026-06-30T08:20:54.635+0000] {dag.py:3096} INFO - Sync 1 DAGs
[2026-06-30T08:20:54.650+0000] {logging_mixin.py:188} INFO - [2026-06-30T08:20:54.649+0000] {dag.py:3954} INFO - Setting next_dagrun for tutorial to 2026-06-29 00:00:00+00:00, run_after=2026-06-30 00:00:00+00:00
[2026-06-30T08:20:54.661+0000] {processor.py:183} INFO - Processing /home/airflow/.local/lib/python3.12/site-packages/airflow/example_dags/tutorial.py took 0.049 seconds
[2026-06-30T08:21:24.815+0000] {processor.py:161} INFO - Started process (PID=22071) to work on /home/airflow/.local/lib/python3.12/site-packages/airflow/example_dags/tutorial.py
[2026-06-30T08:21:24.815+0000] {processor.py:830} INFO - Processing file /home/airflow/.local/lib/python3.12/site-packages/airflow/example_dags/tutorial.py for tasks to queue
[2026-06-30T08:21:24.816+0000] {logging_mixin.py:188} INFO - [2026-06-30T08:21:24.816+0000] {dagbag.py:545} INFO - Filling up the DagBag from /home/airflow/.local/lib/python3.12/site-packages/airflow/example_dags/tutorial.py
[2026-06-30T08:21:24.821+0000] {processor.py:840} INFO - DAG(s) 'tutorial' retrieved from /home/airflow/.local/lib/python3.12/site-packages/airflow/example_dags/tutorial.py
[2026-06-30T08:21:24.836+0000] {logging_mixin.py:188} INFO - [2026-06-30T08:21:24.835+0000] {dag.py:3096} INFO - Sync 1 DAGs
[2026-06-30T08:21:24.851+0000] {logging_mixin.py:188} INFO - [2026-06-30T08:21:24.850+0000] {dag.py:3954} INFO - Setting next_dagrun for tutorial to 2026-06-29 00:00:00+00:00, run_after=2026-06-30 00:00:00+00:00
[2026-06-30T08:21:24.863+0000] {processor.py:183} INFO - Processing /home/airflow/.local/lib/python3.12/site-packages/airflow/example_dags/tutorial.py took 0.052 seconds
[2026-06-30T08:21:55.033+0000] {processor.py:161} INFO - Started process (PID=22127) to work on /home/airflow/.local/lib/python3.12/site-packages/airflow/example_dags/tutorial.py
[2026-06-30T08:21:55.034+0000] {processor.py:830} INFO - Processing file /home/airflow/.local/lib/python3.12/site-packages/airflow/example_dags/tutorial.py for tasks to queue
[2026-06-30T08:21:55.035+0000] {logging_mixin.py:188} INFO - [2026-06-30T08:21:55.035+0000] {dagbag.py:545} INFO - Filling up the DagBag from /home/airflow/.local/lib/python3.12/site-packages/airflow/example_dags/tutorial.py
[2026-06-30T08:21:55.040+0000] {processor.py:840} INFO - DAG(s) 'tutorial' retrieved from /home/airflow/.local/lib/python3.12/site-packages/airflow/example_dags/tutorial.py
[2026-06-30T08:21:55.055+0000] {logging_mixin.py:188} INFO - [2026-06-30T08:21:55.054+0000] {dag.py:3096} INFO - Sync 1 DAGs
[2026-06-30T08:21:55.070+0000] {logging_mixin.py:188} INFO - [2026-06-30T08:21:55.070+0000] {dag.py:3954} INFO - Setting next_dagrun for tutorial to 2026-06-29 00:00:00+00:00, run_after=2026-06-30 00:00:00+00:00
[2026-06-30T08:21:55.083+0000] {processor.py:183} INFO - Processing /home/airflow/.local/lib/python3.12/site-packages/airflow/example_dags/tutorial.py took 0.054 seconds
[2026-06-30T08:22:25.484+0000] {processor.py:161} INFO - Started process (PID=22185) to work on /home/airflow/.local/lib/python3.12/site-packages/airflow/example_dags/tutorial.py
[2026-06-30T08:22:25.485+0000] {processor.py:830} INFO - Processing file /home/airflow/.local/lib/python3.12/site-packages/airflow/example_dags/tutorial.py for tasks to queue
[2026-06-30T08:22:25.485+0000] {logging_mixin.py:188} INFO - [2026-06-30T08:22:25.485+0000] {dagbag.py:545} INFO - Filling up the DagBag from /home/airflow/.local/lib/python3.12/site-packages/airflow/example_dags/tutorial.py
[2026-06-30T08:22:25.491+0000] {processor.py:840} INFO - DAG(s) 'tutorial' retrieved from /home/airflow/.local/lib/python3.12/site-packages/airflow/example_dags/tutorial.py
[2026-06-30T08:22:25.505+0000] {logging_mixin.py:188} INFO - [2026-06-30T08:22:25.504+0000] {dag.py:3096} INFO - Sync 1 DAGs
[2026-06-30T08:22:25.519+0000] {logging_mixin.py:188} INFO - [2026-06-30T08:22:25.519+0000] {dag.py:3954} INFO - Setting next_dagrun for tutorial to 2026-06-29 00:00:00+00:00, run_after=2026-06-30 00:00:00+00:00
[2026-06-30T08:22:25.531+0000] {processor.py:183} INFO - Processing /home/airflow/.local/lib/python3.12/site-packages/airflow/example_dags/tutorial.py took 0.051 seconds
[2026-06-30T08:22:56.099+0000] {processor.py:161} INFO - Started process (PID=22243) to work on /home/airflow/.local/lib/python3.12/site-packages/airflow/example_dags/tutorial.py
[2026-06-30T08:22:56.101+0000] {processor.py:830} INFO - Processing file /home/airflow/.local/lib/python3.12/site-packages/airflow/example_dags/tutorial.py for tasks to queue
[2026-06-30T08:22:56.104+0000] {logging_mixin.py:188} INFO - [2026-06-30T08:22:56.104+0000] {dagbag.py:545} INFO - Filling up the DagBag from /home/airflow/.local/lib/python3.12/site-packages/airflow/example_dags/tutorial.py
[2026-06-30T08:22:56.109+0000] {processor.py:840} INFO - DAG(s) 'tutorial' retrieved from /home/airflow/.local/lib/python3.12/site-packages/airflow/example_dags/tutorial.py
[2026-06-30T08:22:56.122+0000] {logging_mixin.py:188} INFO - [2026-06-30T08:22:56.122+0000] {dag.py:3096} INFO - Sync 1 DAGs
[2026-06-30T08:22:56.136+0000] {logging_mixin.py:188} INFO - [2026-06-30T08:22:56.136+0000] {dag.py:3954} INFO - Setting next_dagrun for tutorial to 2026-06-29 00:00:00+00:00, run_after=2026-06-30 00:00:00+00:00
[2026-06-30T08:22:56.148+0000] {processor.py:183} INFO - Processing /home/airflow/.local/lib/python3.12/site-packages/airflow/example_dags/tutorial.py took 0.054 seconds
[2026-06-30T08:23:26.462+0000] {processor.py:161} INFO - Started process (PID=22301) to work on /home/airflow/.local/lib/python3.12/site-packages/airflow/example_dags/tutorial.py
[2026-06-30T08:23:26.463+0000] {processor.py:830} INFO - Processing file /home/airflow/.local/lib/python3.12/site-packages/airflow/example_dags/tutorial.py for tasks to queue
[2026-06-30T08:23:26.463+0000] {logging_mixin.py:188} INFO - [2026-06-30T08:23:26.463+0000] {dagbag.py:545} INFO - Filling up the DagBag from /home/airflow/.local/lib/python3.12/site-packages/airflow/example_dags/tutorial.py
[2026-06-30T08:23:26.468+0000] {processor.py:840} INFO - DAG(s) 'tutorial' retrieved from /home/airflow/.local/lib/python3.12/site-packages/airflow/example_dags/tutorial.py
[2026-06-30T08:23:26.481+0000] {logging_mixin.py:188} INFO - [2026-06-30T08:23:26.481+0000] {dag.py:3096} INFO - Sync 1 DAGs
[2026-06-30T08:23:26.495+0000] {logging_mixin.py:188} INFO - [2026-06-30T08:23:26.495+0000] {dag.py:3954} INFO - Setting next_dagrun for tutorial to 2026-06-29 00:00:00+00:00, run_after=2026-06-30 00:00:00+00:00
[2026-06-30T08:23:26.507+0000] {processor.py:183} INFO - Processing /home/airflow/.local/lib/python3.12/site-packages/airflow/example_dags/tutorial.py took 0.050 seconds
[2026-06-30T08:23:56.882+0000] {processor.py:161} INFO - Started process (PID=22359) to work on /home/airflow/.local/lib/python3.12/site-packages/airflow/example_dags/tutorial.py
[2026-06-30T08:23:56.883+0000] {processor.py:830} INFO - Processing file /home/airflow/.local/lib/python3.12/site-packages/airflow/example_dags/tutorial.py for tasks to queue
[2026-06-30T08:23:56.885+0000] {logging_mixin.py:188} INFO - [2026-06-30T08:23:56.885+0000] {dagbag.py:545} INFO - Filling up the DagBag from /home/airflow/.local/lib/python3.12/site-packages/airflow/example_dags/tutorial.py
[2026-06-30T08:23:56.891+0000] {processor.py:840} INFO - DAG(s) 'tutorial' retrieved from /home/airflow/.local/lib/python3.12/site-packages/airflow/example_dags/tutorial.py
[2026-06-30T08:23:56.913+0000] {logging_mixin.py:188} INFO - [2026-06-30T08:23:56.913+0000] {dag.py:3096} INFO - Sync 1 DAGs
[2026-06-30T08:23:56.935+0000] {logging_mixin.py:188} INFO - [2026-06-30T08:23:56.935+0000] {dag.py:3954} INFO - Setting next_dagrun for tutorial to 2026-06-29 00:00:00+00:00, run_after=2026-06-30 00:00:00+00:00
[2026-06-30T08:23:56.961+0000] {processor.py:183} INFO - Processing /home/airflow/.local/lib/python3.12/site-packages/airflow/example_dags/tutorial.py took 0.085 seconds
[2026-06-30T08:24:27.158+0000] {processor.py:161} INFO - Started process (PID=22412) to work on /home/airflow/.local/lib/python3.12/site-packages/airflow/example_dags/tutorial.py
[2026-06-30T08:24:27.159+0000] {processor.py:830} INFO - Processing file /home/airflow/.local/lib/python3.12/site-packages/airflow/example_dags/tutorial.py for tasks to queue
[2026-06-30T08:24:27.160+0000] {logging_mixin.py:188} INFO - [2026-06-30T08:24:27.160+0000] {dagbag.py:545} INFO - Filling up the DagBag from /home/airflow/.local/lib/python3.12/site-packages/airflow/example_dags/tutorial.py
[2026-06-30T08:24:27.165+0000] {processor.py:840} INFO - DAG(s) 'tutorial' retrieved from /home/airflow/.local/lib/python3.12/site-packages/airflow/example_dags/tutorial.py
[2026-06-30T08:24:27.180+0000] {logging_mixin.py:188} INFO - [2026-06-30T08:24:27.180+0000] {dag.py:3096} INFO - Sync 1 DAGs
[2026-06-30T08:24:27.196+0000] {logging_mixin.py:188} INFO - [2026-06-30T08:24:27.196+0000] {dag.py:3954} INFO - Setting next_dagrun for tutorial to 2026-06-29 00:00:00+00:00, run_after=2026-06-30 00:00:00+00:00
[2026-06-30T08:24:27.210+0000] {processor.py:183} INFO - Processing /home/airflow/.local/lib/python3.12/site-packages/airflow/example_dags/tutorial.py took 0.057 seconds
[2026-06-30T08:24:57.763+0000] {processor.py:161} INFO - Started process (PID=22467) to work on /home/airflow/.local/lib/python3.12/site-packages/airflow/example_dags/tutorial.py
[2026-06-30T08:24:57.764+0000] {processor.py:830} INFO - Processing file /home/airflow/.local/lib/python3.12/site-packages/airflow/example_dags/tutorial.py for tasks to queue
[2026-06-30T08:24:57.765+0000] {logging_mixin.py:188} INFO - [2026-06-30T08:24:57.765+0000] {dagbag.py:545} INFO - Filling up the DagBag from /home/airflow/.local/lib/python3.12/site-packages/airflow/example_dags/tutorial.py
[2026-06-30T08:24:57.770+0000] {processor.py:840} INFO - DAG(s) 'tutorial' retrieved from /home/airflow/.local/lib/python3.12/site-packages/airflow/example_dags/tutorial.py
[2026-06-30T08:24:57.784+0000] {logging_mixin.py:188} INFO - [2026-06-30T08:24:57.783+0000] {dag.py:3096} INFO - Sync 1 DAGs
[2026-06-30T08:24:57.798+0000] {logging_mixin.py:188} INFO - [2026-06-30T08:24:57.798+0000] {dag.py:3954} INFO - Setting next_dagrun for tutorial to 2026-06-29 00:00:00+00:00, run_after=2026-06-30 00:00:00+00:00
[2026-06-30T08:24:57.812+0000] {processor.py:183} INFO - Processing /home/airflow/.local/lib/python3.12/site-packages/airflow/example_dags/tutorial.py took 0.053 seconds
[2026-06-30T08:25:28.203+0000] {processor.py:161} INFO - Started process (PID=22525) to work on /home/airflow/.local/lib/python3.12/site-packages/airflow/example_dags/tutorial.py
[2026-06-30T08:25:28.204+0000] {processor.py:830} INFO - Processing file /home/airflow/.local/lib/python3.12/site-packages/airflow/example_dags/tutorial.py for tasks to queue
[2026-06-30T08:25:28.205+0000] {logging_mixin.py:188} INFO - [2026-06-30T08:25:28.205+0000] {dagbag.py:545} INFO - Filling up the DagBag from /home/airflow/.local/lib/python3.12/site-packages/airflow/example_dags/tutorial.py
[2026-06-30T08:25:28.209+0000] {processor.py:840} INFO - DAG(s) 'tutorial' retrieved from /home/airflow/.local/lib/python3.12/site-packages/airflow/example_dags/tutorial.py
[2026-06-30T08:25:28.224+0000] {logging_mixin.py:188} INFO - [2026-06-30T08:25:28.224+0000] {dag.py:3096} INFO - Sync 1 DAGs
[2026-06-30T08:25:28.237+0000] {logging_mixin.py:188} INFO - [2026-06-30T08:25:28.237+0000] {dag.py:3954} INFO - Setting next_dagrun for tutorial to 2026-06-29 00:00:00+00:00, run_after=2026-06-30 00:00:00+00:00
[2026-06-30T08:25:28.249+0000] {processor.py:183} INFO - Processing /home/airflow/.local/lib/python3.12/site-packages/airflow/example_dags/tutorial.py took 0.050 seconds
[2026-06-30T08:25:58.625+0000] {processor.py:161} INFO - Started process (PID=22583) to work on /home/airflow/.local/lib/python3.12/site-packages/airflow/example_dags/tutorial.py
[2026-06-30T08:25:58.626+0000] {processor.py:830} INFO - Processing file /home/airflow/.local/lib/python3.12/site-packages/airflow/example_dags/tutorial.py for tasks to queue
[2026-06-30T08:25:58.628+0000] {logging_mixin.py:188} INFO - [2026-06-30T08:25:58.627+0000] {dagbag.py:545} INFO - Filling up the DagBag from /home/airflow/.local/lib/python3.12/site-packages/airflow/example_dags/tutorial.py
[2026-06-30T08:25:58.635+0000] {processor.py:840} INFO - DAG(s) 'tutorial' retrieved from /home/airflow/.local/lib/python3.12/site-packages/airflow/example_dags/tutorial.py
[2026-06-30T08:25:58.654+0000] {logging_mixin.py:188} INFO - [2026-06-30T08:25:58.654+0000] {dag.py:3096} INFO - Sync 1 DAGs
[2026-06-30T08:25:58.673+0000] {logging_mixin.py:188} INFO - [2026-06-30T08:25:58.673+0000] {dag.py:3954} INFO - Setting next_dagrun for tutorial to 2026-06-29 00:00:00+00:00, run_after=2026-06-30 00:00:00+00:00
[2026-06-30T08:25:58.687+0000] {processor.py:183} INFO - Processing /home/airflow/.local/lib/python3.12/site-packages/airflow/example_dags/tutorial.py took 0.068 seconds
[2026-06-30T08:26:29.365+0000] {processor.py:161} INFO - Started process (PID=22641) to work on /home/airflow/.local/lib/python3.12/site-packages/airflow/example_dags/tutorial.py
[2026-06-30T08:26:29.366+0000] {processor.py:830} INFO - Processing file /home/airflow/.local/lib/python3.12/site-packages/airflow/example_dags/tutorial.py for tasks to queue
[2026-06-30T08:26:29.367+0000] {logging_mixin.py:188} INFO - [2026-06-30T08:26:29.367+0000] {dagbag.py:545} INFO - Filling up the DagBag from /home/airflow/.local/lib/python3.12/site-packages/airflow/example_dags/tutorial.py
[2026-06-30T08:26:29.372+0000] {processor.py:840} INFO - DAG(s) 'tutorial' retrieved from /home/airflow/.local/lib/python3.12/site-packages/airflow/example_dags/tutorial.py
[2026-06-30T08:26:29.392+0000] {logging_mixin.py:188} INFO - [2026-06-30T08:26:29.391+0000] {dag.py:3096} INFO - Sync 1 DAGs
[2026-06-30T08:26:29.416+0000] {logging_mixin.py:188} INFO - [2026-06-30T08:26:29.415+0000] {dag.py:3954} INFO - Setting next_dagrun for tutorial to 2026-06-29 00:00:00+00:00, run_after=2026-06-30 00:00:00+00:00
[2026-06-30T08:26:29.436+0000] {processor.py:183} INFO - Processing /home/airflow/.local/lib/python3.12/site-packages/airflow/example_dags/tutorial.py took 0.076 seconds
[2026-06-30T08:27:00.228+0000] {processor.py:161} INFO - Started process (PID=22699) to work on /home/airflow/.local/lib/python3.12/site-packages/airflow/example_dags/tutorial.py
[2026-06-30T08:27:00.228+0000] {processor.py:830} INFO - Processing file /home/airflow/.local/lib/python3.12/site-packages/airflow/example_dags/tutorial.py for tasks to queue
[2026-06-30T08:27:00.229+0000] {logging_mixin.py:188} INFO - [2026-06-30T08:27:00.229+0000] {dagbag.py:545} INFO - Filling up the DagBag from /home/airflow/.local/lib/python3.12/site-packages/airflow/example_dags/tutorial.py
[2026-06-30T08:27:00.234+0000] {processor.py:840} INFO - DAG(s) 'tutorial' retrieved from /home/airflow/.local/lib/python3.12/site-packages/airflow/example_dags/tutorial.py
[2026-06-30T08:27:00.249+0000] {logging_mixin.py:188} INFO - [2026-06-30T08:27:00.249+0000] {dag.py:3096} INFO - Sync 1 DAGs
[2026-06-30T08:27:00.264+0000] {logging_mixin.py:188} INFO - [2026-06-30T08:27:00.263+0000] {dag.py:3954} INFO - Setting next_dagrun for tutorial to 2026-06-29 00:00:00+00:00, run_after=2026-06-30 00:00:00+00:00
[2026-06-30T08:27:00.276+0000] {processor.py:183} INFO - Processing /home/airflow/.local/lib/python3.12/site-packages/airflow/example_dags/tutorial.py took 0.053 seconds
[2026-06-30T08:27:30.800+0000] {processor.py:161} INFO - Started process (PID=22757) to work on /home/airflow/.local/lib/python3.12/site-packages/airflow/example_dags/tutorial.py
[2026-06-30T08:27:30.801+0000] {processor.py:830} INFO - Processing file /home/airflow/.local/lib/python3.12/site-packages/airflow/example_dags/tutorial.py for tasks to queue
[2026-06-30T08:27:30.801+0000] {logging_mixin.py:188} INFO - [2026-06-30T08:27:30.801+0000] {dagbag.py:545} INFO - Filling up the DagBag from /home/airflow/.local/lib/python3.12/site-packages/airflow/example_dags/tutorial.py
[2026-06-30T08:27:30.806+0000] {processor.py:840} INFO - DAG(s) 'tutorial' retrieved from /home/airflow/.local/lib/python3.12/site-packages/airflow/example_dags/tutorial.py
[2026-06-30T08:27:30.820+0000] {logging_mixin.py:188} INFO - [2026-06-30T08:27:30.820+0000] {dag.py:3096} INFO - Sync 1 DAGs
[2026-06-30T08:27:30.834+0000] {logging_mixin.py:188} INFO - [2026-06-30T08:27:30.834+0000] {dag.py:3954} INFO - Setting next_dagrun for tutorial to 2026-06-29 00:00:00+00:00, run_after=2026-06-30 00:00:00+00:00
[2026-06-30T08:27:30.846+0000] {processor.py:183} INFO - Processing /home/airflow/.local/lib/python3.12/site-packages/airflow/example_dags/tutorial.py took 0.050 seconds
[2026-06-30T08:28:01.136+0000] {processor.py:161} INFO - Started process (PID=22815) to work on /home/airflow/.local/lib/python3.12/site-packages/airflow/example_dags/tutorial.py
[2026-06-30T08:28:01.137+0000] {processor.py:830} INFO - Processing file /home/airflow/.local/lib/python3.12/site-packages/airflow/example_dags/tutorial.py for tasks to queue
[2026-06-30T08:28:01.137+0000] {logging_mixin.py:188} INFO - [2026-06-30T08:28:01.137+0000] {dagbag.py:545} INFO - Filling up the DagBag from /home/airflow/.local/lib/python3.12/site-packages/airflow/example_dags/tutorial.py
[2026-06-30T08:28:01.142+0000] {processor.py:840} INFO - DAG(s) 'tutorial' retrieved from /home/airflow/.local/lib/python3.12/site-packages/airflow/example_dags/tutorial.py
[2026-06-30T08:28:01.161+0000] {logging_mixin.py:188} INFO - [2026-06-30T08:28:01.161+0000] {dag.py:3096} INFO - Sync 1 DAGs
[2026-06-30T08:28:01.177+0000] {logging_mixin.py:188} INFO - [2026-06-30T08:28:01.177+0000] {dag.py:3954} INFO - Setting next_dagrun for tutorial to 2026-06-29 00:00:00+00:00, run_after=2026-06-30 00:00:00+00:00
[2026-06-30T08:28:01.194+0000] {processor.py:183} INFO - Processing /home/airflow/.local/lib/python3.12/site-packages/airflow/example_dags/tutorial.py took 0.064 seconds
[2026-06-30T08:28:31.696+0000] {processor.py:161} INFO - Started process (PID=22873) to work on /home/airflow/.local/lib/python3.12/site-packages/airflow/example_dags/tutorial.py
[2026-06-30T08:28:31.697+0000] {processor.py:830} INFO - Processing file /home/airflow/.local/lib/python3.12/site-packages/airflow/example_dags/tutorial.py for tasks to queue
[2026-06-30T08:28:31.698+0000] {logging_mixin.py:188} INFO - [2026-06-30T08:28:31.697+0000] {dagbag.py:545} INFO - Filling up the DagBag from /home/airflow/.local/lib/python3.12/site-packages/airflow/example_dags/tutorial.py
[2026-06-30T08:28:31.703+0000] {processor.py:840} INFO - DAG(s) 'tutorial' retrieved from /home/airflow/.local/lib/python3.12/site-packages/airflow/example_dags/tutorial.py
[2026-06-30T08:28:31.719+0000] {logging_mixin.py:188} INFO - [2026-06-30T08:28:31.719+0000] {dag.py:3096} INFO - Sync 1 DAGs
[2026-06-30T08:28:31.735+0000] {logging_mixin.py:188} INFO - [2026-06-30T08:28:31.735+0000] {dag.py:3954} INFO - Setting next_dagrun for tutorial to 2026-06-29 00:00:00+00:00, run_after=2026-06-30 00:00:00+00:00
[2026-06-30T08:28:31.749+0000] {processor.py:183} INFO - Processing /home/airflow/.local/lib/python3.12/site-packages/airflow/example_dags/tutorial.py took 0.058 seconds
[2026-06-30T08:29:02.089+0000] {processor.py:161} INFO - Started process (PID=22931) to work on /home/airflow/.local/lib/python3.12/site-packages/airflow/example_dags/tutorial.py
[2026-06-30T08:29:02.090+0000] {processor.py:830} INFO - Processing file /home/airflow/.local/lib/python3.12/site-packages/airflow/example_dags/tutorial.py for tasks to queue
[2026-06-30T08:29:02.090+0000] {logging_mixin.py:188} INFO - [2026-06-30T08:29:02.090+0000] {dagbag.py:545} INFO - Filling up the DagBag from /home/airflow/.local/lib/python3.12/site-packages/airflow/example_dags/tutorial.py
[2026-06-30T08:29:02.095+0000] {processor.py:840} INFO - DAG(s) 'tutorial' retrieved from /home/airflow/.local/lib/python3.12/site-packages/airflow/example_dags/tutorial.py
[2026-06-30T08:29:02.111+0000] {logging_mixin.py:188} INFO - [2026-06-30T08:29:02.111+0000] {dag.py:3096} INFO - Sync 1 DAGs
[2026-06-30T08:29:02.126+0000] {logging_mixin.py:188} INFO - [2026-06-30T08:29:02.126+0000] {dag.py:3954} INFO - Setting next_dagrun for tutorial to 2026-06-29 00:00:00+00:00, run_after=2026-06-30 00:00:00+00:00
[2026-06-30T08:29:02.139+0000] {processor.py:183} INFO - Processing /home/airflow/.local/lib/python3.12/site-packages/airflow/example_dags/tutorial.py took 0.054 seconds
[2026-06-30T08:29:32.697+0000] {processor.py:161} INFO - Started process (PID=22989) to work on /home/airflow/.local/lib/python3.12/site-packages/airflow/example_dags/tutorial.py
[2026-06-30T08:29:32.698+0000] {processor.py:830} INFO - Processing file /home/airflow/.local/lib/python3.12/site-packages/airflow/example_dags/tutorial.py for tasks to queue
[2026-06-30T08:29:32.699+0000] {logging_mixin.py:188} INFO - [2026-06-30T08:29:32.699+0000] {dagbag.py:545} INFO - Filling up the DagBag from /home/airflow/.local/lib/python3.12/site-packages/airflow/example_dags/tutorial.py
[2026-06-30T08:29:32.704+0000] {processor.py:840} INFO - DAG(s) 'tutorial' retrieved from /home/airflow/.local/lib/python3.12/site-packages/airflow/example_dags/tutorial.py
[2026-06-30T08:29:32.719+0000] {logging_mixin.py:188} INFO - [2026-06-30T08:29:32.719+0000] {dag.py:3096} INFO - Sync 1 DAGs
[2026-06-30T08:29:32.734+0000] {logging_mixin.py:188} INFO - [2026-06-30T08:29:32.734+0000] {dag.py:3954} INFO - Setting next_dagrun for tutorial to 2026-06-29 00:00:00+00:00, run_after=2026-06-30 00:00:00+00:00
[2026-06-30T08:29:32.748+0000] {processor.py:183} INFO - Processing /home/airflow/.local/lib/python3.12/site-packages/airflow/example_dags/tutorial.py took 0.056 seconds
[2026-06-30T08:30:03.311+0000] {processor.py:161} INFO - Started process (PID=23047) to work on /home/airflow/.local/lib/python3.12/site-packages/airflow/example_dags/tutorial.py
[2026-06-30T08:30:03.312+0000] {processor.py:830} INFO - Processing file /home/airflow/.local/lib/python3.12/site-packages/airflow/example_dags/tutorial.py for tasks to queue
[2026-06-30T08:30:03.313+0000] {logging_mixin.py:188} INFO - [2026-06-30T08:30:03.313+0000] {dagbag.py:545} INFO - Filling up the DagBag from /home/airflow/.local/lib/python3.12/site-packages/airflow/example_dags/tutorial.py
[2026-06-30T08:30:03.319+0000] {processor.py:840} INFO - DAG(s) 'tutorial' retrieved from /home/airflow/.local/lib/python3.12/site-packages/airflow/example_dags/tutorial.py
[2026-06-30T08:30:03.336+0000] {logging_mixin.py:188} INFO - [2026-06-30T08:30:03.336+0000] {dag.py:3096} INFO - Sync 1 DAGs
[2026-06-30T08:30:03.353+0000] {logging_mixin.py:188} INFO - [2026-06-30T08:30:03.353+0000] {dag.py:3954} INFO - Setting next_dagrun for tutorial to 2026-06-29 00:00:00+00:00, run_after=2026-06-30 00:00:00+00:00
[2026-06-30T08:30:03.369+0000] {processor.py:183} INFO - Processing /home/airflow/.local/lib/python3.12/site-packages/airflow/example_dags/tutorial.py took 0.063 seconds
[2026-06-30T08:30:33.807+0000] {processor.py:161} INFO - Started process (PID=23105) to work on /home/airflow/.local/lib/python3.12/site-packages/airflow/example_dags/tutorial.py
[2026-06-30T08:30:33.807+0000] {processor.py:830} INFO - Processing file /home/airflow/.local/lib/python3.12/site-packages/airflow/example_dags/tutorial.py for tasks to queue
[2026-06-30T08:30:33.808+0000] {logging_mixin.py:188} INFO - [2026-06-30T08:30:33.808+0000] {dagbag.py:545} INFO - Filling up the DagBag from /home/airflow/.local/lib/python3.12/site-packages/airflow/example_dags/tutorial.py
[2026-06-30T08:30:33.814+0000] {processor.py:840} INFO - DAG(s) 'tutorial' retrieved from /home/airflow/.local/lib/python3.12/site-packages/airflow/example_dags/tutorial.py
[2026-06-30T08:30:33.828+0000] {logging_mixin.py:188} INFO - [2026-06-30T08:30:33.828+0000] {dag.py:3096} INFO - Sync 1 DAGs
[2026-06-30T08:30:33.842+0000] {logging_mixin.py:188} INFO - [2026-06-30T08:30:33.842+0000] {dag.py:3954} INFO - Setting next_dagrun for tutorial to 2026-06-29 00:00:00+00:00, run_after=2026-06-30 00:00:00+00:00
[2026-06-30T08:30:33.855+0000] {processor.py:183} INFO - Processing /home/airflow/.local/lib/python3.12/site-packages/airflow/example_dags/tutorial.py took 0.052 seconds
[2026-06-30T08:31:04.459+0000] {processor.py:161} INFO - Started process (PID=23163) to work on /home/airflow/.local/lib/python3.12/site-packages/airflow/example_dags/tutorial.py
[2026-06-30T08:31:04.460+0000] {processor.py:830} INFO - Processing file /home/airflow/.local/lib/python3.12/site-packages/airflow/example_dags/tutorial.py for tasks to queue
[2026-06-30T08:31:04.460+0000] {logging_mixin.py:188} INFO - [2026-06-30T08:31:04.460+0000] {dagbag.py:545} INFO - Filling up the DagBag from /home/airflow/.local/lib/python3.12/site-packages/airflow/example_dags/tutorial.py
[2026-06-30T08:31:04.465+0000] {processor.py:840} INFO - DAG(s) 'tutorial' retrieved from /home/airflow/.local/lib/python3.12/site-packages/airflow/example_dags/tutorial.py
[2026-06-30T08:31:04.480+0000] {logging_mixin.py:188} INFO - [2026-06-30T08:31:04.480+0000] {dag.py:3096} INFO - Sync 1 DAGs
[2026-06-30T08:31:04.494+0000] {logging_mixin.py:188} INFO - [2026-06-30T08:31:04.494+0000] {dag.py:3954} INFO - Setting next_dagrun for tutorial to 2026-06-29 00:00:00+00:00, run_after=2026-06-30 00:00:00+00:00
[2026-06-30T08:31:04.507+0000] {processor.py:183} INFO - Processing /home/airflow/.local/lib/python3.12/site-packages/airflow/example_dags/tutorial.py took 0.053 seconds
[2026-06-30T08:31:35.411+0000] {processor.py:161} INFO - Started process (PID=23221) to work on /home/airflow/.local/lib/python3.12/site-packages/airflow/example_dags/tutorial.py
[2026-06-30T08:31:35.412+0000] {processor.py:830} INFO - Processing file /home/airflow/.local/lib/python3.12/site-packages/airflow/example_dags/tutorial.py for tasks to queue
[2026-06-30T08:31:35.413+0000] {logging_mixin.py:188} INFO - [2026-06-30T08:31:35.413+0000] {dagbag.py:545} INFO - Filling up the DagBag from /home/airflow/.local/lib/python3.12/site-packages/airflow/example_dags/tutorial.py
[2026-06-30T08:31:35.418+0000] {processor.py:840} INFO - DAG(s) 'tutorial' retrieved from /home/airflow/.local/lib/python3.12/site-packages/airflow/example_dags/tutorial.py
[2026-06-30T08:31:35.433+0000] {logging_mixin.py:188} INFO - [2026-06-30T08:31:35.433+0000] {dag.py:3096} INFO - Sync 1 DAGs
[2026-06-30T08:31:35.447+0000] {logging_mixin.py:188} INFO - [2026-06-30T08:31:35.447+0000] {dag.py:3954} INFO - Setting next_dagrun for tutorial to 2026-06-29 00:00:00+00:00, run_after=2026-06-30 00:00:00+00:00
[2026-06-30T08:31:35.459+0000] {processor.py:183} INFO - Processing /home/airflow/.local/lib/python3.12/site-packages/airflow/example_dags/tutorial.py took 0.053 seconds
[2026-06-30T08:32:05.856+0000] {processor.py:161} INFO - Started process (PID=23279) to work on /home/airflow/.local/lib/python3.12/site-packages/airflow/example_dags/tutorial.py
[2026-06-30T08:32:05.857+0000] {processor.py:830} INFO - Processing file /home/airflow/.local/lib/python3.12/site-packages/airflow/example_dags/tutorial.py for tasks to queue
[2026-06-30T08:32:05.857+0000] {logging_mixin.py:188} INFO - [2026-06-30T08:32:05.857+0000] {dagbag.py:545} INFO - Filling up the DagBag from /home/airflow/.local/lib/python3.12/site-packages/airflow/example_dags/tutorial.py
[2026-06-30T08:32:05.864+0000] {processor.py:840} INFO - DAG(s) 'tutorial' retrieved from /home/airflow/.local/lib/python3.12/site-packages/airflow/example_dags/tutorial.py
[2026-06-30T08:32:05.881+0000] {logging_mixin.py:188} INFO - [2026-06-30T08:32:05.881+0000] {dag.py:3096} INFO - Sync 1 DAGs
[2026-06-30T08:32:05.899+0000] {logging_mixin.py:188} INFO - [2026-06-30T08:32:05.898+0000] {dag.py:3954} INFO - Setting next_dagrun for tutorial to 2026-06-29 00:00:00+00:00, run_after=2026-06-30 00:00:00+00:00
[2026-06-30T08:32:05.914+0000] {processor.py:183} INFO - Processing /home/airflow/.local/lib/python3.12/site-packages/airflow/example_dags/tutorial.py took 0.064 seconds
[2026-06-30T08:32:36.771+0000] {processor.py:161} INFO - Started process (PID=23337) to work on /home/airflow/.local/lib/python3.12/site-packages/airflow/example_dags/tutorial.py
[2026-06-30T08:32:36.772+0000] {processor.py:830} INFO - Processing file /home/airflow/.local/lib/python3.12/site-packages/airflow/example_dags/tutorial.py for tasks to queue
[2026-06-30T08:32:36.773+0000] {logging_mixin.py:188} INFO - [2026-06-30T08:32:36.772+0000] {dagbag.py:545} INFO - Filling up the DagBag from /home/airflow/.local/lib/python3.12/site-packages/airflow/example_dags/tutorial.py
[2026-06-30T08:32:36.777+0000] {processor.py:840} INFO - DAG(s) 'tutorial' retrieved from /home/airflow/.local/lib/python3.12/site-packages/airflow/example_dags/tutorial.py
[2026-06-30T08:32:36.792+0000] {logging_mixin.py:188} INFO - [2026-06-30T08:32:36.792+0000] {dag.py:3096} INFO - Sync 1 DAGs
[2026-06-30T08:32:36.808+0000] {logging_mixin.py:188} INFO - [2026-06-30T08:32:36.808+0000] {dag.py:3954} INFO - Setting next_dagrun for tutorial to 2026-06-29 00:00:00+00:00, run_after=2026-06-30 00:00:00+00:00
[2026-06-30T08:32:36.821+0000] {processor.py:183} INFO - Processing /home/airflow/.local/lib/python3.12/site-packages/airflow/example_dags/tutorial.py took 0.054 seconds
[2026-06-30T08:33:07.513+0000] {processor.py:161} INFO - Started process (PID=23395) to work on /home/airflow/.local/lib/python3.12/site-packages/airflow/example_dags/tutorial.py
[2026-06-30T08:33:07.514+0000] {processor.py:830} INFO - Processing file /home/airflow/.local/lib/python3.12/site-packages/airflow/example_dags/tutorial.py for tasks to queue
[2026-06-30T08:33:07.515+0000] {logging_mixin.py:188} INFO - [2026-06-30T08:33:07.515+0000] {dagbag.py:545} INFO - Filling up the DagBag from /home/airflow/.local/lib/python3.12/site-packages/airflow/example_dags/tutorial.py
[2026-06-30T08:33:07.520+0000] {processor.py:840} INFO - DAG(s) 'tutorial' retrieved from /home/airflow/.local/lib/python3.12/site-packages/airflow/example_dags/tutorial.py
[2026-06-30T08:33:07.537+0000] {logging_mixin.py:188} INFO - [2026-06-30T08:33:07.537+0000] {dag.py:3096} INFO - Sync 1 DAGs
[2026-06-30T08:33:07.554+0000] {logging_mixin.py:188} INFO - [2026-06-30T08:33:07.554+0000] {dag.py:3954} INFO - Setting next_dagrun for tutorial to 2026-06-29 00:00:00+00:00, run_after=2026-06-30 00:00:00+00:00
[2026-06-30T08:33:07.570+0000] {processor.py:183} INFO - Processing /home/airflow/.local/lib/python3.12/site-packages/airflow/example_dags/tutorial.py took 0.061 seconds
[2026-06-30T08:33:38.425+0000] {processor.py:161} INFO - Started process (PID=23453) to work on /home/airflow/.local/lib/python3.12/site-packages/airflow/example_dags/tutorial.py
[2026-06-30T08:33:38.426+0000] {processor.py:830} INFO - Processing file /home/airflow/.local/lib/python3.12/site-packages/airflow/example_dags/tutorial.py for tasks to queue
[2026-06-30T08:33:38.427+0000] {logging_mixin.py:188} INFO - [2026-06-30T08:33:38.426+0000] {dagbag.py:545} INFO - Filling up the DagBag from /home/airflow/.local/lib/python3.12/site-packages/airflow/example_dags/tutorial.py
[2026-06-30T08:33:38.431+0000] {processor.py:840} INFO - DAG(s) 'tutorial' retrieved from /home/airflow/.local/lib/python3.12/site-packages/airflow/example_dags/tutorial.py
[2026-06-30T08:33:38.445+0000] {logging_mixin.py:188} INFO - [2026-06-30T08:33:38.445+0000] {dag.py:3096} INFO - Sync 1 DAGs
[2026-06-30T08:33:38.458+0000] {logging_mixin.py:188} INFO - [2026-06-30T08:33:38.458+0000] {dag.py:3954} INFO - Setting next_dagrun for tutorial to 2026-06-29 00:00:00+00:00, run_after=2026-06-30 00:00:00+00:00
[2026-06-30T08:33:38.472+0000] {processor.py:183} INFO - Processing /home/airflow/.local/lib/python3.12/site-packages/airflow/example_dags/tutorial.py took 0.052 seconds
[2026-06-30T08:34:09.408+0000] {processor.py:161} INFO - Started process (PID=23511) to work on /home/airflow/.local/lib/python3.12/site-packages/airflow/example_dags/tutorial.py
[2026-06-30T08:34:09.409+0000] {processor.py:830} INFO - Processing file /home/airflow/.local/lib/python3.12/site-packages/airflow/example_dags/tutorial.py for tasks to queue
[2026-06-30T08:34:09.410+0000] {logging_mixin.py:188} INFO - [2026-06-30T08:34:09.410+0000] {dagbag.py:545} INFO - Filling up the DagBag from /home/airflow/.local/lib/python3.12/site-packages/airflow/example_dags/tutorial.py
[2026-06-30T08:34:09.419+0000] {processor.py:840} INFO - DAG(s) 'tutorial' retrieved from /home/airflow/.local/lib/python3.12/site-packages/airflow/example_dags/tutorial.py
[2026-06-30T08:34:09.436+0000] {logging_mixin.py:188} INFO - [2026-06-30T08:34:09.436+0000] {dag.py:3096} INFO - Sync 1 DAGs
[2026-06-30T08:34:09.451+0000] {logging_mixin.py:188} INFO - [2026-06-30T08:34:09.451+0000] {dag.py:3954} INFO - Setting next_dagrun for tutorial to 2026-06-29 00:00:00+00:00, run_after=2026-06-30 00:00:00+00:00
[2026-06-30T08:34:09.465+0000] {processor.py:183} INFO - Processing /home/airflow/.local/lib/python3.12/site-packages/airflow/example_dags/tutorial.py took 0.065 seconds
[2026-06-30T08:34:40.016+0000] {processor.py:161} INFO - Started process (PID=23569) to work on /home/airflow/.local/lib/python3.12/site-packages/airflow/example_dags/tutorial.py
[2026-06-30T08:34:40.016+0000] {processor.py:830} INFO - Processing file /home/airflow/.local/lib/python3.12/site-packages/airflow/example_dags/tutorial.py for tasks to queue
[2026-06-30T08:34:40.017+0000] {logging_mixin.py:188} INFO - [2026-06-30T08:34:40.017+0000] {dagbag.py:545} INFO - Filling up the DagBag from /home/airflow/.local/lib/python3.12/site-packages/airflow/example_dags/tutorial.py
[2026-06-30T08:34:40.022+0000] {processor.py:840} INFO - DAG(s) 'tutorial' retrieved from /home/airflow/.local/lib/python3.12/site-packages/airflow/example_dags/tutorial.py
[2026-06-30T08:34:40.038+0000] {logging_mixin.py:188} INFO - [2026-06-30T08:34:40.038+0000] {dag.py:3096} INFO - Sync 1 DAGs
[2026-06-30T08:34:40.052+0000] {logging_mixin.py:188} INFO - [2026-06-30T08:34:40.052+0000] {dag.py:3954} INFO - Setting next_dagrun for tutorial to 2026-06-29 00:00:00+00:00, run_after=2026-06-30 00:00:00+00:00
[2026-06-30T08:34:40.064+0000] {processor.py:183} INFO - Processing /home/airflow/.local/lib/python3.12/site-packages/airflow/example_dags/tutorial.py took 0.053 seconds
[2026-06-30T08:35:10.336+0000] {processor.py:161} INFO - Started process (PID=23627) to work on /home/airflow/.local/lib/python3.12/site-packages/airflow/example_dags/tutorial.py
[2026-06-30T08:35:10.338+0000] {processor.py:830} INFO - Processing file /home/airflow/.local/lib/python3.12/site-packages/airflow/example_dags/tutorial.py for tasks to queue
[2026-06-30T08:35:10.339+0000] {logging_mixin.py:188} INFO - [2026-06-30T08:35:10.338+0000] {dagbag.py:545} INFO - Filling up the DagBag from /home/airflow/.local/lib/python3.12/site-packages/airflow/example_dags/tutorial.py
[2026-06-30T08:35:10.344+0000] {processor.py:840} INFO - DAG(s) 'tutorial' retrieved from /home/airflow/.local/lib/python3.12/site-packages/airflow/example_dags/tutorial.py
[2026-06-30T08:35:10.361+0000] {logging_mixin.py:188} INFO - [2026-06-30T08:35:10.360+0000] {dag.py:3096} INFO - Sync 1 DAGs
[2026-06-30T08:35:10.376+0000] {logging_mixin.py:188} INFO - [2026-06-30T08:35:10.376+0000] {dag.py:3954} INFO - Setting next_dagrun for tutorial to 2026-06-29 00:00:00+00:00, run_after=2026-06-30 00:00:00+00:00
[2026-06-30T08:35:10.392+0000] {processor.py:183} INFO - Processing /home/airflow/.local/lib/python3.12/site-packages/airflow/example_dags/tutorial.py took 0.060 seconds
[2026-06-30T08:35:40.793+0000] {processor.py:161} INFO - Started process (PID=23685) to work on /home/airflow/.local/lib/python3.12/site-packages/airflow/example_dags/tutorial.py
[2026-06-30T08:35:40.794+0000] {processor.py:830} INFO - Processing file /home/airflow/.local/lib/python3.12/site-packages/airflow/example_dags/tutorial.py for tasks to queue
[2026-06-30T08:35:40.795+0000] {logging_mixin.py:188} INFO - [2026-06-30T08:35:40.794+0000] {dagbag.py:545} INFO - Filling up the DagBag from /home/airflow/.local/lib/python3.12/site-packages/airflow/example_dags/tutorial.py
[2026-06-30T08:35:40.800+0000] {processor.py:840} INFO - DAG(s) 'tutorial' retrieved from /home/airflow/.local/lib/python3.12/site-packages/airflow/example_dags/tutorial.py
[2026-06-30T08:35:40.817+0000] {logging_mixin.py:188} INFO - [2026-06-30T08:35:40.816+0000] {dag.py:3096} INFO - Sync 1 DAGs
[2026-06-30T08:35:40.834+0000] {logging_mixin.py:188} INFO - [2026-06-30T08:35:40.833+0000] {dag.py:3954} INFO - Setting next_dagrun for tutorial to 2026-06-29 00:00:00+00:00, run_after=2026-06-30 00:00:00+00:00
[2026-06-30T08:35:40.846+0000] {processor.py:183} INFO - Processing /home/airflow/.local/lib/python3.12/site-packages/airflow/example_dags/tutorial.py took 0.058 seconds
[2026-06-30T08:36:11.060+0000] {processor.py:161} INFO - Started process (PID=23743) to work on /home/airflow/.local/lib/python3.12/site-packages/airflow/example_dags/tutorial.py
[2026-06-30T08:36:11.061+0000] {processor.py:830} INFO - Processing file /home/airflow/.local/lib/python3.12/site-packages/airflow/example_dags/tutorial.py for tasks to queue
[2026-06-30T08:36:11.061+0000] {logging_mixin.py:188} INFO - [2026-06-30T08:36:11.061+0000] {dagbag.py:545} INFO - Filling up the DagBag from /home/airflow/.local/lib/python3.12/site-packages/airflow/example_dags/tutorial.py
[2026-06-30T08:36:11.067+0000] {processor.py:840} INFO - DAG(s) 'tutorial' retrieved from /home/airflow/.local/lib/python3.12/site-packages/airflow/example_dags/tutorial.py
[2026-06-30T08:36:11.081+0000] {logging_mixin.py:188} INFO - [2026-06-30T08:36:11.080+0000] {dag.py:3096} INFO - Sync 1 DAGs
[2026-06-30T08:36:11.095+0000] {logging_mixin.py:188} INFO - [2026-06-30T08:36:11.095+0000] {dag.py:3954} INFO - Setting next_dagrun for tutorial to 2026-06-29 00:00:00+00:00, run_after=2026-06-30 00:00:00+00:00
[2026-06-30T08:36:11.108+0000] {processor.py:183} INFO - Processing /home/airflow/.local/lib/python3.12/site-packages/airflow/example_dags/tutorial.py took 0.053 seconds
[2026-06-30T08:36:41.619+0000] {processor.py:161} INFO - Started process (PID=23801) to work on /home/airflow/.local/lib/python3.12/site-packages/airflow/example_dags/tutorial.py
[2026-06-30T08:36:41.620+0000] {processor.py:830} INFO - Processing file /home/airflow/.local/lib/python3.12/site-packages/airflow/example_dags/tutorial.py for tasks to queue
[2026-06-30T08:36:41.621+0000] {logging_mixin.py:188} INFO - [2026-06-30T08:36:41.620+0000] {dagbag.py:545} INFO - Filling up the DagBag from /home/airflow/.local/lib/python3.12/site-packages/airflow/example_dags/tutorial.py
[2026-06-30T08:36:41.626+0000] {processor.py:840} INFO - DAG(s) 'tutorial' retrieved from /home/airflow/.local/lib/python3.12/site-packages/airflow/example_dags/tutorial.py
[2026-06-30T08:36:41.641+0000] {logging_mixin.py:188} INFO - [2026-06-30T08:36:41.641+0000] {dag.py:3096} INFO - Sync 1 DAGs
[2026-06-30T08:36:41.659+0000] {logging_mixin.py:188} INFO - [2026-06-30T08:36:41.659+0000] {dag.py:3954} INFO - Setting next_dagrun for tutorial to 2026-06-29 00:00:00+00:00, run_after=2026-06-30 00:00:00+00:00
[2026-06-30T08:36:41.673+0000] {processor.py:183} INFO - Processing /home/airflow/.local/lib/python3.12/site-packages/airflow/example_dags/tutorial.py took 0.058 seconds
[2026-06-30T08:37:11.902+0000] {processor.py:161} INFO - Started process (PID=23866) to work on /home/airflow/.local/lib/python3.12/site-packages/airflow/example_dags/tutorial.py
[2026-06-30T08:37:11.903+0000] {processor.py:830} INFO - Processing file /home/airflow/.local/lib/python3.12/site-packages/airflow/example_dags/tutorial.py for tasks to queue
[2026-06-30T08:37:11.904+0000] {logging_mixin.py:188} INFO - [2026-06-30T08:37:11.904+0000] {dagbag.py:545} INFO - Filling up the DagBag from /home/airflow/.local/lib/python3.12/site-packages/airflow/example_dags/tutorial.py
[2026-06-30T08:37:11.909+0000] {processor.py:840} INFO - DAG(s) 'tutorial' retrieved from /home/airflow/.local/lib/python3.12/site-packages/airflow/example_dags/tutorial.py
[2026-06-30T08:37:11.924+0000] {logging_mixin.py:188} INFO - [2026-06-30T08:37:11.924+0000] {dag.py:3096} INFO - Sync 1 DAGs
[2026-06-30T08:37:11.938+0000] {logging_mixin.py:188} INFO - [2026-06-30T08:37:11.938+0000] {dag.py:3954} INFO - Setting next_dagrun for tutorial to 2026-06-29 00:00:00+00:00, run_after=2026-06-30 00:00:00+00:00
[2026-06-30T08:37:11.950+0000] {processor.py:183} INFO - Processing /home/airflow/.local/lib/python3.12/site-packages/airflow/example_dags/tutorial.py took 0.052 seconds
[2026-06-30T08:37:42.291+0000] {processor.py:161} INFO - Started process (PID=23924) to work on /home/airflow/.local/lib/python3.12/site-packages/airflow/example_dags/tutorial.py
[2026-06-30T08:37:42.292+0000] {processor.py:830} INFO - Processing file /home/airflow/.local/lib/python3.12/site-packages/airflow/example_dags/tutorial.py for tasks to queue
[2026-06-30T08:37:42.292+0000] {logging_mixin.py:188} INFO - [2026-06-30T08:37:42.292+0000] {dagbag.py:545} INFO - Filling up the DagBag from /home/airflow/.local/lib/python3.12/site-packages/airflow/example_dags/tutorial.py
[2026-06-30T08:37:42.297+0000] {processor.py:840} INFO - DAG(s) 'tutorial' retrieved from /home/airflow/.local/lib/python3.12/site-packages/airflow/example_dags/tutorial.py
[2026-06-30T08:37:42.310+0000] {logging_mixin.py:188} INFO - [2026-06-30T08:37:42.310+0000] {dag.py:3096} INFO - Sync 1 DAGs
[2026-06-30T08:37:42.324+0000] {logging_mixin.py:188} INFO - [2026-06-30T08:37:42.324+0000] {dag.py:3954} INFO - Setting next_dagrun for tutorial to 2026-06-29 00:00:00+00:00, run_after=2026-06-30 00:00:00+00:00
[2026-06-30T08:37:42.336+0000] {processor.py:183} INFO - Processing /home/airflow/.local/lib/python3.12/site-packages/airflow/example_dags/tutorial.py took 0.049 seconds
[2026-06-30T08:38:12.708+0000] {processor.py:161} INFO - Started process (PID=23982) to work on /home/airflow/.local/lib/python3.12/site-packages/airflow/example_dags/tutorial.py
[2026-06-30T08:38:12.709+0000] {processor.py:830} INFO - Processing file /home/airflow/.local/lib/python3.12/site-packages/airflow/example_dags/tutorial.py for tasks to queue
[2026-06-30T08:38:12.710+0000] {logging_mixin.py:188} INFO - [2026-06-30T08:38:12.709+0000] {dagbag.py:545} INFO - Filling up the DagBag from /home/airflow/.local/lib/python3.12/site-packages/airflow/example_dags/tutorial.py
[2026-06-30T08:38:12.716+0000] {processor.py:840} INFO - DAG(s) 'tutorial' retrieved from /home/airflow/.local/lib/python3.12/site-packages/airflow/example_dags/tutorial.py
[2026-06-30T08:38:12.733+0000] {logging_mixin.py:188} INFO - [2026-06-30T08:38:12.732+0000] {dag.py:3096} INFO - Sync 1 DAGs
[2026-06-30T08:38:12.751+0000] {logging_mixin.py:188} INFO - [2026-06-30T08:38:12.751+0000] {dag.py:3954} INFO - Setting next_dagrun for tutorial to 2026-06-29 00:00:00+00:00, run_after=2026-06-30 00:00:00+00:00
[2026-06-30T08:38:12.767+0000] {processor.py:183} INFO - Processing /home/airflow/.local/lib/python3.12/site-packages/airflow/example_dags/tutorial.py took 0.065 seconds
[2026-06-30T08:38:43.269+0000] {processor.py:161} INFO - Started process (PID=24040) to work on /home/airflow/.local/lib/python3.12/site-packages/airflow/example_dags/tutorial.py
[2026-06-30T08:38:43.271+0000] {processor.py:830} INFO - Processing file /home/airflow/.local/lib/python3.12/site-packages/airflow/example_dags/tutorial.py for tasks to queue
[2026-06-30T08:38:43.275+0000] {logging_mixin.py:188} INFO - [2026-06-30T08:38:43.274+0000] {dagbag.py:545} INFO - Filling up the DagBag from /home/airflow/.local/lib/python3.12/site-packages/airflow/example_dags/tutorial.py
[2026-06-30T08:38:43.284+0000] {processor.py:840} INFO - DAG(s) 'tutorial' retrieved from /home/airflow/.local/lib/python3.12/site-packages/airflow/example_dags/tutorial.py
[2026-06-30T08:38:43.298+0000] {logging_mixin.py:188} INFO - [2026-06-30T08:38:43.298+0000] {dag.py:3096} INFO - Sync 1 DAGs
[2026-06-30T08:38:43.312+0000] {logging_mixin.py:188} INFO - [2026-06-30T08:38:43.312+0000] {dag.py:3954} INFO - Setting next_dagrun for tutorial to 2026-06-29 00:00:00+00:00, run_after=2026-06-30 00:00:00+00:00
[2026-06-30T08:38:43.326+0000] {processor.py:183} INFO - Processing /home/airflow/.local/lib/python3.12/site-packages/airflow/example_dags/tutorial.py took 0.062 seconds
[2026-06-30T08:39:13.731+0000] {processor.py:161} INFO - Started process (PID=24098) to work on /home/airflow/.local/lib/python3.12/site-packages/airflow/example_dags/tutorial.py
[2026-06-30T08:39:13.732+0000] {processor.py:830} INFO - Processing file /home/airflow/.local/lib/python3.12/site-packages/airflow/example_dags/tutorial.py for tasks to queue
[2026-06-30T08:39:13.733+0000] {logging_mixin.py:188} INFO - [2026-06-30T08:39:13.733+0000] {dagbag.py:545} INFO - Filling up the DagBag from /home/airflow/.local/lib/python3.12/site-packages/airflow/example_dags/tutorial.py
[2026-06-30T08:39:13.738+0000] {processor.py:840} INFO - DAG(s) 'tutorial' retrieved from /home/airflow/.local/lib/python3.12/site-packages/airflow/example_dags/tutorial.py
[2026-06-30T08:39:13.753+0000] {logging_mixin.py:188} INFO - [2026-06-30T08:39:13.753+0000] {dag.py:3096} INFO - Sync 1 DAGs
[2026-06-30T08:39:13.768+0000] {logging_mixin.py:188} INFO - [2026-06-30T08:39:13.768+0000] {dag.py:3954} INFO - Setting next_dagrun for tutorial to 2026-06-29 00:00:00+00:00, run_after=2026-06-30 00:00:00+00:00
[2026-06-30T08:39:13.782+0000] {processor.py:183} INFO - Processing /home/airflow/.local/lib/python3.12/site-packages/airflow/example_dags/tutorial.py took 0.054 seconds
[2026-06-30T08:39:44.408+0000] {processor.py:161} INFO - Started process (PID=24156) to work on /home/airflow/.local/lib/python3.12/site-packages/airflow/example_dags/tutorial.py
[2026-06-30T08:39:44.409+0000] {processor.py:830} INFO - Processing file /home/airflow/.local/lib/python3.12/site-packages/airflow/example_dags/tutorial.py for tasks to queue
[2026-06-30T08:39:44.410+0000] {logging_mixin.py:188} INFO - [2026-06-30T08:39:44.410+0000] {dagbag.py:545} INFO - Filling up the DagBag from /home/airflow/.local/lib/python3.12/site-packages/airflow/example_dags/tutorial.py
[2026-06-30T08:39:44.415+0000] {processor.py:840} INFO - DAG(s) 'tutorial' retrieved from /home/airflow/.local/lib/python3.12/site-packages/airflow/example_dags/tutorial.py
[2026-06-30T08:39:44.429+0000] {logging_mixin.py:188} INFO - [2026-06-30T08:39:44.429+0000] {dag.py:3096} INFO - Sync 1 DAGs
[2026-06-30T08:39:44.443+0000] {logging_mixin.py:188} INFO - [2026-06-30T08:39:44.443+0000] {dag.py:3954} INFO - Setting next_dagrun for tutorial to 2026-06-29 00:00:00+00:00, run_after=2026-06-30 00:00:00+00:00
[2026-06-30T08:39:44.455+0000] {processor.py:183} INFO - Processing /home/airflow/.local/lib/python3.12/site-packages/airflow/example_dags/tutorial.py took 0.052 seconds
[2026-06-30T08:40:14.784+0000] {processor.py:161} INFO - Started process (PID=24214) to work on /home/airflow/.local/lib/python3.12/site-packages/airflow/example_dags/tutorial.py
[2026-06-30T08:40:14.785+0000] {processor.py:830} INFO - Processing file /home/airflow/.local/lib/python3.12/site-packages/airflow/example_dags/tutorial.py for tasks to queue
[2026-06-30T08:40:14.786+0000] {logging_mixin.py:188} INFO - [2026-06-30T08:40:14.786+0000] {dagbag.py:545} INFO - Filling up the DagBag from /home/airflow/.local/lib/python3.12/site-packages/airflow/example_dags/tutorial.py
[2026-06-30T08:40:14.791+0000] {processor.py:840} INFO - DAG(s) 'tutorial' retrieved from /home/airflow/.local/lib/python3.12/site-packages/airflow/example_dags/tutorial.py
[2026-06-30T08:40:14.805+0000] {logging_mixin.py:188} INFO - [2026-06-30T08:40:14.805+0000] {dag.py:3096} INFO - Sync 1 DAGs
[2026-06-30T08:40:14.824+0000] {logging_mixin.py:188} INFO - [2026-06-30T08:40:14.824+0000] {dag.py:3954} INFO - Setting next_dagrun for tutorial to 2026-06-29 00:00:00+00:00, run_after=2026-06-30 00:00:00+00:00
[2026-06-30T08:40:14.837+0000] {processor.py:183} INFO - Processing /home/airflow/.local/lib/python3.12/site-packages/airflow/example_dags/tutorial.py took 0.057 seconds
[2026-06-30T08:40:45.459+0000] {processor.py:161} INFO - Started process (PID=24272) to work on /home/airflow/.local/lib/python3.12/site-packages/airflow/example_dags/tutorial.py
[2026-06-30T08:40:45.460+0000] {processor.py:830} INFO - Processing file /home/airflow/.local/lib/python3.12/site-packages/airflow/example_dags/tutorial.py for tasks to queue
[2026-06-30T08:40:45.460+0000] {logging_mixin.py:188} INFO - [2026-06-30T08:40:45.460+0000] {dagbag.py:545} INFO - Filling up the DagBag from /home/airflow/.local/lib/python3.12/site-packages/airflow/example_dags/tutorial.py
[2026-06-30T08:40:45.465+0000] {processor.py:840} INFO - DAG(s) 'tutorial' retrieved from /home/airflow/.local/lib/python3.12/site-packages/airflow/example_dags/tutorial.py
[2026-06-30T08:40:45.479+0000] {logging_mixin.py:188} INFO - [2026-06-30T08:40:45.479+0000] {dag.py:3096} INFO - Sync 1 DAGs
[2026-06-30T08:40:45.493+0000] {logging_mixin.py:188} INFO - [2026-06-30T08:40:45.493+0000] {dag.py:3954} INFO - Setting next_dagrun for tutorial to 2026-06-29 00:00:00+00:00, run_after=2026-06-30 00:00:00+00:00
[2026-06-30T08:40:45.504+0000] {processor.py:183} INFO - Processing /home/airflow/.local/lib/python3.12/site-packages/airflow/example_dags/tutorial.py took 0.049 seconds
[2026-06-30T08:41:16.138+0000] {processor.py:161} INFO - Started process (PID=24330) to work on /home/airflow/.local/lib/python3.12/site-packages/airflow/example_dags/tutorial.py
[2026-06-30T08:41:16.138+0000] {processor.py:830} INFO - Processing file /home/airflow/.local/lib/python3.12/site-packages/airflow/example_dags/tutorial.py for tasks to queue
[2026-06-30T08:41:16.139+0000] {logging_mixin.py:188} INFO - [2026-06-30T08:41:16.139+0000] {dagbag.py:545} INFO - Filling up the DagBag from /home/airflow/.local/lib/python3.12/site-packages/airflow/example_dags/tutorial.py
[2026-06-30T08:41:16.144+0000] {processor.py:840} INFO - DAG(s) 'tutorial' retrieved from /home/airflow/.local/lib/python3.12/site-packages/airflow/example_dags/tutorial.py
[2026-06-30T08:41:16.157+0000] {logging_mixin.py:188} INFO - [2026-06-30T08:41:16.157+0000] {dag.py:3096} INFO - Sync 1 DAGs
[2026-06-30T08:41:16.171+0000] {logging_mixin.py:188} INFO - [2026-06-30T08:41:16.171+0000] {dag.py:3954} INFO - Setting next_dagrun for tutorial to 2026-06-29 00:00:00+00:00, run_after=2026-06-30 00:00:00+00:00
[2026-06-30T08:41:16.183+0000] {processor.py:183} INFO - Processing /home/airflow/.local/lib/python3.12/site-packages/airflow/example_dags/tutorial.py took 0.050 seconds
[2026-06-30T08:41:46.647+0000] {processor.py:161} INFO - Started process (PID=24388) to work on /home/airflow/.local/lib/python3.12/site-packages/airflow/example_dags/tutorial.py
[2026-06-30T08:41:46.648+0000] {processor.py:830} INFO - Processing file /home/airflow/.local/lib/python3.12/site-packages/airflow/example_dags/tutorial.py for tasks to queue
[2026-06-30T08:41:46.649+0000] {logging_mixin.py:188} INFO - [2026-06-30T08:41:46.649+0000] {dagbag.py:545} INFO - Filling up the DagBag from /home/airflow/.local/lib/python3.12/site-packages/airflow/example_dags/tutorial.py
[2026-06-30T08:41:46.654+0000] {processor.py:840} INFO - DAG(s) 'tutorial' retrieved from /home/airflow/.local/lib/python3.12/site-packages/airflow/example_dags/tutorial.py
[2026-06-30T08:41:46.668+0000] {logging_mixin.py:188} INFO - [2026-06-30T08:41:46.668+0000] {dag.py:3096} INFO - Sync 1 DAGs
[2026-06-30T08:41:46.682+0000] {logging_mixin.py:188} INFO - [2026-06-30T08:41:46.682+0000] {dag.py:3954} INFO - Setting next_dagrun for tutorial to 2026-06-29 00:00:00+00:00, run_after=2026-06-30 00:00:00+00:00
[2026-06-30T08:41:46.695+0000] {processor.py:183} INFO - Processing /home/airflow/.local/lib/python3.12/site-packages/airflow/example_dags/tutorial.py took 0.052 seconds
[2026-06-30T08:42:17.035+0000] {processor.py:161} INFO - Started process (PID=24446) to work on /home/airflow/.local/lib/python3.12/site-packages/airflow/example_dags/tutorial.py
[2026-06-30T08:42:17.035+0000] {processor.py:830} INFO - Processing file /home/airflow/.local/lib/python3.12/site-packages/airflow/example_dags/tutorial.py for tasks to queue
[2026-06-30T08:42:17.036+0000] {logging_mixin.py:188} INFO - [2026-06-30T08:42:17.036+0000] {dagbag.py:545} INFO - Filling up the DagBag from /home/airflow/.local/lib/python3.12/site-packages/airflow/example_dags/tutorial.py
[2026-06-30T08:42:17.041+0000] {processor.py:840} INFO - DAG(s) 'tutorial' retrieved from /home/airflow/.local/lib/python3.12/site-packages/airflow/example_dags/tutorial.py
[2026-06-30T08:42:17.055+0000] {logging_mixin.py:188} INFO - [2026-06-30T08:42:17.055+0000] {dag.py:3096} INFO - Sync 1 DAGs
[2026-06-30T08:42:17.068+0000] {logging_mixin.py:188} INFO - [2026-06-30T08:42:17.068+0000] {dag.py:3954} INFO - Setting next_dagrun for tutorial to 2026-06-29 00:00:00+00:00, run_after=2026-06-30 00:00:00+00:00
[2026-06-30T08:42:17.081+0000] {processor.py:183} INFO - Processing /home/airflow/.local/lib/python3.12/site-packages/airflow/example_dags/tutorial.py took 0.050 seconds
[2026-06-30T08:42:47.727+0000] {processor.py:161} INFO - Started process (PID=24504) to work on /home/airflow/.local/lib/python3.12/site-packages/airflow/example_dags/tutorial.py
[2026-06-30T08:42:47.728+0000] {processor.py:830} INFO - Processing file /home/airflow/.local/lib/python3.12/site-packages/airflow/example_dags/tutorial.py for tasks to queue
[2026-06-30T08:42:47.729+0000] {logging_mixin.py:188} INFO - [2026-06-30T08:42:47.729+0000] {dagbag.py:545} INFO - Filling up the DagBag from /home/airflow/.local/lib/python3.12/site-packages/airflow/example_dags/tutorial.py
[2026-06-30T08:42:47.737+0000] {processor.py:840} INFO - DAG(s) 'tutorial' retrieved from /home/airflow/.local/lib/python3.12/site-packages/airflow/example_dags/tutorial.py
[2026-06-30T08:42:47.761+0000] {logging_mixin.py:188} INFO - [2026-06-30T08:42:47.761+0000] {dag.py:3096} INFO - Sync 1 DAGs
[2026-06-30T08:42:47.786+0000] {logging_mixin.py:188} INFO - [2026-06-30T08:42:47.786+0000] {dag.py:3954} INFO - Setting next_dagrun for tutorial to 2026-06-29 00:00:00+00:00, run_after=2026-06-30 00:00:00+00:00
[2026-06-30T08:42:47.804+0000] {processor.py:183} INFO - Processing /home/airflow/.local/lib/python3.12/site-packages/airflow/example_dags/tutorial.py took 0.085 seconds
[2026-06-30T08:43:17.857+0000] {processor.py:161} INFO - Started process (PID=24562) to work on /home/airflow/.local/lib/python3.12/site-packages/airflow/example_dags/tutorial.py
[2026-06-30T08:43:17.858+0000] {processor.py:830} INFO - Processing file /home/airflow/.local/lib/python3.12/site-packages/airflow/example_dags/tutorial.py for tasks to queue
[2026-06-30T08:43:17.859+0000] {logging_mixin.py:188} INFO - [2026-06-30T08:43:17.859+0000] {dagbag.py:545} INFO - Filling up the DagBag from /home/airflow/.local/lib/python3.12/site-packages/airflow/example_dags/tutorial.py
[2026-06-30T08:43:17.865+0000] {processor.py:840} INFO - DAG(s) 'tutorial' retrieved from /home/airflow/.local/lib/python3.12/site-packages/airflow/example_dags/tutorial.py
[2026-06-30T08:43:17.881+0000] {logging_mixin.py:188} INFO - [2026-06-30T08:43:17.881+0000] {dag.py:3096} INFO - Sync 1 DAGs
[2026-06-30T08:43:17.896+0000] {logging_mixin.py:188} INFO - [2026-06-30T08:43:17.895+0000] {dag.py:3954} INFO - Setting next_dagrun for tutorial to 2026-06-29 00:00:00+00:00, run_after=2026-06-30 00:00:00+00:00
[2026-06-30T08:43:17.909+0000] {processor.py:183} INFO - Processing /home/airflow/.local/lib/python3.12/site-packages/airflow/example_dags/tutorial.py took 0.057 seconds
[2026-06-30T08:43:48.315+0000] {processor.py:161} INFO - Started process (PID=24620) to work on /home/airflow/.local/lib/python3.12/site-packages/airflow/example_dags/tutorial.py
[2026-06-30T08:43:48.315+0000] {processor.py:830} INFO - Processing file /home/airflow/.local/lib/python3.12/site-packages/airflow/example_dags/tutorial.py for tasks to queue
[2026-06-30T08:43:48.316+0000] {logging_mixin.py:188} INFO - [2026-06-30T08:43:48.316+0000] {dagbag.py:545} INFO - Filling up the DagBag from /home/airflow/.local/lib/python3.12/site-packages/airflow/example_dags/tutorial.py
[2026-06-30T08:43:48.322+0000] {processor.py:840} INFO - DAG(s) 'tutorial' retrieved from /home/airflow/.local/lib/python3.12/site-packages/airflow/example_dags/tutorial.py
[2026-06-30T08:43:48.337+0000] {logging_mixin.py:188} INFO - [2026-06-30T08:43:48.337+0000] {dag.py:3096} INFO - Sync 1 DAGs
[2026-06-30T08:43:48.355+0000] {logging_mixin.py:188} INFO - [2026-06-30T08:43:48.355+0000] {dag.py:3954} INFO - Setting next_dagrun for tutorial to 2026-06-29 00:00:00+00:00, run_after=2026-06-30 00:00:00+00:00
[2026-06-30T08:43:48.370+0000] {processor.py:183} INFO - Processing /home/airflow/.local/lib/python3.12/site-packages/airflow/example_dags/tutorial.py took 0.060 seconds
[2026-06-30T08:44:18.685+0000] {processor.py:161} INFO - Started process (PID=24678) to work on /home/airflow/.local/lib/python3.12/site-packages/airflow/example_dags/tutorial.py
[2026-06-30T08:44:18.686+0000] {processor.py:830} INFO - Processing file /home/airflow/.local/lib/python3.12/site-packages/airflow/example_dags/tutorial.py for tasks to queue
[2026-06-30T08:44:18.687+0000] {logging_mixin.py:188} INFO - [2026-06-30T08:44:18.686+0000] {dagbag.py:545} INFO - Filling up the DagBag from /home/airflow/.local/lib/python3.12/site-packages/airflow/example_dags/tutorial.py
[2026-06-30T08:44:18.692+0000] {processor.py:840} INFO - DAG(s) 'tutorial' retrieved from /home/airflow/.local/lib/python3.12/site-packages/airflow/example_dags/tutorial.py
[2026-06-30T08:44:18.706+0000] {logging_mixin.py:188} INFO - [2026-06-30T08:44:18.706+0000] {dag.py:3096} INFO - Sync 1 DAGs
[2026-06-30T08:44:18.722+0000] {logging_mixin.py:188} INFO - [2026-06-30T08:44:18.721+0000] {dag.py:3954} INFO - Setting next_dagrun for tutorial to 2026-06-29 00:00:00+00:00, run_after=2026-06-30 00:00:00+00:00
[2026-06-30T08:44:18.739+0000] {processor.py:183} INFO - Processing /home/airflow/.local/lib/python3.12/site-packages/airflow/example_dags/tutorial.py took 0.058 seconds
[2026-06-30T08:44:49.098+0000] {processor.py:161} INFO - Started process (PID=24736) to work on /home/airflow/.local/lib/python3.12/site-packages/airflow/example_dags/tutorial.py
[2026-06-30T08:44:49.099+0000] {processor.py:830} INFO - Processing file /home/airflow/.local/lib/python3.12/site-packages/airflow/example_dags/tutorial.py for tasks to queue
[2026-06-30T08:44:49.100+0000] {logging_mixin.py:188} INFO - [2026-06-30T08:44:49.099+0000] {dagbag.py:545} INFO - Filling up the DagBag from /home/airflow/.local/lib/python3.12/site-packages/airflow/example_dags/tutorial.py
[2026-06-30T08:44:49.105+0000] {processor.py:840} INFO - DAG(s) 'tutorial' retrieved from /home/airflow/.local/lib/python3.12/site-packages/airflow/example_dags/tutorial.py
[2026-06-30T08:44:49.119+0000] {logging_mixin.py:188} INFO - [2026-06-30T08:44:49.119+0000] {dag.py:3096} INFO - Sync 1 DAGs
[2026-06-30T08:44:49.133+0000] {logging_mixin.py:188} INFO - [2026-06-30T08:44:49.133+0000] {dag.py:3954} INFO - Setting next_dagrun for tutorial to 2026-06-29 00:00:00+00:00, run_after=2026-06-30 00:00:00+00:00
[2026-06-30T08:44:49.148+0000] {processor.py:183} INFO - Processing /home/airflow/.local/lib/python3.12/site-packages/airflow/example_dags/tutorial.py took 0.055 seconds
[2026-06-30T08:45:19.594+0000] {processor.py:161} INFO - Started process (PID=24794) to work on /home/airflow/.local/lib/python3.12/site-packages/airflow/example_dags/tutorial.py
[2026-06-30T08:45:19.596+0000] {processor.py:830} INFO - Processing file /home/airflow/.local/lib/python3.12/site-packages/airflow/example_dags/tutorial.py for tasks to queue
[2026-06-30T08:45:19.597+0000] {logging_mixin.py:188} INFO - [2026-06-30T08:45:19.597+0000] {dagbag.py:545} INFO - Filling up the DagBag from /home/airflow/.local/lib/python3.12/site-packages/airflow/example_dags/tutorial.py
[2026-06-30T08:45:19.604+0000] {processor.py:840} INFO - DAG(s) 'tutorial' retrieved from /home/airflow/.local/lib/python3.12/site-packages/airflow/example_dags/tutorial.py
[2026-06-30T08:45:19.622+0000] {logging_mixin.py:188} INFO - [2026-06-30T08:45:19.622+0000] {dag.py:3096} INFO - Sync 1 DAGs
[2026-06-30T08:45:19.641+0000] {logging_mixin.py:188} INFO - [2026-06-30T08:45:19.641+0000] {dag.py:3954} INFO - Setting next_dagrun for tutorial to 2026-06-29 00:00:00+00:00, run_after=2026-06-30 00:00:00+00:00
[2026-06-30T08:45:19.658+0000] {processor.py:183} INFO - Processing /home/airflow/.local/lib/python3.12/site-packages/airflow/example_dags/tutorial.py took 0.070 seconds
[2026-06-30T08:45:50.309+0000] {processor.py:161} INFO - Started process (PID=24852) to work on /home/airflow/.local/lib/python3.12/site-packages/airflow/example_dags/tutorial.py
[2026-06-30T08:45:50.310+0000] {processor.py:830} INFO - Processing file /home/airflow/.local/lib/python3.12/site-packages/airflow/example_dags/tutorial.py for tasks to queue
[2026-06-30T08:45:50.311+0000] {logging_mixin.py:188} INFO - [2026-06-30T08:45:50.311+0000] {dagbag.py:545} INFO - Filling up the DagBag from /home/airflow/.local/lib/python3.12/site-packages/airflow/example_dags/tutorial.py
[2026-06-30T08:45:50.318+0000] {processor.py:840} INFO - DAG(s) 'tutorial' retrieved from /home/airflow/.local/lib/python3.12/site-packages/airflow/example_dags/tutorial.py
[2026-06-30T08:45:50.339+0000] {logging_mixin.py:188} INFO - [2026-06-30T08:45:50.338+0000] {dag.py:3096} INFO - Sync 1 DAGs
[2026-06-30T08:45:50.358+0000] {logging_mixin.py:188} INFO - [2026-06-30T08:45:50.357+0000] {dag.py:3954} INFO - Setting next_dagrun for tutorial to 2026-06-29 00:00:00+00:00, run_after=2026-06-30 00:00:00+00:00
[2026-06-30T08:45:50.374+0000] {processor.py:183} INFO - Processing /home/airflow/.local/lib/python3.12/site-packages/airflow/example_dags/tutorial.py took 0.071 seconds
[2026-06-30T08:46:20.903+0000] {processor.py:161} INFO - Started process (PID=24910) to work on /home/airflow/.local/lib/python3.12/site-packages/airflow/example_dags/tutorial.py
[2026-06-30T08:46:20.904+0000] {processor.py:830} INFO - Processing file /home/airflow/.local/lib/python3.12/site-packages/airflow/example_dags/tutorial.py for tasks to queue
[2026-06-30T08:46:20.905+0000] {logging_mixin.py:188} INFO - [2026-06-30T08:46:20.905+0000] {dagbag.py:545} INFO - Filling up the DagBag from /home/airflow/.local/lib/python3.12/site-packages/airflow/example_dags/tutorial.py
[2026-06-30T08:46:20.911+0000] {processor.py:840} INFO - DAG(s) 'tutorial' retrieved from /home/airflow/.local/lib/python3.12/site-packages/airflow/example_dags/tutorial.py
[2026-06-30T08:46:20.926+0000] {logging_mixin.py:188} INFO - [2026-06-30T08:46:20.926+0000] {dag.py:3096} INFO - Sync 1 DAGs
[2026-06-30T08:46:20.944+0000] {logging_mixin.py:188} INFO - [2026-06-30T08:46:20.943+0000] {dag.py:3954} INFO - Setting next_dagrun for tutorial to 2026-06-29 00:00:00+00:00, run_after=2026-06-30 00:00:00+00:00
[2026-06-30T08:46:20.957+0000] {processor.py:183} INFO - Processing /home/airflow/.local/lib/python3.12/site-packages/airflow/example_dags/tutorial.py took 0.057 seconds
[2026-06-30T08:46:51.453+0000] {processor.py:161} INFO - Started process (PID=24968) to work on /home/airflow/.local/lib/python3.12/site-packages/airflow/example_dags/tutorial.py
[2026-06-30T08:46:51.454+0000] {processor.py:830} INFO - Processing file /home/airflow/.local/lib/python3.12/site-packages/airflow/example_dags/tutorial.py for tasks to queue
[2026-06-30T08:46:51.455+0000] {logging_mixin.py:188} INFO - [2026-06-30T08:46:51.454+0000] {dagbag.py:545} INFO - Filling up the DagBag from /home/airflow/.local/lib/python3.12/site-packages/airflow/example_dags/tutorial.py
[2026-06-30T08:46:51.460+0000] {processor.py:840} INFO - DAG(s) 'tutorial' retrieved from /home/airflow/.local/lib/python3.12/site-packages/airflow/example_dags/tutorial.py
[2026-06-30T08:46:51.474+0000] {logging_mixin.py:188} INFO - [2026-06-30T08:46:51.474+0000] {dag.py:3096} INFO - Sync 1 DAGs
[2026-06-30T08:46:51.494+0000] {logging_mixin.py:188} INFO - [2026-06-30T08:46:51.494+0000] {dag.py:3954} INFO - Setting next_dagrun for tutorial to 2026-06-29 00:00:00+00:00, run_after=2026-06-30 00:00:00+00:00
[2026-06-30T08:46:51.512+0000] {processor.py:183} INFO - Processing /home/airflow/.local/lib/python3.12/site-packages/airflow/example_dags/tutorial.py took 0.064 seconds
[2026-06-30T08:47:21.985+0000] {processor.py:161} INFO - Started process (PID=25026) to work on /home/airflow/.local/lib/python3.12/site-packages/airflow/example_dags/tutorial.py
[2026-06-30T08:47:21.986+0000] {processor.py:830} INFO - Processing file /home/airflow/.local/lib/python3.12/site-packages/airflow/example_dags/tutorial.py for tasks to queue
[2026-06-30T08:47:21.987+0000] {logging_mixin.py:188} INFO - [2026-06-30T08:47:21.987+0000] {dagbag.py:545} INFO - Filling up the DagBag from /home/airflow/.local/lib/python3.12/site-packages/airflow/example_dags/tutorial.py
[2026-06-30T08:47:21.992+0000] {processor.py:840} INFO - DAG(s) 'tutorial' retrieved from /home/airflow/.local/lib/python3.12/site-packages/airflow/example_dags/tutorial.py
[2026-06-30T08:47:22.006+0000] {logging_mixin.py:188} INFO - [2026-06-30T08:47:22.006+0000] {dag.py:3096} INFO - Sync 1 DAGs
[2026-06-30T08:47:22.021+0000] {logging_mixin.py:188} INFO - [2026-06-30T08:47:22.021+0000] {dag.py:3954} INFO - Setting next_dagrun for tutorial to 2026-06-29 00:00:00+00:00, run_after=2026-06-30 00:00:00+00:00
[2026-06-30T08:47:22.033+0000] {processor.py:183} INFO - Processing /home/airflow/.local/lib/python3.12/site-packages/airflow/example_dags/tutorial.py took 0.052 seconds
[2026-06-30T08:47:52.518+0000] {processor.py:161} INFO - Started process (PID=25084) to work on /home/airflow/.local/lib/python3.12/site-packages/airflow/example_dags/tutorial.py
[2026-06-30T08:47:52.519+0000] {processor.py:830} INFO - Processing file /home/airflow/.local/lib/python3.12/site-packages/airflow/example_dags/tutorial.py for tasks to queue
[2026-06-30T08:47:52.519+0000] {logging_mixin.py:188} INFO - [2026-06-30T08:47:52.519+0000] {dagbag.py:545} INFO - Filling up the DagBag from /home/airflow/.local/lib/python3.12/site-packages/airflow/example_dags/tutorial.py
[2026-06-30T08:47:52.524+0000] {processor.py:840} INFO - DAG(s) 'tutorial' retrieved from /home/airflow/.local/lib/python3.12/site-packages/airflow/example_dags/tutorial.py
[2026-06-30T08:47:52.538+0000] {logging_mixin.py:188} INFO - [2026-06-30T08:47:52.537+0000] {dag.py:3096} INFO - Sync 1 DAGs
[2026-06-30T08:47:52.552+0000] {logging_mixin.py:188} INFO - [2026-06-30T08:47:52.551+0000] {dag.py:3954} INFO - Setting next_dagrun for tutorial to 2026-06-29 00:00:00+00:00, run_after=2026-06-30 00:00:00+00:00
[2026-06-30T08:47:52.563+0000] {processor.py:183} INFO - Processing /home/airflow/.local/lib/python3.12/site-packages/airflow/example_dags/tutorial.py took 0.049 seconds
[2026-06-30T08:48:23.139+0000] {processor.py:161} INFO - Started process (PID=25142) to work on /home/airflow/.local/lib/python3.12/site-packages/airflow/example_dags/tutorial.py
[2026-06-30T08:48:23.140+0000] {processor.py:830} INFO - Processing file /home/airflow/.local/lib/python3.12/site-packages/airflow/example_dags/tutorial.py for tasks to queue
[2026-06-30T08:48:23.141+0000] {logging_mixin.py:188} INFO - [2026-06-30T08:48:23.141+0000] {dagbag.py:545} INFO - Filling up the DagBag from /home/airflow/.local/lib/python3.12/site-packages/airflow/example_dags/tutorial.py
[2026-06-30T08:48:23.146+0000] {processor.py:840} INFO - DAG(s) 'tutorial' retrieved from /home/airflow/.local/lib/python3.12/site-packages/airflow/example_dags/tutorial.py
[2026-06-30T08:48:23.160+0000] {logging_mixin.py:188} INFO - [2026-06-30T08:48:23.160+0000] {dag.py:3096} INFO - Sync 1 DAGs
[2026-06-30T08:48:23.175+0000] {logging_mixin.py:188} INFO - [2026-06-30T08:48:23.175+0000] {dag.py:3954} INFO - Setting next_dagrun for tutorial to 2026-06-29 00:00:00+00:00, run_after=2026-06-30 00:00:00+00:00
[2026-06-30T08:48:23.188+0000] {processor.py:183} INFO - Processing /home/airflow/.local/lib/python3.12/site-packages/airflow/example_dags/tutorial.py took 0.053 seconds
[2026-06-30T08:48:53.632+0000] {processor.py:161} INFO - Started process (PID=25200) to work on /home/airflow/.local/lib/python3.12/site-packages/airflow/example_dags/tutorial.py
[2026-06-30T08:48:53.634+0000] {processor.py:830} INFO - Processing file /home/airflow/.local/lib/python3.12/site-packages/airflow/example_dags/tutorial.py for tasks to queue
[2026-06-30T08:48:53.636+0000] {logging_mixin.py:188} INFO - [2026-06-30T08:48:53.635+0000] {dagbag.py:545} INFO - Filling up the DagBag from /home/airflow/.local/lib/python3.12/site-packages/airflow/example_dags/tutorial.py
[2026-06-30T08:48:53.646+0000] {processor.py:840} INFO - DAG(s) 'tutorial' retrieved from /home/airflow/.local/lib/python3.12/site-packages/airflow/example_dags/tutorial.py
[2026-06-30T08:48:53.670+0000] {logging_mixin.py:188} INFO - [2026-06-30T08:48:53.670+0000] {dag.py:3096} INFO - Sync 1 DAGs
[2026-06-30T08:48:53.690+0000] {logging_mixin.py:188} INFO - [2026-06-30T08:48:53.690+0000] {dag.py:3954} INFO - Setting next_dagrun for tutorial to 2026-06-29 00:00:00+00:00, run_after=2026-06-30 00:00:00+00:00
[2026-06-30T08:48:53.714+0000] {processor.py:183} INFO - Processing /home/airflow/.local/lib/python3.12/site-packages/airflow/example_dags/tutorial.py took 0.089 seconds
[2026-06-30T08:49:24.095+0000] {processor.py:161} INFO - Started process (PID=25258) to work on /home/airflow/.local/lib/python3.12/site-packages/airflow/example_dags/tutorial.py
[2026-06-30T08:49:24.099+0000] {processor.py:830} INFO - Processing file /home/airflow/.local/lib/python3.12/site-packages/airflow/example_dags/tutorial.py for tasks to queue
[2026-06-30T08:49:24.100+0000] {logging_mixin.py:188} INFO - [2026-06-30T08:49:24.099+0000] {dagbag.py:545} INFO - Filling up the DagBag from /home/airflow/.local/lib/python3.12/site-packages/airflow/example_dags/tutorial.py
[2026-06-30T08:49:24.105+0000] {processor.py:840} INFO - DAG(s) 'tutorial' retrieved from /home/airflow/.local/lib/python3.12/site-packages/airflow/example_dags/tutorial.py
[2026-06-30T08:49:24.122+0000] {logging_mixin.py:188} INFO - [2026-06-30T08:49:24.122+0000] {dag.py:3096} INFO - Sync 1 DAGs
[2026-06-30T08:49:24.140+0000] {logging_mixin.py:188} INFO - [2026-06-30T08:49:24.140+0000] {dag.py:3954} INFO - Setting next_dagrun for tutorial to 2026-06-29 00:00:00+00:00, run_after=2026-06-30 00:00:00+00:00
[2026-06-30T08:49:24.155+0000] {processor.py:183} INFO - Processing /home/airflow/.local/lib/python3.12/site-packages/airflow/example_dags/tutorial.py took 0.064 seconds
[2026-06-30T08:49:54.860+0000] {processor.py:161} INFO - Started process (PID=25315) to work on /home/airflow/.local/lib/python3.12/site-packages/airflow/example_dags/tutorial.py
[2026-06-30T08:49:54.861+0000] {processor.py:830} INFO - Processing file /home/airflow/.local/lib/python3.12/site-packages/airflow/example_dags/tutorial.py for tasks to queue
[2026-06-30T08:49:54.862+0000] {logging_mixin.py:188} INFO - [2026-06-30T08:49:54.862+0000] {dagbag.py:545} INFO - Filling up the DagBag from /home/airflow/.local/lib/python3.12/site-packages/airflow/example_dags/tutorial.py
[2026-06-30T08:49:54.867+0000] {processor.py:840} INFO - DAG(s) 'tutorial' retrieved from /home/airflow/.local/lib/python3.12/site-packages/airflow/example_dags/tutorial.py
[2026-06-30T08:49:54.882+0000] {logging_mixin.py:188} INFO - [2026-06-30T08:49:54.881+0000] {dag.py:3096} INFO - Sync 1 DAGs
[2026-06-30T08:49:54.900+0000] {logging_mixin.py:188} INFO - [2026-06-30T08:49:54.900+0000] {dag.py:3954} INFO - Setting next_dagrun for tutorial to 2026-06-29 00:00:00+00:00, run_after=2026-06-30 00:00:00+00:00
[2026-06-30T08:49:54.917+0000] {processor.py:183} INFO - Processing /home/airflow/.local/lib/python3.12/site-packages/airflow/example_dags/tutorial.py took 0.061 seconds
[2026-06-30T08:50:25.299+0000] {processor.py:161} INFO - Started process (PID=25373) to work on /home/airflow/.local/lib/python3.12/site-packages/airflow/example_dags/tutorial.py
[2026-06-30T08:50:25.300+0000] {processor.py:830} INFO - Processing file /home/airflow/.local/lib/python3.12/site-packages/airflow/example_dags/tutorial.py for tasks to queue
[2026-06-30T08:50:25.301+0000] {logging_mixin.py:188} INFO - [2026-06-30T08:50:25.301+0000] {dagbag.py:545} INFO - Filling up the DagBag from /home/airflow/.local/lib/python3.12/site-packages/airflow/example_dags/tutorial.py
[2026-06-30T08:50:25.306+0000] {processor.py:840} INFO - DAG(s) 'tutorial' retrieved from /home/airflow/.local/lib/python3.12/site-packages/airflow/example_dags/tutorial.py
[2026-06-30T08:50:25.321+0000] {logging_mixin.py:188} INFO - [2026-06-30T08:50:25.320+0000] {dag.py:3096} INFO - Sync 1 DAGs
[2026-06-30T08:50:25.342+0000] {logging_mixin.py:188} INFO - [2026-06-30T08:50:25.342+0000] {dag.py:3954} INFO - Setting next_dagrun for tutorial to 2026-06-29 00:00:00+00:00, run_after=2026-06-30 00:00:00+00:00
[2026-06-30T08:50:25.356+0000] {processor.py:183} INFO - Processing /home/airflow/.local/lib/python3.12/site-packages/airflow/example_dags/tutorial.py took 0.061 seconds
[2026-06-30T08:50:55.714+0000] {processor.py:161} INFO - Started process (PID=25431) to work on /home/airflow/.local/lib/python3.12/site-packages/airflow/example_dags/tutorial.py
[2026-06-30T08:50:55.715+0000] {processor.py:830} INFO - Processing file /home/airflow/.local/lib/python3.12/site-packages/airflow/example_dags/tutorial.py for tasks to queue
[2026-06-30T08:50:55.716+0000] {logging_mixin.py:188} INFO - [2026-06-30T08:50:55.715+0000] {dagbag.py:545} INFO - Filling up the DagBag from /home/airflow/.local/lib/python3.12/site-packages/airflow/example_dags/tutorial.py
[2026-06-30T08:50:55.720+0000] {processor.py:840} INFO - DAG(s) 'tutorial' retrieved from /home/airflow/.local/lib/python3.12/site-packages/airflow/example_dags/tutorial.py
[2026-06-30T08:50:55.736+0000] {logging_mixin.py:188} INFO - [2026-06-30T08:50:55.735+0000] {dag.py:3096} INFO - Sync 1 DAGs
[2026-06-30T08:50:55.751+0000] {logging_mixin.py:188} INFO - [2026-06-30T08:50:55.751+0000] {dag.py:3954} INFO - Setting next_dagrun for tutorial to 2026-06-29 00:00:00+00:00, run_after=2026-06-30 00:00:00+00:00
[2026-06-30T08:50:55.765+0000] {processor.py:183} INFO - Processing /home/airflow/.local/lib/python3.12/site-packages/airflow/example_dags/tutorial.py took 0.055 seconds
[2026-06-30T08:51:26.461+0000] {processor.py:161} INFO - Started process (PID=25489) to work on /home/airflow/.local/lib/python3.12/site-packages/airflow/example_dags/tutorial.py
[2026-06-30T08:51:26.462+0000] {processor.py:830} INFO - Processing file /home/airflow/.local/lib/python3.12/site-packages/airflow/example_dags/tutorial.py for tasks to queue
[2026-06-30T08:51:26.464+0000] {logging_mixin.py:188} INFO - [2026-06-30T08:51:26.463+0000] {dagbag.py:545} INFO - Filling up the DagBag from /home/airflow/.local/lib/python3.12/site-packages/airflow/example_dags/tutorial.py
[2026-06-30T08:51:26.469+0000] {processor.py:840} INFO - DAG(s) 'tutorial' retrieved from /home/airflow/.local/lib/python3.12/site-packages/airflow/example_dags/tutorial.py
[2026-06-30T08:51:26.484+0000] {logging_mixin.py:188} INFO - [2026-06-30T08:51:26.484+0000] {dag.py:3096} INFO - Sync 1 DAGs
[2026-06-30T08:51:26.499+0000] {logging_mixin.py:188} INFO - [2026-06-30T08:51:26.499+0000] {dag.py:3954} INFO - Setting next_dagrun for tutorial to 2026-06-29 00:00:00+00:00, run_after=2026-06-30 00:00:00+00:00
[2026-06-30T08:51:26.511+0000] {processor.py:183} INFO - Processing /home/airflow/.local/lib/python3.12/site-packages/airflow/example_dags/tutorial.py took 0.054 seconds
[2026-06-30T08:51:57.296+0000] {processor.py:161} INFO - Started process (PID=25546) to work on /home/airflow/.local/lib/python3.12/site-packages/airflow/example_dags/tutorial.py
[2026-06-30T08:51:57.297+0000] {processor.py:830} INFO - Processing file /home/airflow/.local/lib/python3.12/site-packages/airflow/example_dags/tutorial.py for tasks to queue
[2026-06-30T08:51:57.298+0000] {logging_mixin.py:188} INFO - [2026-06-30T08:51:57.298+0000] {dagbag.py:545} INFO - Filling up the DagBag from /home/airflow/.local/lib/python3.12/site-packages/airflow/example_dags/tutorial.py
[2026-06-30T08:51:57.305+0000] {processor.py:840} INFO - DAG(s) 'tutorial' retrieved from /home/airflow/.local/lib/python3.12/site-packages/airflow/example_dags/tutorial.py
[2026-06-30T08:51:57.322+0000] {logging_mixin.py:188} INFO - [2026-06-30T08:51:57.322+0000] {dag.py:3096} INFO - Sync 1 DAGs
[2026-06-30T08:51:57.339+0000] {logging_mixin.py:188} INFO - [2026-06-30T08:51:57.339+0000] {dag.py:3954} INFO - Setting next_dagrun for tutorial to 2026-06-29 00:00:00+00:00, run_after=2026-06-30 00:00:00+00:00
[2026-06-30T08:51:57.353+0000] {processor.py:183} INFO - Processing /home/airflow/.local/lib/python3.12/site-packages/airflow/example_dags/tutorial.py took 0.064 seconds
[2026-06-30T08:52:28.275+0000] {processor.py:161} INFO - Started process (PID=25604) to work on /home/airflow/.local/lib/python3.12/site-packages/airflow/example_dags/tutorial.py
[2026-06-30T08:52:28.276+0000] {processor.py:830} INFO - Processing file /home/airflow/.local/lib/python3.12/site-packages/airflow/example_dags/tutorial.py for tasks to queue
[2026-06-30T08:52:28.277+0000] {logging_mixin.py:188} INFO - [2026-06-30T08:52:28.276+0000] {dagbag.py:545} INFO - Filling up the DagBag from /home/airflow/.local/lib/python3.12/site-packages/airflow/example_dags/tutorial.py
[2026-06-30T08:52:28.282+0000] {processor.py:840} INFO - DAG(s) 'tutorial' retrieved from /home/airflow/.local/lib/python3.12/site-packages/airflow/example_dags/tutorial.py
[2026-06-30T08:52:28.298+0000] {logging_mixin.py:188} INFO - [2026-06-30T08:52:28.298+0000] {dag.py:3096} INFO - Sync 1 DAGs
[2026-06-30T08:52:28.314+0000] {logging_mixin.py:188} INFO - [2026-06-30T08:52:28.314+0000] {dag.py:3954} INFO - Setting next_dagrun for tutorial to 2026-06-29 00:00:00+00:00, run_after=2026-06-30 00:00:00+00:00
[2026-06-30T08:52:28.430+0000] {processor.py:183} INFO - Processing /home/airflow/.local/lib/python3.12/site-packages/airflow/example_dags/tutorial.py took 0.160 seconds
[2026-06-30T08:52:58.649+0000] {processor.py:161} INFO - Started process (PID=25662) to work on /home/airflow/.local/lib/python3.12/site-packages/airflow/example_dags/tutorial.py
[2026-06-30T08:52:58.650+0000] {processor.py:830} INFO - Processing file /home/airflow/.local/lib/python3.12/site-packages/airflow/example_dags/tutorial.py for tasks to queue
[2026-06-30T08:52:58.651+0000] {logging_mixin.py:188} INFO - [2026-06-30T08:52:58.651+0000] {dagbag.py:545} INFO - Filling up the DagBag from /home/airflow/.local/lib/python3.12/site-packages/airflow/example_dags/tutorial.py
[2026-06-30T08:52:58.659+0000] {processor.py:840} INFO - DAG(s) 'tutorial' retrieved from /home/airflow/.local/lib/python3.12/site-packages/airflow/example_dags/tutorial.py
[2026-06-30T08:52:58.680+0000] {logging_mixin.py:188} INFO - [2026-06-30T08:52:58.679+0000] {dag.py:3096} INFO - Sync 1 DAGs
[2026-06-30T08:52:58.700+0000] {logging_mixin.py:188} INFO - [2026-06-30T08:52:58.700+0000] {dag.py:3954} INFO - Setting next_dagrun for tutorial to 2026-06-29 00:00:00+00:00, run_after=2026-06-30 00:00:00+00:00
[2026-06-30T08:52:58.717+0000] {processor.py:183} INFO - Processing /home/airflow/.local/lib/python3.12/site-packages/airflow/example_dags/tutorial.py took 0.075 seconds
