[2026-06-30T08:05:46.372+0000] {processor.py:161} INFO - Started process (PID=21738) to work on /home/airflow/.local/lib/python3.12/site-packages/airflow/example_dags/tutorial_objectstorage.py
[2026-06-30T08:05:46.383+0000] {processor.py:830} INFO - Processing file /home/airflow/.local/lib/python3.12/site-packages/airflow/example_dags/tutorial_objectstorage.py for tasks to queue
[2026-06-30T08:05:46.391+0000] {logging_mixin.py:188} INFO - [2026-06-30T08:05:46.390+0000] {dagbag.py:545} INFO - Filling up the DagBag from /home/airflow/.local/lib/python3.12/site-packages/airflow/example_dags/tutorial_objectstorage.py
[2026-06-30T08:05:46.435+0000] {processor.py:840} INFO - DAG(s) 'tutorial_objectstorage' retrieved from /home/airflow/.local/lib/python3.12/site-packages/airflow/example_dags/tutorial_objectstorage.py
[2026-06-30T08:05:46.463+0000] {logging_mixin.py:188} INFO - [2026-06-30T08:05:46.462+0000] {dag.py:3096} INFO - Sync 1 DAGs
[2026-06-30T08:05:46.483+0000] {logging_mixin.py:188} INFO - [2026-06-30T08:05:46.483+0000] {dag.py:3954} INFO - Setting next_dagrun for tutorial_objectstorage to None, run_after=None
[2026-06-30T08:05:46.517+0000] {processor.py:183} INFO - Processing /home/airflow/.local/lib/python3.12/site-packages/airflow/example_dags/tutorial_objectstorage.py took 0.151 seconds
[2026-06-30T08:18:53.729+0000] {processor.py:161} INFO - Started process (PID=21790) to work on /home/airflow/.local/lib/python3.12/site-packages/airflow/example_dags/tutorial_objectstorage.py
[2026-06-30T08:18:53.730+0000] {processor.py:830} INFO - Processing file /home/airflow/.local/lib/python3.12/site-packages/airflow/example_dags/tutorial_objectstorage.py for tasks to queue
[2026-06-30T08:18:53.731+0000] {logging_mixin.py:188} INFO - [2026-06-30T08:18:53.731+0000] {dagbag.py:545} INFO - Filling up the DagBag from /home/airflow/.local/lib/python3.12/site-packages/airflow/example_dags/tutorial_objectstorage.py
[2026-06-30T08:18:53.740+0000] {processor.py:840} INFO - DAG(s) 'tutorial_objectstorage' retrieved from /home/airflow/.local/lib/python3.12/site-packages/airflow/example_dags/tutorial_objectstorage.py
[2026-06-30T08:18:53.756+0000] {logging_mixin.py:188} INFO - [2026-06-30T08:18:53.756+0000] {dag.py:3096} INFO - Sync 1 DAGs
[2026-06-30T08:18:53.765+0000] {logging_mixin.py:188} INFO - [2026-06-30T08:18:53.765+0000] {dag.py:3954} INFO - Setting next_dagrun for tutorial_objectstorage to None, run_after=None
[2026-06-30T08:18:53.781+0000] {processor.py:183} INFO - Processing /home/airflow/.local/lib/python3.12/site-packages/airflow/example_dags/tutorial_objectstorage.py took 0.058 seconds
[2026-06-30T08:19:23.941+0000] {processor.py:161} INFO - Started process (PID=21848) to work on /home/airflow/.local/lib/python3.12/site-packages/airflow/example_dags/tutorial_objectstorage.py
[2026-06-30T08:19:23.942+0000] {processor.py:830} INFO - Processing file /home/airflow/.local/lib/python3.12/site-packages/airflow/example_dags/tutorial_objectstorage.py for tasks to queue
[2026-06-30T08:19:23.943+0000] {logging_mixin.py:188} INFO - [2026-06-30T08:19:23.942+0000] {dagbag.py:545} INFO - Filling up the DagBag from /home/airflow/.local/lib/python3.12/site-packages/airflow/example_dags/tutorial_objectstorage.py
[2026-06-30T08:19:23.949+0000] {processor.py:840} INFO - DAG(s) 'tutorial_objectstorage' retrieved from /home/airflow/.local/lib/python3.12/site-packages/airflow/example_dags/tutorial_objectstorage.py
[2026-06-30T08:19:23.965+0000] {logging_mixin.py:188} INFO - [2026-06-30T08:19:23.964+0000] {dag.py:3096} INFO - Sync 1 DAGs
[2026-06-30T08:19:23.974+0000] {logging_mixin.py:188} INFO - [2026-06-30T08:19:23.974+0000] {dag.py:3954} INFO - Setting next_dagrun for tutorial_objectstorage to None, run_after=None
[2026-06-30T08:19:23.988+0000] {processor.py:183} INFO - Processing /home/airflow/.local/lib/python3.12/site-packages/airflow/example_dags/tutorial_objectstorage.py took 0.052 seconds
[2026-06-30T08:19:54.184+0000] {processor.py:161} INFO - Started process (PID=21906) to work on /home/airflow/.local/lib/python3.12/site-packages/airflow/example_dags/tutorial_objectstorage.py
[2026-06-30T08:19:54.185+0000] {processor.py:830} INFO - Processing file /home/airflow/.local/lib/python3.12/site-packages/airflow/example_dags/tutorial_objectstorage.py for tasks to queue
[2026-06-30T08:19:54.186+0000] {logging_mixin.py:188} INFO - [2026-06-30T08:19:54.185+0000] {dagbag.py:545} INFO - Filling up the DagBag from /home/airflow/.local/lib/python3.12/site-packages/airflow/example_dags/tutorial_objectstorage.py
[2026-06-30T08:19:54.192+0000] {processor.py:840} INFO - DAG(s) 'tutorial_objectstorage' retrieved from /home/airflow/.local/lib/python3.12/site-packages/airflow/example_dags/tutorial_objectstorage.py
[2026-06-30T08:19:54.206+0000] {logging_mixin.py:188} INFO - [2026-06-30T08:19:54.206+0000] {dag.py:3096} INFO - Sync 1 DAGs
[2026-06-30T08:19:54.214+0000] {logging_mixin.py:188} INFO - [2026-06-30T08:19:54.214+0000] {dag.py:3954} INFO - Setting next_dagrun for tutorial_objectstorage to None, run_after=None
[2026-06-30T08:19:54.226+0000] {processor.py:183} INFO - Processing /home/airflow/.local/lib/python3.12/site-packages/airflow/example_dags/tutorial_objectstorage.py took 0.047 seconds
[2026-06-30T08:20:24.443+0000] {processor.py:161} INFO - Started process (PID=21964) to work on /home/airflow/.local/lib/python3.12/site-packages/airflow/example_dags/tutorial_objectstorage.py
[2026-06-30T08:20:24.444+0000] {processor.py:830} INFO - Processing file /home/airflow/.local/lib/python3.12/site-packages/airflow/example_dags/tutorial_objectstorage.py for tasks to queue
[2026-06-30T08:20:24.444+0000] {logging_mixin.py:188} INFO - [2026-06-30T08:20:24.444+0000] {dagbag.py:545} INFO - Filling up the DagBag from /home/airflow/.local/lib/python3.12/site-packages/airflow/example_dags/tutorial_objectstorage.py
[2026-06-30T08:20:24.450+0000] {processor.py:840} INFO - DAG(s) 'tutorial_objectstorage' retrieved from /home/airflow/.local/lib/python3.12/site-packages/airflow/example_dags/tutorial_objectstorage.py
[2026-06-30T08:20:24.463+0000] {logging_mixin.py:188} INFO - [2026-06-30T08:20:24.463+0000] {dag.py:3096} INFO - Sync 1 DAGs
[2026-06-30T08:20:24.472+0000] {logging_mixin.py:188} INFO - [2026-06-30T08:20:24.472+0000] {dag.py:3954} INFO - Setting next_dagrun for tutorial_objectstorage to None, run_after=None
[2026-06-30T08:20:24.485+0000] {processor.py:183} INFO - Processing /home/airflow/.local/lib/python3.12/site-packages/airflow/example_dags/tutorial_objectstorage.py took 0.046 seconds
[2026-06-30T08:20:54.869+0000] {processor.py:161} INFO - Started process (PID=22020) to work on /home/airflow/.local/lib/python3.12/site-packages/airflow/example_dags/tutorial_objectstorage.py
[2026-06-30T08:20:54.870+0000] {processor.py:830} INFO - Processing file /home/airflow/.local/lib/python3.12/site-packages/airflow/example_dags/tutorial_objectstorage.py for tasks to queue
[2026-06-30T08:20:54.871+0000] {logging_mixin.py:188} INFO - [2026-06-30T08:20:54.871+0000] {dagbag.py:545} INFO - Filling up the DagBag from /home/airflow/.local/lib/python3.12/site-packages/airflow/example_dags/tutorial_objectstorage.py
[2026-06-30T08:20:54.877+0000] {processor.py:840} INFO - DAG(s) 'tutorial_objectstorage' retrieved from /home/airflow/.local/lib/python3.12/site-packages/airflow/example_dags/tutorial_objectstorage.py
[2026-06-30T08:20:54.890+0000] {logging_mixin.py:188} INFO - [2026-06-30T08:20:54.890+0000] {dag.py:3096} INFO - Sync 1 DAGs
[2026-06-30T08:20:54.899+0000] {logging_mixin.py:188} INFO - [2026-06-30T08:20:54.899+0000] {dag.py:3954} INFO - Setting next_dagrun for tutorial_objectstorage to None, run_after=None
[2026-06-30T08:20:54.912+0000] {processor.py:183} INFO - Processing /home/airflow/.local/lib/python3.12/site-packages/airflow/example_dags/tutorial_objectstorage.py took 0.047 seconds
[2026-06-30T08:21:25.081+0000] {processor.py:161} INFO - Started process (PID=22078) to work on /home/airflow/.local/lib/python3.12/site-packages/airflow/example_dags/tutorial_objectstorage.py
[2026-06-30T08:21:25.081+0000] {processor.py:830} INFO - Processing file /home/airflow/.local/lib/python3.12/site-packages/airflow/example_dags/tutorial_objectstorage.py for tasks to queue
[2026-06-30T08:21:25.082+0000] {logging_mixin.py:188} INFO - [2026-06-30T08:21:25.082+0000] {dagbag.py:545} INFO - Filling up the DagBag from /home/airflow/.local/lib/python3.12/site-packages/airflow/example_dags/tutorial_objectstorage.py
[2026-06-30T08:21:25.088+0000] {processor.py:840} INFO - DAG(s) 'tutorial_objectstorage' retrieved from /home/airflow/.local/lib/python3.12/site-packages/airflow/example_dags/tutorial_objectstorage.py
[2026-06-30T08:21:25.101+0000] {logging_mixin.py:188} INFO - [2026-06-30T08:21:25.101+0000] {dag.py:3096} INFO - Sync 1 DAGs
[2026-06-30T08:21:25.110+0000] {logging_mixin.py:188} INFO - [2026-06-30T08:21:25.110+0000] {dag.py:3954} INFO - Setting next_dagrun for tutorial_objectstorage to None, run_after=None
[2026-06-30T08:21:25.122+0000] {processor.py:183} INFO - Processing /home/airflow/.local/lib/python3.12/site-packages/airflow/example_dags/tutorial_objectstorage.py took 0.045 seconds
[2026-06-30T08:21:55.407+0000] {processor.py:161} INFO - Started process (PID=22136) to work on /home/airflow/.local/lib/python3.12/site-packages/airflow/example_dags/tutorial_objectstorage.py
[2026-06-30T08:21:55.408+0000] {processor.py:830} INFO - Processing file /home/airflow/.local/lib/python3.12/site-packages/airflow/example_dags/tutorial_objectstorage.py for tasks to queue
[2026-06-30T08:21:55.409+0000] {logging_mixin.py:188} INFO - [2026-06-30T08:21:55.408+0000] {dagbag.py:545} INFO - Filling up the DagBag from /home/airflow/.local/lib/python3.12/site-packages/airflow/example_dags/tutorial_objectstorage.py
[2026-06-30T08:21:55.414+0000] {processor.py:840} INFO - DAG(s) 'tutorial_objectstorage' retrieved from /home/airflow/.local/lib/python3.12/site-packages/airflow/example_dags/tutorial_objectstorage.py
[2026-06-30T08:21:55.428+0000] {logging_mixin.py:188} INFO - [2026-06-30T08:21:55.428+0000] {dag.py:3096} INFO - Sync 1 DAGs
[2026-06-30T08:21:55.437+0000] {logging_mixin.py:188} INFO - [2026-06-30T08:21:55.437+0000] {dag.py:3954} INFO - Setting next_dagrun for tutorial_objectstorage to None, run_after=None
[2026-06-30T08:21:55.449+0000] {processor.py:183} INFO - Processing /home/airflow/.local/lib/python3.12/site-packages/airflow/example_dags/tutorial_objectstorage.py took 0.047 seconds
[2026-06-30T08:22:25.779+0000] {processor.py:161} INFO - Started process (PID=22193) to work on /home/airflow/.local/lib/python3.12/site-packages/airflow/example_dags/tutorial_objectstorage.py
[2026-06-30T08:22:25.779+0000] {processor.py:830} INFO - Processing file /home/airflow/.local/lib/python3.12/site-packages/airflow/example_dags/tutorial_objectstorage.py for tasks to queue
[2026-06-30T08:22:25.780+0000] {logging_mixin.py:188} INFO - [2026-06-30T08:22:25.780+0000] {dagbag.py:545} INFO - Filling up the DagBag from /home/airflow/.local/lib/python3.12/site-packages/airflow/example_dags/tutorial_objectstorage.py
[2026-06-30T08:22:25.786+0000] {processor.py:840} INFO - DAG(s) 'tutorial_objectstorage' retrieved from /home/airflow/.local/lib/python3.12/site-packages/airflow/example_dags/tutorial_objectstorage.py
[2026-06-30T08:22:25.800+0000] {logging_mixin.py:188} INFO - [2026-06-30T08:22:25.799+0000] {dag.py:3096} INFO - Sync 1 DAGs
[2026-06-30T08:22:25.808+0000] {logging_mixin.py:188} INFO - [2026-06-30T08:22:25.808+0000] {dag.py:3954} INFO - Setting next_dagrun for tutorial_objectstorage to None, run_after=None
[2026-06-30T08:22:25.823+0000] {processor.py:183} INFO - Processing /home/airflow/.local/lib/python3.12/site-packages/airflow/example_dags/tutorial_objectstorage.py took 0.049 seconds
[2026-06-30T08:22:56.353+0000] {processor.py:161} INFO - Started process (PID=22250) to work on /home/airflow/.local/lib/python3.12/site-packages/airflow/example_dags/tutorial_objectstorage.py
[2026-06-30T08:22:56.353+0000] {processor.py:830} INFO - Processing file /home/airflow/.local/lib/python3.12/site-packages/airflow/example_dags/tutorial_objectstorage.py for tasks to queue
[2026-06-30T08:22:56.354+0000] {logging_mixin.py:188} INFO - [2026-06-30T08:22:56.354+0000] {dagbag.py:545} INFO - Filling up the DagBag from /home/airflow/.local/lib/python3.12/site-packages/airflow/example_dags/tutorial_objectstorage.py
[2026-06-30T08:22:56.360+0000] {processor.py:840} INFO - DAG(s) 'tutorial_objectstorage' retrieved from /home/airflow/.local/lib/python3.12/site-packages/airflow/example_dags/tutorial_objectstorage.py
[2026-06-30T08:22:56.374+0000] {logging_mixin.py:188} INFO - [2026-06-30T08:22:56.374+0000] {dag.py:3096} INFO - Sync 1 DAGs
[2026-06-30T08:22:56.383+0000] {logging_mixin.py:188} INFO - [2026-06-30T08:22:56.383+0000] {dag.py:3954} INFO - Setting next_dagrun for tutorial_objectstorage to None, run_after=None
[2026-06-30T08:22:56.395+0000] {processor.py:183} INFO - Processing /home/airflow/.local/lib/python3.12/site-packages/airflow/example_dags/tutorial_objectstorage.py took 0.047 seconds
[2026-06-30T08:23:26.706+0000] {processor.py:161} INFO - Started process (PID=22308) to work on /home/airflow/.local/lib/python3.12/site-packages/airflow/example_dags/tutorial_objectstorage.py
[2026-06-30T08:23:26.707+0000] {processor.py:830} INFO - Processing file /home/airflow/.local/lib/python3.12/site-packages/airflow/example_dags/tutorial_objectstorage.py for tasks to queue
[2026-06-30T08:23:26.708+0000] {logging_mixin.py:188} INFO - [2026-06-30T08:23:26.708+0000] {dagbag.py:545} INFO - Filling up the DagBag from /home/airflow/.local/lib/python3.12/site-packages/airflow/example_dags/tutorial_objectstorage.py
[2026-06-30T08:23:26.714+0000] {processor.py:840} INFO - DAG(s) 'tutorial_objectstorage' retrieved from /home/airflow/.local/lib/python3.12/site-packages/airflow/example_dags/tutorial_objectstorage.py
[2026-06-30T08:23:26.727+0000] {logging_mixin.py:188} INFO - [2026-06-30T08:23:26.727+0000] {dag.py:3096} INFO - Sync 1 DAGs
[2026-06-30T08:23:26.735+0000] {logging_mixin.py:188} INFO - [2026-06-30T08:23:26.735+0000] {dag.py:3954} INFO - Setting next_dagrun for tutorial_objectstorage to None, run_after=None
[2026-06-30T08:23:26.748+0000] {processor.py:183} INFO - Processing /home/airflow/.local/lib/python3.12/site-packages/airflow/example_dags/tutorial_objectstorage.py took 0.046 seconds
[2026-06-30T08:23:57.165+0000] {processor.py:161} INFO - Started process (PID=22366) to work on /home/airflow/.local/lib/python3.12/site-packages/airflow/example_dags/tutorial_objectstorage.py
[2026-06-30T08:23:57.166+0000] {processor.py:830} INFO - Processing file /home/airflow/.local/lib/python3.12/site-packages/airflow/example_dags/tutorial_objectstorage.py for tasks to queue
[2026-06-30T08:23:57.166+0000] {logging_mixin.py:188} INFO - [2026-06-30T08:23:57.166+0000] {dagbag.py:545} INFO - Filling up the DagBag from /home/airflow/.local/lib/python3.12/site-packages/airflow/example_dags/tutorial_objectstorage.py
[2026-06-30T08:23:57.172+0000] {processor.py:840} INFO - DAG(s) 'tutorial_objectstorage' retrieved from /home/airflow/.local/lib/python3.12/site-packages/airflow/example_dags/tutorial_objectstorage.py
[2026-06-30T08:23:57.187+0000] {logging_mixin.py:188} INFO - [2026-06-30T08:23:57.187+0000] {dag.py:3096} INFO - Sync 1 DAGs
[2026-06-30T08:23:57.199+0000] {logging_mixin.py:188} INFO - [2026-06-30T08:23:57.199+0000] {dag.py:3954} INFO - Setting next_dagrun for tutorial_objectstorage to None, run_after=None
[2026-06-30T08:23:57.217+0000] {processor.py:183} INFO - Processing /home/airflow/.local/lib/python3.12/site-packages/airflow/example_dags/tutorial_objectstorage.py took 0.056 seconds
[2026-06-30T08:24:27.788+0000] {processor.py:161} INFO - Started process (PID=22424) to work on /home/airflow/.local/lib/python3.12/site-packages/airflow/example_dags/tutorial_objectstorage.py
[2026-06-30T08:24:27.789+0000] {processor.py:830} INFO - Processing file /home/airflow/.local/lib/python3.12/site-packages/airflow/example_dags/tutorial_objectstorage.py for tasks to queue
[2026-06-30T08:24:27.790+0000] {logging_mixin.py:188} INFO - [2026-06-30T08:24:27.790+0000] {dagbag.py:545} INFO - Filling up the DagBag from /home/airflow/.local/lib/python3.12/site-packages/airflow/example_dags/tutorial_objectstorage.py
[2026-06-30T08:24:27.798+0000] {processor.py:840} INFO - DAG(s) 'tutorial_objectstorage' retrieved from /home/airflow/.local/lib/python3.12/site-packages/airflow/example_dags/tutorial_objectstorage.py
[2026-06-30T08:24:27.816+0000] {logging_mixin.py:188} INFO - [2026-06-30T08:24:27.815+0000] {dag.py:3096} INFO - Sync 1 DAGs
[2026-06-30T08:24:27.825+0000] {logging_mixin.py:188} INFO - [2026-06-30T08:24:27.825+0000] {dag.py:3954} INFO - Setting next_dagrun for tutorial_objectstorage to None, run_after=None
[2026-06-30T08:24:27.840+0000] {processor.py:183} INFO - Processing /home/airflow/.local/lib/python3.12/site-packages/airflow/example_dags/tutorial_objectstorage.py took 0.056 seconds
[2026-06-30T08:24:58.241+0000] {processor.py:161} INFO - Started process (PID=22478) to work on /home/airflow/.local/lib/python3.12/site-packages/airflow/example_dags/tutorial_objectstorage.py
[2026-06-30T08:24:58.242+0000] {processor.py:830} INFO - Processing file /home/airflow/.local/lib/python3.12/site-packages/airflow/example_dags/tutorial_objectstorage.py for tasks to queue
[2026-06-30T08:24:58.244+0000] {logging_mixin.py:188} INFO - [2026-06-30T08:24:58.243+0000] {dagbag.py:545} INFO - Filling up the DagBag from /home/airflow/.local/lib/python3.12/site-packages/airflow/example_dags/tutorial_objectstorage.py
[2026-06-30T08:24:58.250+0000] {processor.py:840} INFO - DAG(s) 'tutorial_objectstorage' retrieved from /home/airflow/.local/lib/python3.12/site-packages/airflow/example_dags/tutorial_objectstorage.py
[2026-06-30T08:24:58.266+0000] {logging_mixin.py:188} INFO - [2026-06-30T08:24:58.266+0000] {dag.py:3096} INFO - Sync 1 DAGs
[2026-06-30T08:24:58.275+0000] {logging_mixin.py:188} INFO - [2026-06-30T08:24:58.275+0000] {dag.py:3954} INFO - Setting next_dagrun for tutorial_objectstorage to None, run_after=None
[2026-06-30T08:24:58.288+0000] {processor.py:183} INFO - Processing /home/airflow/.local/lib/python3.12/site-packages/airflow/example_dags/tutorial_objectstorage.py took 0.052 seconds
[2026-06-30T08:25:28.697+0000] {processor.py:161} INFO - Started process (PID=22536) to work on /home/airflow/.local/lib/python3.12/site-packages/airflow/example_dags/tutorial_objectstorage.py
[2026-06-30T08:25:28.698+0000] {processor.py:830} INFO - Processing file /home/airflow/.local/lib/python3.12/site-packages/airflow/example_dags/tutorial_objectstorage.py for tasks to queue
[2026-06-30T08:25:28.699+0000] {logging_mixin.py:188} INFO - [2026-06-30T08:25:28.698+0000] {dagbag.py:545} INFO - Filling up the DagBag from /home/airflow/.local/lib/python3.12/site-packages/airflow/example_dags/tutorial_objectstorage.py
[2026-06-30T08:25:28.706+0000] {processor.py:840} INFO - DAG(s) 'tutorial_objectstorage' retrieved from /home/airflow/.local/lib/python3.12/site-packages/airflow/example_dags/tutorial_objectstorage.py
[2026-06-30T08:25:28.723+0000] {logging_mixin.py:188} INFO - [2026-06-30T08:25:28.722+0000] {dag.py:3096} INFO - Sync 1 DAGs
[2026-06-30T08:25:28.733+0000] {logging_mixin.py:188} INFO - [2026-06-30T08:25:28.733+0000] {dag.py:3954} INFO - Setting next_dagrun for tutorial_objectstorage to None, run_after=None
[2026-06-30T08:25:28.748+0000] {processor.py:183} INFO - Processing /home/airflow/.local/lib/python3.12/site-packages/airflow/example_dags/tutorial_objectstorage.py took 0.056 seconds
[2026-06-30T08:25:58.978+0000] {processor.py:161} INFO - Started process (PID=22590) to work on /home/airflow/.local/lib/python3.12/site-packages/airflow/example_dags/tutorial_objectstorage.py
[2026-06-30T08:25:58.980+0000] {processor.py:830} INFO - Processing file /home/airflow/.local/lib/python3.12/site-packages/airflow/example_dags/tutorial_objectstorage.py for tasks to queue
[2026-06-30T08:25:58.981+0000] {logging_mixin.py:188} INFO - [2026-06-30T08:25:58.980+0000] {dagbag.py:545} INFO - Filling up the DagBag from /home/airflow/.local/lib/python3.12/site-packages/airflow/example_dags/tutorial_objectstorage.py
[2026-06-30T08:25:58.988+0000] {processor.py:840} INFO - DAG(s) 'tutorial_objectstorage' retrieved from /home/airflow/.local/lib/python3.12/site-packages/airflow/example_dags/tutorial_objectstorage.py
[2026-06-30T08:25:59.008+0000] {logging_mixin.py:188} INFO - [2026-06-30T08:25:59.008+0000] {dag.py:3096} INFO - Sync 1 DAGs
[2026-06-30T08:25:59.019+0000] {logging_mixin.py:188} INFO - [2026-06-30T08:25:59.019+0000] {dag.py:3954} INFO - Setting next_dagrun for tutorial_objectstorage to None, run_after=None
[2026-06-30T08:25:59.039+0000] {processor.py:183} INFO - Processing /home/airflow/.local/lib/python3.12/site-packages/airflow/example_dags/tutorial_objectstorage.py took 0.066 seconds
[2026-06-30T08:26:29.784+0000] {processor.py:161} INFO - Started process (PID=22648) to work on /home/airflow/.local/lib/python3.12/site-packages/airflow/example_dags/tutorial_objectstorage.py
[2026-06-30T08:26:29.786+0000] {processor.py:830} INFO - Processing file /home/airflow/.local/lib/python3.12/site-packages/airflow/example_dags/tutorial_objectstorage.py for tasks to queue
[2026-06-30T08:26:29.787+0000] {logging_mixin.py:188} INFO - [2026-06-30T08:26:29.787+0000] {dagbag.py:545} INFO - Filling up the DagBag from /home/airflow/.local/lib/python3.12/site-packages/airflow/example_dags/tutorial_objectstorage.py
[2026-06-30T08:26:29.797+0000] {processor.py:840} INFO - DAG(s) 'tutorial_objectstorage' retrieved from /home/airflow/.local/lib/python3.12/site-packages/airflow/example_dags/tutorial_objectstorage.py
[2026-06-30T08:26:29.827+0000] {logging_mixin.py:188} INFO - [2026-06-30T08:26:29.827+0000] {dag.py:3096} INFO - Sync 1 DAGs
[2026-06-30T08:26:29.844+0000] {logging_mixin.py:188} INFO - [2026-06-30T08:26:29.843+0000] {dag.py:3954} INFO - Setting next_dagrun for tutorial_objectstorage to None, run_after=None
[2026-06-30T08:26:29.871+0000] {processor.py:183} INFO - Processing /home/airflow/.local/lib/python3.12/site-packages/airflow/example_dags/tutorial_objectstorage.py took 0.093 seconds
[2026-06-30T08:27:00.539+0000] {processor.py:161} INFO - Started process (PID=22706) to work on /home/airflow/.local/lib/python3.12/site-packages/airflow/example_dags/tutorial_objectstorage.py
[2026-06-30T08:27:00.540+0000] {processor.py:830} INFO - Processing file /home/airflow/.local/lib/python3.12/site-packages/airflow/example_dags/tutorial_objectstorage.py for tasks to queue
[2026-06-30T08:27:00.541+0000] {logging_mixin.py:188} INFO - [2026-06-30T08:27:00.541+0000] {dagbag.py:545} INFO - Filling up the DagBag from /home/airflow/.local/lib/python3.12/site-packages/airflow/example_dags/tutorial_objectstorage.py
[2026-06-30T08:27:00.548+0000] {processor.py:840} INFO - DAG(s) 'tutorial_objectstorage' retrieved from /home/airflow/.local/lib/python3.12/site-packages/airflow/example_dags/tutorial_objectstorage.py
[2026-06-30T08:27:00.562+0000] {logging_mixin.py:188} INFO - [2026-06-30T08:27:00.562+0000] {dag.py:3096} INFO - Sync 1 DAGs
[2026-06-30T08:27:00.570+0000] {logging_mixin.py:188} INFO - [2026-06-30T08:27:00.570+0000] {dag.py:3954} INFO - Setting next_dagrun for tutorial_objectstorage to None, run_after=None
[2026-06-30T08:27:00.583+0000] {processor.py:183} INFO - Processing /home/airflow/.local/lib/python3.12/site-packages/airflow/example_dags/tutorial_objectstorage.py took 0.048 seconds
[2026-06-30T08:27:31.049+0000] {processor.py:161} INFO - Started process (PID=22764) to work on /home/airflow/.local/lib/python3.12/site-packages/airflow/example_dags/tutorial_objectstorage.py
[2026-06-30T08:27:31.050+0000] {processor.py:830} INFO - Processing file /home/airflow/.local/lib/python3.12/site-packages/airflow/example_dags/tutorial_objectstorage.py for tasks to queue
[2026-06-30T08:27:31.050+0000] {logging_mixin.py:188} INFO - [2026-06-30T08:27:31.050+0000] {dagbag.py:545} INFO - Filling up the DagBag from /home/airflow/.local/lib/python3.12/site-packages/airflow/example_dags/tutorial_objectstorage.py
[2026-06-30T08:27:31.057+0000] {processor.py:840} INFO - DAG(s) 'tutorial_objectstorage' retrieved from /home/airflow/.local/lib/python3.12/site-packages/airflow/example_dags/tutorial_objectstorage.py
[2026-06-30T08:27:31.071+0000] {logging_mixin.py:188} INFO - [2026-06-30T08:27:31.071+0000] {dag.py:3096} INFO - Sync 1 DAGs
[2026-06-30T08:27:31.080+0000] {logging_mixin.py:188} INFO - [2026-06-30T08:27:31.080+0000] {dag.py:3954} INFO - Setting next_dagrun for tutorial_objectstorage to None, run_after=None
[2026-06-30T08:27:31.093+0000] {processor.py:183} INFO - Processing /home/airflow/.local/lib/python3.12/site-packages/airflow/example_dags/tutorial_objectstorage.py took 0.050 seconds
[2026-06-30T08:28:01.540+0000] {processor.py:161} INFO - Started process (PID=22822) to work on /home/airflow/.local/lib/python3.12/site-packages/airflow/example_dags/tutorial_objectstorage.py
[2026-06-30T08:28:01.541+0000] {processor.py:830} INFO - Processing file /home/airflow/.local/lib/python3.12/site-packages/airflow/example_dags/tutorial_objectstorage.py for tasks to queue
[2026-06-30T08:28:01.542+0000] {logging_mixin.py:188} INFO - [2026-06-30T08:28:01.542+0000] {dagbag.py:545} INFO - Filling up the DagBag from /home/airflow/.local/lib/python3.12/site-packages/airflow/example_dags/tutorial_objectstorage.py
[2026-06-30T08:28:01.549+0000] {processor.py:840} INFO - DAG(s) 'tutorial_objectstorage' retrieved from /home/airflow/.local/lib/python3.12/site-packages/airflow/example_dags/tutorial_objectstorage.py
[2026-06-30T08:28:01.563+0000] {logging_mixin.py:188} INFO - [2026-06-30T08:28:01.562+0000] {dag.py:3096} INFO - Sync 1 DAGs
[2026-06-30T08:28:01.571+0000] {logging_mixin.py:188} INFO - [2026-06-30T08:28:01.571+0000] {dag.py:3954} INFO - Setting next_dagrun for tutorial_objectstorage to None, run_after=None
[2026-06-30T08:28:01.585+0000] {processor.py:183} INFO - Processing /home/airflow/.local/lib/python3.12/site-packages/airflow/example_dags/tutorial_objectstorage.py took 0.049 seconds
[2026-06-30T08:28:32.044+0000] {processor.py:161} INFO - Started process (PID=22880) to work on /home/airflow/.local/lib/python3.12/site-packages/airflow/example_dags/tutorial_objectstorage.py
[2026-06-30T08:28:32.045+0000] {processor.py:830} INFO - Processing file /home/airflow/.local/lib/python3.12/site-packages/airflow/example_dags/tutorial_objectstorage.py for tasks to queue
[2026-06-30T08:28:32.046+0000] {logging_mixin.py:188} INFO - [2026-06-30T08:28:32.046+0000] {dagbag.py:545} INFO - Filling up the DagBag from /home/airflow/.local/lib/python3.12/site-packages/airflow/example_dags/tutorial_objectstorage.py
[2026-06-30T08:28:32.061+0000] {processor.py:840} INFO - DAG(s) 'tutorial_objectstorage' retrieved from /home/airflow/.local/lib/python3.12/site-packages/airflow/example_dags/tutorial_objectstorage.py
[2026-06-30T08:28:32.077+0000] {logging_mixin.py:188} INFO - [2026-06-30T08:28:32.077+0000] {dag.py:3096} INFO - Sync 1 DAGs
[2026-06-30T08:28:32.087+0000] {logging_mixin.py:188} INFO - [2026-06-30T08:28:32.086+0000] {dag.py:3954} INFO - Setting next_dagrun for tutorial_objectstorage to None, run_after=None
[2026-06-30T08:28:32.102+0000] {processor.py:183} INFO - Processing /home/airflow/.local/lib/python3.12/site-packages/airflow/example_dags/tutorial_objectstorage.py took 0.064 seconds
[2026-06-30T08:29:02.419+0000] {processor.py:161} INFO - Started process (PID=22938) to work on /home/airflow/.local/lib/python3.12/site-packages/airflow/example_dags/tutorial_objectstorage.py
[2026-06-30T08:29:02.420+0000] {processor.py:830} INFO - Processing file /home/airflow/.local/lib/python3.12/site-packages/airflow/example_dags/tutorial_objectstorage.py for tasks to queue
[2026-06-30T08:29:02.421+0000] {logging_mixin.py:188} INFO - [2026-06-30T08:29:02.420+0000] {dagbag.py:545} INFO - Filling up the DagBag from /home/airflow/.local/lib/python3.12/site-packages/airflow/example_dags/tutorial_objectstorage.py
[2026-06-30T08:29:02.428+0000] {processor.py:840} INFO - DAG(s) 'tutorial_objectstorage' retrieved from /home/airflow/.local/lib/python3.12/site-packages/airflow/example_dags/tutorial_objectstorage.py
[2026-06-30T08:29:02.441+0000] {logging_mixin.py:188} INFO - [2026-06-30T08:29:02.441+0000] {dag.py:3096} INFO - Sync 1 DAGs
[2026-06-30T08:29:02.449+0000] {logging_mixin.py:188} INFO - [2026-06-30T08:29:02.449+0000] {dag.py:3954} INFO - Setting next_dagrun for tutorial_objectstorage to None, run_after=None
[2026-06-30T08:29:02.462+0000] {processor.py:183} INFO - Processing /home/airflow/.local/lib/python3.12/site-packages/airflow/example_dags/tutorial_objectstorage.py took 0.047 seconds
[2026-06-30T08:29:33.060+0000] {processor.py:161} INFO - Started process (PID=22996) to work on /home/airflow/.local/lib/python3.12/site-packages/airflow/example_dags/tutorial_objectstorage.py
[2026-06-30T08:29:33.061+0000] {processor.py:830} INFO - Processing file /home/airflow/.local/lib/python3.12/site-packages/airflow/example_dags/tutorial_objectstorage.py for tasks to queue
[2026-06-30T08:29:33.063+0000] {logging_mixin.py:188} INFO - [2026-06-30T08:29:33.062+0000] {dagbag.py:545} INFO - Filling up the DagBag from /home/airflow/.local/lib/python3.12/site-packages/airflow/example_dags/tutorial_objectstorage.py
[2026-06-30T08:29:33.073+0000] {processor.py:840} INFO - DAG(s) 'tutorial_objectstorage' retrieved from /home/airflow/.local/lib/python3.12/site-packages/airflow/example_dags/tutorial_objectstorage.py
[2026-06-30T08:29:33.090+0000] {logging_mixin.py:188} INFO - [2026-06-30T08:29:33.090+0000] {dag.py:3096} INFO - Sync 1 DAGs
[2026-06-30T08:29:33.102+0000] {logging_mixin.py:188} INFO - [2026-06-30T08:29:33.102+0000] {dag.py:3954} INFO - Setting next_dagrun for tutorial_objectstorage to None, run_after=None
[2026-06-30T08:29:33.120+0000] {processor.py:183} INFO - Processing /home/airflow/.local/lib/python3.12/site-packages/airflow/example_dags/tutorial_objectstorage.py took 0.066 seconds
[2026-06-30T08:30:03.650+0000] {processor.py:161} INFO - Started process (PID=23054) to work on /home/airflow/.local/lib/python3.12/site-packages/airflow/example_dags/tutorial_objectstorage.py
[2026-06-30T08:30:03.652+0000] {processor.py:830} INFO - Processing file /home/airflow/.local/lib/python3.12/site-packages/airflow/example_dags/tutorial_objectstorage.py for tasks to queue
[2026-06-30T08:30:03.654+0000] {logging_mixin.py:188} INFO - [2026-06-30T08:30:03.654+0000] {dagbag.py:545} INFO - Filling up the DagBag from /home/airflow/.local/lib/python3.12/site-packages/airflow/example_dags/tutorial_objectstorage.py
[2026-06-30T08:30:03.662+0000] {processor.py:840} INFO - DAG(s) 'tutorial_objectstorage' retrieved from /home/airflow/.local/lib/python3.12/site-packages/airflow/example_dags/tutorial_objectstorage.py
[2026-06-30T08:30:03.679+0000] {logging_mixin.py:188} INFO - [2026-06-30T08:30:03.679+0000] {dag.py:3096} INFO - Sync 1 DAGs
[2026-06-30T08:30:03.690+0000] {logging_mixin.py:188} INFO - [2026-06-30T08:30:03.689+0000] {dag.py:3954} INFO - Setting next_dagrun for tutorial_objectstorage to None, run_after=None
[2026-06-30T08:30:03.706+0000] {processor.py:183} INFO - Processing /home/airflow/.local/lib/python3.12/site-packages/airflow/example_dags/tutorial_objectstorage.py took 0.061 seconds
[2026-06-30T08:30:34.146+0000] {processor.py:161} INFO - Started process (PID=23112) to work on /home/airflow/.local/lib/python3.12/site-packages/airflow/example_dags/tutorial_objectstorage.py
[2026-06-30T08:30:34.148+0000] {processor.py:830} INFO - Processing file /home/airflow/.local/lib/python3.12/site-packages/airflow/example_dags/tutorial_objectstorage.py for tasks to queue
[2026-06-30T08:30:34.149+0000] {logging_mixin.py:188} INFO - [2026-06-30T08:30:34.149+0000] {dagbag.py:545} INFO - Filling up the DagBag from /home/airflow/.local/lib/python3.12/site-packages/airflow/example_dags/tutorial_objectstorage.py
[2026-06-30T08:30:34.160+0000] {processor.py:840} INFO - DAG(s) 'tutorial_objectstorage' retrieved from /home/airflow/.local/lib/python3.12/site-packages/airflow/example_dags/tutorial_objectstorage.py
[2026-06-30T08:30:34.175+0000] {logging_mixin.py:188} INFO - [2026-06-30T08:30:34.175+0000] {dag.py:3096} INFO - Sync 1 DAGs
[2026-06-30T08:30:34.184+0000] {logging_mixin.py:188} INFO - [2026-06-30T08:30:34.184+0000] {dag.py:3954} INFO - Setting next_dagrun for tutorial_objectstorage to None, run_after=None
[2026-06-30T08:30:34.199+0000] {processor.py:183} INFO - Processing /home/airflow/.local/lib/python3.12/site-packages/airflow/example_dags/tutorial_objectstorage.py took 0.059 seconds
[2026-06-30T08:31:04.801+0000] {processor.py:161} INFO - Started process (PID=23170) to work on /home/airflow/.local/lib/python3.12/site-packages/airflow/example_dags/tutorial_objectstorage.py
[2026-06-30T08:31:04.802+0000] {processor.py:830} INFO - Processing file /home/airflow/.local/lib/python3.12/site-packages/airflow/example_dags/tutorial_objectstorage.py for tasks to queue
[2026-06-30T08:31:04.802+0000] {logging_mixin.py:188} INFO - [2026-06-30T08:31:04.802+0000] {dagbag.py:545} INFO - Filling up the DagBag from /home/airflow/.local/lib/python3.12/site-packages/airflow/example_dags/tutorial_objectstorage.py
[2026-06-30T08:31:04.809+0000] {processor.py:840} INFO - DAG(s) 'tutorial_objectstorage' retrieved from /home/airflow/.local/lib/python3.12/site-packages/airflow/example_dags/tutorial_objectstorage.py
[2026-06-30T08:31:04.824+0000] {logging_mixin.py:188} INFO - [2026-06-30T08:31:04.824+0000] {dag.py:3096} INFO - Sync 1 DAGs
[2026-06-30T08:31:04.832+0000] {logging_mixin.py:188} INFO - [2026-06-30T08:31:04.832+0000] {dag.py:3954} INFO - Setting next_dagrun for tutorial_objectstorage to None, run_after=None
[2026-06-30T08:31:04.846+0000] {processor.py:183} INFO - Processing /home/airflow/.local/lib/python3.12/site-packages/airflow/example_dags/tutorial_objectstorage.py took 0.050 seconds
[2026-06-30T08:31:35.678+0000] {processor.py:161} INFO - Started process (PID=23228) to work on /home/airflow/.local/lib/python3.12/site-packages/airflow/example_dags/tutorial_objectstorage.py
[2026-06-30T08:31:35.679+0000] {processor.py:830} INFO - Processing file /home/airflow/.local/lib/python3.12/site-packages/airflow/example_dags/tutorial_objectstorage.py for tasks to queue
[2026-06-30T08:31:35.679+0000] {logging_mixin.py:188} INFO - [2026-06-30T08:31:35.679+0000] {dagbag.py:545} INFO - Filling up the DagBag from /home/airflow/.local/lib/python3.12/site-packages/airflow/example_dags/tutorial_objectstorage.py
[2026-06-30T08:31:35.686+0000] {processor.py:840} INFO - DAG(s) 'tutorial_objectstorage' retrieved from /home/airflow/.local/lib/python3.12/site-packages/airflow/example_dags/tutorial_objectstorage.py
[2026-06-30T08:31:35.702+0000] {logging_mixin.py:188} INFO - [2026-06-30T08:31:35.702+0000] {dag.py:3096} INFO - Sync 1 DAGs
[2026-06-30T08:31:35.712+0000] {logging_mixin.py:188} INFO - [2026-06-30T08:31:35.712+0000] {dag.py:3954} INFO - Setting next_dagrun for tutorial_objectstorage to None, run_after=None
[2026-06-30T08:31:35.727+0000] {processor.py:183} INFO - Processing /home/airflow/.local/lib/python3.12/site-packages/airflow/example_dags/tutorial_objectstorage.py took 0.053 seconds
[2026-06-30T08:32:06.234+0000] {processor.py:161} INFO - Started process (PID=23286) to work on /home/airflow/.local/lib/python3.12/site-packages/airflow/example_dags/tutorial_objectstorage.py
[2026-06-30T08:32:06.236+0000] {processor.py:830} INFO - Processing file /home/airflow/.local/lib/python3.12/site-packages/airflow/example_dags/tutorial_objectstorage.py for tasks to queue
[2026-06-30T08:32:06.237+0000] {logging_mixin.py:188} INFO - [2026-06-30T08:32:06.237+0000] {dagbag.py:545} INFO - Filling up the DagBag from /home/airflow/.local/lib/python3.12/site-packages/airflow/example_dags/tutorial_objectstorage.py
[2026-06-30T08:32:06.244+0000] {processor.py:840} INFO - DAG(s) 'tutorial_objectstorage' retrieved from /home/airflow/.local/lib/python3.12/site-packages/airflow/example_dags/tutorial_objectstorage.py
[2026-06-30T08:32:06.260+0000] {logging_mixin.py:188} INFO - [2026-06-30T08:32:06.260+0000] {dag.py:3096} INFO - Sync 1 DAGs
[2026-06-30T08:32:06.269+0000] {logging_mixin.py:188} INFO - [2026-06-30T08:32:06.269+0000] {dag.py:3954} INFO - Setting next_dagrun for tutorial_objectstorage to None, run_after=None
[2026-06-30T08:32:06.283+0000] {processor.py:183} INFO - Processing /home/airflow/.local/lib/python3.12/site-packages/airflow/example_dags/tutorial_objectstorage.py took 0.053 seconds
[2026-06-30T08:32:37.049+0000] {processor.py:161} INFO - Started process (PID=23344) to work on /home/airflow/.local/lib/python3.12/site-packages/airflow/example_dags/tutorial_objectstorage.py
[2026-06-30T08:32:37.050+0000] {processor.py:830} INFO - Processing file /home/airflow/.local/lib/python3.12/site-packages/airflow/example_dags/tutorial_objectstorage.py for tasks to queue
[2026-06-30T08:32:37.051+0000] {logging_mixin.py:188} INFO - [2026-06-30T08:32:37.051+0000] {dagbag.py:545} INFO - Filling up the DagBag from /home/airflow/.local/lib/python3.12/site-packages/airflow/example_dags/tutorial_objectstorage.py
[2026-06-30T08:32:37.058+0000] {processor.py:840} INFO - DAG(s) 'tutorial_objectstorage' retrieved from /home/airflow/.local/lib/python3.12/site-packages/airflow/example_dags/tutorial_objectstorage.py
[2026-06-30T08:32:37.072+0000] {logging_mixin.py:188} INFO - [2026-06-30T08:32:37.072+0000] {dag.py:3096} INFO - Sync 1 DAGs
[2026-06-30T08:32:37.081+0000] {logging_mixin.py:188} INFO - [2026-06-30T08:32:37.081+0000] {dag.py:3954} INFO - Setting next_dagrun for tutorial_objectstorage to None, run_after=None
[2026-06-30T08:32:37.094+0000] {processor.py:183} INFO - Processing /home/airflow/.local/lib/python3.12/site-packages/airflow/example_dags/tutorial_objectstorage.py took 0.049 seconds
[2026-06-30T08:33:07.893+0000] {processor.py:161} INFO - Started process (PID=23402) to work on /home/airflow/.local/lib/python3.12/site-packages/airflow/example_dags/tutorial_objectstorage.py
[2026-06-30T08:33:07.895+0000] {processor.py:830} INFO - Processing file /home/airflow/.local/lib/python3.12/site-packages/airflow/example_dags/tutorial_objectstorage.py for tasks to queue
[2026-06-30T08:33:07.896+0000] {logging_mixin.py:188} INFO - [2026-06-30T08:33:07.895+0000] {dagbag.py:545} INFO - Filling up the DagBag from /home/airflow/.local/lib/python3.12/site-packages/airflow/example_dags/tutorial_objectstorage.py
[2026-06-30T08:33:07.903+0000] {processor.py:840} INFO - DAG(s) 'tutorial_objectstorage' retrieved from /home/airflow/.local/lib/python3.12/site-packages/airflow/example_dags/tutorial_objectstorage.py
[2026-06-30T08:33:07.920+0000] {logging_mixin.py:188} INFO - [2026-06-30T08:33:07.920+0000] {dag.py:3096} INFO - Sync 1 DAGs
[2026-06-30T08:33:07.929+0000] {logging_mixin.py:188} INFO - [2026-06-30T08:33:07.929+0000] {dag.py:3954} INFO - Setting next_dagrun for tutorial_objectstorage to None, run_after=None
[2026-06-30T08:33:07.947+0000] {processor.py:183} INFO - Processing /home/airflow/.local/lib/python3.12/site-packages/airflow/example_dags/tutorial_objectstorage.py took 0.059 seconds
[2026-06-30T08:33:38.698+0000] {processor.py:161} INFO - Started process (PID=23460) to work on /home/airflow/.local/lib/python3.12/site-packages/airflow/example_dags/tutorial_objectstorage.py
[2026-06-30T08:33:38.699+0000] {processor.py:830} INFO - Processing file /home/airflow/.local/lib/python3.12/site-packages/airflow/example_dags/tutorial_objectstorage.py for tasks to queue
[2026-06-30T08:33:38.700+0000] {logging_mixin.py:188} INFO - [2026-06-30T08:33:38.699+0000] {dagbag.py:545} INFO - Filling up the DagBag from /home/airflow/.local/lib/python3.12/site-packages/airflow/example_dags/tutorial_objectstorage.py
[2026-06-30T08:33:38.707+0000] {processor.py:840} INFO - DAG(s) 'tutorial_objectstorage' retrieved from /home/airflow/.local/lib/python3.12/site-packages/airflow/example_dags/tutorial_objectstorage.py
[2026-06-30T08:33:38.733+0000] {logging_mixin.py:188} INFO - [2026-06-30T08:33:38.732+0000] {dag.py:3096} INFO - Sync 1 DAGs
[2026-06-30T08:33:38.767+0000] {logging_mixin.py:188} INFO - [2026-06-30T08:33:38.767+0000] {dag.py:3954} INFO - Setting next_dagrun for tutorial_objectstorage to None, run_after=None
[2026-06-30T08:33:38.816+0000] {processor.py:183} INFO - Processing /home/airflow/.local/lib/python3.12/site-packages/airflow/example_dags/tutorial_objectstorage.py took 0.123 seconds
[2026-06-30T08:34:09.683+0000] {processor.py:161} INFO - Started process (PID=23518) to work on /home/airflow/.local/lib/python3.12/site-packages/airflow/example_dags/tutorial_objectstorage.py
[2026-06-30T08:34:09.685+0000] {processor.py:830} INFO - Processing file /home/airflow/.local/lib/python3.12/site-packages/airflow/example_dags/tutorial_objectstorage.py for tasks to queue
[2026-06-30T08:34:09.686+0000] {logging_mixin.py:188} INFO - [2026-06-30T08:34:09.685+0000] {dagbag.py:545} INFO - Filling up the DagBag from /home/airflow/.local/lib/python3.12/site-packages/airflow/example_dags/tutorial_objectstorage.py
[2026-06-30T08:34:09.693+0000] {processor.py:840} INFO - DAG(s) 'tutorial_objectstorage' retrieved from /home/airflow/.local/lib/python3.12/site-packages/airflow/example_dags/tutorial_objectstorage.py
[2026-06-30T08:34:09.709+0000] {logging_mixin.py:188} INFO - [2026-06-30T08:34:09.709+0000] {dag.py:3096} INFO - Sync 1 DAGs
[2026-06-30T08:34:09.720+0000] {logging_mixin.py:188} INFO - [2026-06-30T08:34:09.719+0000] {dag.py:3954} INFO - Setting next_dagrun for tutorial_objectstorage to None, run_after=None
[2026-06-30T08:34:09.734+0000] {processor.py:183} INFO - Processing /home/airflow/.local/lib/python3.12/site-packages/airflow/example_dags/tutorial_objectstorage.py took 0.056 seconds
[2026-06-30T08:34:40.283+0000] {processor.py:161} INFO - Started process (PID=23576) to work on /home/airflow/.local/lib/python3.12/site-packages/airflow/example_dags/tutorial_objectstorage.py
[2026-06-30T08:34:40.284+0000] {processor.py:830} INFO - Processing file /home/airflow/.local/lib/python3.12/site-packages/airflow/example_dags/tutorial_objectstorage.py for tasks to queue
[2026-06-30T08:34:40.285+0000] {logging_mixin.py:188} INFO - [2026-06-30T08:34:40.285+0000] {dagbag.py:545} INFO - Filling up the DagBag from /home/airflow/.local/lib/python3.12/site-packages/airflow/example_dags/tutorial_objectstorage.py
[2026-06-30T08:34:40.291+0000] {processor.py:840} INFO - DAG(s) 'tutorial_objectstorage' retrieved from /home/airflow/.local/lib/python3.12/site-packages/airflow/example_dags/tutorial_objectstorage.py
[2026-06-30T08:34:40.304+0000] {logging_mixin.py:188} INFO - [2026-06-30T08:34:40.304+0000] {dag.py:3096} INFO - Sync 1 DAGs
[2026-06-30T08:34:40.313+0000] {logging_mixin.py:188} INFO - [2026-06-30T08:34:40.313+0000] {dag.py:3954} INFO - Setting next_dagrun for tutorial_objectstorage to None, run_after=None
[2026-06-30T08:34:40.325+0000] {processor.py:183} INFO - Processing /home/airflow/.local/lib/python3.12/site-packages/airflow/example_dags/tutorial_objectstorage.py took 0.046 seconds
[2026-06-30T08:35:10.627+0000] {processor.py:161} INFO - Started process (PID=23634) to work on /home/airflow/.local/lib/python3.12/site-packages/airflow/example_dags/tutorial_objectstorage.py
[2026-06-30T08:35:10.628+0000] {processor.py:830} INFO - Processing file /home/airflow/.local/lib/python3.12/site-packages/airflow/example_dags/tutorial_objectstorage.py for tasks to queue
[2026-06-30T08:35:10.629+0000] {logging_mixin.py:188} INFO - [2026-06-30T08:35:10.629+0000] {dagbag.py:545} INFO - Filling up the DagBag from /home/airflow/.local/lib/python3.12/site-packages/airflow/example_dags/tutorial_objectstorage.py
[2026-06-30T08:35:10.636+0000] {processor.py:840} INFO - DAG(s) 'tutorial_objectstorage' retrieved from /home/airflow/.local/lib/python3.12/site-packages/airflow/example_dags/tutorial_objectstorage.py
[2026-06-30T08:35:10.652+0000] {logging_mixin.py:188} INFO - [2026-06-30T08:35:10.652+0000] {dag.py:3096} INFO - Sync 1 DAGs
[2026-06-30T08:35:10.663+0000] {logging_mixin.py:188} INFO - [2026-06-30T08:35:10.662+0000] {dag.py:3954} INFO - Setting next_dagrun for tutorial_objectstorage to None, run_after=None
[2026-06-30T08:35:10.680+0000] {processor.py:183} INFO - Processing /home/airflow/.local/lib/python3.12/site-packages/airflow/example_dags/tutorial_objectstorage.py took 0.058 seconds
[2026-06-30T08:35:41.068+0000] {processor.py:161} INFO - Started process (PID=23692) to work on /home/airflow/.local/lib/python3.12/site-packages/airflow/example_dags/tutorial_objectstorage.py
[2026-06-30T08:35:41.069+0000] {processor.py:830} INFO - Processing file /home/airflow/.local/lib/python3.12/site-packages/airflow/example_dags/tutorial_objectstorage.py for tasks to queue
[2026-06-30T08:35:41.070+0000] {logging_mixin.py:188} INFO - [2026-06-30T08:35:41.069+0000] {dagbag.py:545} INFO - Filling up the DagBag from /home/airflow/.local/lib/python3.12/site-packages/airflow/example_dags/tutorial_objectstorage.py
[2026-06-30T08:35:41.076+0000] {processor.py:840} INFO - DAG(s) 'tutorial_objectstorage' retrieved from /home/airflow/.local/lib/python3.12/site-packages/airflow/example_dags/tutorial_objectstorage.py
[2026-06-30T08:35:41.090+0000] {logging_mixin.py:188} INFO - [2026-06-30T08:35:41.090+0000] {dag.py:3096} INFO - Sync 1 DAGs
[2026-06-30T08:35:41.099+0000] {logging_mixin.py:188} INFO - [2026-06-30T08:35:41.099+0000] {dag.py:3954} INFO - Setting next_dagrun for tutorial_objectstorage to None, run_after=None
[2026-06-30T08:35:41.115+0000] {processor.py:183} INFO - Processing /home/airflow/.local/lib/python3.12/site-packages/airflow/example_dags/tutorial_objectstorage.py took 0.052 seconds
[2026-06-30T08:36:11.308+0000] {processor.py:161} INFO - Started process (PID=23750) to work on /home/airflow/.local/lib/python3.12/site-packages/airflow/example_dags/tutorial_objectstorage.py
[2026-06-30T08:36:11.308+0000] {processor.py:830} INFO - Processing file /home/airflow/.local/lib/python3.12/site-packages/airflow/example_dags/tutorial_objectstorage.py for tasks to queue
[2026-06-30T08:36:11.309+0000] {logging_mixin.py:188} INFO - [2026-06-30T08:36:11.309+0000] {dagbag.py:545} INFO - Filling up the DagBag from /home/airflow/.local/lib/python3.12/site-packages/airflow/example_dags/tutorial_objectstorage.py
[2026-06-30T08:36:11.315+0000] {processor.py:840} INFO - DAG(s) 'tutorial_objectstorage' retrieved from /home/airflow/.local/lib/python3.12/site-packages/airflow/example_dags/tutorial_objectstorage.py
[2026-06-30T08:36:11.328+0000] {logging_mixin.py:188} INFO - [2026-06-30T08:36:11.328+0000] {dag.py:3096} INFO - Sync 1 DAGs
[2026-06-30T08:36:11.337+0000] {logging_mixin.py:188} INFO - [2026-06-30T08:36:11.336+0000] {dag.py:3954} INFO - Setting next_dagrun for tutorial_objectstorage to None, run_after=None
[2026-06-30T08:36:11.350+0000] {processor.py:183} INFO - Processing /home/airflow/.local/lib/python3.12/site-packages/airflow/example_dags/tutorial_objectstorage.py took 0.047 seconds
[2026-06-30T08:36:41.883+0000] {processor.py:161} INFO - Started process (PID=23815) to work on /home/airflow/.local/lib/python3.12/site-packages/airflow/example_dags/tutorial_objectstorage.py
[2026-06-30T08:36:41.884+0000] {processor.py:830} INFO - Processing file /home/airflow/.local/lib/python3.12/site-packages/airflow/example_dags/tutorial_objectstorage.py for tasks to queue
[2026-06-30T08:36:41.885+0000] {logging_mixin.py:188} INFO - [2026-06-30T08:36:41.885+0000] {dagbag.py:545} INFO - Filling up the DagBag from /home/airflow/.local/lib/python3.12/site-packages/airflow/example_dags/tutorial_objectstorage.py
[2026-06-30T08:36:41.891+0000] {processor.py:840} INFO - DAG(s) 'tutorial_objectstorage' retrieved from /home/airflow/.local/lib/python3.12/site-packages/airflow/example_dags/tutorial_objectstorage.py
[2026-06-30T08:36:41.905+0000] {logging_mixin.py:188} INFO - [2026-06-30T08:36:41.905+0000] {dag.py:3096} INFO - Sync 1 DAGs
[2026-06-30T08:36:41.914+0000] {logging_mixin.py:188} INFO - [2026-06-30T08:36:41.913+0000] {dag.py:3954} INFO - Setting next_dagrun for tutorial_objectstorage to None, run_after=None
[2026-06-30T08:36:41.926+0000] {processor.py:183} INFO - Processing /home/airflow/.local/lib/python3.12/site-packages/airflow/example_dags/tutorial_objectstorage.py took 0.047 seconds
[2026-06-30T08:37:12.183+0000] {processor.py:161} INFO - Started process (PID=23873) to work on /home/airflow/.local/lib/python3.12/site-packages/airflow/example_dags/tutorial_objectstorage.py
[2026-06-30T08:37:12.184+0000] {processor.py:830} INFO - Processing file /home/airflow/.local/lib/python3.12/site-packages/airflow/example_dags/tutorial_objectstorage.py for tasks to queue
[2026-06-30T08:37:12.185+0000] {logging_mixin.py:188} INFO - [2026-06-30T08:37:12.185+0000] {dagbag.py:545} INFO - Filling up the DagBag from /home/airflow/.local/lib/python3.12/site-packages/airflow/example_dags/tutorial_objectstorage.py
[2026-06-30T08:37:12.191+0000] {processor.py:840} INFO - DAG(s) 'tutorial_objectstorage' retrieved from /home/airflow/.local/lib/python3.12/site-packages/airflow/example_dags/tutorial_objectstorage.py
[2026-06-30T08:37:12.206+0000] {logging_mixin.py:188} INFO - [2026-06-30T08:37:12.206+0000] {dag.py:3096} INFO - Sync 1 DAGs
[2026-06-30T08:37:12.215+0000] {logging_mixin.py:188} INFO - [2026-06-30T08:37:12.215+0000] {dag.py:3954} INFO - Setting next_dagrun for tutorial_objectstorage to None, run_after=None
[2026-06-30T08:37:12.228+0000] {processor.py:183} INFO - Processing /home/airflow/.local/lib/python3.12/site-packages/airflow/example_dags/tutorial_objectstorage.py took 0.048 seconds
[2026-06-30T08:37:42.570+0000] {processor.py:161} INFO - Started process (PID=23931) to work on /home/airflow/.local/lib/python3.12/site-packages/airflow/example_dags/tutorial_objectstorage.py
[2026-06-30T08:37:42.571+0000] {processor.py:830} INFO - Processing file /home/airflow/.local/lib/python3.12/site-packages/airflow/example_dags/tutorial_objectstorage.py for tasks to queue
[2026-06-30T08:37:42.572+0000] {logging_mixin.py:188} INFO - [2026-06-30T08:37:42.572+0000] {dagbag.py:545} INFO - Filling up the DagBag from /home/airflow/.local/lib/python3.12/site-packages/airflow/example_dags/tutorial_objectstorage.py
[2026-06-30T08:37:42.580+0000] {processor.py:840} INFO - DAG(s) 'tutorial_objectstorage' retrieved from /home/airflow/.local/lib/python3.12/site-packages/airflow/example_dags/tutorial_objectstorage.py
[2026-06-30T08:37:42.595+0000] {logging_mixin.py:188} INFO - [2026-06-30T08:37:42.595+0000] {dag.py:3096} INFO - Sync 1 DAGs
[2026-06-30T08:37:42.606+0000] {logging_mixin.py:188} INFO - [2026-06-30T08:37:42.606+0000] {dag.py:3954} INFO - Setting next_dagrun for tutorial_objectstorage to None, run_after=None
[2026-06-30T08:37:42.620+0000] {processor.py:183} INFO - Processing /home/airflow/.local/lib/python3.12/site-packages/airflow/example_dags/tutorial_objectstorage.py took 0.054 seconds
[2026-06-30T08:38:13.116+0000] {processor.py:161} INFO - Started process (PID=23989) to work on /home/airflow/.local/lib/python3.12/site-packages/airflow/example_dags/tutorial_objectstorage.py
[2026-06-30T08:38:13.117+0000] {processor.py:830} INFO - Processing file /home/airflow/.local/lib/python3.12/site-packages/airflow/example_dags/tutorial_objectstorage.py for tasks to queue
[2026-06-30T08:38:13.117+0000] {logging_mixin.py:188} INFO - [2026-06-30T08:38:13.117+0000] {dagbag.py:545} INFO - Filling up the DagBag from /home/airflow/.local/lib/python3.12/site-packages/airflow/example_dags/tutorial_objectstorage.py
[2026-06-30T08:38:13.123+0000] {processor.py:840} INFO - DAG(s) 'tutorial_objectstorage' retrieved from /home/airflow/.local/lib/python3.12/site-packages/airflow/example_dags/tutorial_objectstorage.py
[2026-06-30T08:38:13.136+0000] {logging_mixin.py:188} INFO - [2026-06-30T08:38:13.136+0000] {dag.py:3096} INFO - Sync 1 DAGs
[2026-06-30T08:38:13.144+0000] {logging_mixin.py:188} INFO - [2026-06-30T08:38:13.144+0000] {dag.py:3954} INFO - Setting next_dagrun for tutorial_objectstorage to None, run_after=None
[2026-06-30T08:38:13.156+0000] {processor.py:183} INFO - Processing /home/airflow/.local/lib/python3.12/site-packages/airflow/example_dags/tutorial_objectstorage.py took 0.045 seconds
[2026-06-30T08:38:43.564+0000] {processor.py:161} INFO - Started process (PID=24047) to work on /home/airflow/.local/lib/python3.12/site-packages/airflow/example_dags/tutorial_objectstorage.py
[2026-06-30T08:38:43.566+0000] {processor.py:830} INFO - Processing file /home/airflow/.local/lib/python3.12/site-packages/airflow/example_dags/tutorial_objectstorage.py for tasks to queue
[2026-06-30T08:38:43.568+0000] {logging_mixin.py:188} INFO - [2026-06-30T08:38:43.568+0000] {dagbag.py:545} INFO - Filling up the DagBag from /home/airflow/.local/lib/python3.12/site-packages/airflow/example_dags/tutorial_objectstorage.py
[2026-06-30T08:38:43.577+0000] {processor.py:840} INFO - DAG(s) 'tutorial_objectstorage' retrieved from /home/airflow/.local/lib/python3.12/site-packages/airflow/example_dags/tutorial_objectstorage.py
[2026-06-30T08:38:43.592+0000] {logging_mixin.py:188} INFO - [2026-06-30T08:38:43.592+0000] {dag.py:3096} INFO - Sync 1 DAGs
[2026-06-30T08:38:43.601+0000] {logging_mixin.py:188} INFO - [2026-06-30T08:38:43.601+0000] {dag.py:3954} INFO - Setting next_dagrun for tutorial_objectstorage to None, run_after=None
[2026-06-30T08:38:43.615+0000] {processor.py:183} INFO - Processing /home/airflow/.local/lib/python3.12/site-packages/airflow/example_dags/tutorial_objectstorage.py took 0.056 seconds
[2026-06-30T08:39:14.093+0000] {processor.py:161} INFO - Started process (PID=24105) to work on /home/airflow/.local/lib/python3.12/site-packages/airflow/example_dags/tutorial_objectstorage.py
[2026-06-30T08:39:14.095+0000] {processor.py:830} INFO - Processing file /home/airflow/.local/lib/python3.12/site-packages/airflow/example_dags/tutorial_objectstorage.py for tasks to queue
[2026-06-30T08:39:14.095+0000] {logging_mixin.py:188} INFO - [2026-06-30T08:39:14.095+0000] {dagbag.py:545} INFO - Filling up the DagBag from /home/airflow/.local/lib/python3.12/site-packages/airflow/example_dags/tutorial_objectstorage.py
[2026-06-30T08:39:14.101+0000] {processor.py:840} INFO - DAG(s) 'tutorial_objectstorage' retrieved from /home/airflow/.local/lib/python3.12/site-packages/airflow/example_dags/tutorial_objectstorage.py
[2026-06-30T08:39:14.116+0000] {logging_mixin.py:188} INFO - [2026-06-30T08:39:14.115+0000] {dag.py:3096} INFO - Sync 1 DAGs
[2026-06-30T08:39:14.126+0000] {logging_mixin.py:188} INFO - [2026-06-30T08:39:14.125+0000] {dag.py:3954} INFO - Setting next_dagrun for tutorial_objectstorage to None, run_after=None
[2026-06-30T08:39:14.139+0000] {processor.py:183} INFO - Processing /home/airflow/.local/lib/python3.12/site-packages/airflow/example_dags/tutorial_objectstorage.py took 0.050 seconds
[2026-06-30T08:39:44.656+0000] {processor.py:161} INFO - Started process (PID=24163) to work on /home/airflow/.local/lib/python3.12/site-packages/airflow/example_dags/tutorial_objectstorage.py
[2026-06-30T08:39:44.657+0000] {processor.py:830} INFO - Processing file /home/airflow/.local/lib/python3.12/site-packages/airflow/example_dags/tutorial_objectstorage.py for tasks to queue
[2026-06-30T08:39:44.658+0000] {logging_mixin.py:188} INFO - [2026-06-30T08:39:44.658+0000] {dagbag.py:545} INFO - Filling up the DagBag from /home/airflow/.local/lib/python3.12/site-packages/airflow/example_dags/tutorial_objectstorage.py
[2026-06-30T08:39:44.665+0000] {processor.py:840} INFO - DAG(s) 'tutorial_objectstorage' retrieved from /home/airflow/.local/lib/python3.12/site-packages/airflow/example_dags/tutorial_objectstorage.py
[2026-06-30T08:39:44.681+0000] {logging_mixin.py:188} INFO - [2026-06-30T08:39:44.681+0000] {dag.py:3096} INFO - Sync 1 DAGs
[2026-06-30T08:39:44.693+0000] {logging_mixin.py:188} INFO - [2026-06-30T08:39:44.693+0000] {dag.py:3954} INFO - Setting next_dagrun for tutorial_objectstorage to None, run_after=None
[2026-06-30T08:39:44.709+0000] {processor.py:183} INFO - Processing /home/airflow/.local/lib/python3.12/site-packages/airflow/example_dags/tutorial_objectstorage.py took 0.058 seconds
[2026-06-30T08:40:15.131+0000] {processor.py:161} INFO - Started process (PID=24221) to work on /home/airflow/.local/lib/python3.12/site-packages/airflow/example_dags/tutorial_objectstorage.py
[2026-06-30T08:40:15.133+0000] {processor.py:830} INFO - Processing file /home/airflow/.local/lib/python3.12/site-packages/airflow/example_dags/tutorial_objectstorage.py for tasks to queue
[2026-06-30T08:40:15.133+0000] {logging_mixin.py:188} INFO - [2026-06-30T08:40:15.133+0000] {dagbag.py:545} INFO - Filling up the DagBag from /home/airflow/.local/lib/python3.12/site-packages/airflow/example_dags/tutorial_objectstorage.py
[2026-06-30T08:40:15.139+0000] {processor.py:840} INFO - DAG(s) 'tutorial_objectstorage' retrieved from /home/airflow/.local/lib/python3.12/site-packages/airflow/example_dags/tutorial_objectstorage.py
[2026-06-30T08:40:15.153+0000] {logging_mixin.py:188} INFO - [2026-06-30T08:40:15.153+0000] {dag.py:3096} INFO - Sync 1 DAGs
[2026-06-30T08:40:15.161+0000] {logging_mixin.py:188} INFO - [2026-06-30T08:40:15.161+0000] {dag.py:3954} INFO - Setting next_dagrun for tutorial_objectstorage to None, run_after=None
[2026-06-30T08:40:15.174+0000] {processor.py:183} INFO - Processing /home/airflow/.local/lib/python3.12/site-packages/airflow/example_dags/tutorial_objectstorage.py took 0.047 seconds
[2026-06-30T08:40:45.709+0000] {processor.py:161} INFO - Started process (PID=24279) to work on /home/airflow/.local/lib/python3.12/site-packages/airflow/example_dags/tutorial_objectstorage.py
[2026-06-30T08:40:45.709+0000] {processor.py:830} INFO - Processing file /home/airflow/.local/lib/python3.12/site-packages/airflow/example_dags/tutorial_objectstorage.py for tasks to queue
[2026-06-30T08:40:45.710+0000] {logging_mixin.py:188} INFO - [2026-06-30T08:40:45.710+0000] {dagbag.py:545} INFO - Filling up the DagBag from /home/airflow/.local/lib/python3.12/site-packages/airflow/example_dags/tutorial_objectstorage.py
[2026-06-30T08:40:45.716+0000] {processor.py:840} INFO - DAG(s) 'tutorial_objectstorage' retrieved from /home/airflow/.local/lib/python3.12/site-packages/airflow/example_dags/tutorial_objectstorage.py
[2026-06-30T08:40:45.731+0000] {logging_mixin.py:188} INFO - [2026-06-30T08:40:45.731+0000] {dag.py:3096} INFO - Sync 1 DAGs
[2026-06-30T08:40:45.740+0000] {logging_mixin.py:188} INFO - [2026-06-30T08:40:45.740+0000] {dag.py:3954} INFO - Setting next_dagrun for tutorial_objectstorage to None, run_after=None
[2026-06-30T08:40:45.754+0000] {processor.py:183} INFO - Processing /home/airflow/.local/lib/python3.12/site-packages/airflow/example_dags/tutorial_objectstorage.py took 0.050 seconds
[2026-06-30T08:41:16.377+0000] {processor.py:161} INFO - Started process (PID=24337) to work on /home/airflow/.local/lib/python3.12/site-packages/airflow/example_dags/tutorial_objectstorage.py
[2026-06-30T08:41:16.377+0000] {processor.py:830} INFO - Processing file /home/airflow/.local/lib/python3.12/site-packages/airflow/example_dags/tutorial_objectstorage.py for tasks to queue
[2026-06-30T08:41:16.379+0000] {logging_mixin.py:188} INFO - [2026-06-30T08:41:16.378+0000] {dagbag.py:545} INFO - Filling up the DagBag from /home/airflow/.local/lib/python3.12/site-packages/airflow/example_dags/tutorial_objectstorage.py
[2026-06-30T08:41:16.385+0000] {processor.py:840} INFO - DAG(s) 'tutorial_objectstorage' retrieved from /home/airflow/.local/lib/python3.12/site-packages/airflow/example_dags/tutorial_objectstorage.py
[2026-06-30T08:41:16.398+0000] {logging_mixin.py:188} INFO - [2026-06-30T08:41:16.398+0000] {dag.py:3096} INFO - Sync 1 DAGs
[2026-06-30T08:41:16.407+0000] {logging_mixin.py:188} INFO - [2026-06-30T08:41:16.407+0000] {dag.py:3954} INFO - Setting next_dagrun for tutorial_objectstorage to None, run_after=None
[2026-06-30T08:41:16.421+0000] {processor.py:183} INFO - Processing /home/airflow/.local/lib/python3.12/site-packages/airflow/example_dags/tutorial_objectstorage.py took 0.049 seconds
[2026-06-30T08:41:46.904+0000] {processor.py:161} INFO - Started process (PID=24395) to work on /home/airflow/.local/lib/python3.12/site-packages/airflow/example_dags/tutorial_objectstorage.py
[2026-06-30T08:41:46.904+0000] {processor.py:830} INFO - Processing file /home/airflow/.local/lib/python3.12/site-packages/airflow/example_dags/tutorial_objectstorage.py for tasks to queue
[2026-06-30T08:41:46.905+0000] {logging_mixin.py:188} INFO - [2026-06-30T08:41:46.905+0000] {dagbag.py:545} INFO - Filling up the DagBag from /home/airflow/.local/lib/python3.12/site-packages/airflow/example_dags/tutorial_objectstorage.py
[2026-06-30T08:41:46.911+0000] {processor.py:840} INFO - DAG(s) 'tutorial_objectstorage' retrieved from /home/airflow/.local/lib/python3.12/site-packages/airflow/example_dags/tutorial_objectstorage.py
[2026-06-30T08:41:46.925+0000] {logging_mixin.py:188} INFO - [2026-06-30T08:41:46.925+0000] {dag.py:3096} INFO - Sync 1 DAGs
[2026-06-30T08:41:46.934+0000] {logging_mixin.py:188} INFO - [2026-06-30T08:41:46.934+0000] {dag.py:3954} INFO - Setting next_dagrun for tutorial_objectstorage to None, run_after=None
[2026-06-30T08:41:46.946+0000] {processor.py:183} INFO - Processing /home/airflow/.local/lib/python3.12/site-packages/airflow/example_dags/tutorial_objectstorage.py took 0.046 seconds
[2026-06-30T08:42:17.357+0000] {processor.py:161} INFO - Started process (PID=24453) to work on /home/airflow/.local/lib/python3.12/site-packages/airflow/example_dags/tutorial_objectstorage.py
[2026-06-30T08:42:17.358+0000] {processor.py:830} INFO - Processing file /home/airflow/.local/lib/python3.12/site-packages/airflow/example_dags/tutorial_objectstorage.py for tasks to queue
[2026-06-30T08:42:17.358+0000] {logging_mixin.py:188} INFO - [2026-06-30T08:42:17.358+0000] {dagbag.py:545} INFO - Filling up the DagBag from /home/airflow/.local/lib/python3.12/site-packages/airflow/example_dags/tutorial_objectstorage.py
[2026-06-30T08:42:17.364+0000] {processor.py:840} INFO - DAG(s) 'tutorial_objectstorage' retrieved from /home/airflow/.local/lib/python3.12/site-packages/airflow/example_dags/tutorial_objectstorage.py
[2026-06-30T08:42:17.377+0000] {logging_mixin.py:188} INFO - [2026-06-30T08:42:17.377+0000] {dag.py:3096} INFO - Sync 1 DAGs
[2026-06-30T08:42:17.385+0000] {logging_mixin.py:188} INFO - [2026-06-30T08:42:17.385+0000] {dag.py:3954} INFO - Setting next_dagrun for tutorial_objectstorage to None, run_after=None
[2026-06-30T08:42:17.398+0000] {processor.py:183} INFO - Processing /home/airflow/.local/lib/python3.12/site-packages/airflow/example_dags/tutorial_objectstorage.py took 0.045 seconds
[2026-06-30T08:42:48.103+0000] {processor.py:161} INFO - Started process (PID=24511) to work on /home/airflow/.local/lib/python3.12/site-packages/airflow/example_dags/tutorial_objectstorage.py
[2026-06-30T08:42:48.104+0000] {processor.py:830} INFO - Processing file /home/airflow/.local/lib/python3.12/site-packages/airflow/example_dags/tutorial_objectstorage.py for tasks to queue
[2026-06-30T08:42:48.105+0000] {logging_mixin.py:188} INFO - [2026-06-30T08:42:48.105+0000] {dagbag.py:545} INFO - Filling up the DagBag from /home/airflow/.local/lib/python3.12/site-packages/airflow/example_dags/tutorial_objectstorage.py
[2026-06-30T08:42:48.111+0000] {processor.py:840} INFO - DAG(s) 'tutorial_objectstorage' retrieved from /home/airflow/.local/lib/python3.12/site-packages/airflow/example_dags/tutorial_objectstorage.py
[2026-06-30T08:42:48.126+0000] {logging_mixin.py:188} INFO - [2026-06-30T08:42:48.126+0000] {dag.py:3096} INFO - Sync 1 DAGs
[2026-06-30T08:42:48.137+0000] {logging_mixin.py:188} INFO - [2026-06-30T08:42:48.137+0000] {dag.py:3954} INFO - Setting next_dagrun for tutorial_objectstorage to None, run_after=None
[2026-06-30T08:42:48.151+0000] {processor.py:183} INFO - Processing /home/airflow/.local/lib/python3.12/site-packages/airflow/example_dags/tutorial_objectstorage.py took 0.052 seconds
[2026-06-30T08:43:18.219+0000] {processor.py:161} INFO - Started process (PID=24569) to work on /home/airflow/.local/lib/python3.12/site-packages/airflow/example_dags/tutorial_objectstorage.py
[2026-06-30T08:43:18.221+0000] {processor.py:830} INFO - Processing file /home/airflow/.local/lib/python3.12/site-packages/airflow/example_dags/tutorial_objectstorage.py for tasks to queue
[2026-06-30T08:43:18.221+0000] {logging_mixin.py:188} INFO - [2026-06-30T08:43:18.221+0000] {dagbag.py:545} INFO - Filling up the DagBag from /home/airflow/.local/lib/python3.12/site-packages/airflow/example_dags/tutorial_objectstorage.py
[2026-06-30T08:43:18.228+0000] {processor.py:840} INFO - DAG(s) 'tutorial_objectstorage' retrieved from /home/airflow/.local/lib/python3.12/site-packages/airflow/example_dags/tutorial_objectstorage.py
[2026-06-30T08:43:18.244+0000] {logging_mixin.py:188} INFO - [2026-06-30T08:43:18.244+0000] {dag.py:3096} INFO - Sync 1 DAGs
[2026-06-30T08:43:18.253+0000] {logging_mixin.py:188} INFO - [2026-06-30T08:43:18.253+0000] {dag.py:3954} INFO - Setting next_dagrun for tutorial_objectstorage to None, run_after=None
[2026-06-30T08:43:18.268+0000] {processor.py:183} INFO - Processing /home/airflow/.local/lib/python3.12/site-packages/airflow/example_dags/tutorial_objectstorage.py took 0.053 seconds
[2026-06-30T08:43:48.600+0000] {processor.py:161} INFO - Started process (PID=24627) to work on /home/airflow/.local/lib/python3.12/site-packages/airflow/example_dags/tutorial_objectstorage.py
[2026-06-30T08:43:48.601+0000] {processor.py:830} INFO - Processing file /home/airflow/.local/lib/python3.12/site-packages/airflow/example_dags/tutorial_objectstorage.py for tasks to queue
[2026-06-30T08:43:48.602+0000] {logging_mixin.py:188} INFO - [2026-06-30T08:43:48.602+0000] {dagbag.py:545} INFO - Filling up the DagBag from /home/airflow/.local/lib/python3.12/site-packages/airflow/example_dags/tutorial_objectstorage.py
[2026-06-30T08:43:48.608+0000] {processor.py:840} INFO - DAG(s) 'tutorial_objectstorage' retrieved from /home/airflow/.local/lib/python3.12/site-packages/airflow/example_dags/tutorial_objectstorage.py
[2026-06-30T08:43:48.623+0000] {logging_mixin.py:188} INFO - [2026-06-30T08:43:48.623+0000] {dag.py:3096} INFO - Sync 1 DAGs
[2026-06-30T08:43:48.635+0000] {logging_mixin.py:188} INFO - [2026-06-30T08:43:48.635+0000] {dag.py:3954} INFO - Setting next_dagrun for tutorial_objectstorage to None, run_after=None
[2026-06-30T08:43:48.652+0000] {processor.py:183} INFO - Processing /home/airflow/.local/lib/python3.12/site-packages/airflow/example_dags/tutorial_objectstorage.py took 0.056 seconds
[2026-06-30T08:44:18.980+0000] {processor.py:161} INFO - Started process (PID=24685) to work on /home/airflow/.local/lib/python3.12/site-packages/airflow/example_dags/tutorial_objectstorage.py
[2026-06-30T08:44:18.982+0000] {processor.py:830} INFO - Processing file /home/airflow/.local/lib/python3.12/site-packages/airflow/example_dags/tutorial_objectstorage.py for tasks to queue
[2026-06-30T08:44:18.983+0000] {logging_mixin.py:188} INFO - [2026-06-30T08:44:18.983+0000] {dagbag.py:545} INFO - Filling up the DagBag from /home/airflow/.local/lib/python3.12/site-packages/airflow/example_dags/tutorial_objectstorage.py
[2026-06-30T08:44:18.990+0000] {processor.py:840} INFO - DAG(s) 'tutorial_objectstorage' retrieved from /home/airflow/.local/lib/python3.12/site-packages/airflow/example_dags/tutorial_objectstorage.py
[2026-06-30T08:44:19.007+0000] {logging_mixin.py:188} INFO - [2026-06-30T08:44:19.007+0000] {dag.py:3096} INFO - Sync 1 DAGs
[2026-06-30T08:44:19.017+0000] {logging_mixin.py:188} INFO - [2026-06-30T08:44:19.017+0000] {dag.py:3954} INFO - Setting next_dagrun for tutorial_objectstorage to None, run_after=None
[2026-06-30T08:44:19.032+0000] {processor.py:183} INFO - Processing /home/airflow/.local/lib/python3.12/site-packages/airflow/example_dags/tutorial_objectstorage.py took 0.056 seconds
[2026-06-30T08:44:49.393+0000] {processor.py:161} INFO - Started process (PID=24743) to work on /home/airflow/.local/lib/python3.12/site-packages/airflow/example_dags/tutorial_objectstorage.py
[2026-06-30T08:44:49.394+0000] {processor.py:830} INFO - Processing file /home/airflow/.local/lib/python3.12/site-packages/airflow/example_dags/tutorial_objectstorage.py for tasks to queue
[2026-06-30T08:44:49.395+0000] {logging_mixin.py:188} INFO - [2026-06-30T08:44:49.394+0000] {dagbag.py:545} INFO - Filling up the DagBag from /home/airflow/.local/lib/python3.12/site-packages/airflow/example_dags/tutorial_objectstorage.py
[2026-06-30T08:44:49.402+0000] {processor.py:840} INFO - DAG(s) 'tutorial_objectstorage' retrieved from /home/airflow/.local/lib/python3.12/site-packages/airflow/example_dags/tutorial_objectstorage.py
[2026-06-30T08:44:49.421+0000] {logging_mixin.py:188} INFO - [2026-06-30T08:44:49.421+0000] {dag.py:3096} INFO - Sync 1 DAGs
[2026-06-30T08:44:49.432+0000] {logging_mixin.py:188} INFO - [2026-06-30T08:44:49.432+0000] {dag.py:3954} INFO - Setting next_dagrun for tutorial_objectstorage to None, run_after=None
[2026-06-30T08:44:49.450+0000] {processor.py:183} INFO - Processing /home/airflow/.local/lib/python3.12/site-packages/airflow/example_dags/tutorial_objectstorage.py took 0.062 seconds
[2026-06-30T08:45:19.950+0000] {processor.py:161} INFO - Started process (PID=24801) to work on /home/airflow/.local/lib/python3.12/site-packages/airflow/example_dags/tutorial_objectstorage.py
[2026-06-30T08:45:19.953+0000] {processor.py:830} INFO - Processing file /home/airflow/.local/lib/python3.12/site-packages/airflow/example_dags/tutorial_objectstorage.py for tasks to queue
[2026-06-30T08:45:19.956+0000] {logging_mixin.py:188} INFO - [2026-06-30T08:45:19.955+0000] {dagbag.py:545} INFO - Filling up the DagBag from /home/airflow/.local/lib/python3.12/site-packages/airflow/example_dags/tutorial_objectstorage.py
[2026-06-30T08:45:19.963+0000] {processor.py:840} INFO - DAG(s) 'tutorial_objectstorage' retrieved from /home/airflow/.local/lib/python3.12/site-packages/airflow/example_dags/tutorial_objectstorage.py
[2026-06-30T08:45:19.983+0000] {logging_mixin.py:188} INFO - [2026-06-30T08:45:19.983+0000] {dag.py:3096} INFO - Sync 1 DAGs
[2026-06-30T08:45:19.997+0000] {logging_mixin.py:188} INFO - [2026-06-30T08:45:19.996+0000] {dag.py:3954} INFO - Setting next_dagrun for tutorial_objectstorage to None, run_after=None
[2026-06-30T08:45:20.018+0000] {processor.py:183} INFO - Processing /home/airflow/.local/lib/python3.12/site-packages/airflow/example_dags/tutorial_objectstorage.py took 0.074 seconds
[2026-06-30T08:45:50.625+0000] {processor.py:161} INFO - Started process (PID=24859) to work on /home/airflow/.local/lib/python3.12/site-packages/airflow/example_dags/tutorial_objectstorage.py
[2026-06-30T08:45:50.626+0000] {processor.py:830} INFO - Processing file /home/airflow/.local/lib/python3.12/site-packages/airflow/example_dags/tutorial_objectstorage.py for tasks to queue
[2026-06-30T08:45:50.628+0000] {logging_mixin.py:188} INFO - [2026-06-30T08:45:50.627+0000] {dagbag.py:545} INFO - Filling up the DagBag from /home/airflow/.local/lib/python3.12/site-packages/airflow/example_dags/tutorial_objectstorage.py
[2026-06-30T08:45:50.637+0000] {processor.py:840} INFO - DAG(s) 'tutorial_objectstorage' retrieved from /home/airflow/.local/lib/python3.12/site-packages/airflow/example_dags/tutorial_objectstorage.py
[2026-06-30T08:45:50.657+0000] {logging_mixin.py:188} INFO - [2026-06-30T08:45:50.657+0000] {dag.py:3096} INFO - Sync 1 DAGs
[2026-06-30T08:45:50.670+0000] {logging_mixin.py:188} INFO - [2026-06-30T08:45:50.670+0000] {dag.py:3954} INFO - Setting next_dagrun for tutorial_objectstorage to None, run_after=None
[2026-06-30T08:45:50.692+0000] {processor.py:183} INFO - Processing /home/airflow/.local/lib/python3.12/site-packages/airflow/example_dags/tutorial_objectstorage.py took 0.072 seconds
[2026-06-30T08:46:21.188+0000] {processor.py:161} INFO - Started process (PID=24917) to work on /home/airflow/.local/lib/python3.12/site-packages/airflow/example_dags/tutorial_objectstorage.py
[2026-06-30T08:46:21.189+0000] {processor.py:830} INFO - Processing file /home/airflow/.local/lib/python3.12/site-packages/airflow/example_dags/tutorial_objectstorage.py for tasks to queue
[2026-06-30T08:46:21.190+0000] {logging_mixin.py:188} INFO - [2026-06-30T08:46:21.190+0000] {dagbag.py:545} INFO - Filling up the DagBag from /home/airflow/.local/lib/python3.12/site-packages/airflow/example_dags/tutorial_objectstorage.py
[2026-06-30T08:46:21.196+0000] {processor.py:840} INFO - DAG(s) 'tutorial_objectstorage' retrieved from /home/airflow/.local/lib/python3.12/site-packages/airflow/example_dags/tutorial_objectstorage.py
[2026-06-30T08:46:21.211+0000] {logging_mixin.py:188} INFO - [2026-06-30T08:46:21.211+0000] {dag.py:3096} INFO - Sync 1 DAGs
[2026-06-30T08:46:21.221+0000] {logging_mixin.py:188} INFO - [2026-06-30T08:46:21.221+0000] {dag.py:3954} INFO - Setting next_dagrun for tutorial_objectstorage to None, run_after=None
[2026-06-30T08:46:21.234+0000] {processor.py:183} INFO - Processing /home/airflow/.local/lib/python3.12/site-packages/airflow/example_dags/tutorial_objectstorage.py took 0.051 seconds
[2026-06-30T08:46:51.770+0000] {processor.py:161} INFO - Started process (PID=24975) to work on /home/airflow/.local/lib/python3.12/site-packages/airflow/example_dags/tutorial_objectstorage.py
[2026-06-30T08:46:51.771+0000] {processor.py:830} INFO - Processing file /home/airflow/.local/lib/python3.12/site-packages/airflow/example_dags/tutorial_objectstorage.py for tasks to queue
[2026-06-30T08:46:51.772+0000] {logging_mixin.py:188} INFO - [2026-06-30T08:46:51.772+0000] {dagbag.py:545} INFO - Filling up the DagBag from /home/airflow/.local/lib/python3.12/site-packages/airflow/example_dags/tutorial_objectstorage.py
[2026-06-30T08:46:51.778+0000] {processor.py:840} INFO - DAG(s) 'tutorial_objectstorage' retrieved from /home/airflow/.local/lib/python3.12/site-packages/airflow/example_dags/tutorial_objectstorage.py
[2026-06-30T08:46:51.791+0000] {logging_mixin.py:188} INFO - [2026-06-30T08:46:51.791+0000] {dag.py:3096} INFO - Sync 1 DAGs
[2026-06-30T08:46:51.799+0000] {logging_mixin.py:188} INFO - [2026-06-30T08:46:51.799+0000] {dag.py:3954} INFO - Setting next_dagrun for tutorial_objectstorage to None, run_after=None
[2026-06-30T08:46:51.812+0000] {processor.py:183} INFO - Processing /home/airflow/.local/lib/python3.12/site-packages/airflow/example_dags/tutorial_objectstorage.py took 0.046 seconds
[2026-06-30T08:47:22.332+0000] {processor.py:161} INFO - Started process (PID=25033) to work on /home/airflow/.local/lib/python3.12/site-packages/airflow/example_dags/tutorial_objectstorage.py
[2026-06-30T08:47:22.333+0000] {processor.py:830} INFO - Processing file /home/airflow/.local/lib/python3.12/site-packages/airflow/example_dags/tutorial_objectstorage.py for tasks to queue
[2026-06-30T08:47:22.333+0000] {logging_mixin.py:188} INFO - [2026-06-30T08:47:22.333+0000] {dagbag.py:545} INFO - Filling up the DagBag from /home/airflow/.local/lib/python3.12/site-packages/airflow/example_dags/tutorial_objectstorage.py
[2026-06-30T08:47:22.339+0000] {processor.py:840} INFO - DAG(s) 'tutorial_objectstorage' retrieved from /home/airflow/.local/lib/python3.12/site-packages/airflow/example_dags/tutorial_objectstorage.py
[2026-06-30T08:47:22.353+0000] {logging_mixin.py:188} INFO - [2026-06-30T08:47:22.353+0000] {dag.py:3096} INFO - Sync 1 DAGs
[2026-06-30T08:47:22.363+0000] {logging_mixin.py:188} INFO - [2026-06-30T08:47:22.363+0000] {dag.py:3954} INFO - Setting next_dagrun for tutorial_objectstorage to None, run_after=None
[2026-06-30T08:47:22.375+0000] {processor.py:183} INFO - Processing /home/airflow/.local/lib/python3.12/site-packages/airflow/example_dags/tutorial_objectstorage.py took 0.047 seconds
[2026-06-30T08:47:52.834+0000] {processor.py:161} INFO - Started process (PID=25091) to work on /home/airflow/.local/lib/python3.12/site-packages/airflow/example_dags/tutorial_objectstorage.py
[2026-06-30T08:47:52.836+0000] {processor.py:830} INFO - Processing file /home/airflow/.local/lib/python3.12/site-packages/airflow/example_dags/tutorial_objectstorage.py for tasks to queue
[2026-06-30T08:47:52.837+0000] {logging_mixin.py:188} INFO - [2026-06-30T08:47:52.837+0000] {dagbag.py:545} INFO - Filling up the DagBag from /home/airflow/.local/lib/python3.12/site-packages/airflow/example_dags/tutorial_objectstorage.py
[2026-06-30T08:47:52.844+0000] {processor.py:840} INFO - DAG(s) 'tutorial_objectstorage' retrieved from /home/airflow/.local/lib/python3.12/site-packages/airflow/example_dags/tutorial_objectstorage.py
[2026-06-30T08:47:52.859+0000] {logging_mixin.py:188} INFO - [2026-06-30T08:47:52.859+0000] {dag.py:3096} INFO - Sync 1 DAGs
[2026-06-30T08:47:52.868+0000] {logging_mixin.py:188} INFO - [2026-06-30T08:47:52.868+0000] {dag.py:3954} INFO - Setting next_dagrun for tutorial_objectstorage to None, run_after=None
[2026-06-30T08:47:52.882+0000] {processor.py:183} INFO - Processing /home/airflow/.local/lib/python3.12/site-packages/airflow/example_dags/tutorial_objectstorage.py took 0.053 seconds
[2026-06-30T08:48:23.409+0000] {processor.py:161} INFO - Started process (PID=25149) to work on /home/airflow/.local/lib/python3.12/site-packages/airflow/example_dags/tutorial_objectstorage.py
[2026-06-30T08:48:23.410+0000] {processor.py:830} INFO - Processing file /home/airflow/.local/lib/python3.12/site-packages/airflow/example_dags/tutorial_objectstorage.py for tasks to queue
[2026-06-30T08:48:23.411+0000] {logging_mixin.py:188} INFO - [2026-06-30T08:48:23.411+0000] {dagbag.py:545} INFO - Filling up the DagBag from /home/airflow/.local/lib/python3.12/site-packages/airflow/example_dags/tutorial_objectstorage.py
[2026-06-30T08:48:23.418+0000] {processor.py:840} INFO - DAG(s) 'tutorial_objectstorage' retrieved from /home/airflow/.local/lib/python3.12/site-packages/airflow/example_dags/tutorial_objectstorage.py
[2026-06-30T08:48:23.435+0000] {logging_mixin.py:188} INFO - [2026-06-30T08:48:23.435+0000] {dag.py:3096} INFO - Sync 1 DAGs
[2026-06-30T08:48:23.444+0000] {logging_mixin.py:188} INFO - [2026-06-30T08:48:23.444+0000] {dag.py:3954} INFO - Setting next_dagrun for tutorial_objectstorage to None, run_after=None
[2026-06-30T08:48:23.457+0000] {processor.py:183} INFO - Processing /home/airflow/.local/lib/python3.12/site-packages/airflow/example_dags/tutorial_objectstorage.py took 0.053 seconds
[2026-06-30T08:48:53.971+0000] {processor.py:161} INFO - Started process (PID=25207) to work on /home/airflow/.local/lib/python3.12/site-packages/airflow/example_dags/tutorial_objectstorage.py
[2026-06-30T08:48:53.972+0000] {processor.py:830} INFO - Processing file /home/airflow/.local/lib/python3.12/site-packages/airflow/example_dags/tutorial_objectstorage.py for tasks to queue
[2026-06-30T08:48:53.973+0000] {logging_mixin.py:188} INFO - [2026-06-30T08:48:53.973+0000] {dagbag.py:545} INFO - Filling up the DagBag from /home/airflow/.local/lib/python3.12/site-packages/airflow/example_dags/tutorial_objectstorage.py
[2026-06-30T08:48:53.979+0000] {processor.py:840} INFO - DAG(s) 'tutorial_objectstorage' retrieved from /home/airflow/.local/lib/python3.12/site-packages/airflow/example_dags/tutorial_objectstorage.py
[2026-06-30T08:48:53.994+0000] {logging_mixin.py:188} INFO - [2026-06-30T08:48:53.994+0000] {dag.py:3096} INFO - Sync 1 DAGs
[2026-06-30T08:48:54.004+0000] {logging_mixin.py:188} INFO - [2026-06-30T08:48:54.004+0000] {dag.py:3954} INFO - Setting next_dagrun for tutorial_objectstorage to None, run_after=None
[2026-06-30T08:48:54.018+0000] {processor.py:183} INFO - Processing /home/airflow/.local/lib/python3.12/site-packages/airflow/example_dags/tutorial_objectstorage.py took 0.051 seconds
[2026-06-30T08:49:24.437+0000] {processor.py:161} INFO - Started process (PID=25265) to work on /home/airflow/.local/lib/python3.12/site-packages/airflow/example_dags/tutorial_objectstorage.py
[2026-06-30T08:49:24.438+0000] {processor.py:830} INFO - Processing file /home/airflow/.local/lib/python3.12/site-packages/airflow/example_dags/tutorial_objectstorage.py for tasks to queue
[2026-06-30T08:49:24.440+0000] {logging_mixin.py:188} INFO - [2026-06-30T08:49:24.439+0000] {dagbag.py:545} INFO - Filling up the DagBag from /home/airflow/.local/lib/python3.12/site-packages/airflow/example_dags/tutorial_objectstorage.py
[2026-06-30T08:49:24.446+0000] {processor.py:840} INFO - DAG(s) 'tutorial_objectstorage' retrieved from /home/airflow/.local/lib/python3.12/site-packages/airflow/example_dags/tutorial_objectstorage.py
[2026-06-30T08:49:24.464+0000] {logging_mixin.py:188} INFO - [2026-06-30T08:49:24.464+0000] {dag.py:3096} INFO - Sync 1 DAGs
[2026-06-30T08:49:24.473+0000] {logging_mixin.py:188} INFO - [2026-06-30T08:49:24.473+0000] {dag.py:3954} INFO - Setting next_dagrun for tutorial_objectstorage to None, run_after=None
[2026-06-30T08:49:24.486+0000] {processor.py:183} INFO - Processing /home/airflow/.local/lib/python3.12/site-packages/airflow/example_dags/tutorial_objectstorage.py took 0.054 seconds
[2026-06-30T08:49:55.134+0000] {processor.py:161} INFO - Started process (PID=25322) to work on /home/airflow/.local/lib/python3.12/site-packages/airflow/example_dags/tutorial_objectstorage.py
[2026-06-30T08:49:55.134+0000] {processor.py:830} INFO - Processing file /home/airflow/.local/lib/python3.12/site-packages/airflow/example_dags/tutorial_objectstorage.py for tasks to queue
[2026-06-30T08:49:55.135+0000] {logging_mixin.py:188} INFO - [2026-06-30T08:49:55.135+0000] {dagbag.py:545} INFO - Filling up the DagBag from /home/airflow/.local/lib/python3.12/site-packages/airflow/example_dags/tutorial_objectstorage.py
[2026-06-30T08:49:55.141+0000] {processor.py:840} INFO - DAG(s) 'tutorial_objectstorage' retrieved from /home/airflow/.local/lib/python3.12/site-packages/airflow/example_dags/tutorial_objectstorage.py
[2026-06-30T08:49:55.154+0000] {logging_mixin.py:188} INFO - [2026-06-30T08:49:55.154+0000] {dag.py:3096} INFO - Sync 1 DAGs
[2026-06-30T08:49:55.165+0000] {logging_mixin.py:188} INFO - [2026-06-30T08:49:55.164+0000] {dag.py:3954} INFO - Setting next_dagrun for tutorial_objectstorage to None, run_after=None
[2026-06-30T08:49:55.178+0000] {processor.py:183} INFO - Processing /home/airflow/.local/lib/python3.12/site-packages/airflow/example_dags/tutorial_objectstorage.py took 0.048 seconds
[2026-06-30T08:50:25.564+0000] {processor.py:161} INFO - Started process (PID=25380) to work on /home/airflow/.local/lib/python3.12/site-packages/airflow/example_dags/tutorial_objectstorage.py
[2026-06-30T08:50:25.565+0000] {processor.py:830} INFO - Processing file /home/airflow/.local/lib/python3.12/site-packages/airflow/example_dags/tutorial_objectstorage.py for tasks to queue
[2026-06-30T08:50:25.566+0000] {logging_mixin.py:188} INFO - [2026-06-30T08:50:25.566+0000] {dagbag.py:545} INFO - Filling up the DagBag from /home/airflow/.local/lib/python3.12/site-packages/airflow/example_dags/tutorial_objectstorage.py
[2026-06-30T08:50:25.573+0000] {processor.py:840} INFO - DAG(s) 'tutorial_objectstorage' retrieved from /home/airflow/.local/lib/python3.12/site-packages/airflow/example_dags/tutorial_objectstorage.py
[2026-06-30T08:50:25.590+0000] {logging_mixin.py:188} INFO - [2026-06-30T08:50:25.590+0000] {dag.py:3096} INFO - Sync 1 DAGs
[2026-06-30T08:50:25.600+0000] {logging_mixin.py:188} INFO - [2026-06-30T08:50:25.600+0000] {dag.py:3954} INFO - Setting next_dagrun for tutorial_objectstorage to None, run_after=None
[2026-06-30T08:50:25.619+0000] {processor.py:183} INFO - Processing /home/airflow/.local/lib/python3.12/site-packages/airflow/example_dags/tutorial_objectstorage.py took 0.060 seconds
[2026-06-30T08:50:55.956+0000] {processor.py:161} INFO - Started process (PID=25438) to work on /home/airflow/.local/lib/python3.12/site-packages/airflow/example_dags/tutorial_objectstorage.py
[2026-06-30T08:50:55.957+0000] {processor.py:830} INFO - Processing file /home/airflow/.local/lib/python3.12/site-packages/airflow/example_dags/tutorial_objectstorage.py for tasks to queue
[2026-06-30T08:50:55.958+0000] {logging_mixin.py:188} INFO - [2026-06-30T08:50:55.958+0000] {dagbag.py:545} INFO - Filling up the DagBag from /home/airflow/.local/lib/python3.12/site-packages/airflow/example_dags/tutorial_objectstorage.py
[2026-06-30T08:50:55.964+0000] {processor.py:840} INFO - DAG(s) 'tutorial_objectstorage' retrieved from /home/airflow/.local/lib/python3.12/site-packages/airflow/example_dags/tutorial_objectstorage.py
[2026-06-30T08:50:55.978+0000] {logging_mixin.py:188} INFO - [2026-06-30T08:50:55.978+0000] {dag.py:3096} INFO - Sync 1 DAGs
[2026-06-30T08:50:55.987+0000] {logging_mixin.py:188} INFO - [2026-06-30T08:50:55.987+0000] {dag.py:3954} INFO - Setting next_dagrun for tutorial_objectstorage to None, run_after=None
[2026-06-30T08:50:55.997+0000] {processor.py:183} INFO - Processing /home/airflow/.local/lib/python3.12/site-packages/airflow/example_dags/tutorial_objectstorage.py took 0.048 seconds
[2026-06-30T08:51:26.754+0000] {processor.py:161} INFO - Started process (PID=25496) to work on /home/airflow/.local/lib/python3.12/site-packages/airflow/example_dags/tutorial_objectstorage.py
[2026-06-30T08:51:26.755+0000] {processor.py:830} INFO - Processing file /home/airflow/.local/lib/python3.12/site-packages/airflow/example_dags/tutorial_objectstorage.py for tasks to queue
[2026-06-30T08:51:26.756+0000] {logging_mixin.py:188} INFO - [2026-06-30T08:51:26.755+0000] {dagbag.py:545} INFO - Filling up the DagBag from /home/airflow/.local/lib/python3.12/site-packages/airflow/example_dags/tutorial_objectstorage.py
[2026-06-30T08:51:26.762+0000] {processor.py:840} INFO - DAG(s) 'tutorial_objectstorage' retrieved from /home/airflow/.local/lib/python3.12/site-packages/airflow/example_dags/tutorial_objectstorage.py
[2026-06-30T08:51:26.777+0000] {logging_mixin.py:188} INFO - [2026-06-30T08:51:26.777+0000] {dag.py:3096} INFO - Sync 1 DAGs
[2026-06-30T08:51:26.786+0000] {logging_mixin.py:188} INFO - [2026-06-30T08:51:26.786+0000] {dag.py:3954} INFO - Setting next_dagrun for tutorial_objectstorage to None, run_after=None
[2026-06-30T08:51:26.799+0000] {processor.py:183} INFO - Processing /home/airflow/.local/lib/python3.12/site-packages/airflow/example_dags/tutorial_objectstorage.py took 0.049 seconds
[2026-06-30T08:51:57.647+0000] {processor.py:161} INFO - Started process (PID=25553) to work on /home/airflow/.local/lib/python3.12/site-packages/airflow/example_dags/tutorial_objectstorage.py
[2026-06-30T08:51:57.648+0000] {processor.py:830} INFO - Processing file /home/airflow/.local/lib/python3.12/site-packages/airflow/example_dags/tutorial_objectstorage.py for tasks to queue
[2026-06-30T08:51:57.649+0000] {logging_mixin.py:188} INFO - [2026-06-30T08:51:57.649+0000] {dagbag.py:545} INFO - Filling up the DagBag from /home/airflow/.local/lib/python3.12/site-packages/airflow/example_dags/tutorial_objectstorage.py
[2026-06-30T08:51:57.655+0000] {processor.py:840} INFO - DAG(s) 'tutorial_objectstorage' retrieved from /home/airflow/.local/lib/python3.12/site-packages/airflow/example_dags/tutorial_objectstorage.py
[2026-06-30T08:51:57.670+0000] {logging_mixin.py:188} INFO - [2026-06-30T08:51:57.670+0000] {dag.py:3096} INFO - Sync 1 DAGs
[2026-06-30T08:51:57.682+0000] {logging_mixin.py:188} INFO - [2026-06-30T08:51:57.682+0000] {dag.py:3954} INFO - Setting next_dagrun for tutorial_objectstorage to None, run_after=None
[2026-06-30T08:51:57.699+0000] {processor.py:183} INFO - Processing /home/airflow/.local/lib/python3.12/site-packages/airflow/example_dags/tutorial_objectstorage.py took 0.056 seconds
[2026-06-30T08:52:28.927+0000] {processor.py:161} INFO - Started process (PID=25611) to work on /home/airflow/.local/lib/python3.12/site-packages/airflow/example_dags/tutorial_objectstorage.py
[2026-06-30T08:52:28.929+0000] {processor.py:830} INFO - Processing file /home/airflow/.local/lib/python3.12/site-packages/airflow/example_dags/tutorial_objectstorage.py for tasks to queue
[2026-06-30T08:52:28.929+0000] {logging_mixin.py:188} INFO - [2026-06-30T08:52:28.929+0000] {dagbag.py:545} INFO - Filling up the DagBag from /home/airflow/.local/lib/python3.12/site-packages/airflow/example_dags/tutorial_objectstorage.py
[2026-06-30T08:52:28.936+0000] {processor.py:840} INFO - DAG(s) 'tutorial_objectstorage' retrieved from /home/airflow/.local/lib/python3.12/site-packages/airflow/example_dags/tutorial_objectstorage.py
[2026-06-30T08:52:28.950+0000] {logging_mixin.py:188} INFO - [2026-06-30T08:52:28.950+0000] {dag.py:3096} INFO - Sync 1 DAGs
[2026-06-30T08:52:28.958+0000] {logging_mixin.py:188} INFO - [2026-06-30T08:52:28.958+0000] {dag.py:3954} INFO - Setting next_dagrun for tutorial_objectstorage to None, run_after=None
[2026-06-30T08:52:29.081+0000] {processor.py:183} INFO - Processing /home/airflow/.local/lib/python3.12/site-packages/airflow/example_dags/tutorial_objectstorage.py took 0.158 seconds
[2026-06-30T08:52:59.947+0000] {processor.py:161} INFO - Started process (PID=25669) to work on /home/airflow/.local/lib/python3.12/site-packages/airflow/example_dags/tutorial_objectstorage.py
[2026-06-30T08:52:59.948+0000] {processor.py:830} INFO - Processing file /home/airflow/.local/lib/python3.12/site-packages/airflow/example_dags/tutorial_objectstorage.py for tasks to queue
[2026-06-30T08:52:59.949+0000] {logging_mixin.py:188} INFO - [2026-06-30T08:52:59.949+0000] {dagbag.py:545} INFO - Filling up the DagBag from /home/airflow/.local/lib/python3.12/site-packages/airflow/example_dags/tutorial_objectstorage.py
[2026-06-30T08:52:59.955+0000] {processor.py:840} INFO - DAG(s) 'tutorial_objectstorage' retrieved from /home/airflow/.local/lib/python3.12/site-packages/airflow/example_dags/tutorial_objectstorage.py
[2026-06-30T08:52:59.969+0000] {logging_mixin.py:188} INFO - [2026-06-30T08:52:59.969+0000] {dag.py:3096} INFO - Sync 1 DAGs
[2026-06-30T08:52:59.978+0000] {logging_mixin.py:188} INFO - [2026-06-30T08:52:59.978+0000] {dag.py:3954} INFO - Setting next_dagrun for tutorial_objectstorage to None, run_after=None
[2026-06-30T08:52:59.991+0000] {processor.py:183} INFO - Processing /home/airflow/.local/lib/python3.12/site-packages/airflow/example_dags/tutorial_objectstorage.py took 0.048 seconds
