[2026-06-30T08:05:47.542+0000] {processor.py:161} INFO - Started process (PID=21747) to work on /home/airflow/.local/lib/python3.12/site-packages/airflow/example_dags/tutorial_dag.py
[2026-06-30T08:05:47.545+0000] {processor.py:830} INFO - Processing file /home/airflow/.local/lib/python3.12/site-packages/airflow/example_dags/tutorial_dag.py for tasks to queue
[2026-06-30T08:05:47.546+0000] {logging_mixin.py:188} INFO - [2026-06-30T08:05:47.546+0000] {dagbag.py:545} INFO - Filling up the DagBag from /home/airflow/.local/lib/python3.12/site-packages/airflow/example_dags/tutorial_dag.py
[2026-06-30T08:05:47.551+0000] {processor.py:840} INFO - DAG(s) 'tutorial_dag' retrieved from /home/airflow/.local/lib/python3.12/site-packages/airflow/example_dags/tutorial_dag.py
[2026-06-30T08:05:47.579+0000] {logging_mixin.py:188} INFO - [2026-06-30T08:05:47.579+0000] {dag.py:3096} INFO - Sync 1 DAGs
[2026-06-30T08:05:47.595+0000] {logging_mixin.py:188} INFO - [2026-06-30T08:05:47.595+0000] {dag.py:3954} INFO - Setting next_dagrun for tutorial_dag to None, run_after=None
[2026-06-30T08:05:47.623+0000] {processor.py:183} INFO - Processing /home/airflow/.local/lib/python3.12/site-packages/airflow/example_dags/tutorial_dag.py took 0.088 seconds
[2026-06-30T08:18:54.441+0000] {processor.py:161} INFO - Started process (PID=21799) to work on /home/airflow/.local/lib/python3.12/site-packages/airflow/example_dags/tutorial_dag.py
[2026-06-30T08:18:54.442+0000] {processor.py:830} INFO - Processing file /home/airflow/.local/lib/python3.12/site-packages/airflow/example_dags/tutorial_dag.py for tasks to queue
[2026-06-30T08:18:54.443+0000] {logging_mixin.py:188} INFO - [2026-06-30T08:18:54.443+0000] {dagbag.py:545} INFO - Filling up the DagBag from /home/airflow/.local/lib/python3.12/site-packages/airflow/example_dags/tutorial_dag.py
[2026-06-30T08:18:54.448+0000] {processor.py:840} INFO - DAG(s) 'tutorial_dag' retrieved from /home/airflow/.local/lib/python3.12/site-packages/airflow/example_dags/tutorial_dag.py
[2026-06-30T08:18:54.474+0000] {logging_mixin.py:188} INFO - [2026-06-30T08:18:54.474+0000] {dag.py:3096} INFO - Sync 1 DAGs
[2026-06-30T08:18:54.487+0000] {logging_mixin.py:188} INFO - [2026-06-30T08:18:54.486+0000] {dag.py:3954} INFO - Setting next_dagrun for tutorial_dag to None, run_after=None
[2026-06-30T08:18:54.502+0000] {processor.py:183} INFO - Processing /home/airflow/.local/lib/python3.12/site-packages/airflow/example_dags/tutorial_dag.py took 0.066 seconds
[2026-06-30T08:19:25.390+0000] {processor.py:161} INFO - Started process (PID=21857) to work on /home/airflow/.local/lib/python3.12/site-packages/airflow/example_dags/tutorial_dag.py
[2026-06-30T08:19:25.391+0000] {processor.py:830} INFO - Processing file /home/airflow/.local/lib/python3.12/site-packages/airflow/example_dags/tutorial_dag.py for tasks to queue
[2026-06-30T08:19:25.392+0000] {logging_mixin.py:188} INFO - [2026-06-30T08:19:25.392+0000] {dagbag.py:545} INFO - Filling up the DagBag from /home/airflow/.local/lib/python3.12/site-packages/airflow/example_dags/tutorial_dag.py
[2026-06-30T08:19:25.397+0000] {processor.py:840} INFO - DAG(s) 'tutorial_dag' retrieved from /home/airflow/.local/lib/python3.12/site-packages/airflow/example_dags/tutorial_dag.py
[2026-06-30T08:19:25.413+0000] {logging_mixin.py:188} INFO - [2026-06-30T08:19:25.413+0000] {dag.py:3096} INFO - Sync 1 DAGs
[2026-06-30T08:19:25.422+0000] {logging_mixin.py:188} INFO - [2026-06-30T08:19:25.422+0000] {dag.py:3954} INFO - Setting next_dagrun for tutorial_dag to None, run_after=None
[2026-06-30T08:19:25.438+0000] {processor.py:183} INFO - Processing /home/airflow/.local/lib/python3.12/site-packages/airflow/example_dags/tutorial_dag.py took 0.052 seconds
[2026-06-30T08:19:55.605+0000] {processor.py:161} INFO - Started process (PID=21915) to work on /home/airflow/.local/lib/python3.12/site-packages/airflow/example_dags/tutorial_dag.py
[2026-06-30T08:19:55.605+0000] {processor.py:830} INFO - Processing file /home/airflow/.local/lib/python3.12/site-packages/airflow/example_dags/tutorial_dag.py for tasks to queue
[2026-06-30T08:19:55.606+0000] {logging_mixin.py:188} INFO - [2026-06-30T08:19:55.606+0000] {dagbag.py:545} INFO - Filling up the DagBag from /home/airflow/.local/lib/python3.12/site-packages/airflow/example_dags/tutorial_dag.py
[2026-06-30T08:19:55.610+0000] {processor.py:840} INFO - DAG(s) 'tutorial_dag' retrieved from /home/airflow/.local/lib/python3.12/site-packages/airflow/example_dags/tutorial_dag.py
[2026-06-30T08:19:55.627+0000] {logging_mixin.py:188} INFO - [2026-06-30T08:19:55.627+0000] {dag.py:3096} INFO - Sync 1 DAGs
[2026-06-30T08:19:55.637+0000] {logging_mixin.py:188} INFO - [2026-06-30T08:19:55.637+0000] {dag.py:3954} INFO - Setting next_dagrun for tutorial_dag to None, run_after=None
[2026-06-30T08:19:55.652+0000] {processor.py:183} INFO - Processing /home/airflow/.local/lib/python3.12/site-packages/airflow/example_dags/tutorial_dag.py took 0.051 seconds
[2026-06-30T08:20:25.911+0000] {processor.py:161} INFO - Started process (PID=21973) to work on /home/airflow/.local/lib/python3.12/site-packages/airflow/example_dags/tutorial_dag.py
[2026-06-30T08:20:25.912+0000] {processor.py:830} INFO - Processing file /home/airflow/.local/lib/python3.12/site-packages/airflow/example_dags/tutorial_dag.py for tasks to queue
[2026-06-30T08:20:25.913+0000] {logging_mixin.py:188} INFO - [2026-06-30T08:20:25.912+0000] {dagbag.py:545} INFO - Filling up the DagBag from /home/airflow/.local/lib/python3.12/site-packages/airflow/example_dags/tutorial_dag.py
[2026-06-30T08:20:25.916+0000] {processor.py:840} INFO - DAG(s) 'tutorial_dag' retrieved from /home/airflow/.local/lib/python3.12/site-packages/airflow/example_dags/tutorial_dag.py
[2026-06-30T08:20:25.931+0000] {logging_mixin.py:188} INFO - [2026-06-30T08:20:25.931+0000] {dag.py:3096} INFO - Sync 1 DAGs
[2026-06-30T08:20:25.939+0000] {logging_mixin.py:188} INFO - [2026-06-30T08:20:25.939+0000] {dag.py:3954} INFO - Setting next_dagrun for tutorial_dag to None, run_after=None
[2026-06-30T08:20:25.951+0000] {processor.py:183} INFO - Processing /home/airflow/.local/lib/python3.12/site-packages/airflow/example_dags/tutorial_dag.py took 0.044 seconds
[2026-06-30T08:20:56.249+0000] {processor.py:161} INFO - Started process (PID=22031) to work on /home/airflow/.local/lib/python3.12/site-packages/airflow/example_dags/tutorial_dag.py
[2026-06-30T08:20:56.250+0000] {processor.py:830} INFO - Processing file /home/airflow/.local/lib/python3.12/site-packages/airflow/example_dags/tutorial_dag.py for tasks to queue
[2026-06-30T08:20:56.250+0000] {logging_mixin.py:188} INFO - [2026-06-30T08:20:56.250+0000] {dagbag.py:545} INFO - Filling up the DagBag from /home/airflow/.local/lib/python3.12/site-packages/airflow/example_dags/tutorial_dag.py
[2026-06-30T08:20:56.254+0000] {processor.py:840} INFO - DAG(s) 'tutorial_dag' retrieved from /home/airflow/.local/lib/python3.12/site-packages/airflow/example_dags/tutorial_dag.py
[2026-06-30T08:20:56.269+0000] {logging_mixin.py:188} INFO - [2026-06-30T08:20:56.269+0000] {dag.py:3096} INFO - Sync 1 DAGs
[2026-06-30T08:20:56.277+0000] {logging_mixin.py:188} INFO - [2026-06-30T08:20:56.276+0000] {dag.py:3954} INFO - Setting next_dagrun for tutorial_dag to None, run_after=None
[2026-06-30T08:20:56.289+0000] {processor.py:183} INFO - Processing /home/airflow/.local/lib/python3.12/site-packages/airflow/example_dags/tutorial_dag.py took 0.045 seconds
[2026-06-30T08:21:26.491+0000] {processor.py:161} INFO - Started process (PID=22088) to work on /home/airflow/.local/lib/python3.12/site-packages/airflow/example_dags/tutorial_dag.py
[2026-06-30T08:21:26.492+0000] {processor.py:830} INFO - Processing file /home/airflow/.local/lib/python3.12/site-packages/airflow/example_dags/tutorial_dag.py for tasks to queue
[2026-06-30T08:21:26.493+0000] {logging_mixin.py:188} INFO - [2026-06-30T08:21:26.492+0000] {dagbag.py:545} INFO - Filling up the DagBag from /home/airflow/.local/lib/python3.12/site-packages/airflow/example_dags/tutorial_dag.py
[2026-06-30T08:21:26.496+0000] {processor.py:840} INFO - DAG(s) 'tutorial_dag' retrieved from /home/airflow/.local/lib/python3.12/site-packages/airflow/example_dags/tutorial_dag.py
[2026-06-30T08:21:26.511+0000] {logging_mixin.py:188} INFO - [2026-06-30T08:21:26.511+0000] {dag.py:3096} INFO - Sync 1 DAGs
[2026-06-30T08:21:26.519+0000] {logging_mixin.py:188} INFO - [2026-06-30T08:21:26.519+0000] {dag.py:3954} INFO - Setting next_dagrun for tutorial_dag to None, run_after=None
[2026-06-30T08:21:26.531+0000] {processor.py:183} INFO - Processing /home/airflow/.local/lib/python3.12/site-packages/airflow/example_dags/tutorial_dag.py took 0.044 seconds
[2026-06-30T08:21:56.877+0000] {processor.py:161} INFO - Started process (PID=22147) to work on /home/airflow/.local/lib/python3.12/site-packages/airflow/example_dags/tutorial_dag.py
[2026-06-30T08:21:56.878+0000] {processor.py:830} INFO - Processing file /home/airflow/.local/lib/python3.12/site-packages/airflow/example_dags/tutorial_dag.py for tasks to queue
[2026-06-30T08:21:56.880+0000] {logging_mixin.py:188} INFO - [2026-06-30T08:21:56.879+0000] {dagbag.py:545} INFO - Filling up the DagBag from /home/airflow/.local/lib/python3.12/site-packages/airflow/example_dags/tutorial_dag.py
[2026-06-30T08:21:56.886+0000] {processor.py:840} INFO - DAG(s) 'tutorial_dag' retrieved from /home/airflow/.local/lib/python3.12/site-packages/airflow/example_dags/tutorial_dag.py
[2026-06-30T08:21:56.907+0000] {logging_mixin.py:188} INFO - [2026-06-30T08:21:56.907+0000] {dag.py:3096} INFO - Sync 1 DAGs
[2026-06-30T08:21:56.919+0000] {logging_mixin.py:188} INFO - [2026-06-30T08:21:56.919+0000] {dag.py:3954} INFO - Setting next_dagrun for tutorial_dag to None, run_after=None
[2026-06-30T08:21:56.937+0000] {processor.py:183} INFO - Processing /home/airflow/.local/lib/python3.12/site-packages/airflow/example_dags/tutorial_dag.py took 0.066 seconds
[2026-06-30T08:22:27.430+0000] {processor.py:161} INFO - Started process (PID=22205) to work on /home/airflow/.local/lib/python3.12/site-packages/airflow/example_dags/tutorial_dag.py
[2026-06-30T08:22:27.431+0000] {processor.py:830} INFO - Processing file /home/airflow/.local/lib/python3.12/site-packages/airflow/example_dags/tutorial_dag.py for tasks to queue
[2026-06-30T08:22:27.431+0000] {logging_mixin.py:188} INFO - [2026-06-30T08:22:27.431+0000] {dagbag.py:545} INFO - Filling up the DagBag from /home/airflow/.local/lib/python3.12/site-packages/airflow/example_dags/tutorial_dag.py
[2026-06-30T08:22:27.435+0000] {processor.py:840} INFO - DAG(s) 'tutorial_dag' retrieved from /home/airflow/.local/lib/python3.12/site-packages/airflow/example_dags/tutorial_dag.py
[2026-06-30T08:22:27.450+0000] {logging_mixin.py:188} INFO - [2026-06-30T08:22:27.450+0000] {dag.py:3096} INFO - Sync 1 DAGs
[2026-06-30T08:22:27.458+0000] {logging_mixin.py:188} INFO - [2026-06-30T08:22:27.458+0000] {dag.py:3954} INFO - Setting next_dagrun for tutorial_dag to None, run_after=None
[2026-06-30T08:22:27.471+0000] {processor.py:183} INFO - Processing /home/airflow/.local/lib/python3.12/site-packages/airflow/example_dags/tutorial_dag.py took 0.045 seconds
[2026-06-30T08:22:57.942+0000] {processor.py:161} INFO - Started process (PID=22263) to work on /home/airflow/.local/lib/python3.12/site-packages/airflow/example_dags/tutorial_dag.py
[2026-06-30T08:22:57.944+0000] {processor.py:830} INFO - Processing file /home/airflow/.local/lib/python3.12/site-packages/airflow/example_dags/tutorial_dag.py for tasks to queue
[2026-06-30T08:22:57.944+0000] {logging_mixin.py:188} INFO - [2026-06-30T08:22:57.944+0000] {dagbag.py:545} INFO - Filling up the DagBag from /home/airflow/.local/lib/python3.12/site-packages/airflow/example_dags/tutorial_dag.py
[2026-06-30T08:22:57.949+0000] {processor.py:840} INFO - DAG(s) 'tutorial_dag' retrieved from /home/airflow/.local/lib/python3.12/site-packages/airflow/example_dags/tutorial_dag.py
[2026-06-30T08:22:57.964+0000] {logging_mixin.py:188} INFO - [2026-06-30T08:22:57.964+0000] {dag.py:3096} INFO - Sync 1 DAGs
[2026-06-30T08:22:57.973+0000] {logging_mixin.py:188} INFO - [2026-06-30T08:22:57.973+0000] {dag.py:3954} INFO - Setting next_dagrun for tutorial_dag to None, run_after=None
[2026-06-30T08:22:57.989+0000] {processor.py:183} INFO - Processing /home/airflow/.local/lib/python3.12/site-packages/airflow/example_dags/tutorial_dag.py took 0.051 seconds
[2026-06-30T08:23:28.315+0000] {processor.py:161} INFO - Started process (PID=22321) to work on /home/airflow/.local/lib/python3.12/site-packages/airflow/example_dags/tutorial_dag.py
[2026-06-30T08:23:28.316+0000] {processor.py:830} INFO - Processing file /home/airflow/.local/lib/python3.12/site-packages/airflow/example_dags/tutorial_dag.py for tasks to queue
[2026-06-30T08:23:28.317+0000] {logging_mixin.py:188} INFO - [2026-06-30T08:23:28.317+0000] {dagbag.py:545} INFO - Filling up the DagBag from /home/airflow/.local/lib/python3.12/site-packages/airflow/example_dags/tutorial_dag.py
[2026-06-30T08:23:28.321+0000] {processor.py:840} INFO - DAG(s) 'tutorial_dag' retrieved from /home/airflow/.local/lib/python3.12/site-packages/airflow/example_dags/tutorial_dag.py
[2026-06-30T08:23:28.336+0000] {logging_mixin.py:188} INFO - [2026-06-30T08:23:28.336+0000] {dag.py:3096} INFO - Sync 1 DAGs
[2026-06-30T08:23:28.344+0000] {logging_mixin.py:188} INFO - [2026-06-30T08:23:28.344+0000] {dag.py:3954} INFO - Setting next_dagrun for tutorial_dag to None, run_after=None
[2026-06-30T08:23:28.357+0000] {processor.py:183} INFO - Processing /home/airflow/.local/lib/python3.12/site-packages/airflow/example_dags/tutorial_dag.py took 0.046 seconds
[2026-06-30T08:23:58.798+0000] {processor.py:161} INFO - Started process (PID=22379) to work on /home/airflow/.local/lib/python3.12/site-packages/airflow/example_dags/tutorial_dag.py
[2026-06-30T08:23:58.799+0000] {processor.py:830} INFO - Processing file /home/airflow/.local/lib/python3.12/site-packages/airflow/example_dags/tutorial_dag.py for tasks to queue
[2026-06-30T08:23:58.799+0000] {logging_mixin.py:188} INFO - [2026-06-30T08:23:58.799+0000] {dagbag.py:545} INFO - Filling up the DagBag from /home/airflow/.local/lib/python3.12/site-packages/airflow/example_dags/tutorial_dag.py
[2026-06-30T08:23:58.803+0000] {processor.py:840} INFO - DAG(s) 'tutorial_dag' retrieved from /home/airflow/.local/lib/python3.12/site-packages/airflow/example_dags/tutorial_dag.py
[2026-06-30T08:23:58.818+0000] {logging_mixin.py:188} INFO - [2026-06-30T08:23:58.818+0000] {dag.py:3096} INFO - Sync 1 DAGs
[2026-06-30T08:23:58.826+0000] {logging_mixin.py:188} INFO - [2026-06-30T08:23:58.826+0000] {dag.py:3954} INFO - Setting next_dagrun for tutorial_dag to None, run_after=None
[2026-06-30T08:23:58.842+0000] {processor.py:183} INFO - Processing /home/airflow/.local/lib/python3.12/site-packages/airflow/example_dags/tutorial_dag.py took 0.048 seconds
[2026-06-30T08:24:29.484+0000] {processor.py:161} INFO - Started process (PID=22437) to work on /home/airflow/.local/lib/python3.12/site-packages/airflow/example_dags/tutorial_dag.py
[2026-06-30T08:24:29.485+0000] {processor.py:830} INFO - Processing file /home/airflow/.local/lib/python3.12/site-packages/airflow/example_dags/tutorial_dag.py for tasks to queue
[2026-06-30T08:24:29.485+0000] {logging_mixin.py:188} INFO - [2026-06-30T08:24:29.485+0000] {dagbag.py:545} INFO - Filling up the DagBag from /home/airflow/.local/lib/python3.12/site-packages/airflow/example_dags/tutorial_dag.py
[2026-06-30T08:24:29.490+0000] {processor.py:840} INFO - DAG(s) 'tutorial_dag' retrieved from /home/airflow/.local/lib/python3.12/site-packages/airflow/example_dags/tutorial_dag.py
[2026-06-30T08:24:29.505+0000] {logging_mixin.py:188} INFO - [2026-06-30T08:24:29.505+0000] {dag.py:3096} INFO - Sync 1 DAGs
[2026-06-30T08:24:29.514+0000] {logging_mixin.py:188} INFO - [2026-06-30T08:24:29.514+0000] {dag.py:3954} INFO - Setting next_dagrun for tutorial_dag to None, run_after=None
[2026-06-30T08:24:29.528+0000] {processor.py:183} INFO - Processing /home/airflow/.local/lib/python3.12/site-packages/airflow/example_dags/tutorial_dag.py took 0.048 seconds
[2026-06-30T08:25:00.129+0000] {processor.py:161} INFO - Started process (PID=22496) to work on /home/airflow/.local/lib/python3.12/site-packages/airflow/example_dags/tutorial_dag.py
[2026-06-30T08:25:00.130+0000] {processor.py:830} INFO - Processing file /home/airflow/.local/lib/python3.12/site-packages/airflow/example_dags/tutorial_dag.py for tasks to queue
[2026-06-30T08:25:00.131+0000] {logging_mixin.py:188} INFO - [2026-06-30T08:25:00.130+0000] {dagbag.py:545} INFO - Filling up the DagBag from /home/airflow/.local/lib/python3.12/site-packages/airflow/example_dags/tutorial_dag.py
[2026-06-30T08:25:00.135+0000] {processor.py:840} INFO - DAG(s) 'tutorial_dag' retrieved from /home/airflow/.local/lib/python3.12/site-packages/airflow/example_dags/tutorial_dag.py
[2026-06-30T08:25:00.150+0000] {logging_mixin.py:188} INFO - [2026-06-30T08:25:00.150+0000] {dag.py:3096} INFO - Sync 1 DAGs
[2026-06-30T08:25:00.158+0000] {logging_mixin.py:188} INFO - [2026-06-30T08:25:00.158+0000] {dag.py:3954} INFO - Setting next_dagrun for tutorial_dag to None, run_after=None
[2026-06-30T08:25:00.171+0000] {processor.py:183} INFO - Processing /home/airflow/.local/lib/python3.12/site-packages/airflow/example_dags/tutorial_dag.py took 0.046 seconds
[2026-06-30T08:25:30.408+0000] {processor.py:161} INFO - Started process (PID=22554) to work on /home/airflow/.local/lib/python3.12/site-packages/airflow/example_dags/tutorial_dag.py
[2026-06-30T08:25:30.409+0000] {processor.py:830} INFO - Processing file /home/airflow/.local/lib/python3.12/site-packages/airflow/example_dags/tutorial_dag.py for tasks to queue
[2026-06-30T08:25:30.410+0000] {logging_mixin.py:188} INFO - [2026-06-30T08:25:30.410+0000] {dagbag.py:545} INFO - Filling up the DagBag from /home/airflow/.local/lib/python3.12/site-packages/airflow/example_dags/tutorial_dag.py
[2026-06-30T08:25:30.414+0000] {processor.py:840} INFO - DAG(s) 'tutorial_dag' retrieved from /home/airflow/.local/lib/python3.12/site-packages/airflow/example_dags/tutorial_dag.py
[2026-06-30T08:25:30.428+0000] {logging_mixin.py:188} INFO - [2026-06-30T08:25:30.428+0000] {dag.py:3096} INFO - Sync 1 DAGs
[2026-06-30T08:25:30.436+0000] {logging_mixin.py:188} INFO - [2026-06-30T08:25:30.436+0000] {dag.py:3954} INFO - Setting next_dagrun for tutorial_dag to None, run_after=None
[2026-06-30T08:25:30.447+0000] {processor.py:183} INFO - Processing /home/airflow/.local/lib/python3.12/site-packages/airflow/example_dags/tutorial_dag.py took 0.043 seconds
[2026-06-30T08:26:01.197+0000] {processor.py:161} INFO - Started process (PID=22612) to work on /home/airflow/.local/lib/python3.12/site-packages/airflow/example_dags/tutorial_dag.py
[2026-06-30T08:26:01.198+0000] {processor.py:830} INFO - Processing file /home/airflow/.local/lib/python3.12/site-packages/airflow/example_dags/tutorial_dag.py for tasks to queue
[2026-06-30T08:26:01.199+0000] {logging_mixin.py:188} INFO - [2026-06-30T08:26:01.198+0000] {dagbag.py:545} INFO - Filling up the DagBag from /home/airflow/.local/lib/python3.12/site-packages/airflow/example_dags/tutorial_dag.py
[2026-06-30T08:26:01.203+0000] {processor.py:840} INFO - DAG(s) 'tutorial_dag' retrieved from /home/airflow/.local/lib/python3.12/site-packages/airflow/example_dags/tutorial_dag.py
[2026-06-30T08:26:01.221+0000] {logging_mixin.py:188} INFO - [2026-06-30T08:26:01.221+0000] {dag.py:3096} INFO - Sync 1 DAGs
[2026-06-30T08:26:01.231+0000] {logging_mixin.py:188} INFO - [2026-06-30T08:26:01.230+0000] {dag.py:3954} INFO - Setting next_dagrun for tutorial_dag to None, run_after=None
[2026-06-30T08:26:01.244+0000] {processor.py:183} INFO - Processing /home/airflow/.local/lib/python3.12/site-packages/airflow/example_dags/tutorial_dag.py took 0.052 seconds
[2026-06-30T08:26:32.093+0000] {processor.py:161} INFO - Started process (PID=22670) to work on /home/airflow/.local/lib/python3.12/site-packages/airflow/example_dags/tutorial_dag.py
[2026-06-30T08:26:32.093+0000] {processor.py:830} INFO - Processing file /home/airflow/.local/lib/python3.12/site-packages/airflow/example_dags/tutorial_dag.py for tasks to queue
[2026-06-30T08:26:32.094+0000] {logging_mixin.py:188} INFO - [2026-06-30T08:26:32.094+0000] {dagbag.py:545} INFO - Filling up the DagBag from /home/airflow/.local/lib/python3.12/site-packages/airflow/example_dags/tutorial_dag.py
[2026-06-30T08:26:32.098+0000] {processor.py:840} INFO - DAG(s) 'tutorial_dag' retrieved from /home/airflow/.local/lib/python3.12/site-packages/airflow/example_dags/tutorial_dag.py
[2026-06-30T08:26:32.114+0000] {logging_mixin.py:188} INFO - [2026-06-30T08:26:32.114+0000] {dag.py:3096} INFO - Sync 1 DAGs
[2026-06-30T08:26:32.123+0000] {logging_mixin.py:188} INFO - [2026-06-30T08:26:32.123+0000] {dag.py:3954} INFO - Setting next_dagrun for tutorial_dag to None, run_after=None
[2026-06-30T08:26:32.137+0000] {processor.py:183} INFO - Processing /home/airflow/.local/lib/python3.12/site-packages/airflow/example_dags/tutorial_dag.py took 0.049 seconds
[2026-06-30T08:27:02.564+0000] {processor.py:161} INFO - Started process (PID=22728) to work on /home/airflow/.local/lib/python3.12/site-packages/airflow/example_dags/tutorial_dag.py
[2026-06-30T08:27:02.565+0000] {processor.py:830} INFO - Processing file /home/airflow/.local/lib/python3.12/site-packages/airflow/example_dags/tutorial_dag.py for tasks to queue
[2026-06-30T08:27:02.566+0000] {logging_mixin.py:188} INFO - [2026-06-30T08:27:02.566+0000] {dagbag.py:545} INFO - Filling up the DagBag from /home/airflow/.local/lib/python3.12/site-packages/airflow/example_dags/tutorial_dag.py
[2026-06-30T08:27:02.571+0000] {processor.py:840} INFO - DAG(s) 'tutorial_dag' retrieved from /home/airflow/.local/lib/python3.12/site-packages/airflow/example_dags/tutorial_dag.py
[2026-06-30T08:27:02.590+0000] {logging_mixin.py:188} INFO - [2026-06-30T08:27:02.589+0000] {dag.py:3096} INFO - Sync 1 DAGs
[2026-06-30T08:27:02.601+0000] {logging_mixin.py:188} INFO - [2026-06-30T08:27:02.601+0000] {dag.py:3954} INFO - Setting next_dagrun for tutorial_dag to None, run_after=None
[2026-06-30T08:27:02.618+0000] {processor.py:183} INFO - Processing /home/airflow/.local/lib/python3.12/site-packages/airflow/example_dags/tutorial_dag.py took 0.059 seconds
[2026-06-30T08:27:33.078+0000] {processor.py:161} INFO - Started process (PID=22786) to work on /home/airflow/.local/lib/python3.12/site-packages/airflow/example_dags/tutorial_dag.py
[2026-06-30T08:27:33.078+0000] {processor.py:830} INFO - Processing file /home/airflow/.local/lib/python3.12/site-packages/airflow/example_dags/tutorial_dag.py for tasks to queue
[2026-06-30T08:27:33.079+0000] {logging_mixin.py:188} INFO - [2026-06-30T08:27:33.079+0000] {dagbag.py:545} INFO - Filling up the DagBag from /home/airflow/.local/lib/python3.12/site-packages/airflow/example_dags/tutorial_dag.py
[2026-06-30T08:27:33.083+0000] {processor.py:840} INFO - DAG(s) 'tutorial_dag' retrieved from /home/airflow/.local/lib/python3.12/site-packages/airflow/example_dags/tutorial_dag.py
[2026-06-30T08:27:33.098+0000] {logging_mixin.py:188} INFO - [2026-06-30T08:27:33.098+0000] {dag.py:3096} INFO - Sync 1 DAGs
[2026-06-30T08:27:33.106+0000] {logging_mixin.py:188} INFO - [2026-06-30T08:27:33.106+0000] {dag.py:3954} INFO - Setting next_dagrun for tutorial_dag to None, run_after=None
[2026-06-30T08:27:33.118+0000] {processor.py:183} INFO - Processing /home/airflow/.local/lib/python3.12/site-packages/airflow/example_dags/tutorial_dag.py took 0.044 seconds
[2026-06-30T08:28:03.478+0000] {processor.py:161} INFO - Started process (PID=22844) to work on /home/airflow/.local/lib/python3.12/site-packages/airflow/example_dags/tutorial_dag.py
[2026-06-30T08:28:03.479+0000] {processor.py:830} INFO - Processing file /home/airflow/.local/lib/python3.12/site-packages/airflow/example_dags/tutorial_dag.py for tasks to queue
[2026-06-30T08:28:03.480+0000] {logging_mixin.py:188} INFO - [2026-06-30T08:28:03.480+0000] {dagbag.py:545} INFO - Filling up the DagBag from /home/airflow/.local/lib/python3.12/site-packages/airflow/example_dags/tutorial_dag.py
[2026-06-30T08:28:03.484+0000] {processor.py:840} INFO - DAG(s) 'tutorial_dag' retrieved from /home/airflow/.local/lib/python3.12/site-packages/airflow/example_dags/tutorial_dag.py
[2026-06-30T08:28:03.498+0000] {logging_mixin.py:188} INFO - [2026-06-30T08:28:03.498+0000] {dag.py:3096} INFO - Sync 1 DAGs
[2026-06-30T08:28:03.506+0000] {logging_mixin.py:188} INFO - [2026-06-30T08:28:03.506+0000] {dag.py:3954} INFO - Setting next_dagrun for tutorial_dag to None, run_after=None
[2026-06-30T08:28:03.518+0000] {processor.py:183} INFO - Processing /home/airflow/.local/lib/python3.12/site-packages/airflow/example_dags/tutorial_dag.py took 0.044 seconds
[2026-06-30T08:28:33.969+0000] {processor.py:161} INFO - Started process (PID=22902) to work on /home/airflow/.local/lib/python3.12/site-packages/airflow/example_dags/tutorial_dag.py
[2026-06-30T08:28:33.970+0000] {processor.py:830} INFO - Processing file /home/airflow/.local/lib/python3.12/site-packages/airflow/example_dags/tutorial_dag.py for tasks to queue
[2026-06-30T08:28:33.970+0000] {logging_mixin.py:188} INFO - [2026-06-30T08:28:33.970+0000] {dagbag.py:545} INFO - Filling up the DagBag from /home/airflow/.local/lib/python3.12/site-packages/airflow/example_dags/tutorial_dag.py
[2026-06-30T08:28:33.974+0000] {processor.py:840} INFO - DAG(s) 'tutorial_dag' retrieved from /home/airflow/.local/lib/python3.12/site-packages/airflow/example_dags/tutorial_dag.py
[2026-06-30T08:28:33.988+0000] {logging_mixin.py:188} INFO - [2026-06-30T08:28:33.988+0000] {dag.py:3096} INFO - Sync 1 DAGs
[2026-06-30T08:28:33.996+0000] {logging_mixin.py:188} INFO - [2026-06-30T08:28:33.996+0000] {dag.py:3954} INFO - Setting next_dagrun for tutorial_dag to None, run_after=None
[2026-06-30T08:28:34.008+0000] {processor.py:183} INFO - Processing /home/airflow/.local/lib/python3.12/site-packages/airflow/example_dags/tutorial_dag.py took 0.044 seconds
[2026-06-30T08:29:04.437+0000] {processor.py:161} INFO - Started process (PID=22960) to work on /home/airflow/.local/lib/python3.12/site-packages/airflow/example_dags/tutorial_dag.py
[2026-06-30T08:29:04.438+0000] {processor.py:830} INFO - Processing file /home/airflow/.local/lib/python3.12/site-packages/airflow/example_dags/tutorial_dag.py for tasks to queue
[2026-06-30T08:29:04.439+0000] {logging_mixin.py:188} INFO - [2026-06-30T08:29:04.439+0000] {dagbag.py:545} INFO - Filling up the DagBag from /home/airflow/.local/lib/python3.12/site-packages/airflow/example_dags/tutorial_dag.py
[2026-06-30T08:29:04.443+0000] {processor.py:840} INFO - DAG(s) 'tutorial_dag' retrieved from /home/airflow/.local/lib/python3.12/site-packages/airflow/example_dags/tutorial_dag.py
[2026-06-30T08:29:04.457+0000] {logging_mixin.py:188} INFO - [2026-06-30T08:29:04.457+0000] {dag.py:3096} INFO - Sync 1 DAGs
[2026-06-30T08:29:04.465+0000] {logging_mixin.py:188} INFO - [2026-06-30T08:29:04.465+0000] {dag.py:3954} INFO - Setting next_dagrun for tutorial_dag to None, run_after=None
[2026-06-30T08:29:04.477+0000] {processor.py:183} INFO - Processing /home/airflow/.local/lib/python3.12/site-packages/airflow/example_dags/tutorial_dag.py took 0.044 seconds
[2026-06-30T08:29:35.004+0000] {processor.py:161} INFO - Started process (PID=23018) to work on /home/airflow/.local/lib/python3.12/site-packages/airflow/example_dags/tutorial_dag.py
[2026-06-30T08:29:35.005+0000] {processor.py:830} INFO - Processing file /home/airflow/.local/lib/python3.12/site-packages/airflow/example_dags/tutorial_dag.py for tasks to queue
[2026-06-30T08:29:35.006+0000] {logging_mixin.py:188} INFO - [2026-06-30T08:29:35.006+0000] {dagbag.py:545} INFO - Filling up the DagBag from /home/airflow/.local/lib/python3.12/site-packages/airflow/example_dags/tutorial_dag.py
[2026-06-30T08:29:35.010+0000] {processor.py:840} INFO - DAG(s) 'tutorial_dag' retrieved from /home/airflow/.local/lib/python3.12/site-packages/airflow/example_dags/tutorial_dag.py
[2026-06-30T08:29:35.025+0000] {logging_mixin.py:188} INFO - [2026-06-30T08:29:35.025+0000] {dag.py:3096} INFO - Sync 1 DAGs
[2026-06-30T08:29:35.033+0000] {logging_mixin.py:188} INFO - [2026-06-30T08:29:35.033+0000] {dag.py:3954} INFO - Setting next_dagrun for tutorial_dag to None, run_after=None
[2026-06-30T08:29:35.046+0000] {processor.py:183} INFO - Processing /home/airflow/.local/lib/python3.12/site-packages/airflow/example_dags/tutorial_dag.py took 0.046 seconds
[2026-06-30T08:30:05.591+0000] {processor.py:161} INFO - Started process (PID=23076) to work on /home/airflow/.local/lib/python3.12/site-packages/airflow/example_dags/tutorial_dag.py
[2026-06-30T08:30:05.592+0000] {processor.py:830} INFO - Processing file /home/airflow/.local/lib/python3.12/site-packages/airflow/example_dags/tutorial_dag.py for tasks to queue
[2026-06-30T08:30:05.593+0000] {logging_mixin.py:188} INFO - [2026-06-30T08:30:05.593+0000] {dagbag.py:545} INFO - Filling up the DagBag from /home/airflow/.local/lib/python3.12/site-packages/airflow/example_dags/tutorial_dag.py
[2026-06-30T08:30:05.597+0000] {processor.py:840} INFO - DAG(s) 'tutorial_dag' retrieved from /home/airflow/.local/lib/python3.12/site-packages/airflow/example_dags/tutorial_dag.py
[2026-06-30T08:30:05.612+0000] {logging_mixin.py:188} INFO - [2026-06-30T08:30:05.612+0000] {dag.py:3096} INFO - Sync 1 DAGs
[2026-06-30T08:30:05.620+0000] {logging_mixin.py:188} INFO - [2026-06-30T08:30:05.620+0000] {dag.py:3954} INFO - Setting next_dagrun for tutorial_dag to None, run_after=None
[2026-06-30T08:30:05.634+0000] {processor.py:183} INFO - Processing /home/airflow/.local/lib/python3.12/site-packages/airflow/example_dags/tutorial_dag.py took 0.047 seconds
[2026-06-30T08:30:36.308+0000] {processor.py:161} INFO - Started process (PID=23134) to work on /home/airflow/.local/lib/python3.12/site-packages/airflow/example_dags/tutorial_dag.py
[2026-06-30T08:30:36.309+0000] {processor.py:830} INFO - Processing file /home/airflow/.local/lib/python3.12/site-packages/airflow/example_dags/tutorial_dag.py for tasks to queue
[2026-06-30T08:30:36.310+0000] {logging_mixin.py:188} INFO - [2026-06-30T08:30:36.310+0000] {dagbag.py:545} INFO - Filling up the DagBag from /home/airflow/.local/lib/python3.12/site-packages/airflow/example_dags/tutorial_dag.py
[2026-06-30T08:30:36.315+0000] {processor.py:840} INFO - DAG(s) 'tutorial_dag' retrieved from /home/airflow/.local/lib/python3.12/site-packages/airflow/example_dags/tutorial_dag.py
[2026-06-30T08:30:36.333+0000] {logging_mixin.py:188} INFO - [2026-06-30T08:30:36.333+0000] {dag.py:3096} INFO - Sync 1 DAGs
[2026-06-30T08:30:36.345+0000] {logging_mixin.py:188} INFO - [2026-06-30T08:30:36.345+0000] {dag.py:3954} INFO - Setting next_dagrun for tutorial_dag to None, run_after=None
[2026-06-30T08:30:36.367+0000] {processor.py:183} INFO - Processing /home/airflow/.local/lib/python3.12/site-packages/airflow/example_dags/tutorial_dag.py took 0.064 seconds
[2026-06-30T08:31:06.997+0000] {processor.py:161} INFO - Started process (PID=23192) to work on /home/airflow/.local/lib/python3.12/site-packages/airflow/example_dags/tutorial_dag.py
[2026-06-30T08:31:06.999+0000] {processor.py:830} INFO - Processing file /home/airflow/.local/lib/python3.12/site-packages/airflow/example_dags/tutorial_dag.py for tasks to queue
[2026-06-30T08:31:07.000+0000] {logging_mixin.py:188} INFO - [2026-06-30T08:31:06.999+0000] {dagbag.py:545} INFO - Filling up the DagBag from /home/airflow/.local/lib/python3.12/site-packages/airflow/example_dags/tutorial_dag.py
[2026-06-30T08:31:07.006+0000] {processor.py:840} INFO - DAG(s) 'tutorial_dag' retrieved from /home/airflow/.local/lib/python3.12/site-packages/airflow/example_dags/tutorial_dag.py
[2026-06-30T08:31:07.027+0000] {logging_mixin.py:188} INFO - [2026-06-30T08:31:07.027+0000] {dag.py:3096} INFO - Sync 1 DAGs
[2026-06-30T08:31:07.040+0000] {logging_mixin.py:188} INFO - [2026-06-30T08:31:07.039+0000] {dag.py:3954} INFO - Setting next_dagrun for tutorial_dag to None, run_after=None
[2026-06-30T08:31:07.057+0000] {processor.py:183} INFO - Processing /home/airflow/.local/lib/python3.12/site-packages/airflow/example_dags/tutorial_dag.py took 0.066 seconds
[2026-06-30T08:31:37.701+0000] {processor.py:161} INFO - Started process (PID=23250) to work on /home/airflow/.local/lib/python3.12/site-packages/airflow/example_dags/tutorial_dag.py
[2026-06-30T08:31:37.702+0000] {processor.py:830} INFO - Processing file /home/airflow/.local/lib/python3.12/site-packages/airflow/example_dags/tutorial_dag.py for tasks to queue
[2026-06-30T08:31:37.703+0000] {logging_mixin.py:188} INFO - [2026-06-30T08:31:37.703+0000] {dagbag.py:545} INFO - Filling up the DagBag from /home/airflow/.local/lib/python3.12/site-packages/airflow/example_dags/tutorial_dag.py
[2026-06-30T08:31:37.707+0000] {processor.py:840} INFO - DAG(s) 'tutorial_dag' retrieved from /home/airflow/.local/lib/python3.12/site-packages/airflow/example_dags/tutorial_dag.py
[2026-06-30T08:31:37.723+0000] {logging_mixin.py:188} INFO - [2026-06-30T08:31:37.723+0000] {dag.py:3096} INFO - Sync 1 DAGs
[2026-06-30T08:31:37.733+0000] {logging_mixin.py:188} INFO - [2026-06-30T08:31:37.733+0000] {dag.py:3954} INFO - Setting next_dagrun for tutorial_dag to None, run_after=None
[2026-06-30T08:31:37.746+0000] {processor.py:183} INFO - Processing /home/airflow/.local/lib/python3.12/site-packages/airflow/example_dags/tutorial_dag.py took 0.049 seconds
[2026-06-30T08:32:08.382+0000] {processor.py:161} INFO - Started process (PID=23308) to work on /home/airflow/.local/lib/python3.12/site-packages/airflow/example_dags/tutorial_dag.py
[2026-06-30T08:32:08.383+0000] {processor.py:830} INFO - Processing file /home/airflow/.local/lib/python3.12/site-packages/airflow/example_dags/tutorial_dag.py for tasks to queue
[2026-06-30T08:32:08.384+0000] {logging_mixin.py:188} INFO - [2026-06-30T08:32:08.384+0000] {dagbag.py:545} INFO - Filling up the DagBag from /home/airflow/.local/lib/python3.12/site-packages/airflow/example_dags/tutorial_dag.py
[2026-06-30T08:32:08.389+0000] {processor.py:840} INFO - DAG(s) 'tutorial_dag' retrieved from /home/airflow/.local/lib/python3.12/site-packages/airflow/example_dags/tutorial_dag.py
[2026-06-30T08:32:08.407+0000] {logging_mixin.py:188} INFO - [2026-06-30T08:32:08.407+0000] {dag.py:3096} INFO - Sync 1 DAGs
[2026-06-30T08:32:08.417+0000] {logging_mixin.py:188} INFO - [2026-06-30T08:32:08.417+0000] {dag.py:3954} INFO - Setting next_dagrun for tutorial_dag to None, run_after=None
[2026-06-30T08:32:08.432+0000] {processor.py:183} INFO - Processing /home/airflow/.local/lib/python3.12/site-packages/airflow/example_dags/tutorial_dag.py took 0.055 seconds
[2026-06-30T08:32:39.162+0000] {processor.py:161} INFO - Started process (PID=23366) to work on /home/airflow/.local/lib/python3.12/site-packages/airflow/example_dags/tutorial_dag.py
[2026-06-30T08:32:39.163+0000] {processor.py:830} INFO - Processing file /home/airflow/.local/lib/python3.12/site-packages/airflow/example_dags/tutorial_dag.py for tasks to queue
[2026-06-30T08:32:39.164+0000] {logging_mixin.py:188} INFO - [2026-06-30T08:32:39.164+0000] {dagbag.py:545} INFO - Filling up the DagBag from /home/airflow/.local/lib/python3.12/site-packages/airflow/example_dags/tutorial_dag.py
[2026-06-30T08:32:39.168+0000] {processor.py:840} INFO - DAG(s) 'tutorial_dag' retrieved from /home/airflow/.local/lib/python3.12/site-packages/airflow/example_dags/tutorial_dag.py
[2026-06-30T08:32:39.184+0000] {logging_mixin.py:188} INFO - [2026-06-30T08:32:39.184+0000] {dag.py:3096} INFO - Sync 1 DAGs
[2026-06-30T08:32:39.193+0000] {logging_mixin.py:188} INFO - [2026-06-30T08:32:39.193+0000] {dag.py:3954} INFO - Setting next_dagrun for tutorial_dag to None, run_after=None
[2026-06-30T08:32:39.207+0000] {processor.py:183} INFO - Processing /home/airflow/.local/lib/python3.12/site-packages/airflow/example_dags/tutorial_dag.py took 0.050 seconds
[2026-06-30T08:33:10.061+0000] {processor.py:161} INFO - Started process (PID=23424) to work on /home/airflow/.local/lib/python3.12/site-packages/airflow/example_dags/tutorial_dag.py
[2026-06-30T08:33:10.062+0000] {processor.py:830} INFO - Processing file /home/airflow/.local/lib/python3.12/site-packages/airflow/example_dags/tutorial_dag.py for tasks to queue
[2026-06-30T08:33:10.064+0000] {logging_mixin.py:188} INFO - [2026-06-30T08:33:10.063+0000] {dagbag.py:545} INFO - Filling up the DagBag from /home/airflow/.local/lib/python3.12/site-packages/airflow/example_dags/tutorial_dag.py
[2026-06-30T08:33:10.068+0000] {processor.py:840} INFO - DAG(s) 'tutorial_dag' retrieved from /home/airflow/.local/lib/python3.12/site-packages/airflow/example_dags/tutorial_dag.py
[2026-06-30T08:33:10.086+0000] {logging_mixin.py:188} INFO - [2026-06-30T08:33:10.086+0000] {dag.py:3096} INFO - Sync 1 DAGs
[2026-06-30T08:33:10.097+0000] {logging_mixin.py:188} INFO - [2026-06-30T08:33:10.097+0000] {dag.py:3954} INFO - Setting next_dagrun for tutorial_dag to None, run_after=None
[2026-06-30T08:33:10.114+0000] {processor.py:183} INFO - Processing /home/airflow/.local/lib/python3.12/site-packages/airflow/example_dags/tutorial_dag.py took 0.057 seconds
[2026-06-30T08:33:41.941+0000] {processor.py:161} INFO - Started process (PID=23488) to work on /home/airflow/.local/lib/python3.12/site-packages/airflow/example_dags/tutorial_dag.py
[2026-06-30T08:33:41.942+0000] {processor.py:830} INFO - Processing file /home/airflow/.local/lib/python3.12/site-packages/airflow/example_dags/tutorial_dag.py for tasks to queue
[2026-06-30T08:33:41.943+0000] {logging_mixin.py:188} INFO - [2026-06-30T08:33:41.943+0000] {dagbag.py:545} INFO - Filling up the DagBag from /home/airflow/.local/lib/python3.12/site-packages/airflow/example_dags/tutorial_dag.py
[2026-06-30T08:33:41.948+0000] {processor.py:840} INFO - DAG(s) 'tutorial_dag' retrieved from /home/airflow/.local/lib/python3.12/site-packages/airflow/example_dags/tutorial_dag.py
[2026-06-30T08:33:41.967+0000] {logging_mixin.py:188} INFO - [2026-06-30T08:33:41.967+0000] {dag.py:3096} INFO - Sync 1 DAGs
[2026-06-30T08:33:41.977+0000] {logging_mixin.py:188} INFO - [2026-06-30T08:33:41.977+0000] {dag.py:3954} INFO - Setting next_dagrun for tutorial_dag to None, run_after=None
[2026-06-30T08:33:41.994+0000] {processor.py:183} INFO - Processing /home/airflow/.local/lib/python3.12/site-packages/airflow/example_dags/tutorial_dag.py took 0.059 seconds
[2026-06-30T08:34:12.777+0000] {processor.py:161} INFO - Started process (PID=23546) to work on /home/airflow/.local/lib/python3.12/site-packages/airflow/example_dags/tutorial_dag.py
[2026-06-30T08:34:12.778+0000] {processor.py:830} INFO - Processing file /home/airflow/.local/lib/python3.12/site-packages/airflow/example_dags/tutorial_dag.py for tasks to queue
[2026-06-30T08:34:12.779+0000] {logging_mixin.py:188} INFO - [2026-06-30T08:34:12.778+0000] {dagbag.py:545} INFO - Filling up the DagBag from /home/airflow/.local/lib/python3.12/site-packages/airflow/example_dags/tutorial_dag.py
[2026-06-30T08:34:12.782+0000] {processor.py:840} INFO - DAG(s) 'tutorial_dag' retrieved from /home/airflow/.local/lib/python3.12/site-packages/airflow/example_dags/tutorial_dag.py
[2026-06-30T08:34:12.800+0000] {logging_mixin.py:188} INFO - [2026-06-30T08:34:12.800+0000] {dag.py:3096} INFO - Sync 1 DAGs
[2026-06-30T08:34:12.809+0000] {logging_mixin.py:188} INFO - [2026-06-30T08:34:12.809+0000] {dag.py:3954} INFO - Setting next_dagrun for tutorial_dag to None, run_after=None
[2026-06-30T08:34:12.823+0000] {processor.py:183} INFO - Processing /home/airflow/.local/lib/python3.12/site-packages/airflow/example_dags/tutorial_dag.py took 0.051 seconds
[2026-06-30T08:34:43.065+0000] {processor.py:161} INFO - Started process (PID=23604) to work on /home/airflow/.local/lib/python3.12/site-packages/airflow/example_dags/tutorial_dag.py
[2026-06-30T08:34:43.066+0000] {processor.py:830} INFO - Processing file /home/airflow/.local/lib/python3.12/site-packages/airflow/example_dags/tutorial_dag.py for tasks to queue
[2026-06-30T08:34:43.067+0000] {logging_mixin.py:188} INFO - [2026-06-30T08:34:43.067+0000] {dagbag.py:545} INFO - Filling up the DagBag from /home/airflow/.local/lib/python3.12/site-packages/airflow/example_dags/tutorial_dag.py
[2026-06-30T08:34:43.071+0000] {processor.py:840} INFO - DAG(s) 'tutorial_dag' retrieved from /home/airflow/.local/lib/python3.12/site-packages/airflow/example_dags/tutorial_dag.py
[2026-06-30T08:34:43.085+0000] {logging_mixin.py:188} INFO - [2026-06-30T08:34:43.085+0000] {dag.py:3096} INFO - Sync 1 DAGs
[2026-06-30T08:34:43.096+0000] {logging_mixin.py:188} INFO - [2026-06-30T08:34:43.096+0000] {dag.py:3954} INFO - Setting next_dagrun for tutorial_dag to None, run_after=None
[2026-06-30T08:34:43.110+0000] {processor.py:183} INFO - Processing /home/airflow/.local/lib/python3.12/site-packages/airflow/example_dags/tutorial_dag.py took 0.050 seconds
[2026-06-30T08:35:13.570+0000] {processor.py:161} INFO - Started process (PID=23662) to work on /home/airflow/.local/lib/python3.12/site-packages/airflow/example_dags/tutorial_dag.py
[2026-06-30T08:35:13.571+0000] {processor.py:830} INFO - Processing file /home/airflow/.local/lib/python3.12/site-packages/airflow/example_dags/tutorial_dag.py for tasks to queue
[2026-06-30T08:35:13.572+0000] {logging_mixin.py:188} INFO - [2026-06-30T08:35:13.572+0000] {dagbag.py:545} INFO - Filling up the DagBag from /home/airflow/.local/lib/python3.12/site-packages/airflow/example_dags/tutorial_dag.py
[2026-06-30T08:35:13.576+0000] {processor.py:840} INFO - DAG(s) 'tutorial_dag' retrieved from /home/airflow/.local/lib/python3.12/site-packages/airflow/example_dags/tutorial_dag.py
[2026-06-30T08:35:13.590+0000] {logging_mixin.py:188} INFO - [2026-06-30T08:35:13.590+0000] {dag.py:3096} INFO - Sync 1 DAGs
[2026-06-30T08:35:13.599+0000] {logging_mixin.py:188} INFO - [2026-06-30T08:35:13.599+0000] {dag.py:3954} INFO - Setting next_dagrun for tutorial_dag to None, run_after=None
[2026-06-30T08:35:13.611+0000] {processor.py:183} INFO - Processing /home/airflow/.local/lib/python3.12/site-packages/airflow/example_dags/tutorial_dag.py took 0.045 seconds
[2026-06-30T08:35:43.885+0000] {processor.py:161} INFO - Started process (PID=23720) to work on /home/airflow/.local/lib/python3.12/site-packages/airflow/example_dags/tutorial_dag.py
[2026-06-30T08:35:43.886+0000] {processor.py:830} INFO - Processing file /home/airflow/.local/lib/python3.12/site-packages/airflow/example_dags/tutorial_dag.py for tasks to queue
[2026-06-30T08:35:43.887+0000] {logging_mixin.py:188} INFO - [2026-06-30T08:35:43.887+0000] {dagbag.py:545} INFO - Filling up the DagBag from /home/airflow/.local/lib/python3.12/site-packages/airflow/example_dags/tutorial_dag.py
[2026-06-30T08:35:43.891+0000] {processor.py:840} INFO - DAG(s) 'tutorial_dag' retrieved from /home/airflow/.local/lib/python3.12/site-packages/airflow/example_dags/tutorial_dag.py
[2026-06-30T08:35:43.905+0000] {logging_mixin.py:188} INFO - [2026-06-30T08:35:43.905+0000] {dag.py:3096} INFO - Sync 1 DAGs
[2026-06-30T08:35:43.913+0000] {logging_mixin.py:188} INFO - [2026-06-30T08:35:43.913+0000] {dag.py:3954} INFO - Setting next_dagrun for tutorial_dag to None, run_after=None
[2026-06-30T08:35:43.925+0000] {processor.py:183} INFO - Processing /home/airflow/.local/lib/python3.12/site-packages/airflow/example_dags/tutorial_dag.py took 0.044 seconds
[2026-06-30T08:36:14.068+0000] {processor.py:161} INFO - Started process (PID=23776) to work on /home/airflow/.local/lib/python3.12/site-packages/airflow/example_dags/tutorial_dag.py
[2026-06-30T08:36:14.069+0000] {processor.py:830} INFO - Processing file /home/airflow/.local/lib/python3.12/site-packages/airflow/example_dags/tutorial_dag.py for tasks to queue
[2026-06-30T08:36:14.069+0000] {logging_mixin.py:188} INFO - [2026-06-30T08:36:14.069+0000] {dagbag.py:545} INFO - Filling up the DagBag from /home/airflow/.local/lib/python3.12/site-packages/airflow/example_dags/tutorial_dag.py
[2026-06-30T08:36:14.073+0000] {processor.py:840} INFO - DAG(s) 'tutorial_dag' retrieved from /home/airflow/.local/lib/python3.12/site-packages/airflow/example_dags/tutorial_dag.py
[2026-06-30T08:36:14.087+0000] {logging_mixin.py:188} INFO - [2026-06-30T08:36:14.087+0000] {dag.py:3096} INFO - Sync 1 DAGs
[2026-06-30T08:36:14.095+0000] {logging_mixin.py:188} INFO - [2026-06-30T08:36:14.095+0000] {dag.py:3954} INFO - Setting next_dagrun for tutorial_dag to None, run_after=None
[2026-06-30T08:36:14.107+0000] {processor.py:183} INFO - Processing /home/airflow/.local/lib/python3.12/site-packages/airflow/example_dags/tutorial_dag.py took 0.043 seconds
[2026-06-30T08:36:44.643+0000] {processor.py:161} INFO - Started process (PID=23835) to work on /home/airflow/.local/lib/python3.12/site-packages/airflow/example_dags/tutorial_dag.py
[2026-06-30T08:36:44.644+0000] {processor.py:830} INFO - Processing file /home/airflow/.local/lib/python3.12/site-packages/airflow/example_dags/tutorial_dag.py for tasks to queue
[2026-06-30T08:36:44.645+0000] {logging_mixin.py:188} INFO - [2026-06-30T08:36:44.645+0000] {dagbag.py:545} INFO - Filling up the DagBag from /home/airflow/.local/lib/python3.12/site-packages/airflow/example_dags/tutorial_dag.py
[2026-06-30T08:36:44.649+0000] {processor.py:840} INFO - DAG(s) 'tutorial_dag' retrieved from /home/airflow/.local/lib/python3.12/site-packages/airflow/example_dags/tutorial_dag.py
[2026-06-30T08:36:44.664+0000] {logging_mixin.py:188} INFO - [2026-06-30T08:36:44.664+0000] {dag.py:3096} INFO - Sync 1 DAGs
[2026-06-30T08:36:44.672+0000] {logging_mixin.py:188} INFO - [2026-06-30T08:36:44.672+0000] {dag.py:3954} INFO - Setting next_dagrun for tutorial_dag to None, run_after=None
[2026-06-30T08:36:44.685+0000] {processor.py:183} INFO - Processing /home/airflow/.local/lib/python3.12/site-packages/airflow/example_dags/tutorial_dag.py took 0.046 seconds
[2026-06-30T08:37:14.929+0000] {processor.py:161} INFO - Started process (PID=23893) to work on /home/airflow/.local/lib/python3.12/site-packages/airflow/example_dags/tutorial_dag.py
[2026-06-30T08:37:14.930+0000] {processor.py:830} INFO - Processing file /home/airflow/.local/lib/python3.12/site-packages/airflow/example_dags/tutorial_dag.py for tasks to queue
[2026-06-30T08:37:14.930+0000] {logging_mixin.py:188} INFO - [2026-06-30T08:37:14.930+0000] {dagbag.py:545} INFO - Filling up the DagBag from /home/airflow/.local/lib/python3.12/site-packages/airflow/example_dags/tutorial_dag.py
[2026-06-30T08:37:14.934+0000] {processor.py:840} INFO - DAG(s) 'tutorial_dag' retrieved from /home/airflow/.local/lib/python3.12/site-packages/airflow/example_dags/tutorial_dag.py
[2026-06-30T08:37:14.948+0000] {logging_mixin.py:188} INFO - [2026-06-30T08:37:14.948+0000] {dag.py:3096} INFO - Sync 1 DAGs
[2026-06-30T08:37:14.956+0000] {logging_mixin.py:188} INFO - [2026-06-30T08:37:14.956+0000] {dag.py:3954} INFO - Setting next_dagrun for tutorial_dag to None, run_after=None
[2026-06-30T08:37:14.968+0000] {processor.py:183} INFO - Processing /home/airflow/.local/lib/python3.12/site-packages/airflow/example_dags/tutorial_dag.py took 0.043 seconds
[2026-06-30T08:37:45.298+0000] {processor.py:161} INFO - Started process (PID=23951) to work on /home/airflow/.local/lib/python3.12/site-packages/airflow/example_dags/tutorial_dag.py
[2026-06-30T08:37:45.298+0000] {processor.py:830} INFO - Processing file /home/airflow/.local/lib/python3.12/site-packages/airflow/example_dags/tutorial_dag.py for tasks to queue
[2026-06-30T08:37:45.299+0000] {logging_mixin.py:188} INFO - [2026-06-30T08:37:45.299+0000] {dagbag.py:545} INFO - Filling up the DagBag from /home/airflow/.local/lib/python3.12/site-packages/airflow/example_dags/tutorial_dag.py
[2026-06-30T08:37:45.303+0000] {processor.py:840} INFO - DAG(s) 'tutorial_dag' retrieved from /home/airflow/.local/lib/python3.12/site-packages/airflow/example_dags/tutorial_dag.py
[2026-06-30T08:37:45.317+0000] {logging_mixin.py:188} INFO - [2026-06-30T08:37:45.317+0000] {dag.py:3096} INFO - Sync 1 DAGs
[2026-06-30T08:37:45.325+0000] {logging_mixin.py:188} INFO - [2026-06-30T08:37:45.325+0000] {dag.py:3954} INFO - Setting next_dagrun for tutorial_dag to None, run_after=None
[2026-06-30T08:37:45.336+0000] {processor.py:183} INFO - Processing /home/airflow/.local/lib/python3.12/site-packages/airflow/example_dags/tutorial_dag.py took 0.043 seconds
[2026-06-30T08:38:15.964+0000] {processor.py:161} INFO - Started process (PID=24009) to work on /home/airflow/.local/lib/python3.12/site-packages/airflow/example_dags/tutorial_dag.py
[2026-06-30T08:38:15.965+0000] {processor.py:830} INFO - Processing file /home/airflow/.local/lib/python3.12/site-packages/airflow/example_dags/tutorial_dag.py for tasks to queue
[2026-06-30T08:38:15.966+0000] {logging_mixin.py:188} INFO - [2026-06-30T08:38:15.966+0000] {dagbag.py:545} INFO - Filling up the DagBag from /home/airflow/.local/lib/python3.12/site-packages/airflow/example_dags/tutorial_dag.py
[2026-06-30T08:38:15.970+0000] {processor.py:840} INFO - DAG(s) 'tutorial_dag' retrieved from /home/airflow/.local/lib/python3.12/site-packages/airflow/example_dags/tutorial_dag.py
[2026-06-30T08:38:15.988+0000] {logging_mixin.py:188} INFO - [2026-06-30T08:38:15.988+0000] {dag.py:3096} INFO - Sync 1 DAGs
[2026-06-30T08:38:15.998+0000] {logging_mixin.py:188} INFO - [2026-06-30T08:38:15.998+0000] {dag.py:3954} INFO - Setting next_dagrun for tutorial_dag to None, run_after=None
[2026-06-30T08:38:16.011+0000] {processor.py:183} INFO - Processing /home/airflow/.local/lib/python3.12/site-packages/airflow/example_dags/tutorial_dag.py took 0.052 seconds
[2026-06-30T08:38:46.334+0000] {processor.py:161} INFO - Started process (PID=24067) to work on /home/airflow/.local/lib/python3.12/site-packages/airflow/example_dags/tutorial_dag.py
[2026-06-30T08:38:46.336+0000] {processor.py:830} INFO - Processing file /home/airflow/.local/lib/python3.12/site-packages/airflow/example_dags/tutorial_dag.py for tasks to queue
[2026-06-30T08:38:46.337+0000] {logging_mixin.py:188} INFO - [2026-06-30T08:38:46.336+0000] {dagbag.py:545} INFO - Filling up the DagBag from /home/airflow/.local/lib/python3.12/site-packages/airflow/example_dags/tutorial_dag.py
[2026-06-30T08:38:46.341+0000] {processor.py:840} INFO - DAG(s) 'tutorial_dag' retrieved from /home/airflow/.local/lib/python3.12/site-packages/airflow/example_dags/tutorial_dag.py
[2026-06-30T08:38:46.358+0000] {logging_mixin.py:188} INFO - [2026-06-30T08:38:46.357+0000] {dag.py:3096} INFO - Sync 1 DAGs
[2026-06-30T08:38:46.367+0000] {logging_mixin.py:188} INFO - [2026-06-30T08:38:46.367+0000] {dag.py:3954} INFO - Setting next_dagrun for tutorial_dag to None, run_after=None
[2026-06-30T08:38:46.381+0000] {processor.py:183} INFO - Processing /home/airflow/.local/lib/python3.12/site-packages/airflow/example_dags/tutorial_dag.py took 0.051 seconds
[2026-06-30T08:39:16.993+0000] {processor.py:161} INFO - Started process (PID=24125) to work on /home/airflow/.local/lib/python3.12/site-packages/airflow/example_dags/tutorial_dag.py
[2026-06-30T08:39:16.994+0000] {processor.py:830} INFO - Processing file /home/airflow/.local/lib/python3.12/site-packages/airflow/example_dags/tutorial_dag.py for tasks to queue
[2026-06-30T08:39:16.995+0000] {logging_mixin.py:188} INFO - [2026-06-30T08:39:16.995+0000] {dagbag.py:545} INFO - Filling up the DagBag from /home/airflow/.local/lib/python3.12/site-packages/airflow/example_dags/tutorial_dag.py
[2026-06-30T08:39:17.000+0000] {processor.py:840} INFO - DAG(s) 'tutorial_dag' retrieved from /home/airflow/.local/lib/python3.12/site-packages/airflow/example_dags/tutorial_dag.py
[2026-06-30T08:39:17.016+0000] {logging_mixin.py:188} INFO - [2026-06-30T08:39:17.016+0000] {dag.py:3096} INFO - Sync 1 DAGs
[2026-06-30T08:39:17.025+0000] {logging_mixin.py:188} INFO - [2026-06-30T08:39:17.025+0000] {dag.py:3954} INFO - Setting next_dagrun for tutorial_dag to None, run_after=None
[2026-06-30T08:39:17.038+0000] {processor.py:183} INFO - Processing /home/airflow/.local/lib/python3.12/site-packages/airflow/example_dags/tutorial_dag.py took 0.050 seconds
[2026-06-30T08:39:47.601+0000] {processor.py:161} INFO - Started process (PID=24183) to work on /home/airflow/.local/lib/python3.12/site-packages/airflow/example_dags/tutorial_dag.py
[2026-06-30T08:39:47.602+0000] {processor.py:830} INFO - Processing file /home/airflow/.local/lib/python3.12/site-packages/airflow/example_dags/tutorial_dag.py for tasks to queue
[2026-06-30T08:39:47.603+0000] {logging_mixin.py:188} INFO - [2026-06-30T08:39:47.603+0000] {dagbag.py:545} INFO - Filling up the DagBag from /home/airflow/.local/lib/python3.12/site-packages/airflow/example_dags/tutorial_dag.py
[2026-06-30T08:39:47.609+0000] {processor.py:840} INFO - DAG(s) 'tutorial_dag' retrieved from /home/airflow/.local/lib/python3.12/site-packages/airflow/example_dags/tutorial_dag.py
[2026-06-30T08:39:47.629+0000] {logging_mixin.py:188} INFO - [2026-06-30T08:39:47.628+0000] {dag.py:3096} INFO - Sync 1 DAGs
[2026-06-30T08:39:47.640+0000] {logging_mixin.py:188} INFO - [2026-06-30T08:39:47.639+0000] {dag.py:3954} INFO - Setting next_dagrun for tutorial_dag to None, run_after=None
[2026-06-30T08:39:47.660+0000] {processor.py:183} INFO - Processing /home/airflow/.local/lib/python3.12/site-packages/airflow/example_dags/tutorial_dag.py took 0.066 seconds
[2026-06-30T08:40:18.222+0000] {processor.py:161} INFO - Started process (PID=24241) to work on /home/airflow/.local/lib/python3.12/site-packages/airflow/example_dags/tutorial_dag.py
[2026-06-30T08:40:18.223+0000] {processor.py:830} INFO - Processing file /home/airflow/.local/lib/python3.12/site-packages/airflow/example_dags/tutorial_dag.py for tasks to queue
[2026-06-30T08:40:18.224+0000] {logging_mixin.py:188} INFO - [2026-06-30T08:40:18.223+0000] {dagbag.py:545} INFO - Filling up the DagBag from /home/airflow/.local/lib/python3.12/site-packages/airflow/example_dags/tutorial_dag.py
[2026-06-30T08:40:18.228+0000] {processor.py:840} INFO - DAG(s) 'tutorial_dag' retrieved from /home/airflow/.local/lib/python3.12/site-packages/airflow/example_dags/tutorial_dag.py
[2026-06-30T08:40:18.243+0000] {logging_mixin.py:188} INFO - [2026-06-30T08:40:18.243+0000] {dag.py:3096} INFO - Sync 1 DAGs
[2026-06-30T08:40:18.252+0000] {logging_mixin.py:188} INFO - [2026-06-30T08:40:18.252+0000] {dag.py:3954} INFO - Setting next_dagrun for tutorial_dag to None, run_after=None
[2026-06-30T08:40:18.265+0000] {processor.py:183} INFO - Processing /home/airflow/.local/lib/python3.12/site-packages/airflow/example_dags/tutorial_dag.py took 0.047 seconds
[2026-06-30T08:40:48.703+0000] {processor.py:161} INFO - Started process (PID=24299) to work on /home/airflow/.local/lib/python3.12/site-packages/airflow/example_dags/tutorial_dag.py
[2026-06-30T08:40:48.704+0000] {processor.py:830} INFO - Processing file /home/airflow/.local/lib/python3.12/site-packages/airflow/example_dags/tutorial_dag.py for tasks to queue
[2026-06-30T08:40:48.705+0000] {logging_mixin.py:188} INFO - [2026-06-30T08:40:48.705+0000] {dagbag.py:545} INFO - Filling up the DagBag from /home/airflow/.local/lib/python3.12/site-packages/airflow/example_dags/tutorial_dag.py
[2026-06-30T08:40:48.711+0000] {processor.py:840} INFO - DAG(s) 'tutorial_dag' retrieved from /home/airflow/.local/lib/python3.12/site-packages/airflow/example_dags/tutorial_dag.py
[2026-06-30T08:40:48.733+0000] {logging_mixin.py:188} INFO - [2026-06-30T08:40:48.732+0000] {dag.py:3096} INFO - Sync 1 DAGs
[2026-06-30T08:40:48.744+0000] {logging_mixin.py:188} INFO - [2026-06-30T08:40:48.744+0000] {dag.py:3954} INFO - Setting next_dagrun for tutorial_dag to None, run_after=None
[2026-06-30T08:40:48.764+0000] {processor.py:183} INFO - Processing /home/airflow/.local/lib/python3.12/site-packages/airflow/example_dags/tutorial_dag.py took 0.067 seconds
[2026-06-30T08:41:19.400+0000] {processor.py:161} INFO - Started process (PID=24357) to work on /home/airflow/.local/lib/python3.12/site-packages/airflow/example_dags/tutorial_dag.py
[2026-06-30T08:41:19.412+0000] {processor.py:830} INFO - Processing file /home/airflow/.local/lib/python3.12/site-packages/airflow/example_dags/tutorial_dag.py for tasks to queue
[2026-06-30T08:41:19.425+0000] {logging_mixin.py:188} INFO - [2026-06-30T08:41:19.425+0000] {dagbag.py:545} INFO - Filling up the DagBag from /home/airflow/.local/lib/python3.12/site-packages/airflow/example_dags/tutorial_dag.py
[2026-06-30T08:41:19.438+0000] {processor.py:840} INFO - DAG(s) 'tutorial_dag' retrieved from /home/airflow/.local/lib/python3.12/site-packages/airflow/example_dags/tutorial_dag.py
[2026-06-30T08:41:19.474+0000] {logging_mixin.py:188} INFO - [2026-06-30T08:41:19.473+0000] {dag.py:3096} INFO - Sync 1 DAGs
[2026-06-30T08:41:19.525+0000] {logging_mixin.py:188} INFO - [2026-06-30T08:41:19.525+0000] {dag.py:3954} INFO - Setting next_dagrun for tutorial_dag to None, run_after=None
[2026-06-30T08:41:19.584+0000] {processor.py:183} INFO - Processing /home/airflow/.local/lib/python3.12/site-packages/airflow/example_dags/tutorial_dag.py took 0.191 seconds
[2026-06-30T08:41:49.708+0000] {processor.py:161} INFO - Started process (PID=24415) to work on /home/airflow/.local/lib/python3.12/site-packages/airflow/example_dags/tutorial_dag.py
[2026-06-30T08:41:49.709+0000] {processor.py:830} INFO - Processing file /home/airflow/.local/lib/python3.12/site-packages/airflow/example_dags/tutorial_dag.py for tasks to queue
[2026-06-30T08:41:49.710+0000] {logging_mixin.py:188} INFO - [2026-06-30T08:41:49.709+0000] {dagbag.py:545} INFO - Filling up the DagBag from /home/airflow/.local/lib/python3.12/site-packages/airflow/example_dags/tutorial_dag.py
[2026-06-30T08:41:49.713+0000] {processor.py:840} INFO - DAG(s) 'tutorial_dag' retrieved from /home/airflow/.local/lib/python3.12/site-packages/airflow/example_dags/tutorial_dag.py
[2026-06-30T08:41:49.728+0000] {logging_mixin.py:188} INFO - [2026-06-30T08:41:49.728+0000] {dag.py:3096} INFO - Sync 1 DAGs
[2026-06-30T08:41:49.736+0000] {logging_mixin.py:188} INFO - [2026-06-30T08:41:49.736+0000] {dag.py:3954} INFO - Setting next_dagrun for tutorial_dag to None, run_after=None
[2026-06-30T08:41:49.750+0000] {processor.py:183} INFO - Processing /home/airflow/.local/lib/python3.12/site-packages/airflow/example_dags/tutorial_dag.py took 0.046 seconds
[2026-06-30T08:42:20.382+0000] {processor.py:161} INFO - Started process (PID=24473) to work on /home/airflow/.local/lib/python3.12/site-packages/airflow/example_dags/tutorial_dag.py
[2026-06-30T08:42:20.383+0000] {processor.py:830} INFO - Processing file /home/airflow/.local/lib/python3.12/site-packages/airflow/example_dags/tutorial_dag.py for tasks to queue
[2026-06-30T08:42:20.384+0000] {logging_mixin.py:188} INFO - [2026-06-30T08:42:20.383+0000] {dagbag.py:545} INFO - Filling up the DagBag from /home/airflow/.local/lib/python3.12/site-packages/airflow/example_dags/tutorial_dag.py
[2026-06-30T08:42:20.388+0000] {processor.py:840} INFO - DAG(s) 'tutorial_dag' retrieved from /home/airflow/.local/lib/python3.12/site-packages/airflow/example_dags/tutorial_dag.py
[2026-06-30T08:42:20.402+0000] {logging_mixin.py:188} INFO - [2026-06-30T08:42:20.402+0000] {dag.py:3096} INFO - Sync 1 DAGs
[2026-06-30T08:42:20.411+0000] {logging_mixin.py:188} INFO - [2026-06-30T08:42:20.410+0000] {dag.py:3954} INFO - Setting next_dagrun for tutorial_dag to None, run_after=None
[2026-06-30T08:42:20.424+0000] {processor.py:183} INFO - Processing /home/airflow/.local/lib/python3.12/site-packages/airflow/example_dags/tutorial_dag.py took 0.046 seconds
[2026-06-30T08:42:51.202+0000] {processor.py:161} INFO - Started process (PID=24531) to work on /home/airflow/.local/lib/python3.12/site-packages/airflow/example_dags/tutorial_dag.py
[2026-06-30T08:42:51.203+0000] {processor.py:830} INFO - Processing file /home/airflow/.local/lib/python3.12/site-packages/airflow/example_dags/tutorial_dag.py for tasks to queue
[2026-06-30T08:42:51.204+0000] {logging_mixin.py:188} INFO - [2026-06-30T08:42:51.204+0000] {dagbag.py:545} INFO - Filling up the DagBag from /home/airflow/.local/lib/python3.12/site-packages/airflow/example_dags/tutorial_dag.py
[2026-06-30T08:42:51.209+0000] {processor.py:840} INFO - DAG(s) 'tutorial_dag' retrieved from /home/airflow/.local/lib/python3.12/site-packages/airflow/example_dags/tutorial_dag.py
[2026-06-30T08:42:51.227+0000] {logging_mixin.py:188} INFO - [2026-06-30T08:42:51.227+0000] {dag.py:3096} INFO - Sync 1 DAGs
[2026-06-30T08:42:51.236+0000] {logging_mixin.py:188} INFO - [2026-06-30T08:42:51.236+0000] {dag.py:3954} INFO - Setting next_dagrun for tutorial_dag to None, run_after=None
[2026-06-30T08:42:51.250+0000] {processor.py:183} INFO - Processing /home/airflow/.local/lib/python3.12/site-packages/airflow/example_dags/tutorial_dag.py took 0.052 seconds
[2026-06-30T08:43:22.175+0000] {processor.py:161} INFO - Started process (PID=24589) to work on /home/airflow/.local/lib/python3.12/site-packages/airflow/example_dags/tutorial_dag.py
[2026-06-30T08:43:22.176+0000] {processor.py:830} INFO - Processing file /home/airflow/.local/lib/python3.12/site-packages/airflow/example_dags/tutorial_dag.py for tasks to queue
[2026-06-30T08:43:22.177+0000] {logging_mixin.py:188} INFO - [2026-06-30T08:43:22.177+0000] {dagbag.py:545} INFO - Filling up the DagBag from /home/airflow/.local/lib/python3.12/site-packages/airflow/example_dags/tutorial_dag.py
[2026-06-30T08:43:22.181+0000] {processor.py:840} INFO - DAG(s) 'tutorial_dag' retrieved from /home/airflow/.local/lib/python3.12/site-packages/airflow/example_dags/tutorial_dag.py
[2026-06-30T08:43:22.195+0000] {logging_mixin.py:188} INFO - [2026-06-30T08:43:22.195+0000] {dag.py:3096} INFO - Sync 1 DAGs
[2026-06-30T08:43:22.204+0000] {logging_mixin.py:188} INFO - [2026-06-30T08:43:22.203+0000] {dag.py:3954} INFO - Setting next_dagrun for tutorial_dag to None, run_after=None
[2026-06-30T08:43:22.217+0000] {processor.py:183} INFO - Processing /home/airflow/.local/lib/python3.12/site-packages/airflow/example_dags/tutorial_dag.py took 0.046 seconds
[2026-06-30T08:43:52.472+0000] {processor.py:161} INFO - Started process (PID=24647) to work on /home/airflow/.local/lib/python3.12/site-packages/airflow/example_dags/tutorial_dag.py
[2026-06-30T08:43:52.472+0000] {processor.py:830} INFO - Processing file /home/airflow/.local/lib/python3.12/site-packages/airflow/example_dags/tutorial_dag.py for tasks to queue
[2026-06-30T08:43:52.473+0000] {logging_mixin.py:188} INFO - [2026-06-30T08:43:52.473+0000] {dagbag.py:545} INFO - Filling up the DagBag from /home/airflow/.local/lib/python3.12/site-packages/airflow/example_dags/tutorial_dag.py
[2026-06-30T08:43:52.477+0000] {processor.py:840} INFO - DAG(s) 'tutorial_dag' retrieved from /home/airflow/.local/lib/python3.12/site-packages/airflow/example_dags/tutorial_dag.py
[2026-06-30T08:43:52.494+0000] {logging_mixin.py:188} INFO - [2026-06-30T08:43:52.494+0000] {dag.py:3096} INFO - Sync 1 DAGs
[2026-06-30T08:43:52.502+0000] {logging_mixin.py:188} INFO - [2026-06-30T08:43:52.502+0000] {dag.py:3954} INFO - Setting next_dagrun for tutorial_dag to None, run_after=None
[2026-06-30T08:43:52.515+0000] {processor.py:183} INFO - Processing /home/airflow/.local/lib/python3.12/site-packages/airflow/example_dags/tutorial_dag.py took 0.048 seconds
[2026-06-30T08:44:22.787+0000] {processor.py:161} INFO - Started process (PID=24705) to work on /home/airflow/.local/lib/python3.12/site-packages/airflow/example_dags/tutorial_dag.py
[2026-06-30T08:44:22.787+0000] {processor.py:830} INFO - Processing file /home/airflow/.local/lib/python3.12/site-packages/airflow/example_dags/tutorial_dag.py for tasks to queue
[2026-06-30T08:44:22.788+0000] {logging_mixin.py:188} INFO - [2026-06-30T08:44:22.788+0000] {dagbag.py:545} INFO - Filling up the DagBag from /home/airflow/.local/lib/python3.12/site-packages/airflow/example_dags/tutorial_dag.py
[2026-06-30T08:44:22.792+0000] {processor.py:840} INFO - DAG(s) 'tutorial_dag' retrieved from /home/airflow/.local/lib/python3.12/site-packages/airflow/example_dags/tutorial_dag.py
[2026-06-30T08:44:22.805+0000] {logging_mixin.py:188} INFO - [2026-06-30T08:44:22.805+0000] {dag.py:3096} INFO - Sync 1 DAGs
[2026-06-30T08:44:22.813+0000] {logging_mixin.py:188} INFO - [2026-06-30T08:44:22.813+0000] {dag.py:3954} INFO - Setting next_dagrun for tutorial_dag to None, run_after=None
[2026-06-30T08:44:22.825+0000] {processor.py:183} INFO - Processing /home/airflow/.local/lib/python3.12/site-packages/airflow/example_dags/tutorial_dag.py took 0.043 seconds
[2026-06-30T08:44:53.385+0000] {processor.py:161} INFO - Started process (PID=24763) to work on /home/airflow/.local/lib/python3.12/site-packages/airflow/example_dags/tutorial_dag.py
[2026-06-30T08:44:53.387+0000] {processor.py:830} INFO - Processing file /home/airflow/.local/lib/python3.12/site-packages/airflow/example_dags/tutorial_dag.py for tasks to queue
[2026-06-30T08:44:53.388+0000] {logging_mixin.py:188} INFO - [2026-06-30T08:44:53.387+0000] {dagbag.py:545} INFO - Filling up the DagBag from /home/airflow/.local/lib/python3.12/site-packages/airflow/example_dags/tutorial_dag.py
[2026-06-30T08:44:53.392+0000] {processor.py:840} INFO - DAG(s) 'tutorial_dag' retrieved from /home/airflow/.local/lib/python3.12/site-packages/airflow/example_dags/tutorial_dag.py
[2026-06-30T08:44:53.407+0000] {logging_mixin.py:188} INFO - [2026-06-30T08:44:53.407+0000] {dag.py:3096} INFO - Sync 1 DAGs
[2026-06-30T08:44:53.416+0000] {logging_mixin.py:188} INFO - [2026-06-30T08:44:53.416+0000] {dag.py:3954} INFO - Setting next_dagrun for tutorial_dag to None, run_after=None
[2026-06-30T08:44:53.429+0000] {processor.py:183} INFO - Processing /home/airflow/.local/lib/python3.12/site-packages/airflow/example_dags/tutorial_dag.py took 0.048 seconds
[2026-06-30T08:45:23.917+0000] {processor.py:161} INFO - Started process (PID=24821) to work on /home/airflow/.local/lib/python3.12/site-packages/airflow/example_dags/tutorial_dag.py
[2026-06-30T08:45:23.918+0000] {processor.py:830} INFO - Processing file /home/airflow/.local/lib/python3.12/site-packages/airflow/example_dags/tutorial_dag.py for tasks to queue
[2026-06-30T08:45:23.919+0000] {logging_mixin.py:188} INFO - [2026-06-30T08:45:23.919+0000] {dagbag.py:545} INFO - Filling up the DagBag from /home/airflow/.local/lib/python3.12/site-packages/airflow/example_dags/tutorial_dag.py
[2026-06-30T08:45:23.923+0000] {processor.py:840} INFO - DAG(s) 'tutorial_dag' retrieved from /home/airflow/.local/lib/python3.12/site-packages/airflow/example_dags/tutorial_dag.py
[2026-06-30T08:45:23.938+0000] {logging_mixin.py:188} INFO - [2026-06-30T08:45:23.937+0000] {dag.py:3096} INFO - Sync 1 DAGs
[2026-06-30T08:45:23.946+0000] {logging_mixin.py:188} INFO - [2026-06-30T08:45:23.946+0000] {dag.py:3954} INFO - Setting next_dagrun for tutorial_dag to None, run_after=None
[2026-06-30T08:45:23.959+0000] {processor.py:183} INFO - Processing /home/airflow/.local/lib/python3.12/site-packages/airflow/example_dags/tutorial_dag.py took 0.047 seconds
[2026-06-30T08:45:54.647+0000] {processor.py:161} INFO - Started process (PID=24879) to work on /home/airflow/.local/lib/python3.12/site-packages/airflow/example_dags/tutorial_dag.py
[2026-06-30T08:45:54.648+0000] {processor.py:830} INFO - Processing file /home/airflow/.local/lib/python3.12/site-packages/airflow/example_dags/tutorial_dag.py for tasks to queue
[2026-06-30T08:45:54.649+0000] {logging_mixin.py:188} INFO - [2026-06-30T08:45:54.649+0000] {dagbag.py:545} INFO - Filling up the DagBag from /home/airflow/.local/lib/python3.12/site-packages/airflow/example_dags/tutorial_dag.py
[2026-06-30T08:45:54.654+0000] {processor.py:840} INFO - DAG(s) 'tutorial_dag' retrieved from /home/airflow/.local/lib/python3.12/site-packages/airflow/example_dags/tutorial_dag.py
[2026-06-30T08:45:54.674+0000] {logging_mixin.py:188} INFO - [2026-06-30T08:45:54.673+0000] {dag.py:3096} INFO - Sync 1 DAGs
[2026-06-30T08:45:54.686+0000] {logging_mixin.py:188} INFO - [2026-06-30T08:45:54.686+0000] {dag.py:3954} INFO - Setting next_dagrun for tutorial_dag to None, run_after=None
[2026-06-30T08:45:54.704+0000] {processor.py:183} INFO - Processing /home/airflow/.local/lib/python3.12/site-packages/airflow/example_dags/tutorial_dag.py took 0.062 seconds
[2026-06-30T08:46:25.244+0000] {processor.py:161} INFO - Started process (PID=24937) to work on /home/airflow/.local/lib/python3.12/site-packages/airflow/example_dags/tutorial_dag.py
[2026-06-30T08:46:25.245+0000] {processor.py:830} INFO - Processing file /home/airflow/.local/lib/python3.12/site-packages/airflow/example_dags/tutorial_dag.py for tasks to queue
[2026-06-30T08:46:25.246+0000] {logging_mixin.py:188} INFO - [2026-06-30T08:46:25.245+0000] {dagbag.py:545} INFO - Filling up the DagBag from /home/airflow/.local/lib/python3.12/site-packages/airflow/example_dags/tutorial_dag.py
[2026-06-30T08:46:25.250+0000] {processor.py:840} INFO - DAG(s) 'tutorial_dag' retrieved from /home/airflow/.local/lib/python3.12/site-packages/airflow/example_dags/tutorial_dag.py
[2026-06-30T08:46:25.267+0000] {logging_mixin.py:188} INFO - [2026-06-30T08:46:25.267+0000] {dag.py:3096} INFO - Sync 1 DAGs
[2026-06-30T08:46:25.276+0000] {logging_mixin.py:188} INFO - [2026-06-30T08:46:25.276+0000] {dag.py:3954} INFO - Setting next_dagrun for tutorial_dag to None, run_after=None
[2026-06-30T08:46:25.290+0000] {processor.py:183} INFO - Processing /home/airflow/.local/lib/python3.12/site-packages/airflow/example_dags/tutorial_dag.py took 0.051 seconds
[2026-06-30T08:46:55.715+0000] {processor.py:161} INFO - Started process (PID=24995) to work on /home/airflow/.local/lib/python3.12/site-packages/airflow/example_dags/tutorial_dag.py
[2026-06-30T08:46:55.716+0000] {processor.py:830} INFO - Processing file /home/airflow/.local/lib/python3.12/site-packages/airflow/example_dags/tutorial_dag.py for tasks to queue
[2026-06-30T08:46:55.717+0000] {logging_mixin.py:188} INFO - [2026-06-30T08:46:55.717+0000] {dagbag.py:545} INFO - Filling up the DagBag from /home/airflow/.local/lib/python3.12/site-packages/airflow/example_dags/tutorial_dag.py
[2026-06-30T08:46:55.722+0000] {processor.py:840} INFO - DAG(s) 'tutorial_dag' retrieved from /home/airflow/.local/lib/python3.12/site-packages/airflow/example_dags/tutorial_dag.py
[2026-06-30T08:46:55.739+0000] {logging_mixin.py:188} INFO - [2026-06-30T08:46:55.739+0000] {dag.py:3096} INFO - Sync 1 DAGs
[2026-06-30T08:46:55.749+0000] {logging_mixin.py:188} INFO - [2026-06-30T08:46:55.749+0000] {dag.py:3954} INFO - Setting next_dagrun for tutorial_dag to None, run_after=None
[2026-06-30T08:46:55.764+0000] {processor.py:183} INFO - Processing /home/airflow/.local/lib/python3.12/site-packages/airflow/example_dags/tutorial_dag.py took 0.055 seconds
[2026-06-30T08:47:26.114+0000] {processor.py:161} INFO - Started process (PID=25053) to work on /home/airflow/.local/lib/python3.12/site-packages/airflow/example_dags/tutorial_dag.py
[2026-06-30T08:47:26.115+0000] {processor.py:830} INFO - Processing file /home/airflow/.local/lib/python3.12/site-packages/airflow/example_dags/tutorial_dag.py for tasks to queue
[2026-06-30T08:47:26.116+0000] {logging_mixin.py:188} INFO - [2026-06-30T08:47:26.116+0000] {dagbag.py:545} INFO - Filling up the DagBag from /home/airflow/.local/lib/python3.12/site-packages/airflow/example_dags/tutorial_dag.py
[2026-06-30T08:47:26.120+0000] {processor.py:840} INFO - DAG(s) 'tutorial_dag' retrieved from /home/airflow/.local/lib/python3.12/site-packages/airflow/example_dags/tutorial_dag.py
[2026-06-30T08:47:26.136+0000] {logging_mixin.py:188} INFO - [2026-06-30T08:47:26.136+0000] {dag.py:3096} INFO - Sync 1 DAGs
[2026-06-30T08:47:26.145+0000] {logging_mixin.py:188} INFO - [2026-06-30T08:47:26.145+0000] {dag.py:3954} INFO - Setting next_dagrun for tutorial_dag to None, run_after=None
[2026-06-30T08:47:26.158+0000] {processor.py:183} INFO - Processing /home/airflow/.local/lib/python3.12/site-packages/airflow/example_dags/tutorial_dag.py took 0.049 seconds
[2026-06-30T08:47:56.740+0000] {processor.py:161} INFO - Started process (PID=25111) to work on /home/airflow/.local/lib/python3.12/site-packages/airflow/example_dags/tutorial_dag.py
[2026-06-30T08:47:56.741+0000] {processor.py:830} INFO - Processing file /home/airflow/.local/lib/python3.12/site-packages/airflow/example_dags/tutorial_dag.py for tasks to queue
[2026-06-30T08:47:56.742+0000] {logging_mixin.py:188} INFO - [2026-06-30T08:47:56.742+0000] {dagbag.py:545} INFO - Filling up the DagBag from /home/airflow/.local/lib/python3.12/site-packages/airflow/example_dags/tutorial_dag.py
[2026-06-30T08:47:56.747+0000] {processor.py:840} INFO - DAG(s) 'tutorial_dag' retrieved from /home/airflow/.local/lib/python3.12/site-packages/airflow/example_dags/tutorial_dag.py
[2026-06-30T08:47:56.771+0000] {logging_mixin.py:188} INFO - [2026-06-30T08:47:56.771+0000] {dag.py:3096} INFO - Sync 1 DAGs
[2026-06-30T08:47:56.783+0000] {logging_mixin.py:188} INFO - [2026-06-30T08:47:56.783+0000] {dag.py:3954} INFO - Setting next_dagrun for tutorial_dag to None, run_after=None
[2026-06-30T08:47:56.804+0000] {processor.py:183} INFO - Processing /home/airflow/.local/lib/python3.12/site-packages/airflow/example_dags/tutorial_dag.py took 0.070 seconds
[2026-06-30T08:48:27.319+0000] {processor.py:161} INFO - Started process (PID=25169) to work on /home/airflow/.local/lib/python3.12/site-packages/airflow/example_dags/tutorial_dag.py
[2026-06-30T08:48:27.320+0000] {processor.py:830} INFO - Processing file /home/airflow/.local/lib/python3.12/site-packages/airflow/example_dags/tutorial_dag.py for tasks to queue
[2026-06-30T08:48:27.321+0000] {logging_mixin.py:188} INFO - [2026-06-30T08:48:27.321+0000] {dagbag.py:545} INFO - Filling up the DagBag from /home/airflow/.local/lib/python3.12/site-packages/airflow/example_dags/tutorial_dag.py
[2026-06-30T08:48:27.325+0000] {processor.py:840} INFO - DAG(s) 'tutorial_dag' retrieved from /home/airflow/.local/lib/python3.12/site-packages/airflow/example_dags/tutorial_dag.py
[2026-06-30T08:48:27.341+0000] {logging_mixin.py:188} INFO - [2026-06-30T08:48:27.341+0000] {dag.py:3096} INFO - Sync 1 DAGs
[2026-06-30T08:48:27.350+0000] {logging_mixin.py:188} INFO - [2026-06-30T08:48:27.350+0000] {dag.py:3954} INFO - Setting next_dagrun for tutorial_dag to None, run_after=None
[2026-06-30T08:48:27.364+0000] {processor.py:183} INFO - Processing /home/airflow/.local/lib/python3.12/site-packages/airflow/example_dags/tutorial_dag.py took 0.050 seconds
[2026-06-30T08:48:57.859+0000] {processor.py:161} INFO - Started process (PID=25227) to work on /home/airflow/.local/lib/python3.12/site-packages/airflow/example_dags/tutorial_dag.py
[2026-06-30T08:48:57.860+0000] {processor.py:830} INFO - Processing file /home/airflow/.local/lib/python3.12/site-packages/airflow/example_dags/tutorial_dag.py for tasks to queue
[2026-06-30T08:48:57.861+0000] {logging_mixin.py:188} INFO - [2026-06-30T08:48:57.861+0000] {dagbag.py:545} INFO - Filling up the DagBag from /home/airflow/.local/lib/python3.12/site-packages/airflow/example_dags/tutorial_dag.py
[2026-06-30T08:48:57.866+0000] {processor.py:840} INFO - DAG(s) 'tutorial_dag' retrieved from /home/airflow/.local/lib/python3.12/site-packages/airflow/example_dags/tutorial_dag.py
[2026-06-30T08:48:57.891+0000] {logging_mixin.py:188} INFO - [2026-06-30T08:48:57.890+0000] {dag.py:3096} INFO - Sync 1 DAGs
[2026-06-30T08:48:57.910+0000] {logging_mixin.py:188} INFO - [2026-06-30T08:48:57.910+0000] {dag.py:3954} INFO - Setting next_dagrun for tutorial_dag to None, run_after=None
[2026-06-30T08:48:57.931+0000] {processor.py:183} INFO - Processing /home/airflow/.local/lib/python3.12/site-packages/airflow/example_dags/tutorial_dag.py took 0.079 seconds
[2026-06-30T08:49:28.467+0000] {processor.py:161} INFO - Started process (PID=25285) to work on /home/airflow/.local/lib/python3.12/site-packages/airflow/example_dags/tutorial_dag.py
[2026-06-30T08:49:28.468+0000] {processor.py:830} INFO - Processing file /home/airflow/.local/lib/python3.12/site-packages/airflow/example_dags/tutorial_dag.py for tasks to queue
[2026-06-30T08:49:28.469+0000] {logging_mixin.py:188} INFO - [2026-06-30T08:49:28.469+0000] {dagbag.py:545} INFO - Filling up the DagBag from /home/airflow/.local/lib/python3.12/site-packages/airflow/example_dags/tutorial_dag.py
[2026-06-30T08:49:28.473+0000] {processor.py:840} INFO - DAG(s) 'tutorial_dag' retrieved from /home/airflow/.local/lib/python3.12/site-packages/airflow/example_dags/tutorial_dag.py
[2026-06-30T08:49:28.488+0000] {logging_mixin.py:188} INFO - [2026-06-30T08:49:28.488+0000] {dag.py:3096} INFO - Sync 1 DAGs
[2026-06-30T08:49:28.497+0000] {logging_mixin.py:188} INFO - [2026-06-30T08:49:28.497+0000] {dag.py:3954} INFO - Setting next_dagrun for tutorial_dag to None, run_after=None
[2026-06-30T08:49:28.510+0000] {processor.py:183} INFO - Processing /home/airflow/.local/lib/python3.12/site-packages/airflow/example_dags/tutorial_dag.py took 0.047 seconds
[2026-06-30T08:49:59.080+0000] {processor.py:161} INFO - Started process (PID=25342) to work on /home/airflow/.local/lib/python3.12/site-packages/airflow/example_dags/tutorial_dag.py
[2026-06-30T08:49:59.081+0000] {processor.py:830} INFO - Processing file /home/airflow/.local/lib/python3.12/site-packages/airflow/example_dags/tutorial_dag.py for tasks to queue
[2026-06-30T08:49:59.082+0000] {logging_mixin.py:188} INFO - [2026-06-30T08:49:59.082+0000] {dagbag.py:545} INFO - Filling up the DagBag from /home/airflow/.local/lib/python3.12/site-packages/airflow/example_dags/tutorial_dag.py
[2026-06-30T08:49:59.086+0000] {processor.py:840} INFO - DAG(s) 'tutorial_dag' retrieved from /home/airflow/.local/lib/python3.12/site-packages/airflow/example_dags/tutorial_dag.py
[2026-06-30T08:49:59.101+0000] {logging_mixin.py:188} INFO - [2026-06-30T08:49:59.101+0000] {dag.py:3096} INFO - Sync 1 DAGs
[2026-06-30T08:49:59.110+0000] {logging_mixin.py:188} INFO - [2026-06-30T08:49:59.110+0000] {dag.py:3954} INFO - Setting next_dagrun for tutorial_dag to None, run_after=None
[2026-06-30T08:49:59.124+0000] {processor.py:183} INFO - Processing /home/airflow/.local/lib/python3.12/site-packages/airflow/example_dags/tutorial_dag.py took 0.047 seconds
[2026-06-30T08:50:29.598+0000] {processor.py:161} INFO - Started process (PID=25400) to work on /home/airflow/.local/lib/python3.12/site-packages/airflow/example_dags/tutorial_dag.py
[2026-06-30T08:50:29.599+0000] {processor.py:830} INFO - Processing file /home/airflow/.local/lib/python3.12/site-packages/airflow/example_dags/tutorial_dag.py for tasks to queue
[2026-06-30T08:50:29.599+0000] {logging_mixin.py:188} INFO - [2026-06-30T08:50:29.599+0000] {dagbag.py:545} INFO - Filling up the DagBag from /home/airflow/.local/lib/python3.12/site-packages/airflow/example_dags/tutorial_dag.py
[2026-06-30T08:50:29.603+0000] {processor.py:840} INFO - DAG(s) 'tutorial_dag' retrieved from /home/airflow/.local/lib/python3.12/site-packages/airflow/example_dags/tutorial_dag.py
[2026-06-30T08:50:29.618+0000] {logging_mixin.py:188} INFO - [2026-06-30T08:50:29.618+0000] {dag.py:3096} INFO - Sync 1 DAGs
[2026-06-30T08:50:29.627+0000] {logging_mixin.py:188} INFO - [2026-06-30T08:50:29.627+0000] {dag.py:3954} INFO - Setting next_dagrun for tutorial_dag to None, run_after=None
[2026-06-30T08:50:29.639+0000] {processor.py:183} INFO - Processing /home/airflow/.local/lib/python3.12/site-packages/airflow/example_dags/tutorial_dag.py took 0.046 seconds
[2026-06-30T08:50:59.802+0000] {processor.py:161} INFO - Started process (PID=25458) to work on /home/airflow/.local/lib/python3.12/site-packages/airflow/example_dags/tutorial_dag.py
[2026-06-30T08:50:59.803+0000] {processor.py:830} INFO - Processing file /home/airflow/.local/lib/python3.12/site-packages/airflow/example_dags/tutorial_dag.py for tasks to queue
[2026-06-30T08:50:59.803+0000] {logging_mixin.py:188} INFO - [2026-06-30T08:50:59.803+0000] {dagbag.py:545} INFO - Filling up the DagBag from /home/airflow/.local/lib/python3.12/site-packages/airflow/example_dags/tutorial_dag.py
[2026-06-30T08:50:59.807+0000] {processor.py:840} INFO - DAG(s) 'tutorial_dag' retrieved from /home/airflow/.local/lib/python3.12/site-packages/airflow/example_dags/tutorial_dag.py
[2026-06-30T08:50:59.824+0000] {logging_mixin.py:188} INFO - [2026-06-30T08:50:59.823+0000] {dag.py:3096} INFO - Sync 1 DAGs
[2026-06-30T08:50:59.833+0000] {logging_mixin.py:188} INFO - [2026-06-30T08:50:59.833+0000] {dag.py:3954} INFO - Setting next_dagrun for tutorial_dag to None, run_after=None
[2026-06-30T08:50:59.845+0000] {processor.py:183} INFO - Processing /home/airflow/.local/lib/python3.12/site-packages/airflow/example_dags/tutorial_dag.py took 0.048 seconds
[2026-06-30T08:51:30.615+0000] {processor.py:161} INFO - Started process (PID=25516) to work on /home/airflow/.local/lib/python3.12/site-packages/airflow/example_dags/tutorial_dag.py
[2026-06-30T08:51:30.615+0000] {processor.py:830} INFO - Processing file /home/airflow/.local/lib/python3.12/site-packages/airflow/example_dags/tutorial_dag.py for tasks to queue
[2026-06-30T08:51:30.616+0000] {logging_mixin.py:188} INFO - [2026-06-30T08:51:30.616+0000] {dagbag.py:545} INFO - Filling up the DagBag from /home/airflow/.local/lib/python3.12/site-packages/airflow/example_dags/tutorial_dag.py
[2026-06-30T08:51:30.620+0000] {processor.py:840} INFO - DAG(s) 'tutorial_dag' retrieved from /home/airflow/.local/lib/python3.12/site-packages/airflow/example_dags/tutorial_dag.py
[2026-06-30T08:51:30.636+0000] {logging_mixin.py:188} INFO - [2026-06-30T08:51:30.636+0000] {dag.py:3096} INFO - Sync 1 DAGs
[2026-06-30T08:51:30.645+0000] {logging_mixin.py:188} INFO - [2026-06-30T08:51:30.644+0000] {dag.py:3954} INFO - Setting next_dagrun for tutorial_dag to None, run_after=None
[2026-06-30T08:51:30.657+0000] {processor.py:183} INFO - Processing /home/airflow/.local/lib/python3.12/site-packages/airflow/example_dags/tutorial_dag.py took 0.047 seconds
[2026-06-30T08:52:00.755+0000] {processor.py:161} INFO - Started process (PID=25573) to work on /home/airflow/.local/lib/python3.12/site-packages/airflow/example_dags/tutorial_dag.py
[2026-06-30T08:52:00.755+0000] {processor.py:830} INFO - Processing file /home/airflow/.local/lib/python3.12/site-packages/airflow/example_dags/tutorial_dag.py for tasks to queue
[2026-06-30T08:52:00.756+0000] {logging_mixin.py:188} INFO - [2026-06-30T08:52:00.756+0000] {dagbag.py:545} INFO - Filling up the DagBag from /home/airflow/.local/lib/python3.12/site-packages/airflow/example_dags/tutorial_dag.py
[2026-06-30T08:52:00.760+0000] {processor.py:840} INFO - DAG(s) 'tutorial_dag' retrieved from /home/airflow/.local/lib/python3.12/site-packages/airflow/example_dags/tutorial_dag.py
[2026-06-30T08:52:00.775+0000] {logging_mixin.py:188} INFO - [2026-06-30T08:52:00.775+0000] {dag.py:3096} INFO - Sync 1 DAGs
[2026-06-30T08:52:00.784+0000] {logging_mixin.py:188} INFO - [2026-06-30T08:52:00.784+0000] {dag.py:3954} INFO - Setting next_dagrun for tutorial_dag to None, run_after=None
[2026-06-30T08:52:00.797+0000] {processor.py:183} INFO - Processing /home/airflow/.local/lib/python3.12/site-packages/airflow/example_dags/tutorial_dag.py took 0.046 seconds
[2026-06-30T08:52:31.482+0000] {processor.py:161} INFO - Started process (PID=25631) to work on /home/airflow/.local/lib/python3.12/site-packages/airflow/example_dags/tutorial_dag.py
[2026-06-30T08:52:31.483+0000] {processor.py:830} INFO - Processing file /home/airflow/.local/lib/python3.12/site-packages/airflow/example_dags/tutorial_dag.py for tasks to queue
[2026-06-30T08:52:31.484+0000] {logging_mixin.py:188} INFO - [2026-06-30T08:52:31.483+0000] {dagbag.py:545} INFO - Filling up the DagBag from /home/airflow/.local/lib/python3.12/site-packages/airflow/example_dags/tutorial_dag.py
[2026-06-30T08:52:31.488+0000] {processor.py:840} INFO - DAG(s) 'tutorial_dag' retrieved from /home/airflow/.local/lib/python3.12/site-packages/airflow/example_dags/tutorial_dag.py
[2026-06-30T08:52:31.504+0000] {logging_mixin.py:188} INFO - [2026-06-30T08:52:31.504+0000] {dag.py:3096} INFO - Sync 1 DAGs
[2026-06-30T08:52:31.513+0000] {logging_mixin.py:188} INFO - [2026-06-30T08:52:31.513+0000] {dag.py:3954} INFO - Setting next_dagrun for tutorial_dag to None, run_after=None
[2026-06-30T08:52:31.527+0000] {processor.py:183} INFO - Processing /home/airflow/.local/lib/python3.12/site-packages/airflow/example_dags/tutorial_dag.py took 0.049 seconds
[2026-06-30T08:53:01.939+0000] {processor.py:161} INFO - Started process (PID=25689) to work on /home/airflow/.local/lib/python3.12/site-packages/airflow/example_dags/tutorial_dag.py
[2026-06-30T08:53:01.940+0000] {processor.py:830} INFO - Processing file /home/airflow/.local/lib/python3.12/site-packages/airflow/example_dags/tutorial_dag.py for tasks to queue
[2026-06-30T08:53:01.941+0000] {logging_mixin.py:188} INFO - [2026-06-30T08:53:01.941+0000] {dagbag.py:545} INFO - Filling up the DagBag from /home/airflow/.local/lib/python3.12/site-packages/airflow/example_dags/tutorial_dag.py
[2026-06-30T08:53:01.946+0000] {processor.py:840} INFO - DAG(s) 'tutorial_dag' retrieved from /home/airflow/.local/lib/python3.12/site-packages/airflow/example_dags/tutorial_dag.py
[2026-06-30T08:53:01.964+0000] {logging_mixin.py:188} INFO - [2026-06-30T08:53:01.964+0000] {dag.py:3096} INFO - Sync 1 DAGs
[2026-06-30T08:53:02.084+0000] {logging_mixin.py:188} INFO - [2026-06-30T08:53:02.084+0000] {dag.py:3954} INFO - Setting next_dagrun for tutorial_dag to None, run_after=None
[2026-06-30T08:53:02.097+0000] {processor.py:183} INFO - Processing /home/airflow/.local/lib/python3.12/site-packages/airflow/example_dags/tutorial_dag.py took 0.164 seconds
