[2026-06-30T08:18:53.090+0000] {processor.py:161} INFO - Started process (PID=21781) to work on /home/airflow/.local/lib/python3.12/site-packages/airflow/example_dags/tutorial_taskflow_api.py
[2026-06-30T08:18:53.092+0000] {processor.py:830} INFO - Processing file /home/airflow/.local/lib/python3.12/site-packages/airflow/example_dags/tutorial_taskflow_api.py for tasks to queue
[2026-06-30T08:18:53.093+0000] {logging_mixin.py:188} INFO - [2026-06-30T08:18:53.092+0000] {dagbag.py:545} INFO - Filling up the DagBag from /home/airflow/.local/lib/python3.12/site-packages/airflow/example_dags/tutorial_taskflow_api.py
[2026-06-30T08:18:53.099+0000] {processor.py:840} INFO - DAG(s) 'tutorial_taskflow_api' retrieved from /home/airflow/.local/lib/python3.12/site-packages/airflow/example_dags/tutorial_taskflow_api.py
[2026-06-30T08:18:53.119+0000] {logging_mixin.py:188} INFO - [2026-06-30T08:18:53.118+0000] {dag.py:3096} INFO - Sync 1 DAGs
[2026-06-30T08:18:53.131+0000] {logging_mixin.py:188} INFO - [2026-06-30T08:18:53.130+0000] {dag.py:3954} INFO - Setting next_dagrun for tutorial_taskflow_api to None, run_after=None
[2026-06-30T08:18:53.147+0000] {processor.py:183} INFO - Processing /home/airflow/.local/lib/python3.12/site-packages/airflow/example_dags/tutorial_taskflow_api.py took 0.063 seconds
[2026-06-30T08:19:23.494+0000] {processor.py:161} INFO - Started process (PID=21839) to work on /home/airflow/.local/lib/python3.12/site-packages/airflow/example_dags/tutorial_taskflow_api.py
[2026-06-30T08:19:23.496+0000] {processor.py:830} INFO - Processing file /home/airflow/.local/lib/python3.12/site-packages/airflow/example_dags/tutorial_taskflow_api.py for tasks to queue
[2026-06-30T08:19:23.496+0000] {logging_mixin.py:188} INFO - [2026-06-30T08:19:23.496+0000] {dagbag.py:545} INFO - Filling up the DagBag from /home/airflow/.local/lib/python3.12/site-packages/airflow/example_dags/tutorial_taskflow_api.py
[2026-06-30T08:19:23.501+0000] {processor.py:840} INFO - DAG(s) 'tutorial_taskflow_api' retrieved from /home/airflow/.local/lib/python3.12/site-packages/airflow/example_dags/tutorial_taskflow_api.py
[2026-06-30T08:19:23.516+0000] {logging_mixin.py:188} INFO - [2026-06-30T08:19:23.516+0000] {dag.py:3096} INFO - Sync 1 DAGs
[2026-06-30T08:19:23.526+0000] {logging_mixin.py:188} INFO - [2026-06-30T08:19:23.526+0000] {dag.py:3954} INFO - Setting next_dagrun for tutorial_taskflow_api to None, run_after=None
[2026-06-30T08:19:23.540+0000] {processor.py:183} INFO - Processing /home/airflow/.local/lib/python3.12/site-packages/airflow/example_dags/tutorial_taskflow_api.py took 0.050 seconds
[2026-06-30T08:19:53.751+0000] {processor.py:161} INFO - Started process (PID=21895) to work on /home/airflow/.local/lib/python3.12/site-packages/airflow/example_dags/tutorial_taskflow_api.py
[2026-06-30T08:19:53.752+0000] {processor.py:830} INFO - Processing file /home/airflow/.local/lib/python3.12/site-packages/airflow/example_dags/tutorial_taskflow_api.py for tasks to queue
[2026-06-30T08:19:53.754+0000] {logging_mixin.py:188} INFO - [2026-06-30T08:19:53.754+0000] {dagbag.py:545} INFO - Filling up the DagBag from /home/airflow/.local/lib/python3.12/site-packages/airflow/example_dags/tutorial_taskflow_api.py
[2026-06-30T08:19:53.759+0000] {processor.py:840} INFO - DAG(s) 'tutorial_taskflow_api' retrieved from /home/airflow/.local/lib/python3.12/site-packages/airflow/example_dags/tutorial_taskflow_api.py
[2026-06-30T08:19:53.774+0000] {logging_mixin.py:188} INFO - [2026-06-30T08:19:53.774+0000] {dag.py:3096} INFO - Sync 1 DAGs
[2026-06-30T08:19:53.782+0000] {logging_mixin.py:188} INFO - [2026-06-30T08:19:53.782+0000] {dag.py:3954} INFO - Setting next_dagrun for tutorial_taskflow_api to None, run_after=None
[2026-06-30T08:19:53.794+0000] {processor.py:183} INFO - Processing /home/airflow/.local/lib/python3.12/site-packages/airflow/example_dags/tutorial_taskflow_api.py took 0.048 seconds
[2026-06-30T08:20:24.000+0000] {processor.py:161} INFO - Started process (PID=21953) to work on /home/airflow/.local/lib/python3.12/site-packages/airflow/example_dags/tutorial_taskflow_api.py
[2026-06-30T08:20:24.000+0000] {processor.py:830} INFO - Processing file /home/airflow/.local/lib/python3.12/site-packages/airflow/example_dags/tutorial_taskflow_api.py for tasks to queue
[2026-06-30T08:20:24.001+0000] {logging_mixin.py:188} INFO - [2026-06-30T08:20:24.001+0000] {dagbag.py:545} INFO - Filling up the DagBag from /home/airflow/.local/lib/python3.12/site-packages/airflow/example_dags/tutorial_taskflow_api.py
[2026-06-30T08:20:24.006+0000] {processor.py:840} INFO - DAG(s) 'tutorial_taskflow_api' retrieved from /home/airflow/.local/lib/python3.12/site-packages/airflow/example_dags/tutorial_taskflow_api.py
[2026-06-30T08:20:24.021+0000] {logging_mixin.py:188} INFO - [2026-06-30T08:20:24.020+0000] {dag.py:3096} INFO - Sync 1 DAGs
[2026-06-30T08:20:24.029+0000] {logging_mixin.py:188} INFO - [2026-06-30T08:20:24.029+0000] {dag.py:3954} INFO - Setting next_dagrun for tutorial_taskflow_api to None, run_after=None
[2026-06-30T08:20:24.042+0000] {processor.py:183} INFO - Processing /home/airflow/.local/lib/python3.12/site-packages/airflow/example_dags/tutorial_taskflow_api.py took 0.046 seconds
[2026-06-30T08:20:54.454+0000] {processor.py:161} INFO - Started process (PID=22011) to work on /home/airflow/.local/lib/python3.12/site-packages/airflow/example_dags/tutorial_taskflow_api.py
[2026-06-30T08:20:54.454+0000] {processor.py:830} INFO - Processing file /home/airflow/.local/lib/python3.12/site-packages/airflow/example_dags/tutorial_taskflow_api.py for tasks to queue
[2026-06-30T08:20:54.455+0000] {logging_mixin.py:188} INFO - [2026-06-30T08:20:54.455+0000] {dagbag.py:545} INFO - Filling up the DagBag from /home/airflow/.local/lib/python3.12/site-packages/airflow/example_dags/tutorial_taskflow_api.py
[2026-06-30T08:20:54.460+0000] {processor.py:840} INFO - DAG(s) 'tutorial_taskflow_api' retrieved from /home/airflow/.local/lib/python3.12/site-packages/airflow/example_dags/tutorial_taskflow_api.py
[2026-06-30T08:20:54.474+0000] {logging_mixin.py:188} INFO - [2026-06-30T08:20:54.474+0000] {dag.py:3096} INFO - Sync 1 DAGs
[2026-06-30T08:20:54.482+0000] {logging_mixin.py:188} INFO - [2026-06-30T08:20:54.482+0000] {dag.py:3954} INFO - Setting next_dagrun for tutorial_taskflow_api to None, run_after=None
[2026-06-30T08:20:54.495+0000] {processor.py:183} INFO - Processing /home/airflow/.local/lib/python3.12/site-packages/airflow/example_dags/tutorial_taskflow_api.py took 0.046 seconds
[2026-06-30T08:21:24.717+0000] {processor.py:161} INFO - Started process (PID=22068) to work on /home/airflow/.local/lib/python3.12/site-packages/airflow/example_dags/tutorial_taskflow_api.py
[2026-06-30T08:21:24.718+0000] {processor.py:830} INFO - Processing file /home/airflow/.local/lib/python3.12/site-packages/airflow/example_dags/tutorial_taskflow_api.py for tasks to queue
[2026-06-30T08:21:24.719+0000] {logging_mixin.py:188} INFO - [2026-06-30T08:21:24.719+0000] {dagbag.py:545} INFO - Filling up the DagBag from /home/airflow/.local/lib/python3.12/site-packages/airflow/example_dags/tutorial_taskflow_api.py
[2026-06-30T08:21:24.724+0000] {processor.py:840} INFO - DAG(s) 'tutorial_taskflow_api' retrieved from /home/airflow/.local/lib/python3.12/site-packages/airflow/example_dags/tutorial_taskflow_api.py
[2026-06-30T08:21:24.738+0000] {logging_mixin.py:188} INFO - [2026-06-30T08:21:24.738+0000] {dag.py:3096} INFO - Sync 1 DAGs
[2026-06-30T08:21:24.749+0000] {logging_mixin.py:188} INFO - [2026-06-30T08:21:24.749+0000] {dag.py:3954} INFO - Setting next_dagrun for tutorial_taskflow_api to None, run_after=None
[2026-06-30T08:21:24.762+0000] {processor.py:183} INFO - Processing /home/airflow/.local/lib/python3.12/site-packages/airflow/example_dags/tutorial_taskflow_api.py took 0.049 seconds
[2026-06-30T08:21:54.961+0000] {processor.py:161} INFO - Started process (PID=22125) to work on /home/airflow/.local/lib/python3.12/site-packages/airflow/example_dags/tutorial_taskflow_api.py
[2026-06-30T08:21:54.962+0000] {processor.py:830} INFO - Processing file /home/airflow/.local/lib/python3.12/site-packages/airflow/example_dags/tutorial_taskflow_api.py for tasks to queue
[2026-06-30T08:21:54.963+0000] {logging_mixin.py:188} INFO - [2026-06-30T08:21:54.962+0000] {dagbag.py:545} INFO - Filling up the DagBag from /home/airflow/.local/lib/python3.12/site-packages/airflow/example_dags/tutorial_taskflow_api.py
[2026-06-30T08:21:54.968+0000] {processor.py:840} INFO - DAG(s) 'tutorial_taskflow_api' retrieved from /home/airflow/.local/lib/python3.12/site-packages/airflow/example_dags/tutorial_taskflow_api.py
[2026-06-30T08:21:54.983+0000] {logging_mixin.py:188} INFO - [2026-06-30T08:21:54.983+0000] {dag.py:3096} INFO - Sync 1 DAGs
[2026-06-30T08:21:54.992+0000] {logging_mixin.py:188} INFO - [2026-06-30T08:21:54.992+0000] {dag.py:3954} INFO - Setting next_dagrun for tutorial_taskflow_api to None, run_after=None
[2026-06-30T08:21:55.006+0000] {processor.py:183} INFO - Processing /home/airflow/.local/lib/python3.12/site-packages/airflow/example_dags/tutorial_taskflow_api.py took 0.049 seconds
[2026-06-30T08:22:25.421+0000] {processor.py:161} INFO - Started process (PID=22183) to work on /home/airflow/.local/lib/python3.12/site-packages/airflow/example_dags/tutorial_taskflow_api.py
[2026-06-30T08:22:25.422+0000] {processor.py:830} INFO - Processing file /home/airflow/.local/lib/python3.12/site-packages/airflow/example_dags/tutorial_taskflow_api.py for tasks to queue
[2026-06-30T08:22:25.423+0000] {logging_mixin.py:188} INFO - [2026-06-30T08:22:25.422+0000] {dagbag.py:545} INFO - Filling up the DagBag from /home/airflow/.local/lib/python3.12/site-packages/airflow/example_dags/tutorial_taskflow_api.py
[2026-06-30T08:22:25.427+0000] {processor.py:840} INFO - DAG(s) 'tutorial_taskflow_api' retrieved from /home/airflow/.local/lib/python3.12/site-packages/airflow/example_dags/tutorial_taskflow_api.py
[2026-06-30T08:22:25.442+0000] {logging_mixin.py:188} INFO - [2026-06-30T08:22:25.442+0000] {dag.py:3096} INFO - Sync 1 DAGs
[2026-06-30T08:22:25.450+0000] {logging_mixin.py:188} INFO - [2026-06-30T08:22:25.450+0000] {dag.py:3954} INFO - Setting next_dagrun for tutorial_taskflow_api to None, run_after=None
[2026-06-30T08:22:25.462+0000] {processor.py:183} INFO - Processing /home/airflow/.local/lib/python3.12/site-packages/airflow/example_dags/tutorial_taskflow_api.py took 0.045 seconds
[2026-06-30T08:22:56.029+0000] {processor.py:161} INFO - Started process (PID=22241) to work on /home/airflow/.local/lib/python3.12/site-packages/airflow/example_dags/tutorial_taskflow_api.py
[2026-06-30T08:22:56.030+0000] {processor.py:830} INFO - Processing file /home/airflow/.local/lib/python3.12/site-packages/airflow/example_dags/tutorial_taskflow_api.py for tasks to queue
[2026-06-30T08:22:56.031+0000] {logging_mixin.py:188} INFO - [2026-06-30T08:22:56.031+0000] {dagbag.py:545} INFO - Filling up the DagBag from /home/airflow/.local/lib/python3.12/site-packages/airflow/example_dags/tutorial_taskflow_api.py
[2026-06-30T08:22:56.035+0000] {processor.py:840} INFO - DAG(s) 'tutorial_taskflow_api' retrieved from /home/airflow/.local/lib/python3.12/site-packages/airflow/example_dags/tutorial_taskflow_api.py
[2026-06-30T08:22:56.050+0000] {logging_mixin.py:188} INFO - [2026-06-30T08:22:56.050+0000] {dag.py:3096} INFO - Sync 1 DAGs
[2026-06-30T08:22:56.058+0000] {logging_mixin.py:188} INFO - [2026-06-30T08:22:56.058+0000] {dag.py:3954} INFO - Setting next_dagrun for tutorial_taskflow_api to None, run_after=None
[2026-06-30T08:22:56.070+0000] {processor.py:183} INFO - Processing /home/airflow/.local/lib/python3.12/site-packages/airflow/example_dags/tutorial_taskflow_api.py took 0.045 seconds
[2026-06-30T08:23:26.306+0000] {processor.py:161} INFO - Started process (PID=22299) to work on /home/airflow/.local/lib/python3.12/site-packages/airflow/example_dags/tutorial_taskflow_api.py
[2026-06-30T08:23:26.307+0000] {processor.py:830} INFO - Processing file /home/airflow/.local/lib/python3.12/site-packages/airflow/example_dags/tutorial_taskflow_api.py for tasks to queue
[2026-06-30T08:23:26.307+0000] {logging_mixin.py:188} INFO - [2026-06-30T08:23:26.307+0000] {dagbag.py:545} INFO - Filling up the DagBag from /home/airflow/.local/lib/python3.12/site-packages/airflow/example_dags/tutorial_taskflow_api.py
[2026-06-30T08:23:26.312+0000] {processor.py:840} INFO - DAG(s) 'tutorial_taskflow_api' retrieved from /home/airflow/.local/lib/python3.12/site-packages/airflow/example_dags/tutorial_taskflow_api.py
[2026-06-30T08:23:26.326+0000] {logging_mixin.py:188} INFO - [2026-06-30T08:23:26.326+0000] {dag.py:3096} INFO - Sync 1 DAGs
[2026-06-30T08:23:26.334+0000] {logging_mixin.py:188} INFO - [2026-06-30T08:23:26.334+0000] {dag.py:3954} INFO - Setting next_dagrun for tutorial_taskflow_api to None, run_after=None
[2026-06-30T08:23:26.347+0000] {processor.py:183} INFO - Processing /home/airflow/.local/lib/python3.12/site-packages/airflow/example_dags/tutorial_taskflow_api.py took 0.045 seconds
[2026-06-30T08:23:56.496+0000] {processor.py:161} INFO - Started process (PID=22352) to work on /home/airflow/.local/lib/python3.12/site-packages/airflow/example_dags/tutorial_taskflow_api.py
[2026-06-30T08:23:56.497+0000] {processor.py:830} INFO - Processing file /home/airflow/.local/lib/python3.12/site-packages/airflow/example_dags/tutorial_taskflow_api.py for tasks to queue
[2026-06-30T08:23:56.498+0000] {logging_mixin.py:188} INFO - [2026-06-30T08:23:56.498+0000] {dagbag.py:545} INFO - Filling up the DagBag from /home/airflow/.local/lib/python3.12/site-packages/airflow/example_dags/tutorial_taskflow_api.py
[2026-06-30T08:23:56.503+0000] {processor.py:840} INFO - DAG(s) 'tutorial_taskflow_api' retrieved from /home/airflow/.local/lib/python3.12/site-packages/airflow/example_dags/tutorial_taskflow_api.py
[2026-06-30T08:23:56.517+0000] {logging_mixin.py:188} INFO - [2026-06-30T08:23:56.517+0000] {dag.py:3096} INFO - Sync 1 DAGs
[2026-06-30T08:23:56.525+0000] {logging_mixin.py:188} INFO - [2026-06-30T08:23:56.525+0000] {dag.py:3954} INFO - Setting next_dagrun for tutorial_taskflow_api to None, run_after=None
[2026-06-30T08:23:56.537+0000] {processor.py:183} INFO - Processing /home/airflow/.local/lib/python3.12/site-packages/airflow/example_dags/tutorial_taskflow_api.py took 0.045 seconds
[2026-06-30T08:24:26.864+0000] {processor.py:161} INFO - Started process (PID=22406) to work on /home/airflow/.local/lib/python3.12/site-packages/airflow/example_dags/tutorial_taskflow_api.py
[2026-06-30T08:24:26.865+0000] {processor.py:830} INFO - Processing file /home/airflow/.local/lib/python3.12/site-packages/airflow/example_dags/tutorial_taskflow_api.py for tasks to queue
[2026-06-30T08:24:26.867+0000] {logging_mixin.py:188} INFO - [2026-06-30T08:24:26.867+0000] {dagbag.py:545} INFO - Filling up the DagBag from /home/airflow/.local/lib/python3.12/site-packages/airflow/example_dags/tutorial_taskflow_api.py
[2026-06-30T08:24:26.874+0000] {processor.py:840} INFO - DAG(s) 'tutorial_taskflow_api' retrieved from /home/airflow/.local/lib/python3.12/site-packages/airflow/example_dags/tutorial_taskflow_api.py
[2026-06-30T08:24:26.895+0000] {logging_mixin.py:188} INFO - [2026-06-30T08:24:26.895+0000] {dag.py:3096} INFO - Sync 1 DAGs
[2026-06-30T08:24:26.909+0000] {logging_mixin.py:188} INFO - [2026-06-30T08:24:26.908+0000] {dag.py:3954} INFO - Setting next_dagrun for tutorial_taskflow_api to None, run_after=None
[2026-06-30T08:24:26.927+0000] {processor.py:183} INFO - Processing /home/airflow/.local/lib/python3.12/site-packages/airflow/example_dags/tutorial_taskflow_api.py took 0.069 seconds
[2026-06-30T08:24:57.589+0000] {processor.py:161} INFO - Started process (PID=22465) to work on /home/airflow/.local/lib/python3.12/site-packages/airflow/example_dags/tutorial_taskflow_api.py
[2026-06-30T08:24:57.590+0000] {processor.py:830} INFO - Processing file /home/airflow/.local/lib/python3.12/site-packages/airflow/example_dags/tutorial_taskflow_api.py for tasks to queue
[2026-06-30T08:24:57.590+0000] {logging_mixin.py:188} INFO - [2026-06-30T08:24:57.590+0000] {dagbag.py:545} INFO - Filling up the DagBag from /home/airflow/.local/lib/python3.12/site-packages/airflow/example_dags/tutorial_taskflow_api.py
[2026-06-30T08:24:57.596+0000] {processor.py:840} INFO - DAG(s) 'tutorial_taskflow_api' retrieved from /home/airflow/.local/lib/python3.12/site-packages/airflow/example_dags/tutorial_taskflow_api.py
[2026-06-30T08:24:57.614+0000] {logging_mixin.py:188} INFO - [2026-06-30T08:24:57.614+0000] {dag.py:3096} INFO - Sync 1 DAGs
[2026-06-30T08:24:57.623+0000] {logging_mixin.py:188} INFO - [2026-06-30T08:24:57.623+0000] {dag.py:3954} INFO - Setting next_dagrun for tutorial_taskflow_api to None, run_after=None
[2026-06-30T08:24:57.638+0000] {processor.py:183} INFO - Processing /home/airflow/.local/lib/python3.12/site-packages/airflow/example_dags/tutorial_taskflow_api.py took 0.054 seconds
[2026-06-30T08:25:28.133+0000] {processor.py:161} INFO - Started process (PID=22523) to work on /home/airflow/.local/lib/python3.12/site-packages/airflow/example_dags/tutorial_taskflow_api.py
[2026-06-30T08:25:28.133+0000] {processor.py:830} INFO - Processing file /home/airflow/.local/lib/python3.12/site-packages/airflow/example_dags/tutorial_taskflow_api.py for tasks to queue
[2026-06-30T08:25:28.134+0000] {logging_mixin.py:188} INFO - [2026-06-30T08:25:28.134+0000] {dagbag.py:545} INFO - Filling up the DagBag from /home/airflow/.local/lib/python3.12/site-packages/airflow/example_dags/tutorial_taskflow_api.py
[2026-06-30T08:25:28.139+0000] {processor.py:840} INFO - DAG(s) 'tutorial_taskflow_api' retrieved from /home/airflow/.local/lib/python3.12/site-packages/airflow/example_dags/tutorial_taskflow_api.py
[2026-06-30T08:25:28.153+0000] {logging_mixin.py:188} INFO - [2026-06-30T08:25:28.152+0000] {dag.py:3096} INFO - Sync 1 DAGs
[2026-06-30T08:25:28.160+0000] {logging_mixin.py:188} INFO - [2026-06-30T08:25:28.160+0000] {dag.py:3954} INFO - Setting next_dagrun for tutorial_taskflow_api to None, run_after=None
[2026-06-30T08:25:28.172+0000] {processor.py:183} INFO - Processing /home/airflow/.local/lib/python3.12/site-packages/airflow/example_dags/tutorial_taskflow_api.py took 0.043 seconds
[2026-06-30T08:25:58.535+0000] {processor.py:161} INFO - Started process (PID=22581) to work on /home/airflow/.local/lib/python3.12/site-packages/airflow/example_dags/tutorial_taskflow_api.py
[2026-06-30T08:25:58.537+0000] {processor.py:830} INFO - Processing file /home/airflow/.local/lib/python3.12/site-packages/airflow/example_dags/tutorial_taskflow_api.py for tasks to queue
[2026-06-30T08:25:58.537+0000] {logging_mixin.py:188} INFO - [2026-06-30T08:25:58.537+0000] {dagbag.py:545} INFO - Filling up the DagBag from /home/airflow/.local/lib/python3.12/site-packages/airflow/example_dags/tutorial_taskflow_api.py
[2026-06-30T08:25:58.543+0000] {processor.py:840} INFO - DAG(s) 'tutorial_taskflow_api' retrieved from /home/airflow/.local/lib/python3.12/site-packages/airflow/example_dags/tutorial_taskflow_api.py
[2026-06-30T08:25:58.563+0000] {logging_mixin.py:188} INFO - [2026-06-30T08:25:58.563+0000] {dag.py:3096} INFO - Sync 1 DAGs
[2026-06-30T08:25:58.574+0000] {logging_mixin.py:188} INFO - [2026-06-30T08:25:58.573+0000] {dag.py:3954} INFO - Setting next_dagrun for tutorial_taskflow_api to None, run_after=None
[2026-06-30T08:25:58.589+0000] {processor.py:183} INFO - Processing /home/airflow/.local/lib/python3.12/site-packages/airflow/example_dags/tutorial_taskflow_api.py took 0.060 seconds
[2026-06-30T08:26:29.297+0000] {processor.py:161} INFO - Started process (PID=22639) to work on /home/airflow/.local/lib/python3.12/site-packages/airflow/example_dags/tutorial_taskflow_api.py
[2026-06-30T08:26:29.298+0000] {processor.py:830} INFO - Processing file /home/airflow/.local/lib/python3.12/site-packages/airflow/example_dags/tutorial_taskflow_api.py for tasks to queue
[2026-06-30T08:26:29.299+0000] {logging_mixin.py:188} INFO - [2026-06-30T08:26:29.299+0000] {dagbag.py:545} INFO - Filling up the DagBag from /home/airflow/.local/lib/python3.12/site-packages/airflow/example_dags/tutorial_taskflow_api.py
[2026-06-30T08:26:29.304+0000] {processor.py:840} INFO - DAG(s) 'tutorial_taskflow_api' retrieved from /home/airflow/.local/lib/python3.12/site-packages/airflow/example_dags/tutorial_taskflow_api.py
[2026-06-30T08:26:29.318+0000] {logging_mixin.py:188} INFO - [2026-06-30T08:26:29.318+0000] {dag.py:3096} INFO - Sync 1 DAGs
[2026-06-30T08:26:29.327+0000] {logging_mixin.py:188} INFO - [2026-06-30T08:26:29.327+0000] {dag.py:3954} INFO - Setting next_dagrun for tutorial_taskflow_api to None, run_after=None
[2026-06-30T08:26:29.339+0000] {processor.py:183} INFO - Processing /home/airflow/.local/lib/python3.12/site-packages/airflow/example_dags/tutorial_taskflow_api.py took 0.046 seconds
[2026-06-30T08:27:00.157+0000] {processor.py:161} INFO - Started process (PID=22697) to work on /home/airflow/.local/lib/python3.12/site-packages/airflow/example_dags/tutorial_taskflow_api.py
[2026-06-30T08:27:00.157+0000] {processor.py:830} INFO - Processing file /home/airflow/.local/lib/python3.12/site-packages/airflow/example_dags/tutorial_taskflow_api.py for tasks to queue
[2026-06-30T08:27:00.158+0000] {logging_mixin.py:188} INFO - [2026-06-30T08:27:00.158+0000] {dagbag.py:545} INFO - Filling up the DagBag from /home/airflow/.local/lib/python3.12/site-packages/airflow/example_dags/tutorial_taskflow_api.py
[2026-06-30T08:27:00.164+0000] {processor.py:840} INFO - DAG(s) 'tutorial_taskflow_api' retrieved from /home/airflow/.local/lib/python3.12/site-packages/airflow/example_dags/tutorial_taskflow_api.py
[2026-06-30T08:27:00.178+0000] {logging_mixin.py:188} INFO - [2026-06-30T08:27:00.178+0000] {dag.py:3096} INFO - Sync 1 DAGs
[2026-06-30T08:27:00.187+0000] {logging_mixin.py:188} INFO - [2026-06-30T08:27:00.187+0000] {dag.py:3954} INFO - Setting next_dagrun for tutorial_taskflow_api to None, run_after=None
[2026-06-30T08:27:00.200+0000] {processor.py:183} INFO - Processing /home/airflow/.local/lib/python3.12/site-packages/airflow/example_dags/tutorial_taskflow_api.py took 0.048 seconds
[2026-06-30T08:27:30.650+0000] {processor.py:161} INFO - Started process (PID=22755) to work on /home/airflow/.local/lib/python3.12/site-packages/airflow/example_dags/tutorial_taskflow_api.py
[2026-06-30T08:27:30.650+0000] {processor.py:830} INFO - Processing file /home/airflow/.local/lib/python3.12/site-packages/airflow/example_dags/tutorial_taskflow_api.py for tasks to queue
[2026-06-30T08:27:30.651+0000] {logging_mixin.py:188} INFO - [2026-06-30T08:27:30.651+0000] {dagbag.py:545} INFO - Filling up the DagBag from /home/airflow/.local/lib/python3.12/site-packages/airflow/example_dags/tutorial_taskflow_api.py
[2026-06-30T08:27:30.656+0000] {processor.py:840} INFO - DAG(s) 'tutorial_taskflow_api' retrieved from /home/airflow/.local/lib/python3.12/site-packages/airflow/example_dags/tutorial_taskflow_api.py
[2026-06-30T08:27:30.669+0000] {logging_mixin.py:188} INFO - [2026-06-30T08:27:30.669+0000] {dag.py:3096} INFO - Sync 1 DAGs
[2026-06-30T08:27:30.677+0000] {logging_mixin.py:188} INFO - [2026-06-30T08:27:30.677+0000] {dag.py:3954} INFO - Setting next_dagrun for tutorial_taskflow_api to None, run_after=None
[2026-06-30T08:27:30.689+0000] {processor.py:183} INFO - Processing /home/airflow/.local/lib/python3.12/site-packages/airflow/example_dags/tutorial_taskflow_api.py took 0.044 seconds
[2026-06-30T08:28:01.053+0000] {processor.py:161} INFO - Started process (PID=22813) to work on /home/airflow/.local/lib/python3.12/site-packages/airflow/example_dags/tutorial_taskflow_api.py
[2026-06-30T08:28:01.054+0000] {processor.py:830} INFO - Processing file /home/airflow/.local/lib/python3.12/site-packages/airflow/example_dags/tutorial_taskflow_api.py for tasks to queue
[2026-06-30T08:28:01.055+0000] {logging_mixin.py:188} INFO - [2026-06-30T08:28:01.055+0000] {dagbag.py:545} INFO - Filling up the DagBag from /home/airflow/.local/lib/python3.12/site-packages/airflow/example_dags/tutorial_taskflow_api.py
[2026-06-30T08:28:01.061+0000] {processor.py:840} INFO - DAG(s) 'tutorial_taskflow_api' retrieved from /home/airflow/.local/lib/python3.12/site-packages/airflow/example_dags/tutorial_taskflow_api.py
[2026-06-30T08:28:01.078+0000] {logging_mixin.py:188} INFO - [2026-06-30T08:28:01.078+0000] {dag.py:3096} INFO - Sync 1 DAGs
[2026-06-30T08:28:01.088+0000] {logging_mixin.py:188} INFO - [2026-06-30T08:28:01.088+0000] {dag.py:3954} INFO - Setting next_dagrun for tutorial_taskflow_api to None, run_after=None
[2026-06-30T08:28:01.104+0000] {processor.py:183} INFO - Processing /home/airflow/.local/lib/python3.12/site-packages/airflow/example_dags/tutorial_taskflow_api.py took 0.055 seconds
[2026-06-30T08:28:31.505+0000] {processor.py:161} INFO - Started process (PID=22871) to work on /home/airflow/.local/lib/python3.12/site-packages/airflow/example_dags/tutorial_taskflow_api.py
[2026-06-30T08:28:31.507+0000] {processor.py:830} INFO - Processing file /home/airflow/.local/lib/python3.12/site-packages/airflow/example_dags/tutorial_taskflow_api.py for tasks to queue
[2026-06-30T08:28:31.508+0000] {logging_mixin.py:188} INFO - [2026-06-30T08:28:31.507+0000] {dagbag.py:545} INFO - Filling up the DagBag from /home/airflow/.local/lib/python3.12/site-packages/airflow/example_dags/tutorial_taskflow_api.py
[2026-06-30T08:28:31.514+0000] {processor.py:840} INFO - DAG(s) 'tutorial_taskflow_api' retrieved from /home/airflow/.local/lib/python3.12/site-packages/airflow/example_dags/tutorial_taskflow_api.py
[2026-06-30T08:28:31.531+0000] {logging_mixin.py:188} INFO - [2026-06-30T08:28:31.531+0000] {dag.py:3096} INFO - Sync 1 DAGs
[2026-06-30T08:28:31.541+0000] {logging_mixin.py:188} INFO - [2026-06-30T08:28:31.540+0000] {dag.py:3954} INFO - Setting next_dagrun for tutorial_taskflow_api to None, run_after=None
[2026-06-30T08:28:31.557+0000] {processor.py:183} INFO - Processing /home/airflow/.local/lib/python3.12/site-packages/airflow/example_dags/tutorial_taskflow_api.py took 0.058 seconds
[2026-06-30T08:29:02.019+0000] {processor.py:161} INFO - Started process (PID=22929) to work on /home/airflow/.local/lib/python3.12/site-packages/airflow/example_dags/tutorial_taskflow_api.py
[2026-06-30T08:29:02.020+0000] {processor.py:830} INFO - Processing file /home/airflow/.local/lib/python3.12/site-packages/airflow/example_dags/tutorial_taskflow_api.py for tasks to queue
[2026-06-30T08:29:02.020+0000] {logging_mixin.py:188} INFO - [2026-06-30T08:29:02.020+0000] {dagbag.py:545} INFO - Filling up the DagBag from /home/airflow/.local/lib/python3.12/site-packages/airflow/example_dags/tutorial_taskflow_api.py
[2026-06-30T08:29:02.025+0000] {processor.py:840} INFO - DAG(s) 'tutorial_taskflow_api' retrieved from /home/airflow/.local/lib/python3.12/site-packages/airflow/example_dags/tutorial_taskflow_api.py
[2026-06-30T08:29:02.041+0000] {logging_mixin.py:188} INFO - [2026-06-30T08:29:02.040+0000] {dag.py:3096} INFO - Sync 1 DAGs
[2026-06-30T08:29:02.049+0000] {logging_mixin.py:188} INFO - [2026-06-30T08:29:02.049+0000] {dag.py:3954} INFO - Setting next_dagrun for tutorial_taskflow_api to None, run_after=None
[2026-06-30T08:29:02.062+0000] {processor.py:183} INFO - Processing /home/airflow/.local/lib/python3.12/site-packages/airflow/example_dags/tutorial_taskflow_api.py took 0.048 seconds
[2026-06-30T08:29:32.520+0000] {processor.py:161} INFO - Started process (PID=22987) to work on /home/airflow/.local/lib/python3.12/site-packages/airflow/example_dags/tutorial_taskflow_api.py
[2026-06-30T08:29:32.521+0000] {processor.py:830} INFO - Processing file /home/airflow/.local/lib/python3.12/site-packages/airflow/example_dags/tutorial_taskflow_api.py for tasks to queue
[2026-06-30T08:29:32.522+0000] {logging_mixin.py:188} INFO - [2026-06-30T08:29:32.522+0000] {dagbag.py:545} INFO - Filling up the DagBag from /home/airflow/.local/lib/python3.12/site-packages/airflow/example_dags/tutorial_taskflow_api.py
[2026-06-30T08:29:32.527+0000] {processor.py:840} INFO - DAG(s) 'tutorial_taskflow_api' retrieved from /home/airflow/.local/lib/python3.12/site-packages/airflow/example_dags/tutorial_taskflow_api.py
[2026-06-30T08:29:32.543+0000] {logging_mixin.py:188} INFO - [2026-06-30T08:29:32.543+0000] {dag.py:3096} INFO - Sync 1 DAGs
[2026-06-30T08:29:32.552+0000] {logging_mixin.py:188} INFO - [2026-06-30T08:29:32.552+0000] {dag.py:3954} INFO - Setting next_dagrun for tutorial_taskflow_api to None, run_after=None
[2026-06-30T08:29:32.566+0000] {processor.py:183} INFO - Processing /home/airflow/.local/lib/python3.12/site-packages/airflow/example_dags/tutorial_taskflow_api.py took 0.050 seconds
[2026-06-30T08:30:03.113+0000] {processor.py:161} INFO - Started process (PID=23045) to work on /home/airflow/.local/lib/python3.12/site-packages/airflow/example_dags/tutorial_taskflow_api.py
[2026-06-30T08:30:03.114+0000] {processor.py:830} INFO - Processing file /home/airflow/.local/lib/python3.12/site-packages/airflow/example_dags/tutorial_taskflow_api.py for tasks to queue
[2026-06-30T08:30:03.115+0000] {logging_mixin.py:188} INFO - [2026-06-30T08:30:03.115+0000] {dagbag.py:545} INFO - Filling up the DagBag from /home/airflow/.local/lib/python3.12/site-packages/airflow/example_dags/tutorial_taskflow_api.py
[2026-06-30T08:30:03.120+0000] {processor.py:840} INFO - DAG(s) 'tutorial_taskflow_api' retrieved from /home/airflow/.local/lib/python3.12/site-packages/airflow/example_dags/tutorial_taskflow_api.py
[2026-06-30T08:30:03.137+0000] {logging_mixin.py:188} INFO - [2026-06-30T08:30:03.137+0000] {dag.py:3096} INFO - Sync 1 DAGs
[2026-06-30T08:30:03.146+0000] {logging_mixin.py:188} INFO - [2026-06-30T08:30:03.146+0000] {dag.py:3954} INFO - Setting next_dagrun for tutorial_taskflow_api to None, run_after=None
[2026-06-30T08:30:03.161+0000] {processor.py:183} INFO - Processing /home/airflow/.local/lib/python3.12/site-packages/airflow/example_dags/tutorial_taskflow_api.py took 0.053 seconds
[2026-06-30T08:30:33.640+0000] {processor.py:161} INFO - Started process (PID=23103) to work on /home/airflow/.local/lib/python3.12/site-packages/airflow/example_dags/tutorial_taskflow_api.py
[2026-06-30T08:30:33.641+0000] {processor.py:830} INFO - Processing file /home/airflow/.local/lib/python3.12/site-packages/airflow/example_dags/tutorial_taskflow_api.py for tasks to queue
[2026-06-30T08:30:33.642+0000] {logging_mixin.py:188} INFO - [2026-06-30T08:30:33.641+0000] {dagbag.py:545} INFO - Filling up the DagBag from /home/airflow/.local/lib/python3.12/site-packages/airflow/example_dags/tutorial_taskflow_api.py
[2026-06-30T08:30:33.647+0000] {processor.py:840} INFO - DAG(s) 'tutorial_taskflow_api' retrieved from /home/airflow/.local/lib/python3.12/site-packages/airflow/example_dags/tutorial_taskflow_api.py
[2026-06-30T08:30:33.662+0000] {logging_mixin.py:188} INFO - [2026-06-30T08:30:33.662+0000] {dag.py:3096} INFO - Sync 1 DAGs
[2026-06-30T08:30:33.670+0000] {logging_mixin.py:188} INFO - [2026-06-30T08:30:33.670+0000] {dag.py:3954} INFO - Setting next_dagrun for tutorial_taskflow_api to None, run_after=None
[2026-06-30T08:30:33.684+0000] {processor.py:183} INFO - Processing /home/airflow/.local/lib/python3.12/site-packages/airflow/example_dags/tutorial_taskflow_api.py took 0.049 seconds
[2026-06-30T08:31:04.384+0000] {processor.py:161} INFO - Started process (PID=23161) to work on /home/airflow/.local/lib/python3.12/site-packages/airflow/example_dags/tutorial_taskflow_api.py
[2026-06-30T08:31:04.385+0000] {processor.py:830} INFO - Processing file /home/airflow/.local/lib/python3.12/site-packages/airflow/example_dags/tutorial_taskflow_api.py for tasks to queue
[2026-06-30T08:31:04.386+0000] {logging_mixin.py:188} INFO - [2026-06-30T08:31:04.386+0000] {dagbag.py:545} INFO - Filling up the DagBag from /home/airflow/.local/lib/python3.12/site-packages/airflow/example_dags/tutorial_taskflow_api.py
[2026-06-30T08:31:04.392+0000] {processor.py:840} INFO - DAG(s) 'tutorial_taskflow_api' retrieved from /home/airflow/.local/lib/python3.12/site-packages/airflow/example_dags/tutorial_taskflow_api.py
[2026-06-30T08:31:04.408+0000] {logging_mixin.py:188} INFO - [2026-06-30T08:31:04.407+0000] {dag.py:3096} INFO - Sync 1 DAGs
[2026-06-30T08:31:04.417+0000] {logging_mixin.py:188} INFO - [2026-06-30T08:31:04.417+0000] {dag.py:3954} INFO - Setting next_dagrun for tutorial_taskflow_api to None, run_after=None
[2026-06-30T08:31:04.431+0000] {processor.py:183} INFO - Processing /home/airflow/.local/lib/python3.12/site-packages/airflow/example_dags/tutorial_taskflow_api.py took 0.052 seconds
[2026-06-30T08:31:35.234+0000] {processor.py:161} INFO - Started process (PID=23219) to work on /home/airflow/.local/lib/python3.12/site-packages/airflow/example_dags/tutorial_taskflow_api.py
[2026-06-30T08:31:35.235+0000] {processor.py:830} INFO - Processing file /home/airflow/.local/lib/python3.12/site-packages/airflow/example_dags/tutorial_taskflow_api.py for tasks to queue
[2026-06-30T08:31:35.236+0000] {logging_mixin.py:188} INFO - [2026-06-30T08:31:35.236+0000] {dagbag.py:545} INFO - Filling up the DagBag from /home/airflow/.local/lib/python3.12/site-packages/airflow/example_dags/tutorial_taskflow_api.py
[2026-06-30T08:31:35.241+0000] {processor.py:840} INFO - DAG(s) 'tutorial_taskflow_api' retrieved from /home/airflow/.local/lib/python3.12/site-packages/airflow/example_dags/tutorial_taskflow_api.py
[2026-06-30T08:31:35.257+0000] {logging_mixin.py:188} INFO - [2026-06-30T08:31:35.257+0000] {dag.py:3096} INFO - Sync 1 DAGs
[2026-06-30T08:31:35.266+0000] {logging_mixin.py:188} INFO - [2026-06-30T08:31:35.265+0000] {dag.py:3954} INFO - Setting next_dagrun for tutorial_taskflow_api to None, run_after=None
[2026-06-30T08:31:35.279+0000] {processor.py:183} INFO - Processing /home/airflow/.local/lib/python3.12/site-packages/airflow/example_dags/tutorial_taskflow_api.py took 0.050 seconds
[2026-06-30T08:32:05.783+0000] {processor.py:161} INFO - Started process (PID=23277) to work on /home/airflow/.local/lib/python3.12/site-packages/airflow/example_dags/tutorial_taskflow_api.py
[2026-06-30T08:32:05.784+0000] {processor.py:830} INFO - Processing file /home/airflow/.local/lib/python3.12/site-packages/airflow/example_dags/tutorial_taskflow_api.py for tasks to queue
[2026-06-30T08:32:05.785+0000] {logging_mixin.py:188} INFO - [2026-06-30T08:32:05.784+0000] {dagbag.py:545} INFO - Filling up the DagBag from /home/airflow/.local/lib/python3.12/site-packages/airflow/example_dags/tutorial_taskflow_api.py
[2026-06-30T08:32:05.789+0000] {processor.py:840} INFO - DAG(s) 'tutorial_taskflow_api' retrieved from /home/airflow/.local/lib/python3.12/site-packages/airflow/example_dags/tutorial_taskflow_api.py
[2026-06-30T08:32:05.805+0000] {logging_mixin.py:188} INFO - [2026-06-30T08:32:05.805+0000] {dag.py:3096} INFO - Sync 1 DAGs
[2026-06-30T08:32:05.814+0000] {logging_mixin.py:188} INFO - [2026-06-30T08:32:05.814+0000] {dag.py:3954} INFO - Setting next_dagrun for tutorial_taskflow_api to None, run_after=None
[2026-06-30T08:32:05.827+0000] {processor.py:183} INFO - Processing /home/airflow/.local/lib/python3.12/site-packages/airflow/example_dags/tutorial_taskflow_api.py took 0.049 seconds
[2026-06-30T08:32:36.590+0000] {processor.py:161} INFO - Started process (PID=23335) to work on /home/airflow/.local/lib/python3.12/site-packages/airflow/example_dags/tutorial_taskflow_api.py
[2026-06-30T08:32:36.591+0000] {processor.py:830} INFO - Processing file /home/airflow/.local/lib/python3.12/site-packages/airflow/example_dags/tutorial_taskflow_api.py for tasks to queue
[2026-06-30T08:32:36.592+0000] {logging_mixin.py:188} INFO - [2026-06-30T08:32:36.592+0000] {dagbag.py:545} INFO - Filling up the DagBag from /home/airflow/.local/lib/python3.12/site-packages/airflow/example_dags/tutorial_taskflow_api.py
[2026-06-30T08:32:36.597+0000] {processor.py:840} INFO - DAG(s) 'tutorial_taskflow_api' retrieved from /home/airflow/.local/lib/python3.12/site-packages/airflow/example_dags/tutorial_taskflow_api.py
[2026-06-30T08:32:36.612+0000] {logging_mixin.py:188} INFO - [2026-06-30T08:32:36.612+0000] {dag.py:3096} INFO - Sync 1 DAGs
[2026-06-30T08:32:36.620+0000] {logging_mixin.py:188} INFO - [2026-06-30T08:32:36.619+0000] {dag.py:3954} INFO - Setting next_dagrun for tutorial_taskflow_api to None, run_after=None
[2026-06-30T08:32:36.634+0000] {processor.py:183} INFO - Processing /home/airflow/.local/lib/python3.12/site-packages/airflow/example_dags/tutorial_taskflow_api.py took 0.048 seconds
[2026-06-30T08:33:07.417+0000] {processor.py:161} INFO - Started process (PID=23393) to work on /home/airflow/.local/lib/python3.12/site-packages/airflow/example_dags/tutorial_taskflow_api.py
[2026-06-30T08:33:07.418+0000] {processor.py:830} INFO - Processing file /home/airflow/.local/lib/python3.12/site-packages/airflow/example_dags/tutorial_taskflow_api.py for tasks to queue
[2026-06-30T08:33:07.419+0000] {logging_mixin.py:188} INFO - [2026-06-30T08:33:07.419+0000] {dagbag.py:545} INFO - Filling up the DagBag from /home/airflow/.local/lib/python3.12/site-packages/airflow/example_dags/tutorial_taskflow_api.py
[2026-06-30T08:33:07.426+0000] {processor.py:840} INFO - DAG(s) 'tutorial_taskflow_api' retrieved from /home/airflow/.local/lib/python3.12/site-packages/airflow/example_dags/tutorial_taskflow_api.py
[2026-06-30T08:33:07.446+0000] {logging_mixin.py:188} INFO - [2026-06-30T08:33:07.446+0000] {dag.py:3096} INFO - Sync 1 DAGs
[2026-06-30T08:33:07.457+0000] {logging_mixin.py:188} INFO - [2026-06-30T08:33:07.457+0000] {dag.py:3954} INFO - Setting next_dagrun for tutorial_taskflow_api to None, run_after=None
[2026-06-30T08:33:07.474+0000] {processor.py:183} INFO - Processing /home/airflow/.local/lib/python3.12/site-packages/airflow/example_dags/tutorial_taskflow_api.py took 0.064 seconds
[2026-06-30T08:33:38.243+0000] {processor.py:161} INFO - Started process (PID=23451) to work on /home/airflow/.local/lib/python3.12/site-packages/airflow/example_dags/tutorial_taskflow_api.py
[2026-06-30T08:33:38.244+0000] {processor.py:830} INFO - Processing file /home/airflow/.local/lib/python3.12/site-packages/airflow/example_dags/tutorial_taskflow_api.py for tasks to queue
[2026-06-30T08:33:38.245+0000] {logging_mixin.py:188} INFO - [2026-06-30T08:33:38.245+0000] {dagbag.py:545} INFO - Filling up the DagBag from /home/airflow/.local/lib/python3.12/site-packages/airflow/example_dags/tutorial_taskflow_api.py
[2026-06-30T08:33:38.250+0000] {processor.py:840} INFO - DAG(s) 'tutorial_taskflow_api' retrieved from /home/airflow/.local/lib/python3.12/site-packages/airflow/example_dags/tutorial_taskflow_api.py
[2026-06-30T08:33:38.267+0000] {logging_mixin.py:188} INFO - [2026-06-30T08:33:38.266+0000] {dag.py:3096} INFO - Sync 1 DAGs
[2026-06-30T08:33:38.277+0000] {logging_mixin.py:188} INFO - [2026-06-30T08:33:38.277+0000] {dag.py:3954} INFO - Setting next_dagrun for tutorial_taskflow_api to None, run_after=None
[2026-06-30T08:33:38.292+0000] {processor.py:183} INFO - Processing /home/airflow/.local/lib/python3.12/site-packages/airflow/example_dags/tutorial_taskflow_api.py took 0.053 seconds
[2026-06-30T08:34:09.112+0000] {processor.py:161} INFO - Started process (PID=23509) to work on /home/airflow/.local/lib/python3.12/site-packages/airflow/example_dags/tutorial_taskflow_api.py
[2026-06-30T08:34:09.113+0000] {processor.py:830} INFO - Processing file /home/airflow/.local/lib/python3.12/site-packages/airflow/example_dags/tutorial_taskflow_api.py for tasks to queue
[2026-06-30T08:34:09.114+0000] {logging_mixin.py:188} INFO - [2026-06-30T08:34:09.114+0000] {dagbag.py:545} INFO - Filling up the DagBag from /home/airflow/.local/lib/python3.12/site-packages/airflow/example_dags/tutorial_taskflow_api.py
[2026-06-30T08:34:09.122+0000] {processor.py:840} INFO - DAG(s) 'tutorial_taskflow_api' retrieved from /home/airflow/.local/lib/python3.12/site-packages/airflow/example_dags/tutorial_taskflow_api.py
[2026-06-30T08:34:09.141+0000] {logging_mixin.py:188} INFO - [2026-06-30T08:34:09.141+0000] {dag.py:3096} INFO - Sync 1 DAGs
[2026-06-30T08:34:09.151+0000] {logging_mixin.py:188} INFO - [2026-06-30T08:34:09.151+0000] {dag.py:3954} INFO - Setting next_dagrun for tutorial_taskflow_api to None, run_after=None
[2026-06-30T08:34:09.165+0000] {processor.py:183} INFO - Processing /home/airflow/.local/lib/python3.12/site-packages/airflow/example_dags/tutorial_taskflow_api.py took 0.059 seconds
[2026-06-30T08:34:39.944+0000] {processor.py:161} INFO - Started process (PID=23567) to work on /home/airflow/.local/lib/python3.12/site-packages/airflow/example_dags/tutorial_taskflow_api.py
[2026-06-30T08:34:39.945+0000] {processor.py:830} INFO - Processing file /home/airflow/.local/lib/python3.12/site-packages/airflow/example_dags/tutorial_taskflow_api.py for tasks to queue
[2026-06-30T08:34:39.946+0000] {logging_mixin.py:188} INFO - [2026-06-30T08:34:39.946+0000] {dagbag.py:545} INFO - Filling up the DagBag from /home/airflow/.local/lib/python3.12/site-packages/airflow/example_dags/tutorial_taskflow_api.py
[2026-06-30T08:34:39.951+0000] {processor.py:840} INFO - DAG(s) 'tutorial_taskflow_api' retrieved from /home/airflow/.local/lib/python3.12/site-packages/airflow/example_dags/tutorial_taskflow_api.py
[2026-06-30T08:34:39.965+0000] {logging_mixin.py:188} INFO - [2026-06-30T08:34:39.965+0000] {dag.py:3096} INFO - Sync 1 DAGs
[2026-06-30T08:34:39.973+0000] {logging_mixin.py:188} INFO - [2026-06-30T08:34:39.973+0000] {dag.py:3954} INFO - Setting next_dagrun for tutorial_taskflow_api to None, run_after=None
[2026-06-30T08:34:39.986+0000] {processor.py:183} INFO - Processing /home/airflow/.local/lib/python3.12/site-packages/airflow/example_dags/tutorial_taskflow_api.py took 0.045 seconds
[2026-06-30T08:35:10.162+0000] {processor.py:161} INFO - Started process (PID=23625) to work on /home/airflow/.local/lib/python3.12/site-packages/airflow/example_dags/tutorial_taskflow_api.py
[2026-06-30T08:35:10.162+0000] {processor.py:830} INFO - Processing file /home/airflow/.local/lib/python3.12/site-packages/airflow/example_dags/tutorial_taskflow_api.py for tasks to queue
[2026-06-30T08:35:10.163+0000] {logging_mixin.py:188} INFO - [2026-06-30T08:35:10.163+0000] {dagbag.py:545} INFO - Filling up the DagBag from /home/airflow/.local/lib/python3.12/site-packages/airflow/example_dags/tutorial_taskflow_api.py
[2026-06-30T08:35:10.168+0000] {processor.py:840} INFO - DAG(s) 'tutorial_taskflow_api' retrieved from /home/airflow/.local/lib/python3.12/site-packages/airflow/example_dags/tutorial_taskflow_api.py
[2026-06-30T08:35:10.182+0000] {logging_mixin.py:188} INFO - [2026-06-30T08:35:10.182+0000] {dag.py:3096} INFO - Sync 1 DAGs
[2026-06-30T08:35:10.190+0000] {logging_mixin.py:188} INFO - [2026-06-30T08:35:10.190+0000] {dag.py:3954} INFO - Setting next_dagrun for tutorial_taskflow_api to None, run_after=None
[2026-06-30T08:35:10.202+0000] {processor.py:183} INFO - Processing /home/airflow/.local/lib/python3.12/site-packages/airflow/example_dags/tutorial_taskflow_api.py took 0.044 seconds
[2026-06-30T08:35:40.715+0000] {processor.py:161} INFO - Started process (PID=23683) to work on /home/airflow/.local/lib/python3.12/site-packages/airflow/example_dags/tutorial_taskflow_api.py
[2026-06-30T08:35:40.715+0000] {processor.py:830} INFO - Processing file /home/airflow/.local/lib/python3.12/site-packages/airflow/example_dags/tutorial_taskflow_api.py for tasks to queue
[2026-06-30T08:35:40.716+0000] {logging_mixin.py:188} INFO - [2026-06-30T08:35:40.716+0000] {dagbag.py:545} INFO - Filling up the DagBag from /home/airflow/.local/lib/python3.12/site-packages/airflow/example_dags/tutorial_taskflow_api.py
[2026-06-30T08:35:40.721+0000] {processor.py:840} INFO - DAG(s) 'tutorial_taskflow_api' retrieved from /home/airflow/.local/lib/python3.12/site-packages/airflow/example_dags/tutorial_taskflow_api.py
[2026-06-30T08:35:40.735+0000] {logging_mixin.py:188} INFO - [2026-06-30T08:35:40.735+0000] {dag.py:3096} INFO - Sync 1 DAGs
[2026-06-30T08:35:40.743+0000] {logging_mixin.py:188} INFO - [2026-06-30T08:35:40.743+0000] {dag.py:3954} INFO - Setting next_dagrun for tutorial_taskflow_api to None, run_after=None
[2026-06-30T08:35:40.755+0000] {processor.py:183} INFO - Processing /home/airflow/.local/lib/python3.12/site-packages/airflow/example_dags/tutorial_taskflow_api.py took 0.045 seconds
[2026-06-30T08:36:10.974+0000] {processor.py:161} INFO - Started process (PID=23741) to work on /home/airflow/.local/lib/python3.12/site-packages/airflow/example_dags/tutorial_taskflow_api.py
[2026-06-30T08:36:10.975+0000] {processor.py:830} INFO - Processing file /home/airflow/.local/lib/python3.12/site-packages/airflow/example_dags/tutorial_taskflow_api.py for tasks to queue
[2026-06-30T08:36:10.975+0000] {logging_mixin.py:188} INFO - [2026-06-30T08:36:10.975+0000] {dagbag.py:545} INFO - Filling up the DagBag from /home/airflow/.local/lib/python3.12/site-packages/airflow/example_dags/tutorial_taskflow_api.py
[2026-06-30T08:36:10.980+0000] {processor.py:840} INFO - DAG(s) 'tutorial_taskflow_api' retrieved from /home/airflow/.local/lib/python3.12/site-packages/airflow/example_dags/tutorial_taskflow_api.py
[2026-06-30T08:36:10.994+0000] {logging_mixin.py:188} INFO - [2026-06-30T08:36:10.994+0000] {dag.py:3096} INFO - Sync 1 DAGs
[2026-06-30T08:36:11.002+0000] {logging_mixin.py:188} INFO - [2026-06-30T08:36:11.002+0000] {dag.py:3954} INFO - Setting next_dagrun for tutorial_taskflow_api to None, run_after=None
[2026-06-30T08:36:11.015+0000] {processor.py:183} INFO - Processing /home/airflow/.local/lib/python3.12/site-packages/airflow/example_dags/tutorial_taskflow_api.py took 0.045 seconds
[2026-06-30T08:36:41.545+0000] {processor.py:161} INFO - Started process (PID=23799) to work on /home/airflow/.local/lib/python3.12/site-packages/airflow/example_dags/tutorial_taskflow_api.py
[2026-06-30T08:36:41.546+0000] {processor.py:830} INFO - Processing file /home/airflow/.local/lib/python3.12/site-packages/airflow/example_dags/tutorial_taskflow_api.py for tasks to queue
[2026-06-30T08:36:41.547+0000] {logging_mixin.py:188} INFO - [2026-06-30T08:36:41.546+0000] {dagbag.py:545} INFO - Filling up the DagBag from /home/airflow/.local/lib/python3.12/site-packages/airflow/example_dags/tutorial_taskflow_api.py
[2026-06-30T08:36:41.552+0000] {processor.py:840} INFO - DAG(s) 'tutorial_taskflow_api' retrieved from /home/airflow/.local/lib/python3.12/site-packages/airflow/example_dags/tutorial_taskflow_api.py
[2026-06-30T08:36:41.569+0000] {logging_mixin.py:188} INFO - [2026-06-30T08:36:41.568+0000] {dag.py:3096} INFO - Sync 1 DAGs
[2026-06-30T08:36:41.578+0000] {logging_mixin.py:188} INFO - [2026-06-30T08:36:41.578+0000] {dag.py:3954} INFO - Setting next_dagrun for tutorial_taskflow_api to None, run_after=None
[2026-06-30T08:36:41.590+0000] {processor.py:183} INFO - Processing /home/airflow/.local/lib/python3.12/site-packages/airflow/example_dags/tutorial_taskflow_api.py took 0.049 seconds
[2026-06-30T08:37:11.831+0000] {processor.py:161} INFO - Started process (PID=23858) to work on /home/airflow/.local/lib/python3.12/site-packages/airflow/example_dags/tutorial_taskflow_api.py
[2026-06-30T08:37:11.832+0000] {processor.py:830} INFO - Processing file /home/airflow/.local/lib/python3.12/site-packages/airflow/example_dags/tutorial_taskflow_api.py for tasks to queue
[2026-06-30T08:37:11.833+0000] {logging_mixin.py:188} INFO - [2026-06-30T08:37:11.833+0000] {dagbag.py:545} INFO - Filling up the DagBag from /home/airflow/.local/lib/python3.12/site-packages/airflow/example_dags/tutorial_taskflow_api.py
[2026-06-30T08:37:11.838+0000] {processor.py:840} INFO - DAG(s) 'tutorial_taskflow_api' retrieved from /home/airflow/.local/lib/python3.12/site-packages/airflow/example_dags/tutorial_taskflow_api.py
[2026-06-30T08:37:11.854+0000] {logging_mixin.py:188} INFO - [2026-06-30T08:37:11.854+0000] {dag.py:3096} INFO - Sync 1 DAGs
[2026-06-30T08:37:11.865+0000] {logging_mixin.py:188} INFO - [2026-06-30T08:37:11.864+0000] {dag.py:3954} INFO - Setting next_dagrun for tutorial_taskflow_api to None, run_after=None
[2026-06-30T08:37:11.879+0000] {processor.py:183} INFO - Processing /home/airflow/.local/lib/python3.12/site-packages/airflow/example_dags/tutorial_taskflow_api.py took 0.052 seconds
[2026-06-30T08:37:42.127+0000] {processor.py:161} INFO - Started process (PID=23922) to work on /home/airflow/.local/lib/python3.12/site-packages/airflow/example_dags/tutorial_taskflow_api.py
[2026-06-30T08:37:42.128+0000] {processor.py:830} INFO - Processing file /home/airflow/.local/lib/python3.12/site-packages/airflow/example_dags/tutorial_taskflow_api.py for tasks to queue
[2026-06-30T08:37:42.128+0000] {logging_mixin.py:188} INFO - [2026-06-30T08:37:42.128+0000] {dagbag.py:545} INFO - Filling up the DagBag from /home/airflow/.local/lib/python3.12/site-packages/airflow/example_dags/tutorial_taskflow_api.py
[2026-06-30T08:37:42.133+0000] {processor.py:840} INFO - DAG(s) 'tutorial_taskflow_api' retrieved from /home/airflow/.local/lib/python3.12/site-packages/airflow/example_dags/tutorial_taskflow_api.py
[2026-06-30T08:37:42.147+0000] {logging_mixin.py:188} INFO - [2026-06-30T08:37:42.147+0000] {dag.py:3096} INFO - Sync 1 DAGs
[2026-06-30T08:37:42.155+0000] {logging_mixin.py:188} INFO - [2026-06-30T08:37:42.155+0000] {dag.py:3954} INFO - Setting next_dagrun for tutorial_taskflow_api to None, run_after=None
[2026-06-30T08:37:42.168+0000] {processor.py:183} INFO - Processing /home/airflow/.local/lib/python3.12/site-packages/airflow/example_dags/tutorial_taskflow_api.py took 0.046 seconds
[2026-06-30T08:38:12.628+0000] {processor.py:161} INFO - Started process (PID=23980) to work on /home/airflow/.local/lib/python3.12/site-packages/airflow/example_dags/tutorial_taskflow_api.py
[2026-06-30T08:38:12.629+0000] {processor.py:830} INFO - Processing file /home/airflow/.local/lib/python3.12/site-packages/airflow/example_dags/tutorial_taskflow_api.py for tasks to queue
[2026-06-30T08:38:12.629+0000] {logging_mixin.py:188} INFO - [2026-06-30T08:38:12.629+0000] {dagbag.py:545} INFO - Filling up the DagBag from /home/airflow/.local/lib/python3.12/site-packages/airflow/example_dags/tutorial_taskflow_api.py
[2026-06-30T08:38:12.635+0000] {processor.py:840} INFO - DAG(s) 'tutorial_taskflow_api' retrieved from /home/airflow/.local/lib/python3.12/site-packages/airflow/example_dags/tutorial_taskflow_api.py
[2026-06-30T08:38:12.654+0000] {logging_mixin.py:188} INFO - [2026-06-30T08:38:12.654+0000] {dag.py:3096} INFO - Sync 1 DAGs
[2026-06-30T08:38:12.665+0000] {logging_mixin.py:188} INFO - [2026-06-30T08:38:12.665+0000] {dag.py:3954} INFO - Setting next_dagrun for tutorial_taskflow_api to None, run_after=None
[2026-06-30T08:38:12.681+0000] {processor.py:183} INFO - Processing /home/airflow/.local/lib/python3.12/site-packages/airflow/example_dags/tutorial_taskflow_api.py took 0.059 seconds
[2026-06-30T08:38:43.200+0000] {processor.py:161} INFO - Started process (PID=24038) to work on /home/airflow/.local/lib/python3.12/site-packages/airflow/example_dags/tutorial_taskflow_api.py
[2026-06-30T08:38:43.200+0000] {processor.py:830} INFO - Processing file /home/airflow/.local/lib/python3.12/site-packages/airflow/example_dags/tutorial_taskflow_api.py for tasks to queue
[2026-06-30T08:38:43.201+0000] {logging_mixin.py:188} INFO - [2026-06-30T08:38:43.201+0000] {dagbag.py:545} INFO - Filling up the DagBag from /home/airflow/.local/lib/python3.12/site-packages/airflow/example_dags/tutorial_taskflow_api.py
[2026-06-30T08:38:43.206+0000] {processor.py:840} INFO - DAG(s) 'tutorial_taskflow_api' retrieved from /home/airflow/.local/lib/python3.12/site-packages/airflow/example_dags/tutorial_taskflow_api.py
[2026-06-30T08:38:43.221+0000] {logging_mixin.py:188} INFO - [2026-06-30T08:38:43.221+0000] {dag.py:3096} INFO - Sync 1 DAGs
[2026-06-30T08:38:43.229+0000] {logging_mixin.py:188} INFO - [2026-06-30T08:38:43.229+0000] {dag.py:3954} INFO - Setting next_dagrun for tutorial_taskflow_api to None, run_after=None
[2026-06-30T08:38:43.242+0000] {processor.py:183} INFO - Processing /home/airflow/.local/lib/python3.12/site-packages/airflow/example_dags/tutorial_taskflow_api.py took 0.047 seconds
[2026-06-30T08:39:13.658+0000] {processor.py:161} INFO - Started process (PID=24096) to work on /home/airflow/.local/lib/python3.12/site-packages/airflow/example_dags/tutorial_taskflow_api.py
[2026-06-30T08:39:13.659+0000] {processor.py:830} INFO - Processing file /home/airflow/.local/lib/python3.12/site-packages/airflow/example_dags/tutorial_taskflow_api.py for tasks to queue
[2026-06-30T08:39:13.659+0000] {logging_mixin.py:188} INFO - [2026-06-30T08:39:13.659+0000] {dagbag.py:545} INFO - Filling up the DagBag from /home/airflow/.local/lib/python3.12/site-packages/airflow/example_dags/tutorial_taskflow_api.py
[2026-06-30T08:39:13.665+0000] {processor.py:840} INFO - DAG(s) 'tutorial_taskflow_api' retrieved from /home/airflow/.local/lib/python3.12/site-packages/airflow/example_dags/tutorial_taskflow_api.py
[2026-06-30T08:39:13.680+0000] {logging_mixin.py:188} INFO - [2026-06-30T08:39:13.680+0000] {dag.py:3096} INFO - Sync 1 DAGs
[2026-06-30T08:39:13.689+0000] {logging_mixin.py:188} INFO - [2026-06-30T08:39:13.689+0000] {dag.py:3954} INFO - Setting next_dagrun for tutorial_taskflow_api to None, run_after=None
[2026-06-30T08:39:13.703+0000] {processor.py:183} INFO - Processing /home/airflow/.local/lib/python3.12/site-packages/airflow/example_dags/tutorial_taskflow_api.py took 0.049 seconds
[2026-06-30T08:39:44.230+0000] {processor.py:161} INFO - Started process (PID=24154) to work on /home/airflow/.local/lib/python3.12/site-packages/airflow/example_dags/tutorial_taskflow_api.py
[2026-06-30T08:39:44.230+0000] {processor.py:830} INFO - Processing file /home/airflow/.local/lib/python3.12/site-packages/airflow/example_dags/tutorial_taskflow_api.py for tasks to queue
[2026-06-30T08:39:44.231+0000] {logging_mixin.py:188} INFO - [2026-06-30T08:39:44.231+0000] {dagbag.py:545} INFO - Filling up the DagBag from /home/airflow/.local/lib/python3.12/site-packages/airflow/example_dags/tutorial_taskflow_api.py
[2026-06-30T08:39:44.236+0000] {processor.py:840} INFO - DAG(s) 'tutorial_taskflow_api' retrieved from /home/airflow/.local/lib/python3.12/site-packages/airflow/example_dags/tutorial_taskflow_api.py
[2026-06-30T08:39:44.251+0000] {logging_mixin.py:188} INFO - [2026-06-30T08:39:44.251+0000] {dag.py:3096} INFO - Sync 1 DAGs
[2026-06-30T08:39:44.260+0000] {logging_mixin.py:188} INFO - [2026-06-30T08:39:44.260+0000] {dag.py:3954} INFO - Setting next_dagrun for tutorial_taskflow_api to None, run_after=None
[2026-06-30T08:39:44.274+0000] {processor.py:183} INFO - Processing /home/airflow/.local/lib/python3.12/site-packages/airflow/example_dags/tutorial_taskflow_api.py took 0.049 seconds
[2026-06-30T08:40:14.710+0000] {processor.py:161} INFO - Started process (PID=24212) to work on /home/airflow/.local/lib/python3.12/site-packages/airflow/example_dags/tutorial_taskflow_api.py
[2026-06-30T08:40:14.710+0000] {processor.py:830} INFO - Processing file /home/airflow/.local/lib/python3.12/site-packages/airflow/example_dags/tutorial_taskflow_api.py for tasks to queue
[2026-06-30T08:40:14.711+0000] {logging_mixin.py:188} INFO - [2026-06-30T08:40:14.711+0000] {dagbag.py:545} INFO - Filling up the DagBag from /home/airflow/.local/lib/python3.12/site-packages/airflow/example_dags/tutorial_taskflow_api.py
[2026-06-30T08:40:14.716+0000] {processor.py:840} INFO - DAG(s) 'tutorial_taskflow_api' retrieved from /home/airflow/.local/lib/python3.12/site-packages/airflow/example_dags/tutorial_taskflow_api.py
[2026-06-30T08:40:14.731+0000] {logging_mixin.py:188} INFO - [2026-06-30T08:40:14.730+0000] {dag.py:3096} INFO - Sync 1 DAGs
[2026-06-30T08:40:14.739+0000] {logging_mixin.py:188} INFO - [2026-06-30T08:40:14.739+0000] {dag.py:3954} INFO - Setting next_dagrun for tutorial_taskflow_api to None, run_after=None
[2026-06-30T08:40:14.752+0000] {processor.py:183} INFO - Processing /home/airflow/.local/lib/python3.12/site-packages/airflow/example_dags/tutorial_taskflow_api.py took 0.046 seconds
[2026-06-30T08:40:45.299+0000] {processor.py:161} INFO - Started process (PID=24270) to work on /home/airflow/.local/lib/python3.12/site-packages/airflow/example_dags/tutorial_taskflow_api.py
[2026-06-30T08:40:45.300+0000] {processor.py:830} INFO - Processing file /home/airflow/.local/lib/python3.12/site-packages/airflow/example_dags/tutorial_taskflow_api.py for tasks to queue
[2026-06-30T08:40:45.300+0000] {logging_mixin.py:188} INFO - [2026-06-30T08:40:45.300+0000] {dagbag.py:545} INFO - Filling up the DagBag from /home/airflow/.local/lib/python3.12/site-packages/airflow/example_dags/tutorial_taskflow_api.py
[2026-06-30T08:40:45.305+0000] {processor.py:840} INFO - DAG(s) 'tutorial_taskflow_api' retrieved from /home/airflow/.local/lib/python3.12/site-packages/airflow/example_dags/tutorial_taskflow_api.py
[2026-06-30T08:40:45.320+0000] {logging_mixin.py:188} INFO - [2026-06-30T08:40:45.320+0000] {dag.py:3096} INFO - Sync 1 DAGs
[2026-06-30T08:40:45.328+0000] {logging_mixin.py:188} INFO - [2026-06-30T08:40:45.328+0000] {dag.py:3954} INFO - Setting next_dagrun for tutorial_taskflow_api to None, run_after=None
[2026-06-30T08:40:45.341+0000] {processor.py:183} INFO - Processing /home/airflow/.local/lib/python3.12/site-packages/airflow/example_dags/tutorial_taskflow_api.py took 0.047 seconds
[2026-06-30T08:41:15.979+0000] {processor.py:161} INFO - Started process (PID=24328) to work on /home/airflow/.local/lib/python3.12/site-packages/airflow/example_dags/tutorial_taskflow_api.py
[2026-06-30T08:41:15.980+0000] {processor.py:830} INFO - Processing file /home/airflow/.local/lib/python3.12/site-packages/airflow/example_dags/tutorial_taskflow_api.py for tasks to queue
[2026-06-30T08:41:15.981+0000] {logging_mixin.py:188} INFO - [2026-06-30T08:41:15.980+0000] {dagbag.py:545} INFO - Filling up the DagBag from /home/airflow/.local/lib/python3.12/site-packages/airflow/example_dags/tutorial_taskflow_api.py
[2026-06-30T08:41:15.985+0000] {processor.py:840} INFO - DAG(s) 'tutorial_taskflow_api' retrieved from /home/airflow/.local/lib/python3.12/site-packages/airflow/example_dags/tutorial_taskflow_api.py
[2026-06-30T08:41:15.999+0000] {logging_mixin.py:188} INFO - [2026-06-30T08:41:15.999+0000] {dag.py:3096} INFO - Sync 1 DAGs
[2026-06-30T08:41:16.008+0000] {logging_mixin.py:188} INFO - [2026-06-30T08:41:16.008+0000] {dag.py:3954} INFO - Setting next_dagrun for tutorial_taskflow_api to None, run_after=None
[2026-06-30T08:41:16.020+0000] {processor.py:183} INFO - Processing /home/airflow/.local/lib/python3.12/site-packages/airflow/example_dags/tutorial_taskflow_api.py took 0.045 seconds
[2026-06-30T08:41:46.491+0000] {processor.py:161} INFO - Started process (PID=24386) to work on /home/airflow/.local/lib/python3.12/site-packages/airflow/example_dags/tutorial_taskflow_api.py
[2026-06-30T08:41:46.491+0000] {processor.py:830} INFO - Processing file /home/airflow/.local/lib/python3.12/site-packages/airflow/example_dags/tutorial_taskflow_api.py for tasks to queue
[2026-06-30T08:41:46.492+0000] {logging_mixin.py:188} INFO - [2026-06-30T08:41:46.492+0000] {dagbag.py:545} INFO - Filling up the DagBag from /home/airflow/.local/lib/python3.12/site-packages/airflow/example_dags/tutorial_taskflow_api.py
[2026-06-30T08:41:46.497+0000] {processor.py:840} INFO - DAG(s) 'tutorial_taskflow_api' retrieved from /home/airflow/.local/lib/python3.12/site-packages/airflow/example_dags/tutorial_taskflow_api.py
[2026-06-30T08:41:46.511+0000] {logging_mixin.py:188} INFO - [2026-06-30T08:41:46.511+0000] {dag.py:3096} INFO - Sync 1 DAGs
[2026-06-30T08:41:46.519+0000] {logging_mixin.py:188} INFO - [2026-06-30T08:41:46.519+0000] {dag.py:3954} INFO - Setting next_dagrun for tutorial_taskflow_api to None, run_after=None
[2026-06-30T08:41:46.532+0000] {processor.py:183} INFO - Processing /home/airflow/.local/lib/python3.12/site-packages/airflow/example_dags/tutorial_taskflow_api.py took 0.045 seconds
[2026-06-30T08:42:16.961+0000] {processor.py:161} INFO - Started process (PID=24444) to work on /home/airflow/.local/lib/python3.12/site-packages/airflow/example_dags/tutorial_taskflow_api.py
[2026-06-30T08:42:16.962+0000] {processor.py:830} INFO - Processing file /home/airflow/.local/lib/python3.12/site-packages/airflow/example_dags/tutorial_taskflow_api.py for tasks to queue
[2026-06-30T08:42:16.962+0000] {logging_mixin.py:188} INFO - [2026-06-30T08:42:16.962+0000] {dagbag.py:545} INFO - Filling up the DagBag from /home/airflow/.local/lib/python3.12/site-packages/airflow/example_dags/tutorial_taskflow_api.py
[2026-06-30T08:42:16.967+0000] {processor.py:840} INFO - DAG(s) 'tutorial_taskflow_api' retrieved from /home/airflow/.local/lib/python3.12/site-packages/airflow/example_dags/tutorial_taskflow_api.py
[2026-06-30T08:42:16.982+0000] {logging_mixin.py:188} INFO - [2026-06-30T08:42:16.981+0000] {dag.py:3096} INFO - Sync 1 DAGs
[2026-06-30T08:42:16.991+0000] {logging_mixin.py:188} INFO - [2026-06-30T08:42:16.991+0000] {dag.py:3954} INFO - Setting next_dagrun for tutorial_taskflow_api to None, run_after=None
[2026-06-30T08:42:17.005+0000] {processor.py:183} INFO - Processing /home/airflow/.local/lib/python3.12/site-packages/airflow/example_dags/tutorial_taskflow_api.py took 0.048 seconds
[2026-06-30T08:42:47.410+0000] {processor.py:161} INFO - Started process (PID=24502) to work on /home/airflow/.local/lib/python3.12/site-packages/airflow/example_dags/tutorial_taskflow_api.py
[2026-06-30T08:42:47.411+0000] {processor.py:830} INFO - Processing file /home/airflow/.local/lib/python3.12/site-packages/airflow/example_dags/tutorial_taskflow_api.py for tasks to queue
[2026-06-30T08:42:47.412+0000] {logging_mixin.py:188} INFO - [2026-06-30T08:42:47.412+0000] {dagbag.py:545} INFO - Filling up the DagBag from /home/airflow/.local/lib/python3.12/site-packages/airflow/example_dags/tutorial_taskflow_api.py
[2026-06-30T08:42:47.417+0000] {processor.py:840} INFO - DAG(s) 'tutorial_taskflow_api' retrieved from /home/airflow/.local/lib/python3.12/site-packages/airflow/example_dags/tutorial_taskflow_api.py
[2026-06-30T08:42:47.434+0000] {logging_mixin.py:188} INFO - [2026-06-30T08:42:47.434+0000] {dag.py:3096} INFO - Sync 1 DAGs
[2026-06-30T08:42:47.444+0000] {logging_mixin.py:188} INFO - [2026-06-30T08:42:47.444+0000] {dag.py:3954} INFO - Setting next_dagrun for tutorial_taskflow_api to None, run_after=None
[2026-06-30T08:42:47.459+0000] {processor.py:183} INFO - Processing /home/airflow/.local/lib/python3.12/site-packages/airflow/example_dags/tutorial_taskflow_api.py took 0.053 seconds
[2026-06-30T08:43:17.695+0000] {processor.py:161} INFO - Started process (PID=24560) to work on /home/airflow/.local/lib/python3.12/site-packages/airflow/example_dags/tutorial_taskflow_api.py
[2026-06-30T08:43:17.696+0000] {processor.py:830} INFO - Processing file /home/airflow/.local/lib/python3.12/site-packages/airflow/example_dags/tutorial_taskflow_api.py for tasks to queue
[2026-06-30T08:43:17.698+0000] {logging_mixin.py:188} INFO - [2026-06-30T08:43:17.697+0000] {dagbag.py:545} INFO - Filling up the DagBag from /home/airflow/.local/lib/python3.12/site-packages/airflow/example_dags/tutorial_taskflow_api.py
[2026-06-30T08:43:17.706+0000] {processor.py:840} INFO - DAG(s) 'tutorial_taskflow_api' retrieved from /home/airflow/.local/lib/python3.12/site-packages/airflow/example_dags/tutorial_taskflow_api.py
[2026-06-30T08:43:17.736+0000] {logging_mixin.py:188} INFO - [2026-06-30T08:43:17.735+0000] {dag.py:3096} INFO - Sync 1 DAGs
[2026-06-30T08:43:17.756+0000] {logging_mixin.py:188} INFO - [2026-06-30T08:43:17.755+0000] {dag.py:3954} INFO - Setting next_dagrun for tutorial_taskflow_api to None, run_after=None
[2026-06-30T08:43:17.779+0000] {processor.py:183} INFO - Processing /home/airflow/.local/lib/python3.12/site-packages/airflow/example_dags/tutorial_taskflow_api.py took 0.093 seconds
[2026-06-30T08:43:48.154+0000] {processor.py:161} INFO - Started process (PID=24618) to work on /home/airflow/.local/lib/python3.12/site-packages/airflow/example_dags/tutorial_taskflow_api.py
[2026-06-30T08:43:48.155+0000] {processor.py:830} INFO - Processing file /home/airflow/.local/lib/python3.12/site-packages/airflow/example_dags/tutorial_taskflow_api.py for tasks to queue
[2026-06-30T08:43:48.156+0000] {logging_mixin.py:188} INFO - [2026-06-30T08:43:48.156+0000] {dagbag.py:545} INFO - Filling up the DagBag from /home/airflow/.local/lib/python3.12/site-packages/airflow/example_dags/tutorial_taskflow_api.py
[2026-06-30T08:43:48.161+0000] {processor.py:840} INFO - DAG(s) 'tutorial_taskflow_api' retrieved from /home/airflow/.local/lib/python3.12/site-packages/airflow/example_dags/tutorial_taskflow_api.py
[2026-06-30T08:43:48.177+0000] {logging_mixin.py:188} INFO - [2026-06-30T08:43:48.176+0000] {dag.py:3096} INFO - Sync 1 DAGs
[2026-06-30T08:43:48.185+0000] {logging_mixin.py:188} INFO - [2026-06-30T08:43:48.184+0000] {dag.py:3954} INFO - Setting next_dagrun for tutorial_taskflow_api to None, run_after=None
[2026-06-30T08:43:48.197+0000] {processor.py:183} INFO - Processing /home/airflow/.local/lib/python3.12/site-packages/airflow/example_dags/tutorial_taskflow_api.py took 0.049 seconds
[2026-06-30T08:44:18.519+0000] {processor.py:161} INFO - Started process (PID=24675) to work on /home/airflow/.local/lib/python3.12/site-packages/airflow/example_dags/tutorial_taskflow_api.py
[2026-06-30T08:44:18.520+0000] {processor.py:830} INFO - Processing file /home/airflow/.local/lib/python3.12/site-packages/airflow/example_dags/tutorial_taskflow_api.py for tasks to queue
[2026-06-30T08:44:18.521+0000] {logging_mixin.py:188} INFO - [2026-06-30T08:44:18.521+0000] {dagbag.py:545} INFO - Filling up the DagBag from /home/airflow/.local/lib/python3.12/site-packages/airflow/example_dags/tutorial_taskflow_api.py
[2026-06-30T08:44:18.526+0000] {processor.py:840} INFO - DAG(s) 'tutorial_taskflow_api' retrieved from /home/airflow/.local/lib/python3.12/site-packages/airflow/example_dags/tutorial_taskflow_api.py
[2026-06-30T08:44:18.544+0000] {logging_mixin.py:188} INFO - [2026-06-30T08:44:18.544+0000] {dag.py:3096} INFO - Sync 1 DAGs
[2026-06-30T08:44:18.555+0000] {logging_mixin.py:188} INFO - [2026-06-30T08:44:18.554+0000] {dag.py:3954} INFO - Setting next_dagrun for tutorial_taskflow_api to None, run_after=None
[2026-06-30T08:44:18.569+0000] {processor.py:183} INFO - Processing /home/airflow/.local/lib/python3.12/site-packages/airflow/example_dags/tutorial_taskflow_api.py took 0.056 seconds
[2026-06-30T08:44:48.929+0000] {processor.py:161} INFO - Started process (PID=24734) to work on /home/airflow/.local/lib/python3.12/site-packages/airflow/example_dags/tutorial_taskflow_api.py
[2026-06-30T08:44:48.930+0000] {processor.py:830} INFO - Processing file /home/airflow/.local/lib/python3.12/site-packages/airflow/example_dags/tutorial_taskflow_api.py for tasks to queue
[2026-06-30T08:44:48.931+0000] {logging_mixin.py:188} INFO - [2026-06-30T08:44:48.930+0000] {dagbag.py:545} INFO - Filling up the DagBag from /home/airflow/.local/lib/python3.12/site-packages/airflow/example_dags/tutorial_taskflow_api.py
[2026-06-30T08:44:48.935+0000] {processor.py:840} INFO - DAG(s) 'tutorial_taskflow_api' retrieved from /home/airflow/.local/lib/python3.12/site-packages/airflow/example_dags/tutorial_taskflow_api.py
[2026-06-30T08:44:48.950+0000] {logging_mixin.py:188} INFO - [2026-06-30T08:44:48.950+0000] {dag.py:3096} INFO - Sync 1 DAGs
[2026-06-30T08:44:48.959+0000] {logging_mixin.py:188} INFO - [2026-06-30T08:44:48.959+0000] {dag.py:3954} INFO - Setting next_dagrun for tutorial_taskflow_api to None, run_after=None
[2026-06-30T08:44:48.972+0000] {processor.py:183} INFO - Processing /home/airflow/.local/lib/python3.12/site-packages/airflow/example_dags/tutorial_taskflow_api.py took 0.048 seconds
[2026-06-30T08:45:19.381+0000] {processor.py:161} INFO - Started process (PID=24792) to work on /home/airflow/.local/lib/python3.12/site-packages/airflow/example_dags/tutorial_taskflow_api.py
[2026-06-30T08:45:19.382+0000] {processor.py:830} INFO - Processing file /home/airflow/.local/lib/python3.12/site-packages/airflow/example_dags/tutorial_taskflow_api.py for tasks to queue
[2026-06-30T08:45:19.383+0000] {logging_mixin.py:188} INFO - [2026-06-30T08:45:19.383+0000] {dagbag.py:545} INFO - Filling up the DagBag from /home/airflow/.local/lib/python3.12/site-packages/airflow/example_dags/tutorial_taskflow_api.py
[2026-06-30T08:45:19.390+0000] {processor.py:840} INFO - DAG(s) 'tutorial_taskflow_api' retrieved from /home/airflow/.local/lib/python3.12/site-packages/airflow/example_dags/tutorial_taskflow_api.py
[2026-06-30T08:45:19.409+0000] {logging_mixin.py:188} INFO - [2026-06-30T08:45:19.408+0000] {dag.py:3096} INFO - Sync 1 DAGs
[2026-06-30T08:45:19.422+0000] {logging_mixin.py:188} INFO - [2026-06-30T08:45:19.422+0000] {dag.py:3954} INFO - Setting next_dagrun for tutorial_taskflow_api to None, run_after=None
[2026-06-30T08:45:19.442+0000] {processor.py:183} INFO - Processing /home/airflow/.local/lib/python3.12/site-packages/airflow/example_dags/tutorial_taskflow_api.py took 0.067 seconds
[2026-06-30T08:45:50.092+0000] {processor.py:161} INFO - Started process (PID=24850) to work on /home/airflow/.local/lib/python3.12/site-packages/airflow/example_dags/tutorial_taskflow_api.py
[2026-06-30T08:45:50.093+0000] {processor.py:830} INFO - Processing file /home/airflow/.local/lib/python3.12/site-packages/airflow/example_dags/tutorial_taskflow_api.py for tasks to queue
[2026-06-30T08:45:50.094+0000] {logging_mixin.py:188} INFO - [2026-06-30T08:45:50.094+0000] {dagbag.py:545} INFO - Filling up the DagBag from /home/airflow/.local/lib/python3.12/site-packages/airflow/example_dags/tutorial_taskflow_api.py
[2026-06-30T08:45:50.100+0000] {processor.py:840} INFO - DAG(s) 'tutorial_taskflow_api' retrieved from /home/airflow/.local/lib/python3.12/site-packages/airflow/example_dags/tutorial_taskflow_api.py
[2026-06-30T08:45:50.118+0000] {logging_mixin.py:188} INFO - [2026-06-30T08:45:50.118+0000] {dag.py:3096} INFO - Sync 1 DAGs
[2026-06-30T08:45:50.132+0000] {logging_mixin.py:188} INFO - [2026-06-30T08:45:50.132+0000] {dag.py:3954} INFO - Setting next_dagrun for tutorial_taskflow_api to None, run_after=None
[2026-06-30T08:45:50.157+0000] {processor.py:183} INFO - Processing /home/airflow/.local/lib/python3.12/site-packages/airflow/example_dags/tutorial_taskflow_api.py took 0.071 seconds
[2026-06-30T08:46:20.708+0000] {processor.py:161} INFO - Started process (PID=24908) to work on /home/airflow/.local/lib/python3.12/site-packages/airflow/example_dags/tutorial_taskflow_api.py
[2026-06-30T08:46:20.709+0000] {processor.py:830} INFO - Processing file /home/airflow/.local/lib/python3.12/site-packages/airflow/example_dags/tutorial_taskflow_api.py for tasks to queue
[2026-06-30T08:46:20.710+0000] {logging_mixin.py:188} INFO - [2026-06-30T08:46:20.710+0000] {dagbag.py:545} INFO - Filling up the DagBag from /home/airflow/.local/lib/python3.12/site-packages/airflow/example_dags/tutorial_taskflow_api.py
[2026-06-30T08:46:20.716+0000] {processor.py:840} INFO - DAG(s) 'tutorial_taskflow_api' retrieved from /home/airflow/.local/lib/python3.12/site-packages/airflow/example_dags/tutorial_taskflow_api.py
[2026-06-30T08:46:20.738+0000] {logging_mixin.py:188} INFO - [2026-06-30T08:46:20.738+0000] {dag.py:3096} INFO - Sync 1 DAGs
[2026-06-30T08:46:20.750+0000] {logging_mixin.py:188} INFO - [2026-06-30T08:46:20.750+0000] {dag.py:3954} INFO - Setting next_dagrun for tutorial_taskflow_api to None, run_after=None
[2026-06-30T08:46:20.770+0000] {processor.py:183} INFO - Processing /home/airflow/.local/lib/python3.12/site-packages/airflow/example_dags/tutorial_taskflow_api.py took 0.067 seconds
[2026-06-30T08:46:51.379+0000] {processor.py:161} INFO - Started process (PID=24966) to work on /home/airflow/.local/lib/python3.12/site-packages/airflow/example_dags/tutorial_taskflow_api.py
[2026-06-30T08:46:51.380+0000] {processor.py:830} INFO - Processing file /home/airflow/.local/lib/python3.12/site-packages/airflow/example_dags/tutorial_taskflow_api.py for tasks to queue
[2026-06-30T08:46:51.381+0000] {logging_mixin.py:188} INFO - [2026-06-30T08:46:51.381+0000] {dagbag.py:545} INFO - Filling up the DagBag from /home/airflow/.local/lib/python3.12/site-packages/airflow/example_dags/tutorial_taskflow_api.py
[2026-06-30T08:46:51.386+0000] {processor.py:840} INFO - DAG(s) 'tutorial_taskflow_api' retrieved from /home/airflow/.local/lib/python3.12/site-packages/airflow/example_dags/tutorial_taskflow_api.py
[2026-06-30T08:46:51.401+0000] {logging_mixin.py:188} INFO - [2026-06-30T08:46:51.401+0000] {dag.py:3096} INFO - Sync 1 DAGs
[2026-06-30T08:46:51.410+0000] {logging_mixin.py:188} INFO - [2026-06-30T08:46:51.410+0000] {dag.py:3954} INFO - Setting next_dagrun for tutorial_taskflow_api to None, run_after=None
[2026-06-30T08:46:51.424+0000] {processor.py:183} INFO - Processing /home/airflow/.local/lib/python3.12/site-packages/airflow/example_dags/tutorial_taskflow_api.py took 0.050 seconds
[2026-06-30T08:47:21.810+0000] {processor.py:161} INFO - Started process (PID=25024) to work on /home/airflow/.local/lib/python3.12/site-packages/airflow/example_dags/tutorial_taskflow_api.py
[2026-06-30T08:47:21.811+0000] {processor.py:830} INFO - Processing file /home/airflow/.local/lib/python3.12/site-packages/airflow/example_dags/tutorial_taskflow_api.py for tasks to queue
[2026-06-30T08:47:21.812+0000] {logging_mixin.py:188} INFO - [2026-06-30T08:47:21.811+0000] {dagbag.py:545} INFO - Filling up the DagBag from /home/airflow/.local/lib/python3.12/site-packages/airflow/example_dags/tutorial_taskflow_api.py
[2026-06-30T08:47:21.817+0000] {processor.py:840} INFO - DAG(s) 'tutorial_taskflow_api' retrieved from /home/airflow/.local/lib/python3.12/site-packages/airflow/example_dags/tutorial_taskflow_api.py
[2026-06-30T08:47:21.831+0000] {logging_mixin.py:188} INFO - [2026-06-30T08:47:21.831+0000] {dag.py:3096} INFO - Sync 1 DAGs
[2026-06-30T08:47:21.840+0000] {logging_mixin.py:188} INFO - [2026-06-30T08:47:21.840+0000] {dag.py:3954} INFO - Setting next_dagrun for tutorial_taskflow_api to None, run_after=None
[2026-06-30T08:47:21.853+0000] {processor.py:183} INFO - Processing /home/airflow/.local/lib/python3.12/site-packages/airflow/example_dags/tutorial_taskflow_api.py took 0.048 seconds
[2026-06-30T08:47:52.342+0000] {processor.py:161} INFO - Started process (PID=25082) to work on /home/airflow/.local/lib/python3.12/site-packages/airflow/example_dags/tutorial_taskflow_api.py
[2026-06-30T08:47:52.343+0000] {processor.py:830} INFO - Processing file /home/airflow/.local/lib/python3.12/site-packages/airflow/example_dags/tutorial_taskflow_api.py for tasks to queue
[2026-06-30T08:47:52.343+0000] {logging_mixin.py:188} INFO - [2026-06-30T08:47:52.343+0000] {dagbag.py:545} INFO - Filling up the DagBag from /home/airflow/.local/lib/python3.12/site-packages/airflow/example_dags/tutorial_taskflow_api.py
[2026-06-30T08:47:52.348+0000] {processor.py:840} INFO - DAG(s) 'tutorial_taskflow_api' retrieved from /home/airflow/.local/lib/python3.12/site-packages/airflow/example_dags/tutorial_taskflow_api.py
[2026-06-30T08:47:52.363+0000] {logging_mixin.py:188} INFO - [2026-06-30T08:47:52.363+0000] {dag.py:3096} INFO - Sync 1 DAGs
[2026-06-30T08:47:52.371+0000] {logging_mixin.py:188} INFO - [2026-06-30T08:47:52.371+0000] {dag.py:3954} INFO - Setting next_dagrun for tutorial_taskflow_api to None, run_after=None
[2026-06-30T08:47:52.384+0000] {processor.py:183} INFO - Processing /home/airflow/.local/lib/python3.12/site-packages/airflow/example_dags/tutorial_taskflow_api.py took 0.046 seconds
[2026-06-30T08:48:22.973+0000] {processor.py:161} INFO - Started process (PID=25140) to work on /home/airflow/.local/lib/python3.12/site-packages/airflow/example_dags/tutorial_taskflow_api.py
[2026-06-30T08:48:22.974+0000] {processor.py:830} INFO - Processing file /home/airflow/.local/lib/python3.12/site-packages/airflow/example_dags/tutorial_taskflow_api.py for tasks to queue
[2026-06-30T08:48:22.975+0000] {logging_mixin.py:188} INFO - [2026-06-30T08:48:22.974+0000] {dagbag.py:545} INFO - Filling up the DagBag from /home/airflow/.local/lib/python3.12/site-packages/airflow/example_dags/tutorial_taskflow_api.py
[2026-06-30T08:48:22.979+0000] {processor.py:840} INFO - DAG(s) 'tutorial_taskflow_api' retrieved from /home/airflow/.local/lib/python3.12/site-packages/airflow/example_dags/tutorial_taskflow_api.py
[2026-06-30T08:48:22.995+0000] {logging_mixin.py:188} INFO - [2026-06-30T08:48:22.994+0000] {dag.py:3096} INFO - Sync 1 DAGs
[2026-06-30T08:48:23.003+0000] {logging_mixin.py:188} INFO - [2026-06-30T08:48:23.003+0000] {dag.py:3954} INFO - Setting next_dagrun for tutorial_taskflow_api to None, run_after=None
[2026-06-30T08:48:23.017+0000] {processor.py:183} INFO - Processing /home/airflow/.local/lib/python3.12/site-packages/airflow/example_dags/tutorial_taskflow_api.py took 0.048 seconds
[2026-06-30T08:48:53.468+0000] {processor.py:161} INFO - Started process (PID=25198) to work on /home/airflow/.local/lib/python3.12/site-packages/airflow/example_dags/tutorial_taskflow_api.py
[2026-06-30T08:48:53.469+0000] {processor.py:830} INFO - Processing file /home/airflow/.local/lib/python3.12/site-packages/airflow/example_dags/tutorial_taskflow_api.py for tasks to queue
[2026-06-30T08:48:53.469+0000] {logging_mixin.py:188} INFO - [2026-06-30T08:48:53.469+0000] {dagbag.py:545} INFO - Filling up the DagBag from /home/airflow/.local/lib/python3.12/site-packages/airflow/example_dags/tutorial_taskflow_api.py
[2026-06-30T08:48:53.474+0000] {processor.py:840} INFO - DAG(s) 'tutorial_taskflow_api' retrieved from /home/airflow/.local/lib/python3.12/site-packages/airflow/example_dags/tutorial_taskflow_api.py
[2026-06-30T08:48:53.487+0000] {logging_mixin.py:188} INFO - [2026-06-30T08:48:53.487+0000] {dag.py:3096} INFO - Sync 1 DAGs
[2026-06-30T08:48:53.496+0000] {logging_mixin.py:188} INFO - [2026-06-30T08:48:53.496+0000] {dag.py:3954} INFO - Setting next_dagrun for tutorial_taskflow_api to None, run_after=None
[2026-06-30T08:48:53.508+0000] {processor.py:183} INFO - Processing /home/airflow/.local/lib/python3.12/site-packages/airflow/example_dags/tutorial_taskflow_api.py took 0.045 seconds
[2026-06-30T08:49:24.006+0000] {processor.py:161} INFO - Started process (PID=25256) to work on /home/airflow/.local/lib/python3.12/site-packages/airflow/example_dags/tutorial_taskflow_api.py
[2026-06-30T08:49:24.008+0000] {processor.py:830} INFO - Processing file /home/airflow/.local/lib/python3.12/site-packages/airflow/example_dags/tutorial_taskflow_api.py for tasks to queue
[2026-06-30T08:49:24.009+0000] {logging_mixin.py:188} INFO - [2026-06-30T08:49:24.009+0000] {dagbag.py:545} INFO - Filling up the DagBag from /home/airflow/.local/lib/python3.12/site-packages/airflow/example_dags/tutorial_taskflow_api.py
[2026-06-30T08:49:24.016+0000] {processor.py:840} INFO - DAG(s) 'tutorial_taskflow_api' retrieved from /home/airflow/.local/lib/python3.12/site-packages/airflow/example_dags/tutorial_taskflow_api.py
[2026-06-30T08:49:24.033+0000] {logging_mixin.py:188} INFO - [2026-06-30T08:49:24.033+0000] {dag.py:3096} INFO - Sync 1 DAGs
[2026-06-30T08:49:24.044+0000] {logging_mixin.py:188} INFO - [2026-06-30T08:49:24.044+0000] {dag.py:3954} INFO - Setting next_dagrun for tutorial_taskflow_api to None, run_after=None
[2026-06-30T08:49:24.059+0000] {processor.py:183} INFO - Processing /home/airflow/.local/lib/python3.12/site-packages/airflow/example_dags/tutorial_taskflow_api.py took 0.059 seconds
[2026-06-30T08:49:54.690+0000] {processor.py:161} INFO - Started process (PID=25313) to work on /home/airflow/.local/lib/python3.12/site-packages/airflow/example_dags/tutorial_taskflow_api.py
[2026-06-30T08:49:54.691+0000] {processor.py:830} INFO - Processing file /home/airflow/.local/lib/python3.12/site-packages/airflow/example_dags/tutorial_taskflow_api.py for tasks to queue
[2026-06-30T08:49:54.692+0000] {logging_mixin.py:188} INFO - [2026-06-30T08:49:54.691+0000] {dagbag.py:545} INFO - Filling up the DagBag from /home/airflow/.local/lib/python3.12/site-packages/airflow/example_dags/tutorial_taskflow_api.py
[2026-06-30T08:49:54.696+0000] {processor.py:840} INFO - DAG(s) 'tutorial_taskflow_api' retrieved from /home/airflow/.local/lib/python3.12/site-packages/airflow/example_dags/tutorial_taskflow_api.py
[2026-06-30T08:49:54.711+0000] {logging_mixin.py:188} INFO - [2026-06-30T08:49:54.711+0000] {dag.py:3096} INFO - Sync 1 DAGs
[2026-06-30T08:49:54.720+0000] {logging_mixin.py:188} INFO - [2026-06-30T08:49:54.720+0000] {dag.py:3954} INFO - Setting next_dagrun for tutorial_taskflow_api to None, run_after=None
[2026-06-30T08:49:54.737+0000] {processor.py:183} INFO - Processing /home/airflow/.local/lib/python3.12/site-packages/airflow/example_dags/tutorial_taskflow_api.py took 0.052 seconds
[2026-06-30T08:50:25.215+0000] {processor.py:161} INFO - Started process (PID=25371) to work on /home/airflow/.local/lib/python3.12/site-packages/airflow/example_dags/tutorial_taskflow_api.py
[2026-06-30T08:50:25.216+0000] {processor.py:830} INFO - Processing file /home/airflow/.local/lib/python3.12/site-packages/airflow/example_dags/tutorial_taskflow_api.py for tasks to queue
[2026-06-30T08:50:25.218+0000] {logging_mixin.py:188} INFO - [2026-06-30T08:50:25.217+0000] {dagbag.py:545} INFO - Filling up the DagBag from /home/airflow/.local/lib/python3.12/site-packages/airflow/example_dags/tutorial_taskflow_api.py
[2026-06-30T08:50:25.222+0000] {processor.py:840} INFO - DAG(s) 'tutorial_taskflow_api' retrieved from /home/airflow/.local/lib/python3.12/site-packages/airflow/example_dags/tutorial_taskflow_api.py
[2026-06-30T08:50:25.236+0000] {logging_mixin.py:188} INFO - [2026-06-30T08:50:25.236+0000] {dag.py:3096} INFO - Sync 1 DAGs
[2026-06-30T08:50:25.244+0000] {logging_mixin.py:188} INFO - [2026-06-30T08:50:25.244+0000] {dag.py:3954} INFO - Setting next_dagrun for tutorial_taskflow_api to None, run_after=None
[2026-06-30T08:50:25.257+0000] {processor.py:183} INFO - Processing /home/airflow/.local/lib/python3.12/site-packages/airflow/example_dags/tutorial_taskflow_api.py took 0.046 seconds
[2026-06-30T08:50:55.548+0000] {processor.py:161} INFO - Started process (PID=25429) to work on /home/airflow/.local/lib/python3.12/site-packages/airflow/example_dags/tutorial_taskflow_api.py
[2026-06-30T08:50:55.549+0000] {processor.py:830} INFO - Processing file /home/airflow/.local/lib/python3.12/site-packages/airflow/example_dags/tutorial_taskflow_api.py for tasks to queue
[2026-06-30T08:50:55.550+0000] {logging_mixin.py:188} INFO - [2026-06-30T08:50:55.550+0000] {dagbag.py:545} INFO - Filling up the DagBag from /home/airflow/.local/lib/python3.12/site-packages/airflow/example_dags/tutorial_taskflow_api.py
[2026-06-30T08:50:55.555+0000] {processor.py:840} INFO - DAG(s) 'tutorial_taskflow_api' retrieved from /home/airflow/.local/lib/python3.12/site-packages/airflow/example_dags/tutorial_taskflow_api.py
[2026-06-30T08:50:55.569+0000] {logging_mixin.py:188} INFO - [2026-06-30T08:50:55.569+0000] {dag.py:3096} INFO - Sync 1 DAGs
[2026-06-30T08:50:55.577+0000] {logging_mixin.py:188} INFO - [2026-06-30T08:50:55.577+0000] {dag.py:3954} INFO - Setting next_dagrun for tutorial_taskflow_api to None, run_after=None
[2026-06-30T08:50:55.590+0000] {processor.py:183} INFO - Processing /home/airflow/.local/lib/python3.12/site-packages/airflow/example_dags/tutorial_taskflow_api.py took 0.046 seconds
[2026-06-30T08:51:26.396+0000] {processor.py:161} INFO - Started process (PID=25487) to work on /home/airflow/.local/lib/python3.12/site-packages/airflow/example_dags/tutorial_taskflow_api.py
[2026-06-30T08:51:26.397+0000] {processor.py:830} INFO - Processing file /home/airflow/.local/lib/python3.12/site-packages/airflow/example_dags/tutorial_taskflow_api.py for tasks to queue
[2026-06-30T08:51:26.398+0000] {logging_mixin.py:188} INFO - [2026-06-30T08:51:26.398+0000] {dagbag.py:545} INFO - Filling up the DagBag from /home/airflow/.local/lib/python3.12/site-packages/airflow/example_dags/tutorial_taskflow_api.py
[2026-06-30T08:51:26.402+0000] {processor.py:840} INFO - DAG(s) 'tutorial_taskflow_api' retrieved from /home/airflow/.local/lib/python3.12/site-packages/airflow/example_dags/tutorial_taskflow_api.py
[2026-06-30T08:51:26.417+0000] {logging_mixin.py:188} INFO - [2026-06-30T08:51:26.417+0000] {dag.py:3096} INFO - Sync 1 DAGs
[2026-06-30T08:51:26.426+0000] {logging_mixin.py:188} INFO - [2026-06-30T08:51:26.426+0000] {dag.py:3954} INFO - Setting next_dagrun for tutorial_taskflow_api to None, run_after=None
[2026-06-30T08:51:26.439+0000] {processor.py:183} INFO - Processing /home/airflow/.local/lib/python3.12/site-packages/airflow/example_dags/tutorial_taskflow_api.py took 0.047 seconds
[2026-06-30T08:51:57.187+0000] {processor.py:161} INFO - Started process (PID=25544) to work on /home/airflow/.local/lib/python3.12/site-packages/airflow/example_dags/tutorial_taskflow_api.py
[2026-06-30T08:51:57.188+0000] {processor.py:830} INFO - Processing file /home/airflow/.local/lib/python3.12/site-packages/airflow/example_dags/tutorial_taskflow_api.py for tasks to queue
[2026-06-30T08:51:57.189+0000] {logging_mixin.py:188} INFO - [2026-06-30T08:51:57.188+0000] {dagbag.py:545} INFO - Filling up the DagBag from /home/airflow/.local/lib/python3.12/site-packages/airflow/example_dags/tutorial_taskflow_api.py
[2026-06-30T08:51:57.195+0000] {processor.py:840} INFO - DAG(s) 'tutorial_taskflow_api' retrieved from /home/airflow/.local/lib/python3.12/site-packages/airflow/example_dags/tutorial_taskflow_api.py
[2026-06-30T08:51:57.216+0000] {logging_mixin.py:188} INFO - [2026-06-30T08:51:57.216+0000] {dag.py:3096} INFO - Sync 1 DAGs
[2026-06-30T08:51:57.229+0000] {logging_mixin.py:188} INFO - [2026-06-30T08:51:57.229+0000] {dag.py:3954} INFO - Setting next_dagrun for tutorial_taskflow_api to None, run_after=None
[2026-06-30T08:51:57.361+0000] {processor.py:183} INFO - Processing /home/airflow/.local/lib/python3.12/site-packages/airflow/example_dags/tutorial_taskflow_api.py took 0.179 seconds
[2026-06-30T08:52:28.059+0000] {processor.py:161} INFO - Started process (PID=25602) to work on /home/airflow/.local/lib/python3.12/site-packages/airflow/example_dags/tutorial_taskflow_api.py
[2026-06-30T08:52:28.060+0000] {processor.py:830} INFO - Processing file /home/airflow/.local/lib/python3.12/site-packages/airflow/example_dags/tutorial_taskflow_api.py for tasks to queue
[2026-06-30T08:52:28.061+0000] {logging_mixin.py:188} INFO - [2026-06-30T08:52:28.060+0000] {dagbag.py:545} INFO - Filling up the DagBag from /home/airflow/.local/lib/python3.12/site-packages/airflow/example_dags/tutorial_taskflow_api.py
[2026-06-30T08:52:28.069+0000] {processor.py:840} INFO - DAG(s) 'tutorial_taskflow_api' retrieved from /home/airflow/.local/lib/python3.12/site-packages/airflow/example_dags/tutorial_taskflow_api.py
[2026-06-30T08:52:28.092+0000] {logging_mixin.py:188} INFO - [2026-06-30T08:52:28.091+0000] {dag.py:3096} INFO - Sync 1 DAGs
[2026-06-30T08:52:28.102+0000] {logging_mixin.py:188} INFO - [2026-06-30T08:52:28.102+0000] {dag.py:3954} INFO - Setting next_dagrun for tutorial_taskflow_api to None, run_after=None
[2026-06-30T08:52:28.121+0000] {processor.py:183} INFO - Processing /home/airflow/.local/lib/python3.12/site-packages/airflow/example_dags/tutorial_taskflow_api.py took 0.069 seconds
[2026-06-30T08:52:58.437+0000] {processor.py:161} INFO - Started process (PID=25660) to work on /home/airflow/.local/lib/python3.12/site-packages/airflow/example_dags/tutorial_taskflow_api.py
[2026-06-30T08:52:58.438+0000] {processor.py:830} INFO - Processing file /home/airflow/.local/lib/python3.12/site-packages/airflow/example_dags/tutorial_taskflow_api.py for tasks to queue
[2026-06-30T08:52:58.438+0000] {logging_mixin.py:188} INFO - [2026-06-30T08:52:58.438+0000] {dagbag.py:545} INFO - Filling up the DagBag from /home/airflow/.local/lib/python3.12/site-packages/airflow/example_dags/tutorial_taskflow_api.py
[2026-06-30T08:52:58.444+0000] {processor.py:840} INFO - DAG(s) 'tutorial_taskflow_api' retrieved from /home/airflow/.local/lib/python3.12/site-packages/airflow/example_dags/tutorial_taskflow_api.py
[2026-06-30T08:52:58.459+0000] {logging_mixin.py:188} INFO - [2026-06-30T08:52:58.459+0000] {dag.py:3096} INFO - Sync 1 DAGs
[2026-06-30T08:52:58.470+0000] {logging_mixin.py:188} INFO - [2026-06-30T08:52:58.470+0000] {dag.py:3954} INFO - Setting next_dagrun for tutorial_taskflow_api to None, run_after=None
[2026-06-30T08:52:58.489+0000] {processor.py:183} INFO - Processing /home/airflow/.local/lib/python3.12/site-packages/airflow/example_dags/tutorial_taskflow_api.py took 0.056 seconds
