[2026-06-29T11:49:28.369+0000] {processor.py:161} INFO - Started process (PID=62) to work on /home/airflow/.local/lib/python3.12/site-packages/airflow/example_dags/example_short_circuit_operator.py
[2026-06-29T11:49:28.370+0000] {processor.py:830} INFO - Processing file /home/airflow/.local/lib/python3.12/site-packages/airflow/example_dags/example_short_circuit_operator.py for tasks to queue
[2026-06-29T11:49:28.373+0000] {logging_mixin.py:188} INFO - [2026-06-29T11:49:28.372+0000] {dagbag.py:545} INFO - Filling up the DagBag from /home/airflow/.local/lib/python3.12/site-packages/airflow/example_dags/example_short_circuit_operator.py
[2026-06-29T11:49:28.380+0000] {processor.py:840} INFO - DAG(s) 'example_short_circuit_operator' retrieved from /home/airflow/.local/lib/python3.12/site-packages/airflow/example_dags/example_short_circuit_operator.py
[2026-06-29T11:49:28.392+0000] {logging_mixin.py:188} INFO - [2026-06-29T11:49:28.392+0000] {dag.py:3096} INFO - Sync 1 DAGs
[2026-06-29T11:49:28.419+0000] {logging_mixin.py:188} INFO - [2026-06-29T11:49:28.418+0000] {dag.py:3954} INFO - Setting next_dagrun for example_short_circuit_operator to 2026-06-28 00:00:00+00:00, run_after=2026-06-29 00:00:00+00:00
[2026-06-29T11:49:28.510+0000] {processor.py:183} INFO - Processing /home/airflow/.local/lib/python3.12/site-packages/airflow/example_dags/example_short_circuit_operator.py took 0.147 seconds
[2026-06-29T11:49:59.037+0000] {processor.py:161} INFO - Started process (PID=120) to work on /home/airflow/.local/lib/python3.12/site-packages/airflow/example_dags/example_short_circuit_operator.py
[2026-06-29T11:49:59.038+0000] {processor.py:830} INFO - Processing file /home/airflow/.local/lib/python3.12/site-packages/airflow/example_dags/example_short_circuit_operator.py for tasks to queue
[2026-06-29T11:49:59.039+0000] {logging_mixin.py:188} INFO - [2026-06-29T11:49:59.039+0000] {dagbag.py:545} INFO - Filling up the DagBag from /home/airflow/.local/lib/python3.12/site-packages/airflow/example_dags/example_short_circuit_operator.py
[2026-06-29T11:49:59.045+0000] {processor.py:840} INFO - DAG(s) 'example_short_circuit_operator' retrieved from /home/airflow/.local/lib/python3.12/site-packages/airflow/example_dags/example_short_circuit_operator.py
[2026-06-29T11:49:59.113+0000] {logging_mixin.py:188} INFO - [2026-06-29T11:49:59.113+0000] {dag.py:3096} INFO - Sync 1 DAGs
[2026-06-29T11:49:59.125+0000] {logging_mixin.py:188} INFO - [2026-06-29T11:49:59.125+0000] {dag.py:3954} INFO - Setting next_dagrun for example_short_circuit_operator to 2026-06-28 00:00:00+00:00, run_after=2026-06-29 00:00:00+00:00
[2026-06-29T11:49:59.137+0000] {processor.py:183} INFO - Processing /home/airflow/.local/lib/python3.12/site-packages/airflow/example_dags/example_short_circuit_operator.py took 0.105 seconds
[2026-06-29T11:50:29.910+0000] {processor.py:161} INFO - Started process (PID=178) to work on /home/airflow/.local/lib/python3.12/site-packages/airflow/example_dags/example_short_circuit_operator.py
[2026-06-29T11:50:29.911+0000] {processor.py:830} INFO - Processing file /home/airflow/.local/lib/python3.12/site-packages/airflow/example_dags/example_short_circuit_operator.py for tasks to queue
[2026-06-29T11:50:29.913+0000] {logging_mixin.py:188} INFO - [2026-06-29T11:50:29.913+0000] {dagbag.py:545} INFO - Filling up the DagBag from /home/airflow/.local/lib/python3.12/site-packages/airflow/example_dags/example_short_circuit_operator.py
[2026-06-29T11:50:29.919+0000] {processor.py:840} INFO - DAG(s) 'example_short_circuit_operator' retrieved from /home/airflow/.local/lib/python3.12/site-packages/airflow/example_dags/example_short_circuit_operator.py
[2026-06-29T11:50:29.938+0000] {logging_mixin.py:188} INFO - [2026-06-29T11:50:29.937+0000] {dag.py:3096} INFO - Sync 1 DAGs
[2026-06-29T11:50:29.954+0000] {logging_mixin.py:188} INFO - [2026-06-29T11:50:29.954+0000] {dag.py:3954} INFO - Setting next_dagrun for example_short_circuit_operator to 2026-06-28 00:00:00+00:00, run_after=2026-06-29 00:00:00+00:00
[2026-06-29T11:50:29.968+0000] {processor.py:183} INFO - Processing /home/airflow/.local/lib/python3.12/site-packages/airflow/example_dags/example_short_circuit_operator.py took 0.062 seconds
[2026-06-29T11:51:00.422+0000] {processor.py:161} INFO - Started process (PID=236) to work on /home/airflow/.local/lib/python3.12/site-packages/airflow/example_dags/example_short_circuit_operator.py
[2026-06-29T11:51:00.423+0000] {processor.py:830} INFO - Processing file /home/airflow/.local/lib/python3.12/site-packages/airflow/example_dags/example_short_circuit_operator.py for tasks to queue
[2026-06-29T11:51:00.424+0000] {logging_mixin.py:188} INFO - [2026-06-29T11:51:00.424+0000] {dagbag.py:545} INFO - Filling up the DagBag from /home/airflow/.local/lib/python3.12/site-packages/airflow/example_dags/example_short_circuit_operator.py
[2026-06-29T11:51:00.430+0000] {processor.py:840} INFO - DAG(s) 'example_short_circuit_operator' retrieved from /home/airflow/.local/lib/python3.12/site-packages/airflow/example_dags/example_short_circuit_operator.py
[2026-06-29T11:51:00.445+0000] {logging_mixin.py:188} INFO - [2026-06-29T11:51:00.445+0000] {dag.py:3096} INFO - Sync 1 DAGs
[2026-06-29T11:51:00.460+0000] {logging_mixin.py:188} INFO - [2026-06-29T11:51:00.460+0000] {dag.py:3954} INFO - Setting next_dagrun for example_short_circuit_operator to 2026-06-28 00:00:00+00:00, run_after=2026-06-29 00:00:00+00:00
[2026-06-29T11:51:00.473+0000] {processor.py:183} INFO - Processing /home/airflow/.local/lib/python3.12/site-packages/airflow/example_dags/example_short_circuit_operator.py took 0.055 seconds
[2026-06-29T11:51:30.725+0000] {processor.py:161} INFO - Started process (PID=294) to work on /home/airflow/.local/lib/python3.12/site-packages/airflow/example_dags/example_short_circuit_operator.py
[2026-06-29T11:51:30.727+0000] {processor.py:830} INFO - Processing file /home/airflow/.local/lib/python3.12/site-packages/airflow/example_dags/example_short_circuit_operator.py for tasks to queue
[2026-06-29T11:51:30.729+0000] {logging_mixin.py:188} INFO - [2026-06-29T11:51:30.729+0000] {dagbag.py:545} INFO - Filling up the DagBag from /home/airflow/.local/lib/python3.12/site-packages/airflow/example_dags/example_short_circuit_operator.py
[2026-06-29T11:51:30.735+0000] {processor.py:840} INFO - DAG(s) 'example_short_circuit_operator' retrieved from /home/airflow/.local/lib/python3.12/site-packages/airflow/example_dags/example_short_circuit_operator.py
[2026-06-29T11:51:30.753+0000] {logging_mixin.py:188} INFO - [2026-06-29T11:51:30.753+0000] {dag.py:3096} INFO - Sync 1 DAGs
[2026-06-29T11:51:30.771+0000] {logging_mixin.py:188} INFO - [2026-06-29T11:51:30.771+0000] {dag.py:3954} INFO - Setting next_dagrun for example_short_circuit_operator to 2026-06-28 00:00:00+00:00, run_after=2026-06-29 00:00:00+00:00
[2026-06-29T11:51:30.785+0000] {processor.py:183} INFO - Processing /home/airflow/.local/lib/python3.12/site-packages/airflow/example_dags/example_short_circuit_operator.py took 0.064 seconds
[2026-06-29T11:52:06.609+0000] {processor.py:161} INFO - Started process (PID=62) to work on /home/airflow/.local/lib/python3.12/site-packages/airflow/example_dags/example_short_circuit_operator.py
[2026-06-29T11:52:06.611+0000] {processor.py:830} INFO - Processing file /home/airflow/.local/lib/python3.12/site-packages/airflow/example_dags/example_short_circuit_operator.py for tasks to queue
[2026-06-29T11:52:06.615+0000] {logging_mixin.py:188} INFO - [2026-06-29T11:52:06.614+0000] {dagbag.py:545} INFO - Filling up the DagBag from /home/airflow/.local/lib/python3.12/site-packages/airflow/example_dags/example_short_circuit_operator.py
[2026-06-29T11:52:06.624+0000] {processor.py:840} INFO - DAG(s) 'example_short_circuit_operator' retrieved from /home/airflow/.local/lib/python3.12/site-packages/airflow/example_dags/example_short_circuit_operator.py
[2026-06-29T11:52:06.637+0000] {logging_mixin.py:188} INFO - [2026-06-29T11:52:06.637+0000] {dag.py:3096} INFO - Sync 1 DAGs
[2026-06-29T11:52:06.665+0000] {logging_mixin.py:188} INFO - [2026-06-29T11:52:06.665+0000] {dag.py:3954} INFO - Setting next_dagrun for example_short_circuit_operator to 2026-06-28 00:00:00+00:00, run_after=2026-06-29 00:00:00+00:00
[2026-06-29T11:52:06.686+0000] {processor.py:183} INFO - Processing /home/airflow/.local/lib/python3.12/site-packages/airflow/example_dags/example_short_circuit_operator.py took 0.082 seconds
[2026-06-29T11:52:37.551+0000] {processor.py:161} INFO - Started process (PID=120) to work on /home/airflow/.local/lib/python3.12/site-packages/airflow/example_dags/example_short_circuit_operator.py
[2026-06-29T11:52:37.552+0000] {processor.py:830} INFO - Processing file /home/airflow/.local/lib/python3.12/site-packages/airflow/example_dags/example_short_circuit_operator.py for tasks to queue
[2026-06-29T11:52:37.554+0000] {logging_mixin.py:188} INFO - [2026-06-29T11:52:37.554+0000] {dagbag.py:545} INFO - Filling up the DagBag from /home/airflow/.local/lib/python3.12/site-packages/airflow/example_dags/example_short_circuit_operator.py
[2026-06-29T11:52:37.561+0000] {processor.py:840} INFO - DAG(s) 'example_short_circuit_operator' retrieved from /home/airflow/.local/lib/python3.12/site-packages/airflow/example_dags/example_short_circuit_operator.py
[2026-06-29T11:52:37.640+0000] {logging_mixin.py:188} INFO - [2026-06-29T11:52:37.640+0000] {dag.py:3096} INFO - Sync 1 DAGs
[2026-06-29T11:52:37.655+0000] {logging_mixin.py:188} INFO - [2026-06-29T11:52:37.654+0000] {dag.py:3954} INFO - Setting next_dagrun for example_short_circuit_operator to 2026-06-28 00:00:00+00:00, run_after=2026-06-29 00:00:00+00:00
[2026-06-29T11:52:37.669+0000] {processor.py:183} INFO - Processing /home/airflow/.local/lib/python3.12/site-packages/airflow/example_dags/example_short_circuit_operator.py took 0.123 seconds
[2026-06-29T11:53:07.755+0000] {processor.py:161} INFO - Started process (PID=178) to work on /home/airflow/.local/lib/python3.12/site-packages/airflow/example_dags/example_short_circuit_operator.py
[2026-06-29T11:53:07.756+0000] {processor.py:830} INFO - Processing file /home/airflow/.local/lib/python3.12/site-packages/airflow/example_dags/example_short_circuit_operator.py for tasks to queue
[2026-06-29T11:53:07.757+0000] {logging_mixin.py:188} INFO - [2026-06-29T11:53:07.757+0000] {dagbag.py:545} INFO - Filling up the DagBag from /home/airflow/.local/lib/python3.12/site-packages/airflow/example_dags/example_short_circuit_operator.py
[2026-06-29T11:53:07.766+0000] {processor.py:840} INFO - DAG(s) 'example_short_circuit_operator' retrieved from /home/airflow/.local/lib/python3.12/site-packages/airflow/example_dags/example_short_circuit_operator.py
[2026-06-29T11:53:07.785+0000] {logging_mixin.py:188} INFO - [2026-06-29T11:53:07.785+0000] {dag.py:3096} INFO - Sync 1 DAGs
[2026-06-29T11:53:07.801+0000] {logging_mixin.py:188} INFO - [2026-06-29T11:53:07.801+0000] {dag.py:3954} INFO - Setting next_dagrun for example_short_circuit_operator to 2026-06-28 00:00:00+00:00, run_after=2026-06-29 00:00:00+00:00
[2026-06-29T11:53:07.816+0000] {processor.py:183} INFO - Processing /home/airflow/.local/lib/python3.12/site-packages/airflow/example_dags/example_short_circuit_operator.py took 0.065 seconds
[2026-06-29T11:53:37.949+0000] {processor.py:161} INFO - Started process (PID=242) to work on /home/airflow/.local/lib/python3.12/site-packages/airflow/example_dags/example_short_circuit_operator.py
[2026-06-29T11:53:37.950+0000] {processor.py:830} INFO - Processing file /home/airflow/.local/lib/python3.12/site-packages/airflow/example_dags/example_short_circuit_operator.py for tasks to queue
[2026-06-29T11:53:37.952+0000] {logging_mixin.py:188} INFO - [2026-06-29T11:53:37.952+0000] {dagbag.py:545} INFO - Filling up the DagBag from /home/airflow/.local/lib/python3.12/site-packages/airflow/example_dags/example_short_circuit_operator.py
[2026-06-29T11:53:37.958+0000] {processor.py:840} INFO - DAG(s) 'example_short_circuit_operator' retrieved from /home/airflow/.local/lib/python3.12/site-packages/airflow/example_dags/example_short_circuit_operator.py
[2026-06-29T11:53:37.976+0000] {logging_mixin.py:188} INFO - [2026-06-29T11:53:37.976+0000] {dag.py:3096} INFO - Sync 1 DAGs
[2026-06-29T11:53:37.992+0000] {logging_mixin.py:188} INFO - [2026-06-29T11:53:37.992+0000] {dag.py:3954} INFO - Setting next_dagrun for example_short_circuit_operator to 2026-06-28 00:00:00+00:00, run_after=2026-06-29 00:00:00+00:00
[2026-06-29T11:53:38.007+0000] {processor.py:183} INFO - Processing /home/airflow/.local/lib/python3.12/site-packages/airflow/example_dags/example_short_circuit_operator.py took 0.063 seconds
[2026-06-29T11:54:08.103+0000] {processor.py:161} INFO - Started process (PID=300) to work on /home/airflow/.local/lib/python3.12/site-packages/airflow/example_dags/example_short_circuit_operator.py
[2026-06-29T11:54:08.104+0000] {processor.py:830} INFO - Processing file /home/airflow/.local/lib/python3.12/site-packages/airflow/example_dags/example_short_circuit_operator.py for tasks to queue
[2026-06-29T11:54:08.106+0000] {logging_mixin.py:188} INFO - [2026-06-29T11:54:08.106+0000] {dagbag.py:545} INFO - Filling up the DagBag from /home/airflow/.local/lib/python3.12/site-packages/airflow/example_dags/example_short_circuit_operator.py
[2026-06-29T11:54:08.113+0000] {processor.py:840} INFO - DAG(s) 'example_short_circuit_operator' retrieved from /home/airflow/.local/lib/python3.12/site-packages/airflow/example_dags/example_short_circuit_operator.py
[2026-06-29T11:54:08.132+0000] {logging_mixin.py:188} INFO - [2026-06-29T11:54:08.131+0000] {dag.py:3096} INFO - Sync 1 DAGs
[2026-06-29T11:54:08.148+0000] {logging_mixin.py:188} INFO - [2026-06-29T11:54:08.148+0000] {dag.py:3954} INFO - Setting next_dagrun for example_short_circuit_operator to 2026-06-28 00:00:00+00:00, run_after=2026-06-29 00:00:00+00:00
[2026-06-29T11:54:08.164+0000] {processor.py:183} INFO - Processing /home/airflow/.local/lib/python3.12/site-packages/airflow/example_dags/example_short_circuit_operator.py took 0.066 seconds
