[2026-06-29T11:49:30.250+0000] {processor.py:161} INFO - Started process (PID=84) to work on /home/airflow/.local/lib/python3.12/site-packages/airflow/example_dags/example_sla_dag.py
[2026-06-29T11:49:30.251+0000] {processor.py:830} INFO - Processing file /home/airflow/.local/lib/python3.12/site-packages/airflow/example_dags/example_sla_dag.py for tasks to queue
[2026-06-29T11:49:30.252+0000] {logging_mixin.py:188} INFO - [2026-06-29T11:49:30.252+0000] {dagbag.py:545} INFO - Filling up the DagBag from /home/airflow/.local/lib/python3.12/site-packages/airflow/example_dags/example_sla_dag.py
[2026-06-29T11:49:30.260+0000] {processor.py:840} INFO - DAG(s) 'example_sla_dag' retrieved from /home/airflow/.local/lib/python3.12/site-packages/airflow/example_dags/example_sla_dag.py
[2026-06-29T11:49:30.269+0000] {logging_mixin.py:188} INFO - [2026-06-29T11:49:30.269+0000] {dag.py:3096} INFO - Sync 1 DAGs
[2026-06-29T11:49:30.286+0000] {logging_mixin.py:188} INFO - [2026-06-29T11:49:30.286+0000] {dag.py:3954} INFO - Setting next_dagrun for example_sla_dag to 2026-06-29 11:46:00+00:00, run_after=2026-06-29 11:48:00+00:00
[2026-06-29T11:49:30.328+0000] {processor.py:183} INFO - Processing /home/airflow/.local/lib/python3.12/site-packages/airflow/example_dags/example_sla_dag.py took 0.083 seconds
[2026-06-29T11:50:00.909+0000] {processor.py:161} INFO - Started process (PID=142) to work on /home/airflow/.local/lib/python3.12/site-packages/airflow/example_dags/example_sla_dag.py
[2026-06-29T11:50:00.909+0000] {processor.py:830} INFO - Processing file /home/airflow/.local/lib/python3.12/site-packages/airflow/example_dags/example_sla_dag.py for tasks to queue
[2026-06-29T11:50:00.911+0000] {logging_mixin.py:188} INFO - [2026-06-29T11:50:00.911+0000] {dagbag.py:545} INFO - Filling up the DagBag from /home/airflow/.local/lib/python3.12/site-packages/airflow/example_dags/example_sla_dag.py
[2026-06-29T11:50:00.917+0000] {processor.py:840} INFO - DAG(s) 'example_sla_dag' retrieved from /home/airflow/.local/lib/python3.12/site-packages/airflow/example_dags/example_sla_dag.py
[2026-06-29T11:50:00.989+0000] {logging_mixin.py:188} INFO - [2026-06-29T11:50:00.989+0000] {dag.py:3096} INFO - Sync 1 DAGs
[2026-06-29T11:50:01.005+0000] {logging_mixin.py:188} INFO - [2026-06-29T11:50:01.005+0000] {dag.py:3954} INFO - Setting next_dagrun for example_sla_dag to 2026-06-29 11:48:00+00:00, run_after=2026-06-29 11:50:00+00:00
[2026-06-29T11:50:01.019+0000] {processor.py:183} INFO - Processing /home/airflow/.local/lib/python3.12/site-packages/airflow/example_dags/example_sla_dag.py took 0.115 seconds
[2026-06-29T11:50:31.968+0000] {processor.py:161} INFO - Started process (PID=206) to work on /home/airflow/.local/lib/python3.12/site-packages/airflow/example_dags/example_sla_dag.py
[2026-06-29T11:50:31.969+0000] {processor.py:830} INFO - Processing file /home/airflow/.local/lib/python3.12/site-packages/airflow/example_dags/example_sla_dag.py for tasks to queue
[2026-06-29T11:50:31.970+0000] {logging_mixin.py:188} INFO - [2026-06-29T11:50:31.970+0000] {dagbag.py:545} INFO - Filling up the DagBag from /home/airflow/.local/lib/python3.12/site-packages/airflow/example_dags/example_sla_dag.py
[2026-06-29T11:50:31.976+0000] {processor.py:840} INFO - DAG(s) 'example_sla_dag' retrieved from /home/airflow/.local/lib/python3.12/site-packages/airflow/example_dags/example_sla_dag.py
[2026-06-29T11:50:31.989+0000] {logging_mixin.py:188} INFO - [2026-06-29T11:50:31.989+0000] {dag.py:3096} INFO - Sync 1 DAGs
[2026-06-29T11:50:32.004+0000] {logging_mixin.py:188} INFO - [2026-06-29T11:50:32.004+0000] {dag.py:3954} INFO - Setting next_dagrun for example_sla_dag to 2026-06-29 11:48:00+00:00, run_after=2026-06-29 11:50:00+00:00
[2026-06-29T11:50:32.015+0000] {processor.py:183} INFO - Processing /home/airflow/.local/lib/python3.12/site-packages/airflow/example_dags/example_sla_dag.py took 0.051 seconds
[2026-06-29T11:51:02.363+0000] {processor.py:161} INFO - Started process (PID=264) to work on /home/airflow/.local/lib/python3.12/site-packages/airflow/example_dags/example_sla_dag.py
[2026-06-29T11:51:02.364+0000] {processor.py:830} INFO - Processing file /home/airflow/.local/lib/python3.12/site-packages/airflow/example_dags/example_sla_dag.py for tasks to queue
[2026-06-29T11:51:02.366+0000] {logging_mixin.py:188} INFO - [2026-06-29T11:51:02.366+0000] {dagbag.py:545} INFO - Filling up the DagBag from /home/airflow/.local/lib/python3.12/site-packages/airflow/example_dags/example_sla_dag.py
[2026-06-29T11:51:02.372+0000] {processor.py:840} INFO - DAG(s) 'example_sla_dag' retrieved from /home/airflow/.local/lib/python3.12/site-packages/airflow/example_dags/example_sla_dag.py
[2026-06-29T11:51:02.389+0000] {logging_mixin.py:188} INFO - [2026-06-29T11:51:02.388+0000] {dag.py:3096} INFO - Sync 1 DAGs
[2026-06-29T11:51:02.403+0000] {logging_mixin.py:188} INFO - [2026-06-29T11:51:02.403+0000] {dag.py:3954} INFO - Setting next_dagrun for example_sla_dag to 2026-06-29 11:48:00+00:00, run_after=2026-06-29 11:50:00+00:00
[2026-06-29T11:51:02.414+0000] {processor.py:183} INFO - Processing /home/airflow/.local/lib/python3.12/site-packages/airflow/example_dags/example_sla_dag.py took 0.056 seconds
[2026-06-29T11:51:32.712+0000] {processor.py:161} INFO - Started process (PID=322) to work on /home/airflow/.local/lib/python3.12/site-packages/airflow/example_dags/example_sla_dag.py
[2026-06-29T11:51:32.713+0000] {processor.py:830} INFO - Processing file /home/airflow/.local/lib/python3.12/site-packages/airflow/example_dags/example_sla_dag.py for tasks to queue
[2026-06-29T11:51:32.715+0000] {logging_mixin.py:188} INFO - [2026-06-29T11:51:32.715+0000] {dagbag.py:545} INFO - Filling up the DagBag from /home/airflow/.local/lib/python3.12/site-packages/airflow/example_dags/example_sla_dag.py
[2026-06-29T11:51:32.723+0000] {processor.py:840} INFO - DAG(s) 'example_sla_dag' retrieved from /home/airflow/.local/lib/python3.12/site-packages/airflow/example_dags/example_sla_dag.py
[2026-06-29T11:51:32.740+0000] {logging_mixin.py:188} INFO - [2026-06-29T11:51:32.740+0000] {dag.py:3096} INFO - Sync 1 DAGs
[2026-06-29T11:51:32.761+0000] {logging_mixin.py:188} INFO - [2026-06-29T11:51:32.761+0000] {dag.py:3954} INFO - Setting next_dagrun for example_sla_dag to 2026-06-29 11:48:00+00:00, run_after=2026-06-29 11:50:00+00:00
[2026-06-29T11:51:32.776+0000] {processor.py:183} INFO - Processing /home/airflow/.local/lib/python3.12/site-packages/airflow/example_dags/example_sla_dag.py took 0.070 seconds
[2026-06-29T11:52:08.427+0000] {processor.py:161} INFO - Started process (PID=90) to work on /home/airflow/.local/lib/python3.12/site-packages/airflow/example_dags/example_sla_dag.py
[2026-06-29T11:52:08.429+0000] {processor.py:830} INFO - Processing file /home/airflow/.local/lib/python3.12/site-packages/airflow/example_dags/example_sla_dag.py for tasks to queue
[2026-06-29T11:52:08.431+0000] {logging_mixin.py:188} INFO - [2026-06-29T11:52:08.431+0000] {dagbag.py:545} INFO - Filling up the DagBag from /home/airflow/.local/lib/python3.12/site-packages/airflow/example_dags/example_sla_dag.py
[2026-06-29T11:52:08.441+0000] {processor.py:840} INFO - DAG(s) 'example_sla_dag' retrieved from /home/airflow/.local/lib/python3.12/site-packages/airflow/example_dags/example_sla_dag.py
[2026-06-29T11:52:08.455+0000] {logging_mixin.py:188} INFO - [2026-06-29T11:52:08.455+0000] {dag.py:3096} INFO - Sync 1 DAGs
[2026-06-29T11:52:08.480+0000] {logging_mixin.py:188} INFO - [2026-06-29T11:52:08.480+0000] {dag.py:3954} INFO - Setting next_dagrun for example_sla_dag to 2026-06-29 11:50:00+00:00, run_after=2026-06-29 11:52:00+00:00
[2026-06-29T11:52:08.499+0000] {processor.py:183} INFO - Processing /home/airflow/.local/lib/python3.12/site-packages/airflow/example_dags/example_sla_dag.py took 0.078 seconds
[2026-06-29T11:52:39.451+0000] {processor.py:161} INFO - Started process (PID=148) to work on /home/airflow/.local/lib/python3.12/site-packages/airflow/example_dags/example_sla_dag.py
[2026-06-29T11:52:39.453+0000] {processor.py:830} INFO - Processing file /home/airflow/.local/lib/python3.12/site-packages/airflow/example_dags/example_sla_dag.py for tasks to queue
[2026-06-29T11:52:39.455+0000] {logging_mixin.py:188} INFO - [2026-06-29T11:52:39.454+0000] {dagbag.py:545} INFO - Filling up the DagBag from /home/airflow/.local/lib/python3.12/site-packages/airflow/example_dags/example_sla_dag.py
[2026-06-29T11:52:39.466+0000] {processor.py:840} INFO - DAG(s) 'example_sla_dag' retrieved from /home/airflow/.local/lib/python3.12/site-packages/airflow/example_dags/example_sla_dag.py
[2026-06-29T11:52:39.550+0000] {logging_mixin.py:188} INFO - [2026-06-29T11:52:39.550+0000] {dag.py:3096} INFO - Sync 1 DAGs
[2026-06-29T11:52:39.569+0000] {logging_mixin.py:188} INFO - [2026-06-29T11:52:39.568+0000] {dag.py:3954} INFO - Setting next_dagrun for example_sla_dag to 2026-06-29 11:50:00+00:00, run_after=2026-06-29 11:52:00+00:00
[2026-06-29T11:52:39.583+0000] {processor.py:183} INFO - Processing /home/airflow/.local/lib/python3.12/site-packages/airflow/example_dags/example_sla_dag.py took 0.137 seconds
[2026-06-29T11:53:09.679+0000] {processor.py:161} INFO - Started process (PID=206) to work on /home/airflow/.local/lib/python3.12/site-packages/airflow/example_dags/example_sla_dag.py
[2026-06-29T11:53:09.680+0000] {processor.py:830} INFO - Processing file /home/airflow/.local/lib/python3.12/site-packages/airflow/example_dags/example_sla_dag.py for tasks to queue
[2026-06-29T11:53:09.682+0000] {logging_mixin.py:188} INFO - [2026-06-29T11:53:09.681+0000] {dagbag.py:545} INFO - Filling up the DagBag from /home/airflow/.local/lib/python3.12/site-packages/airflow/example_dags/example_sla_dag.py
[2026-06-29T11:53:09.688+0000] {processor.py:840} INFO - DAG(s) 'example_sla_dag' retrieved from /home/airflow/.local/lib/python3.12/site-packages/airflow/example_dags/example_sla_dag.py
[2026-06-29T11:53:09.702+0000] {logging_mixin.py:188} INFO - [2026-06-29T11:53:09.702+0000] {dag.py:3096} INFO - Sync 1 DAGs
[2026-06-29T11:53:09.718+0000] {logging_mixin.py:188} INFO - [2026-06-29T11:53:09.718+0000] {dag.py:3954} INFO - Setting next_dagrun for example_sla_dag to 2026-06-29 11:50:00+00:00, run_after=2026-06-29 11:52:00+00:00
[2026-06-29T11:53:09.730+0000] {processor.py:183} INFO - Processing /home/airflow/.local/lib/python3.12/site-packages/airflow/example_dags/example_sla_dag.py took 0.055 seconds
[2026-06-29T11:53:40.479+0000] {processor.py:161} INFO - Started process (PID=264) to work on /home/airflow/.local/lib/python3.12/site-packages/airflow/example_dags/example_sla_dag.py
[2026-06-29T11:53:40.480+0000] {processor.py:830} INFO - Processing file /home/airflow/.local/lib/python3.12/site-packages/airflow/example_dags/example_sla_dag.py for tasks to queue
[2026-06-29T11:53:40.483+0000] {logging_mixin.py:188} INFO - [2026-06-29T11:53:40.483+0000] {dagbag.py:545} INFO - Filling up the DagBag from /home/airflow/.local/lib/python3.12/site-packages/airflow/example_dags/example_sla_dag.py
[2026-06-29T11:53:40.492+0000] {processor.py:840} INFO - DAG(s) 'example_sla_dag' retrieved from /home/airflow/.local/lib/python3.12/site-packages/airflow/example_dags/example_sla_dag.py
[2026-06-29T11:53:40.512+0000] {logging_mixin.py:188} INFO - [2026-06-29T11:53:40.512+0000] {dag.py:3096} INFO - Sync 1 DAGs
[2026-06-29T11:53:40.534+0000] {logging_mixin.py:188} INFO - [2026-06-29T11:53:40.534+0000] {dag.py:3954} INFO - Setting next_dagrun for example_sla_dag to 2026-06-29 11:50:00+00:00, run_after=2026-06-29 11:52:00+00:00
[2026-06-29T11:53:40.549+0000] {processor.py:183} INFO - Processing /home/airflow/.local/lib/python3.12/site-packages/airflow/example_dags/example_sla_dag.py took 0.079 seconds
