[2026-06-29T11:49:29.435+0000] {processor.py:161} INFO - Started process (PID=72) to work on /home/airflow/.local/lib/python3.12/site-packages/airflow/example_dags/example_branch_datetime_operator.py
[2026-06-29T11:49:29.436+0000] {processor.py:830} INFO - Processing file /home/airflow/.local/lib/python3.12/site-packages/airflow/example_dags/example_branch_datetime_operator.py for tasks to queue
[2026-06-29T11:49:29.438+0000] {logging_mixin.py:188} INFO - [2026-06-29T11:49:29.438+0000] {dagbag.py:545} INFO - Filling up the DagBag from /home/airflow/.local/lib/python3.12/site-packages/airflow/example_dags/example_branch_datetime_operator.py
[2026-06-29T11:49:29.447+0000] {processor.py:840} INFO - DAG(s) 'example_branch_datetime_operator_2', 'example_branch_datetime_operator_3', 'example_branch_datetime_operator' retrieved from /home/airflow/.local/lib/python3.12/site-packages/airflow/example_dags/example_branch_datetime_operator.py
[2026-06-29T11:49:29.461+0000] {logging_mixin.py:188} INFO - [2026-06-29T11:49:29.461+0000] {dag.py:3096} INFO - Sync 3 DAGs
[2026-06-29T11:49:29.494+0000] {logging_mixin.py:188} INFO - [2026-06-29T11:49:29.494+0000] {dag.py:3954} INFO - Setting next_dagrun for example_branch_datetime_operator to 2026-06-28 00:00:00+00:00, run_after=2026-06-29 00:00:00+00:00
[2026-06-29T11:49:29.500+0000] {logging_mixin.py:188} INFO - [2026-06-29T11:49:29.499+0000] {dag.py:3954} INFO - Setting next_dagrun for example_branch_datetime_operator_2 to 2026-06-28 00:00:00+00:00, run_after=2026-06-29 00:00:00+00:00
[2026-06-29T11:49:29.504+0000] {logging_mixin.py:188} INFO - [2026-06-29T11:49:29.504+0000] {dag.py:3954} INFO - Setting next_dagrun for example_branch_datetime_operator_3 to 2026-06-28 00:00:00+00:00, run_after=2026-06-29 00:00:00+00:00
[2026-06-29T11:49:29.526+0000] {processor.py:183} INFO - Processing /home/airflow/.local/lib/python3.12/site-packages/airflow/example_dags/example_branch_datetime_operator.py took 0.095 seconds
[2026-06-29T11:49:59.714+0000] {processor.py:161} INFO - Started process (PID=130) to work on /home/airflow/.local/lib/python3.12/site-packages/airflow/example_dags/example_branch_datetime_operator.py
[2026-06-29T11:49:59.716+0000] {processor.py:830} INFO - Processing file /home/airflow/.local/lib/python3.12/site-packages/airflow/example_dags/example_branch_datetime_operator.py for tasks to queue
[2026-06-29T11:49:59.718+0000] {logging_mixin.py:188} INFO - [2026-06-29T11:49:59.718+0000] {dagbag.py:545} INFO - Filling up the DagBag from /home/airflow/.local/lib/python3.12/site-packages/airflow/example_dags/example_branch_datetime_operator.py
[2026-06-29T11:49:59.726+0000] {processor.py:840} INFO - DAG(s) 'example_branch_datetime_operator', 'example_branch_datetime_operator_2', 'example_branch_datetime_operator_3' retrieved from /home/airflow/.local/lib/python3.12/site-packages/airflow/example_dags/example_branch_datetime_operator.py
[2026-06-29T11:49:59.802+0000] {logging_mixin.py:188} INFO - [2026-06-29T11:49:59.802+0000] {dag.py:3096} INFO - Sync 3 DAGs
[2026-06-29T11:49:59.818+0000] {logging_mixin.py:188} INFO - [2026-06-29T11:49:59.818+0000] {dag.py:3954} INFO - Setting next_dagrun for example_branch_datetime_operator to 2026-06-28 00:00:00+00:00, run_after=2026-06-29 00:00:00+00:00
[2026-06-29T11:49:59.822+0000] {logging_mixin.py:188} INFO - [2026-06-29T11:49:59.821+0000] {dag.py:3954} INFO - Setting next_dagrun for example_branch_datetime_operator_2 to 2026-06-28 00:00:00+00:00, run_after=2026-06-29 00:00:00+00:00
[2026-06-29T11:49:59.823+0000] {logging_mixin.py:188} INFO - [2026-06-29T11:49:59.823+0000] {dag.py:3954} INFO - Setting next_dagrun for example_branch_datetime_operator_3 to 2026-06-28 00:00:00+00:00, run_after=2026-06-29 00:00:00+00:00
[2026-06-29T11:49:59.836+0000] {processor.py:183} INFO - Processing /home/airflow/.local/lib/python3.12/site-packages/airflow/example_dags/example_branch_datetime_operator.py took 0.127 seconds
[2026-06-29T11:50:30.378+0000] {processor.py:161} INFO - Started process (PID=188) to work on /home/airflow/.local/lib/python3.12/site-packages/airflow/example_dags/example_branch_datetime_operator.py
[2026-06-29T11:50:30.379+0000] {processor.py:830} INFO - Processing file /home/airflow/.local/lib/python3.12/site-packages/airflow/example_dags/example_branch_datetime_operator.py for tasks to queue
[2026-06-29T11:50:30.381+0000] {logging_mixin.py:188} INFO - [2026-06-29T11:50:30.380+0000] {dagbag.py:545} INFO - Filling up the DagBag from /home/airflow/.local/lib/python3.12/site-packages/airflow/example_dags/example_branch_datetime_operator.py
[2026-06-29T11:50:30.388+0000] {processor.py:840} INFO - DAG(s) 'example_branch_datetime_operator_2', 'example_branch_datetime_operator', 'example_branch_datetime_operator_3' retrieved from /home/airflow/.local/lib/python3.12/site-packages/airflow/example_dags/example_branch_datetime_operator.py
[2026-06-29T11:50:30.409+0000] {logging_mixin.py:188} INFO - [2026-06-29T11:50:30.409+0000] {dag.py:3096} INFO - Sync 3 DAGs
[2026-06-29T11:50:30.427+0000] {logging_mixin.py:188} INFO - [2026-06-29T11:50:30.426+0000] {dag.py:3954} INFO - Setting next_dagrun for example_branch_datetime_operator to 2026-06-28 00:00:00+00:00, run_after=2026-06-29 00:00:00+00:00
[2026-06-29T11:50:30.430+0000] {logging_mixin.py:188} INFO - [2026-06-29T11:50:30.430+0000] {dag.py:3954} INFO - Setting next_dagrun for example_branch_datetime_operator_2 to 2026-06-28 00:00:00+00:00, run_after=2026-06-29 00:00:00+00:00
[2026-06-29T11:50:30.433+0000] {logging_mixin.py:188} INFO - [2026-06-29T11:50:30.432+0000] {dag.py:3954} INFO - Setting next_dagrun for example_branch_datetime_operator_3 to 2026-06-28 00:00:00+00:00, run_after=2026-06-29 00:00:00+00:00
[2026-06-29T11:50:30.445+0000] {processor.py:183} INFO - Processing /home/airflow/.local/lib/python3.12/site-packages/airflow/example_dags/example_branch_datetime_operator.py took 0.072 seconds
[2026-06-29T11:51:00.821+0000] {processor.py:161} INFO - Started process (PID=246) to work on /home/airflow/.local/lib/python3.12/site-packages/airflow/example_dags/example_branch_datetime_operator.py
[2026-06-29T11:51:00.822+0000] {processor.py:830} INFO - Processing file /home/airflow/.local/lib/python3.12/site-packages/airflow/example_dags/example_branch_datetime_operator.py for tasks to queue
[2026-06-29T11:51:00.824+0000] {logging_mixin.py:188} INFO - [2026-06-29T11:51:00.824+0000] {dagbag.py:545} INFO - Filling up the DagBag from /home/airflow/.local/lib/python3.12/site-packages/airflow/example_dags/example_branch_datetime_operator.py
[2026-06-29T11:51:00.832+0000] {processor.py:840} INFO - DAG(s) 'example_branch_datetime_operator_2', 'example_branch_datetime_operator_3', 'example_branch_datetime_operator' retrieved from /home/airflow/.local/lib/python3.12/site-packages/airflow/example_dags/example_branch_datetime_operator.py
[2026-06-29T11:51:00.856+0000] {logging_mixin.py:188} INFO - [2026-06-29T11:51:00.856+0000] {dag.py:3096} INFO - Sync 3 DAGs
[2026-06-29T11:51:00.874+0000] {logging_mixin.py:188} INFO - [2026-06-29T11:51:00.874+0000] {dag.py:3954} INFO - Setting next_dagrun for example_branch_datetime_operator to 2026-06-28 00:00:00+00:00, run_after=2026-06-29 00:00:00+00:00
[2026-06-29T11:51:00.877+0000] {logging_mixin.py:188} INFO - [2026-06-29T11:51:00.877+0000] {dag.py:3954} INFO - Setting next_dagrun for example_branch_datetime_operator_2 to 2026-06-28 00:00:00+00:00, run_after=2026-06-29 00:00:00+00:00
[2026-06-29T11:51:00.879+0000] {logging_mixin.py:188} INFO - [2026-06-29T11:51:00.879+0000] {dag.py:3954} INFO - Setting next_dagrun for example_branch_datetime_operator_3 to 2026-06-28 00:00:00+00:00, run_after=2026-06-29 00:00:00+00:00
[2026-06-29T11:51:00.890+0000] {processor.py:183} INFO - Processing /home/airflow/.local/lib/python3.12/site-packages/airflow/example_dags/example_branch_datetime_operator.py took 0.073 seconds
[2026-06-29T11:51:31.147+0000] {processor.py:161} INFO - Started process (PID=304) to work on /home/airflow/.local/lib/python3.12/site-packages/airflow/example_dags/example_branch_datetime_operator.py
[2026-06-29T11:51:31.148+0000] {processor.py:830} INFO - Processing file /home/airflow/.local/lib/python3.12/site-packages/airflow/example_dags/example_branch_datetime_operator.py for tasks to queue
[2026-06-29T11:51:31.149+0000] {logging_mixin.py:188} INFO - [2026-06-29T11:51:31.149+0000] {dagbag.py:545} INFO - Filling up the DagBag from /home/airflow/.local/lib/python3.12/site-packages/airflow/example_dags/example_branch_datetime_operator.py
[2026-06-29T11:51:31.156+0000] {processor.py:840} INFO - DAG(s) 'example_branch_datetime_operator_2', 'example_branch_datetime_operator_3', 'example_branch_datetime_operator' retrieved from /home/airflow/.local/lib/python3.12/site-packages/airflow/example_dags/example_branch_datetime_operator.py
[2026-06-29T11:51:31.174+0000] {logging_mixin.py:188} INFO - [2026-06-29T11:51:31.174+0000] {dag.py:3096} INFO - Sync 3 DAGs
[2026-06-29T11:51:31.190+0000] {logging_mixin.py:188} INFO - [2026-06-29T11:51:31.189+0000] {dag.py:3954} INFO - Setting next_dagrun for example_branch_datetime_operator to 2026-06-28 00:00:00+00:00, run_after=2026-06-29 00:00:00+00:00
[2026-06-29T11:51:31.193+0000] {logging_mixin.py:188} INFO - [2026-06-29T11:51:31.193+0000] {dag.py:3954} INFO - Setting next_dagrun for example_branch_datetime_operator_2 to 2026-06-28 00:00:00+00:00, run_after=2026-06-29 00:00:00+00:00
[2026-06-29T11:51:31.195+0000] {logging_mixin.py:188} INFO - [2026-06-29T11:51:31.195+0000] {dag.py:3954} INFO - Setting next_dagrun for example_branch_datetime_operator_3 to 2026-06-28 00:00:00+00:00, run_after=2026-06-29 00:00:00+00:00
[2026-06-29T11:51:31.207+0000] {processor.py:183} INFO - Processing /home/airflow/.local/lib/python3.12/site-packages/airflow/example_dags/example_branch_datetime_operator.py took 0.065 seconds
[2026-06-29T11:52:07.693+0000] {processor.py:161} INFO - Started process (PID=78) to work on /home/airflow/.local/lib/python3.12/site-packages/airflow/example_dags/example_branch_datetime_operator.py
[2026-06-29T11:52:07.695+0000] {processor.py:830} INFO - Processing file /home/airflow/.local/lib/python3.12/site-packages/airflow/example_dags/example_branch_datetime_operator.py for tasks to queue
[2026-06-29T11:52:07.698+0000] {logging_mixin.py:188} INFO - [2026-06-29T11:52:07.698+0000] {dagbag.py:545} INFO - Filling up the DagBag from /home/airflow/.local/lib/python3.12/site-packages/airflow/example_dags/example_branch_datetime_operator.py
[2026-06-29T11:52:07.715+0000] {processor.py:840} INFO - DAG(s) 'example_branch_datetime_operator_3', 'example_branch_datetime_operator_2', 'example_branch_datetime_operator' retrieved from /home/airflow/.local/lib/python3.12/site-packages/airflow/example_dags/example_branch_datetime_operator.py
[2026-06-29T11:52:07.742+0000] {logging_mixin.py:188} INFO - [2026-06-29T11:52:07.742+0000] {dag.py:3096} INFO - Sync 3 DAGs
[2026-06-29T11:52:07.780+0000] {logging_mixin.py:188} INFO - [2026-06-29T11:52:07.780+0000] {dag.py:3954} INFO - Setting next_dagrun for example_branch_datetime_operator to 2026-06-28 00:00:00+00:00, run_after=2026-06-29 00:00:00+00:00
[2026-06-29T11:52:07.786+0000] {logging_mixin.py:188} INFO - [2026-06-29T11:52:07.786+0000] {dag.py:3954} INFO - Setting next_dagrun for example_branch_datetime_operator_2 to 2026-06-28 00:00:00+00:00, run_after=2026-06-29 00:00:00+00:00
[2026-06-29T11:52:07.792+0000] {logging_mixin.py:188} INFO - [2026-06-29T11:52:07.792+0000] {dag.py:3954} INFO - Setting next_dagrun for example_branch_datetime_operator_3 to 2026-06-28 00:00:00+00:00, run_after=2026-06-29 00:00:00+00:00
[2026-06-29T11:52:07.815+0000] {processor.py:183} INFO - Processing /home/airflow/.local/lib/python3.12/site-packages/airflow/example_dags/example_branch_datetime_operator.py took 0.135 seconds
[2026-06-29T11:52:38.423+0000] {processor.py:161} INFO - Started process (PID=136) to work on /home/airflow/.local/lib/python3.12/site-packages/airflow/example_dags/example_branch_datetime_operator.py
[2026-06-29T11:52:38.425+0000] {processor.py:830} INFO - Processing file /home/airflow/.local/lib/python3.12/site-packages/airflow/example_dags/example_branch_datetime_operator.py for tasks to queue
[2026-06-29T11:52:38.427+0000] {logging_mixin.py:188} INFO - [2026-06-29T11:52:38.426+0000] {dagbag.py:545} INFO - Filling up the DagBag from /home/airflow/.local/lib/python3.12/site-packages/airflow/example_dags/example_branch_datetime_operator.py
[2026-06-29T11:52:38.437+0000] {processor.py:840} INFO - DAG(s) 'example_branch_datetime_operator_3', 'example_branch_datetime_operator_2', 'example_branch_datetime_operator' retrieved from /home/airflow/.local/lib/python3.12/site-packages/airflow/example_dags/example_branch_datetime_operator.py
[2026-06-29T11:52:38.550+0000] {logging_mixin.py:188} INFO - [2026-06-29T11:52:38.550+0000] {dag.py:3096} INFO - Sync 3 DAGs
[2026-06-29T11:52:38.572+0000] {logging_mixin.py:188} INFO - [2026-06-29T11:52:38.571+0000] {dag.py:3954} INFO - Setting next_dagrun for example_branch_datetime_operator to 2026-06-28 00:00:00+00:00, run_after=2026-06-29 00:00:00+00:00
[2026-06-29T11:52:38.575+0000] {logging_mixin.py:188} INFO - [2026-06-29T11:52:38.575+0000] {dag.py:3954} INFO - Setting next_dagrun for example_branch_datetime_operator_2 to 2026-06-28 00:00:00+00:00, run_after=2026-06-29 00:00:00+00:00
[2026-06-29T11:52:38.577+0000] {logging_mixin.py:188} INFO - [2026-06-29T11:52:38.577+0000] {dag.py:3954} INFO - Setting next_dagrun for example_branch_datetime_operator_3 to 2026-06-28 00:00:00+00:00, run_after=2026-06-29 00:00:00+00:00
[2026-06-29T11:52:38.597+0000] {processor.py:183} INFO - Processing /home/airflow/.local/lib/python3.12/site-packages/airflow/example_dags/example_branch_datetime_operator.py took 0.179 seconds
[2026-06-29T11:53:09.198+0000] {processor.py:161} INFO - Started process (PID=194) to work on /home/airflow/.local/lib/python3.12/site-packages/airflow/example_dags/example_branch_datetime_operator.py
[2026-06-29T11:53:09.199+0000] {processor.py:830} INFO - Processing file /home/airflow/.local/lib/python3.12/site-packages/airflow/example_dags/example_branch_datetime_operator.py for tasks to queue
[2026-06-29T11:53:09.201+0000] {logging_mixin.py:188} INFO - [2026-06-29T11:53:09.200+0000] {dagbag.py:545} INFO - Filling up the DagBag from /home/airflow/.local/lib/python3.12/site-packages/airflow/example_dags/example_branch_datetime_operator.py
[2026-06-29T11:53:09.207+0000] {processor.py:840} INFO - DAG(s) 'example_branch_datetime_operator_2', 'example_branch_datetime_operator', 'example_branch_datetime_operator_3' retrieved from /home/airflow/.local/lib/python3.12/site-packages/airflow/example_dags/example_branch_datetime_operator.py
[2026-06-29T11:53:09.226+0000] {logging_mixin.py:188} INFO - [2026-06-29T11:53:09.225+0000] {dag.py:3096} INFO - Sync 3 DAGs
[2026-06-29T11:53:09.241+0000] {logging_mixin.py:188} INFO - [2026-06-29T11:53:09.241+0000] {dag.py:3954} INFO - Setting next_dagrun for example_branch_datetime_operator to 2026-06-28 00:00:00+00:00, run_after=2026-06-29 00:00:00+00:00
[2026-06-29T11:53:09.244+0000] {logging_mixin.py:188} INFO - [2026-06-29T11:53:09.244+0000] {dag.py:3954} INFO - Setting next_dagrun for example_branch_datetime_operator_2 to 2026-06-28 00:00:00+00:00, run_after=2026-06-29 00:00:00+00:00
[2026-06-29T11:53:09.246+0000] {logging_mixin.py:188} INFO - [2026-06-29T11:53:09.246+0000] {dag.py:3954} INFO - Setting next_dagrun for example_branch_datetime_operator_3 to 2026-06-28 00:00:00+00:00, run_after=2026-06-29 00:00:00+00:00
[2026-06-29T11:53:09.258+0000] {processor.py:183} INFO - Processing /home/airflow/.local/lib/python3.12/site-packages/airflow/example_dags/example_branch_datetime_operator.py took 0.064 seconds
[2026-06-29T11:53:39.506+0000] {processor.py:161} INFO - Started process (PID=252) to work on /home/airflow/.local/lib/python3.12/site-packages/airflow/example_dags/example_branch_datetime_operator.py
[2026-06-29T11:53:39.507+0000] {processor.py:830} INFO - Processing file /home/airflow/.local/lib/python3.12/site-packages/airflow/example_dags/example_branch_datetime_operator.py for tasks to queue
[2026-06-29T11:53:39.508+0000] {logging_mixin.py:188} INFO - [2026-06-29T11:53:39.508+0000] {dagbag.py:545} INFO - Filling up the DagBag from /home/airflow/.local/lib/python3.12/site-packages/airflow/example_dags/example_branch_datetime_operator.py
[2026-06-29T11:53:39.517+0000] {processor.py:840} INFO - DAG(s) 'example_branch_datetime_operator_2', 'example_branch_datetime_operator_3', 'example_branch_datetime_operator' retrieved from /home/airflow/.local/lib/python3.12/site-packages/airflow/example_dags/example_branch_datetime_operator.py
[2026-06-29T11:53:39.541+0000] {logging_mixin.py:188} INFO - [2026-06-29T11:53:39.541+0000] {dag.py:3096} INFO - Sync 3 DAGs
[2026-06-29T11:53:39.560+0000] {logging_mixin.py:188} INFO - [2026-06-29T11:53:39.560+0000] {dag.py:3954} INFO - Setting next_dagrun for example_branch_datetime_operator to 2026-06-28 00:00:00+00:00, run_after=2026-06-29 00:00:00+00:00
[2026-06-29T11:53:39.565+0000] {logging_mixin.py:188} INFO - [2026-06-29T11:53:39.564+0000] {dag.py:3954} INFO - Setting next_dagrun for example_branch_datetime_operator_2 to 2026-06-28 00:00:00+00:00, run_after=2026-06-29 00:00:00+00:00
[2026-06-29T11:53:39.567+0000] {logging_mixin.py:188} INFO - [2026-06-29T11:53:39.567+0000] {dag.py:3954} INFO - Setting next_dagrun for example_branch_datetime_operator_3 to 2026-06-28 00:00:00+00:00, run_after=2026-06-29 00:00:00+00:00
[2026-06-29T11:53:39.579+0000] {processor.py:183} INFO - Processing /home/airflow/.local/lib/python3.12/site-packages/airflow/example_dags/example_branch_datetime_operator.py took 0.079 seconds
[2026-06-29T11:54:09.738+0000] {processor.py:161} INFO - Started process (PID=310) to work on /home/airflow/.local/lib/python3.12/site-packages/airflow/example_dags/example_branch_datetime_operator.py
[2026-06-29T11:54:09.739+0000] {processor.py:830} INFO - Processing file /home/airflow/.local/lib/python3.12/site-packages/airflow/example_dags/example_branch_datetime_operator.py for tasks to queue
[2026-06-29T11:54:09.740+0000] {logging_mixin.py:188} INFO - [2026-06-29T11:54:09.740+0000] {dagbag.py:545} INFO - Filling up the DagBag from /home/airflow/.local/lib/python3.12/site-packages/airflow/example_dags/example_branch_datetime_operator.py
[2026-06-29T11:54:09.747+0000] {processor.py:840} INFO - DAG(s) 'example_branch_datetime_operator_2', 'example_branch_datetime_operator_3', 'example_branch_datetime_operator' retrieved from /home/airflow/.local/lib/python3.12/site-packages/airflow/example_dags/example_branch_datetime_operator.py
[2026-06-29T11:54:09.765+0000] {logging_mixin.py:188} INFO - [2026-06-29T11:54:09.765+0000] {dag.py:3096} INFO - Sync 3 DAGs
[2026-06-29T11:54:09.780+0000] {logging_mixin.py:188} INFO - [2026-06-29T11:54:09.780+0000] {dag.py:3954} INFO - Setting next_dagrun for example_branch_datetime_operator to 2026-06-28 00:00:00+00:00, run_after=2026-06-29 00:00:00+00:00
[2026-06-29T11:54:09.783+0000] {logging_mixin.py:188} INFO - [2026-06-29T11:54:09.783+0000] {dag.py:3954} INFO - Setting next_dagrun for example_branch_datetime_operator_2 to 2026-06-28 00:00:00+00:00, run_after=2026-06-29 00:00:00+00:00
[2026-06-29T11:54:09.784+0000] {logging_mixin.py:188} INFO - [2026-06-29T11:54:09.784+0000] {dag.py:3954} INFO - Setting next_dagrun for example_branch_datetime_operator_3 to 2026-06-28 00:00:00+00:00, run_after=2026-06-29 00:00:00+00:00
[2026-06-29T11:54:09.795+0000] {processor.py:183} INFO - Processing /home/airflow/.local/lib/python3.12/site-packages/airflow/example_dags/example_branch_datetime_operator.py took 0.061 seconds
