[2026-06-29T11:49:28.924+0000] {processor.py:161} INFO - Started process (PID=67) to work on /home/airflow/.local/lib/python3.12/site-packages/airflow/example_dags/example_latest_only.py
[2026-06-29T11:49:28.925+0000] {processor.py:830} INFO - Processing file /home/airflow/.local/lib/python3.12/site-packages/airflow/example_dags/example_latest_only.py for tasks to queue
[2026-06-29T11:49:28.927+0000] {logging_mixin.py:188} INFO - [2026-06-29T11:49:28.926+0000] {dagbag.py:545} INFO - Filling up the DagBag from /home/airflow/.local/lib/python3.12/site-packages/airflow/example_dags/example_latest_only.py
[2026-06-29T11:49:28.935+0000] {processor.py:840} INFO - DAG(s) 'latest_only' retrieved from /home/airflow/.local/lib/python3.12/site-packages/airflow/example_dags/example_latest_only.py
[2026-06-29T11:49:28.949+0000] {logging_mixin.py:188} INFO - [2026-06-29T11:49:28.949+0000] {dag.py:3096} INFO - Sync 1 DAGs
[2026-06-29T11:49:28.972+0000] {logging_mixin.py:188} INFO - [2026-06-29T11:49:28.972+0000] {dag.py:3954} INFO - Setting next_dagrun for latest_only to 2026-06-29 04:00:00+00:00, run_after=2026-06-29 08:00:00+00:00
[2026-06-29T11:49:28.995+0000] {processor.py:183} INFO - Processing /home/airflow/.local/lib/python3.12/site-packages/airflow/example_dags/example_latest_only.py took 0.077 seconds
[2026-06-29T11:49:59.303+0000] {processor.py:161} INFO - Started process (PID=125) to work on /home/airflow/.local/lib/python3.12/site-packages/airflow/example_dags/example_latest_only.py
[2026-06-29T11:49:59.303+0000] {processor.py:830} INFO - Processing file /home/airflow/.local/lib/python3.12/site-packages/airflow/example_dags/example_latest_only.py for tasks to queue
[2026-06-29T11:49:59.305+0000] {logging_mixin.py:188} INFO - [2026-06-29T11:49:59.305+0000] {dagbag.py:545} INFO - Filling up the DagBag from /home/airflow/.local/lib/python3.12/site-packages/airflow/example_dags/example_latest_only.py
[2026-06-29T11:49:59.309+0000] {processor.py:840} INFO - DAG(s) 'latest_only' retrieved from /home/airflow/.local/lib/python3.12/site-packages/airflow/example_dags/example_latest_only.py
[2026-06-29T11:49:59.381+0000] {logging_mixin.py:188} INFO - [2026-06-29T11:49:59.381+0000] {dag.py:3096} INFO - Sync 1 DAGs
[2026-06-29T11:49:59.396+0000] {logging_mixin.py:188} INFO - [2026-06-29T11:49:59.396+0000] {dag.py:3954} INFO - Setting next_dagrun for latest_only to 2026-06-29 04:00:00+00:00, run_after=2026-06-29 08:00:00+00:00
[2026-06-29T11:49:59.410+0000] {processor.py:183} INFO - Processing /home/airflow/.local/lib/python3.12/site-packages/airflow/example_dags/example_latest_only.py took 0.112 seconds
[2026-06-29T11:50:30.097+0000] {processor.py:161} INFO - Started process (PID=183) to work on /home/airflow/.local/lib/python3.12/site-packages/airflow/example_dags/example_latest_only.py
[2026-06-29T11:50:30.098+0000] {processor.py:830} INFO - Processing file /home/airflow/.local/lib/python3.12/site-packages/airflow/example_dags/example_latest_only.py for tasks to queue
[2026-06-29T11:50:30.100+0000] {logging_mixin.py:188} INFO - [2026-06-29T11:50:30.100+0000] {dagbag.py:545} INFO - Filling up the DagBag from /home/airflow/.local/lib/python3.12/site-packages/airflow/example_dags/example_latest_only.py
[2026-06-29T11:50:30.104+0000] {processor.py:840} INFO - DAG(s) 'latest_only' retrieved from /home/airflow/.local/lib/python3.12/site-packages/airflow/example_dags/example_latest_only.py
[2026-06-29T11:50:30.120+0000] {logging_mixin.py:188} INFO - [2026-06-29T11:50:30.120+0000] {dag.py:3096} INFO - Sync 1 DAGs
[2026-06-29T11:50:30.143+0000] {logging_mixin.py:188} INFO - [2026-06-29T11:50:30.142+0000] {dag.py:3954} INFO - Setting next_dagrun for latest_only to 2026-06-29 04:00:00+00:00, run_after=2026-06-29 08:00:00+00:00
[2026-06-29T11:50:30.168+0000] {processor.py:183} INFO - Processing /home/airflow/.local/lib/python3.12/site-packages/airflow/example_dags/example_latest_only.py took 0.076 seconds
[2026-06-29T11:51:00.602+0000] {processor.py:161} INFO - Started process (PID=241) to work on /home/airflow/.local/lib/python3.12/site-packages/airflow/example_dags/example_latest_only.py
[2026-06-29T11:51:00.603+0000] {processor.py:830} INFO - Processing file /home/airflow/.local/lib/python3.12/site-packages/airflow/example_dags/example_latest_only.py for tasks to queue
[2026-06-29T11:51:00.605+0000] {logging_mixin.py:188} INFO - [2026-06-29T11:51:00.604+0000] {dagbag.py:545} INFO - Filling up the DagBag from /home/airflow/.local/lib/python3.12/site-packages/airflow/example_dags/example_latest_only.py
[2026-06-29T11:51:00.608+0000] {processor.py:840} INFO - DAG(s) 'latest_only' retrieved from /home/airflow/.local/lib/python3.12/site-packages/airflow/example_dags/example_latest_only.py
[2026-06-29T11:51:00.623+0000] {logging_mixin.py:188} INFO - [2026-06-29T11:51:00.623+0000] {dag.py:3096} INFO - Sync 1 DAGs
[2026-06-29T11:51:00.638+0000] {logging_mixin.py:188} INFO - [2026-06-29T11:51:00.638+0000] {dag.py:3954} INFO - Setting next_dagrun for latest_only to 2026-06-29 04:00:00+00:00, run_after=2026-06-29 08:00:00+00:00
[2026-06-29T11:51:00.651+0000] {processor.py:183} INFO - Processing /home/airflow/.local/lib/python3.12/site-packages/airflow/example_dags/example_latest_only.py took 0.054 seconds
[2026-06-29T11:51:30.959+0000] {processor.py:161} INFO - Started process (PID=299) to work on /home/airflow/.local/lib/python3.12/site-packages/airflow/example_dags/example_latest_only.py
[2026-06-29T11:51:30.960+0000] {processor.py:830} INFO - Processing file /home/airflow/.local/lib/python3.12/site-packages/airflow/example_dags/example_latest_only.py for tasks to queue
[2026-06-29T11:51:30.962+0000] {logging_mixin.py:188} INFO - [2026-06-29T11:51:30.962+0000] {dagbag.py:545} INFO - Filling up the DagBag from /home/airflow/.local/lib/python3.12/site-packages/airflow/example_dags/example_latest_only.py
[2026-06-29T11:51:30.967+0000] {processor.py:840} INFO - DAG(s) 'latest_only' retrieved from /home/airflow/.local/lib/python3.12/site-packages/airflow/example_dags/example_latest_only.py
[2026-06-29T11:51:30.981+0000] {logging_mixin.py:188} INFO - [2026-06-29T11:51:30.981+0000] {dag.py:3096} INFO - Sync 1 DAGs
[2026-06-29T11:51:30.996+0000] {logging_mixin.py:188} INFO - [2026-06-29T11:51:30.995+0000] {dag.py:3954} INFO - Setting next_dagrun for latest_only to 2026-06-29 04:00:00+00:00, run_after=2026-06-29 08:00:00+00:00
[2026-06-29T11:51:31.009+0000] {processor.py:183} INFO - Processing /home/airflow/.local/lib/python3.12/site-packages/airflow/example_dags/example_latest_only.py took 0.055 seconds
[2026-06-29T11:52:07.090+0000] {processor.py:161} INFO - Started process (PID=67) to work on /home/airflow/.local/lib/python3.12/site-packages/airflow/example_dags/example_latest_only.py
[2026-06-29T11:52:07.092+0000] {processor.py:830} INFO - Processing file /home/airflow/.local/lib/python3.12/site-packages/airflow/example_dags/example_latest_only.py for tasks to queue
[2026-06-29T11:52:07.094+0000] {logging_mixin.py:188} INFO - [2026-06-29T11:52:07.094+0000] {dagbag.py:545} INFO - Filling up the DagBag from /home/airflow/.local/lib/python3.12/site-packages/airflow/example_dags/example_latest_only.py
[2026-06-29T11:52:07.101+0000] {processor.py:840} INFO - DAG(s) 'latest_only' retrieved from /home/airflow/.local/lib/python3.12/site-packages/airflow/example_dags/example_latest_only.py
[2026-06-29T11:52:07.116+0000] {logging_mixin.py:188} INFO - [2026-06-29T11:52:07.116+0000] {dag.py:3096} INFO - Sync 1 DAGs
[2026-06-29T11:52:07.144+0000] {logging_mixin.py:188} INFO - [2026-06-29T11:52:07.144+0000] {dag.py:3954} INFO - Setting next_dagrun for latest_only to 2026-06-29 04:00:00+00:00, run_after=2026-06-29 08:00:00+00:00
[2026-06-29T11:52:07.275+0000] {processor.py:183} INFO - Processing /home/airflow/.local/lib/python3.12/site-packages/airflow/example_dags/example_latest_only.py took 0.192 seconds
[2026-06-29T11:52:37.918+0000] {processor.py:161} INFO - Started process (PID=131) to work on /home/airflow/.local/lib/python3.12/site-packages/airflow/example_dags/example_latest_only.py
[2026-06-29T11:52:37.919+0000] {processor.py:830} INFO - Processing file /home/airflow/.local/lib/python3.12/site-packages/airflow/example_dags/example_latest_only.py for tasks to queue
[2026-06-29T11:52:37.922+0000] {logging_mixin.py:188} INFO - [2026-06-29T11:52:37.921+0000] {dagbag.py:545} INFO - Filling up the DagBag from /home/airflow/.local/lib/python3.12/site-packages/airflow/example_dags/example_latest_only.py
[2026-06-29T11:52:37.928+0000] {processor.py:840} INFO - DAG(s) 'latest_only' retrieved from /home/airflow/.local/lib/python3.12/site-packages/airflow/example_dags/example_latest_only.py
[2026-06-29T11:52:38.020+0000] {logging_mixin.py:188} INFO - [2026-06-29T11:52:38.020+0000] {dag.py:3096} INFO - Sync 1 DAGs
[2026-06-29T11:52:38.036+0000] {logging_mixin.py:188} INFO - [2026-06-29T11:52:38.036+0000] {dag.py:3954} INFO - Setting next_dagrun for latest_only to 2026-06-29 04:00:00+00:00, run_after=2026-06-29 08:00:00+00:00
[2026-06-29T11:52:38.052+0000] {processor.py:183} INFO - Processing /home/airflow/.local/lib/python3.12/site-packages/airflow/example_dags/example_latest_only.py took 0.139 seconds
[2026-06-29T11:53:08.968+0000] {processor.py:161} INFO - Started process (PID=189) to work on /home/airflow/.local/lib/python3.12/site-packages/airflow/example_dags/example_latest_only.py
[2026-06-29T11:53:08.969+0000] {processor.py:830} INFO - Processing file /home/airflow/.local/lib/python3.12/site-packages/airflow/example_dags/example_latest_only.py for tasks to queue
[2026-06-29T11:53:08.970+0000] {logging_mixin.py:188} INFO - [2026-06-29T11:53:08.970+0000] {dagbag.py:545} INFO - Filling up the DagBag from /home/airflow/.local/lib/python3.12/site-packages/airflow/example_dags/example_latest_only.py
[2026-06-29T11:53:08.974+0000] {processor.py:840} INFO - DAG(s) 'latest_only' retrieved from /home/airflow/.local/lib/python3.12/site-packages/airflow/example_dags/example_latest_only.py
[2026-06-29T11:53:08.988+0000] {logging_mixin.py:188} INFO - [2026-06-29T11:53:08.988+0000] {dag.py:3096} INFO - Sync 1 DAGs
[2026-06-29T11:53:09.002+0000] {logging_mixin.py:188} INFO - [2026-06-29T11:53:09.002+0000] {dag.py:3954} INFO - Setting next_dagrun for latest_only to 2026-06-29 04:00:00+00:00, run_after=2026-06-29 08:00:00+00:00
[2026-06-29T11:53:09.015+0000] {processor.py:183} INFO - Processing /home/airflow/.local/lib/python3.12/site-packages/airflow/example_dags/example_latest_only.py took 0.051 seconds
[2026-06-29T11:53:39.214+0000] {processor.py:161} INFO - Started process (PID=247) to work on /home/airflow/.local/lib/python3.12/site-packages/airflow/example_dags/example_latest_only.py
[2026-06-29T11:53:39.215+0000] {processor.py:830} INFO - Processing file /home/airflow/.local/lib/python3.12/site-packages/airflow/example_dags/example_latest_only.py for tasks to queue
[2026-06-29T11:53:39.218+0000] {logging_mixin.py:188} INFO - [2026-06-29T11:53:39.218+0000] {dagbag.py:545} INFO - Filling up the DagBag from /home/airflow/.local/lib/python3.12/site-packages/airflow/example_dags/example_latest_only.py
[2026-06-29T11:53:39.224+0000] {processor.py:840} INFO - DAG(s) 'latest_only' retrieved from /home/airflow/.local/lib/python3.12/site-packages/airflow/example_dags/example_latest_only.py
[2026-06-29T11:53:39.240+0000] {logging_mixin.py:188} INFO - [2026-06-29T11:53:39.240+0000] {dag.py:3096} INFO - Sync 1 DAGs
[2026-06-29T11:53:39.257+0000] {logging_mixin.py:188} INFO - [2026-06-29T11:53:39.256+0000] {dag.py:3954} INFO - Setting next_dagrun for latest_only to 2026-06-29 04:00:00+00:00, run_after=2026-06-29 08:00:00+00:00
[2026-06-29T11:53:39.270+0000] {processor.py:183} INFO - Processing /home/airflow/.local/lib/python3.12/site-packages/airflow/example_dags/example_latest_only.py took 0.062 seconds
[2026-06-29T11:54:09.338+0000] {processor.py:161} INFO - Started process (PID=305) to work on /home/airflow/.local/lib/python3.12/site-packages/airflow/example_dags/example_latest_only.py
[2026-06-29T11:54:09.339+0000] {processor.py:830} INFO - Processing file /home/airflow/.local/lib/python3.12/site-packages/airflow/example_dags/example_latest_only.py for tasks to queue
[2026-06-29T11:54:09.341+0000] {logging_mixin.py:188} INFO - [2026-06-29T11:54:09.340+0000] {dagbag.py:545} INFO - Filling up the DagBag from /home/airflow/.local/lib/python3.12/site-packages/airflow/example_dags/example_latest_only.py
[2026-06-29T11:54:09.345+0000] {processor.py:840} INFO - DAG(s) 'latest_only' retrieved from /home/airflow/.local/lib/python3.12/site-packages/airflow/example_dags/example_latest_only.py
[2026-06-29T11:54:09.362+0000] {logging_mixin.py:188} INFO - [2026-06-29T11:54:09.362+0000] {dag.py:3096} INFO - Sync 1 DAGs
[2026-06-29T11:54:09.399+0000] {logging_mixin.py:188} INFO - [2026-06-29T11:54:09.399+0000] {dag.py:3954} INFO - Setting next_dagrun for latest_only to 2026-06-29 04:00:00+00:00, run_after=2026-06-29 08:00:00+00:00
[2026-06-29T11:54:09.427+0000] {processor.py:183} INFO - Processing /home/airflow/.local/lib/python3.12/site-packages/airflow/example_dags/example_latest_only.py took 0.093 seconds
