[2026-06-29T11:49:30.068+0000] {processor.py:161} INFO - Started process (PID=81) to work on /home/airflow/.local/lib/python3.12/site-packages/airflow/example_dags/example_setup_teardown.py
[2026-06-29T11:49:30.069+0000] {processor.py:830} INFO - Processing file /home/airflow/.local/lib/python3.12/site-packages/airflow/example_dags/example_setup_teardown.py for tasks to queue
[2026-06-29T11:49:30.071+0000] {logging_mixin.py:188} INFO - [2026-06-29T11:49:30.070+0000] {dagbag.py:545} INFO - Filling up the DagBag from /home/airflow/.local/lib/python3.12/site-packages/airflow/example_dags/example_setup_teardown.py
[2026-06-29T11:49:30.076+0000] {processor.py:840} INFO - DAG(s) 'example_setup_teardown' retrieved from /home/airflow/.local/lib/python3.12/site-packages/airflow/example_dags/example_setup_teardown.py
[2026-06-29T11:49:30.088+0000] {logging_mixin.py:188} INFO - [2026-06-29T11:49:30.088+0000] {dag.py:3096} INFO - Sync 1 DAGs
[2026-06-29T11:49:30.107+0000] {logging_mixin.py:188} INFO - [2026-06-29T11:49:30.106+0000] {dag.py:3954} INFO - Setting next_dagrun for example_setup_teardown to 2026-06-28 00:00:00+00:00, run_after=2026-06-29 00:00:00+00:00
[2026-06-29T11:49:30.122+0000] {processor.py:183} INFO - Processing /home/airflow/.local/lib/python3.12/site-packages/airflow/example_dags/example_setup_teardown.py took 0.058 seconds
[2026-06-29T11:50:00.507+0000] {processor.py:161} INFO - Started process (PID=139) to work on /home/airflow/.local/lib/python3.12/site-packages/airflow/example_dags/example_setup_teardown.py
[2026-06-29T11:50:00.508+0000] {processor.py:830} INFO - Processing file /home/airflow/.local/lib/python3.12/site-packages/airflow/example_dags/example_setup_teardown.py for tasks to queue
[2026-06-29T11:50:00.509+0000] {logging_mixin.py:188} INFO - [2026-06-29T11:50:00.509+0000] {dagbag.py:545} INFO - Filling up the DagBag from /home/airflow/.local/lib/python3.12/site-packages/airflow/example_dags/example_setup_teardown.py
[2026-06-29T11:50:00.514+0000] {processor.py:840} INFO - DAG(s) 'example_setup_teardown' retrieved from /home/airflow/.local/lib/python3.12/site-packages/airflow/example_dags/example_setup_teardown.py
[2026-06-29T11:50:00.577+0000] {logging_mixin.py:188} INFO - [2026-06-29T11:50:00.577+0000] {dag.py:3096} INFO - Sync 1 DAGs
[2026-06-29T11:50:00.591+0000] {logging_mixin.py:188} INFO - [2026-06-29T11:50:00.591+0000] {dag.py:3954} INFO - Setting next_dagrun for example_setup_teardown to 2026-06-28 00:00:00+00:00, run_after=2026-06-29 00:00:00+00:00
[2026-06-29T11:50:00.603+0000] {processor.py:183} INFO - Processing /home/airflow/.local/lib/python3.12/site-packages/airflow/example_dags/example_setup_teardown.py took 0.100 seconds
[2026-06-29T11:50:30.810+0000] {processor.py:161} INFO - Started process (PID=197) to work on /home/airflow/.local/lib/python3.12/site-packages/airflow/example_dags/example_setup_teardown.py
[2026-06-29T11:50:30.811+0000] {processor.py:830} INFO - Processing file /home/airflow/.local/lib/python3.12/site-packages/airflow/example_dags/example_setup_teardown.py for tasks to queue
[2026-06-29T11:50:30.812+0000] {logging_mixin.py:188} INFO - [2026-06-29T11:50:30.812+0000] {dagbag.py:545} INFO - Filling up the DagBag from /home/airflow/.local/lib/python3.12/site-packages/airflow/example_dags/example_setup_teardown.py
[2026-06-29T11:50:30.818+0000] {processor.py:840} INFO - DAG(s) 'example_setup_teardown' retrieved from /home/airflow/.local/lib/python3.12/site-packages/airflow/example_dags/example_setup_teardown.py
[2026-06-29T11:50:30.832+0000] {logging_mixin.py:188} INFO - [2026-06-29T11:50:30.832+0000] {dag.py:3096} INFO - Sync 1 DAGs
[2026-06-29T11:50:30.847+0000] {logging_mixin.py:188} INFO - [2026-06-29T11:50:30.846+0000] {dag.py:3954} INFO - Setting next_dagrun for example_setup_teardown to 2026-06-28 00:00:00+00:00, run_after=2026-06-29 00:00:00+00:00
[2026-06-29T11:50:30.860+0000] {processor.py:183} INFO - Processing /home/airflow/.local/lib/python3.12/site-packages/airflow/example_dags/example_setup_teardown.py took 0.054 seconds
[2026-06-29T11:51:01.232+0000] {processor.py:161} INFO - Started process (PID=255) to work on /home/airflow/.local/lib/python3.12/site-packages/airflow/example_dags/example_setup_teardown.py
[2026-06-29T11:51:01.233+0000] {processor.py:830} INFO - Processing file /home/airflow/.local/lib/python3.12/site-packages/airflow/example_dags/example_setup_teardown.py for tasks to queue
[2026-06-29T11:51:01.235+0000] {logging_mixin.py:188} INFO - [2026-06-29T11:51:01.234+0000] {dagbag.py:545} INFO - Filling up the DagBag from /home/airflow/.local/lib/python3.12/site-packages/airflow/example_dags/example_setup_teardown.py
[2026-06-29T11:51:01.240+0000] {processor.py:840} INFO - DAG(s) 'example_setup_teardown' retrieved from /home/airflow/.local/lib/python3.12/site-packages/airflow/example_dags/example_setup_teardown.py
[2026-06-29T11:51:01.253+0000] {logging_mixin.py:188} INFO - [2026-06-29T11:51:01.253+0000] {dag.py:3096} INFO - Sync 1 DAGs
[2026-06-29T11:51:01.269+0000] {logging_mixin.py:188} INFO - [2026-06-29T11:51:01.268+0000] {dag.py:3954} INFO - Setting next_dagrun for example_setup_teardown to 2026-06-28 00:00:00+00:00, run_after=2026-06-29 00:00:00+00:00
[2026-06-29T11:51:01.280+0000] {processor.py:183} INFO - Processing /home/airflow/.local/lib/python3.12/site-packages/airflow/example_dags/example_setup_teardown.py took 0.052 seconds
[2026-06-29T11:51:31.621+0000] {processor.py:161} INFO - Started process (PID=313) to work on /home/airflow/.local/lib/python3.12/site-packages/airflow/example_dags/example_setup_teardown.py
[2026-06-29T11:51:31.622+0000] {processor.py:830} INFO - Processing file /home/airflow/.local/lib/python3.12/site-packages/airflow/example_dags/example_setup_teardown.py for tasks to queue
[2026-06-29T11:51:31.624+0000] {logging_mixin.py:188} INFO - [2026-06-29T11:51:31.624+0000] {dagbag.py:545} INFO - Filling up the DagBag from /home/airflow/.local/lib/python3.12/site-packages/airflow/example_dags/example_setup_teardown.py
[2026-06-29T11:51:31.628+0000] {processor.py:840} INFO - DAG(s) 'example_setup_teardown' retrieved from /home/airflow/.local/lib/python3.12/site-packages/airflow/example_dags/example_setup_teardown.py
[2026-06-29T11:51:31.644+0000] {logging_mixin.py:188} INFO - [2026-06-29T11:51:31.644+0000] {dag.py:3096} INFO - Sync 1 DAGs
[2026-06-29T11:51:31.660+0000] {logging_mixin.py:188} INFO - [2026-06-29T11:51:31.660+0000] {dag.py:3954} INFO - Setting next_dagrun for example_setup_teardown to 2026-06-28 00:00:00+00:00, run_after=2026-06-29 00:00:00+00:00
[2026-06-29T11:51:31.676+0000] {processor.py:183} INFO - Processing /home/airflow/.local/lib/python3.12/site-packages/airflow/example_dags/example_setup_teardown.py took 0.059 seconds
[2026-06-29T11:52:08.276+0000] {processor.py:161} INFO - Started process (PID=87) to work on /home/airflow/.local/lib/python3.12/site-packages/airflow/example_dags/example_setup_teardown.py
[2026-06-29T11:52:08.278+0000] {processor.py:830} INFO - Processing file /home/airflow/.local/lib/python3.12/site-packages/airflow/example_dags/example_setup_teardown.py for tasks to queue
[2026-06-29T11:52:08.281+0000] {logging_mixin.py:188} INFO - [2026-06-29T11:52:08.280+0000] {dagbag.py:545} INFO - Filling up the DagBag from /home/airflow/.local/lib/python3.12/site-packages/airflow/example_dags/example_setup_teardown.py
[2026-06-29T11:52:08.290+0000] {processor.py:840} INFO - DAG(s) 'example_setup_teardown' retrieved from /home/airflow/.local/lib/python3.12/site-packages/airflow/example_dags/example_setup_teardown.py
[2026-06-29T11:52:08.306+0000] {logging_mixin.py:188} INFO - [2026-06-29T11:52:08.305+0000] {dag.py:3096} INFO - Sync 1 DAGs
[2026-06-29T11:52:08.337+0000] {logging_mixin.py:188} INFO - [2026-06-29T11:52:08.337+0000] {dag.py:3954} INFO - Setting next_dagrun for example_setup_teardown to 2026-06-28 00:00:00+00:00, run_after=2026-06-29 00:00:00+00:00
[2026-06-29T11:52:08.367+0000] {processor.py:183} INFO - Processing /home/airflow/.local/lib/python3.12/site-packages/airflow/example_dags/example_setup_teardown.py took 0.098 seconds
[2026-06-29T11:52:39.158+0000] {processor.py:161} INFO - Started process (PID=145) to work on /home/airflow/.local/lib/python3.12/site-packages/airflow/example_dags/example_setup_teardown.py
[2026-06-29T11:52:39.159+0000] {processor.py:830} INFO - Processing file /home/airflow/.local/lib/python3.12/site-packages/airflow/example_dags/example_setup_teardown.py for tasks to queue
[2026-06-29T11:52:39.161+0000] {logging_mixin.py:188} INFO - [2026-06-29T11:52:39.161+0000] {dagbag.py:545} INFO - Filling up the DagBag from /home/airflow/.local/lib/python3.12/site-packages/airflow/example_dags/example_setup_teardown.py
[2026-06-29T11:52:39.168+0000] {processor.py:840} INFO - DAG(s) 'example_setup_teardown' retrieved from /home/airflow/.local/lib/python3.12/site-packages/airflow/example_dags/example_setup_teardown.py
[2026-06-29T11:52:39.264+0000] {logging_mixin.py:188} INFO - [2026-06-29T11:52:39.263+0000] {dag.py:3096} INFO - Sync 1 DAGs
[2026-06-29T11:52:39.283+0000] {logging_mixin.py:188} INFO - [2026-06-29T11:52:39.283+0000] {dag.py:3954} INFO - Setting next_dagrun for example_setup_teardown to 2026-06-28 00:00:00+00:00, run_after=2026-06-29 00:00:00+00:00
[2026-06-29T11:52:39.299+0000] {processor.py:183} INFO - Processing /home/airflow/.local/lib/python3.12/site-packages/airflow/example_dags/example_setup_teardown.py took 0.147 seconds
[2026-06-29T11:53:09.569+0000] {processor.py:161} INFO - Started process (PID=203) to work on /home/airflow/.local/lib/python3.12/site-packages/airflow/example_dags/example_setup_teardown.py
[2026-06-29T11:53:09.570+0000] {processor.py:830} INFO - Processing file /home/airflow/.local/lib/python3.12/site-packages/airflow/example_dags/example_setup_teardown.py for tasks to queue
[2026-06-29T11:53:09.572+0000] {logging_mixin.py:188} INFO - [2026-06-29T11:53:09.572+0000] {dagbag.py:545} INFO - Filling up the DagBag from /home/airflow/.local/lib/python3.12/site-packages/airflow/example_dags/example_setup_teardown.py
[2026-06-29T11:53:09.578+0000] {processor.py:840} INFO - DAG(s) 'example_setup_teardown' retrieved from /home/airflow/.local/lib/python3.12/site-packages/airflow/example_dags/example_setup_teardown.py
[2026-06-29T11:53:09.597+0000] {logging_mixin.py:188} INFO - [2026-06-29T11:53:09.597+0000] {dag.py:3096} INFO - Sync 1 DAGs
[2026-06-29T11:53:09.613+0000] {logging_mixin.py:188} INFO - [2026-06-29T11:53:09.613+0000] {dag.py:3954} INFO - Setting next_dagrun for example_setup_teardown to 2026-06-28 00:00:00+00:00, run_after=2026-06-29 00:00:00+00:00
[2026-06-29T11:53:09.627+0000] {processor.py:183} INFO - Processing /home/airflow/.local/lib/python3.12/site-packages/airflow/example_dags/example_setup_teardown.py took 0.063 seconds
[2026-06-29T11:53:40.221+0000] {processor.py:161} INFO - Started process (PID=261) to work on /home/airflow/.local/lib/python3.12/site-packages/airflow/example_dags/example_setup_teardown.py
[2026-06-29T11:53:40.223+0000] {processor.py:830} INFO - Processing file /home/airflow/.local/lib/python3.12/site-packages/airflow/example_dags/example_setup_teardown.py for tasks to queue
[2026-06-29T11:53:40.230+0000] {logging_mixin.py:188} INFO - [2026-06-29T11:53:40.226+0000] {dagbag.py:545} INFO - Filling up the DagBag from /home/airflow/.local/lib/python3.12/site-packages/airflow/example_dags/example_setup_teardown.py
[2026-06-29T11:53:40.241+0000] {processor.py:840} INFO - DAG(s) 'example_setup_teardown' retrieved from /home/airflow/.local/lib/python3.12/site-packages/airflow/example_dags/example_setup_teardown.py
[2026-06-29T11:53:40.272+0000] {logging_mixin.py:188} INFO - [2026-06-29T11:53:40.271+0000] {dag.py:3096} INFO - Sync 1 DAGs
[2026-06-29T11:53:40.301+0000] {logging_mixin.py:188} INFO - [2026-06-29T11:53:40.301+0000] {dag.py:3954} INFO - Setting next_dagrun for example_setup_teardown to 2026-06-28 00:00:00+00:00, run_after=2026-06-29 00:00:00+00:00
[2026-06-29T11:53:40.324+0000] {processor.py:183} INFO - Processing /home/airflow/.local/lib/python3.12/site-packages/airflow/example_dags/example_setup_teardown.py took 0.110 seconds
