[2026-06-29T11:49:29.682+0000] {processor.py:161} INFO - Started process (PID=75) to work on /home/airflow/.local/lib/python3.12/site-packages/airflow/example_dags/example_xcomargs.py
[2026-06-29T11:49:29.684+0000] {processor.py:830} INFO - Processing file /home/airflow/.local/lib/python3.12/site-packages/airflow/example_dags/example_xcomargs.py for tasks to queue
[2026-06-29T11:49:29.687+0000] {logging_mixin.py:188} INFO - [2026-06-29T11:49:29.686+0000] {dagbag.py:545} INFO - Filling up the DagBag from /home/airflow/.local/lib/python3.12/site-packages/airflow/example_dags/example_xcomargs.py
[2026-06-29T11:49:29.697+0000] {processor.py:840} INFO - DAG(s) 'example_xcom_args_with_operators', 'example_xcom_args' retrieved from /home/airflow/.local/lib/python3.12/site-packages/airflow/example_dags/example_xcomargs.py
[2026-06-29T11:49:29.712+0000] {logging_mixin.py:188} INFO - [2026-06-29T11:49:29.711+0000] {dag.py:3096} INFO - Sync 2 DAGs
[2026-06-29T11:49:29.726+0000] {logging_mixin.py:188} INFO - [2026-06-29T11:49:29.726+0000] {dag.py:3954} INFO - Setting next_dagrun for example_xcom_args to None, run_after=None
[2026-06-29T11:49:29.730+0000] {logging_mixin.py:188} INFO - [2026-06-29T11:49:29.729+0000] {dag.py:3954} INFO - Setting next_dagrun for example_xcom_args_with_operators to None, run_after=None
[2026-06-29T11:49:29.746+0000] {processor.py:183} INFO - Processing /home/airflow/.local/lib/python3.12/site-packages/airflow/example_dags/example_xcomargs.py took 0.077 seconds
[2026-06-29T11:49:59.978+0000] {processor.py:161} INFO - Started process (PID=133) to work on /home/airflow/.local/lib/python3.12/site-packages/airflow/example_dags/example_xcomargs.py
[2026-06-29T11:49:59.979+0000] {processor.py:830} INFO - Processing file /home/airflow/.local/lib/python3.12/site-packages/airflow/example_dags/example_xcomargs.py for tasks to queue
[2026-06-29T11:49:59.980+0000] {logging_mixin.py:188} INFO - [2026-06-29T11:49:59.980+0000] {dagbag.py:545} INFO - Filling up the DagBag from /home/airflow/.local/lib/python3.12/site-packages/airflow/example_dags/example_xcomargs.py
[2026-06-29T11:49:59.986+0000] {processor.py:840} INFO - DAG(s) 'example_xcom_args_with_operators', 'example_xcom_args' retrieved from /home/airflow/.local/lib/python3.12/site-packages/airflow/example_dags/example_xcomargs.py
[2026-06-29T11:50:00.056+0000] {logging_mixin.py:188} INFO - [2026-06-29T11:50:00.056+0000] {dag.py:3096} INFO - Sync 2 DAGs
[2026-06-29T11:50:00.063+0000] {logging_mixin.py:188} INFO - [2026-06-29T11:50:00.063+0000] {dag.py:3954} INFO - Setting next_dagrun for example_xcom_args to None, run_after=None
[2026-06-29T11:50:00.065+0000] {logging_mixin.py:188} INFO - [2026-06-29T11:50:00.065+0000] {dag.py:3954} INFO - Setting next_dagrun for example_xcom_args_with_operators to None, run_after=None
[2026-06-29T11:50:00.078+0000] {processor.py:183} INFO - Processing /home/airflow/.local/lib/python3.12/site-packages/airflow/example_dags/example_xcomargs.py took 0.104 seconds
[2026-06-29T11:50:30.480+0000] {processor.py:161} INFO - Started process (PID=191) to work on /home/airflow/.local/lib/python3.12/site-packages/airflow/example_dags/example_xcomargs.py
[2026-06-29T11:50:30.481+0000] {processor.py:830} INFO - Processing file /home/airflow/.local/lib/python3.12/site-packages/airflow/example_dags/example_xcomargs.py for tasks to queue
[2026-06-29T11:50:30.483+0000] {logging_mixin.py:188} INFO - [2026-06-29T11:50:30.482+0000] {dagbag.py:545} INFO - Filling up the DagBag from /home/airflow/.local/lib/python3.12/site-packages/airflow/example_dags/example_xcomargs.py
[2026-06-29T11:50:30.489+0000] {processor.py:840} INFO - DAG(s) 'example_xcom_args_with_operators', 'example_xcom_args' retrieved from /home/airflow/.local/lib/python3.12/site-packages/airflow/example_dags/example_xcomargs.py
[2026-06-29T11:50:30.507+0000] {logging_mixin.py:188} INFO - [2026-06-29T11:50:30.506+0000] {dag.py:3096} INFO - Sync 2 DAGs
[2026-06-29T11:50:30.516+0000] {logging_mixin.py:188} INFO - [2026-06-29T11:50:30.516+0000] {dag.py:3954} INFO - Setting next_dagrun for example_xcom_args to None, run_after=None
[2026-06-29T11:50:30.519+0000] {logging_mixin.py:188} INFO - [2026-06-29T11:50:30.519+0000] {dag.py:3954} INFO - Setting next_dagrun for example_xcom_args_with_operators to None, run_after=None
[2026-06-29T11:50:30.532+0000] {processor.py:183} INFO - Processing /home/airflow/.local/lib/python3.12/site-packages/airflow/example_dags/example_xcomargs.py took 0.056 seconds
[2026-06-29T11:51:00.991+0000] {processor.py:161} INFO - Started process (PID=249) to work on /home/airflow/.local/lib/python3.12/site-packages/airflow/example_dags/example_xcomargs.py
[2026-06-29T11:51:00.992+0000] {processor.py:830} INFO - Processing file /home/airflow/.local/lib/python3.12/site-packages/airflow/example_dags/example_xcomargs.py for tasks to queue
[2026-06-29T11:51:00.993+0000] {logging_mixin.py:188} INFO - [2026-06-29T11:51:00.993+0000] {dagbag.py:545} INFO - Filling up the DagBag from /home/airflow/.local/lib/python3.12/site-packages/airflow/example_dags/example_xcomargs.py
[2026-06-29T11:51:00.999+0000] {processor.py:840} INFO - DAG(s) 'example_xcom_args', 'example_xcom_args_with_operators' retrieved from /home/airflow/.local/lib/python3.12/site-packages/airflow/example_dags/example_xcomargs.py
[2026-06-29T11:51:01.014+0000] {logging_mixin.py:188} INFO - [2026-06-29T11:51:01.014+0000] {dag.py:3096} INFO - Sync 2 DAGs
[2026-06-29T11:51:01.023+0000] {logging_mixin.py:188} INFO - [2026-06-29T11:51:01.023+0000] {dag.py:3954} INFO - Setting next_dagrun for example_xcom_args to None, run_after=None
[2026-06-29T11:51:01.026+0000] {logging_mixin.py:188} INFO - [2026-06-29T11:51:01.025+0000] {dag.py:3954} INFO - Setting next_dagrun for example_xcom_args_with_operators to None, run_after=None
[2026-06-29T11:51:01.037+0000] {processor.py:183} INFO - Processing /home/airflow/.local/lib/python3.12/site-packages/airflow/example_dags/example_xcomargs.py took 0.050 seconds
[2026-06-29T11:51:31.300+0000] {processor.py:161} INFO - Started process (PID=307) to work on /home/airflow/.local/lib/python3.12/site-packages/airflow/example_dags/example_xcomargs.py
[2026-06-29T11:51:31.301+0000] {processor.py:830} INFO - Processing file /home/airflow/.local/lib/python3.12/site-packages/airflow/example_dags/example_xcomargs.py for tasks to queue
[2026-06-29T11:51:31.303+0000] {logging_mixin.py:188} INFO - [2026-06-29T11:51:31.302+0000] {dagbag.py:545} INFO - Filling up the DagBag from /home/airflow/.local/lib/python3.12/site-packages/airflow/example_dags/example_xcomargs.py
[2026-06-29T11:51:31.308+0000] {processor.py:840} INFO - DAG(s) 'example_xcom_args', 'example_xcom_args_with_operators' retrieved from /home/airflow/.local/lib/python3.12/site-packages/airflow/example_dags/example_xcomargs.py
[2026-06-29T11:51:31.323+0000] {logging_mixin.py:188} INFO - [2026-06-29T11:51:31.323+0000] {dag.py:3096} INFO - Sync 2 DAGs
[2026-06-29T11:51:31.331+0000] {logging_mixin.py:188} INFO - [2026-06-29T11:51:31.331+0000] {dag.py:3954} INFO - Setting next_dagrun for example_xcom_args to None, run_after=None
[2026-06-29T11:51:31.333+0000] {logging_mixin.py:188} INFO - [2026-06-29T11:51:31.333+0000] {dag.py:3954} INFO - Setting next_dagrun for example_xcom_args_with_operators to None, run_after=None
[2026-06-29T11:51:31.344+0000] {processor.py:183} INFO - Processing /home/airflow/.local/lib/python3.12/site-packages/airflow/example_dags/example_xcomargs.py took 0.048 seconds
[2026-06-29T11:52:07.958+0000] {processor.py:161} INFO - Started process (PID=81) to work on /home/airflow/.local/lib/python3.12/site-packages/airflow/example_dags/example_xcomargs.py
[2026-06-29T11:52:07.959+0000] {processor.py:830} INFO - Processing file /home/airflow/.local/lib/python3.12/site-packages/airflow/example_dags/example_xcomargs.py for tasks to queue
[2026-06-29T11:52:07.962+0000] {logging_mixin.py:188} INFO - [2026-06-29T11:52:07.961+0000] {dagbag.py:545} INFO - Filling up the DagBag from /home/airflow/.local/lib/python3.12/site-packages/airflow/example_dags/example_xcomargs.py
[2026-06-29T11:52:07.974+0000] {processor.py:840} INFO - DAG(s) 'example_xcom_args_with_operators', 'example_xcom_args' retrieved from /home/airflow/.local/lib/python3.12/site-packages/airflow/example_dags/example_xcomargs.py
[2026-06-29T11:52:07.988+0000] {logging_mixin.py:188} INFO - [2026-06-29T11:52:07.987+0000] {dag.py:3096} INFO - Sync 2 DAGs
[2026-06-29T11:52:08.002+0000] {logging_mixin.py:188} INFO - [2026-06-29T11:52:08.002+0000] {dag.py:3954} INFO - Setting next_dagrun for example_xcom_args to None, run_after=None
[2026-06-29T11:52:08.006+0000] {logging_mixin.py:188} INFO - [2026-06-29T11:52:08.006+0000] {dag.py:3954} INFO - Setting next_dagrun for example_xcom_args_with_operators to None, run_after=None
[2026-06-29T11:52:08.034+0000] {processor.py:183} INFO - Processing /home/airflow/.local/lib/python3.12/site-packages/airflow/example_dags/example_xcomargs.py took 0.083 seconds
[2026-06-29T11:52:38.663+0000] {processor.py:161} INFO - Started process (PID=139) to work on /home/airflow/.local/lib/python3.12/site-packages/airflow/example_dags/example_xcomargs.py
[2026-06-29T11:52:38.664+0000] {processor.py:830} INFO - Processing file /home/airflow/.local/lib/python3.12/site-packages/airflow/example_dags/example_xcomargs.py for tasks to queue
[2026-06-29T11:52:38.666+0000] {logging_mixin.py:188} INFO - [2026-06-29T11:52:38.666+0000] {dagbag.py:545} INFO - Filling up the DagBag from /home/airflow/.local/lib/python3.12/site-packages/airflow/example_dags/example_xcomargs.py
[2026-06-29T11:52:38.676+0000] {processor.py:840} INFO - DAG(s) 'example_xcom_args_with_operators', 'example_xcom_args' retrieved from /home/airflow/.local/lib/python3.12/site-packages/airflow/example_dags/example_xcomargs.py
[2026-06-29T11:52:38.794+0000] {logging_mixin.py:188} INFO - [2026-06-29T11:52:38.793+0000] {dag.py:3096} INFO - Sync 2 DAGs
[2026-06-29T11:52:38.804+0000] {logging_mixin.py:188} INFO - [2026-06-29T11:52:38.803+0000] {dag.py:3954} INFO - Setting next_dagrun for example_xcom_args to None, run_after=None
[2026-06-29T11:52:38.807+0000] {logging_mixin.py:188} INFO - [2026-06-29T11:52:38.806+0000] {dag.py:3954} INFO - Setting next_dagrun for example_xcom_args_with_operators to None, run_after=None
[2026-06-29T11:52:38.821+0000] {processor.py:183} INFO - Processing /home/airflow/.local/lib/python3.12/site-packages/airflow/example_dags/example_xcomargs.py took 0.164 seconds
[2026-06-29T11:53:09.348+0000] {processor.py:161} INFO - Started process (PID=197) to work on /home/airflow/.local/lib/python3.12/site-packages/airflow/example_dags/example_xcomargs.py
[2026-06-29T11:53:09.349+0000] {processor.py:830} INFO - Processing file /home/airflow/.local/lib/python3.12/site-packages/airflow/example_dags/example_xcomargs.py for tasks to queue
[2026-06-29T11:53:09.351+0000] {logging_mixin.py:188} INFO - [2026-06-29T11:53:09.350+0000] {dagbag.py:545} INFO - Filling up the DagBag from /home/airflow/.local/lib/python3.12/site-packages/airflow/example_dags/example_xcomargs.py
[2026-06-29T11:53:09.357+0000] {processor.py:840} INFO - DAG(s) 'example_xcom_args', 'example_xcom_args_with_operators' retrieved from /home/airflow/.local/lib/python3.12/site-packages/airflow/example_dags/example_xcomargs.py
[2026-06-29T11:53:09.373+0000] {logging_mixin.py:188} INFO - [2026-06-29T11:53:09.373+0000] {dag.py:3096} INFO - Sync 2 DAGs
[2026-06-29T11:53:09.381+0000] {logging_mixin.py:188} INFO - [2026-06-29T11:53:09.381+0000] {dag.py:3954} INFO - Setting next_dagrun for example_xcom_args to None, run_after=None
[2026-06-29T11:53:09.384+0000] {logging_mixin.py:188} INFO - [2026-06-29T11:53:09.384+0000] {dag.py:3954} INFO - Setting next_dagrun for example_xcom_args_with_operators to None, run_after=None
[2026-06-29T11:53:09.395+0000] {processor.py:183} INFO - Processing /home/airflow/.local/lib/python3.12/site-packages/airflow/example_dags/example_xcomargs.py took 0.051 seconds
[2026-06-29T11:53:39.709+0000] {processor.py:161} INFO - Started process (PID=255) to work on /home/airflow/.local/lib/python3.12/site-packages/airflow/example_dags/example_xcomargs.py
[2026-06-29T11:53:39.710+0000] {processor.py:830} INFO - Processing file /home/airflow/.local/lib/python3.12/site-packages/airflow/example_dags/example_xcomargs.py for tasks to queue
[2026-06-29T11:53:39.712+0000] {logging_mixin.py:188} INFO - [2026-06-29T11:53:39.712+0000] {dagbag.py:545} INFO - Filling up the DagBag from /home/airflow/.local/lib/python3.12/site-packages/airflow/example_dags/example_xcomargs.py
[2026-06-29T11:53:39.718+0000] {processor.py:840} INFO - DAG(s) 'example_xcom_args', 'example_xcom_args_with_operators' retrieved from /home/airflow/.local/lib/python3.12/site-packages/airflow/example_dags/example_xcomargs.py
[2026-06-29T11:53:39.736+0000] {logging_mixin.py:188} INFO - [2026-06-29T11:53:39.736+0000] {dag.py:3096} INFO - Sync 2 DAGs
[2026-06-29T11:53:39.745+0000] {logging_mixin.py:188} INFO - [2026-06-29T11:53:39.745+0000] {dag.py:3954} INFO - Setting next_dagrun for example_xcom_args to None, run_after=None
[2026-06-29T11:53:39.749+0000] {logging_mixin.py:188} INFO - [2026-06-29T11:53:39.749+0000] {dag.py:3954} INFO - Setting next_dagrun for example_xcom_args_with_operators to None, run_after=None
[2026-06-29T11:53:39.763+0000] {processor.py:183} INFO - Processing /home/airflow/.local/lib/python3.12/site-packages/airflow/example_dags/example_xcomargs.py took 0.058 seconds
[2026-06-29T11:54:09.891+0000] {processor.py:161} INFO - Started process (PID=313) to work on /home/airflow/.local/lib/python3.12/site-packages/airflow/example_dags/example_xcomargs.py
[2026-06-29T11:54:09.892+0000] {processor.py:830} INFO - Processing file /home/airflow/.local/lib/python3.12/site-packages/airflow/example_dags/example_xcomargs.py for tasks to queue
[2026-06-29T11:54:09.896+0000] {logging_mixin.py:188} INFO - [2026-06-29T11:54:09.896+0000] {dagbag.py:545} INFO - Filling up the DagBag from /home/airflow/.local/lib/python3.12/site-packages/airflow/example_dags/example_xcomargs.py
[2026-06-29T11:54:09.903+0000] {processor.py:840} INFO - DAG(s) 'example_xcom_args_with_operators', 'example_xcom_args' retrieved from /home/airflow/.local/lib/python3.12/site-packages/airflow/example_dags/example_xcomargs.py
[2026-06-29T11:54:09.919+0000] {logging_mixin.py:188} INFO - [2026-06-29T11:54:09.919+0000] {dag.py:3096} INFO - Sync 2 DAGs
[2026-06-29T11:54:09.929+0000] {logging_mixin.py:188} INFO - [2026-06-29T11:54:09.929+0000] {dag.py:3954} INFO - Setting next_dagrun for example_xcom_args to None, run_after=None
[2026-06-29T11:54:09.931+0000] {logging_mixin.py:188} INFO - [2026-06-29T11:54:09.931+0000] {dag.py:3954} INFO - Setting next_dagrun for example_xcom_args_with_operators to None, run_after=None
[2026-06-29T11:54:09.943+0000] {processor.py:183} INFO - Processing /home/airflow/.local/lib/python3.12/site-packages/airflow/example_dags/example_xcomargs.py took 0.057 seconds
