[2026-06-29T11:49:28.283+0000] {processor.py:161} INFO - Started process (PID=60) to work on /home/airflow/.local/lib/python3.12/site-packages/airflow/example_dags/example_time_delta_sensor_async.py
[2026-06-29T11:49:28.284+0000] {processor.py:830} INFO - Processing file /home/airflow/.local/lib/python3.12/site-packages/airflow/example_dags/example_time_delta_sensor_async.py for tasks to queue
[2026-06-29T11:49:28.287+0000] {logging_mixin.py:188} INFO - [2026-06-29T11:49:28.287+0000] {dagbag.py:545} INFO - Filling up the DagBag from /home/airflow/.local/lib/python3.12/site-packages/airflow/example_dags/example_time_delta_sensor_async.py
[2026-06-29T11:49:28.293+0000] {processor.py:840} INFO - DAG(s) 'example_time_delta_sensor_async' retrieved from /home/airflow/.local/lib/python3.12/site-packages/airflow/example_dags/example_time_delta_sensor_async.py
[2026-06-29T11:49:28.305+0000] {logging_mixin.py:188} INFO - [2026-06-29T11:49:28.304+0000] {dag.py:3096} INFO - Sync 1 DAGs
[2026-06-29T11:49:28.321+0000] {logging_mixin.py:188} INFO - [2026-06-29T11:49:28.320+0000] {dag.py:3954} INFO - Setting next_dagrun for example_time_delta_sensor_async to None, run_after=None
[2026-06-29T11:49:28.339+0000] {processor.py:183} INFO - Processing /home/airflow/.local/lib/python3.12/site-packages/airflow/example_dags/example_time_delta_sensor_async.py took 0.065 seconds
[2026-06-29T11:49:58.898+0000] {processor.py:161} INFO - Started process (PID=118) to work on /home/airflow/.local/lib/python3.12/site-packages/airflow/example_dags/example_time_delta_sensor_async.py
[2026-06-29T11:49:58.900+0000] {processor.py:830} INFO - Processing file /home/airflow/.local/lib/python3.12/site-packages/airflow/example_dags/example_time_delta_sensor_async.py for tasks to queue
[2026-06-29T11:49:58.904+0000] {logging_mixin.py:188} INFO - [2026-06-29T11:49:58.903+0000] {dagbag.py:545} INFO - Filling up the DagBag from /home/airflow/.local/lib/python3.12/site-packages/airflow/example_dags/example_time_delta_sensor_async.py
[2026-06-29T11:49:58.912+0000] {processor.py:840} INFO - DAG(s) 'example_time_delta_sensor_async' retrieved from /home/airflow/.local/lib/python3.12/site-packages/airflow/example_dags/example_time_delta_sensor_async.py
[2026-06-29T11:49:58.986+0000] {logging_mixin.py:188} INFO - [2026-06-29T11:49:58.986+0000] {dag.py:3096} INFO - Sync 1 DAGs
[2026-06-29T11:49:58.995+0000] {logging_mixin.py:188} INFO - [2026-06-29T11:49:58.995+0000] {dag.py:3954} INFO - Setting next_dagrun for example_time_delta_sensor_async to None, run_after=None
[2026-06-29T11:49:59.011+0000] {processor.py:183} INFO - Processing /home/airflow/.local/lib/python3.12/site-packages/airflow/example_dags/example_time_delta_sensor_async.py took 0.117 seconds
[2026-06-29T11:50:29.837+0000] {processor.py:161} INFO - Started process (PID=176) to work on /home/airflow/.local/lib/python3.12/site-packages/airflow/example_dags/example_time_delta_sensor_async.py
[2026-06-29T11:50:29.838+0000] {processor.py:830} INFO - Processing file /home/airflow/.local/lib/python3.12/site-packages/airflow/example_dags/example_time_delta_sensor_async.py for tasks to queue
[2026-06-29T11:50:29.840+0000] {logging_mixin.py:188} INFO - [2026-06-29T11:50:29.840+0000] {dagbag.py:545} INFO - Filling up the DagBag from /home/airflow/.local/lib/python3.12/site-packages/airflow/example_dags/example_time_delta_sensor_async.py
[2026-06-29T11:50:29.845+0000] {processor.py:840} INFO - DAG(s) 'example_time_delta_sensor_async' retrieved from /home/airflow/.local/lib/python3.12/site-packages/airflow/example_dags/example_time_delta_sensor_async.py
[2026-06-29T11:50:29.862+0000] {logging_mixin.py:188} INFO - [2026-06-29T11:50:29.862+0000] {dag.py:3096} INFO - Sync 1 DAGs
[2026-06-29T11:50:29.871+0000] {logging_mixin.py:188} INFO - [2026-06-29T11:50:29.870+0000] {dag.py:3954} INFO - Setting next_dagrun for example_time_delta_sensor_async to None, run_after=None
[2026-06-29T11:50:29.883+0000] {processor.py:183} INFO - Processing /home/airflow/.local/lib/python3.12/site-packages/airflow/example_dags/example_time_delta_sensor_async.py took 0.051 seconds
[2026-06-29T11:51:00.353+0000] {processor.py:161} INFO - Started process (PID=234) to work on /home/airflow/.local/lib/python3.12/site-packages/airflow/example_dags/example_time_delta_sensor_async.py
[2026-06-29T11:51:00.354+0000] {processor.py:830} INFO - Processing file /home/airflow/.local/lib/python3.12/site-packages/airflow/example_dags/example_time_delta_sensor_async.py for tasks to queue
[2026-06-29T11:51:00.356+0000] {logging_mixin.py:188} INFO - [2026-06-29T11:51:00.356+0000] {dagbag.py:545} INFO - Filling up the DagBag from /home/airflow/.local/lib/python3.12/site-packages/airflow/example_dags/example_time_delta_sensor_async.py
[2026-06-29T11:51:00.361+0000] {processor.py:840} INFO - DAG(s) 'example_time_delta_sensor_async' retrieved from /home/airflow/.local/lib/python3.12/site-packages/airflow/example_dags/example_time_delta_sensor_async.py
[2026-06-29T11:51:00.374+0000] {logging_mixin.py:188} INFO - [2026-06-29T11:51:00.374+0000] {dag.py:3096} INFO - Sync 1 DAGs
[2026-06-29T11:51:00.384+0000] {logging_mixin.py:188} INFO - [2026-06-29T11:51:00.384+0000] {dag.py:3954} INFO - Setting next_dagrun for example_time_delta_sensor_async to None, run_after=None
[2026-06-29T11:51:00.396+0000] {processor.py:183} INFO - Processing /home/airflow/.local/lib/python3.12/site-packages/airflow/example_dags/example_time_delta_sensor_async.py took 0.047 seconds
[2026-06-29T11:51:30.629+0000] {processor.py:161} INFO - Started process (PID=292) to work on /home/airflow/.local/lib/python3.12/site-packages/airflow/example_dags/example_time_delta_sensor_async.py
[2026-06-29T11:51:30.630+0000] {processor.py:830} INFO - Processing file /home/airflow/.local/lib/python3.12/site-packages/airflow/example_dags/example_time_delta_sensor_async.py for tasks to queue
[2026-06-29T11:51:30.631+0000] {logging_mixin.py:188} INFO - [2026-06-29T11:51:30.631+0000] {dagbag.py:545} INFO - Filling up the DagBag from /home/airflow/.local/lib/python3.12/site-packages/airflow/example_dags/example_time_delta_sensor_async.py
[2026-06-29T11:51:30.635+0000] {processor.py:840} INFO - DAG(s) 'example_time_delta_sensor_async' retrieved from /home/airflow/.local/lib/python3.12/site-packages/airflow/example_dags/example_time_delta_sensor_async.py
[2026-06-29T11:51:30.650+0000] {logging_mixin.py:188} INFO - [2026-06-29T11:51:30.649+0000] {dag.py:3096} INFO - Sync 1 DAGs
[2026-06-29T11:51:30.658+0000] {logging_mixin.py:188} INFO - [2026-06-29T11:51:30.658+0000] {dag.py:3954} INFO - Setting next_dagrun for example_time_delta_sensor_async to None, run_after=None
[2026-06-29T11:51:30.672+0000] {processor.py:183} INFO - Processing /home/airflow/.local/lib/python3.12/site-packages/airflow/example_dags/example_time_delta_sensor_async.py took 0.048 seconds
[2026-06-29T11:52:06.521+0000] {processor.py:161} INFO - Started process (PID=60) to work on /home/airflow/.local/lib/python3.12/site-packages/airflow/example_dags/example_time_delta_sensor_async.py
[2026-06-29T11:52:06.522+0000] {processor.py:830} INFO - Processing file /home/airflow/.local/lib/python3.12/site-packages/airflow/example_dags/example_time_delta_sensor_async.py for tasks to queue
[2026-06-29T11:52:06.525+0000] {logging_mixin.py:188} INFO - [2026-06-29T11:52:06.525+0000] {dagbag.py:545} INFO - Filling up the DagBag from /home/airflow/.local/lib/python3.12/site-packages/airflow/example_dags/example_time_delta_sensor_async.py
[2026-06-29T11:52:06.530+0000] {processor.py:840} INFO - DAG(s) 'example_time_delta_sensor_async' retrieved from /home/airflow/.local/lib/python3.12/site-packages/airflow/example_dags/example_time_delta_sensor_async.py
[2026-06-29T11:52:06.545+0000] {logging_mixin.py:188} INFO - [2026-06-29T11:52:06.544+0000] {dag.py:3096} INFO - Sync 1 DAGs
[2026-06-29T11:52:06.561+0000] {logging_mixin.py:188} INFO - [2026-06-29T11:52:06.561+0000] {dag.py:3954} INFO - Setting next_dagrun for example_time_delta_sensor_async to None, run_after=None
[2026-06-29T11:52:06.578+0000] {processor.py:183} INFO - Processing /home/airflow/.local/lib/python3.12/site-packages/airflow/example_dags/example_time_delta_sensor_async.py took 0.064 seconds
[2026-06-29T11:52:37.404+0000] {processor.py:161} INFO - Started process (PID=118) to work on /home/airflow/.local/lib/python3.12/site-packages/airflow/example_dags/example_time_delta_sensor_async.py
[2026-06-29T11:52:37.406+0000] {processor.py:830} INFO - Processing file /home/airflow/.local/lib/python3.12/site-packages/airflow/example_dags/example_time_delta_sensor_async.py for tasks to queue
[2026-06-29T11:52:37.408+0000] {logging_mixin.py:188} INFO - [2026-06-29T11:52:37.407+0000] {dagbag.py:545} INFO - Filling up the DagBag from /home/airflow/.local/lib/python3.12/site-packages/airflow/example_dags/example_time_delta_sensor_async.py
[2026-06-29T11:52:37.413+0000] {processor.py:840} INFO - DAG(s) 'example_time_delta_sensor_async' retrieved from /home/airflow/.local/lib/python3.12/site-packages/airflow/example_dags/example_time_delta_sensor_async.py
[2026-06-29T11:52:37.493+0000] {logging_mixin.py:188} INFO - [2026-06-29T11:52:37.493+0000] {dag.py:3096} INFO - Sync 1 DAGs
[2026-06-29T11:52:37.502+0000] {logging_mixin.py:188} INFO - [2026-06-29T11:52:37.502+0000] {dag.py:3954} INFO - Setting next_dagrun for example_time_delta_sensor_async to None, run_after=None
[2026-06-29T11:52:37.517+0000] {processor.py:183} INFO - Processing /home/airflow/.local/lib/python3.12/site-packages/airflow/example_dags/example_time_delta_sensor_async.py took 0.117 seconds
[2026-06-29T11:53:07.688+0000] {processor.py:161} INFO - Started process (PID=176) to work on /home/airflow/.local/lib/python3.12/site-packages/airflow/example_dags/example_time_delta_sensor_async.py
[2026-06-29T11:53:07.690+0000] {processor.py:830} INFO - Processing file /home/airflow/.local/lib/python3.12/site-packages/airflow/example_dags/example_time_delta_sensor_async.py for tasks to queue
[2026-06-29T11:53:07.693+0000] {logging_mixin.py:188} INFO - [2026-06-29T11:53:07.692+0000] {dagbag.py:545} INFO - Filling up the DagBag from /home/airflow/.local/lib/python3.12/site-packages/airflow/example_dags/example_time_delta_sensor_async.py
[2026-06-29T11:53:07.697+0000] {processor.py:840} INFO - DAG(s) 'example_time_delta_sensor_async' retrieved from /home/airflow/.local/lib/python3.12/site-packages/airflow/example_dags/example_time_delta_sensor_async.py
[2026-06-29T11:53:07.711+0000] {logging_mixin.py:188} INFO - [2026-06-29T11:53:07.711+0000] {dag.py:3096} INFO - Sync 1 DAGs
[2026-06-29T11:53:07.722+0000] {logging_mixin.py:188} INFO - [2026-06-29T11:53:07.721+0000] {dag.py:3954} INFO - Setting next_dagrun for example_time_delta_sensor_async to None, run_after=None
[2026-06-29T11:53:07.734+0000] {processor.py:183} INFO - Processing /home/airflow/.local/lib/python3.12/site-packages/airflow/example_dags/example_time_delta_sensor_async.py took 0.050 seconds
[2026-06-29T11:53:37.861+0000] {processor.py:161} INFO - Started process (PID=235) to work on /home/airflow/.local/lib/python3.12/site-packages/airflow/example_dags/example_time_delta_sensor_async.py
[2026-06-29T11:53:37.862+0000] {processor.py:830} INFO - Processing file /home/airflow/.local/lib/python3.12/site-packages/airflow/example_dags/example_time_delta_sensor_async.py for tasks to queue
[2026-06-29T11:53:37.864+0000] {logging_mixin.py:188} INFO - [2026-06-29T11:53:37.863+0000] {dagbag.py:545} INFO - Filling up the DagBag from /home/airflow/.local/lib/python3.12/site-packages/airflow/example_dags/example_time_delta_sensor_async.py
[2026-06-29T11:53:37.868+0000] {processor.py:840} INFO - DAG(s) 'example_time_delta_sensor_async' retrieved from /home/airflow/.local/lib/python3.12/site-packages/airflow/example_dags/example_time_delta_sensor_async.py
[2026-06-29T11:53:37.884+0000] {logging_mixin.py:188} INFO - [2026-06-29T11:53:37.884+0000] {dag.py:3096} INFO - Sync 1 DAGs
[2026-06-29T11:53:37.896+0000] {logging_mixin.py:188} INFO - [2026-06-29T11:53:37.896+0000] {dag.py:3954} INFO - Setting next_dagrun for example_time_delta_sensor_async to None, run_after=None
[2026-06-29T11:53:37.910+0000] {processor.py:183} INFO - Processing /home/airflow/.local/lib/python3.12/site-packages/airflow/example_dags/example_time_delta_sensor_async.py took 0.054 seconds
[2026-06-29T11:54:08.008+0000] {processor.py:161} INFO - Started process (PID=298) to work on /home/airflow/.local/lib/python3.12/site-packages/airflow/example_dags/example_time_delta_sensor_async.py
[2026-06-29T11:54:08.009+0000] {processor.py:830} INFO - Processing file /home/airflow/.local/lib/python3.12/site-packages/airflow/example_dags/example_time_delta_sensor_async.py for tasks to queue
[2026-06-29T11:54:08.010+0000] {logging_mixin.py:188} INFO - [2026-06-29T11:54:08.010+0000] {dagbag.py:545} INFO - Filling up the DagBag from /home/airflow/.local/lib/python3.12/site-packages/airflow/example_dags/example_time_delta_sensor_async.py
[2026-06-29T11:54:08.014+0000] {processor.py:840} INFO - DAG(s) 'example_time_delta_sensor_async' retrieved from /home/airflow/.local/lib/python3.12/site-packages/airflow/example_dags/example_time_delta_sensor_async.py
[2026-06-29T11:54:08.029+0000] {logging_mixin.py:188} INFO - [2026-06-29T11:54:08.029+0000] {dag.py:3096} INFO - Sync 1 DAGs
[2026-06-29T11:54:08.037+0000] {logging_mixin.py:188} INFO - [2026-06-29T11:54:08.037+0000] {dag.py:3954} INFO - Setting next_dagrun for example_time_delta_sensor_async to None, run_after=None
[2026-06-29T11:54:08.050+0000] {processor.py:183} INFO - Processing /home/airflow/.local/lib/python3.12/site-packages/airflow/example_dags/example_time_delta_sensor_async.py took 0.047 seconds
