[2026-06-29T11:49:30.164+0000] {processor.py:161} INFO - Started process (PID=83) to work on /home/airflow/.local/lib/python3.12/site-packages/airflow/example_dags/example_branch_python_dop_operator_3.py
[2026-06-29T11:49:30.165+0000] {processor.py:830} INFO - Processing file /home/airflow/.local/lib/python3.12/site-packages/airflow/example_dags/example_branch_python_dop_operator_3.py for tasks to queue
[2026-06-29T11:49:30.167+0000] {logging_mixin.py:188} INFO - [2026-06-29T11:49:30.167+0000] {dagbag.py:545} INFO - Filling up the DagBag from /home/airflow/.local/lib/python3.12/site-packages/airflow/example_dags/example_branch_python_dop_operator_3.py
[2026-06-29T11:49:30.176+0000] {processor.py:840} INFO - DAG(s) 'example_branch_dop_operator_v3' retrieved from /home/airflow/.local/lib/python3.12/site-packages/airflow/example_dags/example_branch_python_dop_operator_3.py
[2026-06-29T11:49:30.186+0000] {logging_mixin.py:188} INFO - [2026-06-29T11:49:30.186+0000] {dag.py:3096} INFO - Sync 1 DAGs
[2026-06-29T11:49:30.204+0000] {logging_mixin.py:188} INFO - [2026-06-29T11:49:30.203+0000] {dag.py:3954} INFO - Setting next_dagrun for example_branch_dop_operator_v3 to 2026-06-29 11:48:00+00:00, run_after=2026-06-29 11:49:00+00:00
[2026-06-29T11:49:30.217+0000] {processor.py:183} INFO - Processing /home/airflow/.local/lib/python3.12/site-packages/airflow/example_dags/example_branch_python_dop_operator_3.py took 0.059 seconds
[2026-06-29T11:50:00.766+0000] {processor.py:161} INFO - Started process (PID=141) to work on /home/airflow/.local/lib/python3.12/site-packages/airflow/example_dags/example_branch_python_dop_operator_3.py
[2026-06-29T11:50:00.767+0000] {processor.py:830} INFO - Processing file /home/airflow/.local/lib/python3.12/site-packages/airflow/example_dags/example_branch_python_dop_operator_3.py for tasks to queue
[2026-06-29T11:50:00.768+0000] {logging_mixin.py:188} INFO - [2026-06-29T11:50:00.768+0000] {dagbag.py:545} INFO - Filling up the DagBag from /home/airflow/.local/lib/python3.12/site-packages/airflow/example_dags/example_branch_python_dop_operator_3.py
[2026-06-29T11:50:00.775+0000] {processor.py:840} INFO - DAG(s) 'example_branch_dop_operator_v3' retrieved from /home/airflow/.local/lib/python3.12/site-packages/airflow/example_dags/example_branch_python_dop_operator_3.py
[2026-06-29T11:50:00.840+0000] {logging_mixin.py:188} INFO - [2026-06-29T11:50:00.840+0000] {dag.py:3096} INFO - Sync 1 DAGs
[2026-06-29T11:50:00.856+0000] {logging_mixin.py:188} INFO - [2026-06-29T11:50:00.856+0000] {dag.py:3954} INFO - Setting next_dagrun for example_branch_dop_operator_v3 to 2026-06-29 11:49:00+00:00, run_after=2026-06-29 11:50:00+00:00
[2026-06-29T11:50:00.869+0000] {processor.py:183} INFO - Processing /home/airflow/.local/lib/python3.12/site-packages/airflow/example_dags/example_branch_python_dop_operator_3.py took 0.108 seconds
[2026-06-29T11:50:30.956+0000] {processor.py:161} INFO - Started process (PID=199) to work on /home/airflow/.local/lib/python3.12/site-packages/airflow/example_dags/example_branch_python_dop_operator_3.py
[2026-06-29T11:50:30.957+0000] {processor.py:830} INFO - Processing file /home/airflow/.local/lib/python3.12/site-packages/airflow/example_dags/example_branch_python_dop_operator_3.py for tasks to queue
[2026-06-29T11:50:30.958+0000] {logging_mixin.py:188} INFO - [2026-06-29T11:50:30.958+0000] {dagbag.py:545} INFO - Filling up the DagBag from /home/airflow/.local/lib/python3.12/site-packages/airflow/example_dags/example_branch_python_dop_operator_3.py
[2026-06-29T11:50:30.964+0000] {processor.py:840} INFO - DAG(s) 'example_branch_dop_operator_v3' retrieved from /home/airflow/.local/lib/python3.12/site-packages/airflow/example_dags/example_branch_python_dop_operator_3.py
[2026-06-29T11:50:30.978+0000] {logging_mixin.py:188} INFO - [2026-06-29T11:50:30.977+0000] {dag.py:3096} INFO - Sync 1 DAGs
[2026-06-29T11:50:30.992+0000] {logging_mixin.py:188} INFO - [2026-06-29T11:50:30.992+0000] {dag.py:3954} INFO - Setting next_dagrun for example_branch_dop_operator_v3 to 2026-06-29 11:49:00+00:00, run_after=2026-06-29 11:50:00+00:00
[2026-06-29T11:50:31.004+0000] {processor.py:183} INFO - Processing /home/airflow/.local/lib/python3.12/site-packages/airflow/example_dags/example_branch_python_dop_operator_3.py took 0.052 seconds
[2026-06-29T11:51:01.307+0000] {processor.py:161} INFO - Started process (PID=257) to work on /home/airflow/.local/lib/python3.12/site-packages/airflow/example_dags/example_branch_python_dop_operator_3.py
[2026-06-29T11:51:01.307+0000] {processor.py:830} INFO - Processing file /home/airflow/.local/lib/python3.12/site-packages/airflow/example_dags/example_branch_python_dop_operator_3.py for tasks to queue
[2026-06-29T11:51:01.309+0000] {logging_mixin.py:188} INFO - [2026-06-29T11:51:01.309+0000] {dagbag.py:545} INFO - Filling up the DagBag from /home/airflow/.local/lib/python3.12/site-packages/airflow/example_dags/example_branch_python_dop_operator_3.py
[2026-06-29T11:51:01.315+0000] {processor.py:840} INFO - DAG(s) 'example_branch_dop_operator_v3' retrieved from /home/airflow/.local/lib/python3.12/site-packages/airflow/example_dags/example_branch_python_dop_operator_3.py
[2026-06-29T11:51:01.329+0000] {logging_mixin.py:188} INFO - [2026-06-29T11:51:01.328+0000] {dag.py:3096} INFO - Sync 1 DAGs
[2026-06-29T11:51:01.344+0000] {logging_mixin.py:188} INFO - [2026-06-29T11:51:01.344+0000] {dag.py:3954} INFO - Setting next_dagrun for example_branch_dop_operator_v3 to 2026-06-29 11:50:00+00:00, run_after=2026-06-29 11:51:00+00:00
[2026-06-29T11:51:01.356+0000] {processor.py:183} INFO - Processing /home/airflow/.local/lib/python3.12/site-packages/airflow/example_dags/example_branch_python_dop_operator_3.py took 0.054 seconds
[2026-06-29T11:51:31.704+0000] {processor.py:161} INFO - Started process (PID=321) to work on /home/airflow/.local/lib/python3.12/site-packages/airflow/example_dags/example_branch_python_dop_operator_3.py
[2026-06-29T11:51:31.705+0000] {processor.py:830} INFO - Processing file /home/airflow/.local/lib/python3.12/site-packages/airflow/example_dags/example_branch_python_dop_operator_3.py for tasks to queue
[2026-06-29T11:51:31.707+0000] {logging_mixin.py:188} INFO - [2026-06-29T11:51:31.706+0000] {dagbag.py:545} INFO - Filling up the DagBag from /home/airflow/.local/lib/python3.12/site-packages/airflow/example_dags/example_branch_python_dop_operator_3.py
[2026-06-29T11:51:31.714+0000] {processor.py:840} INFO - DAG(s) 'example_branch_dop_operator_v3' retrieved from /home/airflow/.local/lib/python3.12/site-packages/airflow/example_dags/example_branch_python_dop_operator_3.py
[2026-06-29T11:51:31.733+0000] {logging_mixin.py:188} INFO - [2026-06-29T11:51:31.732+0000] {dag.py:3096} INFO - Sync 1 DAGs
[2026-06-29T11:51:31.753+0000] {logging_mixin.py:188} INFO - [2026-06-29T11:51:31.752+0000] {dag.py:3954} INFO - Setting next_dagrun for example_branch_dop_operator_v3 to 2026-06-29 11:50:00+00:00, run_after=2026-06-29 11:51:00+00:00
[2026-06-29T11:51:31.767+0000] {processor.py:183} INFO - Processing /home/airflow/.local/lib/python3.12/site-packages/airflow/example_dags/example_branch_python_dop_operator_3.py took 0.068 seconds
[2026-06-29T11:52:08.413+0000] {processor.py:161} INFO - Started process (PID=89) to work on /home/airflow/.local/lib/python3.12/site-packages/airflow/example_dags/example_branch_python_dop_operator_3.py
[2026-06-29T11:52:08.414+0000] {processor.py:830} INFO - Processing file /home/airflow/.local/lib/python3.12/site-packages/airflow/example_dags/example_branch_python_dop_operator_3.py for tasks to queue
[2026-06-29T11:52:08.417+0000] {logging_mixin.py:188} INFO - [2026-06-29T11:52:08.416+0000] {dagbag.py:545} INFO - Filling up the DagBag from /home/airflow/.local/lib/python3.12/site-packages/airflow/example_dags/example_branch_python_dop_operator_3.py
[2026-06-29T11:52:08.427+0000] {processor.py:840} INFO - DAG(s) 'example_branch_dop_operator_v3' retrieved from /home/airflow/.local/lib/python3.12/site-packages/airflow/example_dags/example_branch_python_dop_operator_3.py
[2026-06-29T11:52:08.439+0000] {logging_mixin.py:188} INFO - [2026-06-29T11:52:08.439+0000] {dag.py:3096} INFO - Sync 1 DAGs
[2026-06-29T11:52:08.469+0000] {logging_mixin.py:188} INFO - [2026-06-29T11:52:08.469+0000] {dag.py:3954} INFO - Setting next_dagrun for example_branch_dop_operator_v3 to 2026-06-29 11:51:00+00:00, run_after=2026-06-29 11:52:00+00:00
[2026-06-29T11:52:08.488+0000] {processor.py:183} INFO - Processing /home/airflow/.local/lib/python3.12/site-packages/airflow/example_dags/example_branch_python_dop_operator_3.py took 0.082 seconds
[2026-06-29T11:52:39.327+0000] {processor.py:161} INFO - Started process (PID=147) to work on /home/airflow/.local/lib/python3.12/site-packages/airflow/example_dags/example_branch_python_dop_operator_3.py
[2026-06-29T11:52:39.328+0000] {processor.py:830} INFO - Processing file /home/airflow/.local/lib/python3.12/site-packages/airflow/example_dags/example_branch_python_dop_operator_3.py for tasks to queue
[2026-06-29T11:52:39.330+0000] {logging_mixin.py:188} INFO - [2026-06-29T11:52:39.330+0000] {dagbag.py:545} INFO - Filling up the DagBag from /home/airflow/.local/lib/python3.12/site-packages/airflow/example_dags/example_branch_python_dop_operator_3.py
[2026-06-29T11:52:39.338+0000] {processor.py:840} INFO - DAG(s) 'example_branch_dop_operator_v3' retrieved from /home/airflow/.local/lib/python3.12/site-packages/airflow/example_dags/example_branch_python_dop_operator_3.py
[2026-06-29T11:52:39.436+0000] {logging_mixin.py:188} INFO - [2026-06-29T11:52:39.435+0000] {dag.py:3096} INFO - Sync 1 DAGs
[2026-06-29T11:52:39.458+0000] {logging_mixin.py:188} INFO - [2026-06-29T11:52:39.457+0000] {dag.py:3954} INFO - Setting next_dagrun for example_branch_dop_operator_v3 to 2026-06-29 11:51:00+00:00, run_after=2026-06-29 11:52:00+00:00
[2026-06-29T11:52:39.475+0000] {processor.py:183} INFO - Processing /home/airflow/.local/lib/python3.12/site-packages/airflow/example_dags/example_branch_python_dop_operator_3.py took 0.153 seconds
[2026-06-29T11:53:09.661+0000] {processor.py:161} INFO - Started process (PID=205) to work on /home/airflow/.local/lib/python3.12/site-packages/airflow/example_dags/example_branch_python_dop_operator_3.py
[2026-06-29T11:53:09.661+0000] {processor.py:830} INFO - Processing file /home/airflow/.local/lib/python3.12/site-packages/airflow/example_dags/example_branch_python_dop_operator_3.py for tasks to queue
[2026-06-29T11:53:09.663+0000] {logging_mixin.py:188} INFO - [2026-06-29T11:53:09.663+0000] {dagbag.py:545} INFO - Filling up the DagBag from /home/airflow/.local/lib/python3.12/site-packages/airflow/example_dags/example_branch_python_dop_operator_3.py
[2026-06-29T11:53:09.670+0000] {processor.py:840} INFO - DAG(s) 'example_branch_dop_operator_v3' retrieved from /home/airflow/.local/lib/python3.12/site-packages/airflow/example_dags/example_branch_python_dop_operator_3.py
[2026-06-29T11:53:09.684+0000] {logging_mixin.py:188} INFO - [2026-06-29T11:53:09.684+0000] {dag.py:3096} INFO - Sync 1 DAGs
[2026-06-29T11:53:09.701+0000] {logging_mixin.py:188} INFO - [2026-06-29T11:53:09.701+0000] {dag.py:3954} INFO - Setting next_dagrun for example_branch_dop_operator_v3 to 2026-06-29 11:52:00+00:00, run_after=2026-06-29 11:53:00+00:00
[2026-06-29T11:53:09.714+0000] {processor.py:183} INFO - Processing /home/airflow/.local/lib/python3.12/site-packages/airflow/example_dags/example_branch_python_dop_operator_3.py took 0.058 seconds
[2026-06-29T11:53:40.361+0000] {processor.py:161} INFO - Started process (PID=263) to work on /home/airflow/.local/lib/python3.12/site-packages/airflow/example_dags/example_branch_python_dop_operator_3.py
[2026-06-29T11:53:40.362+0000] {processor.py:830} INFO - Processing file /home/airflow/.local/lib/python3.12/site-packages/airflow/example_dags/example_branch_python_dop_operator_3.py for tasks to queue
[2026-06-29T11:53:40.365+0000] {logging_mixin.py:188} INFO - [2026-06-29T11:53:40.365+0000] {dagbag.py:545} INFO - Filling up the DagBag from /home/airflow/.local/lib/python3.12/site-packages/airflow/example_dags/example_branch_python_dop_operator_3.py
[2026-06-29T11:53:40.374+0000] {processor.py:840} INFO - DAG(s) 'example_branch_dop_operator_v3' retrieved from /home/airflow/.local/lib/python3.12/site-packages/airflow/example_dags/example_branch_python_dop_operator_3.py
[2026-06-29T11:53:40.395+0000] {logging_mixin.py:188} INFO - [2026-06-29T11:53:40.395+0000] {dag.py:3096} INFO - Sync 1 DAGs
[2026-06-29T11:53:40.420+0000] {logging_mixin.py:188} INFO - [2026-06-29T11:53:40.420+0000] {dag.py:3954} INFO - Setting next_dagrun for example_branch_dop_operator_v3 to 2026-06-29 11:52:00+00:00, run_after=2026-06-29 11:53:00+00:00
[2026-06-29T11:53:40.439+0000] {processor.py:183} INFO - Processing /home/airflow/.local/lib/python3.12/site-packages/airflow/example_dags/example_branch_python_dop_operator_3.py took 0.083 seconds
