[2026-06-29T11:49:30.533+0000] {processor.py:161} INFO - Started process (PID=91) to work on /home/airflow/.local/lib/python3.12/site-packages/airflow/example_dags/example_task_group.py
[2026-06-29T11:49:30.534+0000] {processor.py:830} INFO - Processing file /home/airflow/.local/lib/python3.12/site-packages/airflow/example_dags/example_task_group.py for tasks to queue
[2026-06-29T11:49:30.535+0000] {logging_mixin.py:188} INFO - [2026-06-29T11:49:30.535+0000] {dagbag.py:545} INFO - Filling up the DagBag from /home/airflow/.local/lib/python3.12/site-packages/airflow/example_dags/example_task_group.py
[2026-06-29T11:49:30.543+0000] {processor.py:840} INFO - DAG(s) 'example_task_group' retrieved from /home/airflow/.local/lib/python3.12/site-packages/airflow/example_dags/example_task_group.py
[2026-06-29T11:49:30.554+0000] {logging_mixin.py:188} INFO - [2026-06-29T11:49:30.554+0000] {dag.py:3096} INFO - Sync 1 DAGs
[2026-06-29T11:49:30.572+0000] {logging_mixin.py:188} INFO - [2026-06-29T11:49:30.572+0000] {dag.py:3954} INFO - Setting next_dagrun for example_task_group to 2026-06-28 00:00:00+00:00, run_after=2026-06-29 00:00:00+00:00
[2026-06-29T11:49:30.586+0000] {processor.py:183} INFO - Processing /home/airflow/.local/lib/python3.12/site-packages/airflow/example_dags/example_task_group.py took 0.058 seconds
[2026-06-29T11:50:01.485+0000] {processor.py:161} INFO - Started process (PID=155) to work on /home/airflow/.local/lib/python3.12/site-packages/airflow/example_dags/example_task_group.py
[2026-06-29T11:50:01.486+0000] {processor.py:830} INFO - Processing file /home/airflow/.local/lib/python3.12/site-packages/airflow/example_dags/example_task_group.py for tasks to queue
[2026-06-29T11:50:01.488+0000] {logging_mixin.py:188} INFO - [2026-06-29T11:50:01.488+0000] {dagbag.py:545} INFO - Filling up the DagBag from /home/airflow/.local/lib/python3.12/site-packages/airflow/example_dags/example_task_group.py
[2026-06-29T11:50:01.494+0000] {processor.py:840} INFO - DAG(s) 'example_task_group' retrieved from /home/airflow/.local/lib/python3.12/site-packages/airflow/example_dags/example_task_group.py
[2026-06-29T11:50:01.570+0000] {logging_mixin.py:188} INFO - [2026-06-29T11:50:01.570+0000] {dag.py:3096} INFO - Sync 1 DAGs
[2026-06-29T11:50:01.585+0000] {logging_mixin.py:188} INFO - [2026-06-29T11:50:01.585+0000] {dag.py:3954} INFO - Setting next_dagrun for example_task_group to 2026-06-28 00:00:00+00:00, run_after=2026-06-29 00:00:00+00:00
[2026-06-29T11:50:01.601+0000] {processor.py:183} INFO - Processing /home/airflow/.local/lib/python3.12/site-packages/airflow/example_dags/example_task_group.py took 0.120 seconds
[2026-06-29T11:50:32.281+0000] {processor.py:161} INFO - Started process (PID=213) to work on /home/airflow/.local/lib/python3.12/site-packages/airflow/example_dags/example_task_group.py
[2026-06-29T11:50:32.282+0000] {processor.py:830} INFO - Processing file /home/airflow/.local/lib/python3.12/site-packages/airflow/example_dags/example_task_group.py for tasks to queue
[2026-06-29T11:50:32.284+0000] {logging_mixin.py:188} INFO - [2026-06-29T11:50:32.284+0000] {dagbag.py:545} INFO - Filling up the DagBag from /home/airflow/.local/lib/python3.12/site-packages/airflow/example_dags/example_task_group.py
[2026-06-29T11:50:32.290+0000] {processor.py:840} INFO - DAG(s) 'example_task_group' retrieved from /home/airflow/.local/lib/python3.12/site-packages/airflow/example_dags/example_task_group.py
[2026-06-29T11:50:32.304+0000] {logging_mixin.py:188} INFO - [2026-06-29T11:50:32.304+0000] {dag.py:3096} INFO - Sync 1 DAGs
[2026-06-29T11:50:32.319+0000] {logging_mixin.py:188} INFO - [2026-06-29T11:50:32.319+0000] {dag.py:3954} INFO - Setting next_dagrun for example_task_group to 2026-06-28 00:00:00+00:00, run_after=2026-06-29 00:00:00+00:00
[2026-06-29T11:50:32.332+0000] {processor.py:183} INFO - Processing /home/airflow/.local/lib/python3.12/site-packages/airflow/example_dags/example_task_group.py took 0.055 seconds
[2026-06-29T11:51:02.662+0000] {processor.py:161} INFO - Started process (PID=271) to work on /home/airflow/.local/lib/python3.12/site-packages/airflow/example_dags/example_task_group.py
[2026-06-29T11:51:02.663+0000] {processor.py:830} INFO - Processing file /home/airflow/.local/lib/python3.12/site-packages/airflow/example_dags/example_task_group.py for tasks to queue
[2026-06-29T11:51:02.665+0000] {logging_mixin.py:188} INFO - [2026-06-29T11:51:02.665+0000] {dagbag.py:545} INFO - Filling up the DagBag from /home/airflow/.local/lib/python3.12/site-packages/airflow/example_dags/example_task_group.py
[2026-06-29T11:51:02.670+0000] {processor.py:840} INFO - DAG(s) 'example_task_group' retrieved from /home/airflow/.local/lib/python3.12/site-packages/airflow/example_dags/example_task_group.py
[2026-06-29T11:51:02.684+0000] {logging_mixin.py:188} INFO - [2026-06-29T11:51:02.684+0000] {dag.py:3096} INFO - Sync 1 DAGs
[2026-06-29T11:51:02.698+0000] {logging_mixin.py:188} INFO - [2026-06-29T11:51:02.698+0000] {dag.py:3954} INFO - Setting next_dagrun for example_task_group to 2026-06-28 00:00:00+00:00, run_after=2026-06-29 00:00:00+00:00
[2026-06-29T11:51:02.710+0000] {processor.py:183} INFO - Processing /home/airflow/.local/lib/python3.12/site-packages/airflow/example_dags/example_task_group.py took 0.052 seconds
[2026-06-29T11:52:08.804+0000] {processor.py:161} INFO - Started process (PID=97) to work on /home/airflow/.local/lib/python3.12/site-packages/airflow/example_dags/example_task_group.py
[2026-06-29T11:52:08.806+0000] {processor.py:830} INFO - Processing file /home/airflow/.local/lib/python3.12/site-packages/airflow/example_dags/example_task_group.py for tasks to queue
[2026-06-29T11:52:08.807+0000] {logging_mixin.py:188} INFO - [2026-06-29T11:52:08.807+0000] {dagbag.py:545} INFO - Filling up the DagBag from /home/airflow/.local/lib/python3.12/site-packages/airflow/example_dags/example_task_group.py
[2026-06-29T11:52:08.813+0000] {processor.py:840} INFO - DAG(s) 'example_task_group' retrieved from /home/airflow/.local/lib/python3.12/site-packages/airflow/example_dags/example_task_group.py
[2026-06-29T11:52:08.825+0000] {logging_mixin.py:188} INFO - [2026-06-29T11:52:08.825+0000] {dag.py:3096} INFO - Sync 1 DAGs
[2026-06-29T11:52:08.844+0000] {logging_mixin.py:188} INFO - [2026-06-29T11:52:08.844+0000] {dag.py:3954} INFO - Setting next_dagrun for example_task_group to 2026-06-28 00:00:00+00:00, run_after=2026-06-29 00:00:00+00:00
[2026-06-29T11:52:08.860+0000] {processor.py:183} INFO - Processing /home/airflow/.local/lib/python3.12/site-packages/airflow/example_dags/example_task_group.py took 0.060 seconds
[2026-06-29T11:52:39.956+0000] {processor.py:161} INFO - Started process (PID=155) to work on /home/airflow/.local/lib/python3.12/site-packages/airflow/example_dags/example_task_group.py
[2026-06-29T11:52:39.957+0000] {processor.py:830} INFO - Processing file /home/airflow/.local/lib/python3.12/site-packages/airflow/example_dags/example_task_group.py for tasks to queue
[2026-06-29T11:52:39.958+0000] {logging_mixin.py:188} INFO - [2026-06-29T11:52:39.958+0000] {dagbag.py:545} INFO - Filling up the DagBag from /home/airflow/.local/lib/python3.12/site-packages/airflow/example_dags/example_task_group.py
[2026-06-29T11:52:39.964+0000] {processor.py:840} INFO - DAG(s) 'example_task_group' retrieved from /home/airflow/.local/lib/python3.12/site-packages/airflow/example_dags/example_task_group.py
[2026-06-29T11:52:40.035+0000] {logging_mixin.py:188} INFO - [2026-06-29T11:52:40.035+0000] {dag.py:3096} INFO - Sync 1 DAGs
[2026-06-29T11:52:40.048+0000] {logging_mixin.py:188} INFO - [2026-06-29T11:52:40.048+0000] {dag.py:3954} INFO - Setting next_dagrun for example_task_group to 2026-06-28 00:00:00+00:00, run_after=2026-06-29 00:00:00+00:00
[2026-06-29T11:52:40.062+0000] {processor.py:183} INFO - Processing /home/airflow/.local/lib/python3.12/site-packages/airflow/example_dags/example_task_group.py took 0.114 seconds
[2026-06-29T11:53:11.090+0000] {processor.py:161} INFO - Started process (PID=213) to work on /home/airflow/.local/lib/python3.12/site-packages/airflow/example_dags/example_task_group.py
[2026-06-29T11:53:11.091+0000] {processor.py:830} INFO - Processing file /home/airflow/.local/lib/python3.12/site-packages/airflow/example_dags/example_task_group.py for tasks to queue
[2026-06-29T11:53:11.093+0000] {logging_mixin.py:188} INFO - [2026-06-29T11:53:11.093+0000] {dagbag.py:545} INFO - Filling up the DagBag from /home/airflow/.local/lib/python3.12/site-packages/airflow/example_dags/example_task_group.py
[2026-06-29T11:53:11.098+0000] {processor.py:840} INFO - DAG(s) 'example_task_group' retrieved from /home/airflow/.local/lib/python3.12/site-packages/airflow/example_dags/example_task_group.py
[2026-06-29T11:53:11.115+0000] {logging_mixin.py:188} INFO - [2026-06-29T11:53:11.115+0000] {dag.py:3096} INFO - Sync 1 DAGs
[2026-06-29T11:53:11.135+0000] {logging_mixin.py:188} INFO - [2026-06-29T11:53:11.134+0000] {dag.py:3954} INFO - Setting next_dagrun for example_task_group to 2026-06-28 00:00:00+00:00, run_after=2026-06-29 00:00:00+00:00
[2026-06-29T11:53:11.155+0000] {processor.py:183} INFO - Processing /home/airflow/.local/lib/python3.12/site-packages/airflow/example_dags/example_task_group.py took 0.069 seconds
[2026-06-29T11:53:41.873+0000] {processor.py:161} INFO - Started process (PID=271) to work on /home/airflow/.local/lib/python3.12/site-packages/airflow/example_dags/example_task_group.py
[2026-06-29T11:53:41.874+0000] {processor.py:830} INFO - Processing file /home/airflow/.local/lib/python3.12/site-packages/airflow/example_dags/example_task_group.py for tasks to queue
[2026-06-29T11:53:41.876+0000] {logging_mixin.py:188} INFO - [2026-06-29T11:53:41.876+0000] {dagbag.py:545} INFO - Filling up the DagBag from /home/airflow/.local/lib/python3.12/site-packages/airflow/example_dags/example_task_group.py
[2026-06-29T11:53:41.883+0000] {processor.py:840} INFO - DAG(s) 'example_task_group' retrieved from /home/airflow/.local/lib/python3.12/site-packages/airflow/example_dags/example_task_group.py
[2026-06-29T11:53:41.903+0000] {logging_mixin.py:188} INFO - [2026-06-29T11:53:41.902+0000] {dag.py:3096} INFO - Sync 1 DAGs
[2026-06-29T11:53:41.921+0000] {logging_mixin.py:188} INFO - [2026-06-29T11:53:41.921+0000] {dag.py:3954} INFO - Setting next_dagrun for example_task_group to 2026-06-28 00:00:00+00:00, run_after=2026-06-29 00:00:00+00:00
[2026-06-29T11:53:41.938+0000] {processor.py:183} INFO - Processing /home/airflow/.local/lib/python3.12/site-packages/airflow/example_dags/example_task_group.py took 0.071 seconds
