[2026-06-29T11:49:30.712+0000] {processor.py:161} INFO - Started process (PID=93) to work on /home/airflow/.local/lib/python3.12/site-packages/airflow/example_dags/example_datasets.py
[2026-06-29T11:49:30.713+0000] {processor.py:830} INFO - Processing file /home/airflow/.local/lib/python3.12/site-packages/airflow/example_dags/example_datasets.py for tasks to queue
[2026-06-29T11:49:30.715+0000] {logging_mixin.py:188} INFO - [2026-06-29T11:49:30.715+0000] {dagbag.py:545} INFO - Filling up the DagBag from /home/airflow/.local/lib/python3.12/site-packages/airflow/example_dags/example_datasets.py
[2026-06-29T11:49:30.730+0000] {processor.py:840} INFO - DAG(s) 'dataset_consumes_1', 'consume_1_and_2_with_dataset_expressions', 'dataset_consumes_unknown_never_scheduled', 'conditional_dataset_and_time_based_timetable', 'dataset_produces_2', 'dataset_consumes_1_and_2', 'consume_1_or_both_2_and_3_with_dataset_expressions', 'dataset_produces_1', 'consume_1_or_2_with_dataset_expressions', 'dataset_consumes_1_never_scheduled' retrieved from /home/airflow/.local/lib/python3.12/site-packages/airflow/example_dags/example_datasets.py
[2026-06-29T11:49:30.745+0000] {logging_mixin.py:188} INFO - [2026-06-29T11:49:30.745+0000] {dag.py:3096} INFO - Sync 10 DAGs
[2026-06-29T11:49:30.764+0000] {logging_mixin.py:188} INFO - [2026-06-29T11:49:30.764+0000] {dag.py:3954} INFO - Setting next_dagrun for conditional_dataset_and_time_based_timetable to 2026-06-24 01:00:00+00:00, run_after=2026-06-24 01:00:00+00:00
[2026-06-29T11:49:30.767+0000] {logging_mixin.py:188} INFO - [2026-06-29T11:49:30.767+0000] {dag.py:3954} INFO - Setting next_dagrun for consume_1_and_2_with_dataset_expressions to None, run_after=None
[2026-06-29T11:49:30.769+0000] {logging_mixin.py:188} INFO - [2026-06-29T11:49:30.769+0000] {dag.py:3954} INFO - Setting next_dagrun for consume_1_or_2_with_dataset_expressions to None, run_after=None
[2026-06-29T11:49:30.770+0000] {logging_mixin.py:188} INFO - [2026-06-29T11:49:30.770+0000] {dag.py:3954} INFO - Setting next_dagrun for consume_1_or_both_2_and_3_with_dataset_expressions to None, run_after=None
[2026-06-29T11:49:30.771+0000] {logging_mixin.py:188} INFO - [2026-06-29T11:49:30.771+0000] {dag.py:3954} INFO - Setting next_dagrun for dataset_consumes_1 to None, run_after=None
[2026-06-29T11:49:30.773+0000] {logging_mixin.py:188} INFO - [2026-06-29T11:49:30.773+0000] {dag.py:3954} INFO - Setting next_dagrun for dataset_consumes_1_and_2 to None, run_after=None
[2026-06-29T11:49:30.775+0000] {logging_mixin.py:188} INFO - [2026-06-29T11:49:30.774+0000] {dag.py:3954} INFO - Setting next_dagrun for dataset_consumes_1_never_scheduled to None, run_after=None
[2026-06-29T11:49:30.776+0000] {logging_mixin.py:188} INFO - [2026-06-29T11:49:30.776+0000] {dag.py:3954} INFO - Setting next_dagrun for dataset_consumes_unknown_never_scheduled to None, run_after=None
[2026-06-29T11:49:30.778+0000] {logging_mixin.py:188} INFO - [2026-06-29T11:49:30.778+0000] {dag.py:3954} INFO - Setting next_dagrun for dataset_produces_1 to 2026-06-28 00:00:00+00:00, run_after=2026-06-29 00:00:00+00:00
[2026-06-29T11:49:30.779+0000] {logging_mixin.py:188} INFO - [2026-06-29T11:49:30.779+0000] {dag.py:3954} INFO - Setting next_dagrun for dataset_produces_2 to None, run_after=None
[2026-06-29T11:49:30.801+0000] {processor.py:183} INFO - Processing /home/airflow/.local/lib/python3.12/site-packages/airflow/example_dags/example_datasets.py took 0.093 seconds
[2026-06-29T11:50:01.639+0000] {processor.py:161} INFO - Started process (PID=157) to work on /home/airflow/.local/lib/python3.12/site-packages/airflow/example_dags/example_datasets.py
[2026-06-29T11:50:01.640+0000] {processor.py:830} INFO - Processing file /home/airflow/.local/lib/python3.12/site-packages/airflow/example_dags/example_datasets.py for tasks to queue
[2026-06-29T11:50:01.642+0000] {logging_mixin.py:188} INFO - [2026-06-29T11:50:01.642+0000] {dagbag.py:545} INFO - Filling up the DagBag from /home/airflow/.local/lib/python3.12/site-packages/airflow/example_dags/example_datasets.py
[2026-06-29T11:50:01.651+0000] {processor.py:840} INFO - DAG(s) 'dataset_consumes_1', 'dataset_produces_2', 'dataset_produces_1', 'dataset_consumes_unknown_never_scheduled', 'conditional_dataset_and_time_based_timetable', 'consume_1_or_both_2_and_3_with_dataset_expressions', 'dataset_consumes_1_never_scheduled', 'dataset_consumes_1_and_2', 'consume_1_or_2_with_dataset_expressions', 'consume_1_and_2_with_dataset_expressions' retrieved from /home/airflow/.local/lib/python3.12/site-packages/airflow/example_dags/example_datasets.py
[2026-06-29T11:50:01.776+0000] {logging_mixin.py:188} INFO - [2026-06-29T11:50:01.776+0000] {dag.py:3096} INFO - Sync 10 DAGs
[2026-06-29T11:50:01.793+0000] {logging_mixin.py:188} INFO - [2026-06-29T11:50:01.793+0000] {dag.py:3954} INFO - Setting next_dagrun for conditional_dataset_and_time_based_timetable to 2026-06-24 01:00:00+00:00, run_after=2026-06-24 01:00:00+00:00
[2026-06-29T11:50:01.795+0000] {logging_mixin.py:188} INFO - [2026-06-29T11:50:01.795+0000] {dag.py:3954} INFO - Setting next_dagrun for consume_1_and_2_with_dataset_expressions to None, run_after=None
[2026-06-29T11:50:01.796+0000] {logging_mixin.py:188} INFO - [2026-06-29T11:50:01.796+0000] {dag.py:3954} INFO - Setting next_dagrun for consume_1_or_2_with_dataset_expressions to None, run_after=None
[2026-06-29T11:50:01.797+0000] {logging_mixin.py:188} INFO - [2026-06-29T11:50:01.797+0000] {dag.py:3954} INFO - Setting next_dagrun for consume_1_or_both_2_and_3_with_dataset_expressions to None, run_after=None
[2026-06-29T11:50:01.798+0000] {logging_mixin.py:188} INFO - [2026-06-29T11:50:01.798+0000] {dag.py:3954} INFO - Setting next_dagrun for dataset_consumes_1 to None, run_after=None
[2026-06-29T11:50:01.799+0000] {logging_mixin.py:188} INFO - [2026-06-29T11:50:01.799+0000] {dag.py:3954} INFO - Setting next_dagrun for dataset_consumes_1_and_2 to None, run_after=None
[2026-06-29T11:50:01.800+0000] {logging_mixin.py:188} INFO - [2026-06-29T11:50:01.800+0000] {dag.py:3954} INFO - Setting next_dagrun for dataset_consumes_1_never_scheduled to None, run_after=None
[2026-06-29T11:50:01.801+0000] {logging_mixin.py:188} INFO - [2026-06-29T11:50:01.801+0000] {dag.py:3954} INFO - Setting next_dagrun for dataset_consumes_unknown_never_scheduled to None, run_after=None
[2026-06-29T11:50:01.803+0000] {logging_mixin.py:188} INFO - [2026-06-29T11:50:01.803+0000] {dag.py:3954} INFO - Setting next_dagrun for dataset_produces_1 to 2026-06-28 00:00:00+00:00, run_after=2026-06-29 00:00:00+00:00
[2026-06-29T11:50:01.804+0000] {logging_mixin.py:188} INFO - [2026-06-29T11:50:01.804+0000] {dag.py:3954} INFO - Setting next_dagrun for dataset_produces_2 to None, run_after=None
[2026-06-29T11:50:01.828+0000] {processor.py:183} INFO - Processing /home/airflow/.local/lib/python3.12/site-packages/airflow/example_dags/example_datasets.py took 0.193 seconds
[2026-06-29T11:50:32.366+0000] {processor.py:161} INFO - Started process (PID=215) to work on /home/airflow/.local/lib/python3.12/site-packages/airflow/example_dags/example_datasets.py
[2026-06-29T11:50:32.369+0000] {processor.py:830} INFO - Processing file /home/airflow/.local/lib/python3.12/site-packages/airflow/example_dags/example_datasets.py for tasks to queue
[2026-06-29T11:50:32.372+0000] {logging_mixin.py:188} INFO - [2026-06-29T11:50:32.372+0000] {dagbag.py:545} INFO - Filling up the DagBag from /home/airflow/.local/lib/python3.12/site-packages/airflow/example_dags/example_datasets.py
[2026-06-29T11:50:32.383+0000] {processor.py:840} INFO - DAG(s) 'consume_1_and_2_with_dataset_expressions', 'dataset_consumes_unknown_never_scheduled', 'dataset_consumes_1', 'dataset_consumes_1_never_scheduled', 'consume_1_or_both_2_and_3_with_dataset_expressions', 'conditional_dataset_and_time_based_timetable', 'dataset_consumes_1_and_2', 'dataset_produces_1', 'dataset_produces_2', 'consume_1_or_2_with_dataset_expressions' retrieved from /home/airflow/.local/lib/python3.12/site-packages/airflow/example_dags/example_datasets.py
[2026-06-29T11:50:32.417+0000] {logging_mixin.py:188} INFO - [2026-06-29T11:50:32.417+0000] {dag.py:3096} INFO - Sync 10 DAGs
[2026-06-29T11:50:32.435+0000] {logging_mixin.py:188} INFO - [2026-06-29T11:50:32.435+0000] {dag.py:3954} INFO - Setting next_dagrun for conditional_dataset_and_time_based_timetable to 2026-06-24 01:00:00+00:00, run_after=2026-06-24 01:00:00+00:00
[2026-06-29T11:50:32.438+0000] {logging_mixin.py:188} INFO - [2026-06-29T11:50:32.437+0000] {dag.py:3954} INFO - Setting next_dagrun for consume_1_and_2_with_dataset_expressions to None, run_after=None
[2026-06-29T11:50:32.439+0000] {logging_mixin.py:188} INFO - [2026-06-29T11:50:32.439+0000] {dag.py:3954} INFO - Setting next_dagrun for consume_1_or_2_with_dataset_expressions to None, run_after=None
[2026-06-29T11:50:32.440+0000] {logging_mixin.py:188} INFO - [2026-06-29T11:50:32.440+0000] {dag.py:3954} INFO - Setting next_dagrun for consume_1_or_both_2_and_3_with_dataset_expressions to None, run_after=None
[2026-06-29T11:50:32.441+0000] {logging_mixin.py:188} INFO - [2026-06-29T11:50:32.440+0000] {dag.py:3954} INFO - Setting next_dagrun for dataset_consumes_1 to None, run_after=None
[2026-06-29T11:50:32.442+0000] {logging_mixin.py:188} INFO - [2026-06-29T11:50:32.441+0000] {dag.py:3954} INFO - Setting next_dagrun for dataset_consumes_1_and_2 to None, run_after=None
[2026-06-29T11:50:32.442+0000] {logging_mixin.py:188} INFO - [2026-06-29T11:50:32.442+0000] {dag.py:3954} INFO - Setting next_dagrun for dataset_consumes_1_never_scheduled to None, run_after=None
[2026-06-29T11:50:32.443+0000] {logging_mixin.py:188} INFO - [2026-06-29T11:50:32.443+0000] {dag.py:3954} INFO - Setting next_dagrun for dataset_consumes_unknown_never_scheduled to None, run_after=None
[2026-06-29T11:50:32.445+0000] {logging_mixin.py:188} INFO - [2026-06-29T11:50:32.444+0000] {dag.py:3954} INFO - Setting next_dagrun for dataset_produces_1 to 2026-06-28 00:00:00+00:00, run_after=2026-06-29 00:00:00+00:00
[2026-06-29T11:50:32.445+0000] {logging_mixin.py:188} INFO - [2026-06-29T11:50:32.445+0000] {dag.py:3954} INFO - Setting next_dagrun for dataset_produces_2 to None, run_after=None
[2026-06-29T11:50:32.466+0000] {processor.py:183} INFO - Processing /home/airflow/.local/lib/python3.12/site-packages/airflow/example_dags/example_datasets.py took 0.104 seconds
[2026-06-29T11:51:02.750+0000] {processor.py:161} INFO - Started process (PID=273) to work on /home/airflow/.local/lib/python3.12/site-packages/airflow/example_dags/example_datasets.py
[2026-06-29T11:51:02.751+0000] {processor.py:830} INFO - Processing file /home/airflow/.local/lib/python3.12/site-packages/airflow/example_dags/example_datasets.py for tasks to queue
[2026-06-29T11:51:02.753+0000] {logging_mixin.py:188} INFO - [2026-06-29T11:51:02.753+0000] {dagbag.py:545} INFO - Filling up the DagBag from /home/airflow/.local/lib/python3.12/site-packages/airflow/example_dags/example_datasets.py
[2026-06-29T11:51:02.762+0000] {processor.py:840} INFO - DAG(s) 'conditional_dataset_and_time_based_timetable', 'consume_1_or_2_with_dataset_expressions', 'consume_1_or_both_2_and_3_with_dataset_expressions', 'dataset_consumes_unknown_never_scheduled', 'dataset_consumes_1', 'consume_1_and_2_with_dataset_expressions', 'dataset_consumes_1_never_scheduled', 'dataset_produces_1', 'dataset_produces_2', 'dataset_consumes_1_and_2' retrieved from /home/airflow/.local/lib/python3.12/site-packages/airflow/example_dags/example_datasets.py
[2026-06-29T11:51:02.790+0000] {logging_mixin.py:188} INFO - [2026-06-29T11:51:02.790+0000] {dag.py:3096} INFO - Sync 10 DAGs
[2026-06-29T11:51:02.807+0000] {logging_mixin.py:188} INFO - [2026-06-29T11:51:02.807+0000] {dag.py:3954} INFO - Setting next_dagrun for conditional_dataset_and_time_based_timetable to 2026-06-24 01:00:00+00:00, run_after=2026-06-24 01:00:00+00:00
[2026-06-29T11:51:02.811+0000] {logging_mixin.py:188} INFO - [2026-06-29T11:51:02.811+0000] {dag.py:3954} INFO - Setting next_dagrun for consume_1_and_2_with_dataset_expressions to None, run_after=None
[2026-06-29T11:51:02.812+0000] {logging_mixin.py:188} INFO - [2026-06-29T11:51:02.812+0000] {dag.py:3954} INFO - Setting next_dagrun for consume_1_or_2_with_dataset_expressions to None, run_after=None
[2026-06-29T11:51:02.813+0000] {logging_mixin.py:188} INFO - [2026-06-29T11:51:02.813+0000] {dag.py:3954} INFO - Setting next_dagrun for consume_1_or_both_2_and_3_with_dataset_expressions to None, run_after=None
[2026-06-29T11:51:02.814+0000] {logging_mixin.py:188} INFO - [2026-06-29T11:51:02.814+0000] {dag.py:3954} INFO - Setting next_dagrun for dataset_consumes_1 to None, run_after=None
[2026-06-29T11:51:02.815+0000] {logging_mixin.py:188} INFO - [2026-06-29T11:51:02.815+0000] {dag.py:3954} INFO - Setting next_dagrun for dataset_consumes_1_and_2 to None, run_after=None
[2026-06-29T11:51:02.815+0000] {logging_mixin.py:188} INFO - [2026-06-29T11:51:02.815+0000] {dag.py:3954} INFO - Setting next_dagrun for dataset_consumes_1_never_scheduled to None, run_after=None
[2026-06-29T11:51:02.817+0000] {logging_mixin.py:188} INFO - [2026-06-29T11:51:02.816+0000] {dag.py:3954} INFO - Setting next_dagrun for dataset_consumes_unknown_never_scheduled to None, run_after=None
[2026-06-29T11:51:02.818+0000] {logging_mixin.py:188} INFO - [2026-06-29T11:51:02.818+0000] {dag.py:3954} INFO - Setting next_dagrun for dataset_produces_1 to 2026-06-28 00:00:00+00:00, run_after=2026-06-29 00:00:00+00:00
[2026-06-29T11:51:02.819+0000] {logging_mixin.py:188} INFO - [2026-06-29T11:51:02.819+0000] {dag.py:3954} INFO - Setting next_dagrun for dataset_produces_2 to None, run_after=None
[2026-06-29T11:51:02.841+0000] {processor.py:183} INFO - Processing /home/airflow/.local/lib/python3.12/site-packages/airflow/example_dags/example_datasets.py took 0.095 seconds
[2026-06-29T11:52:08.899+0000] {processor.py:161} INFO - Started process (PID=99) to work on /home/airflow/.local/lib/python3.12/site-packages/airflow/example_dags/example_datasets.py
[2026-06-29T11:52:08.900+0000] {processor.py:830} INFO - Processing file /home/airflow/.local/lib/python3.12/site-packages/airflow/example_dags/example_datasets.py for tasks to queue
[2026-06-29T11:52:08.902+0000] {logging_mixin.py:188} INFO - [2026-06-29T11:52:08.902+0000] {dagbag.py:545} INFO - Filling up the DagBag from /home/airflow/.local/lib/python3.12/site-packages/airflow/example_dags/example_datasets.py
[2026-06-29T11:52:08.920+0000] {processor.py:840} INFO - DAG(s) 'consume_1_or_both_2_and_3_with_dataset_expressions', 'dataset_produces_2', 'consume_1_or_2_with_dataset_expressions', 'dataset_produces_1', 'dataset_consumes_1_and_2', 'conditional_dataset_and_time_based_timetable', 'consume_1_and_2_with_dataset_expressions', 'dataset_consumes_1', 'dataset_consumes_unknown_never_scheduled', 'dataset_consumes_1_never_scheduled' retrieved from /home/airflow/.local/lib/python3.12/site-packages/airflow/example_dags/example_datasets.py
[2026-06-29T11:52:08.935+0000] {logging_mixin.py:188} INFO - [2026-06-29T11:52:08.935+0000] {dag.py:3096} INFO - Sync 10 DAGs
[2026-06-29T11:52:08.957+0000] {logging_mixin.py:188} INFO - [2026-06-29T11:52:08.957+0000] {dag.py:3954} INFO - Setting next_dagrun for conditional_dataset_and_time_based_timetable to 2026-06-24 01:00:00+00:00, run_after=2026-06-24 01:00:00+00:00
[2026-06-29T11:52:08.960+0000] {logging_mixin.py:188} INFO - [2026-06-29T11:52:08.960+0000] {dag.py:3954} INFO - Setting next_dagrun for consume_1_and_2_with_dataset_expressions to None, run_after=None
[2026-06-29T11:52:08.962+0000] {logging_mixin.py:188} INFO - [2026-06-29T11:52:08.962+0000] {dag.py:3954} INFO - Setting next_dagrun for consume_1_or_2_with_dataset_expressions to None, run_after=None
[2026-06-29T11:52:08.963+0000] {logging_mixin.py:188} INFO - [2026-06-29T11:52:08.963+0000] {dag.py:3954} INFO - Setting next_dagrun for consume_1_or_both_2_and_3_with_dataset_expressions to None, run_after=None
[2026-06-29T11:52:08.964+0000] {logging_mixin.py:188} INFO - [2026-06-29T11:52:08.964+0000] {dag.py:3954} INFO - Setting next_dagrun for dataset_consumes_1 to None, run_after=None
[2026-06-29T11:52:08.965+0000] {logging_mixin.py:188} INFO - [2026-06-29T11:52:08.965+0000] {dag.py:3954} INFO - Setting next_dagrun for dataset_consumes_1_and_2 to None, run_after=None
[2026-06-29T11:52:08.966+0000] {logging_mixin.py:188} INFO - [2026-06-29T11:52:08.966+0000] {dag.py:3954} INFO - Setting next_dagrun for dataset_consumes_1_never_scheduled to None, run_after=None
[2026-06-29T11:52:08.967+0000] {logging_mixin.py:188} INFO - [2026-06-29T11:52:08.967+0000] {dag.py:3954} INFO - Setting next_dagrun for dataset_consumes_unknown_never_scheduled to None, run_after=None
[2026-06-29T11:52:08.969+0000] {logging_mixin.py:188} INFO - [2026-06-29T11:52:08.969+0000] {dag.py:3954} INFO - Setting next_dagrun for dataset_produces_1 to 2026-06-28 00:00:00+00:00, run_after=2026-06-29 00:00:00+00:00
[2026-06-29T11:52:08.970+0000] {logging_mixin.py:188} INFO - [2026-06-29T11:52:08.970+0000] {dag.py:3954} INFO - Setting next_dagrun for dataset_produces_2 to None, run_after=None
[2026-06-29T11:52:08.996+0000] {processor.py:183} INFO - Processing /home/airflow/.local/lib/python3.12/site-packages/airflow/example_dags/example_datasets.py took 0.101 seconds
[2026-06-29T11:52:40.094+0000] {processor.py:161} INFO - Started process (PID=157) to work on /home/airflow/.local/lib/python3.12/site-packages/airflow/example_dags/example_datasets.py
[2026-06-29T11:52:40.095+0000] {processor.py:830} INFO - Processing file /home/airflow/.local/lib/python3.12/site-packages/airflow/example_dags/example_datasets.py for tasks to queue
[2026-06-29T11:52:40.097+0000] {logging_mixin.py:188} INFO - [2026-06-29T11:52:40.097+0000] {dagbag.py:545} INFO - Filling up the DagBag from /home/airflow/.local/lib/python3.12/site-packages/airflow/example_dags/example_datasets.py
[2026-06-29T11:52:40.108+0000] {processor.py:840} INFO - DAG(s) 'consume_1_or_2_with_dataset_expressions', 'conditional_dataset_and_time_based_timetable', 'consume_1_and_2_with_dataset_expressions', 'dataset_consumes_1', 'dataset_consumes_1_never_scheduled', 'consume_1_or_both_2_and_3_with_dataset_expressions', 'dataset_consumes_unknown_never_scheduled', 'dataset_produces_2', 'dataset_consumes_1_and_2', 'dataset_produces_1' retrieved from /home/airflow/.local/lib/python3.12/site-packages/airflow/example_dags/example_datasets.py
[2026-06-29T11:52:40.257+0000] {logging_mixin.py:188} INFO - [2026-06-29T11:52:40.256+0000] {dag.py:3096} INFO - Sync 10 DAGs
[2026-06-29T11:52:40.272+0000] {logging_mixin.py:188} INFO - [2026-06-29T11:52:40.272+0000] {dag.py:3954} INFO - Setting next_dagrun for conditional_dataset_and_time_based_timetable to 2026-06-24 01:00:00+00:00, run_after=2026-06-24 01:00:00+00:00
[2026-06-29T11:52:40.275+0000] {logging_mixin.py:188} INFO - [2026-06-29T11:52:40.275+0000] {dag.py:3954} INFO - Setting next_dagrun for consume_1_and_2_with_dataset_expressions to None, run_after=None
[2026-06-29T11:52:40.276+0000] {logging_mixin.py:188} INFO - [2026-06-29T11:52:40.276+0000] {dag.py:3954} INFO - Setting next_dagrun for consume_1_or_2_with_dataset_expressions to None, run_after=None
[2026-06-29T11:52:40.277+0000] {logging_mixin.py:188} INFO - [2026-06-29T11:52:40.277+0000] {dag.py:3954} INFO - Setting next_dagrun for consume_1_or_both_2_and_3_with_dataset_expressions to None, run_after=None
[2026-06-29T11:52:40.278+0000] {logging_mixin.py:188} INFO - [2026-06-29T11:52:40.278+0000] {dag.py:3954} INFO - Setting next_dagrun for dataset_consumes_1 to None, run_after=None
[2026-06-29T11:52:40.279+0000] {logging_mixin.py:188} INFO - [2026-06-29T11:52:40.279+0000] {dag.py:3954} INFO - Setting next_dagrun for dataset_consumes_1_and_2 to None, run_after=None
[2026-06-29T11:52:40.280+0000] {logging_mixin.py:188} INFO - [2026-06-29T11:52:40.280+0000] {dag.py:3954} INFO - Setting next_dagrun for dataset_consumes_1_never_scheduled to None, run_after=None
[2026-06-29T11:52:40.282+0000] {logging_mixin.py:188} INFO - [2026-06-29T11:52:40.281+0000] {dag.py:3954} INFO - Setting next_dagrun for dataset_consumes_unknown_never_scheduled to None, run_after=None
[2026-06-29T11:52:40.283+0000] {logging_mixin.py:188} INFO - [2026-06-29T11:52:40.283+0000] {dag.py:3954} INFO - Setting next_dagrun for dataset_produces_1 to 2026-06-28 00:00:00+00:00, run_after=2026-06-29 00:00:00+00:00
[2026-06-29T11:52:40.284+0000] {logging_mixin.py:188} INFO - [2026-06-29T11:52:40.284+0000] {dag.py:3954} INFO - Setting next_dagrun for dataset_produces_2 to None, run_after=None
[2026-06-29T11:52:40.309+0000] {processor.py:183} INFO - Processing /home/airflow/.local/lib/python3.12/site-packages/airflow/example_dags/example_datasets.py took 0.221 seconds
[2026-06-29T11:53:11.196+0000] {processor.py:161} INFO - Started process (PID=215) to work on /home/airflow/.local/lib/python3.12/site-packages/airflow/example_dags/example_datasets.py
[2026-06-29T11:53:11.197+0000] {processor.py:830} INFO - Processing file /home/airflow/.local/lib/python3.12/site-packages/airflow/example_dags/example_datasets.py for tasks to queue
[2026-06-29T11:53:11.199+0000] {logging_mixin.py:188} INFO - [2026-06-29T11:53:11.199+0000] {dagbag.py:545} INFO - Filling up the DagBag from /home/airflow/.local/lib/python3.12/site-packages/airflow/example_dags/example_datasets.py
[2026-06-29T11:53:11.219+0000] {processor.py:840} INFO - DAG(s) 'conditional_dataset_and_time_based_timetable', 'dataset_consumes_1_never_scheduled', 'consume_1_or_2_with_dataset_expressions', 'dataset_produces_2', 'dataset_consumes_1', 'consume_1_or_both_2_and_3_with_dataset_expressions', 'dataset_consumes_1_and_2', 'dataset_consumes_unknown_never_scheduled', 'consume_1_and_2_with_dataset_expressions', 'dataset_produces_1' retrieved from /home/airflow/.local/lib/python3.12/site-packages/airflow/example_dags/example_datasets.py
[2026-06-29T11:53:11.256+0000] {logging_mixin.py:188} INFO - [2026-06-29T11:53:11.256+0000] {dag.py:3096} INFO - Sync 10 DAGs
[2026-06-29T11:53:11.274+0000] {logging_mixin.py:188} INFO - [2026-06-29T11:53:11.274+0000] {dag.py:3954} INFO - Setting next_dagrun for conditional_dataset_and_time_based_timetable to 2026-06-24 01:00:00+00:00, run_after=2026-06-24 01:00:00+00:00
[2026-06-29T11:53:11.277+0000] {logging_mixin.py:188} INFO - [2026-06-29T11:53:11.277+0000] {dag.py:3954} INFO - Setting next_dagrun for consume_1_and_2_with_dataset_expressions to None, run_after=None
[2026-06-29T11:53:11.278+0000] {logging_mixin.py:188} INFO - [2026-06-29T11:53:11.278+0000] {dag.py:3954} INFO - Setting next_dagrun for consume_1_or_2_with_dataset_expressions to None, run_after=None
[2026-06-29T11:53:11.279+0000] {logging_mixin.py:188} INFO - [2026-06-29T11:53:11.279+0000] {dag.py:3954} INFO - Setting next_dagrun for consume_1_or_both_2_and_3_with_dataset_expressions to None, run_after=None
[2026-06-29T11:53:11.280+0000] {logging_mixin.py:188} INFO - [2026-06-29T11:53:11.280+0000] {dag.py:3954} INFO - Setting next_dagrun for dataset_consumes_1 to None, run_after=None
[2026-06-29T11:53:11.281+0000] {logging_mixin.py:188} INFO - [2026-06-29T11:53:11.281+0000] {dag.py:3954} INFO - Setting next_dagrun for dataset_consumes_1_and_2 to None, run_after=None
[2026-06-29T11:53:11.282+0000] {logging_mixin.py:188} INFO - [2026-06-29T11:53:11.282+0000] {dag.py:3954} INFO - Setting next_dagrun for dataset_consumes_1_never_scheduled to None, run_after=None
[2026-06-29T11:53:11.284+0000] {logging_mixin.py:188} INFO - [2026-06-29T11:53:11.284+0000] {dag.py:3954} INFO - Setting next_dagrun for dataset_consumes_unknown_never_scheduled to None, run_after=None
[2026-06-29T11:53:11.287+0000] {logging_mixin.py:188} INFO - [2026-06-29T11:53:11.287+0000] {dag.py:3954} INFO - Setting next_dagrun for dataset_produces_1 to 2026-06-28 00:00:00+00:00, run_after=2026-06-29 00:00:00+00:00
[2026-06-29T11:53:11.289+0000] {logging_mixin.py:188} INFO - [2026-06-29T11:53:11.289+0000] {dag.py:3954} INFO - Setting next_dagrun for dataset_produces_2 to None, run_after=None
[2026-06-29T11:53:11.319+0000] {processor.py:183} INFO - Processing /home/airflow/.local/lib/python3.12/site-packages/airflow/example_dags/example_datasets.py took 0.129 seconds
[2026-06-29T11:53:41.971+0000] {processor.py:161} INFO - Started process (PID=273) to work on /home/airflow/.local/lib/python3.12/site-packages/airflow/example_dags/example_datasets.py
[2026-06-29T11:53:41.972+0000] {processor.py:830} INFO - Processing file /home/airflow/.local/lib/python3.12/site-packages/airflow/example_dags/example_datasets.py for tasks to queue
[2026-06-29T11:53:41.974+0000] {logging_mixin.py:188} INFO - [2026-06-29T11:53:41.974+0000] {dagbag.py:545} INFO - Filling up the DagBag from /home/airflow/.local/lib/python3.12/site-packages/airflow/example_dags/example_datasets.py
[2026-06-29T11:53:41.985+0000] {processor.py:840} INFO - DAG(s) 'dataset_produces_2', 'consume_1_and_2_with_dataset_expressions', 'consume_1_or_2_with_dataset_expressions', 'conditional_dataset_and_time_based_timetable', 'dataset_consumes_1_and_2', 'dataset_produces_1', 'dataset_consumes_1_never_scheduled', 'dataset_consumes_unknown_never_scheduled', 'dataset_consumes_1', 'consume_1_or_both_2_and_3_with_dataset_expressions' retrieved from /home/airflow/.local/lib/python3.12/site-packages/airflow/example_dags/example_datasets.py
[2026-06-29T11:53:42.018+0000] {logging_mixin.py:188} INFO - [2026-06-29T11:53:42.017+0000] {dag.py:3096} INFO - Sync 10 DAGs
[2026-06-29T11:53:42.035+0000] {logging_mixin.py:188} INFO - [2026-06-29T11:53:42.035+0000] {dag.py:3954} INFO - Setting next_dagrun for conditional_dataset_and_time_based_timetable to 2026-06-24 01:00:00+00:00, run_after=2026-06-24 01:00:00+00:00
[2026-06-29T11:53:42.038+0000] {logging_mixin.py:188} INFO - [2026-06-29T11:53:42.038+0000] {dag.py:3954} INFO - Setting next_dagrun for consume_1_and_2_with_dataset_expressions to None, run_after=None
[2026-06-29T11:53:42.039+0000] {logging_mixin.py:188} INFO - [2026-06-29T11:53:42.039+0000] {dag.py:3954} INFO - Setting next_dagrun for consume_1_or_2_with_dataset_expressions to None, run_after=None
[2026-06-29T11:53:42.040+0000] {logging_mixin.py:188} INFO - [2026-06-29T11:53:42.040+0000] {dag.py:3954} INFO - Setting next_dagrun for consume_1_or_both_2_and_3_with_dataset_expressions to None, run_after=None
[2026-06-29T11:53:42.041+0000] {logging_mixin.py:188} INFO - [2026-06-29T11:53:42.041+0000] {dag.py:3954} INFO - Setting next_dagrun for dataset_consumes_1 to None, run_after=None
[2026-06-29T11:53:42.042+0000] {logging_mixin.py:188} INFO - [2026-06-29T11:53:42.042+0000] {dag.py:3954} INFO - Setting next_dagrun for dataset_consumes_1_and_2 to None, run_after=None
[2026-06-29T11:53:42.043+0000] {logging_mixin.py:188} INFO - [2026-06-29T11:53:42.042+0000] {dag.py:3954} INFO - Setting next_dagrun for dataset_consumes_1_never_scheduled to None, run_after=None
[2026-06-29T11:53:42.043+0000] {logging_mixin.py:188} INFO - [2026-06-29T11:53:42.043+0000] {dag.py:3954} INFO - Setting next_dagrun for dataset_consumes_unknown_never_scheduled to None, run_after=None
[2026-06-29T11:53:42.045+0000] {logging_mixin.py:188} INFO - [2026-06-29T11:53:42.045+0000] {dag.py:3954} INFO - Setting next_dagrun for dataset_produces_1 to 2026-06-28 00:00:00+00:00, run_after=2026-06-29 00:00:00+00:00
[2026-06-29T11:53:42.045+0000] {logging_mixin.py:188} INFO - [2026-06-29T11:53:42.045+0000] {dag.py:3954} INFO - Setting next_dagrun for dataset_produces_2 to None, run_after=None
[2026-06-29T11:53:42.067+0000] {processor.py:183} INFO - Processing /home/airflow/.local/lib/python3.12/site-packages/airflow/example_dags/example_datasets.py took 0.099 seconds
