[2026-06-29T11:49:29.178+0000] {processor.py:161} INFO - Started process (PID=70) to work on /home/airflow/.local/lib/python3.12/site-packages/airflow/example_dags/example_branch_operator.py
[2026-06-29T11:49:29.179+0000] {processor.py:830} INFO - Processing file /home/airflow/.local/lib/python3.12/site-packages/airflow/example_dags/example_branch_operator.py for tasks to queue
[2026-06-29T11:49:29.182+0000] {logging_mixin.py:188} INFO - [2026-06-29T11:49:29.182+0000] {dagbag.py:545} INFO - Filling up the DagBag from /home/airflow/.local/lib/python3.12/site-packages/airflow/example_dags/example_branch_operator.py
[2026-06-29T11:49:29.205+0000] {processor.py:840} INFO - DAG(s) 'example_branch_operator' retrieved from /home/airflow/.local/lib/python3.12/site-packages/airflow/example_dags/example_branch_operator.py
[2026-06-29T11:49:29.223+0000] {logging_mixin.py:188} INFO - [2026-06-29T11:49:29.222+0000] {dag.py:3096} INFO - Sync 1 DAGs
[2026-06-29T11:49:29.244+0000] {logging_mixin.py:188} INFO - [2026-06-29T11:49:29.244+0000] {dag.py:3954} INFO - Setting next_dagrun for example_branch_operator to 2026-06-28 00:00:00+00:00, run_after=2026-06-29 00:00:00+00:00
[2026-06-29T11:49:29.270+0000] {processor.py:183} INFO - Processing /home/airflow/.local/lib/python3.12/site-packages/airflow/example_dags/example_branch_operator.py took 0.097 seconds
[2026-06-29T11:49:59.570+0000] {processor.py:161} INFO - Started process (PID=128) to work on /home/airflow/.local/lib/python3.12/site-packages/airflow/example_dags/example_branch_operator.py
[2026-06-29T11:49:59.570+0000] {processor.py:830} INFO - Processing file /home/airflow/.local/lib/python3.12/site-packages/airflow/example_dags/example_branch_operator.py for tasks to queue
[2026-06-29T11:49:59.572+0000] {logging_mixin.py:188} INFO - [2026-06-29T11:49:59.572+0000] {dagbag.py:545} INFO - Filling up the DagBag from /home/airflow/.local/lib/python3.12/site-packages/airflow/example_dags/example_branch_operator.py
[2026-06-29T11:49:59.583+0000] {processor.py:840} INFO - DAG(s) 'example_branch_operator' retrieved from /home/airflow/.local/lib/python3.12/site-packages/airflow/example_dags/example_branch_operator.py
[2026-06-29T11:49:59.655+0000] {logging_mixin.py:188} INFO - [2026-06-29T11:49:59.655+0000] {dag.py:3096} INFO - Sync 1 DAGs
[2026-06-29T11:49:59.669+0000] {logging_mixin.py:188} INFO - [2026-06-29T11:49:59.669+0000] {dag.py:3954} INFO - Setting next_dagrun for example_branch_operator to 2026-06-28 00:00:00+00:00, run_after=2026-06-29 00:00:00+00:00
[2026-06-29T11:49:59.684+0000] {processor.py:183} INFO - Processing /home/airflow/.local/lib/python3.12/site-packages/airflow/example_dags/example_branch_operator.py took 0.118 seconds
[2026-06-29T11:50:30.266+0000] {processor.py:161} INFO - Started process (PID=186) to work on /home/airflow/.local/lib/python3.12/site-packages/airflow/example_dags/example_branch_operator.py
[2026-06-29T11:50:30.267+0000] {processor.py:830} INFO - Processing file /home/airflow/.local/lib/python3.12/site-packages/airflow/example_dags/example_branch_operator.py for tasks to queue
[2026-06-29T11:50:30.269+0000] {logging_mixin.py:188} INFO - [2026-06-29T11:50:30.269+0000] {dagbag.py:545} INFO - Filling up the DagBag from /home/airflow/.local/lib/python3.12/site-packages/airflow/example_dags/example_branch_operator.py
[2026-06-29T11:50:30.283+0000] {processor.py:840} INFO - DAG(s) 'example_branch_operator' retrieved from /home/airflow/.local/lib/python3.12/site-packages/airflow/example_dags/example_branch_operator.py
[2026-06-29T11:50:30.308+0000] {logging_mixin.py:188} INFO - [2026-06-29T11:50:30.308+0000] {dag.py:3096} INFO - Sync 1 DAGs
[2026-06-29T11:50:30.326+0000] {logging_mixin.py:188} INFO - [2026-06-29T11:50:30.326+0000] {dag.py:3954} INFO - Setting next_dagrun for example_branch_operator to 2026-06-28 00:00:00+00:00, run_after=2026-06-29 00:00:00+00:00
[2026-06-29T11:50:30.342+0000] {processor.py:183} INFO - Processing /home/airflow/.local/lib/python3.12/site-packages/airflow/example_dags/example_branch_operator.py took 0.080 seconds
[2026-06-29T11:51:00.722+0000] {processor.py:161} INFO - Started process (PID=244) to work on /home/airflow/.local/lib/python3.12/site-packages/airflow/example_dags/example_branch_operator.py
[2026-06-29T11:51:00.723+0000] {processor.py:830} INFO - Processing file /home/airflow/.local/lib/python3.12/site-packages/airflow/example_dags/example_branch_operator.py for tasks to queue
[2026-06-29T11:51:00.725+0000] {logging_mixin.py:188} INFO - [2026-06-29T11:51:00.725+0000] {dagbag.py:545} INFO - Filling up the DagBag from /home/airflow/.local/lib/python3.12/site-packages/airflow/example_dags/example_branch_operator.py
[2026-06-29T11:51:00.736+0000] {processor.py:840} INFO - DAG(s) 'example_branch_operator' retrieved from /home/airflow/.local/lib/python3.12/site-packages/airflow/example_dags/example_branch_operator.py
[2026-06-29T11:51:00.754+0000] {logging_mixin.py:188} INFO - [2026-06-29T11:51:00.754+0000] {dag.py:3096} INFO - Sync 1 DAGs
[2026-06-29T11:51:00.769+0000] {logging_mixin.py:188} INFO - [2026-06-29T11:51:00.769+0000] {dag.py:3954} INFO - Setting next_dagrun for example_branch_operator to 2026-06-28 00:00:00+00:00, run_after=2026-06-29 00:00:00+00:00
[2026-06-29T11:51:00.780+0000] {processor.py:183} INFO - Processing /home/airflow/.local/lib/python3.12/site-packages/airflow/example_dags/example_branch_operator.py took 0.062 seconds
[2026-06-29T11:51:31.050+0000] {processor.py:161} INFO - Started process (PID=302) to work on /home/airflow/.local/lib/python3.12/site-packages/airflow/example_dags/example_branch_operator.py
[2026-06-29T11:51:31.050+0000] {processor.py:830} INFO - Processing file /home/airflow/.local/lib/python3.12/site-packages/airflow/example_dags/example_branch_operator.py for tasks to queue
[2026-06-29T11:51:31.052+0000] {logging_mixin.py:188} INFO - [2026-06-29T11:51:31.052+0000] {dagbag.py:545} INFO - Filling up the DagBag from /home/airflow/.local/lib/python3.12/site-packages/airflow/example_dags/example_branch_operator.py
[2026-06-29T11:51:31.063+0000] {processor.py:840} INFO - DAG(s) 'example_branch_operator' retrieved from /home/airflow/.local/lib/python3.12/site-packages/airflow/example_dags/example_branch_operator.py
[2026-06-29T11:51:31.083+0000] {logging_mixin.py:188} INFO - [2026-06-29T11:51:31.083+0000] {dag.py:3096} INFO - Sync 1 DAGs
[2026-06-29T11:51:31.100+0000] {logging_mixin.py:188} INFO - [2026-06-29T11:51:31.100+0000] {dag.py:3954} INFO - Setting next_dagrun for example_branch_operator to 2026-06-28 00:00:00+00:00, run_after=2026-06-29 00:00:00+00:00
[2026-06-29T11:51:31.115+0000] {processor.py:183} INFO - Processing /home/airflow/.local/lib/python3.12/site-packages/airflow/example_dags/example_branch_operator.py took 0.070 seconds
[2026-06-29T11:52:07.473+0000] {processor.py:161} INFO - Started process (PID=70) to work on /home/airflow/.local/lib/python3.12/site-packages/airflow/example_dags/example_branch_operator.py
[2026-06-29T11:52:07.477+0000] {processor.py:830} INFO - Processing file /home/airflow/.local/lib/python3.12/site-packages/airflow/example_dags/example_branch_operator.py for tasks to queue
[2026-06-29T11:52:07.484+0000] {logging_mixin.py:188} INFO - [2026-06-29T11:52:07.484+0000] {dagbag.py:545} INFO - Filling up the DagBag from /home/airflow/.local/lib/python3.12/site-packages/airflow/example_dags/example_branch_operator.py
[2026-06-29T11:52:07.525+0000] {processor.py:840} INFO - DAG(s) 'example_branch_operator' retrieved from /home/airflow/.local/lib/python3.12/site-packages/airflow/example_dags/example_branch_operator.py
[2026-06-29T11:52:07.545+0000] {logging_mixin.py:188} INFO - [2026-06-29T11:52:07.545+0000] {dag.py:3096} INFO - Sync 1 DAGs
[2026-06-29T11:52:07.605+0000] {logging_mixin.py:188} INFO - [2026-06-29T11:52:07.605+0000] {dag.py:3954} INFO - Setting next_dagrun for example_branch_operator to 2026-06-28 00:00:00+00:00, run_after=2026-06-29 00:00:00+00:00
[2026-06-29T11:52:07.641+0000] {processor.py:183} INFO - Processing /home/airflow/.local/lib/python3.12/site-packages/airflow/example_dags/example_branch_operator.py took 0.186 seconds
[2026-06-29T11:52:38.207+0000] {processor.py:161} INFO - Started process (PID=134) to work on /home/airflow/.local/lib/python3.12/site-packages/airflow/example_dags/example_branch_operator.py
[2026-06-29T11:52:38.208+0000] {processor.py:830} INFO - Processing file /home/airflow/.local/lib/python3.12/site-packages/airflow/example_dags/example_branch_operator.py for tasks to queue
[2026-06-29T11:52:38.210+0000] {logging_mixin.py:188} INFO - [2026-06-29T11:52:38.210+0000] {dagbag.py:545} INFO - Filling up the DagBag from /home/airflow/.local/lib/python3.12/site-packages/airflow/example_dags/example_branch_operator.py
[2026-06-29T11:52:38.228+0000] {processor.py:840} INFO - DAG(s) 'example_branch_operator' retrieved from /home/airflow/.local/lib/python3.12/site-packages/airflow/example_dags/example_branch_operator.py
[2026-06-29T11:52:38.337+0000] {logging_mixin.py:188} INFO - [2026-06-29T11:52:38.336+0000] {dag.py:3096} INFO - Sync 1 DAGs
[2026-06-29T11:52:38.368+0000] {logging_mixin.py:188} INFO - [2026-06-29T11:52:38.367+0000] {dag.py:3954} INFO - Setting next_dagrun for example_branch_operator to 2026-06-28 00:00:00+00:00, run_after=2026-06-29 00:00:00+00:00
[2026-06-29T11:52:38.395+0000] {processor.py:183} INFO - Processing /home/airflow/.local/lib/python3.12/site-packages/airflow/example_dags/example_branch_operator.py took 0.195 seconds
[2026-06-29T11:53:09.117+0000] {processor.py:161} INFO - Started process (PID=192) to work on /home/airflow/.local/lib/python3.12/site-packages/airflow/example_dags/example_branch_operator.py
[2026-06-29T11:53:09.118+0000] {processor.py:830} INFO - Processing file /home/airflow/.local/lib/python3.12/site-packages/airflow/example_dags/example_branch_operator.py for tasks to queue
[2026-06-29T11:53:09.119+0000] {logging_mixin.py:188} INFO - [2026-06-29T11:53:09.119+0000] {dagbag.py:545} INFO - Filling up the DagBag from /home/airflow/.local/lib/python3.12/site-packages/airflow/example_dags/example_branch_operator.py
[2026-06-29T11:53:09.131+0000] {processor.py:840} INFO - DAG(s) 'example_branch_operator' retrieved from /home/airflow/.local/lib/python3.12/site-packages/airflow/example_dags/example_branch_operator.py
[2026-06-29T11:53:09.149+0000] {logging_mixin.py:188} INFO - [2026-06-29T11:53:09.149+0000] {dag.py:3096} INFO - Sync 1 DAGs
[2026-06-29T11:53:09.164+0000] {logging_mixin.py:188} INFO - [2026-06-29T11:53:09.164+0000] {dag.py:3954} INFO - Setting next_dagrun for example_branch_operator to 2026-06-28 00:00:00+00:00, run_after=2026-06-29 00:00:00+00:00
[2026-06-29T11:53:09.177+0000] {processor.py:183} INFO - Processing /home/airflow/.local/lib/python3.12/site-packages/airflow/example_dags/example_branch_operator.py took 0.064 seconds
[2026-06-29T11:53:39.400+0000] {processor.py:161} INFO - Started process (PID=250) to work on /home/airflow/.local/lib/python3.12/site-packages/airflow/example_dags/example_branch_operator.py
[2026-06-29T11:53:39.402+0000] {processor.py:830} INFO - Processing file /home/airflow/.local/lib/python3.12/site-packages/airflow/example_dags/example_branch_operator.py for tasks to queue
[2026-06-29T11:53:39.404+0000] {logging_mixin.py:188} INFO - [2026-06-29T11:53:39.404+0000] {dagbag.py:545} INFO - Filling up the DagBag from /home/airflow/.local/lib/python3.12/site-packages/airflow/example_dags/example_branch_operator.py
[2026-06-29T11:53:39.418+0000] {processor.py:840} INFO - DAG(s) 'example_branch_operator' retrieved from /home/airflow/.local/lib/python3.12/site-packages/airflow/example_dags/example_branch_operator.py
[2026-06-29T11:53:39.441+0000] {logging_mixin.py:188} INFO - [2026-06-29T11:53:39.440+0000] {dag.py:3096} INFO - Sync 1 DAGs
[2026-06-29T11:53:39.460+0000] {logging_mixin.py:188} INFO - [2026-06-29T11:53:39.460+0000] {dag.py:3954} INFO - Setting next_dagrun for example_branch_operator to 2026-06-28 00:00:00+00:00, run_after=2026-06-29 00:00:00+00:00
[2026-06-29T11:53:39.476+0000] {processor.py:183} INFO - Processing /home/airflow/.local/lib/python3.12/site-packages/airflow/example_dags/example_branch_operator.py took 0.080 seconds
[2026-06-29T11:54:09.639+0000] {processor.py:161} INFO - Started process (PID=308) to work on /home/airflow/.local/lib/python3.12/site-packages/airflow/example_dags/example_branch_operator.py
[2026-06-29T11:54:09.640+0000] {processor.py:830} INFO - Processing file /home/airflow/.local/lib/python3.12/site-packages/airflow/example_dags/example_branch_operator.py for tasks to queue
[2026-06-29T11:54:09.642+0000] {logging_mixin.py:188} INFO - [2026-06-29T11:54:09.642+0000] {dagbag.py:545} INFO - Filling up the DagBag from /home/airflow/.local/lib/python3.12/site-packages/airflow/example_dags/example_branch_operator.py
[2026-06-29T11:54:09.654+0000] {processor.py:840} INFO - DAG(s) 'example_branch_operator' retrieved from /home/airflow/.local/lib/python3.12/site-packages/airflow/example_dags/example_branch_operator.py
[2026-06-29T11:54:09.674+0000] {logging_mixin.py:188} INFO - [2026-06-29T11:54:09.674+0000] {dag.py:3096} INFO - Sync 1 DAGs
[2026-06-29T11:54:09.689+0000] {logging_mixin.py:188} INFO - [2026-06-29T11:54:09.689+0000] {dag.py:3954} INFO - Setting next_dagrun for example_branch_operator to 2026-06-28 00:00:00+00:00, run_after=2026-06-29 00:00:00+00:00
[2026-06-29T11:54:09.704+0000] {processor.py:183} INFO - Processing /home/airflow/.local/lib/python3.12/site-packages/airflow/example_dags/example_branch_operator.py took 0.069 seconds
