[2026-06-29T11:49:28.698+0000] {processor.py:161} INFO - Started process (PID=64) to work on /home/airflow/.local/lib/python3.12/site-packages/airflow/example_dags/example_skip_dag.py
[2026-06-29T11:49:28.699+0000] {processor.py:830} INFO - Processing file /home/airflow/.local/lib/python3.12/site-packages/airflow/example_dags/example_skip_dag.py for tasks to queue
[2026-06-29T11:49:28.702+0000] {logging_mixin.py:188} INFO - [2026-06-29T11:49:28.701+0000] {dagbag.py:545} INFO - Filling up the DagBag from /home/airflow/.local/lib/python3.12/site-packages/airflow/example_dags/example_skip_dag.py
[2026-06-29T11:49:28.709+0000] {processor.py:840} INFO - DAG(s) 'example_skip_dag' retrieved from /home/airflow/.local/lib/python3.12/site-packages/airflow/example_dags/example_skip_dag.py
[2026-06-29T11:49:28.729+0000] {logging_mixin.py:188} INFO - [2026-06-29T11:49:28.729+0000] {dag.py:3096} INFO - Sync 1 DAGs
[2026-06-29T11:49:28.752+0000] {logging_mixin.py:188} INFO - [2026-06-29T11:49:28.752+0000] {dag.py:3954} INFO - Setting next_dagrun for example_skip_dag to 2026-06-28 00:00:00+00:00, run_after=2026-06-29 00:00:00+00:00
[2026-06-29T11:49:28.773+0000] {processor.py:183} INFO - Processing /home/airflow/.local/lib/python3.12/site-packages/airflow/example_dags/example_skip_dag.py took 0.080 seconds
[2026-06-29T11:49:59.164+0000] {processor.py:161} INFO - Started process (PID=122) to work on /home/airflow/.local/lib/python3.12/site-packages/airflow/example_dags/example_skip_dag.py
[2026-06-29T11:49:59.166+0000] {processor.py:830} INFO - Processing file /home/airflow/.local/lib/python3.12/site-packages/airflow/example_dags/example_skip_dag.py for tasks to queue
[2026-06-29T11:49:59.168+0000] {logging_mixin.py:188} INFO - [2026-06-29T11:49:59.168+0000] {dagbag.py:545} INFO - Filling up the DagBag from /home/airflow/.local/lib/python3.12/site-packages/airflow/example_dags/example_skip_dag.py
[2026-06-29T11:49:59.173+0000] {processor.py:840} INFO - DAG(s) 'example_skip_dag' retrieved from /home/airflow/.local/lib/python3.12/site-packages/airflow/example_dags/example_skip_dag.py
[2026-06-29T11:49:59.238+0000] {logging_mixin.py:188} INFO - [2026-06-29T11:49:59.238+0000] {dag.py:3096} INFO - Sync 1 DAGs
[2026-06-29T11:49:59.250+0000] {logging_mixin.py:188} INFO - [2026-06-29T11:49:59.249+0000] {dag.py:3954} INFO - Setting next_dagrun for example_skip_dag to 2026-06-28 00:00:00+00:00, run_after=2026-06-29 00:00:00+00:00
[2026-06-29T11:49:59.262+0000] {processor.py:183} INFO - Processing /home/airflow/.local/lib/python3.12/site-packages/airflow/example_dags/example_skip_dag.py took 0.103 seconds
[2026-06-29T11:50:29.998+0000] {processor.py:161} INFO - Started process (PID=180) to work on /home/airflow/.local/lib/python3.12/site-packages/airflow/example_dags/example_skip_dag.py
[2026-06-29T11:50:29.999+0000] {processor.py:830} INFO - Processing file /home/airflow/.local/lib/python3.12/site-packages/airflow/example_dags/example_skip_dag.py for tasks to queue
[2026-06-29T11:50:30.001+0000] {logging_mixin.py:188} INFO - [2026-06-29T11:50:30.000+0000] {dagbag.py:545} INFO - Filling up the DagBag from /home/airflow/.local/lib/python3.12/site-packages/airflow/example_dags/example_skip_dag.py
[2026-06-29T11:50:30.006+0000] {processor.py:840} INFO - DAG(s) 'example_skip_dag' retrieved from /home/airflow/.local/lib/python3.12/site-packages/airflow/example_dags/example_skip_dag.py
[2026-06-29T11:50:30.024+0000] {logging_mixin.py:188} INFO - [2026-06-29T11:50:30.023+0000] {dag.py:3096} INFO - Sync 1 DAGs
[2026-06-29T11:50:30.039+0000] {logging_mixin.py:188} INFO - [2026-06-29T11:50:30.039+0000] {dag.py:3954} INFO - Setting next_dagrun for example_skip_dag to 2026-06-28 00:00:00+00:00, run_after=2026-06-29 00:00:00+00:00
[2026-06-29T11:50:30.052+0000] {processor.py:183} INFO - Processing /home/airflow/.local/lib/python3.12/site-packages/airflow/example_dags/example_skip_dag.py took 0.059 seconds
[2026-06-29T11:51:00.493+0000] {processor.py:161} INFO - Started process (PID=238) to work on /home/airflow/.local/lib/python3.12/site-packages/airflow/example_dags/example_skip_dag.py
[2026-06-29T11:51:00.494+0000] {processor.py:830} INFO - Processing file /home/airflow/.local/lib/python3.12/site-packages/airflow/example_dags/example_skip_dag.py for tasks to queue
[2026-06-29T11:51:00.496+0000] {logging_mixin.py:188} INFO - [2026-06-29T11:51:00.495+0000] {dagbag.py:545} INFO - Filling up the DagBag from /home/airflow/.local/lib/python3.12/site-packages/airflow/example_dags/example_skip_dag.py
[2026-06-29T11:51:00.500+0000] {processor.py:840} INFO - DAG(s) 'example_skip_dag' retrieved from /home/airflow/.local/lib/python3.12/site-packages/airflow/example_dags/example_skip_dag.py
[2026-06-29T11:51:00.516+0000] {logging_mixin.py:188} INFO - [2026-06-29T11:51:00.515+0000] {dag.py:3096} INFO - Sync 1 DAGs
[2026-06-29T11:51:00.532+0000] {logging_mixin.py:188} INFO - [2026-06-29T11:51:00.532+0000] {dag.py:3954} INFO - Setting next_dagrun for example_skip_dag to 2026-06-28 00:00:00+00:00, run_after=2026-06-29 00:00:00+00:00
[2026-06-29T11:51:00.546+0000] {processor.py:183} INFO - Processing /home/airflow/.local/lib/python3.12/site-packages/airflow/example_dags/example_skip_dag.py took 0.057 seconds
[2026-06-29T11:51:30.812+0000] {processor.py:161} INFO - Started process (PID=296) to work on /home/airflow/.local/lib/python3.12/site-packages/airflow/example_dags/example_skip_dag.py
[2026-06-29T11:51:30.813+0000] {processor.py:830} INFO - Processing file /home/airflow/.local/lib/python3.12/site-packages/airflow/example_dags/example_skip_dag.py for tasks to queue
[2026-06-29T11:51:30.815+0000] {logging_mixin.py:188} INFO - [2026-06-29T11:51:30.814+0000] {dagbag.py:545} INFO - Filling up the DagBag from /home/airflow/.local/lib/python3.12/site-packages/airflow/example_dags/example_skip_dag.py
[2026-06-29T11:51:30.819+0000] {processor.py:840} INFO - DAG(s) 'example_skip_dag' retrieved from /home/airflow/.local/lib/python3.12/site-packages/airflow/example_dags/example_skip_dag.py
[2026-06-29T11:51:30.836+0000] {logging_mixin.py:188} INFO - [2026-06-29T11:51:30.835+0000] {dag.py:3096} INFO - Sync 1 DAGs
[2026-06-29T11:51:30.853+0000] {logging_mixin.py:188} INFO - [2026-06-29T11:51:30.853+0000] {dag.py:3954} INFO - Setting next_dagrun for example_skip_dag to 2026-06-28 00:00:00+00:00, run_after=2026-06-29 00:00:00+00:00
[2026-06-29T11:51:30.867+0000] {processor.py:183} INFO - Processing /home/airflow/.local/lib/python3.12/site-packages/airflow/example_dags/example_skip_dag.py took 0.059 seconds
[2026-06-29T11:52:06.731+0000] {processor.py:161} INFO - Started process (PID=64) to work on /home/airflow/.local/lib/python3.12/site-packages/airflow/example_dags/example_skip_dag.py
[2026-06-29T11:52:06.732+0000] {processor.py:830} INFO - Processing file /home/airflow/.local/lib/python3.12/site-packages/airflow/example_dags/example_skip_dag.py for tasks to queue
[2026-06-29T11:52:06.735+0000] {logging_mixin.py:188} INFO - [2026-06-29T11:52:06.734+0000] {dagbag.py:545} INFO - Filling up the DagBag from /home/airflow/.local/lib/python3.12/site-packages/airflow/example_dags/example_skip_dag.py
[2026-06-29T11:52:06.743+0000] {processor.py:840} INFO - DAG(s) 'example_skip_dag' retrieved from /home/airflow/.local/lib/python3.12/site-packages/airflow/example_dags/example_skip_dag.py
[2026-06-29T11:52:06.756+0000] {logging_mixin.py:188} INFO - [2026-06-29T11:52:06.755+0000] {dag.py:3096} INFO - Sync 1 DAGs
[2026-06-29T11:52:06.783+0000] {logging_mixin.py:188} INFO - [2026-06-29T11:52:06.783+0000] {dag.py:3954} INFO - Setting next_dagrun for example_skip_dag to 2026-06-28 00:00:00+00:00, run_after=2026-06-29 00:00:00+00:00
[2026-06-29T11:52:06.807+0000] {processor.py:183} INFO - Processing /home/airflow/.local/lib/python3.12/site-packages/airflow/example_dags/example_skip_dag.py took 0.082 seconds
[2026-06-29T11:52:37.700+0000] {processor.py:161} INFO - Started process (PID=122) to work on /home/airflow/.local/lib/python3.12/site-packages/airflow/example_dags/example_skip_dag.py
[2026-06-29T11:52:37.701+0000] {processor.py:830} INFO - Processing file /home/airflow/.local/lib/python3.12/site-packages/airflow/example_dags/example_skip_dag.py for tasks to queue
[2026-06-29T11:52:37.703+0000] {logging_mixin.py:188} INFO - [2026-06-29T11:52:37.703+0000] {dagbag.py:545} INFO - Filling up the DagBag from /home/airflow/.local/lib/python3.12/site-packages/airflow/example_dags/example_skip_dag.py
[2026-06-29T11:52:37.709+0000] {processor.py:840} INFO - DAG(s) 'example_skip_dag' retrieved from /home/airflow/.local/lib/python3.12/site-packages/airflow/example_dags/example_skip_dag.py
[2026-06-29T11:52:37.798+0000] {logging_mixin.py:188} INFO - [2026-06-29T11:52:37.798+0000] {dag.py:3096} INFO - Sync 1 DAGs
[2026-06-29T11:52:37.815+0000] {logging_mixin.py:188} INFO - [2026-06-29T11:52:37.815+0000] {dag.py:3954} INFO - Setting next_dagrun for example_skip_dag to 2026-06-28 00:00:00+00:00, run_after=2026-06-29 00:00:00+00:00
[2026-06-29T11:52:37.833+0000] {processor.py:183} INFO - Processing /home/airflow/.local/lib/python3.12/site-packages/airflow/example_dags/example_skip_dag.py took 0.138 seconds
[2026-06-29T11:53:07.876+0000] {processor.py:161} INFO - Started process (PID=186) to work on /home/airflow/.local/lib/python3.12/site-packages/airflow/example_dags/example_skip_dag.py
[2026-06-29T11:53:07.877+0000] {processor.py:830} INFO - Processing file /home/airflow/.local/lib/python3.12/site-packages/airflow/example_dags/example_skip_dag.py for tasks to queue
[2026-06-29T11:53:07.879+0000] {logging_mixin.py:188} INFO - [2026-06-29T11:53:07.879+0000] {dagbag.py:545} INFO - Filling up the DagBag from /home/airflow/.local/lib/python3.12/site-packages/airflow/example_dags/example_skip_dag.py
[2026-06-29T11:53:07.884+0000] {processor.py:840} INFO - DAG(s) 'example_skip_dag' retrieved from /home/airflow/.local/lib/python3.12/site-packages/airflow/example_dags/example_skip_dag.py
[2026-06-29T11:53:07.898+0000] {logging_mixin.py:188} INFO - [2026-06-29T11:53:07.898+0000] {dag.py:3096} INFO - Sync 1 DAGs
[2026-06-29T11:53:07.912+0000] {logging_mixin.py:188} INFO - [2026-06-29T11:53:07.912+0000] {dag.py:3954} INFO - Setting next_dagrun for example_skip_dag to 2026-06-28 00:00:00+00:00, run_after=2026-06-29 00:00:00+00:00
[2026-06-29T11:53:07.924+0000] {processor.py:183} INFO - Processing /home/airflow/.local/lib/python3.12/site-packages/airflow/example_dags/example_skip_dag.py took 0.052 seconds
[2026-06-29T11:53:38.119+0000] {processor.py:161} INFO - Started process (PID=244) to work on /home/airflow/.local/lib/python3.12/site-packages/airflow/example_dags/example_skip_dag.py
[2026-06-29T11:53:38.120+0000] {processor.py:830} INFO - Processing file /home/airflow/.local/lib/python3.12/site-packages/airflow/example_dags/example_skip_dag.py for tasks to queue
[2026-06-29T11:53:38.122+0000] {logging_mixin.py:188} INFO - [2026-06-29T11:53:38.121+0000] {dagbag.py:545} INFO - Filling up the DagBag from /home/airflow/.local/lib/python3.12/site-packages/airflow/example_dags/example_skip_dag.py
[2026-06-29T11:53:38.128+0000] {processor.py:840} INFO - DAG(s) 'example_skip_dag' retrieved from /home/airflow/.local/lib/python3.12/site-packages/airflow/example_dags/example_skip_dag.py
[2026-06-29T11:53:38.146+0000] {logging_mixin.py:188} INFO - [2026-06-29T11:53:38.146+0000] {dag.py:3096} INFO - Sync 1 DAGs
[2026-06-29T11:53:38.164+0000] {logging_mixin.py:188} INFO - [2026-06-29T11:53:38.164+0000] {dag.py:3954} INFO - Setting next_dagrun for example_skip_dag to 2026-06-28 00:00:00+00:00, run_after=2026-06-29 00:00:00+00:00
[2026-06-29T11:53:38.183+0000] {processor.py:183} INFO - Processing /home/airflow/.local/lib/python3.12/site-packages/airflow/example_dags/example_skip_dag.py took 0.068 seconds
[2026-06-29T11:54:08.245+0000] {processor.py:161} INFO - Started process (PID=302) to work on /home/airflow/.local/lib/python3.12/site-packages/airflow/example_dags/example_skip_dag.py
[2026-06-29T11:54:08.245+0000] {processor.py:830} INFO - Processing file /home/airflow/.local/lib/python3.12/site-packages/airflow/example_dags/example_skip_dag.py for tasks to queue
[2026-06-29T11:54:08.247+0000] {logging_mixin.py:188} INFO - [2026-06-29T11:54:08.247+0000] {dagbag.py:545} INFO - Filling up the DagBag from /home/airflow/.local/lib/python3.12/site-packages/airflow/example_dags/example_skip_dag.py
[2026-06-29T11:54:08.252+0000] {processor.py:840} INFO - DAG(s) 'example_skip_dag' retrieved from /home/airflow/.local/lib/python3.12/site-packages/airflow/example_dags/example_skip_dag.py
[2026-06-29T11:54:08.267+0000] {logging_mixin.py:188} INFO - [2026-06-29T11:54:08.267+0000] {dag.py:3096} INFO - Sync 1 DAGs
[2026-06-29T11:54:08.281+0000] {logging_mixin.py:188} INFO - [2026-06-29T11:54:08.281+0000] {dag.py:3954} INFO - Setting next_dagrun for example_skip_dag to 2026-06-28 00:00:00+00:00, run_after=2026-06-29 00:00:00+00:00
[2026-06-29T11:54:08.294+0000] {processor.py:183} INFO - Processing /home/airflow/.local/lib/python3.12/site-packages/airflow/example_dags/example_skip_dag.py took 0.053 seconds
