[2026-06-29T11:49:28.192+0000] {processor.py:161} INFO - Started process (PID=59) to work on /home/airflow/.local/lib/python3.12/site-packages/airflow/example_dags/example_subdag_operator.py
[2026-06-29T11:49:28.194+0000] {processor.py:830} INFO - Processing file /home/airflow/.local/lib/python3.12/site-packages/airflow/example_dags/example_subdag_operator.py for tasks to queue
[2026-06-29T11:49:28.197+0000] {logging_mixin.py:188} INFO - [2026-06-29T11:49:28.197+0000] {dagbag.py:545} INFO - Filling up the DagBag from /home/airflow/.local/lib/python3.12/site-packages/airflow/example_dags/example_subdag_operator.py
[2026-06-29T11:49:28.228+0000] {processor.py:840} INFO - DAG(s) 'example_subdag_operator.section-1', 'example_subdag_operator.section-2', 'example_subdag_operator' retrieved from /home/airflow/.local/lib/python3.12/site-packages/airflow/example_dags/example_subdag_operator.py
[2026-06-29T11:49:28.232+0000] {logging_mixin.py:188} INFO - [2026-06-29T11:49:28.231+0000] {dag.py:3096} INFO - Sync 3 DAGs
[2026-06-29T11:49:28.253+0000] {logging_mixin.py:188} INFO - [2026-06-29T11:49:28.253+0000] {dag.py:3954} INFO - Setting next_dagrun for example_subdag_operator to 2022-01-01 00:00:00+00:00, run_after=2022-01-01 00:00:00+00:00
[2026-06-29T11:49:28.257+0000] {logging_mixin.py:188} INFO - [2026-06-29T11:49:28.257+0000] {dag.py:3954} INFO - Setting next_dagrun for example_subdag_operator.section-1 to None, run_after=None
[2026-06-29T11:49:28.259+0000] {logging_mixin.py:188} INFO - [2026-06-29T11:49:28.259+0000] {dag.py:3954} INFO - Setting next_dagrun for example_subdag_operator.section-2 to None, run_after=None
[2026-06-29T11:49:28.266+0000] {logging_mixin.py:188} INFO - [2026-06-29T11:49:28.266+0000] {dag.py:3096} INFO - Sync 2 DAGs
[2026-06-29T11:49:28.270+0000] {logging_mixin.py:188} INFO - [2026-06-29T11:49:28.270+0000] {dag.py:3954} INFO - Setting next_dagrun for example_subdag_operator.section-1 to None, run_after=None
[2026-06-29T11:49:28.271+0000] {logging_mixin.py:188} INFO - [2026-06-29T11:49:28.270+0000] {dag.py:3954} INFO - Setting next_dagrun for example_subdag_operator.section-2 to None, run_after=None
[2026-06-29T11:49:28.282+0000] {processor.py:183} INFO - Processing /home/airflow/.local/lib/python3.12/site-packages/airflow/example_dags/example_subdag_operator.py took 0.099 seconds
[2026-06-29T11:49:58.779+0000] {processor.py:161} INFO - Started process (PID=117) to work on /home/airflow/.local/lib/python3.12/site-packages/airflow/example_dags/example_subdag_operator.py
[2026-06-29T11:49:58.780+0000] {processor.py:830} INFO - Processing file /home/airflow/.local/lib/python3.12/site-packages/airflow/example_dags/example_subdag_operator.py for tasks to queue
[2026-06-29T11:49:58.781+0000] {logging_mixin.py:188} INFO - [2026-06-29T11:49:58.781+0000] {dagbag.py:545} INFO - Filling up the DagBag from /home/airflow/.local/lib/python3.12/site-packages/airflow/example_dags/example_subdag_operator.py
[2026-06-29T11:49:58.797+0000] {processor.py:840} INFO - DAG(s) 'example_subdag_operator.section-1', 'example_subdag_operator.section-2', 'example_subdag_operator' retrieved from /home/airflow/.local/lib/python3.12/site-packages/airflow/example_dags/example_subdag_operator.py
[2026-06-29T11:49:58.858+0000] {logging_mixin.py:188} INFO - [2026-06-29T11:49:58.857+0000] {dag.py:3096} INFO - Sync 3 DAGs
[2026-06-29T11:49:58.871+0000] {logging_mixin.py:188} INFO - [2026-06-29T11:49:58.870+0000] {dag.py:3954} INFO - Setting next_dagrun for example_subdag_operator to 2022-01-01 00:00:00+00:00, run_after=2022-01-01 00:00:00+00:00
[2026-06-29T11:49:58.873+0000] {logging_mixin.py:188} INFO - [2026-06-29T11:49:58.873+0000] {dag.py:3954} INFO - Setting next_dagrun for example_subdag_operator.section-1 to None, run_after=None
[2026-06-29T11:49:58.874+0000] {logging_mixin.py:188} INFO - [2026-06-29T11:49:58.874+0000] {dag.py:3954} INFO - Setting next_dagrun for example_subdag_operator.section-2 to None, run_after=None
[2026-06-29T11:49:58.881+0000] {logging_mixin.py:188} INFO - [2026-06-29T11:49:58.881+0000] {dag.py:3096} INFO - Sync 2 DAGs
[2026-06-29T11:49:58.884+0000] {logging_mixin.py:188} INFO - [2026-06-29T11:49:58.884+0000] {dag.py:3954} INFO - Setting next_dagrun for example_subdag_operator.section-1 to None, run_after=None
[2026-06-29T11:49:58.885+0000] {logging_mixin.py:188} INFO - [2026-06-29T11:49:58.885+0000] {dag.py:3954} INFO - Setting next_dagrun for example_subdag_operator.section-2 to None, run_after=None
[2026-06-29T11:49:58.892+0000] {processor.py:183} INFO - Processing /home/airflow/.local/lib/python3.12/site-packages/airflow/example_dags/example_subdag_operator.py took 0.117 seconds
[2026-06-29T11:50:29.760+0000] {processor.py:161} INFO - Started process (PID=175) to work on /home/airflow/.local/lib/python3.12/site-packages/airflow/example_dags/example_subdag_operator.py
[2026-06-29T11:50:29.761+0000] {processor.py:830} INFO - Processing file /home/airflow/.local/lib/python3.12/site-packages/airflow/example_dags/example_subdag_operator.py for tasks to queue
[2026-06-29T11:50:29.763+0000] {logging_mixin.py:188} INFO - [2026-06-29T11:50:29.762+0000] {dagbag.py:545} INFO - Filling up the DagBag from /home/airflow/.local/lib/python3.12/site-packages/airflow/example_dags/example_subdag_operator.py
[2026-06-29T11:50:29.782+0000] {processor.py:840} INFO - DAG(s) 'example_subdag_operator.section-1', 'example_subdag_operator.section-2', 'example_subdag_operator' retrieved from /home/airflow/.local/lib/python3.12/site-packages/airflow/example_dags/example_subdag_operator.py
[2026-06-29T11:50:29.792+0000] {logging_mixin.py:188} INFO - [2026-06-29T11:50:29.792+0000] {dag.py:3096} INFO - Sync 3 DAGs
[2026-06-29T11:50:29.806+0000] {logging_mixin.py:188} INFO - [2026-06-29T11:50:29.806+0000] {dag.py:3954} INFO - Setting next_dagrun for example_subdag_operator to 2022-01-01 00:00:00+00:00, run_after=2022-01-01 00:00:00+00:00
[2026-06-29T11:50:29.809+0000] {logging_mixin.py:188} INFO - [2026-06-29T11:50:29.809+0000] {dag.py:3954} INFO - Setting next_dagrun for example_subdag_operator.section-1 to None, run_after=None
[2026-06-29T11:50:29.810+0000] {logging_mixin.py:188} INFO - [2026-06-29T11:50:29.810+0000] {dag.py:3954} INFO - Setting next_dagrun for example_subdag_operator.section-2 to None, run_after=None
[2026-06-29T11:50:29.816+0000] {logging_mixin.py:188} INFO - [2026-06-29T11:50:29.815+0000] {dag.py:3096} INFO - Sync 2 DAGs
[2026-06-29T11:50:29.820+0000] {logging_mixin.py:188} INFO - [2026-06-29T11:50:29.819+0000] {dag.py:3954} INFO - Setting next_dagrun for example_subdag_operator.section-1 to None, run_after=None
[2026-06-29T11:50:29.820+0000] {logging_mixin.py:188} INFO - [2026-06-29T11:50:29.820+0000] {dag.py:3954} INFO - Setting next_dagrun for example_subdag_operator.section-2 to None, run_after=None
[2026-06-29T11:50:29.829+0000] {processor.py:183} INFO - Processing /home/airflow/.local/lib/python3.12/site-packages/airflow/example_dags/example_subdag_operator.py took 0.073 seconds
[2026-06-29T11:51:00.281+0000] {processor.py:161} INFO - Started process (PID=233) to work on /home/airflow/.local/lib/python3.12/site-packages/airflow/example_dags/example_subdag_operator.py
[2026-06-29T11:51:00.283+0000] {processor.py:830} INFO - Processing file /home/airflow/.local/lib/python3.12/site-packages/airflow/example_dags/example_subdag_operator.py for tasks to queue
[2026-06-29T11:51:00.285+0000] {logging_mixin.py:188} INFO - [2026-06-29T11:51:00.284+0000] {dagbag.py:545} INFO - Filling up the DagBag from /home/airflow/.local/lib/python3.12/site-packages/airflow/example_dags/example_subdag_operator.py
[2026-06-29T11:51:00.304+0000] {processor.py:840} INFO - DAG(s) 'example_subdag_operator.section-1', 'example_subdag_operator.section-2', 'example_subdag_operator' retrieved from /home/airflow/.local/lib/python3.12/site-packages/airflow/example_dags/example_subdag_operator.py
[2026-06-29T11:51:00.315+0000] {logging_mixin.py:188} INFO - [2026-06-29T11:51:00.314+0000] {dag.py:3096} INFO - Sync 3 DAGs
[2026-06-29T11:51:00.329+0000] {logging_mixin.py:188} INFO - [2026-06-29T11:51:00.329+0000] {dag.py:3954} INFO - Setting next_dagrun for example_subdag_operator to 2022-01-01 00:00:00+00:00, run_after=2022-01-01 00:00:00+00:00
[2026-06-29T11:51:00.332+0000] {logging_mixin.py:188} INFO - [2026-06-29T11:51:00.332+0000] {dag.py:3954} INFO - Setting next_dagrun for example_subdag_operator.section-1 to None, run_after=None
[2026-06-29T11:51:00.333+0000] {logging_mixin.py:188} INFO - [2026-06-29T11:51:00.333+0000] {dag.py:3954} INFO - Setting next_dagrun for example_subdag_operator.section-2 to None, run_after=None
[2026-06-29T11:51:00.338+0000] {logging_mixin.py:188} INFO - [2026-06-29T11:51:00.338+0000] {dag.py:3096} INFO - Sync 2 DAGs
[2026-06-29T11:51:00.342+0000] {logging_mixin.py:188} INFO - [2026-06-29T11:51:00.342+0000] {dag.py:3954} INFO - Setting next_dagrun for example_subdag_operator.section-1 to None, run_after=None
[2026-06-29T11:51:00.343+0000] {logging_mixin.py:188} INFO - [2026-06-29T11:51:00.342+0000] {dag.py:3954} INFO - Setting next_dagrun for example_subdag_operator.section-2 to None, run_after=None
[2026-06-29T11:51:00.351+0000] {processor.py:183} INFO - Processing /home/airflow/.local/lib/python3.12/site-packages/airflow/example_dags/example_subdag_operator.py took 0.075 seconds
[2026-06-29T11:51:30.629+0000] {processor.py:161} INFO - Started process (PID=291) to work on /home/airflow/.local/lib/python3.12/site-packages/airflow/example_dags/example_subdag_operator.py
[2026-06-29T11:51:30.630+0000] {processor.py:830} INFO - Processing file /home/airflow/.local/lib/python3.12/site-packages/airflow/example_dags/example_subdag_operator.py for tasks to queue
[2026-06-29T11:51:30.631+0000] {logging_mixin.py:188} INFO - [2026-06-29T11:51:30.631+0000] {dagbag.py:545} INFO - Filling up the DagBag from /home/airflow/.local/lib/python3.12/site-packages/airflow/example_dags/example_subdag_operator.py
[2026-06-29T11:51:30.647+0000] {processor.py:840} INFO - DAG(s) 'example_subdag_operator.section-1', 'example_subdag_operator.section-2', 'example_subdag_operator' retrieved from /home/airflow/.local/lib/python3.12/site-packages/airflow/example_dags/example_subdag_operator.py
[2026-06-29T11:51:30.658+0000] {logging_mixin.py:188} INFO - [2026-06-29T11:51:30.658+0000] {dag.py:3096} INFO - Sync 3 DAGs
[2026-06-29T11:51:30.675+0000] {logging_mixin.py:188} INFO - [2026-06-29T11:51:30.674+0000] {dag.py:3954} INFO - Setting next_dagrun for example_subdag_operator to 2022-01-01 00:00:00+00:00, run_after=2022-01-01 00:00:00+00:00
[2026-06-29T11:51:30.678+0000] {logging_mixin.py:188} INFO - [2026-06-29T11:51:30.677+0000] {dag.py:3954} INFO - Setting next_dagrun for example_subdag_operator.section-1 to None, run_after=None
[2026-06-29T11:51:30.679+0000] {logging_mixin.py:188} INFO - [2026-06-29T11:51:30.678+0000] {dag.py:3954} INFO - Setting next_dagrun for example_subdag_operator.section-2 to None, run_after=None
[2026-06-29T11:51:30.683+0000] {logging_mixin.py:188} INFO - [2026-06-29T11:51:30.683+0000] {dag.py:3096} INFO - Sync 2 DAGs
[2026-06-29T11:51:30.689+0000] {logging_mixin.py:188} INFO - [2026-06-29T11:51:30.689+0000] {dag.py:3954} INFO - Setting next_dagrun for example_subdag_operator.section-1 to None, run_after=None
[2026-06-29T11:51:30.690+0000] {logging_mixin.py:188} INFO - [2026-06-29T11:51:30.690+0000] {dag.py:3954} INFO - Setting next_dagrun for example_subdag_operator.section-2 to None, run_after=None
[2026-06-29T11:51:30.697+0000] {processor.py:183} INFO - Processing /home/airflow/.local/lib/python3.12/site-packages/airflow/example_dags/example_subdag_operator.py took 0.072 seconds
[2026-06-29T11:52:06.419+0000] {processor.py:161} INFO - Started process (PID=59) to work on /home/airflow/.local/lib/python3.12/site-packages/airflow/example_dags/example_subdag_operator.py
[2026-06-29T11:52:06.420+0000] {processor.py:830} INFO - Processing file /home/airflow/.local/lib/python3.12/site-packages/airflow/example_dags/example_subdag_operator.py for tasks to queue
[2026-06-29T11:52:06.422+0000] {logging_mixin.py:188} INFO - [2026-06-29T11:52:06.422+0000] {dagbag.py:545} INFO - Filling up the DagBag from /home/airflow/.local/lib/python3.12/site-packages/airflow/example_dags/example_subdag_operator.py
[2026-06-29T11:52:06.446+0000] {processor.py:840} INFO - DAG(s) 'example_subdag_operator.section-1', 'example_subdag_operator.section-2', 'example_subdag_operator' retrieved from /home/airflow/.local/lib/python3.12/site-packages/airflow/example_dags/example_subdag_operator.py
[2026-06-29T11:52:06.451+0000] {logging_mixin.py:188} INFO - [2026-06-29T11:52:06.451+0000] {dag.py:3096} INFO - Sync 3 DAGs
[2026-06-29T11:52:06.481+0000] {logging_mixin.py:188} INFO - [2026-06-29T11:52:06.481+0000] {dag.py:3954} INFO - Setting next_dagrun for example_subdag_operator to 2022-01-01 00:00:00+00:00, run_after=2022-01-01 00:00:00+00:00
[2026-06-29T11:52:06.486+0000] {logging_mixin.py:188} INFO - [2026-06-29T11:52:06.486+0000] {dag.py:3954} INFO - Setting next_dagrun for example_subdag_operator.section-1 to None, run_after=None
[2026-06-29T11:52:06.488+0000] {logging_mixin.py:188} INFO - [2026-06-29T11:52:06.488+0000] {dag.py:3954} INFO - Setting next_dagrun for example_subdag_operator.section-2 to None, run_after=None
[2026-06-29T11:52:06.496+0000] {logging_mixin.py:188} INFO - [2026-06-29T11:52:06.496+0000] {dag.py:3096} INFO - Sync 2 DAGs
[2026-06-29T11:52:06.501+0000] {logging_mixin.py:188} INFO - [2026-06-29T11:52:06.501+0000] {dag.py:3954} INFO - Setting next_dagrun for example_subdag_operator.section-1 to None, run_after=None
[2026-06-29T11:52:06.502+0000] {logging_mixin.py:188} INFO - [2026-06-29T11:52:06.502+0000] {dag.py:3954} INFO - Setting next_dagrun for example_subdag_operator.section-2 to None, run_after=None
[2026-06-29T11:52:06.514+0000] {processor.py:183} INFO - Processing /home/airflow/.local/lib/python3.12/site-packages/airflow/example_dags/example_subdag_operator.py took 0.100 seconds
[2026-06-29T11:52:37.287+0000] {processor.py:161} INFO - Started process (PID=117) to work on /home/airflow/.local/lib/python3.12/site-packages/airflow/example_dags/example_subdag_operator.py
[2026-06-29T11:52:37.288+0000] {processor.py:830} INFO - Processing file /home/airflow/.local/lib/python3.12/site-packages/airflow/example_dags/example_subdag_operator.py for tasks to queue
[2026-06-29T11:52:37.290+0000] {logging_mixin.py:188} INFO - [2026-06-29T11:52:37.290+0000] {dagbag.py:545} INFO - Filling up the DagBag from /home/airflow/.local/lib/python3.12/site-packages/airflow/example_dags/example_subdag_operator.py
[2026-06-29T11:52:37.311+0000] {processor.py:840} INFO - DAG(s) 'example_subdag_operator.section-1', 'example_subdag_operator.section-2', 'example_subdag_operator' retrieved from /home/airflow/.local/lib/python3.12/site-packages/airflow/example_dags/example_subdag_operator.py
[2026-06-29T11:52:37.398+0000] {logging_mixin.py:188} INFO - [2026-06-29T11:52:37.398+0000] {dag.py:3096} INFO - Sync 3 DAGs
[2026-06-29T11:52:37.413+0000] {logging_mixin.py:188} INFO - [2026-06-29T11:52:37.413+0000] {dag.py:3954} INFO - Setting next_dagrun for example_subdag_operator to 2022-01-01 00:00:00+00:00, run_after=2022-01-01 00:00:00+00:00
[2026-06-29T11:52:37.416+0000] {logging_mixin.py:188} INFO - [2026-06-29T11:52:37.416+0000] {dag.py:3954} INFO - Setting next_dagrun for example_subdag_operator.section-1 to None, run_after=None
[2026-06-29T11:52:37.418+0000] {logging_mixin.py:188} INFO - [2026-06-29T11:52:37.418+0000] {dag.py:3954} INFO - Setting next_dagrun for example_subdag_operator.section-2 to None, run_after=None
[2026-06-29T11:52:37.426+0000] {logging_mixin.py:188} INFO - [2026-06-29T11:52:37.426+0000] {dag.py:3096} INFO - Sync 2 DAGs
[2026-06-29T11:52:37.430+0000] {logging_mixin.py:188} INFO - [2026-06-29T11:52:37.430+0000] {dag.py:3954} INFO - Setting next_dagrun for example_subdag_operator.section-1 to None, run_after=None
[2026-06-29T11:52:37.430+0000] {logging_mixin.py:188} INFO - [2026-06-29T11:52:37.430+0000] {dag.py:3954} INFO - Setting next_dagrun for example_subdag_operator.section-2 to None, run_after=None
[2026-06-29T11:52:37.439+0000] {processor.py:183} INFO - Processing /home/airflow/.local/lib/python3.12/site-packages/airflow/example_dags/example_subdag_operator.py took 0.156 seconds
[2026-06-29T11:53:07.610+0000] {processor.py:161} INFO - Started process (PID=175) to work on /home/airflow/.local/lib/python3.12/site-packages/airflow/example_dags/example_subdag_operator.py
[2026-06-29T11:53:07.611+0000] {processor.py:830} INFO - Processing file /home/airflow/.local/lib/python3.12/site-packages/airflow/example_dags/example_subdag_operator.py for tasks to queue
[2026-06-29T11:53:07.613+0000] {logging_mixin.py:188} INFO - [2026-06-29T11:53:07.613+0000] {dagbag.py:545} INFO - Filling up the DagBag from /home/airflow/.local/lib/python3.12/site-packages/airflow/example_dags/example_subdag_operator.py
[2026-06-29T11:53:07.630+0000] {processor.py:840} INFO - DAG(s) 'example_subdag_operator.section-1', 'example_subdag_operator.section-2', 'example_subdag_operator' retrieved from /home/airflow/.local/lib/python3.12/site-packages/airflow/example_dags/example_subdag_operator.py
[2026-06-29T11:53:07.641+0000] {logging_mixin.py:188} INFO - [2026-06-29T11:53:07.640+0000] {dag.py:3096} INFO - Sync 3 DAGs
[2026-06-29T11:53:07.654+0000] {logging_mixin.py:188} INFO - [2026-06-29T11:53:07.654+0000] {dag.py:3954} INFO - Setting next_dagrun for example_subdag_operator to 2022-01-01 00:00:00+00:00, run_after=2022-01-01 00:00:00+00:00
[2026-06-29T11:53:07.657+0000] {logging_mixin.py:188} INFO - [2026-06-29T11:53:07.657+0000] {dag.py:3954} INFO - Setting next_dagrun for example_subdag_operator.section-1 to None, run_after=None
[2026-06-29T11:53:07.658+0000] {logging_mixin.py:188} INFO - [2026-06-29T11:53:07.658+0000] {dag.py:3954} INFO - Setting next_dagrun for example_subdag_operator.section-2 to None, run_after=None
[2026-06-29T11:53:07.662+0000] {logging_mixin.py:188} INFO - [2026-06-29T11:53:07.662+0000] {dag.py:3096} INFO - Sync 2 DAGs
[2026-06-29T11:53:07.666+0000] {logging_mixin.py:188} INFO - [2026-06-29T11:53:07.666+0000] {dag.py:3954} INFO - Setting next_dagrun for example_subdag_operator.section-1 to None, run_after=None
[2026-06-29T11:53:07.667+0000] {logging_mixin.py:188} INFO - [2026-06-29T11:53:07.667+0000] {dag.py:3954} INFO - Setting next_dagrun for example_subdag_operator.section-2 to None, run_after=None
[2026-06-29T11:53:07.678+0000] {processor.py:183} INFO - Processing /home/airflow/.local/lib/python3.12/site-packages/airflow/example_dags/example_subdag_operator.py took 0.073 seconds
[2026-06-29T11:53:37.847+0000] {processor.py:161} INFO - Started process (PID=234) to work on /home/airflow/.local/lib/python3.12/site-packages/airflow/example_dags/example_subdag_operator.py
[2026-06-29T11:53:37.848+0000] {processor.py:830} INFO - Processing file /home/airflow/.local/lib/python3.12/site-packages/airflow/example_dags/example_subdag_operator.py for tasks to queue
[2026-06-29T11:53:37.849+0000] {logging_mixin.py:188} INFO - [2026-06-29T11:53:37.849+0000] {dagbag.py:545} INFO - Filling up the DagBag from /home/airflow/.local/lib/python3.12/site-packages/airflow/example_dags/example_subdag_operator.py
[2026-06-29T11:53:37.868+0000] {processor.py:840} INFO - DAG(s) 'example_subdag_operator.section-1', 'example_subdag_operator.section-2', 'example_subdag_operator' retrieved from /home/airflow/.local/lib/python3.12/site-packages/airflow/example_dags/example_subdag_operator.py
[2026-06-29T11:53:37.881+0000] {logging_mixin.py:188} INFO - [2026-06-29T11:53:37.880+0000] {dag.py:3096} INFO - Sync 3 DAGs
[2026-06-29T11:53:37.898+0000] {logging_mixin.py:188} INFO - [2026-06-29T11:53:37.898+0000] {dag.py:3954} INFO - Setting next_dagrun for example_subdag_operator to 2022-01-01 00:00:00+00:00, run_after=2022-01-01 00:00:00+00:00
[2026-06-29T11:53:37.901+0000] {logging_mixin.py:188} INFO - [2026-06-29T11:53:37.901+0000] {dag.py:3954} INFO - Setting next_dagrun for example_subdag_operator.section-1 to None, run_after=None
[2026-06-29T11:53:37.902+0000] {logging_mixin.py:188} INFO - [2026-06-29T11:53:37.902+0000] {dag.py:3954} INFO - Setting next_dagrun for example_subdag_operator.section-2 to None, run_after=None
[2026-06-29T11:53:37.908+0000] {logging_mixin.py:188} INFO - [2026-06-29T11:53:37.908+0000] {dag.py:3096} INFO - Sync 2 DAGs
[2026-06-29T11:53:37.912+0000] {logging_mixin.py:188} INFO - [2026-06-29T11:53:37.912+0000] {dag.py:3954} INFO - Setting next_dagrun for example_subdag_operator.section-1 to None, run_after=None
[2026-06-29T11:53:37.912+0000] {logging_mixin.py:188} INFO - [2026-06-29T11:53:37.912+0000] {dag.py:3954} INFO - Setting next_dagrun for example_subdag_operator.section-2 to None, run_after=None
[2026-06-29T11:53:37.920+0000] {processor.py:183} INFO - Processing /home/airflow/.local/lib/python3.12/site-packages/airflow/example_dags/example_subdag_operator.py took 0.077 seconds
[2026-06-29T11:54:08.002+0000] {processor.py:161} INFO - Started process (PID=297) to work on /home/airflow/.local/lib/python3.12/site-packages/airflow/example_dags/example_subdag_operator.py
[2026-06-29T11:54:08.003+0000] {processor.py:830} INFO - Processing file /home/airflow/.local/lib/python3.12/site-packages/airflow/example_dags/example_subdag_operator.py for tasks to queue
[2026-06-29T11:54:08.005+0000] {logging_mixin.py:188} INFO - [2026-06-29T11:54:08.005+0000] {dagbag.py:545} INFO - Filling up the DagBag from /home/airflow/.local/lib/python3.12/site-packages/airflow/example_dags/example_subdag_operator.py
[2026-06-29T11:54:08.022+0000] {processor.py:840} INFO - DAG(s) 'example_subdag_operator.section-1', 'example_subdag_operator.section-2', 'example_subdag_operator' retrieved from /home/airflow/.local/lib/python3.12/site-packages/airflow/example_dags/example_subdag_operator.py
[2026-06-29T11:54:08.032+0000] {logging_mixin.py:188} INFO - [2026-06-29T11:54:08.032+0000] {dag.py:3096} INFO - Sync 3 DAGs
[2026-06-29T11:54:08.047+0000] {logging_mixin.py:188} INFO - [2026-06-29T11:54:08.047+0000] {dag.py:3954} INFO - Setting next_dagrun for example_subdag_operator to 2022-01-01 00:00:00+00:00, run_after=2022-01-01 00:00:00+00:00
[2026-06-29T11:54:08.049+0000] {logging_mixin.py:188} INFO - [2026-06-29T11:54:08.049+0000] {dag.py:3954} INFO - Setting next_dagrun for example_subdag_operator.section-1 to None, run_after=None
[2026-06-29T11:54:08.051+0000] {logging_mixin.py:188} INFO - [2026-06-29T11:54:08.051+0000] {dag.py:3954} INFO - Setting next_dagrun for example_subdag_operator.section-2 to None, run_after=None
[2026-06-29T11:54:08.056+0000] {logging_mixin.py:188} INFO - [2026-06-29T11:54:08.056+0000] {dag.py:3096} INFO - Sync 2 DAGs
[2026-06-29T11:54:08.059+0000] {logging_mixin.py:188} INFO - [2026-06-29T11:54:08.059+0000] {dag.py:3954} INFO - Setting next_dagrun for example_subdag_operator.section-1 to None, run_after=None
[2026-06-29T11:54:08.060+0000] {logging_mixin.py:188} INFO - [2026-06-29T11:54:08.060+0000] {dag.py:3954} INFO - Setting next_dagrun for example_subdag_operator.section-2 to None, run_after=None
[2026-06-29T11:54:08.068+0000] {processor.py:183} INFO - Processing /home/airflow/.local/lib/python3.12/site-packages/airflow/example_dags/example_subdag_operator.py took 0.070 seconds
