[2026-06-29T11:49:29.053+0000] {processor.py:161} INFO - Started process (PID=68) to work on /home/airflow/.local/lib/python3.12/site-packages/airflow/example_dags/example_sensors.py
[2026-06-29T11:49:29.055+0000] {processor.py:830} INFO - Processing file /home/airflow/.local/lib/python3.12/site-packages/airflow/example_dags/example_sensors.py for tasks to queue
[2026-06-29T11:49:29.058+0000] {logging_mixin.py:188} INFO - [2026-06-29T11:49:29.057+0000] {dagbag.py:545} INFO - Filling up the DagBag from /home/airflow/.local/lib/python3.12/site-packages/airflow/example_dags/example_sensors.py
[2026-06-29T11:49:29.077+0000] {processor.py:840} INFO - DAG(s) 'example_sensors' retrieved from /home/airflow/.local/lib/python3.12/site-packages/airflow/example_dags/example_sensors.py
[2026-06-29T11:49:29.102+0000] {logging_mixin.py:188} INFO - [2026-06-29T11:49:29.102+0000] {dag.py:3096} INFO - Sync 1 DAGs
[2026-06-29T11:49:29.115+0000] {logging_mixin.py:188} INFO - [2026-06-29T11:49:29.114+0000] {dag.py:3954} INFO - Setting next_dagrun for example_sensors to None, run_after=None
[2026-06-29T11:49:29.142+0000] {processor.py:183} INFO - Processing /home/airflow/.local/lib/python3.12/site-packages/airflow/example_dags/example_sensors.py took 0.105 seconds
[2026-06-29T11:49:59.439+0000] {processor.py:161} INFO - Started process (PID=126) to work on /home/airflow/.local/lib/python3.12/site-packages/airflow/example_dags/example_sensors.py
[2026-06-29T11:49:59.440+0000] {processor.py:830} INFO - Processing file /home/airflow/.local/lib/python3.12/site-packages/airflow/example_dags/example_sensors.py for tasks to queue
[2026-06-29T11:49:59.442+0000] {logging_mixin.py:188} INFO - [2026-06-29T11:49:59.442+0000] {dagbag.py:545} INFO - Filling up the DagBag from /home/airflow/.local/lib/python3.12/site-packages/airflow/example_dags/example_sensors.py
[2026-06-29T11:49:59.449+0000] {processor.py:840} INFO - DAG(s) 'example_sensors' retrieved from /home/airflow/.local/lib/python3.12/site-packages/airflow/example_dags/example_sensors.py
[2026-06-29T11:49:59.522+0000] {logging_mixin.py:188} INFO - [2026-06-29T11:49:59.521+0000] {dag.py:3096} INFO - Sync 1 DAGs
[2026-06-29T11:49:59.529+0000] {logging_mixin.py:188} INFO - [2026-06-29T11:49:59.529+0000] {dag.py:3954} INFO - Setting next_dagrun for example_sensors to None, run_after=None
[2026-06-29T11:49:59.541+0000] {processor.py:183} INFO - Processing /home/airflow/.local/lib/python3.12/site-packages/airflow/example_dags/example_sensors.py took 0.106 seconds
[2026-06-29T11:50:30.184+0000] {processor.py:161} INFO - Started process (PID=184) to work on /home/airflow/.local/lib/python3.12/site-packages/airflow/example_dags/example_sensors.py
[2026-06-29T11:50:30.185+0000] {processor.py:830} INFO - Processing file /home/airflow/.local/lib/python3.12/site-packages/airflow/example_dags/example_sensors.py for tasks to queue
[2026-06-29T11:50:30.187+0000] {logging_mixin.py:188} INFO - [2026-06-29T11:50:30.187+0000] {dagbag.py:545} INFO - Filling up the DagBag from /home/airflow/.local/lib/python3.12/site-packages/airflow/example_dags/example_sensors.py
[2026-06-29T11:50:30.195+0000] {processor.py:840} INFO - DAG(s) 'example_sensors' retrieved from /home/airflow/.local/lib/python3.12/site-packages/airflow/example_dags/example_sensors.py
[2026-06-29T11:50:30.215+0000] {logging_mixin.py:188} INFO - [2026-06-29T11:50:30.214+0000] {dag.py:3096} INFO - Sync 1 DAGs
[2026-06-29T11:50:30.224+0000] {logging_mixin.py:188} INFO - [2026-06-29T11:50:30.224+0000] {dag.py:3954} INFO - Setting next_dagrun for example_sensors to None, run_after=None
[2026-06-29T11:50:30.239+0000] {processor.py:183} INFO - Processing /home/airflow/.local/lib/python3.12/site-packages/airflow/example_dags/example_sensors.py took 0.061 seconds
[2026-06-29T11:51:00.654+0000] {processor.py:161} INFO - Started process (PID=242) to work on /home/airflow/.local/lib/python3.12/site-packages/airflow/example_dags/example_sensors.py
[2026-06-29T11:51:00.655+0000] {processor.py:830} INFO - Processing file /home/airflow/.local/lib/python3.12/site-packages/airflow/example_dags/example_sensors.py for tasks to queue
[2026-06-29T11:51:00.656+0000] {logging_mixin.py:188} INFO - [2026-06-29T11:51:00.656+0000] {dagbag.py:545} INFO - Filling up the DagBag from /home/airflow/.local/lib/python3.12/site-packages/airflow/example_dags/example_sensors.py
[2026-06-29T11:51:00.663+0000] {processor.py:840} INFO - DAG(s) 'example_sensors' retrieved from /home/airflow/.local/lib/python3.12/site-packages/airflow/example_dags/example_sensors.py
[2026-06-29T11:51:00.680+0000] {logging_mixin.py:188} INFO - [2026-06-29T11:51:00.680+0000] {dag.py:3096} INFO - Sync 1 DAGs
[2026-06-29T11:51:00.688+0000] {logging_mixin.py:188} INFO - [2026-06-29T11:51:00.688+0000] {dag.py:3954} INFO - Setting next_dagrun for example_sensors to None, run_after=None
[2026-06-29T11:51:00.701+0000] {processor.py:183} INFO - Processing /home/airflow/.local/lib/python3.12/site-packages/airflow/example_dags/example_sensors.py took 0.052 seconds
[2026-06-29T11:51:30.977+0000] {processor.py:161} INFO - Started process (PID=300) to work on /home/airflow/.local/lib/python3.12/site-packages/airflow/example_dags/example_sensors.py
[2026-06-29T11:51:30.978+0000] {processor.py:830} INFO - Processing file /home/airflow/.local/lib/python3.12/site-packages/airflow/example_dags/example_sensors.py for tasks to queue
[2026-06-29T11:51:30.979+0000] {logging_mixin.py:188} INFO - [2026-06-29T11:51:30.979+0000] {dagbag.py:545} INFO - Filling up the DagBag from /home/airflow/.local/lib/python3.12/site-packages/airflow/example_dags/example_sensors.py
[2026-06-29T11:51:30.986+0000] {processor.py:840} INFO - DAG(s) 'example_sensors' retrieved from /home/airflow/.local/lib/python3.12/site-packages/airflow/example_dags/example_sensors.py
[2026-06-29T11:51:31.003+0000] {logging_mixin.py:188} INFO - [2026-06-29T11:51:31.003+0000] {dag.py:3096} INFO - Sync 1 DAGs
[2026-06-29T11:51:31.012+0000] {logging_mixin.py:188} INFO - [2026-06-29T11:51:31.012+0000] {dag.py:3954} INFO - Setting next_dagrun for example_sensors to None, run_after=None
[2026-06-29T11:51:31.025+0000] {processor.py:183} INFO - Processing /home/airflow/.local/lib/python3.12/site-packages/airflow/example_dags/example_sensors.py took 0.052 seconds
[2026-06-29T11:52:07.328+0000] {processor.py:161} INFO - Started process (PID=68) to work on /home/airflow/.local/lib/python3.12/site-packages/airflow/example_dags/example_sensors.py
[2026-06-29T11:52:07.329+0000] {processor.py:830} INFO - Processing file /home/airflow/.local/lib/python3.12/site-packages/airflow/example_dags/example_sensors.py for tasks to queue
[2026-06-29T11:52:07.332+0000] {logging_mixin.py:188} INFO - [2026-06-29T11:52:07.331+0000] {dagbag.py:545} INFO - Filling up the DagBag from /home/airflow/.local/lib/python3.12/site-packages/airflow/example_dags/example_sensors.py
[2026-06-29T11:52:07.346+0000] {processor.py:840} INFO - DAG(s) 'example_sensors' retrieved from /home/airflow/.local/lib/python3.12/site-packages/airflow/example_dags/example_sensors.py
[2026-06-29T11:52:07.360+0000] {logging_mixin.py:188} INFO - [2026-06-29T11:52:07.360+0000] {dag.py:3096} INFO - Sync 1 DAGs
[2026-06-29T11:52:07.382+0000] {logging_mixin.py:188} INFO - [2026-06-29T11:52:07.382+0000] {dag.py:3954} INFO - Setting next_dagrun for example_sensors to None, run_after=None
[2026-06-29T11:52:07.414+0000] {processor.py:183} INFO - Processing /home/airflow/.local/lib/python3.12/site-packages/airflow/example_dags/example_sensors.py took 0.092 seconds
[2026-06-29T11:52:38.032+0000] {processor.py:161} INFO - Started process (PID=132) to work on /home/airflow/.local/lib/python3.12/site-packages/airflow/example_dags/example_sensors.py
[2026-06-29T11:52:38.033+0000] {processor.py:830} INFO - Processing file /home/airflow/.local/lib/python3.12/site-packages/airflow/example_dags/example_sensors.py for tasks to queue
[2026-06-29T11:52:38.034+0000] {logging_mixin.py:188} INFO - [2026-06-29T11:52:38.034+0000] {dagbag.py:545} INFO - Filling up the DagBag from /home/airflow/.local/lib/python3.12/site-packages/airflow/example_dags/example_sensors.py
[2026-06-29T11:52:38.041+0000] {processor.py:840} INFO - DAG(s) 'example_sensors' retrieved from /home/airflow/.local/lib/python3.12/site-packages/airflow/example_dags/example_sensors.py
[2026-06-29T11:52:38.141+0000] {logging_mixin.py:188} INFO - [2026-06-29T11:52:38.140+0000] {dag.py:3096} INFO - Sync 1 DAGs
[2026-06-29T11:52:38.150+0000] {logging_mixin.py:188} INFO - [2026-06-29T11:52:38.150+0000] {dag.py:3954} INFO - Setting next_dagrun for example_sensors to None, run_after=None
[2026-06-29T11:52:38.171+0000] {processor.py:183} INFO - Processing /home/airflow/.local/lib/python3.12/site-packages/airflow/example_dags/example_sensors.py took 0.144 seconds
[2026-06-29T11:53:09.046+0000] {processor.py:161} INFO - Started process (PID=190) to work on /home/airflow/.local/lib/python3.12/site-packages/airflow/example_dags/example_sensors.py
[2026-06-29T11:53:09.047+0000] {processor.py:830} INFO - Processing file /home/airflow/.local/lib/python3.12/site-packages/airflow/example_dags/example_sensors.py for tasks to queue
[2026-06-29T11:53:09.048+0000] {logging_mixin.py:188} INFO - [2026-06-29T11:53:09.048+0000] {dagbag.py:545} INFO - Filling up the DagBag from /home/airflow/.local/lib/python3.12/site-packages/airflow/example_dags/example_sensors.py
[2026-06-29T11:53:09.054+0000] {processor.py:840} INFO - DAG(s) 'example_sensors' retrieved from /home/airflow/.local/lib/python3.12/site-packages/airflow/example_dags/example_sensors.py
[2026-06-29T11:53:09.071+0000] {logging_mixin.py:188} INFO - [2026-06-29T11:53:09.071+0000] {dag.py:3096} INFO - Sync 1 DAGs
[2026-06-29T11:53:09.080+0000] {logging_mixin.py:188} INFO - [2026-06-29T11:53:09.080+0000] {dag.py:3954} INFO - Setting next_dagrun for example_sensors to None, run_after=None
[2026-06-29T11:53:09.092+0000] {processor.py:183} INFO - Processing /home/airflow/.local/lib/python3.12/site-packages/airflow/example_dags/example_sensors.py took 0.050 seconds
[2026-06-29T11:53:39.308+0000] {processor.py:161} INFO - Started process (PID=248) to work on /home/airflow/.local/lib/python3.12/site-packages/airflow/example_dags/example_sensors.py
[2026-06-29T11:53:39.309+0000] {processor.py:830} INFO - Processing file /home/airflow/.local/lib/python3.12/site-packages/airflow/example_dags/example_sensors.py for tasks to queue
[2026-06-29T11:53:39.311+0000] {logging_mixin.py:188} INFO - [2026-06-29T11:53:39.311+0000] {dagbag.py:545} INFO - Filling up the DagBag from /home/airflow/.local/lib/python3.12/site-packages/airflow/example_dags/example_sensors.py
[2026-06-29T11:53:39.319+0000] {processor.py:840} INFO - DAG(s) 'example_sensors' retrieved from /home/airflow/.local/lib/python3.12/site-packages/airflow/example_dags/example_sensors.py
[2026-06-29T11:53:39.341+0000] {logging_mixin.py:188} INFO - [2026-06-29T11:53:39.340+0000] {dag.py:3096} INFO - Sync 1 DAGs
[2026-06-29T11:53:39.351+0000] {logging_mixin.py:188} INFO - [2026-06-29T11:53:39.351+0000] {dag.py:3954} INFO - Setting next_dagrun for example_sensors to None, run_after=None
[2026-06-29T11:53:39.367+0000] {processor.py:183} INFO - Processing /home/airflow/.local/lib/python3.12/site-packages/airflow/example_dags/example_sensors.py took 0.063 seconds
[2026-06-29T11:54:09.470+0000] {processor.py:161} INFO - Started process (PID=306) to work on /home/airflow/.local/lib/python3.12/site-packages/airflow/example_dags/example_sensors.py
[2026-06-29T11:54:09.472+0000] {processor.py:830} INFO - Processing file /home/airflow/.local/lib/python3.12/site-packages/airflow/example_dags/example_sensors.py for tasks to queue
[2026-06-29T11:54:09.474+0000] {logging_mixin.py:188} INFO - [2026-06-29T11:54:09.474+0000] {dagbag.py:545} INFO - Filling up the DagBag from /home/airflow/.local/lib/python3.12/site-packages/airflow/example_dags/example_sensors.py
[2026-06-29T11:54:09.482+0000] {processor.py:840} INFO - DAG(s) 'example_sensors' retrieved from /home/airflow/.local/lib/python3.12/site-packages/airflow/example_dags/example_sensors.py
[2026-06-29T11:54:09.502+0000] {logging_mixin.py:188} INFO - [2026-06-29T11:54:09.502+0000] {dag.py:3096} INFO - Sync 1 DAGs
[2026-06-29T11:54:09.512+0000] {logging_mixin.py:188} INFO - [2026-06-29T11:54:09.512+0000] {dag.py:3954} INFO - Setting next_dagrun for example_sensors to None, run_after=None
[2026-06-29T11:54:09.527+0000] {processor.py:183} INFO - Processing /home/airflow/.local/lib/python3.12/site-packages/airflow/example_dags/example_sensors.py took 0.061 seconds
