[2026-06-29T11:49:27.900+0000] {processor.py:161} INFO - Started process (PID=53) to work on /home/airflow/.local/lib/python3.12/site-packages/airflow/example_dags/example_external_task_marker_dag.py
[2026-06-29T11:49:27.902+0000] {processor.py:830} INFO - Processing file /home/airflow/.local/lib/python3.12/site-packages/airflow/example_dags/example_external_task_marker_dag.py for tasks to queue
[2026-06-29T11:49:27.904+0000] {logging_mixin.py:188} INFO - [2026-06-29T11:49:27.904+0000] {dagbag.py:545} INFO - Filling up the DagBag from /home/airflow/.local/lib/python3.12/site-packages/airflow/example_dags/example_external_task_marker_dag.py
[2026-06-29T11:49:27.913+0000] {processor.py:840} INFO - DAG(s) 'example_external_task_marker_child', 'example_external_task_marker_parent' retrieved from /home/airflow/.local/lib/python3.12/site-packages/airflow/example_dags/example_external_task_marker_dag.py
[2026-06-29T11:49:27.925+0000] {logging_mixin.py:188} INFO - [2026-06-29T11:49:27.925+0000] {dag.py:3096} INFO - Sync 2 DAGs
[2026-06-29T11:49:27.939+0000] {logging_mixin.py:188} INFO - [2026-06-29T11:49:27.939+0000] {dag.py:3954} INFO - Setting next_dagrun for example_external_task_marker_child to None, run_after=None
[2026-06-29T11:49:27.944+0000] {logging_mixin.py:188} INFO - [2026-06-29T11:49:27.944+0000] {dag.py:3954} INFO - Setting next_dagrun for example_external_task_marker_parent to None, run_after=None
[2026-06-29T11:49:27.960+0000] {processor.py:183} INFO - Processing /home/airflow/.local/lib/python3.12/site-packages/airflow/example_dags/example_external_task_marker_dag.py took 0.065 seconds
[2026-06-29T11:49:58.393+0000] {processor.py:161} INFO - Started process (PID=111) to work on /home/airflow/.local/lib/python3.12/site-packages/airflow/example_dags/example_external_task_marker_dag.py
[2026-06-29T11:49:58.393+0000] {processor.py:830} INFO - Processing file /home/airflow/.local/lib/python3.12/site-packages/airflow/example_dags/example_external_task_marker_dag.py for tasks to queue
[2026-06-29T11:49:58.395+0000] {logging_mixin.py:188} INFO - [2026-06-29T11:49:58.394+0000] {dagbag.py:545} INFO - Filling up the DagBag from /home/airflow/.local/lib/python3.12/site-packages/airflow/example_dags/example_external_task_marker_dag.py
[2026-06-29T11:49:58.399+0000] {processor.py:840} INFO - DAG(s) 'example_external_task_marker_child', 'example_external_task_marker_parent' retrieved from /home/airflow/.local/lib/python3.12/site-packages/airflow/example_dags/example_external_task_marker_dag.py
[2026-06-29T11:49:58.467+0000] {logging_mixin.py:188} INFO - [2026-06-29T11:49:58.467+0000] {dag.py:3096} INFO - Sync 2 DAGs
[2026-06-29T11:49:58.474+0000] {logging_mixin.py:188} INFO - [2026-06-29T11:49:58.474+0000] {dag.py:3954} INFO - Setting next_dagrun for example_external_task_marker_child to None, run_after=None
[2026-06-29T11:49:58.476+0000] {logging_mixin.py:188} INFO - [2026-06-29T11:49:58.476+0000] {dag.py:3954} INFO - Setting next_dagrun for example_external_task_marker_parent to None, run_after=None
[2026-06-29T11:49:58.487+0000] {processor.py:183} INFO - Processing /home/airflow/.local/lib/python3.12/site-packages/airflow/example_dags/example_external_task_marker_dag.py took 0.098 seconds
[2026-06-29T11:50:28.545+0000] {processor.py:161} INFO - Started process (PID=169) to work on /home/airflow/.local/lib/python3.12/site-packages/airflow/example_dags/example_external_task_marker_dag.py
[2026-06-29T11:50:28.546+0000] {processor.py:830} INFO - Processing file /home/airflow/.local/lib/python3.12/site-packages/airflow/example_dags/example_external_task_marker_dag.py for tasks to queue
[2026-06-29T11:50:28.547+0000] {logging_mixin.py:188} INFO - [2026-06-29T11:50:28.547+0000] {dagbag.py:545} INFO - Filling up the DagBag from /home/airflow/.local/lib/python3.12/site-packages/airflow/example_dags/example_external_task_marker_dag.py
[2026-06-29T11:50:28.552+0000] {processor.py:840} INFO - DAG(s) 'example_external_task_marker_child', 'example_external_task_marker_parent' retrieved from /home/airflow/.local/lib/python3.12/site-packages/airflow/example_dags/example_external_task_marker_dag.py
[2026-06-29T11:50:28.567+0000] {logging_mixin.py:188} INFO - [2026-06-29T11:50:28.567+0000] {dag.py:3096} INFO - Sync 2 DAGs
[2026-06-29T11:50:28.576+0000] {logging_mixin.py:188} INFO - [2026-06-29T11:50:28.576+0000] {dag.py:3954} INFO - Setting next_dagrun for example_external_task_marker_child to None, run_after=None
[2026-06-29T11:50:28.578+0000] {logging_mixin.py:188} INFO - [2026-06-29T11:50:28.578+0000] {dag.py:3954} INFO - Setting next_dagrun for example_external_task_marker_parent to None, run_after=None
[2026-06-29T11:50:28.590+0000] {processor.py:183} INFO - Processing /home/airflow/.local/lib/python3.12/site-packages/airflow/example_dags/example_external_task_marker_dag.py took 0.049 seconds
[2026-06-29T11:50:59.017+0000] {processor.py:161} INFO - Started process (PID=227) to work on /home/airflow/.local/lib/python3.12/site-packages/airflow/example_dags/example_external_task_marker_dag.py
[2026-06-29T11:50:59.019+0000] {processor.py:830} INFO - Processing file /home/airflow/.local/lib/python3.12/site-packages/airflow/example_dags/example_external_task_marker_dag.py for tasks to queue
[2026-06-29T11:50:59.020+0000] {logging_mixin.py:188} INFO - [2026-06-29T11:50:59.020+0000] {dagbag.py:545} INFO - Filling up the DagBag from /home/airflow/.local/lib/python3.12/site-packages/airflow/example_dags/example_external_task_marker_dag.py
[2026-06-29T11:50:59.025+0000] {processor.py:840} INFO - DAG(s) 'example_external_task_marker_parent', 'example_external_task_marker_child' retrieved from /home/airflow/.local/lib/python3.12/site-packages/airflow/example_dags/example_external_task_marker_dag.py
[2026-06-29T11:50:59.041+0000] {logging_mixin.py:188} INFO - [2026-06-29T11:50:59.041+0000] {dag.py:3096} INFO - Sync 2 DAGs
[2026-06-29T11:50:59.050+0000] {logging_mixin.py:188} INFO - [2026-06-29T11:50:59.050+0000] {dag.py:3954} INFO - Setting next_dagrun for example_external_task_marker_child to None, run_after=None
[2026-06-29T11:50:59.053+0000] {logging_mixin.py:188} INFO - [2026-06-29T11:50:59.053+0000] {dag.py:3954} INFO - Setting next_dagrun for example_external_task_marker_parent to None, run_after=None
[2026-06-29T11:50:59.065+0000] {processor.py:183} INFO - Processing /home/airflow/.local/lib/python3.12/site-packages/airflow/example_dags/example_external_task_marker_dag.py took 0.052 seconds
[2026-06-29T11:51:29.286+0000] {processor.py:161} INFO - Started process (PID=285) to work on /home/airflow/.local/lib/python3.12/site-packages/airflow/example_dags/example_external_task_marker_dag.py
[2026-06-29T11:51:29.287+0000] {processor.py:830} INFO - Processing file /home/airflow/.local/lib/python3.12/site-packages/airflow/example_dags/example_external_task_marker_dag.py for tasks to queue
[2026-06-29T11:51:29.288+0000] {logging_mixin.py:188} INFO - [2026-06-29T11:51:29.288+0000] {dagbag.py:545} INFO - Filling up the DagBag from /home/airflow/.local/lib/python3.12/site-packages/airflow/example_dags/example_external_task_marker_dag.py
[2026-06-29T11:51:29.293+0000] {processor.py:840} INFO - DAG(s) 'example_external_task_marker_child', 'example_external_task_marker_parent' retrieved from /home/airflow/.local/lib/python3.12/site-packages/airflow/example_dags/example_external_task_marker_dag.py
[2026-06-29T11:51:29.309+0000] {logging_mixin.py:188} INFO - [2026-06-29T11:51:29.309+0000] {dag.py:3096} INFO - Sync 2 DAGs
[2026-06-29T11:51:29.318+0000] {logging_mixin.py:188} INFO - [2026-06-29T11:51:29.318+0000] {dag.py:3954} INFO - Setting next_dagrun for example_external_task_marker_child to None, run_after=None
[2026-06-29T11:51:29.320+0000] {logging_mixin.py:188} INFO - [2026-06-29T11:51:29.320+0000] {dag.py:3954} INFO - Setting next_dagrun for example_external_task_marker_parent to None, run_after=None
[2026-06-29T11:51:29.332+0000] {processor.py:183} INFO - Processing /home/airflow/.local/lib/python3.12/site-packages/airflow/example_dags/example_external_task_marker_dag.py took 0.051 seconds
[2026-06-29T11:52:05.944+0000] {processor.py:161} INFO - Started process (PID=53) to work on /home/airflow/.local/lib/python3.12/site-packages/airflow/example_dags/example_external_task_marker_dag.py
[2026-06-29T11:52:05.945+0000] {processor.py:830} INFO - Processing file /home/airflow/.local/lib/python3.12/site-packages/airflow/example_dags/example_external_task_marker_dag.py for tasks to queue
[2026-06-29T11:52:05.949+0000] {logging_mixin.py:188} INFO - [2026-06-29T11:52:05.948+0000] {dagbag.py:545} INFO - Filling up the DagBag from /home/airflow/.local/lib/python3.12/site-packages/airflow/example_dags/example_external_task_marker_dag.py
[2026-06-29T11:52:05.961+0000] {processor.py:840} INFO - DAG(s) 'example_external_task_marker_child', 'example_external_task_marker_parent' retrieved from /home/airflow/.local/lib/python3.12/site-packages/airflow/example_dags/example_external_task_marker_dag.py
[2026-06-29T11:52:05.983+0000] {logging_mixin.py:188} INFO - [2026-06-29T11:52:05.982+0000] {dag.py:3096} INFO - Sync 2 DAGs
[2026-06-29T11:52:06.009+0000] {logging_mixin.py:188} INFO - [2026-06-29T11:52:06.009+0000] {dag.py:3954} INFO - Setting next_dagrun for example_external_task_marker_child to None, run_after=None
[2026-06-29T11:52:06.016+0000] {logging_mixin.py:188} INFO - [2026-06-29T11:52:06.016+0000] {dag.py:3954} INFO - Setting next_dagrun for example_external_task_marker_parent to None, run_after=None
[2026-06-29T11:52:06.044+0000] {processor.py:183} INFO - Processing /home/airflow/.local/lib/python3.12/site-packages/airflow/example_dags/example_external_task_marker_dag.py took 0.111 seconds
[2026-06-29T11:52:36.830+0000] {processor.py:161} INFO - Started process (PID=111) to work on /home/airflow/.local/lib/python3.12/site-packages/airflow/example_dags/example_external_task_marker_dag.py
[2026-06-29T11:52:36.831+0000] {processor.py:830} INFO - Processing file /home/airflow/.local/lib/python3.12/site-packages/airflow/example_dags/example_external_task_marker_dag.py for tasks to queue
[2026-06-29T11:52:36.833+0000] {logging_mixin.py:188} INFO - [2026-06-29T11:52:36.833+0000] {dagbag.py:545} INFO - Filling up the DagBag from /home/airflow/.local/lib/python3.12/site-packages/airflow/example_dags/example_external_task_marker_dag.py
[2026-06-29T11:52:36.838+0000] {processor.py:840} INFO - DAG(s) 'example_external_task_marker_parent', 'example_external_task_marker_child' retrieved from /home/airflow/.local/lib/python3.12/site-packages/airflow/example_dags/example_external_task_marker_dag.py
[2026-06-29T11:52:36.927+0000] {logging_mixin.py:188} INFO - [2026-06-29T11:52:36.927+0000] {dag.py:3096} INFO - Sync 2 DAGs
[2026-06-29T11:52:36.936+0000] {logging_mixin.py:188} INFO - [2026-06-29T11:52:36.936+0000] {dag.py:3954} INFO - Setting next_dagrun for example_external_task_marker_child to None, run_after=None
[2026-06-29T11:52:36.939+0000] {logging_mixin.py:188} INFO - [2026-06-29T11:52:36.939+0000] {dag.py:3954} INFO - Setting next_dagrun for example_external_task_marker_parent to None, run_after=None
[2026-06-29T11:52:36.952+0000] {processor.py:183} INFO - Processing /home/airflow/.local/lib/python3.12/site-packages/airflow/example_dags/example_external_task_marker_dag.py took 0.126 seconds
[2026-06-29T11:53:07.279+0000] {processor.py:161} INFO - Started process (PID=169) to work on /home/airflow/.local/lib/python3.12/site-packages/airflow/example_dags/example_external_task_marker_dag.py
[2026-06-29T11:53:07.280+0000] {processor.py:830} INFO - Processing file /home/airflow/.local/lib/python3.12/site-packages/airflow/example_dags/example_external_task_marker_dag.py for tasks to queue
[2026-06-29T11:53:07.281+0000] {logging_mixin.py:188} INFO - [2026-06-29T11:53:07.281+0000] {dagbag.py:545} INFO - Filling up the DagBag from /home/airflow/.local/lib/python3.12/site-packages/airflow/example_dags/example_external_task_marker_dag.py
[2026-06-29T11:53:07.286+0000] {processor.py:840} INFO - DAG(s) 'example_external_task_marker_child', 'example_external_task_marker_parent' retrieved from /home/airflow/.local/lib/python3.12/site-packages/airflow/example_dags/example_external_task_marker_dag.py
[2026-06-29T11:53:07.302+0000] {logging_mixin.py:188} INFO - [2026-06-29T11:53:07.302+0000] {dag.py:3096} INFO - Sync 2 DAGs
[2026-06-29T11:53:07.310+0000] {logging_mixin.py:188} INFO - [2026-06-29T11:53:07.310+0000] {dag.py:3954} INFO - Setting next_dagrun for example_external_task_marker_child to None, run_after=None
[2026-06-29T11:53:07.313+0000] {logging_mixin.py:188} INFO - [2026-06-29T11:53:07.313+0000] {dag.py:3954} INFO - Setting next_dagrun for example_external_task_marker_parent to None, run_after=None
[2026-06-29T11:53:07.323+0000] {processor.py:183} INFO - Processing /home/airflow/.local/lib/python3.12/site-packages/airflow/example_dags/example_external_task_marker_dag.py took 0.048 seconds
[2026-06-29T11:53:37.511+0000] {processor.py:161} INFO - Started process (PID=227) to work on /home/airflow/.local/lib/python3.12/site-packages/airflow/example_dags/example_external_task_marker_dag.py
[2026-06-29T11:53:37.512+0000] {processor.py:830} INFO - Processing file /home/airflow/.local/lib/python3.12/site-packages/airflow/example_dags/example_external_task_marker_dag.py for tasks to queue
[2026-06-29T11:53:37.513+0000] {logging_mixin.py:188} INFO - [2026-06-29T11:53:37.513+0000] {dagbag.py:545} INFO - Filling up the DagBag from /home/airflow/.local/lib/python3.12/site-packages/airflow/example_dags/example_external_task_marker_dag.py
[2026-06-29T11:53:37.518+0000] {processor.py:840} INFO - DAG(s) 'example_external_task_marker_parent', 'example_external_task_marker_child' retrieved from /home/airflow/.local/lib/python3.12/site-packages/airflow/example_dags/example_external_task_marker_dag.py
[2026-06-29T11:53:37.535+0000] {logging_mixin.py:188} INFO - [2026-06-29T11:53:37.535+0000] {dag.py:3096} INFO - Sync 2 DAGs
[2026-06-29T11:53:37.544+0000] {logging_mixin.py:188} INFO - [2026-06-29T11:53:37.544+0000] {dag.py:3954} INFO - Setting next_dagrun for example_external_task_marker_child to None, run_after=None
[2026-06-29T11:53:37.547+0000] {logging_mixin.py:188} INFO - [2026-06-29T11:53:37.547+0000] {dag.py:3954} INFO - Setting next_dagrun for example_external_task_marker_parent to None, run_after=None
[2026-06-29T11:53:37.561+0000] {processor.py:183} INFO - Processing /home/airflow/.local/lib/python3.12/site-packages/airflow/example_dags/example_external_task_marker_dag.py took 0.054 seconds
[2026-06-29T11:54:07.758+0000] {processor.py:161} INFO - Started process (PID=286) to work on /home/airflow/.local/lib/python3.12/site-packages/airflow/example_dags/example_external_task_marker_dag.py
[2026-06-29T11:54:07.759+0000] {processor.py:830} INFO - Processing file /home/airflow/.local/lib/python3.12/site-packages/airflow/example_dags/example_external_task_marker_dag.py for tasks to queue
[2026-06-29T11:54:07.761+0000] {logging_mixin.py:188} INFO - [2026-06-29T11:54:07.761+0000] {dagbag.py:545} INFO - Filling up the DagBag from /home/airflow/.local/lib/python3.12/site-packages/airflow/example_dags/example_external_task_marker_dag.py
[2026-06-29T11:54:07.766+0000] {processor.py:840} INFO - DAG(s) 'example_external_task_marker_parent', 'example_external_task_marker_child' retrieved from /home/airflow/.local/lib/python3.12/site-packages/airflow/example_dags/example_external_task_marker_dag.py
[2026-06-29T11:54:07.785+0000] {logging_mixin.py:188} INFO - [2026-06-29T11:54:07.784+0000] {dag.py:3096} INFO - Sync 2 DAGs
[2026-06-29T11:54:07.794+0000] {logging_mixin.py:188} INFO - [2026-06-29T11:54:07.794+0000] {dag.py:3954} INFO - Setting next_dagrun for example_external_task_marker_child to None, run_after=None
[2026-06-29T11:54:07.797+0000] {logging_mixin.py:188} INFO - [2026-06-29T11:54:07.797+0000] {dag.py:3954} INFO - Setting next_dagrun for example_external_task_marker_parent to None, run_after=None
[2026-06-29T11:54:07.809+0000] {processor.py:183} INFO - Processing /home/airflow/.local/lib/python3.12/site-packages/airflow/example_dags/example_external_task_marker_dag.py took 0.055 seconds
