[2026-06-29T11:49:30.411+0000] {processor.py:161} INFO - Started process (PID=88) to work on /home/airflow/.local/lib/python3.12/site-packages/airflow/example_dags/example_nested_branch_dag.py
[2026-06-29T11:49:30.414+0000] {processor.py:830} INFO - Processing file /home/airflow/.local/lib/python3.12/site-packages/airflow/example_dags/example_nested_branch_dag.py for tasks to queue
[2026-06-29T11:49:30.419+0000] {logging_mixin.py:188} INFO - [2026-06-29T11:49:30.419+0000] {dagbag.py:545} INFO - Filling up the DagBag from /home/airflow/.local/lib/python3.12/site-packages/airflow/example_dags/example_nested_branch_dag.py
[2026-06-29T11:49:30.428+0000] {processor.py:840} INFO - DAG(s) 'example_nested_branch_dag' retrieved from /home/airflow/.local/lib/python3.12/site-packages/airflow/example_dags/example_nested_branch_dag.py
[2026-06-29T11:49:30.440+0000] {logging_mixin.py:188} INFO - [2026-06-29T11:49:30.440+0000] {dag.py:3096} INFO - Sync 1 DAGs
[2026-06-29T11:49:30.461+0000] {logging_mixin.py:188} INFO - [2026-06-29T11:49:30.461+0000] {dag.py:3954} INFO - Setting next_dagrun for example_nested_branch_dag to 2026-06-28 00:00:00+00:00, run_after=2026-06-29 00:00:00+00:00
[2026-06-29T11:49:30.476+0000] {processor.py:183} INFO - Processing /home/airflow/.local/lib/python3.12/site-packages/airflow/example_dags/example_nested_branch_dag.py took 0.070 seconds
[2026-06-29T11:50:01.187+0000] {processor.py:161} INFO - Started process (PID=146) to work on /home/airflow/.local/lib/python3.12/site-packages/airflow/example_dags/example_nested_branch_dag.py
[2026-06-29T11:50:01.188+0000] {processor.py:830} INFO - Processing file /home/airflow/.local/lib/python3.12/site-packages/airflow/example_dags/example_nested_branch_dag.py for tasks to queue
[2026-06-29T11:50:01.189+0000] {logging_mixin.py:188} INFO - [2026-06-29T11:50:01.189+0000] {dagbag.py:545} INFO - Filling up the DagBag from /home/airflow/.local/lib/python3.12/site-packages/airflow/example_dags/example_nested_branch_dag.py
[2026-06-29T11:50:01.197+0000] {processor.py:840} INFO - DAG(s) 'example_nested_branch_dag' retrieved from /home/airflow/.local/lib/python3.12/site-packages/airflow/example_dags/example_nested_branch_dag.py
[2026-06-29T11:50:01.261+0000] {logging_mixin.py:188} INFO - [2026-06-29T11:50:01.261+0000] {dag.py:3096} INFO - Sync 1 DAGs
[2026-06-29T11:50:01.275+0000] {logging_mixin.py:188} INFO - [2026-06-29T11:50:01.275+0000] {dag.py:3954} INFO - Setting next_dagrun for example_nested_branch_dag to 2026-06-28 00:00:00+00:00, run_after=2026-06-29 00:00:00+00:00
[2026-06-29T11:50:01.287+0000] {processor.py:183} INFO - Processing /home/airflow/.local/lib/python3.12/site-packages/airflow/example_dags/example_nested_branch_dag.py took 0.104 seconds
[2026-06-29T11:50:32.117+0000] {processor.py:161} INFO - Started process (PID=210) to work on /home/airflow/.local/lib/python3.12/site-packages/airflow/example_dags/example_nested_branch_dag.py
[2026-06-29T11:50:32.118+0000] {processor.py:830} INFO - Processing file /home/airflow/.local/lib/python3.12/site-packages/airflow/example_dags/example_nested_branch_dag.py for tasks to queue
[2026-06-29T11:50:32.119+0000] {logging_mixin.py:188} INFO - [2026-06-29T11:50:32.119+0000] {dagbag.py:545} INFO - Filling up the DagBag from /home/airflow/.local/lib/python3.12/site-packages/airflow/example_dags/example_nested_branch_dag.py
[2026-06-29T11:50:32.126+0000] {processor.py:840} INFO - DAG(s) 'example_nested_branch_dag' retrieved from /home/airflow/.local/lib/python3.12/site-packages/airflow/example_dags/example_nested_branch_dag.py
[2026-06-29T11:50:32.143+0000] {logging_mixin.py:188} INFO - [2026-06-29T11:50:32.142+0000] {dag.py:3096} INFO - Sync 1 DAGs
[2026-06-29T11:50:32.158+0000] {logging_mixin.py:188} INFO - [2026-06-29T11:50:32.157+0000] {dag.py:3954} INFO - Setting next_dagrun for example_nested_branch_dag to 2026-06-28 00:00:00+00:00, run_after=2026-06-29 00:00:00+00:00
[2026-06-29T11:50:32.173+0000] {processor.py:183} INFO - Processing /home/airflow/.local/lib/python3.12/site-packages/airflow/example_dags/example_nested_branch_dag.py took 0.060 seconds
[2026-06-29T11:51:02.512+0000] {processor.py:161} INFO - Started process (PID=268) to work on /home/airflow/.local/lib/python3.12/site-packages/airflow/example_dags/example_nested_branch_dag.py
[2026-06-29T11:51:02.513+0000] {processor.py:830} INFO - Processing file /home/airflow/.local/lib/python3.12/site-packages/airflow/example_dags/example_nested_branch_dag.py for tasks to queue
[2026-06-29T11:51:02.514+0000] {logging_mixin.py:188} INFO - [2026-06-29T11:51:02.514+0000] {dagbag.py:545} INFO - Filling up the DagBag from /home/airflow/.local/lib/python3.12/site-packages/airflow/example_dags/example_nested_branch_dag.py
[2026-06-29T11:51:02.521+0000] {processor.py:840} INFO - DAG(s) 'example_nested_branch_dag' retrieved from /home/airflow/.local/lib/python3.12/site-packages/airflow/example_dags/example_nested_branch_dag.py
[2026-06-29T11:51:02.535+0000] {logging_mixin.py:188} INFO - [2026-06-29T11:51:02.535+0000] {dag.py:3096} INFO - Sync 1 DAGs
[2026-06-29T11:51:02.549+0000] {logging_mixin.py:188} INFO - [2026-06-29T11:51:02.549+0000] {dag.py:3954} INFO - Setting next_dagrun for example_nested_branch_dag to 2026-06-28 00:00:00+00:00, run_after=2026-06-29 00:00:00+00:00
[2026-06-29T11:51:02.561+0000] {processor.py:183} INFO - Processing /home/airflow/.local/lib/python3.12/site-packages/airflow/example_dags/example_nested_branch_dag.py took 0.053 seconds
[2026-06-29T11:52:08.713+0000] {processor.py:161} INFO - Started process (PID=94) to work on /home/airflow/.local/lib/python3.12/site-packages/airflow/example_dags/example_nested_branch_dag.py
[2026-06-29T11:52:08.715+0000] {processor.py:830} INFO - Processing file /home/airflow/.local/lib/python3.12/site-packages/airflow/example_dags/example_nested_branch_dag.py for tasks to queue
[2026-06-29T11:52:08.717+0000] {logging_mixin.py:188} INFO - [2026-06-29T11:52:08.716+0000] {dagbag.py:545} INFO - Filling up the DagBag from /home/airflow/.local/lib/python3.12/site-packages/airflow/example_dags/example_nested_branch_dag.py
[2026-06-29T11:52:08.727+0000] {processor.py:840} INFO - DAG(s) 'example_nested_branch_dag' retrieved from /home/airflow/.local/lib/python3.12/site-packages/airflow/example_dags/example_nested_branch_dag.py
[2026-06-29T11:52:08.738+0000] {logging_mixin.py:188} INFO - [2026-06-29T11:52:08.738+0000] {dag.py:3096} INFO - Sync 1 DAGs
[2026-06-29T11:52:08.759+0000] {logging_mixin.py:188} INFO - [2026-06-29T11:52:08.759+0000] {dag.py:3954} INFO - Setting next_dagrun for example_nested_branch_dag to 2026-06-28 00:00:00+00:00, run_after=2026-06-29 00:00:00+00:00
[2026-06-29T11:52:08.775+0000] {processor.py:183} INFO - Processing /home/airflow/.local/lib/python3.12/site-packages/airflow/example_dags/example_nested_branch_dag.py took 0.067 seconds
[2026-06-29T11:52:39.757+0000] {processor.py:161} INFO - Started process (PID=152) to work on /home/airflow/.local/lib/python3.12/site-packages/airflow/example_dags/example_nested_branch_dag.py
[2026-06-29T11:52:39.758+0000] {processor.py:830} INFO - Processing file /home/airflow/.local/lib/python3.12/site-packages/airflow/example_dags/example_nested_branch_dag.py for tasks to queue
[2026-06-29T11:52:39.759+0000] {logging_mixin.py:188} INFO - [2026-06-29T11:52:39.759+0000] {dagbag.py:545} INFO - Filling up the DagBag from /home/airflow/.local/lib/python3.12/site-packages/airflow/example_dags/example_nested_branch_dag.py
[2026-06-29T11:52:39.767+0000] {processor.py:840} INFO - DAG(s) 'example_nested_branch_dag' retrieved from /home/airflow/.local/lib/python3.12/site-packages/airflow/example_dags/example_nested_branch_dag.py
[2026-06-29T11:52:39.846+0000] {logging_mixin.py:188} INFO - [2026-06-29T11:52:39.846+0000] {dag.py:3096} INFO - Sync 1 DAGs
[2026-06-29T11:52:39.862+0000] {logging_mixin.py:188} INFO - [2026-06-29T11:52:39.862+0000] {dag.py:3954} INFO - Setting next_dagrun for example_nested_branch_dag to 2026-06-28 00:00:00+00:00, run_after=2026-06-29 00:00:00+00:00
[2026-06-29T11:52:39.878+0000] {processor.py:183} INFO - Processing /home/airflow/.local/lib/python3.12/site-packages/airflow/example_dags/example_nested_branch_dag.py took 0.125 seconds
[2026-06-29T11:53:10.883+0000] {processor.py:161} INFO - Started process (PID=210) to work on /home/airflow/.local/lib/python3.12/site-packages/airflow/example_dags/example_nested_branch_dag.py
[2026-06-29T11:53:10.885+0000] {processor.py:830} INFO - Processing file /home/airflow/.local/lib/python3.12/site-packages/airflow/example_dags/example_nested_branch_dag.py for tasks to queue
[2026-06-29T11:53:10.886+0000] {logging_mixin.py:188} INFO - [2026-06-29T11:53:10.886+0000] {dagbag.py:545} INFO - Filling up the DagBag from /home/airflow/.local/lib/python3.12/site-packages/airflow/example_dags/example_nested_branch_dag.py
[2026-06-29T11:53:10.894+0000] {processor.py:840} INFO - DAG(s) 'example_nested_branch_dag' retrieved from /home/airflow/.local/lib/python3.12/site-packages/airflow/example_dags/example_nested_branch_dag.py
[2026-06-29T11:53:10.912+0000] {logging_mixin.py:188} INFO - [2026-06-29T11:53:10.912+0000] {dag.py:3096} INFO - Sync 1 DAGs
[2026-06-29T11:53:10.933+0000] {logging_mixin.py:188} INFO - [2026-06-29T11:53:10.933+0000] {dag.py:3954} INFO - Setting next_dagrun for example_nested_branch_dag to 2026-06-28 00:00:00+00:00, run_after=2026-06-29 00:00:00+00:00
[2026-06-29T11:53:10.951+0000] {processor.py:183} INFO - Processing /home/airflow/.local/lib/python3.12/site-packages/airflow/example_dags/example_nested_branch_dag.py took 0.072 seconds
[2026-06-29T11:53:41.673+0000] {processor.py:161} INFO - Started process (PID=268) to work on /home/airflow/.local/lib/python3.12/site-packages/airflow/example_dags/example_nested_branch_dag.py
[2026-06-29T11:53:41.675+0000] {processor.py:830} INFO - Processing file /home/airflow/.local/lib/python3.12/site-packages/airflow/example_dags/example_nested_branch_dag.py for tasks to queue
[2026-06-29T11:53:41.676+0000] {logging_mixin.py:188} INFO - [2026-06-29T11:53:41.676+0000] {dagbag.py:545} INFO - Filling up the DagBag from /home/airflow/.local/lib/python3.12/site-packages/airflow/example_dags/example_nested_branch_dag.py
[2026-06-29T11:53:41.684+0000] {processor.py:840} INFO - DAG(s) 'example_nested_branch_dag' retrieved from /home/airflow/.local/lib/python3.12/site-packages/airflow/example_dags/example_nested_branch_dag.py
[2026-06-29T11:53:41.701+0000] {logging_mixin.py:188} INFO - [2026-06-29T11:53:41.701+0000] {dag.py:3096} INFO - Sync 1 DAGs
[2026-06-29T11:53:41.717+0000] {logging_mixin.py:188} INFO - [2026-06-29T11:53:41.717+0000] {dag.py:3954} INFO - Setting next_dagrun for example_nested_branch_dag to 2026-06-28 00:00:00+00:00, run_after=2026-06-29 00:00:00+00:00
[2026-06-29T11:53:41.730+0000] {processor.py:183} INFO - Processing /home/airflow/.local/lib/python3.12/site-packages/airflow/example_dags/example_nested_branch_dag.py took 0.061 seconds
